[2025-07-16T07:10:17.245+0000] {processor.py:186} INFO - Started process (PID=68) to work on /home/airflow/.local/lib/python3.12/site-packages/airflow/example_dags/example_sla_dag.py
[2025-07-16T07:10:17.246+0000] {processor.py:914} INFO - Processing file /home/airflow/.local/lib/python3.12/site-packages/airflow/example_dags/example_sla_dag.py for tasks to queue
[2025-07-16T07:10:17.250+0000] {logging_mixin.py:190} INFO - [2025-07-16T07:10:17.250+0000] {dagbag.py:587} INFO - Filling up the DagBag from /home/airflow/.local/lib/python3.12/site-packages/airflow/example_dags/example_sla_dag.py
[2025-07-16T07:10:17.267+0000] {processor.py:925} INFO - DAG(s) 'example_sla_dag' retrieved from /home/airflow/.local/lib/python3.12/site-packages/airflow/example_dags/example_sla_dag.py
[2025-07-16T07:10:17.302+0000] {logging_mixin.py:190} INFO - [2025-07-16T07:10:17.301+0000] {dag.py:3229} INFO - Sync 1 DAGs
[2025-07-16T07:10:17.354+0000] {logging_mixin.py:190} INFO - [2025-07-16T07:10:17.353+0000] {dag.py:4156} INFO - Setting next_dagrun for example_sla_dag to 2025-07-16 07:08:00+00:00, run_after=2025-07-16 07:10:00+00:00
[2025-07-16T07:10:17.385+0000] {processor.py:208} INFO - Processing /home/airflow/.local/lib/python3.12/site-packages/airflow/example_dags/example_sla_dag.py took 0.151 seconds
[2025-07-16T07:10:47.610+0000] {processor.py:186} INFO - Started process (PID=125) to work on /home/airflow/.local/lib/python3.12/site-packages/airflow/example_dags/example_sla_dag.py
[2025-07-16T07:10:47.613+0000] {processor.py:914} INFO - Processing file /home/airflow/.local/lib/python3.12/site-packages/airflow/example_dags/example_sla_dag.py for tasks to queue
[2025-07-16T07:10:47.618+0000] {logging_mixin.py:190} INFO - [2025-07-16T07:10:47.618+0000] {dagbag.py:587} INFO - Filling up the DagBag from /home/airflow/.local/lib/python3.12/site-packages/airflow/example_dags/example_sla_dag.py
[2025-07-16T07:10:47.632+0000] {processor.py:925} INFO - DAG(s) 'example_sla_dag' retrieved from /home/airflow/.local/lib/python3.12/site-packages/airflow/example_dags/example_sla_dag.py
[2025-07-16T07:10:47.654+0000] {logging_mixin.py:190} INFO - [2025-07-16T07:10:47.654+0000] {dag.py:3229} INFO - Sync 1 DAGs
[2025-07-16T07:10:47.690+0000] {logging_mixin.py:190} INFO - [2025-07-16T07:10:47.690+0000] {dag.py:4156} INFO - Setting next_dagrun for example_sla_dag to 2025-07-16 07:08:00+00:00, run_after=2025-07-16 07:10:00+00:00
[2025-07-16T07:10:47.724+0000] {processor.py:208} INFO - Processing /home/airflow/.local/lib/python3.12/site-packages/airflow/example_dags/example_sla_dag.py took 0.124 seconds
[2025-07-16T07:11:18.404+0000] {processor.py:186} INFO - Started process (PID=182) to work on /home/airflow/.local/lib/python3.12/site-packages/airflow/example_dags/example_sla_dag.py
[2025-07-16T07:11:18.405+0000] {processor.py:914} INFO - Processing file /home/airflow/.local/lib/python3.12/site-packages/airflow/example_dags/example_sla_dag.py for tasks to queue
[2025-07-16T07:11:18.407+0000] {logging_mixin.py:190} INFO - [2025-07-16T07:11:18.407+0000] {dagbag.py:587} INFO - Filling up the DagBag from /home/airflow/.local/lib/python3.12/site-packages/airflow/example_dags/example_sla_dag.py
[2025-07-16T07:11:18.419+0000] {processor.py:925} INFO - DAG(s) 'example_sla_dag' retrieved from /home/airflow/.local/lib/python3.12/site-packages/airflow/example_dags/example_sla_dag.py
[2025-07-16T07:11:18.441+0000] {logging_mixin.py:190} INFO - [2025-07-16T07:11:18.441+0000] {dag.py:3229} INFO - Sync 1 DAGs
[2025-07-16T07:11:18.472+0000] {logging_mixin.py:190} INFO - [2025-07-16T07:11:18.472+0000] {dag.py:4156} INFO - Setting next_dagrun for example_sla_dag to 2025-07-16 07:08:00+00:00, run_after=2025-07-16 07:10:00+00:00
[2025-07-16T07:11:18.497+0000] {processor.py:208} INFO - Processing /home/airflow/.local/lib/python3.12/site-packages/airflow/example_dags/example_sla_dag.py took 0.100 seconds
[2025-07-16T07:11:49.060+0000] {processor.py:186} INFO - Started process (PID=239) to work on /home/airflow/.local/lib/python3.12/site-packages/airflow/example_dags/example_sla_dag.py
[2025-07-16T07:11:49.061+0000] {processor.py:914} INFO - Processing file /home/airflow/.local/lib/python3.12/site-packages/airflow/example_dags/example_sla_dag.py for tasks to queue
[2025-07-16T07:11:49.064+0000] {logging_mixin.py:190} INFO - [2025-07-16T07:11:49.063+0000] {dagbag.py:587} INFO - Filling up the DagBag from /home/airflow/.local/lib/python3.12/site-packages/airflow/example_dags/example_sla_dag.py
[2025-07-16T07:11:49.074+0000] {processor.py:925} INFO - DAG(s) 'example_sla_dag' retrieved from /home/airflow/.local/lib/python3.12/site-packages/airflow/example_dags/example_sla_dag.py
[2025-07-16T07:11:49.096+0000] {logging_mixin.py:190} INFO - [2025-07-16T07:11:49.095+0000] {dag.py:3229} INFO - Sync 1 DAGs
[2025-07-16T07:11:49.125+0000] {logging_mixin.py:190} INFO - [2025-07-16T07:11:49.124+0000] {dag.py:4156} INFO - Setting next_dagrun for example_sla_dag to 2025-07-16 07:08:00+00:00, run_after=2025-07-16 07:10:00+00:00
[2025-07-16T07:11:49.145+0000] {processor.py:208} INFO - Processing /home/airflow/.local/lib/python3.12/site-packages/airflow/example_dags/example_sla_dag.py took 0.092 seconds
[2025-07-16T07:12:19.428+0000] {processor.py:186} INFO - Started process (PID=296) to work on /home/airflow/.local/lib/python3.12/site-packages/airflow/example_dags/example_sla_dag.py
[2025-07-16T07:12:19.429+0000] {processor.py:914} INFO - Processing file /home/airflow/.local/lib/python3.12/site-packages/airflow/example_dags/example_sla_dag.py for tasks to queue
[2025-07-16T07:12:19.432+0000] {logging_mixin.py:190} INFO - [2025-07-16T07:12:19.431+0000] {dagbag.py:587} INFO - Filling up the DagBag from /home/airflow/.local/lib/python3.12/site-packages/airflow/example_dags/example_sla_dag.py
[2025-07-16T07:12:19.444+0000] {processor.py:925} INFO - DAG(s) 'example_sla_dag' retrieved from /home/airflow/.local/lib/python3.12/site-packages/airflow/example_dags/example_sla_dag.py
[2025-07-16T07:12:19.465+0000] {logging_mixin.py:190} INFO - [2025-07-16T07:12:19.465+0000] {dag.py:3229} INFO - Sync 1 DAGs
[2025-07-16T07:12:19.495+0000] {logging_mixin.py:190} INFO - [2025-07-16T07:12:19.495+0000] {dag.py:4156} INFO - Setting next_dagrun for example_sla_dag to 2025-07-16 07:10:00+00:00, run_after=2025-07-16 07:12:00+00:00
[2025-07-16T07:12:19.519+0000] {processor.py:208} INFO - Processing /home/airflow/.local/lib/python3.12/site-packages/airflow/example_dags/example_sla_dag.py took 0.099 seconds
[2025-07-16T07:12:50.660+0000] {processor.py:186} INFO - Started process (PID=353) to work on /home/airflow/.local/lib/python3.12/site-packages/airflow/example_dags/example_sla_dag.py
[2025-07-16T07:12:50.662+0000] {processor.py:914} INFO - Processing file /home/airflow/.local/lib/python3.12/site-packages/airflow/example_dags/example_sla_dag.py for tasks to queue
[2025-07-16T07:12:50.668+0000] {logging_mixin.py:190} INFO - [2025-07-16T07:12:50.667+0000] {dagbag.py:587} INFO - Filling up the DagBag from /home/airflow/.local/lib/python3.12/site-packages/airflow/example_dags/example_sla_dag.py
[2025-07-16T07:12:50.691+0000] {processor.py:925} INFO - DAG(s) 'example_sla_dag' retrieved from /home/airflow/.local/lib/python3.12/site-packages/airflow/example_dags/example_sla_dag.py
[2025-07-16T07:12:50.721+0000] {logging_mixin.py:190} INFO - [2025-07-16T07:12:50.720+0000] {dag.py:3229} INFO - Sync 1 DAGs
[2025-07-16T07:12:50.761+0000] {logging_mixin.py:190} INFO - [2025-07-16T07:12:50.761+0000] {dag.py:4156} INFO - Setting next_dagrun for example_sla_dag to 2025-07-16 07:10:00+00:00, run_after=2025-07-16 07:12:00+00:00
[2025-07-16T07:12:50.789+0000] {processor.py:208} INFO - Processing /home/airflow/.local/lib/python3.12/site-packages/airflow/example_dags/example_sla_dag.py took 0.140 seconds
[2025-07-16T07:13:21.637+0000] {processor.py:186} INFO - Started process (PID=410) to work on /home/airflow/.local/lib/python3.12/site-packages/airflow/example_dags/example_sla_dag.py
[2025-07-16T07:13:21.638+0000] {processor.py:914} INFO - Processing file /home/airflow/.local/lib/python3.12/site-packages/airflow/example_dags/example_sla_dag.py for tasks to queue
[2025-07-16T07:13:21.641+0000] {logging_mixin.py:190} INFO - [2025-07-16T07:13:21.641+0000] {dagbag.py:587} INFO - Filling up the DagBag from /home/airflow/.local/lib/python3.12/site-packages/airflow/example_dags/example_sla_dag.py
[2025-07-16T07:13:21.653+0000] {processor.py:925} INFO - DAG(s) 'example_sla_dag' retrieved from /home/airflow/.local/lib/python3.12/site-packages/airflow/example_dags/example_sla_dag.py
[2025-07-16T07:13:21.676+0000] {logging_mixin.py:190} INFO - [2025-07-16T07:13:21.675+0000] {dag.py:3229} INFO - Sync 1 DAGs
[2025-07-16T07:13:21.707+0000] {logging_mixin.py:190} INFO - [2025-07-16T07:13:21.706+0000] {dag.py:4156} INFO - Setting next_dagrun for example_sla_dag to 2025-07-16 07:10:00+00:00, run_after=2025-07-16 07:12:00+00:00
[2025-07-16T07:13:21.735+0000] {processor.py:208} INFO - Processing /home/airflow/.local/lib/python3.12/site-packages/airflow/example_dags/example_sla_dag.py took 0.106 seconds
[2025-07-16T07:13:51.932+0000] {processor.py:186} INFO - Started process (PID=467) to work on /home/airflow/.local/lib/python3.12/site-packages/airflow/example_dags/example_sla_dag.py
[2025-07-16T07:13:51.933+0000] {processor.py:914} INFO - Processing file /home/airflow/.local/lib/python3.12/site-packages/airflow/example_dags/example_sla_dag.py for tasks to queue
[2025-07-16T07:13:51.935+0000] {logging_mixin.py:190} INFO - [2025-07-16T07:13:51.935+0000] {dagbag.py:587} INFO - Filling up the DagBag from /home/airflow/.local/lib/python3.12/site-packages/airflow/example_dags/example_sla_dag.py
[2025-07-16T07:13:51.946+0000] {processor.py:925} INFO - DAG(s) 'example_sla_dag' retrieved from /home/airflow/.local/lib/python3.12/site-packages/airflow/example_dags/example_sla_dag.py
[2025-07-16T07:13:51.966+0000] {logging_mixin.py:190} INFO - [2025-07-16T07:13:51.965+0000] {dag.py:3229} INFO - Sync 1 DAGs
[2025-07-16T07:13:51.994+0000] {logging_mixin.py:190} INFO - [2025-07-16T07:13:51.994+0000] {dag.py:4156} INFO - Setting next_dagrun for example_sla_dag to 2025-07-16 07:10:00+00:00, run_after=2025-07-16 07:12:00+00:00
[2025-07-16T07:13:52.021+0000] {processor.py:208} INFO - Processing /home/airflow/.local/lib/python3.12/site-packages/airflow/example_dags/example_sla_dag.py took 0.096 seconds
[2025-07-16T07:14:22.210+0000] {processor.py:186} INFO - Started process (PID=524) to work on /home/airflow/.local/lib/python3.12/site-packages/airflow/example_dags/example_sla_dag.py
[2025-07-16T07:14:22.212+0000] {processor.py:914} INFO - Processing file /home/airflow/.local/lib/python3.12/site-packages/airflow/example_dags/example_sla_dag.py for tasks to queue
[2025-07-16T07:14:22.214+0000] {logging_mixin.py:190} INFO - [2025-07-16T07:14:22.214+0000] {dagbag.py:587} INFO - Filling up the DagBag from /home/airflow/.local/lib/python3.12/site-packages/airflow/example_dags/example_sla_dag.py
[2025-07-16T07:14:22.225+0000] {processor.py:925} INFO - DAG(s) 'example_sla_dag' retrieved from /home/airflow/.local/lib/python3.12/site-packages/airflow/example_dags/example_sla_dag.py
[2025-07-16T07:14:22.251+0000] {logging_mixin.py:190} INFO - [2025-07-16T07:14:22.251+0000] {dag.py:3229} INFO - Sync 1 DAGs
[2025-07-16T07:14:22.284+0000] {logging_mixin.py:190} INFO - [2025-07-16T07:14:22.284+0000] {dag.py:4156} INFO - Setting next_dagrun for example_sla_dag to 2025-07-16 07:12:00+00:00, run_after=2025-07-16 07:14:00+00:00
[2025-07-16T07:14:22.304+0000] {processor.py:208} INFO - Processing /home/airflow/.local/lib/python3.12/site-packages/airflow/example_dags/example_sla_dag.py took 0.102 seconds
[2025-07-16T07:14:52.766+0000] {processor.py:186} INFO - Started process (PID=581) to work on /home/airflow/.local/lib/python3.12/site-packages/airflow/example_dags/example_sla_dag.py
[2025-07-16T07:14:52.767+0000] {processor.py:914} INFO - Processing file /home/airflow/.local/lib/python3.12/site-packages/airflow/example_dags/example_sla_dag.py for tasks to queue
[2025-07-16T07:14:52.770+0000] {logging_mixin.py:190} INFO - [2025-07-16T07:14:52.769+0000] {dagbag.py:587} INFO - Filling up the DagBag from /home/airflow/.local/lib/python3.12/site-packages/airflow/example_dags/example_sla_dag.py
[2025-07-16T07:14:52.781+0000] {processor.py:925} INFO - DAG(s) 'example_sla_dag' retrieved from /home/airflow/.local/lib/python3.12/site-packages/airflow/example_dags/example_sla_dag.py
[2025-07-16T07:14:52.804+0000] {logging_mixin.py:190} INFO - [2025-07-16T07:14:52.804+0000] {dag.py:3229} INFO - Sync 1 DAGs
[2025-07-16T07:14:52.831+0000] {logging_mixin.py:190} INFO - [2025-07-16T07:14:52.831+0000] {dag.py:4156} INFO - Setting next_dagrun for example_sla_dag to 2025-07-16 07:12:00+00:00, run_after=2025-07-16 07:14:00+00:00
[2025-07-16T07:14:52.852+0000] {processor.py:208} INFO - Processing /home/airflow/.local/lib/python3.12/site-packages/airflow/example_dags/example_sla_dag.py took 0.093 seconds
[2025-07-16T07:15:23.603+0000] {processor.py:186} INFO - Started process (PID=638) to work on /home/airflow/.local/lib/python3.12/site-packages/airflow/example_dags/example_sla_dag.py
[2025-07-16T07:15:23.604+0000] {processor.py:914} INFO - Processing file /home/airflow/.local/lib/python3.12/site-packages/airflow/example_dags/example_sla_dag.py for tasks to queue
[2025-07-16T07:15:23.607+0000] {logging_mixin.py:190} INFO - [2025-07-16T07:15:23.606+0000] {dagbag.py:587} INFO - Filling up the DagBag from /home/airflow/.local/lib/python3.12/site-packages/airflow/example_dags/example_sla_dag.py
[2025-07-16T07:15:23.617+0000] {processor.py:925} INFO - DAG(s) 'example_sla_dag' retrieved from /home/airflow/.local/lib/python3.12/site-packages/airflow/example_dags/example_sla_dag.py
[2025-07-16T07:15:23.637+0000] {logging_mixin.py:190} INFO - [2025-07-16T07:15:23.637+0000] {dag.py:3229} INFO - Sync 1 DAGs
[2025-07-16T07:15:23.665+0000] {logging_mixin.py:190} INFO - [2025-07-16T07:15:23.664+0000] {dag.py:4156} INFO - Setting next_dagrun for example_sla_dag to 2025-07-16 07:12:00+00:00, run_after=2025-07-16 07:14:00+00:00
[2025-07-16T07:15:23.686+0000] {processor.py:208} INFO - Processing /home/airflow/.local/lib/python3.12/site-packages/airflow/example_dags/example_sla_dag.py took 0.090 seconds
[2025-07-16T07:15:54.196+0000] {processor.py:186} INFO - Started process (PID=695) to work on /home/airflow/.local/lib/python3.12/site-packages/airflow/example_dags/example_sla_dag.py
[2025-07-16T07:15:54.199+0000] {processor.py:914} INFO - Processing file /home/airflow/.local/lib/python3.12/site-packages/airflow/example_dags/example_sla_dag.py for tasks to queue
[2025-07-16T07:15:54.203+0000] {logging_mixin.py:190} INFO - [2025-07-16T07:15:54.202+0000] {dagbag.py:587} INFO - Filling up the DagBag from /home/airflow/.local/lib/python3.12/site-packages/airflow/example_dags/example_sla_dag.py
[2025-07-16T07:15:54.217+0000] {processor.py:925} INFO - DAG(s) 'example_sla_dag' retrieved from /home/airflow/.local/lib/python3.12/site-packages/airflow/example_dags/example_sla_dag.py
[2025-07-16T07:15:54.243+0000] {logging_mixin.py:190} INFO - [2025-07-16T07:15:54.243+0000] {dag.py:3229} INFO - Sync 1 DAGs
[2025-07-16T07:15:54.284+0000] {logging_mixin.py:190} INFO - [2025-07-16T07:15:54.284+0000] {dag.py:4156} INFO - Setting next_dagrun for example_sla_dag to 2025-07-16 07:12:00+00:00, run_after=2025-07-16 07:14:00+00:00
[2025-07-16T07:15:54.314+0000] {processor.py:208} INFO - Processing /home/airflow/.local/lib/python3.12/site-packages/airflow/example_dags/example_sla_dag.py took 0.127 seconds
[2025-07-16T07:16:24.746+0000] {processor.py:186} INFO - Started process (PID=752) to work on /home/airflow/.local/lib/python3.12/site-packages/airflow/example_dags/example_sla_dag.py
[2025-07-16T07:16:24.747+0000] {processor.py:914} INFO - Processing file /home/airflow/.local/lib/python3.12/site-packages/airflow/example_dags/example_sla_dag.py for tasks to queue
[2025-07-16T07:16:24.750+0000] {logging_mixin.py:190} INFO - [2025-07-16T07:16:24.750+0000] {dagbag.py:587} INFO - Filling up the DagBag from /home/airflow/.local/lib/python3.12/site-packages/airflow/example_dags/example_sla_dag.py
[2025-07-16T07:16:24.761+0000] {processor.py:925} INFO - DAG(s) 'example_sla_dag' retrieved from /home/airflow/.local/lib/python3.12/site-packages/airflow/example_dags/example_sla_dag.py
[2025-07-16T07:16:24.782+0000] {logging_mixin.py:190} INFO - [2025-07-16T07:16:24.782+0000] {dag.py:3229} INFO - Sync 1 DAGs
[2025-07-16T07:16:24.809+0000] {logging_mixin.py:190} INFO - [2025-07-16T07:16:24.809+0000] {dag.py:4156} INFO - Setting next_dagrun for example_sla_dag to 2025-07-16 07:14:00+00:00, run_after=2025-07-16 07:16:00+00:00
[2025-07-16T07:16:24.831+0000] {processor.py:208} INFO - Processing /home/airflow/.local/lib/python3.12/site-packages/airflow/example_dags/example_sla_dag.py took 0.092 seconds
[2025-07-16T07:16:55.239+0000] {processor.py:186} INFO - Started process (PID=809) to work on /home/airflow/.local/lib/python3.12/site-packages/airflow/example_dags/example_sla_dag.py
[2025-07-16T07:16:55.241+0000] {processor.py:914} INFO - Processing file /home/airflow/.local/lib/python3.12/site-packages/airflow/example_dags/example_sla_dag.py for tasks to queue
[2025-07-16T07:16:55.248+0000] {logging_mixin.py:190} INFO - [2025-07-16T07:16:55.247+0000] {dagbag.py:587} INFO - Filling up the DagBag from /home/airflow/.local/lib/python3.12/site-packages/airflow/example_dags/example_sla_dag.py
[2025-07-16T07:16:55.268+0000] {processor.py:925} INFO - DAG(s) 'example_sla_dag' retrieved from /home/airflow/.local/lib/python3.12/site-packages/airflow/example_dags/example_sla_dag.py
[2025-07-16T07:16:55.300+0000] {logging_mixin.py:190} INFO - [2025-07-16T07:16:55.300+0000] {dag.py:3229} INFO - Sync 1 DAGs
[2025-07-16T07:16:55.350+0000] {logging_mixin.py:190} INFO - [2025-07-16T07:16:55.350+0000] {dag.py:4156} INFO - Setting next_dagrun for example_sla_dag to 2025-07-16 07:14:00+00:00, run_after=2025-07-16 07:16:00+00:00
[2025-07-16T07:16:55.394+0000] {processor.py:208} INFO - Processing /home/airflow/.local/lib/python3.12/site-packages/airflow/example_dags/example_sla_dag.py took 0.168 seconds
[2025-07-16T07:17:26.076+0000] {processor.py:186} INFO - Started process (PID=866) to work on /home/airflow/.local/lib/python3.12/site-packages/airflow/example_dags/example_sla_dag.py
[2025-07-16T07:17:26.077+0000] {processor.py:914} INFO - Processing file /home/airflow/.local/lib/python3.12/site-packages/airflow/example_dags/example_sla_dag.py for tasks to queue
[2025-07-16T07:17:26.080+0000] {logging_mixin.py:190} INFO - [2025-07-16T07:17:26.079+0000] {dagbag.py:587} INFO - Filling up the DagBag from /home/airflow/.local/lib/python3.12/site-packages/airflow/example_dags/example_sla_dag.py
[2025-07-16T07:17:26.090+0000] {processor.py:925} INFO - DAG(s) 'example_sla_dag' retrieved from /home/airflow/.local/lib/python3.12/site-packages/airflow/example_dags/example_sla_dag.py
[2025-07-16T07:17:26.112+0000] {logging_mixin.py:190} INFO - [2025-07-16T07:17:26.112+0000] {dag.py:3229} INFO - Sync 1 DAGs
[2025-07-16T07:17:26.141+0000] {logging_mixin.py:190} INFO - [2025-07-16T07:17:26.141+0000] {dag.py:4156} INFO - Setting next_dagrun for example_sla_dag to 2025-07-16 07:14:00+00:00, run_after=2025-07-16 07:16:00+00:00
[2025-07-16T07:17:26.163+0000] {processor.py:208} INFO - Processing /home/airflow/.local/lib/python3.12/site-packages/airflow/example_dags/example_sla_dag.py took 0.094 seconds
[2025-07-16T07:17:56.731+0000] {processor.py:186} INFO - Started process (PID=923) to work on /home/airflow/.local/lib/python3.12/site-packages/airflow/example_dags/example_sla_dag.py
[2025-07-16T07:17:56.732+0000] {processor.py:914} INFO - Processing file /home/airflow/.local/lib/python3.12/site-packages/airflow/example_dags/example_sla_dag.py for tasks to queue
[2025-07-16T07:17:56.735+0000] {logging_mixin.py:190} INFO - [2025-07-16T07:17:56.735+0000] {dagbag.py:587} INFO - Filling up the DagBag from /home/airflow/.local/lib/python3.12/site-packages/airflow/example_dags/example_sla_dag.py
[2025-07-16T07:17:56.746+0000] {processor.py:925} INFO - DAG(s) 'example_sla_dag' retrieved from /home/airflow/.local/lib/python3.12/site-packages/airflow/example_dags/example_sla_dag.py
[2025-07-16T07:17:56.769+0000] {logging_mixin.py:190} INFO - [2025-07-16T07:17:56.769+0000] {dag.py:3229} INFO - Sync 1 DAGs
[2025-07-16T07:17:56.799+0000] {logging_mixin.py:190} INFO - [2025-07-16T07:17:56.799+0000] {dag.py:4156} INFO - Setting next_dagrun for example_sla_dag to 2025-07-16 07:14:00+00:00, run_after=2025-07-16 07:16:00+00:00
[2025-07-16T07:17:56.824+0000] {processor.py:208} INFO - Processing /home/airflow/.local/lib/python3.12/site-packages/airflow/example_dags/example_sla_dag.py took 0.099 seconds
[2025-07-16T07:18:27.425+0000] {processor.py:186} INFO - Started process (PID=980) to work on /home/airflow/.local/lib/python3.12/site-packages/airflow/example_dags/example_sla_dag.py
[2025-07-16T07:18:27.426+0000] {processor.py:914} INFO - Processing file /home/airflow/.local/lib/python3.12/site-packages/airflow/example_dags/example_sla_dag.py for tasks to queue
[2025-07-16T07:18:27.429+0000] {logging_mixin.py:190} INFO - [2025-07-16T07:18:27.428+0000] {dagbag.py:587} INFO - Filling up the DagBag from /home/airflow/.local/lib/python3.12/site-packages/airflow/example_dags/example_sla_dag.py
[2025-07-16T07:18:27.439+0000] {processor.py:925} INFO - DAG(s) 'example_sla_dag' retrieved from /home/airflow/.local/lib/python3.12/site-packages/airflow/example_dags/example_sla_dag.py
[2025-07-16T07:18:27.461+0000] {logging_mixin.py:190} INFO - [2025-07-16T07:18:27.461+0000] {dag.py:3229} INFO - Sync 1 DAGs
[2025-07-16T07:18:27.492+0000] {logging_mixin.py:190} INFO - [2025-07-16T07:18:27.492+0000] {dag.py:4156} INFO - Setting next_dagrun for example_sla_dag to 2025-07-16 07:16:00+00:00, run_after=2025-07-16 07:18:00+00:00
[2025-07-16T07:18:27.515+0000] {processor.py:208} INFO - Processing /home/airflow/.local/lib/python3.12/site-packages/airflow/example_dags/example_sla_dag.py took 0.097 seconds
[2025-07-16T07:18:58.070+0000] {processor.py:186} INFO - Started process (PID=1037) to work on /home/airflow/.local/lib/python3.12/site-packages/airflow/example_dags/example_sla_dag.py
[2025-07-16T07:18:58.071+0000] {processor.py:914} INFO - Processing file /home/airflow/.local/lib/python3.12/site-packages/airflow/example_dags/example_sla_dag.py for tasks to queue
[2025-07-16T07:18:58.074+0000] {logging_mixin.py:190} INFO - [2025-07-16T07:18:58.074+0000] {dagbag.py:587} INFO - Filling up the DagBag from /home/airflow/.local/lib/python3.12/site-packages/airflow/example_dags/example_sla_dag.py
[2025-07-16T07:18:58.088+0000] {processor.py:925} INFO - DAG(s) 'example_sla_dag' retrieved from /home/airflow/.local/lib/python3.12/site-packages/airflow/example_dags/example_sla_dag.py
[2025-07-16T07:18:58.112+0000] {logging_mixin.py:190} INFO - [2025-07-16T07:18:58.112+0000] {dag.py:3229} INFO - Sync 1 DAGs
[2025-07-16T07:18:58.140+0000] {logging_mixin.py:190} INFO - [2025-07-16T07:18:58.139+0000] {dag.py:4156} INFO - Setting next_dagrun for example_sla_dag to 2025-07-16 07:16:00+00:00, run_after=2025-07-16 07:18:00+00:00
[2025-07-16T07:18:58.178+0000] {processor.py:208} INFO - Processing /home/airflow/.local/lib/python3.12/site-packages/airflow/example_dags/example_sla_dag.py took 0.118 seconds
[2025-07-16T07:19:28.630+0000] {processor.py:186} INFO - Started process (PID=1094) to work on /home/airflow/.local/lib/python3.12/site-packages/airflow/example_dags/example_sla_dag.py
[2025-07-16T07:19:28.632+0000] {processor.py:914} INFO - Processing file /home/airflow/.local/lib/python3.12/site-packages/airflow/example_dags/example_sla_dag.py for tasks to queue
[2025-07-16T07:19:28.635+0000] {logging_mixin.py:190} INFO - [2025-07-16T07:19:28.635+0000] {dagbag.py:587} INFO - Filling up the DagBag from /home/airflow/.local/lib/python3.12/site-packages/airflow/example_dags/example_sla_dag.py
[2025-07-16T07:19:28.646+0000] {processor.py:925} INFO - DAG(s) 'example_sla_dag' retrieved from /home/airflow/.local/lib/python3.12/site-packages/airflow/example_dags/example_sla_dag.py
[2025-07-16T07:19:28.668+0000] {logging_mixin.py:190} INFO - [2025-07-16T07:19:28.668+0000] {dag.py:3229} INFO - Sync 1 DAGs
[2025-07-16T07:19:28.700+0000] {logging_mixin.py:190} INFO - [2025-07-16T07:19:28.700+0000] {dag.py:4156} INFO - Setting next_dagrun for example_sla_dag to 2025-07-16 07:16:00+00:00, run_after=2025-07-16 07:18:00+00:00
[2025-07-16T07:19:28.725+0000] {processor.py:208} INFO - Processing /home/airflow/.local/lib/python3.12/site-packages/airflow/example_dags/example_sla_dag.py took 0.102 seconds
[2025-07-16T07:19:59.024+0000] {processor.py:186} INFO - Started process (PID=1151) to work on /home/airflow/.local/lib/python3.12/site-packages/airflow/example_dags/example_sla_dag.py
[2025-07-16T07:19:59.025+0000] {processor.py:914} INFO - Processing file /home/airflow/.local/lib/python3.12/site-packages/airflow/example_dags/example_sla_dag.py for tasks to queue
[2025-07-16T07:19:59.028+0000] {logging_mixin.py:190} INFO - [2025-07-16T07:19:59.027+0000] {dagbag.py:587} INFO - Filling up the DagBag from /home/airflow/.local/lib/python3.12/site-packages/airflow/example_dags/example_sla_dag.py
[2025-07-16T07:19:59.038+0000] {processor.py:925} INFO - DAG(s) 'example_sla_dag' retrieved from /home/airflow/.local/lib/python3.12/site-packages/airflow/example_dags/example_sla_dag.py
[2025-07-16T07:19:59.058+0000] {logging_mixin.py:190} INFO - [2025-07-16T07:19:59.058+0000] {dag.py:3229} INFO - Sync 1 DAGs
[2025-07-16T07:19:59.082+0000] {logging_mixin.py:190} INFO - [2025-07-16T07:19:59.082+0000] {dag.py:4156} INFO - Setting next_dagrun for example_sla_dag to 2025-07-16 07:16:00+00:00, run_after=2025-07-16 07:18:00+00:00
[2025-07-16T07:19:59.103+0000] {processor.py:208} INFO - Processing /home/airflow/.local/lib/python3.12/site-packages/airflow/example_dags/example_sla_dag.py took 0.085 seconds
[2025-07-16T07:20:29.471+0000] {processor.py:186} INFO - Started process (PID=1208) to work on /home/airflow/.local/lib/python3.12/site-packages/airflow/example_dags/example_sla_dag.py
[2025-07-16T07:20:29.472+0000] {processor.py:914} INFO - Processing file /home/airflow/.local/lib/python3.12/site-packages/airflow/example_dags/example_sla_dag.py for tasks to queue
[2025-07-16T07:20:29.474+0000] {logging_mixin.py:190} INFO - [2025-07-16T07:20:29.474+0000] {dagbag.py:587} INFO - Filling up the DagBag from /home/airflow/.local/lib/python3.12/site-packages/airflow/example_dags/example_sla_dag.py
[2025-07-16T07:20:29.486+0000] {processor.py:925} INFO - DAG(s) 'example_sla_dag' retrieved from /home/airflow/.local/lib/python3.12/site-packages/airflow/example_dags/example_sla_dag.py
[2025-07-16T07:20:29.508+0000] {logging_mixin.py:190} INFO - [2025-07-16T07:20:29.508+0000] {dag.py:3229} INFO - Sync 1 DAGs
[2025-07-16T07:20:29.536+0000] {logging_mixin.py:190} INFO - [2025-07-16T07:20:29.536+0000] {dag.py:4156} INFO - Setting next_dagrun for example_sla_dag to 2025-07-16 07:18:00+00:00, run_after=2025-07-16 07:20:00+00:00
[2025-07-16T07:20:29.557+0000] {processor.py:208} INFO - Processing /home/airflow/.local/lib/python3.12/site-packages/airflow/example_dags/example_sla_dag.py took 0.093 seconds
[2025-07-16T07:21:00.332+0000] {processor.py:186} INFO - Started process (PID=1265) to work on /home/airflow/.local/lib/python3.12/site-packages/airflow/example_dags/example_sla_dag.py
[2025-07-16T07:21:00.333+0000] {processor.py:914} INFO - Processing file /home/airflow/.local/lib/python3.12/site-packages/airflow/example_dags/example_sla_dag.py for tasks to queue
[2025-07-16T07:21:00.336+0000] {logging_mixin.py:190} INFO - [2025-07-16T07:21:00.336+0000] {dagbag.py:587} INFO - Filling up the DagBag from /home/airflow/.local/lib/python3.12/site-packages/airflow/example_dags/example_sla_dag.py
[2025-07-16T07:21:00.350+0000] {processor.py:925} INFO - DAG(s) 'example_sla_dag' retrieved from /home/airflow/.local/lib/python3.12/site-packages/airflow/example_dags/example_sla_dag.py
[2025-07-16T07:21:00.376+0000] {logging_mixin.py:190} INFO - [2025-07-16T07:21:00.375+0000] {dag.py:3229} INFO - Sync 1 DAGs
[2025-07-16T07:21:00.425+0000] {logging_mixin.py:190} INFO - [2025-07-16T07:21:00.425+0000] {dag.py:4156} INFO - Setting next_dagrun for example_sla_dag to 2025-07-16 07:18:00+00:00, run_after=2025-07-16 07:20:00+00:00
[2025-07-16T07:21:00.452+0000] {processor.py:208} INFO - Processing /home/airflow/.local/lib/python3.12/site-packages/airflow/example_dags/example_sla_dag.py took 0.130 seconds
[2025-07-16T07:21:31.053+0000] {processor.py:186} INFO - Started process (PID=1322) to work on /home/airflow/.local/lib/python3.12/site-packages/airflow/example_dags/example_sla_dag.py
[2025-07-16T07:21:31.054+0000] {processor.py:914} INFO - Processing file /home/airflow/.local/lib/python3.12/site-packages/airflow/example_dags/example_sla_dag.py for tasks to queue
[2025-07-16T07:21:31.091+0000] {logging_mixin.py:190} INFO - [2025-07-16T07:21:31.091+0000] {dagbag.py:587} INFO - Filling up the DagBag from /home/airflow/.local/lib/python3.12/site-packages/airflow/example_dags/example_sla_dag.py
[2025-07-16T07:21:31.119+0000] {processor.py:925} INFO - DAG(s) 'example_sla_dag' retrieved from /home/airflow/.local/lib/python3.12/site-packages/airflow/example_dags/example_sla_dag.py
[2025-07-16T07:21:31.139+0000] {logging_mixin.py:190} INFO - [2025-07-16T07:21:31.139+0000] {dag.py:3229} INFO - Sync 1 DAGs
[2025-07-16T07:21:31.168+0000] {logging_mixin.py:190} INFO - [2025-07-16T07:21:31.168+0000] {dag.py:4156} INFO - Setting next_dagrun for example_sla_dag to 2025-07-16 07:18:00+00:00, run_after=2025-07-16 07:20:00+00:00
[2025-07-16T07:21:31.198+0000] {processor.py:208} INFO - Processing /home/airflow/.local/lib/python3.12/site-packages/airflow/example_dags/example_sla_dag.py took 0.154 seconds
[2025-07-16T07:22:01.982+0000] {processor.py:186} INFO - Started process (PID=1379) to work on /home/airflow/.local/lib/python3.12/site-packages/airflow/example_dags/example_sla_dag.py
[2025-07-16T07:22:01.984+0000] {processor.py:914} INFO - Processing file /home/airflow/.local/lib/python3.12/site-packages/airflow/example_dags/example_sla_dag.py for tasks to queue
[2025-07-16T07:22:01.986+0000] {logging_mixin.py:190} INFO - [2025-07-16T07:22:01.986+0000] {dagbag.py:587} INFO - Filling up the DagBag from /home/airflow/.local/lib/python3.12/site-packages/airflow/example_dags/example_sla_dag.py
[2025-07-16T07:22:01.997+0000] {processor.py:925} INFO - DAG(s) 'example_sla_dag' retrieved from /home/airflow/.local/lib/python3.12/site-packages/airflow/example_dags/example_sla_dag.py
[2025-07-16T07:22:02.018+0000] {logging_mixin.py:190} INFO - [2025-07-16T07:22:02.018+0000] {dag.py:3229} INFO - Sync 1 DAGs
[2025-07-16T07:22:02.044+0000] {logging_mixin.py:190} INFO - [2025-07-16T07:22:02.044+0000] {dag.py:4156} INFO - Setting next_dagrun for example_sla_dag to 2025-07-16 07:20:00+00:00, run_after=2025-07-16 07:22:00+00:00
[2025-07-16T07:22:02.069+0000] {processor.py:208} INFO - Processing /home/airflow/.local/lib/python3.12/site-packages/airflow/example_dags/example_sla_dag.py took 0.093 seconds
[2025-07-16T07:22:32.876+0000] {processor.py:186} INFO - Started process (PID=1436) to work on /home/airflow/.local/lib/python3.12/site-packages/airflow/example_dags/example_sla_dag.py
[2025-07-16T07:22:32.877+0000] {processor.py:914} INFO - Processing file /home/airflow/.local/lib/python3.12/site-packages/airflow/example_dags/example_sla_dag.py for tasks to queue
[2025-07-16T07:22:32.880+0000] {logging_mixin.py:190} INFO - [2025-07-16T07:22:32.880+0000] {dagbag.py:587} INFO - Filling up the DagBag from /home/airflow/.local/lib/python3.12/site-packages/airflow/example_dags/example_sla_dag.py
[2025-07-16T07:22:32.891+0000] {processor.py:925} INFO - DAG(s) 'example_sla_dag' retrieved from /home/airflow/.local/lib/python3.12/site-packages/airflow/example_dags/example_sla_dag.py
[2025-07-16T07:22:32.911+0000] {logging_mixin.py:190} INFO - [2025-07-16T07:22:32.911+0000] {dag.py:3229} INFO - Sync 1 DAGs
[2025-07-16T07:22:32.943+0000] {logging_mixin.py:190} INFO - [2025-07-16T07:22:32.943+0000] {dag.py:4156} INFO - Setting next_dagrun for example_sla_dag to 2025-07-16 07:20:00+00:00, run_after=2025-07-16 07:22:00+00:00
[2025-07-16T07:22:32.971+0000] {processor.py:208} INFO - Processing /home/airflow/.local/lib/python3.12/site-packages/airflow/example_dags/example_sla_dag.py took 0.101 seconds
[2025-07-16T07:23:03.797+0000] {processor.py:186} INFO - Started process (PID=1493) to work on /home/airflow/.local/lib/python3.12/site-packages/airflow/example_dags/example_sla_dag.py
[2025-07-16T07:23:03.798+0000] {processor.py:914} INFO - Processing file /home/airflow/.local/lib/python3.12/site-packages/airflow/example_dags/example_sla_dag.py for tasks to queue
[2025-07-16T07:23:03.801+0000] {logging_mixin.py:190} INFO - [2025-07-16T07:23:03.800+0000] {dagbag.py:587} INFO - Filling up the DagBag from /home/airflow/.local/lib/python3.12/site-packages/airflow/example_dags/example_sla_dag.py
[2025-07-16T07:23:03.813+0000] {processor.py:925} INFO - DAG(s) 'example_sla_dag' retrieved from /home/airflow/.local/lib/python3.12/site-packages/airflow/example_dags/example_sla_dag.py
[2025-07-16T07:23:03.834+0000] {logging_mixin.py:190} INFO - [2025-07-16T07:23:03.834+0000] {dag.py:3229} INFO - Sync 1 DAGs
[2025-07-16T07:23:03.861+0000] {logging_mixin.py:190} INFO - [2025-07-16T07:23:03.860+0000] {dag.py:4156} INFO - Setting next_dagrun for example_sla_dag to 2025-07-16 07:20:00+00:00, run_after=2025-07-16 07:22:00+00:00
[2025-07-16T07:23:03.882+0000] {processor.py:208} INFO - Processing /home/airflow/.local/lib/python3.12/site-packages/airflow/example_dags/example_sla_dag.py took 0.092 seconds
[2025-07-16T07:23:34.880+0000] {processor.py:186} INFO - Started process (PID=1550) to work on /home/airflow/.local/lib/python3.12/site-packages/airflow/example_dags/example_sla_dag.py
[2025-07-16T07:23:34.881+0000] {processor.py:914} INFO - Processing file /home/airflow/.local/lib/python3.12/site-packages/airflow/example_dags/example_sla_dag.py for tasks to queue
[2025-07-16T07:23:34.884+0000] {logging_mixin.py:190} INFO - [2025-07-16T07:23:34.884+0000] {dagbag.py:587} INFO - Filling up the DagBag from /home/airflow/.local/lib/python3.12/site-packages/airflow/example_dags/example_sla_dag.py
[2025-07-16T07:23:34.899+0000] {processor.py:925} INFO - DAG(s) 'example_sla_dag' retrieved from /home/airflow/.local/lib/python3.12/site-packages/airflow/example_dags/example_sla_dag.py
[2025-07-16T07:23:34.921+0000] {logging_mixin.py:190} INFO - [2025-07-16T07:23:34.920+0000] {dag.py:3229} INFO - Sync 1 DAGs
[2025-07-16T07:23:34.948+0000] {logging_mixin.py:190} INFO - [2025-07-16T07:23:34.948+0000] {dag.py:4156} INFO - Setting next_dagrun for example_sla_dag to 2025-07-16 07:20:00+00:00, run_after=2025-07-16 07:22:00+00:00
[2025-07-16T07:23:34.970+0000] {processor.py:208} INFO - Processing /home/airflow/.local/lib/python3.12/site-packages/airflow/example_dags/example_sla_dag.py took 0.096 seconds
[2025-07-16T07:24:05.386+0000] {processor.py:186} INFO - Started process (PID=1607) to work on /home/airflow/.local/lib/python3.12/site-packages/airflow/example_dags/example_sla_dag.py
[2025-07-16T07:24:05.387+0000] {processor.py:914} INFO - Processing file /home/airflow/.local/lib/python3.12/site-packages/airflow/example_dags/example_sla_dag.py for tasks to queue
[2025-07-16T07:24:05.391+0000] {logging_mixin.py:190} INFO - [2025-07-16T07:24:05.391+0000] {dagbag.py:587} INFO - Filling up the DagBag from /home/airflow/.local/lib/python3.12/site-packages/airflow/example_dags/example_sla_dag.py
[2025-07-16T07:24:05.404+0000] {processor.py:925} INFO - DAG(s) 'example_sla_dag' retrieved from /home/airflow/.local/lib/python3.12/site-packages/airflow/example_dags/example_sla_dag.py
[2025-07-16T07:24:05.433+0000] {logging_mixin.py:190} INFO - [2025-07-16T07:24:05.432+0000] {dag.py:3229} INFO - Sync 1 DAGs
[2025-07-16T07:24:05.476+0000] {logging_mixin.py:190} INFO - [2025-07-16T07:24:05.476+0000] {dag.py:4156} INFO - Setting next_dagrun for example_sla_dag to 2025-07-16 07:22:00+00:00, run_after=2025-07-16 07:24:00+00:00
[2025-07-16T07:24:05.508+0000] {processor.py:208} INFO - Processing /home/airflow/.local/lib/python3.12/site-packages/airflow/example_dags/example_sla_dag.py took 0.131 seconds
[2025-07-16T07:24:36.462+0000] {processor.py:186} INFO - Started process (PID=1664) to work on /home/airflow/.local/lib/python3.12/site-packages/airflow/example_dags/example_sla_dag.py
[2025-07-16T07:24:36.463+0000] {processor.py:914} INFO - Processing file /home/airflow/.local/lib/python3.12/site-packages/airflow/example_dags/example_sla_dag.py for tasks to queue
[2025-07-16T07:24:36.466+0000] {logging_mixin.py:190} INFO - [2025-07-16T07:24:36.466+0000] {dagbag.py:587} INFO - Filling up the DagBag from /home/airflow/.local/lib/python3.12/site-packages/airflow/example_dags/example_sla_dag.py
[2025-07-16T07:24:36.477+0000] {processor.py:925} INFO - DAG(s) 'example_sla_dag' retrieved from /home/airflow/.local/lib/python3.12/site-packages/airflow/example_dags/example_sla_dag.py
[2025-07-16T07:24:36.500+0000] {logging_mixin.py:190} INFO - [2025-07-16T07:24:36.499+0000] {dag.py:3229} INFO - Sync 1 DAGs
[2025-07-16T07:24:36.534+0000] {logging_mixin.py:190} INFO - [2025-07-16T07:24:36.533+0000] {dag.py:4156} INFO - Setting next_dagrun for example_sla_dag to 2025-07-16 07:22:00+00:00, run_after=2025-07-16 07:24:00+00:00
[2025-07-16T07:24:36.554+0000] {processor.py:208} INFO - Processing /home/airflow/.local/lib/python3.12/site-packages/airflow/example_dags/example_sla_dag.py took 0.100 seconds
[2025-07-16T07:25:07.568+0000] {processor.py:186} INFO - Started process (PID=1721) to work on /home/airflow/.local/lib/python3.12/site-packages/airflow/example_dags/example_sla_dag.py
[2025-07-16T07:25:07.569+0000] {processor.py:914} INFO - Processing file /home/airflow/.local/lib/python3.12/site-packages/airflow/example_dags/example_sla_dag.py for tasks to queue
[2025-07-16T07:25:07.571+0000] {logging_mixin.py:190} INFO - [2025-07-16T07:25:07.571+0000] {dagbag.py:587} INFO - Filling up the DagBag from /home/airflow/.local/lib/python3.12/site-packages/airflow/example_dags/example_sla_dag.py
[2025-07-16T07:25:07.581+0000] {processor.py:925} INFO - DAG(s) 'example_sla_dag' retrieved from /home/airflow/.local/lib/python3.12/site-packages/airflow/example_dags/example_sla_dag.py
[2025-07-16T07:25:07.602+0000] {logging_mixin.py:190} INFO - [2025-07-16T07:25:07.602+0000] {dag.py:3229} INFO - Sync 1 DAGs
[2025-07-16T07:25:07.630+0000] {logging_mixin.py:190} INFO - [2025-07-16T07:25:07.630+0000] {dag.py:4156} INFO - Setting next_dagrun for example_sla_dag to 2025-07-16 07:22:00+00:00, run_after=2025-07-16 07:24:00+00:00
[2025-07-16T07:25:07.662+0000] {processor.py:208} INFO - Processing /home/airflow/.local/lib/python3.12/site-packages/airflow/example_dags/example_sla_dag.py took 0.101 seconds
[2025-07-16T07:25:37.890+0000] {processor.py:186} INFO - Started process (PID=1778) to work on /home/airflow/.local/lib/python3.12/site-packages/airflow/example_dags/example_sla_dag.py
[2025-07-16T07:25:37.891+0000] {processor.py:914} INFO - Processing file /home/airflow/.local/lib/python3.12/site-packages/airflow/example_dags/example_sla_dag.py for tasks to queue
[2025-07-16T07:25:37.894+0000] {logging_mixin.py:190} INFO - [2025-07-16T07:25:37.893+0000] {dagbag.py:587} INFO - Filling up the DagBag from /home/airflow/.local/lib/python3.12/site-packages/airflow/example_dags/example_sla_dag.py
[2025-07-16T07:25:37.905+0000] {processor.py:925} INFO - DAG(s) 'example_sla_dag' retrieved from /home/airflow/.local/lib/python3.12/site-packages/airflow/example_dags/example_sla_dag.py
[2025-07-16T07:25:37.926+0000] {logging_mixin.py:190} INFO - [2025-07-16T07:25:37.926+0000] {dag.py:3229} INFO - Sync 1 DAGs
[2025-07-16T07:25:37.953+0000] {logging_mixin.py:190} INFO - [2025-07-16T07:25:37.953+0000] {dag.py:4156} INFO - Setting next_dagrun for example_sla_dag to 2025-07-16 07:22:00+00:00, run_after=2025-07-16 07:24:00+00:00
[2025-07-16T07:25:37.982+0000] {processor.py:208} INFO - Processing /home/airflow/.local/lib/python3.12/site-packages/airflow/example_dags/example_sla_dag.py took 0.099 seconds
[2025-07-16T07:26:08.055+0000] {processor.py:186} INFO - Started process (PID=1835) to work on /home/airflow/.local/lib/python3.12/site-packages/airflow/example_dags/example_sla_dag.py
[2025-07-16T07:26:08.056+0000] {processor.py:914} INFO - Processing file /home/airflow/.local/lib/python3.12/site-packages/airflow/example_dags/example_sla_dag.py for tasks to queue
[2025-07-16T07:26:08.058+0000] {logging_mixin.py:190} INFO - [2025-07-16T07:26:08.058+0000] {dagbag.py:587} INFO - Filling up the DagBag from /home/airflow/.local/lib/python3.12/site-packages/airflow/example_dags/example_sla_dag.py
[2025-07-16T07:26:08.068+0000] {processor.py:925} INFO - DAG(s) 'example_sla_dag' retrieved from /home/airflow/.local/lib/python3.12/site-packages/airflow/example_dags/example_sla_dag.py
[2025-07-16T07:26:08.088+0000] {logging_mixin.py:190} INFO - [2025-07-16T07:26:08.087+0000] {dag.py:3229} INFO - Sync 1 DAGs
[2025-07-16T07:26:08.114+0000] {logging_mixin.py:190} INFO - [2025-07-16T07:26:08.114+0000] {dag.py:4156} INFO - Setting next_dagrun for example_sla_dag to 2025-07-16 07:24:00+00:00, run_after=2025-07-16 07:26:00+00:00
[2025-07-16T07:26:08.136+0000] {processor.py:208} INFO - Processing /home/airflow/.local/lib/python3.12/site-packages/airflow/example_dags/example_sla_dag.py took 0.088 seconds
[2025-07-16T07:26:39.286+0000] {processor.py:186} INFO - Started process (PID=1892) to work on /home/airflow/.local/lib/python3.12/site-packages/airflow/example_dags/example_sla_dag.py
[2025-07-16T07:26:39.287+0000] {processor.py:914} INFO - Processing file /home/airflow/.local/lib/python3.12/site-packages/airflow/example_dags/example_sla_dag.py for tasks to queue
[2025-07-16T07:26:39.291+0000] {logging_mixin.py:190} INFO - [2025-07-16T07:26:39.290+0000] {dagbag.py:587} INFO - Filling up the DagBag from /home/airflow/.local/lib/python3.12/site-packages/airflow/example_dags/example_sla_dag.py
[2025-07-16T07:26:39.303+0000] {processor.py:925} INFO - DAG(s) 'example_sla_dag' retrieved from /home/airflow/.local/lib/python3.12/site-packages/airflow/example_dags/example_sla_dag.py
[2025-07-16T07:26:39.326+0000] {logging_mixin.py:190} INFO - [2025-07-16T07:26:39.326+0000] {dag.py:3229} INFO - Sync 1 DAGs
[2025-07-16T07:26:39.353+0000] {logging_mixin.py:190} INFO - [2025-07-16T07:26:39.353+0000] {dag.py:4156} INFO - Setting next_dagrun for example_sla_dag to 2025-07-16 07:24:00+00:00, run_after=2025-07-16 07:26:00+00:00
[2025-07-16T07:26:39.379+0000] {processor.py:208} INFO - Processing /home/airflow/.local/lib/python3.12/site-packages/airflow/example_dags/example_sla_dag.py took 0.100 seconds
[2025-07-16T07:27:10.453+0000] {processor.py:186} INFO - Started process (PID=1949) to work on /home/airflow/.local/lib/python3.12/site-packages/airflow/example_dags/example_sla_dag.py
[2025-07-16T07:27:10.454+0000] {processor.py:914} INFO - Processing file /home/airflow/.local/lib/python3.12/site-packages/airflow/example_dags/example_sla_dag.py for tasks to queue
[2025-07-16T07:27:10.457+0000] {logging_mixin.py:190} INFO - [2025-07-16T07:27:10.456+0000] {dagbag.py:587} INFO - Filling up the DagBag from /home/airflow/.local/lib/python3.12/site-packages/airflow/example_dags/example_sla_dag.py
[2025-07-16T07:27:10.467+0000] {processor.py:925} INFO - DAG(s) 'example_sla_dag' retrieved from /home/airflow/.local/lib/python3.12/site-packages/airflow/example_dags/example_sla_dag.py
[2025-07-16T07:27:10.486+0000] {logging_mixin.py:190} INFO - [2025-07-16T07:27:10.486+0000] {dag.py:3229} INFO - Sync 1 DAGs
[2025-07-16T07:27:10.511+0000] {logging_mixin.py:190} INFO - [2025-07-16T07:27:10.511+0000] {dag.py:4156} INFO - Setting next_dagrun for example_sla_dag to 2025-07-16 07:24:00+00:00, run_after=2025-07-16 07:26:00+00:00
[2025-07-16T07:27:10.530+0000] {processor.py:208} INFO - Processing /home/airflow/.local/lib/python3.12/site-packages/airflow/example_dags/example_sla_dag.py took 0.083 seconds
[2025-07-16T07:27:41.884+0000] {processor.py:186} INFO - Started process (PID=2006) to work on /home/airflow/.local/lib/python3.12/site-packages/airflow/example_dags/example_sla_dag.py
[2025-07-16T07:27:41.886+0000] {processor.py:914} INFO - Processing file /home/airflow/.local/lib/python3.12/site-packages/airflow/example_dags/example_sla_dag.py for tasks to queue
[2025-07-16T07:27:41.889+0000] {logging_mixin.py:190} INFO - [2025-07-16T07:27:41.889+0000] {dagbag.py:587} INFO - Filling up the DagBag from /home/airflow/.local/lib/python3.12/site-packages/airflow/example_dags/example_sla_dag.py
[2025-07-16T07:27:41.904+0000] {processor.py:925} INFO - DAG(s) 'example_sla_dag' retrieved from /home/airflow/.local/lib/python3.12/site-packages/airflow/example_dags/example_sla_dag.py
[2025-07-16T07:27:41.927+0000] {logging_mixin.py:190} INFO - [2025-07-16T07:27:41.927+0000] {dag.py:3229} INFO - Sync 1 DAGs
[2025-07-16T07:27:41.958+0000] {logging_mixin.py:190} INFO - [2025-07-16T07:27:41.958+0000] {dag.py:4156} INFO - Setting next_dagrun for example_sla_dag to 2025-07-16 07:24:00+00:00, run_after=2025-07-16 07:26:00+00:00
[2025-07-16T07:27:41.984+0000] {processor.py:208} INFO - Processing /home/airflow/.local/lib/python3.12/site-packages/airflow/example_dags/example_sla_dag.py took 0.107 seconds
[2025-07-16T07:28:12.466+0000] {processor.py:186} INFO - Started process (PID=2063) to work on /home/airflow/.local/lib/python3.12/site-packages/airflow/example_dags/example_sla_dag.py
[2025-07-16T07:28:12.468+0000] {processor.py:914} INFO - Processing file /home/airflow/.local/lib/python3.12/site-packages/airflow/example_dags/example_sla_dag.py for tasks to queue
[2025-07-16T07:28:12.470+0000] {logging_mixin.py:190} INFO - [2025-07-16T07:28:12.470+0000] {dagbag.py:587} INFO - Filling up the DagBag from /home/airflow/.local/lib/python3.12/site-packages/airflow/example_dags/example_sla_dag.py
[2025-07-16T07:28:12.482+0000] {processor.py:925} INFO - DAG(s) 'example_sla_dag' retrieved from /home/airflow/.local/lib/python3.12/site-packages/airflow/example_dags/example_sla_dag.py
[2025-07-16T07:28:12.501+0000] {logging_mixin.py:190} INFO - [2025-07-16T07:28:12.501+0000] {dag.py:3229} INFO - Sync 1 DAGs
[2025-07-16T07:28:12.528+0000] {logging_mixin.py:190} INFO - [2025-07-16T07:28:12.528+0000] {dag.py:4156} INFO - Setting next_dagrun for example_sla_dag to 2025-07-16 07:26:00+00:00, run_after=2025-07-16 07:28:00+00:00
[2025-07-16T07:28:12.556+0000] {processor.py:208} INFO - Processing /home/airflow/.local/lib/python3.12/site-packages/airflow/example_dags/example_sla_dag.py took 0.097 seconds
[2025-07-16T07:28:42.872+0000] {processor.py:186} INFO - Started process (PID=2120) to work on /home/airflow/.local/lib/python3.12/site-packages/airflow/example_dags/example_sla_dag.py
[2025-07-16T07:28:42.873+0000] {processor.py:914} INFO - Processing file /home/airflow/.local/lib/python3.12/site-packages/airflow/example_dags/example_sla_dag.py for tasks to queue
[2025-07-16T07:28:42.876+0000] {logging_mixin.py:190} INFO - [2025-07-16T07:28:42.876+0000] {dagbag.py:587} INFO - Filling up the DagBag from /home/airflow/.local/lib/python3.12/site-packages/airflow/example_dags/example_sla_dag.py
[2025-07-16T07:28:42.890+0000] {processor.py:925} INFO - DAG(s) 'example_sla_dag' retrieved from /home/airflow/.local/lib/python3.12/site-packages/airflow/example_dags/example_sla_dag.py
[2025-07-16T07:28:42.917+0000] {logging_mixin.py:190} INFO - [2025-07-16T07:28:42.917+0000] {dag.py:3229} INFO - Sync 1 DAGs
[2025-07-16T07:28:42.961+0000] {logging_mixin.py:190} INFO - [2025-07-16T07:28:42.961+0000] {dag.py:4156} INFO - Setting next_dagrun for example_sla_dag to 2025-07-16 07:26:00+00:00, run_after=2025-07-16 07:28:00+00:00
[2025-07-16T07:28:42.995+0000] {processor.py:208} INFO - Processing /home/airflow/.local/lib/python3.12/site-packages/airflow/example_dags/example_sla_dag.py took 0.131 seconds
[2025-07-16T07:29:13.492+0000] {processor.py:186} INFO - Started process (PID=2177) to work on /home/airflow/.local/lib/python3.12/site-packages/airflow/example_dags/example_sla_dag.py
[2025-07-16T07:29:13.493+0000] {processor.py:914} INFO - Processing file /home/airflow/.local/lib/python3.12/site-packages/airflow/example_dags/example_sla_dag.py for tasks to queue
[2025-07-16T07:29:13.495+0000] {logging_mixin.py:190} INFO - [2025-07-16T07:29:13.495+0000] {dagbag.py:587} INFO - Filling up the DagBag from /home/airflow/.local/lib/python3.12/site-packages/airflow/example_dags/example_sla_dag.py
[2025-07-16T07:29:13.506+0000] {processor.py:925} INFO - DAG(s) 'example_sla_dag' retrieved from /home/airflow/.local/lib/python3.12/site-packages/airflow/example_dags/example_sla_dag.py
[2025-07-16T07:29:13.527+0000] {logging_mixin.py:190} INFO - [2025-07-16T07:29:13.526+0000] {dag.py:3229} INFO - Sync 1 DAGs
[2025-07-16T07:29:13.555+0000] {logging_mixin.py:190} INFO - [2025-07-16T07:29:13.555+0000] {dag.py:4156} INFO - Setting next_dagrun for example_sla_dag to 2025-07-16 07:26:00+00:00, run_after=2025-07-16 07:28:00+00:00
[2025-07-16T07:29:13.576+0000] {processor.py:208} INFO - Processing /home/airflow/.local/lib/python3.12/site-packages/airflow/example_dags/example_sla_dag.py took 0.091 seconds
[2025-07-16T07:29:44.050+0000] {processor.py:186} INFO - Started process (PID=2233) to work on /home/airflow/.local/lib/python3.12/site-packages/airflow/example_dags/example_sla_dag.py
[2025-07-16T07:29:44.051+0000] {processor.py:914} INFO - Processing file /home/airflow/.local/lib/python3.12/site-packages/airflow/example_dags/example_sla_dag.py for tasks to queue
[2025-07-16T07:29:44.054+0000] {logging_mixin.py:190} INFO - [2025-07-16T07:29:44.053+0000] {dagbag.py:587} INFO - Filling up the DagBag from /home/airflow/.local/lib/python3.12/site-packages/airflow/example_dags/example_sla_dag.py
[2025-07-16T07:29:44.064+0000] {processor.py:925} INFO - DAG(s) 'example_sla_dag' retrieved from /home/airflow/.local/lib/python3.12/site-packages/airflow/example_dags/example_sla_dag.py
[2025-07-16T07:29:44.085+0000] {logging_mixin.py:190} INFO - [2025-07-16T07:29:44.085+0000] {dag.py:3229} INFO - Sync 1 DAGs
[2025-07-16T07:29:44.111+0000] {logging_mixin.py:190} INFO - [2025-07-16T07:29:44.111+0000] {dag.py:4156} INFO - Setting next_dagrun for example_sla_dag to 2025-07-16 07:26:00+00:00, run_after=2025-07-16 07:28:00+00:00
[2025-07-16T07:29:44.134+0000] {processor.py:208} INFO - Processing /home/airflow/.local/lib/python3.12/site-packages/airflow/example_dags/example_sla_dag.py took 0.090 seconds
[2025-07-16T07:30:15.500+0000] {processor.py:186} INFO - Started process (PID=2291) to work on /home/airflow/.local/lib/python3.12/site-packages/airflow/example_dags/example_sla_dag.py
[2025-07-16T07:30:15.501+0000] {processor.py:914} INFO - Processing file /home/airflow/.local/lib/python3.12/site-packages/airflow/example_dags/example_sla_dag.py for tasks to queue
[2025-07-16T07:30:15.504+0000] {logging_mixin.py:190} INFO - [2025-07-16T07:30:15.504+0000] {dagbag.py:587} INFO - Filling up the DagBag from /home/airflow/.local/lib/python3.12/site-packages/airflow/example_dags/example_sla_dag.py
[2025-07-16T07:30:15.516+0000] {processor.py:925} INFO - DAG(s) 'example_sla_dag' retrieved from /home/airflow/.local/lib/python3.12/site-packages/airflow/example_dags/example_sla_dag.py
[2025-07-16T07:30:15.536+0000] {logging_mixin.py:190} INFO - [2025-07-16T07:30:15.536+0000] {dag.py:3229} INFO - Sync 1 DAGs
[2025-07-16T07:30:15.564+0000] {logging_mixin.py:190} INFO - [2025-07-16T07:30:15.564+0000] {dag.py:4156} INFO - Setting next_dagrun for example_sla_dag to 2025-07-16 07:28:00+00:00, run_after=2025-07-16 07:30:00+00:00
[2025-07-16T07:30:15.587+0000] {processor.py:208} INFO - Processing /home/airflow/.local/lib/python3.12/site-packages/airflow/example_dags/example_sla_dag.py took 0.094 seconds
[2025-07-16T07:30:46.983+0000] {processor.py:186} INFO - Started process (PID=2348) to work on /home/airflow/.local/lib/python3.12/site-packages/airflow/example_dags/example_sla_dag.py
[2025-07-16T07:30:46.984+0000] {processor.py:914} INFO - Processing file /home/airflow/.local/lib/python3.12/site-packages/airflow/example_dags/example_sla_dag.py for tasks to queue
[2025-07-16T07:30:46.987+0000] {logging_mixin.py:190} INFO - [2025-07-16T07:30:46.986+0000] {dagbag.py:587} INFO - Filling up the DagBag from /home/airflow/.local/lib/python3.12/site-packages/airflow/example_dags/example_sla_dag.py
[2025-07-16T07:30:47.000+0000] {processor.py:925} INFO - DAG(s) 'example_sla_dag' retrieved from /home/airflow/.local/lib/python3.12/site-packages/airflow/example_dags/example_sla_dag.py
[2025-07-16T07:30:47.019+0000] {logging_mixin.py:190} INFO - [2025-07-16T07:30:47.019+0000] {dag.py:3229} INFO - Sync 1 DAGs
[2025-07-16T07:30:47.048+0000] {logging_mixin.py:190} INFO - [2025-07-16T07:30:47.048+0000] {dag.py:4156} INFO - Setting next_dagrun for example_sla_dag to 2025-07-16 07:28:00+00:00, run_after=2025-07-16 07:30:00+00:00
[2025-07-16T07:30:47.075+0000] {processor.py:208} INFO - Processing /home/airflow/.local/lib/python3.12/site-packages/airflow/example_dags/example_sla_dag.py took 0.100 seconds
[2025-07-16T07:31:17.355+0000] {processor.py:186} INFO - Started process (PID=2404) to work on /home/airflow/.local/lib/python3.12/site-packages/airflow/example_dags/example_sla_dag.py
[2025-07-16T07:31:17.357+0000] {processor.py:914} INFO - Processing file /home/airflow/.local/lib/python3.12/site-packages/airflow/example_dags/example_sla_dag.py for tasks to queue
[2025-07-16T07:31:17.359+0000] {logging_mixin.py:190} INFO - [2025-07-16T07:31:17.359+0000] {dagbag.py:587} INFO - Filling up the DagBag from /home/airflow/.local/lib/python3.12/site-packages/airflow/example_dags/example_sla_dag.py
[2025-07-16T07:31:17.371+0000] {processor.py:925} INFO - DAG(s) 'example_sla_dag' retrieved from /home/airflow/.local/lib/python3.12/site-packages/airflow/example_dags/example_sla_dag.py
[2025-07-16T07:31:17.391+0000] {logging_mixin.py:190} INFO - [2025-07-16T07:31:17.391+0000] {dag.py:3229} INFO - Sync 1 DAGs
[2025-07-16T07:31:17.419+0000] {logging_mixin.py:190} INFO - [2025-07-16T07:31:17.419+0000] {dag.py:4156} INFO - Setting next_dagrun for example_sla_dag to 2025-07-16 07:28:00+00:00, run_after=2025-07-16 07:30:00+00:00
[2025-07-16T07:31:17.439+0000] {processor.py:208} INFO - Processing /home/airflow/.local/lib/python3.12/site-packages/airflow/example_dags/example_sla_dag.py took 0.090 seconds
[2025-07-16T07:33:03.620+0000] {processor.py:186} INFO - Started process (PID=69) to work on /home/airflow/.local/lib/python3.12/site-packages/airflow/example_dags/example_sla_dag.py
[2025-07-16T07:33:03.622+0000] {processor.py:914} INFO - Processing file /home/airflow/.local/lib/python3.12/site-packages/airflow/example_dags/example_sla_dag.py for tasks to queue
[2025-07-16T07:33:03.631+0000] {logging_mixin.py:190} INFO - [2025-07-16T07:33:03.631+0000] {dagbag.py:587} INFO - Filling up the DagBag from /home/airflow/.local/lib/python3.12/site-packages/airflow/example_dags/example_sla_dag.py
[2025-07-16T07:33:03.675+0000] {processor.py:925} INFO - DAG(s) 'example_sla_dag' retrieved from /home/airflow/.local/lib/python3.12/site-packages/airflow/example_dags/example_sla_dag.py
[2025-07-16T07:33:03.713+0000] {logging_mixin.py:190} INFO - [2025-07-16T07:33:03.713+0000] {dag.py:3229} INFO - Sync 1 DAGs
[2025-07-16T07:33:03.744+0000] {logging_mixin.py:190} INFO - [2025-07-16T07:33:03.744+0000] {dag.py:4156} INFO - Setting next_dagrun for example_sla_dag to 2025-07-16 07:30:00+00:00, run_after=2025-07-16 07:32:00+00:00
[2025-07-16T07:33:03.767+0000] {processor.py:208} INFO - Processing /home/airflow/.local/lib/python3.12/site-packages/airflow/example_dags/example_sla_dag.py took 0.161 seconds
[2025-07-16T07:33:34.344+0000] {processor.py:186} INFO - Started process (PID=126) to work on /home/airflow/.local/lib/python3.12/site-packages/airflow/example_dags/example_sla_dag.py
[2025-07-16T07:33:34.345+0000] {processor.py:914} INFO - Processing file /home/airflow/.local/lib/python3.12/site-packages/airflow/example_dags/example_sla_dag.py for tasks to queue
[2025-07-16T07:33:34.348+0000] {logging_mixin.py:190} INFO - [2025-07-16T07:33:34.347+0000] {dagbag.py:587} INFO - Filling up the DagBag from /home/airflow/.local/lib/python3.12/site-packages/airflow/example_dags/example_sla_dag.py
[2025-07-16T07:33:34.359+0000] {processor.py:925} INFO - DAG(s) 'example_sla_dag' retrieved from /home/airflow/.local/lib/python3.12/site-packages/airflow/example_dags/example_sla_dag.py
[2025-07-16T07:33:34.381+0000] {logging_mixin.py:190} INFO - [2025-07-16T07:33:34.381+0000] {dag.py:3229} INFO - Sync 1 DAGs
[2025-07-16T07:33:34.411+0000] {logging_mixin.py:190} INFO - [2025-07-16T07:33:34.411+0000] {dag.py:4156} INFO - Setting next_dagrun for example_sla_dag to 2025-07-16 07:30:00+00:00, run_after=2025-07-16 07:32:00+00:00
[2025-07-16T07:33:34.431+0000] {processor.py:208} INFO - Processing /home/airflow/.local/lib/python3.12/site-packages/airflow/example_dags/example_sla_dag.py took 0.094 seconds
[2025-07-16T07:34:05.326+0000] {processor.py:186} INFO - Started process (PID=183) to work on /home/airflow/.local/lib/python3.12/site-packages/airflow/example_dags/example_sla_dag.py
[2025-07-16T07:34:05.327+0000] {processor.py:914} INFO - Processing file /home/airflow/.local/lib/python3.12/site-packages/airflow/example_dags/example_sla_dag.py for tasks to queue
[2025-07-16T07:34:05.329+0000] {logging_mixin.py:190} INFO - [2025-07-16T07:34:05.329+0000] {dagbag.py:587} INFO - Filling up the DagBag from /home/airflow/.local/lib/python3.12/site-packages/airflow/example_dags/example_sla_dag.py
[2025-07-16T07:34:05.341+0000] {processor.py:925} INFO - DAG(s) 'example_sla_dag' retrieved from /home/airflow/.local/lib/python3.12/site-packages/airflow/example_dags/example_sla_dag.py
[2025-07-16T07:34:05.360+0000] {logging_mixin.py:190} INFO - [2025-07-16T07:34:05.360+0000] {dag.py:3229} INFO - Sync 1 DAGs
[2025-07-16T07:34:05.384+0000] {logging_mixin.py:190} INFO - [2025-07-16T07:34:05.384+0000] {dag.py:4156} INFO - Setting next_dagrun for example_sla_dag to 2025-07-16 07:32:00+00:00, run_after=2025-07-16 07:34:00+00:00
[2025-07-16T07:34:05.403+0000] {processor.py:208} INFO - Processing /home/airflow/.local/lib/python3.12/site-packages/airflow/example_dags/example_sla_dag.py took 0.084 seconds
[2025-07-16T07:34:36.059+0000] {processor.py:186} INFO - Started process (PID=240) to work on /home/airflow/.local/lib/python3.12/site-packages/airflow/example_dags/example_sla_dag.py
[2025-07-16T07:34:36.060+0000] {processor.py:914} INFO - Processing file /home/airflow/.local/lib/python3.12/site-packages/airflow/example_dags/example_sla_dag.py for tasks to queue
[2025-07-16T07:34:36.063+0000] {logging_mixin.py:190} INFO - [2025-07-16T07:34:36.062+0000] {dagbag.py:587} INFO - Filling up the DagBag from /home/airflow/.local/lib/python3.12/site-packages/airflow/example_dags/example_sla_dag.py
[2025-07-16T07:34:36.073+0000] {processor.py:925} INFO - DAG(s) 'example_sla_dag' retrieved from /home/airflow/.local/lib/python3.12/site-packages/airflow/example_dags/example_sla_dag.py
[2025-07-16T07:34:36.092+0000] {logging_mixin.py:190} INFO - [2025-07-16T07:34:36.092+0000] {dag.py:3229} INFO - Sync 1 DAGs
[2025-07-16T07:34:36.118+0000] {logging_mixin.py:190} INFO - [2025-07-16T07:34:36.118+0000] {dag.py:4156} INFO - Setting next_dagrun for example_sla_dag to 2025-07-16 07:32:00+00:00, run_after=2025-07-16 07:34:00+00:00
[2025-07-16T07:34:36.143+0000] {processor.py:208} INFO - Processing /home/airflow/.local/lib/python3.12/site-packages/airflow/example_dags/example_sla_dag.py took 0.090 seconds
[2025-07-16T07:35:06.694+0000] {processor.py:186} INFO - Started process (PID=297) to work on /home/airflow/.local/lib/python3.12/site-packages/airflow/example_dags/example_sla_dag.py
[2025-07-16T07:35:06.695+0000] {processor.py:914} INFO - Processing file /home/airflow/.local/lib/python3.12/site-packages/airflow/example_dags/example_sla_dag.py for tasks to queue
[2025-07-16T07:35:06.697+0000] {logging_mixin.py:190} INFO - [2025-07-16T07:35:06.697+0000] {dagbag.py:587} INFO - Filling up the DagBag from /home/airflow/.local/lib/python3.12/site-packages/airflow/example_dags/example_sla_dag.py
[2025-07-16T07:35:06.710+0000] {processor.py:925} INFO - DAG(s) 'example_sla_dag' retrieved from /home/airflow/.local/lib/python3.12/site-packages/airflow/example_dags/example_sla_dag.py
[2025-07-16T07:35:06.730+0000] {logging_mixin.py:190} INFO - [2025-07-16T07:35:06.730+0000] {dag.py:3229} INFO - Sync 1 DAGs
[2025-07-16T07:35:06.760+0000] {logging_mixin.py:190} INFO - [2025-07-16T07:35:06.760+0000] {dag.py:4156} INFO - Setting next_dagrun for example_sla_dag to 2025-07-16 07:32:00+00:00, run_after=2025-07-16 07:34:00+00:00
[2025-07-16T07:35:06.787+0000] {processor.py:208} INFO - Processing /home/airflow/.local/lib/python3.12/site-packages/airflow/example_dags/example_sla_dag.py took 0.100 seconds
[2025-07-16T07:35:37.101+0000] {processor.py:186} INFO - Started process (PID=354) to work on /home/airflow/.local/lib/python3.12/site-packages/airflow/example_dags/example_sla_dag.py
[2025-07-16T07:35:37.102+0000] {processor.py:914} INFO - Processing file /home/airflow/.local/lib/python3.12/site-packages/airflow/example_dags/example_sla_dag.py for tasks to queue
[2025-07-16T07:35:37.105+0000] {logging_mixin.py:190} INFO - [2025-07-16T07:35:37.105+0000] {dagbag.py:587} INFO - Filling up the DagBag from /home/airflow/.local/lib/python3.12/site-packages/airflow/example_dags/example_sla_dag.py
[2025-07-16T07:35:37.116+0000] {processor.py:925} INFO - DAG(s) 'example_sla_dag' retrieved from /home/airflow/.local/lib/python3.12/site-packages/airflow/example_dags/example_sla_dag.py
[2025-07-16T07:35:37.139+0000] {logging_mixin.py:190} INFO - [2025-07-16T07:35:37.139+0000] {dag.py:3229} INFO - Sync 1 DAGs
[2025-07-16T07:35:37.169+0000] {logging_mixin.py:190} INFO - [2025-07-16T07:35:37.169+0000] {dag.py:4156} INFO - Setting next_dagrun for example_sla_dag to 2025-07-16 07:32:00+00:00, run_after=2025-07-16 07:34:00+00:00
[2025-07-16T07:35:37.193+0000] {processor.py:208} INFO - Processing /home/airflow/.local/lib/python3.12/site-packages/airflow/example_dags/example_sla_dag.py took 0.100 seconds
[2025-07-16T07:36:07.551+0000] {processor.py:186} INFO - Started process (PID=411) to work on /home/airflow/.local/lib/python3.12/site-packages/airflow/example_dags/example_sla_dag.py
[2025-07-16T07:36:07.553+0000] {processor.py:914} INFO - Processing file /home/airflow/.local/lib/python3.12/site-packages/airflow/example_dags/example_sla_dag.py for tasks to queue
[2025-07-16T07:36:07.555+0000] {logging_mixin.py:190} INFO - [2025-07-16T07:36:07.555+0000] {dagbag.py:587} INFO - Filling up the DagBag from /home/airflow/.local/lib/python3.12/site-packages/airflow/example_dags/example_sla_dag.py
[2025-07-16T07:36:07.567+0000] {processor.py:925} INFO - DAG(s) 'example_sla_dag' retrieved from /home/airflow/.local/lib/python3.12/site-packages/airflow/example_dags/example_sla_dag.py
[2025-07-16T07:36:07.587+0000] {logging_mixin.py:190} INFO - [2025-07-16T07:36:07.587+0000] {dag.py:3229} INFO - Sync 1 DAGs
[2025-07-16T07:36:07.615+0000] {logging_mixin.py:190} INFO - [2025-07-16T07:36:07.614+0000] {dag.py:4156} INFO - Setting next_dagrun for example_sla_dag to 2025-07-16 07:34:00+00:00, run_after=2025-07-16 07:36:00+00:00
[2025-07-16T07:36:07.642+0000] {processor.py:208} INFO - Processing /home/airflow/.local/lib/python3.12/site-packages/airflow/example_dags/example_sla_dag.py took 0.098 seconds
[2025-07-16T07:36:39.329+0000] {processor.py:186} INFO - Started process (PID=468) to work on /home/airflow/.local/lib/python3.12/site-packages/airflow/example_dags/example_sla_dag.py
[2025-07-16T07:36:39.330+0000] {processor.py:914} INFO - Processing file /home/airflow/.local/lib/python3.12/site-packages/airflow/example_dags/example_sla_dag.py for tasks to queue
[2025-07-16T07:36:39.333+0000] {logging_mixin.py:190} INFO - [2025-07-16T07:36:39.333+0000] {dagbag.py:587} INFO - Filling up the DagBag from /home/airflow/.local/lib/python3.12/site-packages/airflow/example_dags/example_sla_dag.py
[2025-07-16T07:36:39.344+0000] {processor.py:925} INFO - DAG(s) 'example_sla_dag' retrieved from /home/airflow/.local/lib/python3.12/site-packages/airflow/example_dags/example_sla_dag.py
[2025-07-16T07:36:39.364+0000] {logging_mixin.py:190} INFO - [2025-07-16T07:36:39.363+0000] {dag.py:3229} INFO - Sync 1 DAGs
[2025-07-16T07:36:39.393+0000] {logging_mixin.py:190} INFO - [2025-07-16T07:36:39.392+0000] {dag.py:4156} INFO - Setting next_dagrun for example_sla_dag to 2025-07-16 07:34:00+00:00, run_after=2025-07-16 07:36:00+00:00
[2025-07-16T07:36:39.413+0000] {processor.py:208} INFO - Processing /home/airflow/.local/lib/python3.12/site-packages/airflow/example_dags/example_sla_dag.py took 0.091 seconds
[2025-07-16T07:37:09.968+0000] {processor.py:186} INFO - Started process (PID=525) to work on /home/airflow/.local/lib/python3.12/site-packages/airflow/example_dags/example_sla_dag.py
[2025-07-16T07:37:09.969+0000] {processor.py:914} INFO - Processing file /home/airflow/.local/lib/python3.12/site-packages/airflow/example_dags/example_sla_dag.py for tasks to queue
[2025-07-16T07:37:09.972+0000] {logging_mixin.py:190} INFO - [2025-07-16T07:37:09.971+0000] {dagbag.py:587} INFO - Filling up the DagBag from /home/airflow/.local/lib/python3.12/site-packages/airflow/example_dags/example_sla_dag.py
[2025-07-16T07:37:09.984+0000] {processor.py:925} INFO - DAG(s) 'example_sla_dag' retrieved from /home/airflow/.local/lib/python3.12/site-packages/airflow/example_dags/example_sla_dag.py
[2025-07-16T07:37:10.005+0000] {logging_mixin.py:190} INFO - [2025-07-16T07:37:10.005+0000] {dag.py:3229} INFO - Sync 1 DAGs
[2025-07-16T07:37:10.034+0000] {logging_mixin.py:190} INFO - [2025-07-16T07:37:10.034+0000] {dag.py:4156} INFO - Setting next_dagrun for example_sla_dag to 2025-07-16 07:34:00+00:00, run_after=2025-07-16 07:36:00+00:00
[2025-07-16T07:37:10.057+0000] {processor.py:208} INFO - Processing /home/airflow/.local/lib/python3.12/site-packages/airflow/example_dags/example_sla_dag.py took 0.096 seconds
[2025-07-16T07:37:40.709+0000] {processor.py:186} INFO - Started process (PID=582) to work on /home/airflow/.local/lib/python3.12/site-packages/airflow/example_dags/example_sla_dag.py
[2025-07-16T07:37:40.710+0000] {processor.py:914} INFO - Processing file /home/airflow/.local/lib/python3.12/site-packages/airflow/example_dags/example_sla_dag.py for tasks to queue
[2025-07-16T07:37:40.713+0000] {logging_mixin.py:190} INFO - [2025-07-16T07:37:40.713+0000] {dagbag.py:587} INFO - Filling up the DagBag from /home/airflow/.local/lib/python3.12/site-packages/airflow/example_dags/example_sla_dag.py
[2025-07-16T07:37:40.729+0000] {processor.py:925} INFO - DAG(s) 'example_sla_dag' retrieved from /home/airflow/.local/lib/python3.12/site-packages/airflow/example_dags/example_sla_dag.py
[2025-07-16T07:37:40.754+0000] {logging_mixin.py:190} INFO - [2025-07-16T07:37:40.754+0000] {dag.py:3229} INFO - Sync 1 DAGs
[2025-07-16T07:37:40.803+0000] {logging_mixin.py:190} INFO - [2025-07-16T07:37:40.802+0000] {dag.py:4156} INFO - Setting next_dagrun for example_sla_dag to 2025-07-16 07:34:00+00:00, run_after=2025-07-16 07:36:00+00:00
[2025-07-16T07:37:40.825+0000] {processor.py:208} INFO - Processing /home/airflow/.local/lib/python3.12/site-packages/airflow/example_dags/example_sla_dag.py took 0.127 seconds
[2025-07-16T07:38:12.005+0000] {processor.py:186} INFO - Started process (PID=639) to work on /home/airflow/.local/lib/python3.12/site-packages/airflow/example_dags/example_sla_dag.py
[2025-07-16T07:38:12.006+0000] {processor.py:914} INFO - Processing file /home/airflow/.local/lib/python3.12/site-packages/airflow/example_dags/example_sla_dag.py for tasks to queue
[2025-07-16T07:38:12.009+0000] {logging_mixin.py:190} INFO - [2025-07-16T07:38:12.008+0000] {dagbag.py:587} INFO - Filling up the DagBag from /home/airflow/.local/lib/python3.12/site-packages/airflow/example_dags/example_sla_dag.py
[2025-07-16T07:38:12.021+0000] {processor.py:925} INFO - DAG(s) 'example_sla_dag' retrieved from /home/airflow/.local/lib/python3.12/site-packages/airflow/example_dags/example_sla_dag.py
[2025-07-16T07:38:12.041+0000] {logging_mixin.py:190} INFO - [2025-07-16T07:38:12.040+0000] {dag.py:3229} INFO - Sync 1 DAGs
[2025-07-16T07:38:12.068+0000] {logging_mixin.py:190} INFO - [2025-07-16T07:38:12.068+0000] {dag.py:4156} INFO - Setting next_dagrun for example_sla_dag to 2025-07-16 07:36:00+00:00, run_after=2025-07-16 07:38:00+00:00
[2025-07-16T07:38:12.090+0000] {processor.py:208} INFO - Processing /home/airflow/.local/lib/python3.12/site-packages/airflow/example_dags/example_sla_dag.py took 0.092 seconds
[2025-07-16T07:38:42.643+0000] {processor.py:186} INFO - Started process (PID=696) to work on /home/airflow/.local/lib/python3.12/site-packages/airflow/example_dags/example_sla_dag.py
[2025-07-16T07:38:42.644+0000] {processor.py:914} INFO - Processing file /home/airflow/.local/lib/python3.12/site-packages/airflow/example_dags/example_sla_dag.py for tasks to queue
[2025-07-16T07:38:42.646+0000] {logging_mixin.py:190} INFO - [2025-07-16T07:38:42.646+0000] {dagbag.py:587} INFO - Filling up the DagBag from /home/airflow/.local/lib/python3.12/site-packages/airflow/example_dags/example_sla_dag.py
[2025-07-16T07:38:42.657+0000] {processor.py:925} INFO - DAG(s) 'example_sla_dag' retrieved from /home/airflow/.local/lib/python3.12/site-packages/airflow/example_dags/example_sla_dag.py
[2025-07-16T07:38:42.677+0000] {logging_mixin.py:190} INFO - [2025-07-16T07:38:42.676+0000] {dag.py:3229} INFO - Sync 1 DAGs
[2025-07-16T07:38:42.703+0000] {logging_mixin.py:190} INFO - [2025-07-16T07:38:42.703+0000] {dag.py:4156} INFO - Setting next_dagrun for example_sla_dag to 2025-07-16 07:36:00+00:00, run_after=2025-07-16 07:38:00+00:00
[2025-07-16T07:38:42.726+0000] {processor.py:208} INFO - Processing /home/airflow/.local/lib/python3.12/site-packages/airflow/example_dags/example_sla_dag.py took 0.091 seconds
[2025-07-16T07:39:13.375+0000] {processor.py:186} INFO - Started process (PID=753) to work on /home/airflow/.local/lib/python3.12/site-packages/airflow/example_dags/example_sla_dag.py
[2025-07-16T07:39:13.376+0000] {processor.py:914} INFO - Processing file /home/airflow/.local/lib/python3.12/site-packages/airflow/example_dags/example_sla_dag.py for tasks to queue
[2025-07-16T07:39:13.379+0000] {logging_mixin.py:190} INFO - [2025-07-16T07:39:13.379+0000] {dagbag.py:587} INFO - Filling up the DagBag from /home/airflow/.local/lib/python3.12/site-packages/airflow/example_dags/example_sla_dag.py
[2025-07-16T07:39:13.390+0000] {processor.py:925} INFO - DAG(s) 'example_sla_dag' retrieved from /home/airflow/.local/lib/python3.12/site-packages/airflow/example_dags/example_sla_dag.py
[2025-07-16T07:39:13.410+0000] {logging_mixin.py:190} INFO - [2025-07-16T07:39:13.410+0000] {dag.py:3229} INFO - Sync 1 DAGs
[2025-07-16T07:39:13.438+0000] {logging_mixin.py:190} INFO - [2025-07-16T07:39:13.438+0000] {dag.py:4156} INFO - Setting next_dagrun for example_sla_dag to 2025-07-16 07:36:00+00:00, run_after=2025-07-16 07:38:00+00:00
[2025-07-16T07:39:13.459+0000] {processor.py:208} INFO - Processing /home/airflow/.local/lib/python3.12/site-packages/airflow/example_dags/example_sla_dag.py took 0.092 seconds
[2025-07-16T07:39:43.826+0000] {processor.py:186} INFO - Started process (PID=810) to work on /home/airflow/.local/lib/python3.12/site-packages/airflow/example_dags/example_sla_dag.py
[2025-07-16T07:39:43.828+0000] {processor.py:914} INFO - Processing file /home/airflow/.local/lib/python3.12/site-packages/airflow/example_dags/example_sla_dag.py for tasks to queue
[2025-07-16T07:39:43.832+0000] {logging_mixin.py:190} INFO - [2025-07-16T07:39:43.831+0000] {dagbag.py:587} INFO - Filling up the DagBag from /home/airflow/.local/lib/python3.12/site-packages/airflow/example_dags/example_sla_dag.py
[2025-07-16T07:39:43.845+0000] {processor.py:925} INFO - DAG(s) 'example_sla_dag' retrieved from /home/airflow/.local/lib/python3.12/site-packages/airflow/example_dags/example_sla_dag.py
[2025-07-16T07:39:43.869+0000] {logging_mixin.py:190} INFO - [2025-07-16T07:39:43.869+0000] {dag.py:3229} INFO - Sync 1 DAGs
[2025-07-16T07:39:43.906+0000] {logging_mixin.py:190} INFO - [2025-07-16T07:39:43.906+0000] {dag.py:4156} INFO - Setting next_dagrun for example_sla_dag to 2025-07-16 07:36:00+00:00, run_after=2025-07-16 07:38:00+00:00
[2025-07-16T07:39:43.944+0000] {processor.py:208} INFO - Processing /home/airflow/.local/lib/python3.12/site-packages/airflow/example_dags/example_sla_dag.py took 0.125 seconds
[2025-07-16T07:40:14.358+0000] {processor.py:186} INFO - Started process (PID=867) to work on /home/airflow/.local/lib/python3.12/site-packages/airflow/example_dags/example_sla_dag.py
[2025-07-16T07:40:14.359+0000] {processor.py:914} INFO - Processing file /home/airflow/.local/lib/python3.12/site-packages/airflow/example_dags/example_sla_dag.py for tasks to queue
[2025-07-16T07:40:14.362+0000] {logging_mixin.py:190} INFO - [2025-07-16T07:40:14.362+0000] {dagbag.py:587} INFO - Filling up the DagBag from /home/airflow/.local/lib/python3.12/site-packages/airflow/example_dags/example_sla_dag.py
[2025-07-16T07:40:14.373+0000] {processor.py:925} INFO - DAG(s) 'example_sla_dag' retrieved from /home/airflow/.local/lib/python3.12/site-packages/airflow/example_dags/example_sla_dag.py
[2025-07-16T07:40:14.394+0000] {logging_mixin.py:190} INFO - [2025-07-16T07:40:14.393+0000] {dag.py:3229} INFO - Sync 1 DAGs
[2025-07-16T07:40:14.420+0000] {logging_mixin.py:190} INFO - [2025-07-16T07:40:14.420+0000] {dag.py:4156} INFO - Setting next_dagrun for example_sla_dag to 2025-07-16 07:38:00+00:00, run_after=2025-07-16 07:40:00+00:00
[2025-07-16T07:40:14.446+0000] {processor.py:208} INFO - Processing /home/airflow/.local/lib/python3.12/site-packages/airflow/example_dags/example_sla_dag.py took 0.096 seconds
[2025-07-16T07:40:45.315+0000] {processor.py:186} INFO - Started process (PID=924) to work on /home/airflow/.local/lib/python3.12/site-packages/airflow/example_dags/example_sla_dag.py
[2025-07-16T07:40:45.317+0000] {processor.py:914} INFO - Processing file /home/airflow/.local/lib/python3.12/site-packages/airflow/example_dags/example_sla_dag.py for tasks to queue
[2025-07-16T07:40:45.320+0000] {logging_mixin.py:190} INFO - [2025-07-16T07:40:45.320+0000] {dagbag.py:587} INFO - Filling up the DagBag from /home/airflow/.local/lib/python3.12/site-packages/airflow/example_dags/example_sla_dag.py
[2025-07-16T07:40:45.332+0000] {processor.py:925} INFO - DAG(s) 'example_sla_dag' retrieved from /home/airflow/.local/lib/python3.12/site-packages/airflow/example_dags/example_sla_dag.py
[2025-07-16T07:40:45.353+0000] {logging_mixin.py:190} INFO - [2025-07-16T07:40:45.353+0000] {dag.py:3229} INFO - Sync 1 DAGs
[2025-07-16T07:40:45.382+0000] {logging_mixin.py:190} INFO - [2025-07-16T07:40:45.381+0000] {dag.py:4156} INFO - Setting next_dagrun for example_sla_dag to 2025-07-16 07:38:00+00:00, run_after=2025-07-16 07:40:00+00:00
[2025-07-16T07:40:45.404+0000] {processor.py:208} INFO - Processing /home/airflow/.local/lib/python3.12/site-packages/airflow/example_dags/example_sla_dag.py took 0.096 seconds
