[2025-07-16T07:10:17.845+0000] {processor.py:186} INFO - Started process (PID=73) to work on /home/airflow/.local/lib/python3.12/site-packages/airflow/example_dags/example_xcomargs.py
[2025-07-16T07:10:17.846+0000] {processor.py:914} INFO - Processing file /home/airflow/.local/lib/python3.12/site-packages/airflow/example_dags/example_xcomargs.py for tasks to queue
[2025-07-16T07:10:17.849+0000] {logging_mixin.py:190} INFO - [2025-07-16T07:10:17.849+0000] {dagbag.py:587} INFO - Filling up the DagBag from /home/airflow/.local/lib/python3.12/site-packages/airflow/example_dags/example_xcomargs.py
[2025-07-16T07:10:17.860+0000] {processor.py:925} INFO - DAG(s) 'example_xcom_args', 'example_xcom_args_with_operators' retrieved from /home/airflow/.local/lib/python3.12/site-packages/airflow/example_dags/example_xcomargs.py
[2025-07-16T07:10:17.889+0000] {logging_mixin.py:190} INFO - [2025-07-16T07:10:17.889+0000] {dag.py:3229} INFO - Sync 2 DAGs
[2025-07-16T07:10:17.908+0000] {logging_mixin.py:190} INFO - [2025-07-16T07:10:17.907+0000] {dag.py:4156} INFO - Setting next_dagrun for example_xcom_args to None, run_after=None
[2025-07-16T07:10:17.913+0000] {logging_mixin.py:190} INFO - [2025-07-16T07:10:17.913+0000] {dag.py:4156} INFO - Setting next_dagrun for example_xcom_args_with_operators to None, run_after=None
[2025-07-16T07:10:17.935+0000] {processor.py:208} INFO - Processing /home/airflow/.local/lib/python3.12/site-packages/airflow/example_dags/example_xcomargs.py took 0.097 seconds
[2025-07-16T07:10:48.017+0000] {processor.py:186} INFO - Started process (PID=130) to work on /home/airflow/.local/lib/python3.12/site-packages/airflow/example_dags/example_xcomargs.py
[2025-07-16T07:10:48.018+0000] {processor.py:914} INFO - Processing file /home/airflow/.local/lib/python3.12/site-packages/airflow/example_dags/example_xcomargs.py for tasks to queue
[2025-07-16T07:10:48.021+0000] {logging_mixin.py:190} INFO - [2025-07-16T07:10:48.020+0000] {dagbag.py:587} INFO - Filling up the DagBag from /home/airflow/.local/lib/python3.12/site-packages/airflow/example_dags/example_xcomargs.py
[2025-07-16T07:10:48.031+0000] {processor.py:925} INFO - DAG(s) 'example_xcom_args', 'example_xcom_args_with_operators' retrieved from /home/airflow/.local/lib/python3.12/site-packages/airflow/example_dags/example_xcomargs.py
[2025-07-16T07:10:48.058+0000] {logging_mixin.py:190} INFO - [2025-07-16T07:10:48.058+0000] {dag.py:3229} INFO - Sync 2 DAGs
[2025-07-16T07:10:48.073+0000] {logging_mixin.py:190} INFO - [2025-07-16T07:10:48.073+0000] {dag.py:4156} INFO - Setting next_dagrun for example_xcom_args to None, run_after=None
[2025-07-16T07:10:48.077+0000] {logging_mixin.py:190} INFO - [2025-07-16T07:10:48.077+0000] {dag.py:4156} INFO - Setting next_dagrun for example_xcom_args_with_operators to None, run_after=None
[2025-07-16T07:10:48.102+0000] {processor.py:208} INFO - Processing /home/airflow/.local/lib/python3.12/site-packages/airflow/example_dags/example_xcomargs.py took 0.091 seconds
[2025-07-16T07:11:18.757+0000] {processor.py:186} INFO - Started process (PID=187) to work on /home/airflow/.local/lib/python3.12/site-packages/airflow/example_dags/example_xcomargs.py
[2025-07-16T07:11:18.758+0000] {processor.py:914} INFO - Processing file /home/airflow/.local/lib/python3.12/site-packages/airflow/example_dags/example_xcomargs.py for tasks to queue
[2025-07-16T07:11:18.760+0000] {logging_mixin.py:190} INFO - [2025-07-16T07:11:18.760+0000] {dagbag.py:587} INFO - Filling up the DagBag from /home/airflow/.local/lib/python3.12/site-packages/airflow/example_dags/example_xcomargs.py
[2025-07-16T07:11:18.771+0000] {processor.py:925} INFO - DAG(s) 'example_xcom_args_with_operators', 'example_xcom_args' retrieved from /home/airflow/.local/lib/python3.12/site-packages/airflow/example_dags/example_xcomargs.py
[2025-07-16T07:11:18.796+0000] {logging_mixin.py:190} INFO - [2025-07-16T07:11:18.796+0000] {dag.py:3229} INFO - Sync 2 DAGs
[2025-07-16T07:11:18.813+0000] {logging_mixin.py:190} INFO - [2025-07-16T07:11:18.813+0000] {dag.py:4156} INFO - Setting next_dagrun for example_xcom_args to None, run_after=None
[2025-07-16T07:11:18.817+0000] {logging_mixin.py:190} INFO - [2025-07-16T07:11:18.817+0000] {dag.py:4156} INFO - Setting next_dagrun for example_xcom_args_with_operators to None, run_after=None
[2025-07-16T07:11:18.838+0000] {processor.py:208} INFO - Processing /home/airflow/.local/lib/python3.12/site-packages/airflow/example_dags/example_xcomargs.py took 0.088 seconds
[2025-07-16T07:11:49.411+0000] {processor.py:186} INFO - Started process (PID=244) to work on /home/airflow/.local/lib/python3.12/site-packages/airflow/example_dags/example_xcomargs.py
[2025-07-16T07:11:49.412+0000] {processor.py:914} INFO - Processing file /home/airflow/.local/lib/python3.12/site-packages/airflow/example_dags/example_xcomargs.py for tasks to queue
[2025-07-16T07:11:49.415+0000] {logging_mixin.py:190} INFO - [2025-07-16T07:11:49.414+0000] {dagbag.py:587} INFO - Filling up the DagBag from /home/airflow/.local/lib/python3.12/site-packages/airflow/example_dags/example_xcomargs.py
[2025-07-16T07:11:49.426+0000] {processor.py:925} INFO - DAG(s) 'example_xcom_args_with_operators', 'example_xcom_args' retrieved from /home/airflow/.local/lib/python3.12/site-packages/airflow/example_dags/example_xcomargs.py
[2025-07-16T07:11:49.454+0000] {logging_mixin.py:190} INFO - [2025-07-16T07:11:49.453+0000] {dag.py:3229} INFO - Sync 2 DAGs
[2025-07-16T07:11:49.472+0000] {logging_mixin.py:190} INFO - [2025-07-16T07:11:49.472+0000] {dag.py:4156} INFO - Setting next_dagrun for example_xcom_args to None, run_after=None
[2025-07-16T07:11:49.478+0000] {logging_mixin.py:190} INFO - [2025-07-16T07:11:49.478+0000] {dag.py:4156} INFO - Setting next_dagrun for example_xcom_args_with_operators to None, run_after=None
[2025-07-16T07:11:49.500+0000] {processor.py:208} INFO - Processing /home/airflow/.local/lib/python3.12/site-packages/airflow/example_dags/example_xcomargs.py took 0.096 seconds
[2025-07-16T07:12:19.783+0000] {processor.py:186} INFO - Started process (PID=301) to work on /home/airflow/.local/lib/python3.12/site-packages/airflow/example_dags/example_xcomargs.py
[2025-07-16T07:12:19.784+0000] {processor.py:914} INFO - Processing file /home/airflow/.local/lib/python3.12/site-packages/airflow/example_dags/example_xcomargs.py for tasks to queue
[2025-07-16T07:12:19.787+0000] {logging_mixin.py:190} INFO - [2025-07-16T07:12:19.786+0000] {dagbag.py:587} INFO - Filling up the DagBag from /home/airflow/.local/lib/python3.12/site-packages/airflow/example_dags/example_xcomargs.py
[2025-07-16T07:12:19.798+0000] {processor.py:925} INFO - DAG(s) 'example_xcom_args_with_operators', 'example_xcom_args' retrieved from /home/airflow/.local/lib/python3.12/site-packages/airflow/example_dags/example_xcomargs.py
[2025-07-16T07:12:19.825+0000] {logging_mixin.py:190} INFO - [2025-07-16T07:12:19.825+0000] {dag.py:3229} INFO - Sync 2 DAGs
[2025-07-16T07:12:19.844+0000] {logging_mixin.py:190} INFO - [2025-07-16T07:12:19.843+0000] {dag.py:4156} INFO - Setting next_dagrun for example_xcom_args to None, run_after=None
[2025-07-16T07:12:19.849+0000] {logging_mixin.py:190} INFO - [2025-07-16T07:12:19.849+0000] {dag.py:4156} INFO - Setting next_dagrun for example_xcom_args_with_operators to None, run_after=None
[2025-07-16T07:12:19.872+0000] {processor.py:208} INFO - Processing /home/airflow/.local/lib/python3.12/site-packages/airflow/example_dags/example_xcomargs.py took 0.095 seconds
[2025-07-16T07:12:51.142+0000] {processor.py:186} INFO - Started process (PID=358) to work on /home/airflow/.local/lib/python3.12/site-packages/airflow/example_dags/example_xcomargs.py
[2025-07-16T07:12:51.143+0000] {processor.py:914} INFO - Processing file /home/airflow/.local/lib/python3.12/site-packages/airflow/example_dags/example_xcomargs.py for tasks to queue
[2025-07-16T07:12:51.146+0000] {logging_mixin.py:190} INFO - [2025-07-16T07:12:51.146+0000] {dagbag.py:587} INFO - Filling up the DagBag from /home/airflow/.local/lib/python3.12/site-packages/airflow/example_dags/example_xcomargs.py
[2025-07-16T07:12:51.161+0000] {processor.py:925} INFO - DAG(s) 'example_xcom_args', 'example_xcom_args_with_operators' retrieved from /home/airflow/.local/lib/python3.12/site-packages/airflow/example_dags/example_xcomargs.py
[2025-07-16T07:12:51.198+0000] {logging_mixin.py:190} INFO - [2025-07-16T07:12:51.198+0000] {dag.py:3229} INFO - Sync 2 DAGs
[2025-07-16T07:12:51.222+0000] {logging_mixin.py:190} INFO - [2025-07-16T07:12:51.221+0000] {dag.py:4156} INFO - Setting next_dagrun for example_xcom_args to None, run_after=None
[2025-07-16T07:12:51.228+0000] {logging_mixin.py:190} INFO - [2025-07-16T07:12:51.227+0000] {dag.py:4156} INFO - Setting next_dagrun for example_xcom_args_with_operators to None, run_after=None
[2025-07-16T07:12:51.255+0000] {processor.py:208} INFO - Processing /home/airflow/.local/lib/python3.12/site-packages/airflow/example_dags/example_xcomargs.py took 0.124 seconds
[2025-07-16T07:13:22.017+0000] {processor.py:186} INFO - Started process (PID=415) to work on /home/airflow/.local/lib/python3.12/site-packages/airflow/example_dags/example_xcomargs.py
[2025-07-16T07:13:22.018+0000] {processor.py:914} INFO - Processing file /home/airflow/.local/lib/python3.12/site-packages/airflow/example_dags/example_xcomargs.py for tasks to queue
[2025-07-16T07:13:22.021+0000] {logging_mixin.py:190} INFO - [2025-07-16T07:13:22.020+0000] {dagbag.py:587} INFO - Filling up the DagBag from /home/airflow/.local/lib/python3.12/site-packages/airflow/example_dags/example_xcomargs.py
[2025-07-16T07:13:22.032+0000] {processor.py:925} INFO - DAG(s) 'example_xcom_args_with_operators', 'example_xcom_args' retrieved from /home/airflow/.local/lib/python3.12/site-packages/airflow/example_dags/example_xcomargs.py
[2025-07-16T07:13:22.060+0000] {logging_mixin.py:190} INFO - [2025-07-16T07:13:22.060+0000] {dag.py:3229} INFO - Sync 2 DAGs
[2025-07-16T07:13:22.076+0000] {logging_mixin.py:190} INFO - [2025-07-16T07:13:22.076+0000] {dag.py:4156} INFO - Setting next_dagrun for example_xcom_args to None, run_after=None
[2025-07-16T07:13:22.080+0000] {logging_mixin.py:190} INFO - [2025-07-16T07:13:22.079+0000] {dag.py:4156} INFO - Setting next_dagrun for example_xcom_args_with_operators to None, run_after=None
[2025-07-16T07:13:22.101+0000] {processor.py:208} INFO - Processing /home/airflow/.local/lib/python3.12/site-packages/airflow/example_dags/example_xcomargs.py took 0.091 seconds
[2025-07-16T07:13:52.309+0000] {processor.py:186} INFO - Started process (PID=472) to work on /home/airflow/.local/lib/python3.12/site-packages/airflow/example_dags/example_xcomargs.py
[2025-07-16T07:13:52.310+0000] {processor.py:914} INFO - Processing file /home/airflow/.local/lib/python3.12/site-packages/airflow/example_dags/example_xcomargs.py for tasks to queue
[2025-07-16T07:13:52.313+0000] {logging_mixin.py:190} INFO - [2025-07-16T07:13:52.312+0000] {dagbag.py:587} INFO - Filling up the DagBag from /home/airflow/.local/lib/python3.12/site-packages/airflow/example_dags/example_xcomargs.py
[2025-07-16T07:13:52.323+0000] {processor.py:925} INFO - DAG(s) 'example_xcom_args', 'example_xcom_args_with_operators' retrieved from /home/airflow/.local/lib/python3.12/site-packages/airflow/example_dags/example_xcomargs.py
[2025-07-16T07:13:52.350+0000] {logging_mixin.py:190} INFO - [2025-07-16T07:13:52.350+0000] {dag.py:3229} INFO - Sync 2 DAGs
[2025-07-16T07:13:52.367+0000] {logging_mixin.py:190} INFO - [2025-07-16T07:13:52.367+0000] {dag.py:4156} INFO - Setting next_dagrun for example_xcom_args to None, run_after=None
[2025-07-16T07:13:52.372+0000] {logging_mixin.py:190} INFO - [2025-07-16T07:13:52.372+0000] {dag.py:4156} INFO - Setting next_dagrun for example_xcom_args_with_operators to None, run_after=None
[2025-07-16T07:13:52.393+0000] {processor.py:208} INFO - Processing /home/airflow/.local/lib/python3.12/site-packages/airflow/example_dags/example_xcomargs.py took 0.091 seconds
[2025-07-16T07:14:22.551+0000] {processor.py:186} INFO - Started process (PID=529) to work on /home/airflow/.local/lib/python3.12/site-packages/airflow/example_dags/example_xcomargs.py
[2025-07-16T07:14:22.552+0000] {processor.py:914} INFO - Processing file /home/airflow/.local/lib/python3.12/site-packages/airflow/example_dags/example_xcomargs.py for tasks to queue
[2025-07-16T07:14:22.554+0000] {logging_mixin.py:190} INFO - [2025-07-16T07:14:22.554+0000] {dagbag.py:587} INFO - Filling up the DagBag from /home/airflow/.local/lib/python3.12/site-packages/airflow/example_dags/example_xcomargs.py
[2025-07-16T07:14:22.565+0000] {processor.py:925} INFO - DAG(s) 'example_xcom_args', 'example_xcom_args_with_operators' retrieved from /home/airflow/.local/lib/python3.12/site-packages/airflow/example_dags/example_xcomargs.py
[2025-07-16T07:14:22.589+0000] {logging_mixin.py:190} INFO - [2025-07-16T07:14:22.589+0000] {dag.py:3229} INFO - Sync 2 DAGs
[2025-07-16T07:14:22.607+0000] {logging_mixin.py:190} INFO - [2025-07-16T07:14:22.607+0000] {dag.py:4156} INFO - Setting next_dagrun for example_xcom_args to None, run_after=None
[2025-07-16T07:14:22.612+0000] {logging_mixin.py:190} INFO - [2025-07-16T07:14:22.611+0000] {dag.py:4156} INFO - Setting next_dagrun for example_xcom_args_with_operators to None, run_after=None
[2025-07-16T07:14:22.633+0000] {processor.py:208} INFO - Processing /home/airflow/.local/lib/python3.12/site-packages/airflow/example_dags/example_xcomargs.py took 0.089 seconds
[2025-07-16T07:14:53.077+0000] {processor.py:186} INFO - Started process (PID=586) to work on /home/airflow/.local/lib/python3.12/site-packages/airflow/example_dags/example_xcomargs.py
[2025-07-16T07:14:53.078+0000] {processor.py:914} INFO - Processing file /home/airflow/.local/lib/python3.12/site-packages/airflow/example_dags/example_xcomargs.py for tasks to queue
[2025-07-16T07:14:53.081+0000] {logging_mixin.py:190} INFO - [2025-07-16T07:14:53.080+0000] {dagbag.py:587} INFO - Filling up the DagBag from /home/airflow/.local/lib/python3.12/site-packages/airflow/example_dags/example_xcomargs.py
[2025-07-16T07:14:53.096+0000] {processor.py:925} INFO - DAG(s) 'example_xcom_args_with_operators', 'example_xcom_args' retrieved from /home/airflow/.local/lib/python3.12/site-packages/airflow/example_dags/example_xcomargs.py
[2025-07-16T07:14:53.124+0000] {logging_mixin.py:190} INFO - [2025-07-16T07:14:53.124+0000] {dag.py:3229} INFO - Sync 2 DAGs
[2025-07-16T07:14:53.141+0000] {logging_mixin.py:190} INFO - [2025-07-16T07:14:53.141+0000] {dag.py:4156} INFO - Setting next_dagrun for example_xcom_args to None, run_after=None
[2025-07-16T07:14:53.146+0000] {logging_mixin.py:190} INFO - [2025-07-16T07:14:53.145+0000] {dag.py:4156} INFO - Setting next_dagrun for example_xcom_args_with_operators to None, run_after=None
[2025-07-16T07:14:53.168+0000] {processor.py:208} INFO - Processing /home/airflow/.local/lib/python3.12/site-packages/airflow/example_dags/example_xcomargs.py took 0.097 seconds
[2025-07-16T07:15:23.966+0000] {processor.py:186} INFO - Started process (PID=643) to work on /home/airflow/.local/lib/python3.12/site-packages/airflow/example_dags/example_xcomargs.py
[2025-07-16T07:15:23.967+0000] {processor.py:914} INFO - Processing file /home/airflow/.local/lib/python3.12/site-packages/airflow/example_dags/example_xcomargs.py for tasks to queue
[2025-07-16T07:15:23.970+0000] {logging_mixin.py:190} INFO - [2025-07-16T07:15:23.969+0000] {dagbag.py:587} INFO - Filling up the DagBag from /home/airflow/.local/lib/python3.12/site-packages/airflow/example_dags/example_xcomargs.py
[2025-07-16T07:15:23.981+0000] {processor.py:925} INFO - DAG(s) 'example_xcom_args_with_operators', 'example_xcom_args' retrieved from /home/airflow/.local/lib/python3.12/site-packages/airflow/example_dags/example_xcomargs.py
[2025-07-16T07:15:24.007+0000] {logging_mixin.py:190} INFO - [2025-07-16T07:15:24.007+0000] {dag.py:3229} INFO - Sync 2 DAGs
[2025-07-16T07:15:24.025+0000] {logging_mixin.py:190} INFO - [2025-07-16T07:15:24.025+0000] {dag.py:4156} INFO - Setting next_dagrun for example_xcom_args to None, run_after=None
[2025-07-16T07:15:24.029+0000] {logging_mixin.py:190} INFO - [2025-07-16T07:15:24.029+0000] {dag.py:4156} INFO - Setting next_dagrun for example_xcom_args_with_operators to None, run_after=None
[2025-07-16T07:15:24.049+0000] {processor.py:208} INFO - Processing /home/airflow/.local/lib/python3.12/site-packages/airflow/example_dags/example_xcomargs.py took 0.091 seconds
[2025-07-16T07:15:54.598+0000] {processor.py:186} INFO - Started process (PID=700) to work on /home/airflow/.local/lib/python3.12/site-packages/airflow/example_dags/example_xcomargs.py
[2025-07-16T07:15:54.599+0000] {processor.py:914} INFO - Processing file /home/airflow/.local/lib/python3.12/site-packages/airflow/example_dags/example_xcomargs.py for tasks to queue
[2025-07-16T07:15:54.602+0000] {logging_mixin.py:190} INFO - [2025-07-16T07:15:54.601+0000] {dagbag.py:587} INFO - Filling up the DagBag from /home/airflow/.local/lib/python3.12/site-packages/airflow/example_dags/example_xcomargs.py
[2025-07-16T07:15:54.614+0000] {processor.py:925} INFO - DAG(s) 'example_xcom_args', 'example_xcom_args_with_operators' retrieved from /home/airflow/.local/lib/python3.12/site-packages/airflow/example_dags/example_xcomargs.py
[2025-07-16T07:15:54.641+0000] {logging_mixin.py:190} INFO - [2025-07-16T07:15:54.641+0000] {dag.py:3229} INFO - Sync 2 DAGs
[2025-07-16T07:15:54.658+0000] {logging_mixin.py:190} INFO - [2025-07-16T07:15:54.658+0000] {dag.py:4156} INFO - Setting next_dagrun for example_xcom_args to None, run_after=None
[2025-07-16T07:15:54.662+0000] {logging_mixin.py:190} INFO - [2025-07-16T07:15:54.662+0000] {dag.py:4156} INFO - Setting next_dagrun for example_xcom_args_with_operators to None, run_after=None
[2025-07-16T07:15:54.684+0000] {processor.py:208} INFO - Processing /home/airflow/.local/lib/python3.12/site-packages/airflow/example_dags/example_xcomargs.py took 0.092 seconds
[2025-07-16T07:16:25.247+0000] {processor.py:186} INFO - Started process (PID=757) to work on /home/airflow/.local/lib/python3.12/site-packages/airflow/example_dags/example_xcomargs.py
[2025-07-16T07:16:25.248+0000] {processor.py:914} INFO - Processing file /home/airflow/.local/lib/python3.12/site-packages/airflow/example_dags/example_xcomargs.py for tasks to queue
[2025-07-16T07:16:25.251+0000] {logging_mixin.py:190} INFO - [2025-07-16T07:16:25.251+0000] {dagbag.py:587} INFO - Filling up the DagBag from /home/airflow/.local/lib/python3.12/site-packages/airflow/example_dags/example_xcomargs.py
[2025-07-16T07:16:25.264+0000] {processor.py:925} INFO - DAG(s) 'example_xcom_args_with_operators', 'example_xcom_args' retrieved from /home/airflow/.local/lib/python3.12/site-packages/airflow/example_dags/example_xcomargs.py
[2025-07-16T07:16:25.298+0000] {logging_mixin.py:190} INFO - [2025-07-16T07:16:25.298+0000] {dag.py:3229} INFO - Sync 2 DAGs
[2025-07-16T07:16:25.316+0000] {logging_mixin.py:190} INFO - [2025-07-16T07:16:25.316+0000] {dag.py:4156} INFO - Setting next_dagrun for example_xcom_args to None, run_after=None
[2025-07-16T07:16:25.323+0000] {logging_mixin.py:190} INFO - [2025-07-16T07:16:25.323+0000] {dag.py:4156} INFO - Setting next_dagrun for example_xcom_args_with_operators to None, run_after=None
[2025-07-16T07:16:25.351+0000] {processor.py:208} INFO - Processing /home/airflow/.local/lib/python3.12/site-packages/airflow/example_dags/example_xcomargs.py took 0.118 seconds
[2025-07-16T07:16:55.690+0000] {processor.py:186} INFO - Started process (PID=814) to work on /home/airflow/.local/lib/python3.12/site-packages/airflow/example_dags/example_xcomargs.py
[2025-07-16T07:16:55.691+0000] {processor.py:914} INFO - Processing file /home/airflow/.local/lib/python3.12/site-packages/airflow/example_dags/example_xcomargs.py for tasks to queue
[2025-07-16T07:16:55.693+0000] {logging_mixin.py:190} INFO - [2025-07-16T07:16:55.693+0000] {dagbag.py:587} INFO - Filling up the DagBag from /home/airflow/.local/lib/python3.12/site-packages/airflow/example_dags/example_xcomargs.py
[2025-07-16T07:16:55.706+0000] {processor.py:925} INFO - DAG(s) 'example_xcom_args', 'example_xcom_args_with_operators' retrieved from /home/airflow/.local/lib/python3.12/site-packages/airflow/example_dags/example_xcomargs.py
[2025-07-16T07:16:55.738+0000] {logging_mixin.py:190} INFO - [2025-07-16T07:16:55.737+0000] {dag.py:3229} INFO - Sync 2 DAGs
[2025-07-16T07:16:55.757+0000] {logging_mixin.py:190} INFO - [2025-07-16T07:16:55.756+0000] {dag.py:4156} INFO - Setting next_dagrun for example_xcom_args to None, run_after=None
[2025-07-16T07:16:55.762+0000] {logging_mixin.py:190} INFO - [2025-07-16T07:16:55.762+0000] {dag.py:4156} INFO - Setting next_dagrun for example_xcom_args_with_operators to None, run_after=None
[2025-07-16T07:16:55.786+0000] {processor.py:208} INFO - Processing /home/airflow/.local/lib/python3.12/site-packages/airflow/example_dags/example_xcomargs.py took 0.104 seconds
[2025-07-16T07:17:26.405+0000] {processor.py:186} INFO - Started process (PID=871) to work on /home/airflow/.local/lib/python3.12/site-packages/airflow/example_dags/example_xcomargs.py
[2025-07-16T07:17:26.407+0000] {processor.py:914} INFO - Processing file /home/airflow/.local/lib/python3.12/site-packages/airflow/example_dags/example_xcomargs.py for tasks to queue
[2025-07-16T07:17:26.409+0000] {logging_mixin.py:190} INFO - [2025-07-16T07:17:26.409+0000] {dagbag.py:587} INFO - Filling up the DagBag from /home/airflow/.local/lib/python3.12/site-packages/airflow/example_dags/example_xcomargs.py
[2025-07-16T07:17:26.419+0000] {processor.py:925} INFO - DAG(s) 'example_xcom_args', 'example_xcom_args_with_operators' retrieved from /home/airflow/.local/lib/python3.12/site-packages/airflow/example_dags/example_xcomargs.py
[2025-07-16T07:17:26.445+0000] {logging_mixin.py:190} INFO - [2025-07-16T07:17:26.444+0000] {dag.py:3229} INFO - Sync 2 DAGs
[2025-07-16T07:17:26.461+0000] {logging_mixin.py:190} INFO - [2025-07-16T07:17:26.461+0000] {dag.py:4156} INFO - Setting next_dagrun for example_xcom_args to None, run_after=None
[2025-07-16T07:17:26.466+0000] {logging_mixin.py:190} INFO - [2025-07-16T07:17:26.466+0000] {dag.py:4156} INFO - Setting next_dagrun for example_xcom_args_with_operators to None, run_after=None
[2025-07-16T07:17:26.489+0000] {processor.py:208} INFO - Processing /home/airflow/.local/lib/python3.12/site-packages/airflow/example_dags/example_xcomargs.py took 0.090 seconds
[2025-07-16T07:17:57.163+0000] {processor.py:186} INFO - Started process (PID=928) to work on /home/airflow/.local/lib/python3.12/site-packages/airflow/example_dags/example_xcomargs.py
[2025-07-16T07:17:57.164+0000] {processor.py:914} INFO - Processing file /home/airflow/.local/lib/python3.12/site-packages/airflow/example_dags/example_xcomargs.py for tasks to queue
[2025-07-16T07:17:57.167+0000] {logging_mixin.py:190} INFO - [2025-07-16T07:17:57.167+0000] {dagbag.py:587} INFO - Filling up the DagBag from /home/airflow/.local/lib/python3.12/site-packages/airflow/example_dags/example_xcomargs.py
[2025-07-16T07:17:57.180+0000] {processor.py:925} INFO - DAG(s) 'example_xcom_args', 'example_xcom_args_with_operators' retrieved from /home/airflow/.local/lib/python3.12/site-packages/airflow/example_dags/example_xcomargs.py
[2025-07-16T07:17:57.209+0000] {logging_mixin.py:190} INFO - [2025-07-16T07:17:57.208+0000] {dag.py:3229} INFO - Sync 2 DAGs
[2025-07-16T07:17:57.226+0000] {logging_mixin.py:190} INFO - [2025-07-16T07:17:57.226+0000] {dag.py:4156} INFO - Setting next_dagrun for example_xcom_args to None, run_after=None
[2025-07-16T07:17:57.231+0000] {logging_mixin.py:190} INFO - [2025-07-16T07:17:57.231+0000] {dag.py:4156} INFO - Setting next_dagrun for example_xcom_args_with_operators to None, run_after=None
[2025-07-16T07:17:57.255+0000] {processor.py:208} INFO - Processing /home/airflow/.local/lib/python3.12/site-packages/airflow/example_dags/example_xcomargs.py took 0.098 seconds
[2025-07-16T07:18:27.845+0000] {processor.py:186} INFO - Started process (PID=985) to work on /home/airflow/.local/lib/python3.12/site-packages/airflow/example_dags/example_xcomargs.py
[2025-07-16T07:18:27.846+0000] {processor.py:914} INFO - Processing file /home/airflow/.local/lib/python3.12/site-packages/airflow/example_dags/example_xcomargs.py for tasks to queue
[2025-07-16T07:18:27.849+0000] {logging_mixin.py:190} INFO - [2025-07-16T07:18:27.848+0000] {dagbag.py:587} INFO - Filling up the DagBag from /home/airflow/.local/lib/python3.12/site-packages/airflow/example_dags/example_xcomargs.py
[2025-07-16T07:18:27.860+0000] {processor.py:925} INFO - DAG(s) 'example_xcom_args_with_operators', 'example_xcom_args' retrieved from /home/airflow/.local/lib/python3.12/site-packages/airflow/example_dags/example_xcomargs.py
[2025-07-16T07:18:27.897+0000] {logging_mixin.py:190} INFO - [2025-07-16T07:18:27.896+0000] {dag.py:3229} INFO - Sync 2 DAGs
[2025-07-16T07:18:27.924+0000] {logging_mixin.py:190} INFO - [2025-07-16T07:18:27.924+0000] {dag.py:4156} INFO - Setting next_dagrun for example_xcom_args to None, run_after=None
[2025-07-16T07:18:27.929+0000] {logging_mixin.py:190} INFO - [2025-07-16T07:18:27.929+0000] {dag.py:4156} INFO - Setting next_dagrun for example_xcom_args_with_operators to None, run_after=None
[2025-07-16T07:18:27.959+0000] {processor.py:208} INFO - Processing /home/airflow/.local/lib/python3.12/site-packages/airflow/example_dags/example_xcomargs.py took 0.121 seconds
[2025-07-16T07:18:58.456+0000] {processor.py:186} INFO - Started process (PID=1042) to work on /home/airflow/.local/lib/python3.12/site-packages/airflow/example_dags/example_xcomargs.py
[2025-07-16T07:18:58.458+0000] {processor.py:914} INFO - Processing file /home/airflow/.local/lib/python3.12/site-packages/airflow/example_dags/example_xcomargs.py for tasks to queue
[2025-07-16T07:18:58.460+0000] {logging_mixin.py:190} INFO - [2025-07-16T07:18:58.460+0000] {dagbag.py:587} INFO - Filling up the DagBag from /home/airflow/.local/lib/python3.12/site-packages/airflow/example_dags/example_xcomargs.py
[2025-07-16T07:18:58.471+0000] {processor.py:925} INFO - DAG(s) 'example_xcom_args', 'example_xcom_args_with_operators' retrieved from /home/airflow/.local/lib/python3.12/site-packages/airflow/example_dags/example_xcomargs.py
[2025-07-16T07:18:58.496+0000] {logging_mixin.py:190} INFO - [2025-07-16T07:18:58.496+0000] {dag.py:3229} INFO - Sync 2 DAGs
[2025-07-16T07:18:58.514+0000] {logging_mixin.py:190} INFO - [2025-07-16T07:18:58.514+0000] {dag.py:4156} INFO - Setting next_dagrun for example_xcom_args to None, run_after=None
[2025-07-16T07:18:58.519+0000] {logging_mixin.py:190} INFO - [2025-07-16T07:18:58.519+0000] {dag.py:4156} INFO - Setting next_dagrun for example_xcom_args_with_operators to None, run_after=None
[2025-07-16T07:18:58.541+0000] {processor.py:208} INFO - Processing /home/airflow/.local/lib/python3.12/site-packages/airflow/example_dags/example_xcomargs.py took 0.091 seconds
[2025-07-16T07:19:29.036+0000] {processor.py:186} INFO - Started process (PID=1099) to work on /home/airflow/.local/lib/python3.12/site-packages/airflow/example_dags/example_xcomargs.py
[2025-07-16T07:19:29.038+0000] {processor.py:914} INFO - Processing file /home/airflow/.local/lib/python3.12/site-packages/airflow/example_dags/example_xcomargs.py for tasks to queue
[2025-07-16T07:19:29.040+0000] {logging_mixin.py:190} INFO - [2025-07-16T07:19:29.040+0000] {dagbag.py:587} INFO - Filling up the DagBag from /home/airflow/.local/lib/python3.12/site-packages/airflow/example_dags/example_xcomargs.py
[2025-07-16T07:19:29.052+0000] {processor.py:925} INFO - DAG(s) 'example_xcom_args', 'example_xcom_args_with_operators' retrieved from /home/airflow/.local/lib/python3.12/site-packages/airflow/example_dags/example_xcomargs.py
[2025-07-16T07:19:29.077+0000] {logging_mixin.py:190} INFO - [2025-07-16T07:19:29.076+0000] {dag.py:3229} INFO - Sync 2 DAGs
[2025-07-16T07:19:29.093+0000] {logging_mixin.py:190} INFO - [2025-07-16T07:19:29.092+0000] {dag.py:4156} INFO - Setting next_dagrun for example_xcom_args to None, run_after=None
[2025-07-16T07:19:29.097+0000] {logging_mixin.py:190} INFO - [2025-07-16T07:19:29.097+0000] {dag.py:4156} INFO - Setting next_dagrun for example_xcom_args_with_operators to None, run_after=None
[2025-07-16T07:19:29.116+0000] {processor.py:208} INFO - Processing /home/airflow/.local/lib/python3.12/site-packages/airflow/example_dags/example_xcomargs.py took 0.086 seconds
[2025-07-16T07:19:59.416+0000] {processor.py:186} INFO - Started process (PID=1156) to work on /home/airflow/.local/lib/python3.12/site-packages/airflow/example_dags/example_xcomargs.py
[2025-07-16T07:19:59.417+0000] {processor.py:914} INFO - Processing file /home/airflow/.local/lib/python3.12/site-packages/airflow/example_dags/example_xcomargs.py for tasks to queue
[2025-07-16T07:19:59.419+0000] {logging_mixin.py:190} INFO - [2025-07-16T07:19:59.419+0000] {dagbag.py:587} INFO - Filling up the DagBag from /home/airflow/.local/lib/python3.12/site-packages/airflow/example_dags/example_xcomargs.py
[2025-07-16T07:19:59.430+0000] {processor.py:925} INFO - DAG(s) 'example_xcom_args_with_operators', 'example_xcom_args' retrieved from /home/airflow/.local/lib/python3.12/site-packages/airflow/example_dags/example_xcomargs.py
[2025-07-16T07:19:59.455+0000] {logging_mixin.py:190} INFO - [2025-07-16T07:19:59.455+0000] {dag.py:3229} INFO - Sync 2 DAGs
[2025-07-16T07:19:59.472+0000] {logging_mixin.py:190} INFO - [2025-07-16T07:19:59.471+0000] {dag.py:4156} INFO - Setting next_dagrun for example_xcom_args to None, run_after=None
[2025-07-16T07:19:59.475+0000] {logging_mixin.py:190} INFO - [2025-07-16T07:19:59.475+0000] {dag.py:4156} INFO - Setting next_dagrun for example_xcom_args_with_operators to None, run_after=None
[2025-07-16T07:19:59.500+0000] {processor.py:208} INFO - Processing /home/airflow/.local/lib/python3.12/site-packages/airflow/example_dags/example_xcomargs.py took 0.091 seconds
[2025-07-16T07:20:29.803+0000] {processor.py:186} INFO - Started process (PID=1213) to work on /home/airflow/.local/lib/python3.12/site-packages/airflow/example_dags/example_xcomargs.py
[2025-07-16T07:20:29.804+0000] {processor.py:914} INFO - Processing file /home/airflow/.local/lib/python3.12/site-packages/airflow/example_dags/example_xcomargs.py for tasks to queue
[2025-07-16T07:20:29.807+0000] {logging_mixin.py:190} INFO - [2025-07-16T07:20:29.807+0000] {dagbag.py:587} INFO - Filling up the DagBag from /home/airflow/.local/lib/python3.12/site-packages/airflow/example_dags/example_xcomargs.py
[2025-07-16T07:20:29.818+0000] {processor.py:925} INFO - DAG(s) 'example_xcom_args_with_operators', 'example_xcom_args' retrieved from /home/airflow/.local/lib/python3.12/site-packages/airflow/example_dags/example_xcomargs.py
[2025-07-16T07:20:29.844+0000] {logging_mixin.py:190} INFO - [2025-07-16T07:20:29.844+0000] {dag.py:3229} INFO - Sync 2 DAGs
[2025-07-16T07:20:29.861+0000] {logging_mixin.py:190} INFO - [2025-07-16T07:20:29.861+0000] {dag.py:4156} INFO - Setting next_dagrun for example_xcom_args to None, run_after=None
[2025-07-16T07:20:29.866+0000] {logging_mixin.py:190} INFO - [2025-07-16T07:20:29.865+0000] {dag.py:4156} INFO - Setting next_dagrun for example_xcom_args_with_operators to None, run_after=None
[2025-07-16T07:20:29.889+0000] {processor.py:208} INFO - Processing /home/airflow/.local/lib/python3.12/site-packages/airflow/example_dags/example_xcomargs.py took 0.094 seconds
[2025-07-16T07:21:00.754+0000] {processor.py:186} INFO - Started process (PID=1270) to work on /home/airflow/.local/lib/python3.12/site-packages/airflow/example_dags/example_xcomargs.py
[2025-07-16T07:21:00.755+0000] {processor.py:914} INFO - Processing file /home/airflow/.local/lib/python3.12/site-packages/airflow/example_dags/example_xcomargs.py for tasks to queue
[2025-07-16T07:21:00.758+0000] {logging_mixin.py:190} INFO - [2025-07-16T07:21:00.758+0000] {dagbag.py:587} INFO - Filling up the DagBag from /home/airflow/.local/lib/python3.12/site-packages/airflow/example_dags/example_xcomargs.py
[2025-07-16T07:21:00.771+0000] {processor.py:925} INFO - DAG(s) 'example_xcom_args_with_operators', 'example_xcom_args' retrieved from /home/airflow/.local/lib/python3.12/site-packages/airflow/example_dags/example_xcomargs.py
[2025-07-16T07:21:00.802+0000] {logging_mixin.py:190} INFO - [2025-07-16T07:21:00.802+0000] {dag.py:3229} INFO - Sync 2 DAGs
[2025-07-16T07:21:00.822+0000] {logging_mixin.py:190} INFO - [2025-07-16T07:21:00.822+0000] {dag.py:4156} INFO - Setting next_dagrun for example_xcom_args to None, run_after=None
[2025-07-16T07:21:00.826+0000] {logging_mixin.py:190} INFO - [2025-07-16T07:21:00.826+0000] {dag.py:4156} INFO - Setting next_dagrun for example_xcom_args_with_operators to None, run_after=None
[2025-07-16T07:21:00.853+0000] {processor.py:208} INFO - Processing /home/airflow/.local/lib/python3.12/site-packages/airflow/example_dags/example_xcomargs.py took 0.106 seconds
[2025-07-16T07:21:31.434+0000] {processor.py:186} INFO - Started process (PID=1327) to work on /home/airflow/.local/lib/python3.12/site-packages/airflow/example_dags/example_xcomargs.py
[2025-07-16T07:21:31.435+0000] {processor.py:914} INFO - Processing file /home/airflow/.local/lib/python3.12/site-packages/airflow/example_dags/example_xcomargs.py for tasks to queue
[2025-07-16T07:21:31.438+0000] {logging_mixin.py:190} INFO - [2025-07-16T07:21:31.438+0000] {dagbag.py:587} INFO - Filling up the DagBag from /home/airflow/.local/lib/python3.12/site-packages/airflow/example_dags/example_xcomargs.py
[2025-07-16T07:21:31.448+0000] {processor.py:925} INFO - DAG(s) 'example_xcom_args', 'example_xcom_args_with_operators' retrieved from /home/airflow/.local/lib/python3.12/site-packages/airflow/example_dags/example_xcomargs.py
[2025-07-16T07:21:31.474+0000] {logging_mixin.py:190} INFO - [2025-07-16T07:21:31.474+0000] {dag.py:3229} INFO - Sync 2 DAGs
[2025-07-16T07:21:31.491+0000] {logging_mixin.py:190} INFO - [2025-07-16T07:21:31.491+0000] {dag.py:4156} INFO - Setting next_dagrun for example_xcom_args to None, run_after=None
[2025-07-16T07:21:31.496+0000] {logging_mixin.py:190} INFO - [2025-07-16T07:21:31.496+0000] {dag.py:4156} INFO - Setting next_dagrun for example_xcom_args_with_operators to None, run_after=None
[2025-07-16T07:21:31.517+0000] {processor.py:208} INFO - Processing /home/airflow/.local/lib/python3.12/site-packages/airflow/example_dags/example_xcomargs.py took 0.091 seconds
[2025-07-16T07:22:02.415+0000] {processor.py:186} INFO - Started process (PID=1384) to work on /home/airflow/.local/lib/python3.12/site-packages/airflow/example_dags/example_xcomargs.py
[2025-07-16T07:22:02.416+0000] {processor.py:914} INFO - Processing file /home/airflow/.local/lib/python3.12/site-packages/airflow/example_dags/example_xcomargs.py for tasks to queue
[2025-07-16T07:22:02.419+0000] {logging_mixin.py:190} INFO - [2025-07-16T07:22:02.419+0000] {dagbag.py:587} INFO - Filling up the DagBag from /home/airflow/.local/lib/python3.12/site-packages/airflow/example_dags/example_xcomargs.py
[2025-07-16T07:22:02.430+0000] {processor.py:925} INFO - DAG(s) 'example_xcom_args_with_operators', 'example_xcom_args' retrieved from /home/airflow/.local/lib/python3.12/site-packages/airflow/example_dags/example_xcomargs.py
[2025-07-16T07:22:02.457+0000] {logging_mixin.py:190} INFO - [2025-07-16T07:22:02.457+0000] {dag.py:3229} INFO - Sync 2 DAGs
[2025-07-16T07:22:02.473+0000] {logging_mixin.py:190} INFO - [2025-07-16T07:22:02.473+0000] {dag.py:4156} INFO - Setting next_dagrun for example_xcom_args to None, run_after=None
[2025-07-16T07:22:02.477+0000] {logging_mixin.py:190} INFO - [2025-07-16T07:22:02.477+0000] {dag.py:4156} INFO - Setting next_dagrun for example_xcom_args_with_operators to None, run_after=None
[2025-07-16T07:22:02.501+0000] {processor.py:208} INFO - Processing /home/airflow/.local/lib/python3.12/site-packages/airflow/example_dags/example_xcomargs.py took 0.092 seconds
[2025-07-16T07:22:33.245+0000] {processor.py:186} INFO - Started process (PID=1441) to work on /home/airflow/.local/lib/python3.12/site-packages/airflow/example_dags/example_xcomargs.py
[2025-07-16T07:22:33.246+0000] {processor.py:914} INFO - Processing file /home/airflow/.local/lib/python3.12/site-packages/airflow/example_dags/example_xcomargs.py for tasks to queue
[2025-07-16T07:22:33.249+0000] {logging_mixin.py:190} INFO - [2025-07-16T07:22:33.249+0000] {dagbag.py:587} INFO - Filling up the DagBag from /home/airflow/.local/lib/python3.12/site-packages/airflow/example_dags/example_xcomargs.py
[2025-07-16T07:22:33.261+0000] {processor.py:925} INFO - DAG(s) 'example_xcom_args_with_operators', 'example_xcom_args' retrieved from /home/airflow/.local/lib/python3.12/site-packages/airflow/example_dags/example_xcomargs.py
[2025-07-16T07:22:33.289+0000] {logging_mixin.py:190} INFO - [2025-07-16T07:22:33.289+0000] {dag.py:3229} INFO - Sync 2 DAGs
[2025-07-16T07:22:33.310+0000] {logging_mixin.py:190} INFO - [2025-07-16T07:22:33.310+0000] {dag.py:4156} INFO - Setting next_dagrun for example_xcom_args to None, run_after=None
[2025-07-16T07:22:33.314+0000] {logging_mixin.py:190} INFO - [2025-07-16T07:22:33.314+0000] {dag.py:4156} INFO - Setting next_dagrun for example_xcom_args_with_operators to None, run_after=None
[2025-07-16T07:22:33.335+0000] {processor.py:208} INFO - Processing /home/airflow/.local/lib/python3.12/site-packages/airflow/example_dags/example_xcomargs.py took 0.097 seconds
[2025-07-16T07:23:04.232+0000] {processor.py:186} INFO - Started process (PID=1498) to work on /home/airflow/.local/lib/python3.12/site-packages/airflow/example_dags/example_xcomargs.py
[2025-07-16T07:23:04.233+0000] {processor.py:914} INFO - Processing file /home/airflow/.local/lib/python3.12/site-packages/airflow/example_dags/example_xcomargs.py for tasks to queue
[2025-07-16T07:23:04.236+0000] {logging_mixin.py:190} INFO - [2025-07-16T07:23:04.236+0000] {dagbag.py:587} INFO - Filling up the DagBag from /home/airflow/.local/lib/python3.12/site-packages/airflow/example_dags/example_xcomargs.py
[2025-07-16T07:23:04.245+0000] {processor.py:925} INFO - DAG(s) 'example_xcom_args', 'example_xcom_args_with_operators' retrieved from /home/airflow/.local/lib/python3.12/site-packages/airflow/example_dags/example_xcomargs.py
[2025-07-16T07:23:04.270+0000] {logging_mixin.py:190} INFO - [2025-07-16T07:23:04.270+0000] {dag.py:3229} INFO - Sync 2 DAGs
[2025-07-16T07:23:04.285+0000] {logging_mixin.py:190} INFO - [2025-07-16T07:23:04.284+0000] {dag.py:4156} INFO - Setting next_dagrun for example_xcom_args to None, run_after=None
[2025-07-16T07:23:04.288+0000] {logging_mixin.py:190} INFO - [2025-07-16T07:23:04.288+0000] {dag.py:4156} INFO - Setting next_dagrun for example_xcom_args_with_operators to None, run_after=None
[2025-07-16T07:23:04.307+0000] {processor.py:208} INFO - Processing /home/airflow/.local/lib/python3.12/site-packages/airflow/example_dags/example_xcomargs.py took 0.082 seconds
[2025-07-16T07:23:35.226+0000] {processor.py:186} INFO - Started process (PID=1555) to work on /home/airflow/.local/lib/python3.12/site-packages/airflow/example_dags/example_xcomargs.py
[2025-07-16T07:23:35.227+0000] {processor.py:914} INFO - Processing file /home/airflow/.local/lib/python3.12/site-packages/airflow/example_dags/example_xcomargs.py for tasks to queue
[2025-07-16T07:23:35.229+0000] {logging_mixin.py:190} INFO - [2025-07-16T07:23:35.229+0000] {dagbag.py:587} INFO - Filling up the DagBag from /home/airflow/.local/lib/python3.12/site-packages/airflow/example_dags/example_xcomargs.py
[2025-07-16T07:23:35.240+0000] {processor.py:925} INFO - DAG(s) 'example_xcom_args', 'example_xcom_args_with_operators' retrieved from /home/airflow/.local/lib/python3.12/site-packages/airflow/example_dags/example_xcomargs.py
[2025-07-16T07:23:35.266+0000] {logging_mixin.py:190} INFO - [2025-07-16T07:23:35.266+0000] {dag.py:3229} INFO - Sync 2 DAGs
[2025-07-16T07:23:35.282+0000] {logging_mixin.py:190} INFO - [2025-07-16T07:23:35.282+0000] {dag.py:4156} INFO - Setting next_dagrun for example_xcom_args to None, run_after=None
[2025-07-16T07:23:35.286+0000] {logging_mixin.py:190} INFO - [2025-07-16T07:23:35.286+0000] {dag.py:4156} INFO - Setting next_dagrun for example_xcom_args_with_operators to None, run_after=None
[2025-07-16T07:23:35.308+0000] {processor.py:208} INFO - Processing /home/airflow/.local/lib/python3.12/site-packages/airflow/example_dags/example_xcomargs.py took 0.089 seconds
[2025-07-16T07:24:05.906+0000] {processor.py:186} INFO - Started process (PID=1612) to work on /home/airflow/.local/lib/python3.12/site-packages/airflow/example_dags/example_xcomargs.py
[2025-07-16T07:24:05.908+0000] {processor.py:914} INFO - Processing file /home/airflow/.local/lib/python3.12/site-packages/airflow/example_dags/example_xcomargs.py for tasks to queue
[2025-07-16T07:24:05.911+0000] {logging_mixin.py:190} INFO - [2025-07-16T07:24:05.910+0000] {dagbag.py:587} INFO - Filling up the DagBag from /home/airflow/.local/lib/python3.12/site-packages/airflow/example_dags/example_xcomargs.py
[2025-07-16T07:24:05.921+0000] {processor.py:925} INFO - DAG(s) 'example_xcom_args_with_operators', 'example_xcom_args' retrieved from /home/airflow/.local/lib/python3.12/site-packages/airflow/example_dags/example_xcomargs.py
[2025-07-16T07:24:05.949+0000] {logging_mixin.py:190} INFO - [2025-07-16T07:24:05.948+0000] {dag.py:3229} INFO - Sync 2 DAGs
[2025-07-16T07:24:05.968+0000] {logging_mixin.py:190} INFO - [2025-07-16T07:24:05.967+0000] {dag.py:4156} INFO - Setting next_dagrun for example_xcom_args to None, run_after=None
[2025-07-16T07:24:05.972+0000] {logging_mixin.py:190} INFO - [2025-07-16T07:24:05.972+0000] {dag.py:4156} INFO - Setting next_dagrun for example_xcom_args_with_operators to None, run_after=None
[2025-07-16T07:24:05.995+0000] {processor.py:208} INFO - Processing /home/airflow/.local/lib/python3.12/site-packages/airflow/example_dags/example_xcomargs.py took 0.096 seconds
[2025-07-16T07:24:36.904+0000] {processor.py:186} INFO - Started process (PID=1669) to work on /home/airflow/.local/lib/python3.12/site-packages/airflow/example_dags/example_xcomargs.py
[2025-07-16T07:24:36.905+0000] {processor.py:914} INFO - Processing file /home/airflow/.local/lib/python3.12/site-packages/airflow/example_dags/example_xcomargs.py for tasks to queue
[2025-07-16T07:24:36.907+0000] {logging_mixin.py:190} INFO - [2025-07-16T07:24:36.907+0000] {dagbag.py:587} INFO - Filling up the DagBag from /home/airflow/.local/lib/python3.12/site-packages/airflow/example_dags/example_xcomargs.py
[2025-07-16T07:24:36.918+0000] {processor.py:925} INFO - DAG(s) 'example_xcom_args_with_operators', 'example_xcom_args' retrieved from /home/airflow/.local/lib/python3.12/site-packages/airflow/example_dags/example_xcomargs.py
[2025-07-16T07:24:36.942+0000] {logging_mixin.py:190} INFO - [2025-07-16T07:24:36.941+0000] {dag.py:3229} INFO - Sync 2 DAGs
[2025-07-16T07:24:36.956+0000] {logging_mixin.py:190} INFO - [2025-07-16T07:24:36.956+0000] {dag.py:4156} INFO - Setting next_dagrun for example_xcom_args to None, run_after=None
[2025-07-16T07:24:36.960+0000] {logging_mixin.py:190} INFO - [2025-07-16T07:24:36.960+0000] {dag.py:4156} INFO - Setting next_dagrun for example_xcom_args_with_operators to None, run_after=None
[2025-07-16T07:24:36.982+0000] {processor.py:208} INFO - Processing /home/airflow/.local/lib/python3.12/site-packages/airflow/example_dags/example_xcomargs.py took 0.085 seconds
[2025-07-16T07:25:07.984+0000] {processor.py:186} INFO - Started process (PID=1726) to work on /home/airflow/.local/lib/python3.12/site-packages/airflow/example_dags/example_xcomargs.py
[2025-07-16T07:25:07.986+0000] {processor.py:914} INFO - Processing file /home/airflow/.local/lib/python3.12/site-packages/airflow/example_dags/example_xcomargs.py for tasks to queue
[2025-07-16T07:25:07.989+0000] {logging_mixin.py:190} INFO - [2025-07-16T07:25:07.988+0000] {dagbag.py:587} INFO - Filling up the DagBag from /home/airflow/.local/lib/python3.12/site-packages/airflow/example_dags/example_xcomargs.py
[2025-07-16T07:25:08.000+0000] {processor.py:925} INFO - DAG(s) 'example_xcom_args_with_operators', 'example_xcom_args' retrieved from /home/airflow/.local/lib/python3.12/site-packages/airflow/example_dags/example_xcomargs.py
[2025-07-16T07:25:08.025+0000] {logging_mixin.py:190} INFO - [2025-07-16T07:25:08.025+0000] {dag.py:3229} INFO - Sync 2 DAGs
[2025-07-16T07:25:08.041+0000] {logging_mixin.py:190} INFO - [2025-07-16T07:25:08.041+0000] {dag.py:4156} INFO - Setting next_dagrun for example_xcom_args to None, run_after=None
[2025-07-16T07:25:08.046+0000] {logging_mixin.py:190} INFO - [2025-07-16T07:25:08.045+0000] {dag.py:4156} INFO - Setting next_dagrun for example_xcom_args_with_operators to None, run_after=None
[2025-07-16T07:25:08.065+0000] {processor.py:208} INFO - Processing /home/airflow/.local/lib/python3.12/site-packages/airflow/example_dags/example_xcomargs.py took 0.088 seconds
[2025-07-16T07:25:38.391+0000] {processor.py:186} INFO - Started process (PID=1783) to work on /home/airflow/.local/lib/python3.12/site-packages/airflow/example_dags/example_xcomargs.py
[2025-07-16T07:25:38.392+0000] {processor.py:914} INFO - Processing file /home/airflow/.local/lib/python3.12/site-packages/airflow/example_dags/example_xcomargs.py for tasks to queue
[2025-07-16T07:25:38.395+0000] {logging_mixin.py:190} INFO - [2025-07-16T07:25:38.395+0000] {dagbag.py:587} INFO - Filling up the DagBag from /home/airflow/.local/lib/python3.12/site-packages/airflow/example_dags/example_xcomargs.py
[2025-07-16T07:25:38.409+0000] {processor.py:925} INFO - DAG(s) 'example_xcom_args', 'example_xcom_args_with_operators' retrieved from /home/airflow/.local/lib/python3.12/site-packages/airflow/example_dags/example_xcomargs.py
[2025-07-16T07:25:38.434+0000] {logging_mixin.py:190} INFO - [2025-07-16T07:25:38.434+0000] {dag.py:3229} INFO - Sync 2 DAGs
[2025-07-16T07:25:38.450+0000] {logging_mixin.py:190} INFO - [2025-07-16T07:25:38.450+0000] {dag.py:4156} INFO - Setting next_dagrun for example_xcom_args to None, run_after=None
[2025-07-16T07:25:38.455+0000] {logging_mixin.py:190} INFO - [2025-07-16T07:25:38.455+0000] {dag.py:4156} INFO - Setting next_dagrun for example_xcom_args_with_operators to None, run_after=None
[2025-07-16T07:25:38.479+0000] {processor.py:208} INFO - Processing /home/airflow/.local/lib/python3.12/site-packages/airflow/example_dags/example_xcomargs.py took 0.096 seconds
[2025-07-16T07:26:08.631+0000] {processor.py:186} INFO - Started process (PID=1840) to work on /home/airflow/.local/lib/python3.12/site-packages/airflow/example_dags/example_xcomargs.py
[2025-07-16T07:26:08.632+0000] {processor.py:914} INFO - Processing file /home/airflow/.local/lib/python3.12/site-packages/airflow/example_dags/example_xcomargs.py for tasks to queue
[2025-07-16T07:26:08.634+0000] {logging_mixin.py:190} INFO - [2025-07-16T07:26:08.634+0000] {dagbag.py:587} INFO - Filling up the DagBag from /home/airflow/.local/lib/python3.12/site-packages/airflow/example_dags/example_xcomargs.py
[2025-07-16T07:26:08.645+0000] {processor.py:925} INFO - DAG(s) 'example_xcom_args_with_operators', 'example_xcom_args' retrieved from /home/airflow/.local/lib/python3.12/site-packages/airflow/example_dags/example_xcomargs.py
[2025-07-16T07:26:08.668+0000] {logging_mixin.py:190} INFO - [2025-07-16T07:26:08.667+0000] {dag.py:3229} INFO - Sync 2 DAGs
[2025-07-16T07:26:08.685+0000] {logging_mixin.py:190} INFO - [2025-07-16T07:26:08.685+0000] {dag.py:4156} INFO - Setting next_dagrun for example_xcom_args to None, run_after=None
[2025-07-16T07:26:08.689+0000] {logging_mixin.py:190} INFO - [2025-07-16T07:26:08.689+0000] {dag.py:4156} INFO - Setting next_dagrun for example_xcom_args_with_operators to None, run_after=None
[2025-07-16T07:26:08.712+0000] {processor.py:208} INFO - Processing /home/airflow/.local/lib/python3.12/site-packages/airflow/example_dags/example_xcomargs.py took 0.087 seconds
[2025-07-16T07:26:39.851+0000] {processor.py:186} INFO - Started process (PID=1897) to work on /home/airflow/.local/lib/python3.12/site-packages/airflow/example_dags/example_xcomargs.py
[2025-07-16T07:26:39.852+0000] {processor.py:914} INFO - Processing file /home/airflow/.local/lib/python3.12/site-packages/airflow/example_dags/example_xcomargs.py for tasks to queue
[2025-07-16T07:26:39.855+0000] {logging_mixin.py:190} INFO - [2025-07-16T07:26:39.855+0000] {dagbag.py:587} INFO - Filling up the DagBag from /home/airflow/.local/lib/python3.12/site-packages/airflow/example_dags/example_xcomargs.py
[2025-07-16T07:26:39.866+0000] {processor.py:925} INFO - DAG(s) 'example_xcom_args', 'example_xcom_args_with_operators' retrieved from /home/airflow/.local/lib/python3.12/site-packages/airflow/example_dags/example_xcomargs.py
[2025-07-16T07:26:39.897+0000] {logging_mixin.py:190} INFO - [2025-07-16T07:26:39.897+0000] {dag.py:3229} INFO - Sync 2 DAGs
[2025-07-16T07:26:39.915+0000] {logging_mixin.py:190} INFO - [2025-07-16T07:26:39.915+0000] {dag.py:4156} INFO - Setting next_dagrun for example_xcom_args to None, run_after=None
[2025-07-16T07:26:39.920+0000] {logging_mixin.py:190} INFO - [2025-07-16T07:26:39.919+0000] {dag.py:4156} INFO - Setting next_dagrun for example_xcom_args_with_operators to None, run_after=None
[2025-07-16T07:26:39.944+0000] {processor.py:208} INFO - Processing /home/airflow/.local/lib/python3.12/site-packages/airflow/example_dags/example_xcomargs.py took 0.099 seconds
[2025-07-16T07:27:10.840+0000] {processor.py:186} INFO - Started process (PID=1954) to work on /home/airflow/.local/lib/python3.12/site-packages/airflow/example_dags/example_xcomargs.py
[2025-07-16T07:27:10.841+0000] {processor.py:914} INFO - Processing file /home/airflow/.local/lib/python3.12/site-packages/airflow/example_dags/example_xcomargs.py for tasks to queue
[2025-07-16T07:27:10.843+0000] {logging_mixin.py:190} INFO - [2025-07-16T07:27:10.843+0000] {dagbag.py:587} INFO - Filling up the DagBag from /home/airflow/.local/lib/python3.12/site-packages/airflow/example_dags/example_xcomargs.py
[2025-07-16T07:27:10.854+0000] {processor.py:925} INFO - DAG(s) 'example_xcom_args', 'example_xcom_args_with_operators' retrieved from /home/airflow/.local/lib/python3.12/site-packages/airflow/example_dags/example_xcomargs.py
[2025-07-16T07:27:10.879+0000] {logging_mixin.py:190} INFO - [2025-07-16T07:27:10.879+0000] {dag.py:3229} INFO - Sync 2 DAGs
[2025-07-16T07:27:10.895+0000] {logging_mixin.py:190} INFO - [2025-07-16T07:27:10.895+0000] {dag.py:4156} INFO - Setting next_dagrun for example_xcom_args to None, run_after=None
[2025-07-16T07:27:10.899+0000] {logging_mixin.py:190} INFO - [2025-07-16T07:27:10.899+0000] {dag.py:4156} INFO - Setting next_dagrun for example_xcom_args_with_operators to None, run_after=None
[2025-07-16T07:27:10.922+0000] {processor.py:208} INFO - Processing /home/airflow/.local/lib/python3.12/site-packages/airflow/example_dags/example_xcomargs.py took 0.091 seconds
[2025-07-16T07:27:42.316+0000] {processor.py:186} INFO - Started process (PID=2011) to work on /home/airflow/.local/lib/python3.12/site-packages/airflow/example_dags/example_xcomargs.py
[2025-07-16T07:27:42.317+0000] {processor.py:914} INFO - Processing file /home/airflow/.local/lib/python3.12/site-packages/airflow/example_dags/example_xcomargs.py for tasks to queue
[2025-07-16T07:27:42.320+0000] {logging_mixin.py:190} INFO - [2025-07-16T07:27:42.320+0000] {dagbag.py:587} INFO - Filling up the DagBag from /home/airflow/.local/lib/python3.12/site-packages/airflow/example_dags/example_xcomargs.py
[2025-07-16T07:27:42.331+0000] {processor.py:925} INFO - DAG(s) 'example_xcom_args_with_operators', 'example_xcom_args' retrieved from /home/airflow/.local/lib/python3.12/site-packages/airflow/example_dags/example_xcomargs.py
[2025-07-16T07:27:42.356+0000] {logging_mixin.py:190} INFO - [2025-07-16T07:27:42.356+0000] {dag.py:3229} INFO - Sync 2 DAGs
[2025-07-16T07:27:42.372+0000] {logging_mixin.py:190} INFO - [2025-07-16T07:27:42.372+0000] {dag.py:4156} INFO - Setting next_dagrun for example_xcom_args to None, run_after=None
[2025-07-16T07:27:42.376+0000] {logging_mixin.py:190} INFO - [2025-07-16T07:27:42.376+0000] {dag.py:4156} INFO - Setting next_dagrun for example_xcom_args_with_operators to None, run_after=None
[2025-07-16T07:27:42.395+0000] {processor.py:208} INFO - Processing /home/airflow/.local/lib/python3.12/site-packages/airflow/example_dags/example_xcomargs.py took 0.086 seconds
[2025-07-16T07:28:12.863+0000] {processor.py:186} INFO - Started process (PID=2068) to work on /home/airflow/.local/lib/python3.12/site-packages/airflow/example_dags/example_xcomargs.py
[2025-07-16T07:28:12.864+0000] {processor.py:914} INFO - Processing file /home/airflow/.local/lib/python3.12/site-packages/airflow/example_dags/example_xcomargs.py for tasks to queue
[2025-07-16T07:28:12.867+0000] {logging_mixin.py:190} INFO - [2025-07-16T07:28:12.867+0000] {dagbag.py:587} INFO - Filling up the DagBag from /home/airflow/.local/lib/python3.12/site-packages/airflow/example_dags/example_xcomargs.py
[2025-07-16T07:28:12.878+0000] {processor.py:925} INFO - DAG(s) 'example_xcom_args', 'example_xcom_args_with_operators' retrieved from /home/airflow/.local/lib/python3.12/site-packages/airflow/example_dags/example_xcomargs.py
[2025-07-16T07:28:12.903+0000] {logging_mixin.py:190} INFO - [2025-07-16T07:28:12.903+0000] {dag.py:3229} INFO - Sync 2 DAGs
[2025-07-16T07:28:12.923+0000] {logging_mixin.py:190} INFO - [2025-07-16T07:28:12.923+0000] {dag.py:4156} INFO - Setting next_dagrun for example_xcom_args to None, run_after=None
[2025-07-16T07:28:12.927+0000] {logging_mixin.py:190} INFO - [2025-07-16T07:28:12.927+0000] {dag.py:4156} INFO - Setting next_dagrun for example_xcom_args_with_operators to None, run_after=None
[2025-07-16T07:28:12.950+0000] {processor.py:208} INFO - Processing /home/airflow/.local/lib/python3.12/site-packages/airflow/example_dags/example_xcomargs.py took 0.093 seconds
[2025-07-16T07:28:43.293+0000] {processor.py:186} INFO - Started process (PID=2125) to work on /home/airflow/.local/lib/python3.12/site-packages/airflow/example_dags/example_xcomargs.py
[2025-07-16T07:28:43.294+0000] {processor.py:914} INFO - Processing file /home/airflow/.local/lib/python3.12/site-packages/airflow/example_dags/example_xcomargs.py for tasks to queue
[2025-07-16T07:28:43.297+0000] {logging_mixin.py:190} INFO - [2025-07-16T07:28:43.296+0000] {dagbag.py:587} INFO - Filling up the DagBag from /home/airflow/.local/lib/python3.12/site-packages/airflow/example_dags/example_xcomargs.py
[2025-07-16T07:28:43.311+0000] {processor.py:925} INFO - DAG(s) 'example_xcom_args_with_operators', 'example_xcom_args' retrieved from /home/airflow/.local/lib/python3.12/site-packages/airflow/example_dags/example_xcomargs.py
[2025-07-16T07:28:43.341+0000] {logging_mixin.py:190} INFO - [2025-07-16T07:28:43.340+0000] {dag.py:3229} INFO - Sync 2 DAGs
[2025-07-16T07:28:43.359+0000] {logging_mixin.py:190} INFO - [2025-07-16T07:28:43.359+0000] {dag.py:4156} INFO - Setting next_dagrun for example_xcom_args to None, run_after=None
[2025-07-16T07:28:43.365+0000] {logging_mixin.py:190} INFO - [2025-07-16T07:28:43.365+0000] {dag.py:4156} INFO - Setting next_dagrun for example_xcom_args_with_operators to None, run_after=None
[2025-07-16T07:28:43.389+0000] {processor.py:208} INFO - Processing /home/airflow/.local/lib/python3.12/site-packages/airflow/example_dags/example_xcomargs.py took 0.104 seconds
[2025-07-16T07:29:14.047+0000] {processor.py:186} INFO - Started process (PID=2182) to work on /home/airflow/.local/lib/python3.12/site-packages/airflow/example_dags/example_xcomargs.py
[2025-07-16T07:29:14.049+0000] {processor.py:914} INFO - Processing file /home/airflow/.local/lib/python3.12/site-packages/airflow/example_dags/example_xcomargs.py for tasks to queue
[2025-07-16T07:29:14.051+0000] {logging_mixin.py:190} INFO - [2025-07-16T07:29:14.051+0000] {dagbag.py:587} INFO - Filling up the DagBag from /home/airflow/.local/lib/python3.12/site-packages/airflow/example_dags/example_xcomargs.py
[2025-07-16T07:29:14.063+0000] {processor.py:925} INFO - DAG(s) 'example_xcom_args', 'example_xcom_args_with_operators' retrieved from /home/airflow/.local/lib/python3.12/site-packages/airflow/example_dags/example_xcomargs.py
[2025-07-16T07:29:14.090+0000] {logging_mixin.py:190} INFO - [2025-07-16T07:29:14.090+0000] {dag.py:3229} INFO - Sync 2 DAGs
[2025-07-16T07:29:14.108+0000] {logging_mixin.py:190} INFO - [2025-07-16T07:29:14.107+0000] {dag.py:4156} INFO - Setting next_dagrun for example_xcom_args to None, run_after=None
[2025-07-16T07:29:14.112+0000] {logging_mixin.py:190} INFO - [2025-07-16T07:29:14.112+0000] {dag.py:4156} INFO - Setting next_dagrun for example_xcom_args_with_operators to None, run_after=None
[2025-07-16T07:29:14.133+0000] {processor.py:208} INFO - Processing /home/airflow/.local/lib/python3.12/site-packages/airflow/example_dags/example_xcomargs.py took 0.093 seconds
[2025-07-16T07:29:44.737+0000] {processor.py:186} INFO - Started process (PID=2239) to work on /home/airflow/.local/lib/python3.12/site-packages/airflow/example_dags/example_xcomargs.py
[2025-07-16T07:29:44.738+0000] {processor.py:914} INFO - Processing file /home/airflow/.local/lib/python3.12/site-packages/airflow/example_dags/example_xcomargs.py for tasks to queue
[2025-07-16T07:29:44.741+0000] {logging_mixin.py:190} INFO - [2025-07-16T07:29:44.741+0000] {dagbag.py:587} INFO - Filling up the DagBag from /home/airflow/.local/lib/python3.12/site-packages/airflow/example_dags/example_xcomargs.py
[2025-07-16T07:29:44.753+0000] {processor.py:925} INFO - DAG(s) 'example_xcom_args_with_operators', 'example_xcom_args' retrieved from /home/airflow/.local/lib/python3.12/site-packages/airflow/example_dags/example_xcomargs.py
[2025-07-16T07:29:44.780+0000] {logging_mixin.py:190} INFO - [2025-07-16T07:29:44.779+0000] {dag.py:3229} INFO - Sync 2 DAGs
[2025-07-16T07:29:44.797+0000] {logging_mixin.py:190} INFO - [2025-07-16T07:29:44.797+0000] {dag.py:4156} INFO - Setting next_dagrun for example_xcom_args to None, run_after=None
[2025-07-16T07:29:44.802+0000] {logging_mixin.py:190} INFO - [2025-07-16T07:29:44.802+0000] {dag.py:4156} INFO - Setting next_dagrun for example_xcom_args_with_operators to None, run_after=None
[2025-07-16T07:29:44.823+0000] {processor.py:208} INFO - Processing /home/airflow/.local/lib/python3.12/site-packages/airflow/example_dags/example_xcomargs.py took 0.094 seconds
[2025-07-16T07:30:16.005+0000] {processor.py:186} INFO - Started process (PID=2296) to work on /home/airflow/.local/lib/python3.12/site-packages/airflow/example_dags/example_xcomargs.py
[2025-07-16T07:30:16.007+0000] {processor.py:914} INFO - Processing file /home/airflow/.local/lib/python3.12/site-packages/airflow/example_dags/example_xcomargs.py for tasks to queue
[2025-07-16T07:30:16.009+0000] {logging_mixin.py:190} INFO - [2025-07-16T07:30:16.009+0000] {dagbag.py:587} INFO - Filling up the DagBag from /home/airflow/.local/lib/python3.12/site-packages/airflow/example_dags/example_xcomargs.py
[2025-07-16T07:30:16.019+0000] {processor.py:925} INFO - DAG(s) 'example_xcom_args', 'example_xcom_args_with_operators' retrieved from /home/airflow/.local/lib/python3.12/site-packages/airflow/example_dags/example_xcomargs.py
[2025-07-16T07:30:16.047+0000] {logging_mixin.py:190} INFO - [2025-07-16T07:30:16.047+0000] {dag.py:3229} INFO - Sync 2 DAGs
[2025-07-16T07:30:16.070+0000] {logging_mixin.py:190} INFO - [2025-07-16T07:30:16.070+0000] {dag.py:4156} INFO - Setting next_dagrun for example_xcom_args to None, run_after=None
[2025-07-16T07:30:16.075+0000] {logging_mixin.py:190} INFO - [2025-07-16T07:30:16.074+0000] {dag.py:4156} INFO - Setting next_dagrun for example_xcom_args_with_operators to None, run_after=None
[2025-07-16T07:30:16.096+0000] {processor.py:208} INFO - Processing /home/airflow/.local/lib/python3.12/site-packages/airflow/example_dags/example_xcomargs.py took 0.099 seconds
[2025-07-16T07:30:47.431+0000] {processor.py:186} INFO - Started process (PID=2353) to work on /home/airflow/.local/lib/python3.12/site-packages/airflow/example_dags/example_xcomargs.py
[2025-07-16T07:30:47.432+0000] {processor.py:914} INFO - Processing file /home/airflow/.local/lib/python3.12/site-packages/airflow/example_dags/example_xcomargs.py for tasks to queue
[2025-07-16T07:30:47.436+0000] {logging_mixin.py:190} INFO - [2025-07-16T07:30:47.436+0000] {dagbag.py:587} INFO - Filling up the DagBag from /home/airflow/.local/lib/python3.12/site-packages/airflow/example_dags/example_xcomargs.py
[2025-07-16T07:30:47.447+0000] {processor.py:925} INFO - DAG(s) 'example_xcom_args', 'example_xcom_args_with_operators' retrieved from /home/airflow/.local/lib/python3.12/site-packages/airflow/example_dags/example_xcomargs.py
[2025-07-16T07:30:47.474+0000] {logging_mixin.py:190} INFO - [2025-07-16T07:30:47.474+0000] {dag.py:3229} INFO - Sync 2 DAGs
[2025-07-16T07:30:47.493+0000] {logging_mixin.py:190} INFO - [2025-07-16T07:30:47.493+0000] {dag.py:4156} INFO - Setting next_dagrun for example_xcom_args to None, run_after=None
[2025-07-16T07:30:47.497+0000] {logging_mixin.py:190} INFO - [2025-07-16T07:30:47.497+0000] {dag.py:4156} INFO - Setting next_dagrun for example_xcom_args_with_operators to None, run_after=None
[2025-07-16T07:30:47.520+0000] {processor.py:208} INFO - Processing /home/airflow/.local/lib/python3.12/site-packages/airflow/example_dags/example_xcomargs.py took 0.098 seconds
[2025-07-16T07:31:18.107+0000] {processor.py:186} INFO - Started process (PID=2410) to work on /home/airflow/.local/lib/python3.12/site-packages/airflow/example_dags/example_xcomargs.py
[2025-07-16T07:31:18.108+0000] {processor.py:914} INFO - Processing file /home/airflow/.local/lib/python3.12/site-packages/airflow/example_dags/example_xcomargs.py for tasks to queue
[2025-07-16T07:31:18.110+0000] {logging_mixin.py:190} INFO - [2025-07-16T07:31:18.110+0000] {dagbag.py:587} INFO - Filling up the DagBag from /home/airflow/.local/lib/python3.12/site-packages/airflow/example_dags/example_xcomargs.py
[2025-07-16T07:31:18.120+0000] {processor.py:925} INFO - DAG(s) 'example_xcom_args_with_operators', 'example_xcom_args' retrieved from /home/airflow/.local/lib/python3.12/site-packages/airflow/example_dags/example_xcomargs.py
[2025-07-16T07:31:18.144+0000] {logging_mixin.py:190} INFO - [2025-07-16T07:31:18.144+0000] {dag.py:3229} INFO - Sync 2 DAGs
[2025-07-16T07:31:18.159+0000] {logging_mixin.py:190} INFO - [2025-07-16T07:31:18.159+0000] {dag.py:4156} INFO - Setting next_dagrun for example_xcom_args to None, run_after=None
[2025-07-16T07:31:18.163+0000] {logging_mixin.py:190} INFO - [2025-07-16T07:31:18.163+0000] {dag.py:4156} INFO - Setting next_dagrun for example_xcom_args_with_operators to None, run_after=None
[2025-07-16T07:31:18.183+0000] {processor.py:208} INFO - Processing /home/airflow/.local/lib/python3.12/site-packages/airflow/example_dags/example_xcomargs.py took 0.082 seconds
[2025-07-16T07:33:04.135+0000] {processor.py:186} INFO - Started process (PID=74) to work on /home/airflow/.local/lib/python3.12/site-packages/airflow/example_dags/example_xcomargs.py
[2025-07-16T07:33:04.137+0000] {processor.py:914} INFO - Processing file /home/airflow/.local/lib/python3.12/site-packages/airflow/example_dags/example_xcomargs.py for tasks to queue
[2025-07-16T07:33:04.139+0000] {logging_mixin.py:190} INFO - [2025-07-16T07:33:04.139+0000] {dagbag.py:587} INFO - Filling up the DagBag from /home/airflow/.local/lib/python3.12/site-packages/airflow/example_dags/example_xcomargs.py
[2025-07-16T07:33:04.152+0000] {processor.py:925} INFO - DAG(s) 'example_xcom_args_with_operators', 'example_xcom_args' retrieved from /home/airflow/.local/lib/python3.12/site-packages/airflow/example_dags/example_xcomargs.py
[2025-07-16T07:33:04.188+0000] {logging_mixin.py:190} INFO - [2025-07-16T07:33:04.187+0000] {dag.py:3229} INFO - Sync 2 DAGs
[2025-07-16T07:33:04.214+0000] {logging_mixin.py:190} INFO - [2025-07-16T07:33:04.213+0000] {dag.py:4156} INFO - Setting next_dagrun for example_xcom_args to None, run_after=None
[2025-07-16T07:33:04.225+0000] {logging_mixin.py:190} INFO - [2025-07-16T07:33:04.224+0000] {dag.py:4156} INFO - Setting next_dagrun for example_xcom_args_with_operators to None, run_after=None
[2025-07-16T07:33:04.264+0000] {processor.py:208} INFO - Processing /home/airflow/.local/lib/python3.12/site-packages/airflow/example_dags/example_xcomargs.py took 0.136 seconds
[2025-07-16T07:33:34.714+0000] {processor.py:186} INFO - Started process (PID=131) to work on /home/airflow/.local/lib/python3.12/site-packages/airflow/example_dags/example_xcomargs.py
[2025-07-16T07:33:34.715+0000] {processor.py:914} INFO - Processing file /home/airflow/.local/lib/python3.12/site-packages/airflow/example_dags/example_xcomargs.py for tasks to queue
[2025-07-16T07:33:34.718+0000] {logging_mixin.py:190} INFO - [2025-07-16T07:33:34.717+0000] {dagbag.py:587} INFO - Filling up the DagBag from /home/airflow/.local/lib/python3.12/site-packages/airflow/example_dags/example_xcomargs.py
[2025-07-16T07:33:34.734+0000] {processor.py:925} INFO - DAG(s) 'example_xcom_args', 'example_xcom_args_with_operators' retrieved from /home/airflow/.local/lib/python3.12/site-packages/airflow/example_dags/example_xcomargs.py
[2025-07-16T07:33:34.785+0000] {logging_mixin.py:190} INFO - [2025-07-16T07:33:34.785+0000] {dag.py:3229} INFO - Sync 2 DAGs
[2025-07-16T07:33:34.807+0000] {logging_mixin.py:190} INFO - [2025-07-16T07:33:34.807+0000] {dag.py:4156} INFO - Setting next_dagrun for example_xcom_args to None, run_after=None
[2025-07-16T07:33:34.812+0000] {logging_mixin.py:190} INFO - [2025-07-16T07:33:34.812+0000] {dag.py:4156} INFO - Setting next_dagrun for example_xcom_args_with_operators to None, run_after=None
[2025-07-16T07:33:34.840+0000] {processor.py:208} INFO - Processing /home/airflow/.local/lib/python3.12/site-packages/airflow/example_dags/example_xcomargs.py took 0.133 seconds
[2025-07-16T07:34:05.711+0000] {processor.py:186} INFO - Started process (PID=188) to work on /home/airflow/.local/lib/python3.12/site-packages/airflow/example_dags/example_xcomargs.py
[2025-07-16T07:34:05.712+0000] {processor.py:914} INFO - Processing file /home/airflow/.local/lib/python3.12/site-packages/airflow/example_dags/example_xcomargs.py for tasks to queue
[2025-07-16T07:34:05.715+0000] {logging_mixin.py:190} INFO - [2025-07-16T07:34:05.714+0000] {dagbag.py:587} INFO - Filling up the DagBag from /home/airflow/.local/lib/python3.12/site-packages/airflow/example_dags/example_xcomargs.py
[2025-07-16T07:34:05.726+0000] {processor.py:925} INFO - DAG(s) 'example_xcom_args', 'example_xcom_args_with_operators' retrieved from /home/airflow/.local/lib/python3.12/site-packages/airflow/example_dags/example_xcomargs.py
[2025-07-16T07:34:05.752+0000] {logging_mixin.py:190} INFO - [2025-07-16T07:34:05.752+0000] {dag.py:3229} INFO - Sync 2 DAGs
[2025-07-16T07:34:05.768+0000] {logging_mixin.py:190} INFO - [2025-07-16T07:34:05.768+0000] {dag.py:4156} INFO - Setting next_dagrun for example_xcom_args to None, run_after=None
[2025-07-16T07:34:05.772+0000] {logging_mixin.py:190} INFO - [2025-07-16T07:34:05.772+0000] {dag.py:4156} INFO - Setting next_dagrun for example_xcom_args_with_operators to None, run_after=None
[2025-07-16T07:34:05.793+0000] {processor.py:208} INFO - Processing /home/airflow/.local/lib/python3.12/site-packages/airflow/example_dags/example_xcomargs.py took 0.089 seconds
[2025-07-16T07:34:36.476+0000] {processor.py:186} INFO - Started process (PID=245) to work on /home/airflow/.local/lib/python3.12/site-packages/airflow/example_dags/example_xcomargs.py
[2025-07-16T07:34:36.477+0000] {processor.py:914} INFO - Processing file /home/airflow/.local/lib/python3.12/site-packages/airflow/example_dags/example_xcomargs.py for tasks to queue
[2025-07-16T07:34:36.480+0000] {logging_mixin.py:190} INFO - [2025-07-16T07:34:36.480+0000] {dagbag.py:587} INFO - Filling up the DagBag from /home/airflow/.local/lib/python3.12/site-packages/airflow/example_dags/example_xcomargs.py
[2025-07-16T07:34:36.491+0000] {processor.py:925} INFO - DAG(s) 'example_xcom_args_with_operators', 'example_xcom_args' retrieved from /home/airflow/.local/lib/python3.12/site-packages/airflow/example_dags/example_xcomargs.py
[2025-07-16T07:34:36.518+0000] {logging_mixin.py:190} INFO - [2025-07-16T07:34:36.518+0000] {dag.py:3229} INFO - Sync 2 DAGs
[2025-07-16T07:34:36.534+0000] {logging_mixin.py:190} INFO - [2025-07-16T07:34:36.533+0000] {dag.py:4156} INFO - Setting next_dagrun for example_xcom_args to None, run_after=None
[2025-07-16T07:34:36.538+0000] {logging_mixin.py:190} INFO - [2025-07-16T07:34:36.538+0000] {dag.py:4156} INFO - Setting next_dagrun for example_xcom_args_with_operators to None, run_after=None
[2025-07-16T07:34:36.576+0000] {processor.py:208} INFO - Processing /home/airflow/.local/lib/python3.12/site-packages/airflow/example_dags/example_xcomargs.py took 0.107 seconds
[2025-07-16T07:35:07.062+0000] {processor.py:186} INFO - Started process (PID=302) to work on /home/airflow/.local/lib/python3.12/site-packages/airflow/example_dags/example_xcomargs.py
[2025-07-16T07:35:07.063+0000] {processor.py:914} INFO - Processing file /home/airflow/.local/lib/python3.12/site-packages/airflow/example_dags/example_xcomargs.py for tasks to queue
[2025-07-16T07:35:07.066+0000] {logging_mixin.py:190} INFO - [2025-07-16T07:35:07.065+0000] {dagbag.py:587} INFO - Filling up the DagBag from /home/airflow/.local/lib/python3.12/site-packages/airflow/example_dags/example_xcomargs.py
[2025-07-16T07:35:07.076+0000] {processor.py:925} INFO - DAG(s) 'example_xcom_args_with_operators', 'example_xcom_args' retrieved from /home/airflow/.local/lib/python3.12/site-packages/airflow/example_dags/example_xcomargs.py
[2025-07-16T07:35:07.103+0000] {logging_mixin.py:190} INFO - [2025-07-16T07:35:07.103+0000] {dag.py:3229} INFO - Sync 2 DAGs
[2025-07-16T07:35:07.120+0000] {logging_mixin.py:190} INFO - [2025-07-16T07:35:07.120+0000] {dag.py:4156} INFO - Setting next_dagrun for example_xcom_args to None, run_after=None
[2025-07-16T07:35:07.125+0000] {logging_mixin.py:190} INFO - [2025-07-16T07:35:07.125+0000] {dag.py:4156} INFO - Setting next_dagrun for example_xcom_args_with_operators to None, run_after=None
[2025-07-16T07:35:07.145+0000] {processor.py:208} INFO - Processing /home/airflow/.local/lib/python3.12/site-packages/airflow/example_dags/example_xcomargs.py took 0.090 seconds
[2025-07-16T07:35:37.494+0000] {processor.py:186} INFO - Started process (PID=359) to work on /home/airflow/.local/lib/python3.12/site-packages/airflow/example_dags/example_xcomargs.py
[2025-07-16T07:35:37.495+0000] {processor.py:914} INFO - Processing file /home/airflow/.local/lib/python3.12/site-packages/airflow/example_dags/example_xcomargs.py for tasks to queue
[2025-07-16T07:35:37.497+0000] {logging_mixin.py:190} INFO - [2025-07-16T07:35:37.497+0000] {dagbag.py:587} INFO - Filling up the DagBag from /home/airflow/.local/lib/python3.12/site-packages/airflow/example_dags/example_xcomargs.py
[2025-07-16T07:35:37.510+0000] {processor.py:925} INFO - DAG(s) 'example_xcom_args', 'example_xcom_args_with_operators' retrieved from /home/airflow/.local/lib/python3.12/site-packages/airflow/example_dags/example_xcomargs.py
[2025-07-16T07:35:37.535+0000] {logging_mixin.py:190} INFO - [2025-07-16T07:35:37.534+0000] {dag.py:3229} INFO - Sync 2 DAGs
[2025-07-16T07:35:37.552+0000] {logging_mixin.py:190} INFO - [2025-07-16T07:35:37.552+0000] {dag.py:4156} INFO - Setting next_dagrun for example_xcom_args to None, run_after=None
[2025-07-16T07:35:37.556+0000] {logging_mixin.py:190} INFO - [2025-07-16T07:35:37.556+0000] {dag.py:4156} INFO - Setting next_dagrun for example_xcom_args_with_operators to None, run_after=None
[2025-07-16T07:35:37.584+0000] {processor.py:208} INFO - Processing /home/airflow/.local/lib/python3.12/site-packages/airflow/example_dags/example_xcomargs.py took 0.097 seconds
[2025-07-16T07:36:07.918+0000] {processor.py:186} INFO - Started process (PID=416) to work on /home/airflow/.local/lib/python3.12/site-packages/airflow/example_dags/example_xcomargs.py
[2025-07-16T07:36:07.919+0000] {processor.py:914} INFO - Processing file /home/airflow/.local/lib/python3.12/site-packages/airflow/example_dags/example_xcomargs.py for tasks to queue
[2025-07-16T07:36:07.922+0000] {logging_mixin.py:190} INFO - [2025-07-16T07:36:07.921+0000] {dagbag.py:587} INFO - Filling up the DagBag from /home/airflow/.local/lib/python3.12/site-packages/airflow/example_dags/example_xcomargs.py
[2025-07-16T07:36:07.932+0000] {processor.py:925} INFO - DAG(s) 'example_xcom_args', 'example_xcom_args_with_operators' retrieved from /home/airflow/.local/lib/python3.12/site-packages/airflow/example_dags/example_xcomargs.py
[2025-07-16T07:36:07.958+0000] {logging_mixin.py:190} INFO - [2025-07-16T07:36:07.958+0000] {dag.py:3229} INFO - Sync 2 DAGs
[2025-07-16T07:36:07.975+0000] {logging_mixin.py:190} INFO - [2025-07-16T07:36:07.975+0000] {dag.py:4156} INFO - Setting next_dagrun for example_xcom_args to None, run_after=None
[2025-07-16T07:36:07.980+0000] {logging_mixin.py:190} INFO - [2025-07-16T07:36:07.980+0000] {dag.py:4156} INFO - Setting next_dagrun for example_xcom_args_with_operators to None, run_after=None
[2025-07-16T07:36:08.000+0000] {processor.py:208} INFO - Processing /home/airflow/.local/lib/python3.12/site-packages/airflow/example_dags/example_xcomargs.py took 0.089 seconds
[2025-07-16T07:36:39.665+0000] {processor.py:186} INFO - Started process (PID=473) to work on /home/airflow/.local/lib/python3.12/site-packages/airflow/example_dags/example_xcomargs.py
[2025-07-16T07:36:39.666+0000] {processor.py:914} INFO - Processing file /home/airflow/.local/lib/python3.12/site-packages/airflow/example_dags/example_xcomargs.py for tasks to queue
[2025-07-16T07:36:39.669+0000] {logging_mixin.py:190} INFO - [2025-07-16T07:36:39.668+0000] {dagbag.py:587} INFO - Filling up the DagBag from /home/airflow/.local/lib/python3.12/site-packages/airflow/example_dags/example_xcomargs.py
[2025-07-16T07:36:39.680+0000] {processor.py:925} INFO - DAG(s) 'example_xcom_args', 'example_xcom_args_with_operators' retrieved from /home/airflow/.local/lib/python3.12/site-packages/airflow/example_dags/example_xcomargs.py
[2025-07-16T07:36:39.709+0000] {logging_mixin.py:190} INFO - [2025-07-16T07:36:39.708+0000] {dag.py:3229} INFO - Sync 2 DAGs
[2025-07-16T07:36:39.727+0000] {logging_mixin.py:190} INFO - [2025-07-16T07:36:39.727+0000] {dag.py:4156} INFO - Setting next_dagrun for example_xcom_args to None, run_after=None
[2025-07-16T07:36:39.732+0000] {logging_mixin.py:190} INFO - [2025-07-16T07:36:39.732+0000] {dag.py:4156} INFO - Setting next_dagrun for example_xcom_args_with_operators to None, run_after=None
[2025-07-16T07:36:39.755+0000] {processor.py:208} INFO - Processing /home/airflow/.local/lib/python3.12/site-packages/airflow/example_dags/example_xcomargs.py took 0.096 seconds
[2025-07-16T07:37:10.294+0000] {processor.py:186} INFO - Started process (PID=530) to work on /home/airflow/.local/lib/python3.12/site-packages/airflow/example_dags/example_xcomargs.py
[2025-07-16T07:37:10.295+0000] {processor.py:914} INFO - Processing file /home/airflow/.local/lib/python3.12/site-packages/airflow/example_dags/example_xcomargs.py for tasks to queue
[2025-07-16T07:37:10.298+0000] {logging_mixin.py:190} INFO - [2025-07-16T07:37:10.298+0000] {dagbag.py:587} INFO - Filling up the DagBag from /home/airflow/.local/lib/python3.12/site-packages/airflow/example_dags/example_xcomargs.py
[2025-07-16T07:37:10.309+0000] {processor.py:925} INFO - DAG(s) 'example_xcom_args', 'example_xcom_args_with_operators' retrieved from /home/airflow/.local/lib/python3.12/site-packages/airflow/example_dags/example_xcomargs.py
[2025-07-16T07:37:10.335+0000] {logging_mixin.py:190} INFO - [2025-07-16T07:37:10.335+0000] {dag.py:3229} INFO - Sync 2 DAGs
[2025-07-16T07:37:10.352+0000] {logging_mixin.py:190} INFO - [2025-07-16T07:37:10.352+0000] {dag.py:4156} INFO - Setting next_dagrun for example_xcom_args to None, run_after=None
[2025-07-16T07:37:10.357+0000] {logging_mixin.py:190} INFO - [2025-07-16T07:37:10.357+0000] {dag.py:4156} INFO - Setting next_dagrun for example_xcom_args_with_operators to None, run_after=None
[2025-07-16T07:37:10.379+0000] {processor.py:208} INFO - Processing /home/airflow/.local/lib/python3.12/site-packages/airflow/example_dags/example_xcomargs.py took 0.092 seconds
[2025-07-16T07:37:41.060+0000] {processor.py:186} INFO - Started process (PID=587) to work on /home/airflow/.local/lib/python3.12/site-packages/airflow/example_dags/example_xcomargs.py
[2025-07-16T07:37:41.062+0000] {processor.py:914} INFO - Processing file /home/airflow/.local/lib/python3.12/site-packages/airflow/example_dags/example_xcomargs.py for tasks to queue
[2025-07-16T07:37:41.065+0000] {logging_mixin.py:190} INFO - [2025-07-16T07:37:41.065+0000] {dagbag.py:587} INFO - Filling up the DagBag from /home/airflow/.local/lib/python3.12/site-packages/airflow/example_dags/example_xcomargs.py
[2025-07-16T07:37:41.076+0000] {processor.py:925} INFO - DAG(s) 'example_xcom_args_with_operators', 'example_xcom_args' retrieved from /home/airflow/.local/lib/python3.12/site-packages/airflow/example_dags/example_xcomargs.py
[2025-07-16T07:37:41.102+0000] {logging_mixin.py:190} INFO - [2025-07-16T07:37:41.102+0000] {dag.py:3229} INFO - Sync 2 DAGs
[2025-07-16T07:37:41.119+0000] {logging_mixin.py:190} INFO - [2025-07-16T07:37:41.119+0000] {dag.py:4156} INFO - Setting next_dagrun for example_xcom_args to None, run_after=None
[2025-07-16T07:37:41.123+0000] {logging_mixin.py:190} INFO - [2025-07-16T07:37:41.123+0000] {dag.py:4156} INFO - Setting next_dagrun for example_xcom_args_with_operators to None, run_after=None
[2025-07-16T07:37:41.144+0000] {processor.py:208} INFO - Processing /home/airflow/.local/lib/python3.12/site-packages/airflow/example_dags/example_xcomargs.py took 0.092 seconds
[2025-07-16T07:38:12.294+0000] {processor.py:186} INFO - Started process (PID=644) to work on /home/airflow/.local/lib/python3.12/site-packages/airflow/example_dags/example_xcomargs.py
[2025-07-16T07:38:12.295+0000] {processor.py:914} INFO - Processing file /home/airflow/.local/lib/python3.12/site-packages/airflow/example_dags/example_xcomargs.py for tasks to queue
[2025-07-16T07:38:12.298+0000] {logging_mixin.py:190} INFO - [2025-07-16T07:38:12.297+0000] {dagbag.py:587} INFO - Filling up the DagBag from /home/airflow/.local/lib/python3.12/site-packages/airflow/example_dags/example_xcomargs.py
[2025-07-16T07:38:12.311+0000] {processor.py:925} INFO - DAG(s) 'example_xcom_args', 'example_xcom_args_with_operators' retrieved from /home/airflow/.local/lib/python3.12/site-packages/airflow/example_dags/example_xcomargs.py
[2025-07-16T07:38:12.339+0000] {logging_mixin.py:190} INFO - [2025-07-16T07:38:12.339+0000] {dag.py:3229} INFO - Sync 2 DAGs
[2025-07-16T07:38:12.357+0000] {logging_mixin.py:190} INFO - [2025-07-16T07:38:12.357+0000] {dag.py:4156} INFO - Setting next_dagrun for example_xcom_args to None, run_after=None
[2025-07-16T07:38:12.361+0000] {logging_mixin.py:190} INFO - [2025-07-16T07:38:12.361+0000] {dag.py:4156} INFO - Setting next_dagrun for example_xcom_args_with_operators to None, run_after=None
[2025-07-16T07:38:12.387+0000] {processor.py:208} INFO - Processing /home/airflow/.local/lib/python3.12/site-packages/airflow/example_dags/example_xcomargs.py took 0.100 seconds
[2025-07-16T07:38:43.010+0000] {processor.py:186} INFO - Started process (PID=701) to work on /home/airflow/.local/lib/python3.12/site-packages/airflow/example_dags/example_xcomargs.py
[2025-07-16T07:38:43.011+0000] {processor.py:914} INFO - Processing file /home/airflow/.local/lib/python3.12/site-packages/airflow/example_dags/example_xcomargs.py for tasks to queue
[2025-07-16T07:38:43.013+0000] {logging_mixin.py:190} INFO - [2025-07-16T07:38:43.013+0000] {dagbag.py:587} INFO - Filling up the DagBag from /home/airflow/.local/lib/python3.12/site-packages/airflow/example_dags/example_xcomargs.py
[2025-07-16T07:38:43.024+0000] {processor.py:925} INFO - DAG(s) 'example_xcom_args_with_operators', 'example_xcom_args' retrieved from /home/airflow/.local/lib/python3.12/site-packages/airflow/example_dags/example_xcomargs.py
[2025-07-16T07:38:43.050+0000] {logging_mixin.py:190} INFO - [2025-07-16T07:38:43.049+0000] {dag.py:3229} INFO - Sync 2 DAGs
[2025-07-16T07:38:43.069+0000] {logging_mixin.py:190} INFO - [2025-07-16T07:38:43.068+0000] {dag.py:4156} INFO - Setting next_dagrun for example_xcom_args to None, run_after=None
[2025-07-16T07:38:43.073+0000] {logging_mixin.py:190} INFO - [2025-07-16T07:38:43.072+0000] {dag.py:4156} INFO - Setting next_dagrun for example_xcom_args_with_operators to None, run_after=None
[2025-07-16T07:38:43.095+0000] {processor.py:208} INFO - Processing /home/airflow/.local/lib/python3.12/site-packages/airflow/example_dags/example_xcomargs.py took 0.091 seconds
[2025-07-16T07:39:13.768+0000] {processor.py:186} INFO - Started process (PID=758) to work on /home/airflow/.local/lib/python3.12/site-packages/airflow/example_dags/example_xcomargs.py
[2025-07-16T07:39:13.769+0000] {processor.py:914} INFO - Processing file /home/airflow/.local/lib/python3.12/site-packages/airflow/example_dags/example_xcomargs.py for tasks to queue
[2025-07-16T07:39:13.773+0000] {logging_mixin.py:190} INFO - [2025-07-16T07:39:13.772+0000] {dagbag.py:587} INFO - Filling up the DagBag from /home/airflow/.local/lib/python3.12/site-packages/airflow/example_dags/example_xcomargs.py
[2025-07-16T07:39:13.784+0000] {processor.py:925} INFO - DAG(s) 'example_xcom_args', 'example_xcom_args_with_operators' retrieved from /home/airflow/.local/lib/python3.12/site-packages/airflow/example_dags/example_xcomargs.py
[2025-07-16T07:39:13.813+0000] {logging_mixin.py:190} INFO - [2025-07-16T07:39:13.812+0000] {dag.py:3229} INFO - Sync 2 DAGs
[2025-07-16T07:39:13.831+0000] {logging_mixin.py:190} INFO - [2025-07-16T07:39:13.831+0000] {dag.py:4156} INFO - Setting next_dagrun for example_xcom_args to None, run_after=None
[2025-07-16T07:39:13.836+0000] {logging_mixin.py:190} INFO - [2025-07-16T07:39:13.835+0000] {dag.py:4156} INFO - Setting next_dagrun for example_xcom_args_with_operators to None, run_after=None
[2025-07-16T07:39:13.860+0000] {processor.py:208} INFO - Processing /home/airflow/.local/lib/python3.12/site-packages/airflow/example_dags/example_xcomargs.py took 0.099 seconds
[2025-07-16T07:39:44.245+0000] {processor.py:186} INFO - Started process (PID=815) to work on /home/airflow/.local/lib/python3.12/site-packages/airflow/example_dags/example_xcomargs.py
[2025-07-16T07:39:44.246+0000] {processor.py:914} INFO - Processing file /home/airflow/.local/lib/python3.12/site-packages/airflow/example_dags/example_xcomargs.py for tasks to queue
[2025-07-16T07:39:44.248+0000] {logging_mixin.py:190} INFO - [2025-07-16T07:39:44.248+0000] {dagbag.py:587} INFO - Filling up the DagBag from /home/airflow/.local/lib/python3.12/site-packages/airflow/example_dags/example_xcomargs.py
[2025-07-16T07:39:44.260+0000] {processor.py:925} INFO - DAG(s) 'example_xcom_args_with_operators', 'example_xcom_args' retrieved from /home/airflow/.local/lib/python3.12/site-packages/airflow/example_dags/example_xcomargs.py
[2025-07-16T07:39:44.287+0000] {logging_mixin.py:190} INFO - [2025-07-16T07:39:44.287+0000] {dag.py:3229} INFO - Sync 2 DAGs
[2025-07-16T07:39:44.303+0000] {logging_mixin.py:190} INFO - [2025-07-16T07:39:44.303+0000] {dag.py:4156} INFO - Setting next_dagrun for example_xcom_args to None, run_after=None
[2025-07-16T07:39:44.307+0000] {logging_mixin.py:190} INFO - [2025-07-16T07:39:44.307+0000] {dag.py:4156} INFO - Setting next_dagrun for example_xcom_args_with_operators to None, run_after=None
[2025-07-16T07:39:44.330+0000] {processor.py:208} INFO - Processing /home/airflow/.local/lib/python3.12/site-packages/airflow/example_dags/example_xcomargs.py took 0.092 seconds
[2025-07-16T07:40:14.782+0000] {processor.py:186} INFO - Started process (PID=872) to work on /home/airflow/.local/lib/python3.12/site-packages/airflow/example_dags/example_xcomargs.py
[2025-07-16T07:40:14.783+0000] {processor.py:914} INFO - Processing file /home/airflow/.local/lib/python3.12/site-packages/airflow/example_dags/example_xcomargs.py for tasks to queue
[2025-07-16T07:40:14.788+0000] {logging_mixin.py:190} INFO - [2025-07-16T07:40:14.787+0000] {dagbag.py:587} INFO - Filling up the DagBag from /home/airflow/.local/lib/python3.12/site-packages/airflow/example_dags/example_xcomargs.py
[2025-07-16T07:40:14.808+0000] {processor.py:925} INFO - DAG(s) 'example_xcom_args_with_operators', 'example_xcom_args' retrieved from /home/airflow/.local/lib/python3.12/site-packages/airflow/example_dags/example_xcomargs.py
[2025-07-16T07:40:14.846+0000] {logging_mixin.py:190} INFO - [2025-07-16T07:40:14.846+0000] {dag.py:3229} INFO - Sync 2 DAGs
[2025-07-16T07:40:14.869+0000] {logging_mixin.py:190} INFO - [2025-07-16T07:40:14.868+0000] {dag.py:4156} INFO - Setting next_dagrun for example_xcom_args to None, run_after=None
[2025-07-16T07:40:14.875+0000] {logging_mixin.py:190} INFO - [2025-07-16T07:40:14.875+0000] {dag.py:4156} INFO - Setting next_dagrun for example_xcom_args_with_operators to None, run_after=None
[2025-07-16T07:40:14.905+0000] {processor.py:208} INFO - Processing /home/airflow/.local/lib/python3.12/site-packages/airflow/example_dags/example_xcomargs.py took 0.131 seconds
[2025-07-16T07:40:45.720+0000] {processor.py:186} INFO - Started process (PID=929) to work on /home/airflow/.local/lib/python3.12/site-packages/airflow/example_dags/example_xcomargs.py
[2025-07-16T07:40:45.721+0000] {processor.py:914} INFO - Processing file /home/airflow/.local/lib/python3.12/site-packages/airflow/example_dags/example_xcomargs.py for tasks to queue
[2025-07-16T07:40:45.724+0000] {logging_mixin.py:190} INFO - [2025-07-16T07:40:45.723+0000] {dagbag.py:587} INFO - Filling up the DagBag from /home/airflow/.local/lib/python3.12/site-packages/airflow/example_dags/example_xcomargs.py
[2025-07-16T07:40:45.736+0000] {processor.py:925} INFO - DAG(s) 'example_xcom_args_with_operators', 'example_xcom_args' retrieved from /home/airflow/.local/lib/python3.12/site-packages/airflow/example_dags/example_xcomargs.py
[2025-07-16T07:40:45.761+0000] {logging_mixin.py:190} INFO - [2025-07-16T07:40:45.760+0000] {dag.py:3229} INFO - Sync 2 DAGs
[2025-07-16T07:40:45.776+0000] {logging_mixin.py:190} INFO - [2025-07-16T07:40:45.776+0000] {dag.py:4156} INFO - Setting next_dagrun for example_xcom_args to None, run_after=None
[2025-07-16T07:40:45.780+0000] {logging_mixin.py:190} INFO - [2025-07-16T07:40:45.780+0000] {dag.py:4156} INFO - Setting next_dagrun for example_xcom_args_with_operators to None, run_after=None
[2025-07-16T07:40:45.800+0000] {processor.py:208} INFO - Processing /home/airflow/.local/lib/python3.12/site-packages/airflow/example_dags/example_xcomargs.py took 0.086 seconds
