[2025-07-16T07:10:07.419+0000] {processor.py:186} INFO - Started process (PID=35) to work on /home/airflow/.local/lib/python3.12/site-packages/airflow/example_dags/example_kubernetes_executor.py
[2025-07-16T07:10:07.433+0000] {processor.py:914} INFO - Processing file /home/airflow/.local/lib/python3.12/site-packages/airflow/example_dags/example_kubernetes_executor.py for tasks to queue
[2025-07-16T07:10:07.506+0000] {logging_mixin.py:190} INFO - [2025-07-16T07:10:07.505+0000] {dagbag.py:587} INFO - Filling up the DagBag from /home/airflow/.local/lib/python3.12/site-packages/airflow/example_dags/example_kubernetes_executor.py
[2025-07-16T07:10:07.573+0000] {processor.py:925} INFO - DAG(s) 'example_kubernetes_executor' retrieved from /home/airflow/.local/lib/python3.12/site-packages/airflow/example_dags/example_kubernetes_executor.py
[2025-07-16T07:10:08.012+0000] {logging_mixin.py:190} INFO - [2025-07-16T07:10:08.012+0000] {dag.py:3229} INFO - Sync 1 DAGs
[2025-07-16T07:10:08.157+0000] {logging_mixin.py:190} INFO - [2025-07-16T07:10:08.157+0000] {dag.py:4156} INFO - Setting next_dagrun for example_kubernetes_executor to None, run_after=None
[2025-07-16T07:10:08.368+0000] {processor.py:208} INFO - Processing /home/airflow/.local/lib/python3.12/site-packages/airflow/example_dags/example_kubernetes_executor.py took 1.099 seconds
[2025-07-16T07:10:38.689+0000] {processor.py:186} INFO - Started process (PID=92) to work on /home/airflow/.local/lib/python3.12/site-packages/airflow/example_dags/example_kubernetes_executor.py
[2025-07-16T07:10:38.690+0000] {processor.py:914} INFO - Processing file /home/airflow/.local/lib/python3.12/site-packages/airflow/example_dags/example_kubernetes_executor.py for tasks to queue
[2025-07-16T07:10:38.693+0000] {logging_mixin.py:190} INFO - [2025-07-16T07:10:38.692+0000] {dagbag.py:587} INFO - Filling up the DagBag from /home/airflow/.local/lib/python3.12/site-packages/airflow/example_dags/example_kubernetes_executor.py
[2025-07-16T07:10:38.708+0000] {processor.py:925} INFO - DAG(s) 'example_kubernetes_executor' retrieved from /home/airflow/.local/lib/python3.12/site-packages/airflow/example_dags/example_kubernetes_executor.py
[2025-07-16T07:10:38.749+0000] {logging_mixin.py:190} INFO - [2025-07-16T07:10:38.748+0000] {dag.py:3229} INFO - Sync 1 DAGs
[2025-07-16T07:10:38.763+0000] {logging_mixin.py:190} INFO - [2025-07-16T07:10:38.763+0000] {dag.py:4156} INFO - Setting next_dagrun for example_kubernetes_executor to None, run_after=None
[2025-07-16T07:10:38.785+0000] {processor.py:208} INFO - Processing /home/airflow/.local/lib/python3.12/site-packages/airflow/example_dags/example_kubernetes_executor.py took 0.103 seconds
[2025-07-16T07:11:09.974+0000] {processor.py:186} INFO - Started process (PID=149) to work on /home/airflow/.local/lib/python3.12/site-packages/airflow/example_dags/example_kubernetes_executor.py
[2025-07-16T07:11:09.975+0000] {processor.py:914} INFO - Processing file /home/airflow/.local/lib/python3.12/site-packages/airflow/example_dags/example_kubernetes_executor.py for tasks to queue
[2025-07-16T07:11:09.978+0000] {logging_mixin.py:190} INFO - [2025-07-16T07:11:09.977+0000] {dagbag.py:587} INFO - Filling up the DagBag from /home/airflow/.local/lib/python3.12/site-packages/airflow/example_dags/example_kubernetes_executor.py
[2025-07-16T07:11:09.993+0000] {processor.py:925} INFO - DAG(s) 'example_kubernetes_executor' retrieved from /home/airflow/.local/lib/python3.12/site-packages/airflow/example_dags/example_kubernetes_executor.py
[2025-07-16T07:11:10.033+0000] {logging_mixin.py:190} INFO - [2025-07-16T07:11:10.033+0000] {dag.py:3229} INFO - Sync 1 DAGs
[2025-07-16T07:11:10.048+0000] {logging_mixin.py:190} INFO - [2025-07-16T07:11:10.048+0000] {dag.py:4156} INFO - Setting next_dagrun for example_kubernetes_executor to None, run_after=None
[2025-07-16T07:11:10.073+0000] {processor.py:208} INFO - Processing /home/airflow/.local/lib/python3.12/site-packages/airflow/example_dags/example_kubernetes_executor.py took 0.105 seconds
[2025-07-16T07:11:40.350+0000] {processor.py:186} INFO - Started process (PID=206) to work on /home/airflow/.local/lib/python3.12/site-packages/airflow/example_dags/example_kubernetes_executor.py
[2025-07-16T07:11:40.352+0000] {processor.py:914} INFO - Processing file /home/airflow/.local/lib/python3.12/site-packages/airflow/example_dags/example_kubernetes_executor.py for tasks to queue
[2025-07-16T07:11:40.355+0000] {logging_mixin.py:190} INFO - [2025-07-16T07:11:40.355+0000] {dagbag.py:587} INFO - Filling up the DagBag from /home/airflow/.local/lib/python3.12/site-packages/airflow/example_dags/example_kubernetes_executor.py
[2025-07-16T07:11:40.380+0000] {processor.py:925} INFO - DAG(s) 'example_kubernetes_executor' retrieved from /home/airflow/.local/lib/python3.12/site-packages/airflow/example_dags/example_kubernetes_executor.py
[2025-07-16T07:11:40.436+0000] {logging_mixin.py:190} INFO - [2025-07-16T07:11:40.435+0000] {dag.py:3229} INFO - Sync 1 DAGs
[2025-07-16T07:11:40.454+0000] {logging_mixin.py:190} INFO - [2025-07-16T07:11:40.454+0000] {dag.py:4156} INFO - Setting next_dagrun for example_kubernetes_executor to None, run_after=None
[2025-07-16T07:11:40.483+0000] {processor.py:208} INFO - Processing /home/airflow/.local/lib/python3.12/site-packages/airflow/example_dags/example_kubernetes_executor.py took 0.142 seconds
[2025-07-16T07:12:10.929+0000] {processor.py:186} INFO - Started process (PID=263) to work on /home/airflow/.local/lib/python3.12/site-packages/airflow/example_dags/example_kubernetes_executor.py
[2025-07-16T07:12:10.930+0000] {processor.py:914} INFO - Processing file /home/airflow/.local/lib/python3.12/site-packages/airflow/example_dags/example_kubernetes_executor.py for tasks to queue
[2025-07-16T07:12:10.932+0000] {logging_mixin.py:190} INFO - [2025-07-16T07:12:10.932+0000] {dagbag.py:587} INFO - Filling up the DagBag from /home/airflow/.local/lib/python3.12/site-packages/airflow/example_dags/example_kubernetes_executor.py
[2025-07-16T07:12:10.949+0000] {processor.py:925} INFO - DAG(s) 'example_kubernetes_executor' retrieved from /home/airflow/.local/lib/python3.12/site-packages/airflow/example_dags/example_kubernetes_executor.py
[2025-07-16T07:12:10.989+0000] {logging_mixin.py:190} INFO - [2025-07-16T07:12:10.989+0000] {dag.py:3229} INFO - Sync 1 DAGs
[2025-07-16T07:12:11.004+0000] {logging_mixin.py:190} INFO - [2025-07-16T07:12:11.004+0000] {dag.py:4156} INFO - Setting next_dagrun for example_kubernetes_executor to None, run_after=None
[2025-07-16T07:12:11.027+0000] {processor.py:208} INFO - Processing /home/airflow/.local/lib/python3.12/site-packages/airflow/example_dags/example_kubernetes_executor.py took 0.105 seconds
[2025-07-16T07:12:41.396+0000] {processor.py:186} INFO - Started process (PID=320) to work on /home/airflow/.local/lib/python3.12/site-packages/airflow/example_dags/example_kubernetes_executor.py
[2025-07-16T07:12:41.398+0000] {processor.py:914} INFO - Processing file /home/airflow/.local/lib/python3.12/site-packages/airflow/example_dags/example_kubernetes_executor.py for tasks to queue
[2025-07-16T07:12:41.400+0000] {logging_mixin.py:190} INFO - [2025-07-16T07:12:41.400+0000] {dagbag.py:587} INFO - Filling up the DagBag from /home/airflow/.local/lib/python3.12/site-packages/airflow/example_dags/example_kubernetes_executor.py
[2025-07-16T07:12:41.418+0000] {processor.py:925} INFO - DAG(s) 'example_kubernetes_executor' retrieved from /home/airflow/.local/lib/python3.12/site-packages/airflow/example_dags/example_kubernetes_executor.py
[2025-07-16T07:12:41.464+0000] {logging_mixin.py:190} INFO - [2025-07-16T07:12:41.463+0000] {dag.py:3229} INFO - Sync 1 DAGs
[2025-07-16T07:12:41.486+0000] {logging_mixin.py:190} INFO - [2025-07-16T07:12:41.486+0000] {dag.py:4156} INFO - Setting next_dagrun for example_kubernetes_executor to None, run_after=None
[2025-07-16T07:12:41.519+0000] {processor.py:208} INFO - Processing /home/airflow/.local/lib/python3.12/site-packages/airflow/example_dags/example_kubernetes_executor.py took 0.131 seconds
[2025-07-16T07:13:11.803+0000] {processor.py:186} INFO - Started process (PID=377) to work on /home/airflow/.local/lib/python3.12/site-packages/airflow/example_dags/example_kubernetes_executor.py
[2025-07-16T07:13:11.804+0000] {processor.py:914} INFO - Processing file /home/airflow/.local/lib/python3.12/site-packages/airflow/example_dags/example_kubernetes_executor.py for tasks to queue
[2025-07-16T07:13:11.807+0000] {logging_mixin.py:190} INFO - [2025-07-16T07:13:11.807+0000] {dagbag.py:587} INFO - Filling up the DagBag from /home/airflow/.local/lib/python3.12/site-packages/airflow/example_dags/example_kubernetes_executor.py
[2025-07-16T07:13:11.825+0000] {processor.py:925} INFO - DAG(s) 'example_kubernetes_executor' retrieved from /home/airflow/.local/lib/python3.12/site-packages/airflow/example_dags/example_kubernetes_executor.py
[2025-07-16T07:13:11.868+0000] {logging_mixin.py:190} INFO - [2025-07-16T07:13:11.867+0000] {dag.py:3229} INFO - Sync 1 DAGs
[2025-07-16T07:13:11.883+0000] {logging_mixin.py:190} INFO - [2025-07-16T07:13:11.883+0000] {dag.py:4156} INFO - Setting next_dagrun for example_kubernetes_executor to None, run_after=None
[2025-07-16T07:13:11.905+0000] {processor.py:208} INFO - Processing /home/airflow/.local/lib/python3.12/site-packages/airflow/example_dags/example_kubernetes_executor.py took 0.109 seconds
[2025-07-16T07:13:42.545+0000] {processor.py:186} INFO - Started process (PID=434) to work on /home/airflow/.local/lib/python3.12/site-packages/airflow/example_dags/example_kubernetes_executor.py
[2025-07-16T07:13:42.546+0000] {processor.py:914} INFO - Processing file /home/airflow/.local/lib/python3.12/site-packages/airflow/example_dags/example_kubernetes_executor.py for tasks to queue
[2025-07-16T07:13:42.550+0000] {logging_mixin.py:190} INFO - [2025-07-16T07:13:42.550+0000] {dagbag.py:587} INFO - Filling up the DagBag from /home/airflow/.local/lib/python3.12/site-packages/airflow/example_dags/example_kubernetes_executor.py
[2025-07-16T07:13:42.569+0000] {processor.py:925} INFO - DAG(s) 'example_kubernetes_executor' retrieved from /home/airflow/.local/lib/python3.12/site-packages/airflow/example_dags/example_kubernetes_executor.py
[2025-07-16T07:13:42.608+0000] {logging_mixin.py:190} INFO - [2025-07-16T07:13:42.607+0000] {dag.py:3229} INFO - Sync 1 DAGs
[2025-07-16T07:13:42.622+0000] {logging_mixin.py:190} INFO - [2025-07-16T07:13:42.622+0000] {dag.py:4156} INFO - Setting next_dagrun for example_kubernetes_executor to None, run_after=None
[2025-07-16T07:13:42.643+0000] {processor.py:208} INFO - Processing /home/airflow/.local/lib/python3.12/site-packages/airflow/example_dags/example_kubernetes_executor.py took 0.104 seconds
[2025-07-16T07:14:13.796+0000] {processor.py:186} INFO - Started process (PID=491) to work on /home/airflow/.local/lib/python3.12/site-packages/airflow/example_dags/example_kubernetes_executor.py
[2025-07-16T07:14:13.798+0000] {processor.py:914} INFO - Processing file /home/airflow/.local/lib/python3.12/site-packages/airflow/example_dags/example_kubernetes_executor.py for tasks to queue
[2025-07-16T07:14:13.800+0000] {logging_mixin.py:190} INFO - [2025-07-16T07:14:13.800+0000] {dagbag.py:587} INFO - Filling up the DagBag from /home/airflow/.local/lib/python3.12/site-packages/airflow/example_dags/example_kubernetes_executor.py
[2025-07-16T07:14:13.815+0000] {processor.py:925} INFO - DAG(s) 'example_kubernetes_executor' retrieved from /home/airflow/.local/lib/python3.12/site-packages/airflow/example_dags/example_kubernetes_executor.py
[2025-07-16T07:14:13.856+0000] {logging_mixin.py:190} INFO - [2025-07-16T07:14:13.855+0000] {dag.py:3229} INFO - Sync 1 DAGs
[2025-07-16T07:14:13.870+0000] {logging_mixin.py:190} INFO - [2025-07-16T07:14:13.870+0000] {dag.py:4156} INFO - Setting next_dagrun for example_kubernetes_executor to None, run_after=None
[2025-07-16T07:14:13.895+0000] {processor.py:208} INFO - Processing /home/airflow/.local/lib/python3.12/site-packages/airflow/example_dags/example_kubernetes_executor.py took 0.105 seconds
[2025-07-16T07:14:44.157+0000] {processor.py:186} INFO - Started process (PID=548) to work on /home/airflow/.local/lib/python3.12/site-packages/airflow/example_dags/example_kubernetes_executor.py
[2025-07-16T07:14:44.158+0000] {processor.py:914} INFO - Processing file /home/airflow/.local/lib/python3.12/site-packages/airflow/example_dags/example_kubernetes_executor.py for tasks to queue
[2025-07-16T07:14:44.162+0000] {logging_mixin.py:190} INFO - [2025-07-16T07:14:44.161+0000] {dagbag.py:587} INFO - Filling up the DagBag from /home/airflow/.local/lib/python3.12/site-packages/airflow/example_dags/example_kubernetes_executor.py
[2025-07-16T07:14:44.185+0000] {processor.py:925} INFO - DAG(s) 'example_kubernetes_executor' retrieved from /home/airflow/.local/lib/python3.12/site-packages/airflow/example_dags/example_kubernetes_executor.py
[2025-07-16T07:14:44.234+0000] {logging_mixin.py:190} INFO - [2025-07-16T07:14:44.234+0000] {dag.py:3229} INFO - Sync 1 DAGs
[2025-07-16T07:14:44.251+0000] {logging_mixin.py:190} INFO - [2025-07-16T07:14:44.251+0000] {dag.py:4156} INFO - Setting next_dagrun for example_kubernetes_executor to None, run_after=None
[2025-07-16T07:14:44.279+0000] {processor.py:208} INFO - Processing /home/airflow/.local/lib/python3.12/site-packages/airflow/example_dags/example_kubernetes_executor.py took 0.132 seconds
[2025-07-16T07:15:14.820+0000] {processor.py:186} INFO - Started process (PID=605) to work on /home/airflow/.local/lib/python3.12/site-packages/airflow/example_dags/example_kubernetes_executor.py
[2025-07-16T07:15:14.822+0000] {processor.py:914} INFO - Processing file /home/airflow/.local/lib/python3.12/site-packages/airflow/example_dags/example_kubernetes_executor.py for tasks to queue
[2025-07-16T07:15:14.825+0000] {logging_mixin.py:190} INFO - [2025-07-16T07:15:14.824+0000] {dagbag.py:587} INFO - Filling up the DagBag from /home/airflow/.local/lib/python3.12/site-packages/airflow/example_dags/example_kubernetes_executor.py
[2025-07-16T07:15:14.845+0000] {processor.py:925} INFO - DAG(s) 'example_kubernetes_executor' retrieved from /home/airflow/.local/lib/python3.12/site-packages/airflow/example_dags/example_kubernetes_executor.py
[2025-07-16T07:15:14.898+0000] {logging_mixin.py:190} INFO - [2025-07-16T07:15:14.897+0000] {dag.py:3229} INFO - Sync 1 DAGs
[2025-07-16T07:15:14.915+0000] {logging_mixin.py:190} INFO - [2025-07-16T07:15:14.915+0000] {dag.py:4156} INFO - Setting next_dagrun for example_kubernetes_executor to None, run_after=None
[2025-07-16T07:15:14.945+0000] {processor.py:208} INFO - Processing /home/airflow/.local/lib/python3.12/site-packages/airflow/example_dags/example_kubernetes_executor.py took 0.133 seconds
[2025-07-16T07:15:45.570+0000] {processor.py:186} INFO - Started process (PID=662) to work on /home/airflow/.local/lib/python3.12/site-packages/airflow/example_dags/example_kubernetes_executor.py
[2025-07-16T07:15:45.571+0000] {processor.py:914} INFO - Processing file /home/airflow/.local/lib/python3.12/site-packages/airflow/example_dags/example_kubernetes_executor.py for tasks to queue
[2025-07-16T07:15:45.575+0000] {logging_mixin.py:190} INFO - [2025-07-16T07:15:45.575+0000] {dagbag.py:587} INFO - Filling up the DagBag from /home/airflow/.local/lib/python3.12/site-packages/airflow/example_dags/example_kubernetes_executor.py
[2025-07-16T07:15:45.596+0000] {processor.py:925} INFO - DAG(s) 'example_kubernetes_executor' retrieved from /home/airflow/.local/lib/python3.12/site-packages/airflow/example_dags/example_kubernetes_executor.py
[2025-07-16T07:15:45.663+0000] {logging_mixin.py:190} INFO - [2025-07-16T07:15:45.663+0000] {dag.py:3229} INFO - Sync 1 DAGs
[2025-07-16T07:15:45.684+0000] {logging_mixin.py:190} INFO - [2025-07-16T07:15:45.684+0000] {dag.py:4156} INFO - Setting next_dagrun for example_kubernetes_executor to None, run_after=None
[2025-07-16T07:15:45.717+0000] {processor.py:208} INFO - Processing /home/airflow/.local/lib/python3.12/site-packages/airflow/example_dags/example_kubernetes_executor.py took 0.154 seconds
[2025-07-16T07:16:16.167+0000] {processor.py:186} INFO - Started process (PID=719) to work on /home/airflow/.local/lib/python3.12/site-packages/airflow/example_dags/example_kubernetes_executor.py
[2025-07-16T07:16:16.168+0000] {processor.py:914} INFO - Processing file /home/airflow/.local/lib/python3.12/site-packages/airflow/example_dags/example_kubernetes_executor.py for tasks to queue
[2025-07-16T07:16:16.172+0000] {logging_mixin.py:190} INFO - [2025-07-16T07:16:16.171+0000] {dagbag.py:587} INFO - Filling up the DagBag from /home/airflow/.local/lib/python3.12/site-packages/airflow/example_dags/example_kubernetes_executor.py
[2025-07-16T07:16:16.197+0000] {processor.py:925} INFO - DAG(s) 'example_kubernetes_executor' retrieved from /home/airflow/.local/lib/python3.12/site-packages/airflow/example_dags/example_kubernetes_executor.py
[2025-07-16T07:16:16.280+0000] {logging_mixin.py:190} INFO - [2025-07-16T07:16:16.280+0000] {dag.py:3229} INFO - Sync 1 DAGs
[2025-07-16T07:16:16.318+0000] {logging_mixin.py:190} INFO - [2025-07-16T07:16:16.318+0000] {dag.py:4156} INFO - Setting next_dagrun for example_kubernetes_executor to None, run_after=None
[2025-07-16T07:16:16.348+0000] {processor.py:208} INFO - Processing /home/airflow/.local/lib/python3.12/site-packages/airflow/example_dags/example_kubernetes_executor.py took 0.190 seconds
[2025-07-16T07:16:46.655+0000] {processor.py:186} INFO - Started process (PID=776) to work on /home/airflow/.local/lib/python3.12/site-packages/airflow/example_dags/example_kubernetes_executor.py
[2025-07-16T07:16:46.657+0000] {processor.py:914} INFO - Processing file /home/airflow/.local/lib/python3.12/site-packages/airflow/example_dags/example_kubernetes_executor.py for tasks to queue
[2025-07-16T07:16:46.659+0000] {logging_mixin.py:190} INFO - [2025-07-16T07:16:46.659+0000] {dagbag.py:587} INFO - Filling up the DagBag from /home/airflow/.local/lib/python3.12/site-packages/airflow/example_dags/example_kubernetes_executor.py
[2025-07-16T07:16:46.675+0000] {processor.py:925} INFO - DAG(s) 'example_kubernetes_executor' retrieved from /home/airflow/.local/lib/python3.12/site-packages/airflow/example_dags/example_kubernetes_executor.py
[2025-07-16T07:16:46.714+0000] {logging_mixin.py:190} INFO - [2025-07-16T07:16:46.714+0000] {dag.py:3229} INFO - Sync 1 DAGs
[2025-07-16T07:16:46.730+0000] {logging_mixin.py:190} INFO - [2025-07-16T07:16:46.730+0000] {dag.py:4156} INFO - Setting next_dagrun for example_kubernetes_executor to None, run_after=None
[2025-07-16T07:16:46.758+0000] {processor.py:208} INFO - Processing /home/airflow/.local/lib/python3.12/site-packages/airflow/example_dags/example_kubernetes_executor.py took 0.109 seconds
[2025-07-16T07:17:17.405+0000] {processor.py:186} INFO - Started process (PID=833) to work on /home/airflow/.local/lib/python3.12/site-packages/airflow/example_dags/example_kubernetes_executor.py
[2025-07-16T07:17:17.406+0000] {processor.py:914} INFO - Processing file /home/airflow/.local/lib/python3.12/site-packages/airflow/example_dags/example_kubernetes_executor.py for tasks to queue
[2025-07-16T07:17:17.409+0000] {logging_mixin.py:190} INFO - [2025-07-16T07:17:17.409+0000] {dagbag.py:587} INFO - Filling up the DagBag from /home/airflow/.local/lib/python3.12/site-packages/airflow/example_dags/example_kubernetes_executor.py
[2025-07-16T07:17:17.426+0000] {processor.py:925} INFO - DAG(s) 'example_kubernetes_executor' retrieved from /home/airflow/.local/lib/python3.12/site-packages/airflow/example_dags/example_kubernetes_executor.py
[2025-07-16T07:17:17.465+0000] {logging_mixin.py:190} INFO - [2025-07-16T07:17:17.465+0000] {dag.py:3229} INFO - Sync 1 DAGs
[2025-07-16T07:17:17.488+0000] {logging_mixin.py:190} INFO - [2025-07-16T07:17:17.488+0000] {dag.py:4156} INFO - Setting next_dagrun for example_kubernetes_executor to None, run_after=None
[2025-07-16T07:17:17.513+0000] {processor.py:208} INFO - Processing /home/airflow/.local/lib/python3.12/site-packages/airflow/example_dags/example_kubernetes_executor.py took 0.116 seconds
[2025-07-16T07:17:48.009+0000] {processor.py:186} INFO - Started process (PID=890) to work on /home/airflow/.local/lib/python3.12/site-packages/airflow/example_dags/example_kubernetes_executor.py
[2025-07-16T07:17:48.011+0000] {processor.py:914} INFO - Processing file /home/airflow/.local/lib/python3.12/site-packages/airflow/example_dags/example_kubernetes_executor.py for tasks to queue
[2025-07-16T07:17:48.014+0000] {logging_mixin.py:190} INFO - [2025-07-16T07:17:48.014+0000] {dagbag.py:587} INFO - Filling up the DagBag from /home/airflow/.local/lib/python3.12/site-packages/airflow/example_dags/example_kubernetes_executor.py
[2025-07-16T07:17:48.040+0000] {processor.py:925} INFO - DAG(s) 'example_kubernetes_executor' retrieved from /home/airflow/.local/lib/python3.12/site-packages/airflow/example_dags/example_kubernetes_executor.py
[2025-07-16T07:17:48.084+0000] {logging_mixin.py:190} INFO - [2025-07-16T07:17:48.083+0000] {dag.py:3229} INFO - Sync 1 DAGs
[2025-07-16T07:17:48.098+0000] {logging_mixin.py:190} INFO - [2025-07-16T07:17:48.098+0000] {dag.py:4156} INFO - Setting next_dagrun for example_kubernetes_executor to None, run_after=None
[2025-07-16T07:17:48.120+0000] {processor.py:208} INFO - Processing /home/airflow/.local/lib/python3.12/site-packages/airflow/example_dags/example_kubernetes_executor.py took 0.121 seconds
[2025-07-16T07:18:18.740+0000] {processor.py:186} INFO - Started process (PID=947) to work on /home/airflow/.local/lib/python3.12/site-packages/airflow/example_dags/example_kubernetes_executor.py
[2025-07-16T07:18:18.741+0000] {processor.py:914} INFO - Processing file /home/airflow/.local/lib/python3.12/site-packages/airflow/example_dags/example_kubernetes_executor.py for tasks to queue
[2025-07-16T07:18:18.744+0000] {logging_mixin.py:190} INFO - [2025-07-16T07:18:18.744+0000] {dagbag.py:587} INFO - Filling up the DagBag from /home/airflow/.local/lib/python3.12/site-packages/airflow/example_dags/example_kubernetes_executor.py
[2025-07-16T07:18:18.761+0000] {processor.py:925} INFO - DAG(s) 'example_kubernetes_executor' retrieved from /home/airflow/.local/lib/python3.12/site-packages/airflow/example_dags/example_kubernetes_executor.py
[2025-07-16T07:18:18.799+0000] {logging_mixin.py:190} INFO - [2025-07-16T07:18:18.799+0000] {dag.py:3229} INFO - Sync 1 DAGs
[2025-07-16T07:18:18.814+0000] {logging_mixin.py:190} INFO - [2025-07-16T07:18:18.814+0000] {dag.py:4156} INFO - Setting next_dagrun for example_kubernetes_executor to None, run_after=None
[2025-07-16T07:18:18.836+0000] {processor.py:208} INFO - Processing /home/airflow/.local/lib/python3.12/site-packages/airflow/example_dags/example_kubernetes_executor.py took 0.103 seconds
[2025-07-16T07:18:49.512+0000] {processor.py:186} INFO - Started process (PID=1004) to work on /home/airflow/.local/lib/python3.12/site-packages/airflow/example_dags/example_kubernetes_executor.py
[2025-07-16T07:18:49.514+0000] {processor.py:914} INFO - Processing file /home/airflow/.local/lib/python3.12/site-packages/airflow/example_dags/example_kubernetes_executor.py for tasks to queue
[2025-07-16T07:18:49.517+0000] {logging_mixin.py:190} INFO - [2025-07-16T07:18:49.516+0000] {dagbag.py:587} INFO - Filling up the DagBag from /home/airflow/.local/lib/python3.12/site-packages/airflow/example_dags/example_kubernetes_executor.py
[2025-07-16T07:18:49.538+0000] {processor.py:925} INFO - DAG(s) 'example_kubernetes_executor' retrieved from /home/airflow/.local/lib/python3.12/site-packages/airflow/example_dags/example_kubernetes_executor.py
[2025-07-16T07:18:49.580+0000] {logging_mixin.py:190} INFO - [2025-07-16T07:18:49.580+0000] {dag.py:3229} INFO - Sync 1 DAGs
[2025-07-16T07:18:49.595+0000] {logging_mixin.py:190} INFO - [2025-07-16T07:18:49.595+0000] {dag.py:4156} INFO - Setting next_dagrun for example_kubernetes_executor to None, run_after=None
[2025-07-16T07:18:49.616+0000] {processor.py:208} INFO - Processing /home/airflow/.local/lib/python3.12/site-packages/airflow/example_dags/example_kubernetes_executor.py took 0.111 seconds
[2025-07-16T07:19:20.032+0000] {processor.py:186} INFO - Started process (PID=1061) to work on /home/airflow/.local/lib/python3.12/site-packages/airflow/example_dags/example_kubernetes_executor.py
[2025-07-16T07:19:20.033+0000] {processor.py:914} INFO - Processing file /home/airflow/.local/lib/python3.12/site-packages/airflow/example_dags/example_kubernetes_executor.py for tasks to queue
[2025-07-16T07:19:20.036+0000] {logging_mixin.py:190} INFO - [2025-07-16T07:19:20.036+0000] {dagbag.py:587} INFO - Filling up the DagBag from /home/airflow/.local/lib/python3.12/site-packages/airflow/example_dags/example_kubernetes_executor.py
[2025-07-16T07:19:20.052+0000] {processor.py:925} INFO - DAG(s) 'example_kubernetes_executor' retrieved from /home/airflow/.local/lib/python3.12/site-packages/airflow/example_dags/example_kubernetes_executor.py
[2025-07-16T07:19:20.096+0000] {logging_mixin.py:190} INFO - [2025-07-16T07:19:20.096+0000] {dag.py:3229} INFO - Sync 1 DAGs
[2025-07-16T07:19:20.112+0000] {logging_mixin.py:190} INFO - [2025-07-16T07:19:20.112+0000] {dag.py:4156} INFO - Setting next_dagrun for example_kubernetes_executor to None, run_after=None
[2025-07-16T07:19:20.140+0000] {processor.py:208} INFO - Processing /home/airflow/.local/lib/python3.12/site-packages/airflow/example_dags/example_kubernetes_executor.py took 0.114 seconds
[2025-07-16T07:19:50.533+0000] {processor.py:186} INFO - Started process (PID=1118) to work on /home/airflow/.local/lib/python3.12/site-packages/airflow/example_dags/example_kubernetes_executor.py
[2025-07-16T07:19:50.534+0000] {processor.py:914} INFO - Processing file /home/airflow/.local/lib/python3.12/site-packages/airflow/example_dags/example_kubernetes_executor.py for tasks to queue
[2025-07-16T07:19:50.537+0000] {logging_mixin.py:190} INFO - [2025-07-16T07:19:50.537+0000] {dagbag.py:587} INFO - Filling up the DagBag from /home/airflow/.local/lib/python3.12/site-packages/airflow/example_dags/example_kubernetes_executor.py
[2025-07-16T07:19:50.553+0000] {processor.py:925} INFO - DAG(s) 'example_kubernetes_executor' retrieved from /home/airflow/.local/lib/python3.12/site-packages/airflow/example_dags/example_kubernetes_executor.py
[2025-07-16T07:19:50.595+0000] {logging_mixin.py:190} INFO - [2025-07-16T07:19:50.594+0000] {dag.py:3229} INFO - Sync 1 DAGs
[2025-07-16T07:19:50.609+0000] {logging_mixin.py:190} INFO - [2025-07-16T07:19:50.609+0000] {dag.py:4156} INFO - Setting next_dagrun for example_kubernetes_executor to None, run_after=None
[2025-07-16T07:19:50.630+0000] {processor.py:208} INFO - Processing /home/airflow/.local/lib/python3.12/site-packages/airflow/example_dags/example_kubernetes_executor.py took 0.104 seconds
[2025-07-16T07:20:21.007+0000] {processor.py:186} INFO - Started process (PID=1175) to work on /home/airflow/.local/lib/python3.12/site-packages/airflow/example_dags/example_kubernetes_executor.py
[2025-07-16T07:20:21.008+0000] {processor.py:914} INFO - Processing file /home/airflow/.local/lib/python3.12/site-packages/airflow/example_dags/example_kubernetes_executor.py for tasks to queue
[2025-07-16T07:20:21.010+0000] {logging_mixin.py:190} INFO - [2025-07-16T07:20:21.010+0000] {dagbag.py:587} INFO - Filling up the DagBag from /home/airflow/.local/lib/python3.12/site-packages/airflow/example_dags/example_kubernetes_executor.py
[2025-07-16T07:20:21.028+0000] {processor.py:925} INFO - DAG(s) 'example_kubernetes_executor' retrieved from /home/airflow/.local/lib/python3.12/site-packages/airflow/example_dags/example_kubernetes_executor.py
[2025-07-16T07:20:21.072+0000] {logging_mixin.py:190} INFO - [2025-07-16T07:20:21.071+0000] {dag.py:3229} INFO - Sync 1 DAGs
[2025-07-16T07:20:21.087+0000] {logging_mixin.py:190} INFO - [2025-07-16T07:20:21.087+0000] {dag.py:4156} INFO - Setting next_dagrun for example_kubernetes_executor to None, run_after=None
[2025-07-16T07:20:21.110+0000] {processor.py:208} INFO - Processing /home/airflow/.local/lib/python3.12/site-packages/airflow/example_dags/example_kubernetes_executor.py took 0.110 seconds
[2025-07-16T07:20:51.539+0000] {processor.py:186} INFO - Started process (PID=1232) to work on /home/airflow/.local/lib/python3.12/site-packages/airflow/example_dags/example_kubernetes_executor.py
[2025-07-16T07:20:51.541+0000] {processor.py:914} INFO - Processing file /home/airflow/.local/lib/python3.12/site-packages/airflow/example_dags/example_kubernetes_executor.py for tasks to queue
[2025-07-16T07:20:51.544+0000] {logging_mixin.py:190} INFO - [2025-07-16T07:20:51.543+0000] {dagbag.py:587} INFO - Filling up the DagBag from /home/airflow/.local/lib/python3.12/site-packages/airflow/example_dags/example_kubernetes_executor.py
[2025-07-16T07:20:51.562+0000] {processor.py:925} INFO - DAG(s) 'example_kubernetes_executor' retrieved from /home/airflow/.local/lib/python3.12/site-packages/airflow/example_dags/example_kubernetes_executor.py
[2025-07-16T07:20:51.607+0000] {logging_mixin.py:190} INFO - [2025-07-16T07:20:51.607+0000] {dag.py:3229} INFO - Sync 1 DAGs
[2025-07-16T07:20:51.625+0000] {logging_mixin.py:190} INFO - [2025-07-16T07:20:51.625+0000] {dag.py:4156} INFO - Setting next_dagrun for example_kubernetes_executor to None, run_after=None
[2025-07-16T07:20:51.656+0000] {processor.py:208} INFO - Processing /home/airflow/.local/lib/python3.12/site-packages/airflow/example_dags/example_kubernetes_executor.py took 0.124 seconds
[2025-07-16T07:21:22.399+0000] {processor.py:186} INFO - Started process (PID=1289) to work on /home/airflow/.local/lib/python3.12/site-packages/airflow/example_dags/example_kubernetes_executor.py
[2025-07-16T07:21:22.401+0000] {processor.py:914} INFO - Processing file /home/airflow/.local/lib/python3.12/site-packages/airflow/example_dags/example_kubernetes_executor.py for tasks to queue
[2025-07-16T07:21:22.405+0000] {logging_mixin.py:190} INFO - [2025-07-16T07:21:22.404+0000] {dagbag.py:587} INFO - Filling up the DagBag from /home/airflow/.local/lib/python3.12/site-packages/airflow/example_dags/example_kubernetes_executor.py
[2025-07-16T07:21:22.424+0000] {processor.py:925} INFO - DAG(s) 'example_kubernetes_executor' retrieved from /home/airflow/.local/lib/python3.12/site-packages/airflow/example_dags/example_kubernetes_executor.py
[2025-07-16T07:21:22.466+0000] {logging_mixin.py:190} INFO - [2025-07-16T07:21:22.466+0000] {dag.py:3229} INFO - Sync 1 DAGs
[2025-07-16T07:21:22.485+0000] {logging_mixin.py:190} INFO - [2025-07-16T07:21:22.485+0000] {dag.py:4156} INFO - Setting next_dagrun for example_kubernetes_executor to None, run_after=None
[2025-07-16T07:21:22.509+0000] {processor.py:208} INFO - Processing /home/airflow/.local/lib/python3.12/site-packages/airflow/example_dags/example_kubernetes_executor.py took 0.117 seconds
[2025-07-16T07:21:53.184+0000] {processor.py:186} INFO - Started process (PID=1346) to work on /home/airflow/.local/lib/python3.12/site-packages/airflow/example_dags/example_kubernetes_executor.py
[2025-07-16T07:21:53.185+0000] {processor.py:914} INFO - Processing file /home/airflow/.local/lib/python3.12/site-packages/airflow/example_dags/example_kubernetes_executor.py for tasks to queue
[2025-07-16T07:21:53.187+0000] {logging_mixin.py:190} INFO - [2025-07-16T07:21:53.187+0000] {dagbag.py:587} INFO - Filling up the DagBag from /home/airflow/.local/lib/python3.12/site-packages/airflow/example_dags/example_kubernetes_executor.py
[2025-07-16T07:21:53.204+0000] {processor.py:925} INFO - DAG(s) 'example_kubernetes_executor' retrieved from /home/airflow/.local/lib/python3.12/site-packages/airflow/example_dags/example_kubernetes_executor.py
[2025-07-16T07:21:53.248+0000] {logging_mixin.py:190} INFO - [2025-07-16T07:21:53.248+0000] {dag.py:3229} INFO - Sync 1 DAGs
[2025-07-16T07:21:53.267+0000] {logging_mixin.py:190} INFO - [2025-07-16T07:21:53.267+0000] {dag.py:4156} INFO - Setting next_dagrun for example_kubernetes_executor to None, run_after=None
[2025-07-16T07:21:53.295+0000] {processor.py:208} INFO - Processing /home/airflow/.local/lib/python3.12/site-packages/airflow/example_dags/example_kubernetes_executor.py took 0.118 seconds
[2025-07-16T07:22:23.895+0000] {processor.py:186} INFO - Started process (PID=1403) to work on /home/airflow/.local/lib/python3.12/site-packages/airflow/example_dags/example_kubernetes_executor.py
[2025-07-16T07:22:23.896+0000] {processor.py:914} INFO - Processing file /home/airflow/.local/lib/python3.12/site-packages/airflow/example_dags/example_kubernetes_executor.py for tasks to queue
[2025-07-16T07:22:23.899+0000] {logging_mixin.py:190} INFO - [2025-07-16T07:22:23.899+0000] {dagbag.py:587} INFO - Filling up the DagBag from /home/airflow/.local/lib/python3.12/site-packages/airflow/example_dags/example_kubernetes_executor.py
[2025-07-16T07:22:23.916+0000] {processor.py:925} INFO - DAG(s) 'example_kubernetes_executor' retrieved from /home/airflow/.local/lib/python3.12/site-packages/airflow/example_dags/example_kubernetes_executor.py
[2025-07-16T07:22:23.955+0000] {logging_mixin.py:190} INFO - [2025-07-16T07:22:23.955+0000] {dag.py:3229} INFO - Sync 1 DAGs
[2025-07-16T07:22:23.971+0000] {logging_mixin.py:190} INFO - [2025-07-16T07:22:23.971+0000] {dag.py:4156} INFO - Setting next_dagrun for example_kubernetes_executor to None, run_after=None
[2025-07-16T07:22:23.997+0000] {processor.py:208} INFO - Processing /home/airflow/.local/lib/python3.12/site-packages/airflow/example_dags/example_kubernetes_executor.py took 0.109 seconds
[2025-07-16T07:22:54.885+0000] {processor.py:186} INFO - Started process (PID=1460) to work on /home/airflow/.local/lib/python3.12/site-packages/airflow/example_dags/example_kubernetes_executor.py
[2025-07-16T07:22:54.886+0000] {processor.py:914} INFO - Processing file /home/airflow/.local/lib/python3.12/site-packages/airflow/example_dags/example_kubernetes_executor.py for tasks to queue
[2025-07-16T07:22:54.889+0000] {logging_mixin.py:190} INFO - [2025-07-16T07:22:54.889+0000] {dagbag.py:587} INFO - Filling up the DagBag from /home/airflow/.local/lib/python3.12/site-packages/airflow/example_dags/example_kubernetes_executor.py
[2025-07-16T07:22:54.906+0000] {processor.py:925} INFO - DAG(s) 'example_kubernetes_executor' retrieved from /home/airflow/.local/lib/python3.12/site-packages/airflow/example_dags/example_kubernetes_executor.py
[2025-07-16T07:22:54.945+0000] {logging_mixin.py:190} INFO - [2025-07-16T07:22:54.945+0000] {dag.py:3229} INFO - Sync 1 DAGs
[2025-07-16T07:22:54.961+0000] {logging_mixin.py:190} INFO - [2025-07-16T07:22:54.961+0000] {dag.py:4156} INFO - Setting next_dagrun for example_kubernetes_executor to None, run_after=None
[2025-07-16T07:22:54.981+0000] {processor.py:208} INFO - Processing /home/airflow/.local/lib/python3.12/site-packages/airflow/example_dags/example_kubernetes_executor.py took 0.102 seconds
[2025-07-16T07:23:25.947+0000] {processor.py:186} INFO - Started process (PID=1517) to work on /home/airflow/.local/lib/python3.12/site-packages/airflow/example_dags/example_kubernetes_executor.py
[2025-07-16T07:23:25.948+0000] {processor.py:914} INFO - Processing file /home/airflow/.local/lib/python3.12/site-packages/airflow/example_dags/example_kubernetes_executor.py for tasks to queue
[2025-07-16T07:23:25.950+0000] {logging_mixin.py:190} INFO - [2025-07-16T07:23:25.950+0000] {dagbag.py:587} INFO - Filling up the DagBag from /home/airflow/.local/lib/python3.12/site-packages/airflow/example_dags/example_kubernetes_executor.py
[2025-07-16T07:23:25.965+0000] {processor.py:925} INFO - DAG(s) 'example_kubernetes_executor' retrieved from /home/airflow/.local/lib/python3.12/site-packages/airflow/example_dags/example_kubernetes_executor.py
[2025-07-16T07:23:26.002+0000] {logging_mixin.py:190} INFO - [2025-07-16T07:23:26.002+0000] {dag.py:3229} INFO - Sync 1 DAGs
[2025-07-16T07:23:26.017+0000] {logging_mixin.py:190} INFO - [2025-07-16T07:23:26.017+0000] {dag.py:4156} INFO - Setting next_dagrun for example_kubernetes_executor to None, run_after=None
[2025-07-16T07:23:26.037+0000] {processor.py:208} INFO - Processing /home/airflow/.local/lib/python3.12/site-packages/airflow/example_dags/example_kubernetes_executor.py took 0.097 seconds
[2025-07-16T07:23:57.123+0000] {processor.py:186} INFO - Started process (PID=1574) to work on /home/airflow/.local/lib/python3.12/site-packages/airflow/example_dags/example_kubernetes_executor.py
[2025-07-16T07:23:57.124+0000] {processor.py:914} INFO - Processing file /home/airflow/.local/lib/python3.12/site-packages/airflow/example_dags/example_kubernetes_executor.py for tasks to queue
[2025-07-16T07:23:57.127+0000] {logging_mixin.py:190} INFO - [2025-07-16T07:23:57.127+0000] {dagbag.py:587} INFO - Filling up the DagBag from /home/airflow/.local/lib/python3.12/site-packages/airflow/example_dags/example_kubernetes_executor.py
[2025-07-16T07:23:57.144+0000] {processor.py:925} INFO - DAG(s) 'example_kubernetes_executor' retrieved from /home/airflow/.local/lib/python3.12/site-packages/airflow/example_dags/example_kubernetes_executor.py
[2025-07-16T07:23:57.186+0000] {logging_mixin.py:190} INFO - [2025-07-16T07:23:57.186+0000] {dag.py:3229} INFO - Sync 1 DAGs
[2025-07-16T07:23:57.204+0000] {logging_mixin.py:190} INFO - [2025-07-16T07:23:57.204+0000] {dag.py:4156} INFO - Setting next_dagrun for example_kubernetes_executor to None, run_after=None
[2025-07-16T07:23:57.228+0000] {processor.py:208} INFO - Processing /home/airflow/.local/lib/python3.12/site-packages/airflow/example_dags/example_kubernetes_executor.py took 0.115 seconds
[2025-07-16T07:24:27.451+0000] {processor.py:186} INFO - Started process (PID=1631) to work on /home/airflow/.local/lib/python3.12/site-packages/airflow/example_dags/example_kubernetes_executor.py
[2025-07-16T07:24:27.452+0000] {processor.py:914} INFO - Processing file /home/airflow/.local/lib/python3.12/site-packages/airflow/example_dags/example_kubernetes_executor.py for tasks to queue
[2025-07-16T07:24:27.454+0000] {logging_mixin.py:190} INFO - [2025-07-16T07:24:27.454+0000] {dagbag.py:587} INFO - Filling up the DagBag from /home/airflow/.local/lib/python3.12/site-packages/airflow/example_dags/example_kubernetes_executor.py
[2025-07-16T07:24:27.469+0000] {processor.py:925} INFO - DAG(s) 'example_kubernetes_executor' retrieved from /home/airflow/.local/lib/python3.12/site-packages/airflow/example_dags/example_kubernetes_executor.py
[2025-07-16T07:24:27.508+0000] {logging_mixin.py:190} INFO - [2025-07-16T07:24:27.508+0000] {dag.py:3229} INFO - Sync 1 DAGs
[2025-07-16T07:24:27.525+0000] {logging_mixin.py:190} INFO - [2025-07-16T07:24:27.524+0000] {dag.py:4156} INFO - Setting next_dagrun for example_kubernetes_executor to None, run_after=None
[2025-07-16T07:24:27.550+0000] {processor.py:208} INFO - Processing /home/airflow/.local/lib/python3.12/site-packages/airflow/example_dags/example_kubernetes_executor.py took 0.105 seconds
[2025-07-16T07:24:58.592+0000] {processor.py:186} INFO - Started process (PID=1688) to work on /home/airflow/.local/lib/python3.12/site-packages/airflow/example_dags/example_kubernetes_executor.py
[2025-07-16T07:24:58.594+0000] {processor.py:914} INFO - Processing file /home/airflow/.local/lib/python3.12/site-packages/airflow/example_dags/example_kubernetes_executor.py for tasks to queue
[2025-07-16T07:24:58.596+0000] {logging_mixin.py:190} INFO - [2025-07-16T07:24:58.596+0000] {dagbag.py:587} INFO - Filling up the DagBag from /home/airflow/.local/lib/python3.12/site-packages/airflow/example_dags/example_kubernetes_executor.py
[2025-07-16T07:24:58.615+0000] {processor.py:925} INFO - DAG(s) 'example_kubernetes_executor' retrieved from /home/airflow/.local/lib/python3.12/site-packages/airflow/example_dags/example_kubernetes_executor.py
[2025-07-16T07:24:58.656+0000] {logging_mixin.py:190} INFO - [2025-07-16T07:24:58.656+0000] {dag.py:3229} INFO - Sync 1 DAGs
[2025-07-16T07:24:58.672+0000] {logging_mixin.py:190} INFO - [2025-07-16T07:24:58.672+0000] {dag.py:4156} INFO - Setting next_dagrun for example_kubernetes_executor to None, run_after=None
[2025-07-16T07:24:58.695+0000] {processor.py:208} INFO - Processing /home/airflow/.local/lib/python3.12/site-packages/airflow/example_dags/example_kubernetes_executor.py took 0.110 seconds
[2025-07-16T07:25:29.522+0000] {processor.py:186} INFO - Started process (PID=1745) to work on /home/airflow/.local/lib/python3.12/site-packages/airflow/example_dags/example_kubernetes_executor.py
[2025-07-16T07:25:29.523+0000] {processor.py:914} INFO - Processing file /home/airflow/.local/lib/python3.12/site-packages/airflow/example_dags/example_kubernetes_executor.py for tasks to queue
[2025-07-16T07:25:29.525+0000] {logging_mixin.py:190} INFO - [2025-07-16T07:25:29.525+0000] {dagbag.py:587} INFO - Filling up the DagBag from /home/airflow/.local/lib/python3.12/site-packages/airflow/example_dags/example_kubernetes_executor.py
[2025-07-16T07:25:29.542+0000] {processor.py:925} INFO - DAG(s) 'example_kubernetes_executor' retrieved from /home/airflow/.local/lib/python3.12/site-packages/airflow/example_dags/example_kubernetes_executor.py
[2025-07-16T07:25:29.586+0000] {logging_mixin.py:190} INFO - [2025-07-16T07:25:29.585+0000] {dag.py:3229} INFO - Sync 1 DAGs
[2025-07-16T07:25:29.606+0000] {logging_mixin.py:190} INFO - [2025-07-16T07:25:29.605+0000] {dag.py:4156} INFO - Setting next_dagrun for example_kubernetes_executor to None, run_after=None
[2025-07-16T07:25:29.633+0000] {processor.py:208} INFO - Processing /home/airflow/.local/lib/python3.12/site-packages/airflow/example_dags/example_kubernetes_executor.py took 0.118 seconds
[2025-07-16T07:25:59.955+0000] {processor.py:186} INFO - Started process (PID=1802) to work on /home/airflow/.local/lib/python3.12/site-packages/airflow/example_dags/example_kubernetes_executor.py
[2025-07-16T07:25:59.958+0000] {processor.py:914} INFO - Processing file /home/airflow/.local/lib/python3.12/site-packages/airflow/example_dags/example_kubernetes_executor.py for tasks to queue
[2025-07-16T07:25:59.962+0000] {logging_mixin.py:190} INFO - [2025-07-16T07:25:59.962+0000] {dagbag.py:587} INFO - Filling up the DagBag from /home/airflow/.local/lib/python3.12/site-packages/airflow/example_dags/example_kubernetes_executor.py
[2025-07-16T07:25:59.987+0000] {processor.py:925} INFO - DAG(s) 'example_kubernetes_executor' retrieved from /home/airflow/.local/lib/python3.12/site-packages/airflow/example_dags/example_kubernetes_executor.py
[2025-07-16T07:26:00.049+0000] {logging_mixin.py:190} INFO - [2025-07-16T07:26:00.049+0000] {dag.py:3229} INFO - Sync 1 DAGs
[2025-07-16T07:26:00.073+0000] {logging_mixin.py:190} INFO - [2025-07-16T07:26:00.073+0000] {dag.py:4156} INFO - Setting next_dagrun for example_kubernetes_executor to None, run_after=None
[2025-07-16T07:26:00.113+0000] {processor.py:208} INFO - Processing /home/airflow/.local/lib/python3.12/site-packages/airflow/example_dags/example_kubernetes_executor.py took 0.176 seconds
[2025-07-16T07:26:30.359+0000] {processor.py:186} INFO - Started process (PID=1858) to work on /home/airflow/.local/lib/python3.12/site-packages/airflow/example_dags/example_kubernetes_executor.py
[2025-07-16T07:26:30.361+0000] {processor.py:914} INFO - Processing file /home/airflow/.local/lib/python3.12/site-packages/airflow/example_dags/example_kubernetes_executor.py for tasks to queue
[2025-07-16T07:26:30.364+0000] {logging_mixin.py:190} INFO - [2025-07-16T07:26:30.364+0000] {dagbag.py:587} INFO - Filling up the DagBag from /home/airflow/.local/lib/python3.12/site-packages/airflow/example_dags/example_kubernetes_executor.py
[2025-07-16T07:26:30.385+0000] {processor.py:925} INFO - DAG(s) 'example_kubernetes_executor' retrieved from /home/airflow/.local/lib/python3.12/site-packages/airflow/example_dags/example_kubernetes_executor.py
[2025-07-16T07:26:30.427+0000] {logging_mixin.py:190} INFO - [2025-07-16T07:26:30.427+0000] {dag.py:3229} INFO - Sync 1 DAGs
[2025-07-16T07:26:30.447+0000] {logging_mixin.py:190} INFO - [2025-07-16T07:26:30.447+0000] {dag.py:4156} INFO - Setting next_dagrun for example_kubernetes_executor to None, run_after=None
[2025-07-16T07:26:30.471+0000] {processor.py:208} INFO - Processing /home/airflow/.local/lib/python3.12/site-packages/airflow/example_dags/example_kubernetes_executor.py took 0.121 seconds
[2025-07-16T07:27:01.608+0000] {processor.py:186} INFO - Started process (PID=1916) to work on /home/airflow/.local/lib/python3.12/site-packages/airflow/example_dags/example_kubernetes_executor.py
[2025-07-16T07:27:01.610+0000] {processor.py:914} INFO - Processing file /home/airflow/.local/lib/python3.12/site-packages/airflow/example_dags/example_kubernetes_executor.py for tasks to queue
[2025-07-16T07:27:01.612+0000] {logging_mixin.py:190} INFO - [2025-07-16T07:27:01.612+0000] {dagbag.py:587} INFO - Filling up the DagBag from /home/airflow/.local/lib/python3.12/site-packages/airflow/example_dags/example_kubernetes_executor.py
[2025-07-16T07:27:01.636+0000] {processor.py:925} INFO - DAG(s) 'example_kubernetes_executor' retrieved from /home/airflow/.local/lib/python3.12/site-packages/airflow/example_dags/example_kubernetes_executor.py
[2025-07-16T07:27:01.683+0000] {logging_mixin.py:190} INFO - [2025-07-16T07:27:01.683+0000] {dag.py:3229} INFO - Sync 1 DAGs
[2025-07-16T07:27:01.710+0000] {logging_mixin.py:190} INFO - [2025-07-16T07:27:01.709+0000] {dag.py:4156} INFO - Setting next_dagrun for example_kubernetes_executor to None, run_after=None
[2025-07-16T07:27:01.740+0000] {processor.py:208} INFO - Processing /home/airflow/.local/lib/python3.12/site-packages/airflow/example_dags/example_kubernetes_executor.py took 0.142 seconds
[2025-07-16T07:27:32.811+0000] {processor.py:186} INFO - Started process (PID=1973) to work on /home/airflow/.local/lib/python3.12/site-packages/airflow/example_dags/example_kubernetes_executor.py
[2025-07-16T07:27:32.812+0000] {processor.py:914} INFO - Processing file /home/airflow/.local/lib/python3.12/site-packages/airflow/example_dags/example_kubernetes_executor.py for tasks to queue
[2025-07-16T07:27:32.815+0000] {logging_mixin.py:190} INFO - [2025-07-16T07:27:32.815+0000] {dagbag.py:587} INFO - Filling up the DagBag from /home/airflow/.local/lib/python3.12/site-packages/airflow/example_dags/example_kubernetes_executor.py
[2025-07-16T07:27:32.834+0000] {processor.py:925} INFO - DAG(s) 'example_kubernetes_executor' retrieved from /home/airflow/.local/lib/python3.12/site-packages/airflow/example_dags/example_kubernetes_executor.py
[2025-07-16T07:27:32.875+0000] {logging_mixin.py:190} INFO - [2025-07-16T07:27:32.875+0000] {dag.py:3229} INFO - Sync 1 DAGs
[2025-07-16T07:27:32.894+0000] {logging_mixin.py:190} INFO - [2025-07-16T07:27:32.894+0000] {dag.py:4156} INFO - Setting next_dagrun for example_kubernetes_executor to None, run_after=None
[2025-07-16T07:27:32.925+0000] {processor.py:208} INFO - Processing /home/airflow/.local/lib/python3.12/site-packages/airflow/example_dags/example_kubernetes_executor.py took 0.121 seconds
[2025-07-16T07:28:04.238+0000] {processor.py:186} INFO - Started process (PID=2030) to work on /home/airflow/.local/lib/python3.12/site-packages/airflow/example_dags/example_kubernetes_executor.py
[2025-07-16T07:28:04.239+0000] {processor.py:914} INFO - Processing file /home/airflow/.local/lib/python3.12/site-packages/airflow/example_dags/example_kubernetes_executor.py for tasks to queue
[2025-07-16T07:28:04.242+0000] {logging_mixin.py:190} INFO - [2025-07-16T07:28:04.242+0000] {dagbag.py:587} INFO - Filling up the DagBag from /home/airflow/.local/lib/python3.12/site-packages/airflow/example_dags/example_kubernetes_executor.py
[2025-07-16T07:28:04.259+0000] {processor.py:925} INFO - DAG(s) 'example_kubernetes_executor' retrieved from /home/airflow/.local/lib/python3.12/site-packages/airflow/example_dags/example_kubernetes_executor.py
[2025-07-16T07:28:04.299+0000] {logging_mixin.py:190} INFO - [2025-07-16T07:28:04.299+0000] {dag.py:3229} INFO - Sync 1 DAGs
[2025-07-16T07:28:04.315+0000] {logging_mixin.py:190} INFO - [2025-07-16T07:28:04.315+0000] {dag.py:4156} INFO - Setting next_dagrun for example_kubernetes_executor to None, run_after=None
[2025-07-16T07:28:04.338+0000] {processor.py:208} INFO - Processing /home/airflow/.local/lib/python3.12/site-packages/airflow/example_dags/example_kubernetes_executor.py took 0.107 seconds
[2025-07-16T07:28:35.509+0000] {processor.py:186} INFO - Started process (PID=2087) to work on /home/airflow/.local/lib/python3.12/site-packages/airflow/example_dags/example_kubernetes_executor.py
[2025-07-16T07:28:35.510+0000] {processor.py:914} INFO - Processing file /home/airflow/.local/lib/python3.12/site-packages/airflow/example_dags/example_kubernetes_executor.py for tasks to queue
[2025-07-16T07:28:35.513+0000] {logging_mixin.py:190} INFO - [2025-07-16T07:28:35.513+0000] {dagbag.py:587} INFO - Filling up the DagBag from /home/airflow/.local/lib/python3.12/site-packages/airflow/example_dags/example_kubernetes_executor.py
[2025-07-16T07:28:35.535+0000] {processor.py:925} INFO - DAG(s) 'example_kubernetes_executor' retrieved from /home/airflow/.local/lib/python3.12/site-packages/airflow/example_dags/example_kubernetes_executor.py
[2025-07-16T07:28:35.586+0000] {logging_mixin.py:190} INFO - [2025-07-16T07:28:35.585+0000] {dag.py:3229} INFO - Sync 1 DAGs
[2025-07-16T07:28:35.605+0000] {logging_mixin.py:190} INFO - [2025-07-16T07:28:35.605+0000] {dag.py:4156} INFO - Setting next_dagrun for example_kubernetes_executor to None, run_after=None
[2025-07-16T07:28:35.633+0000] {processor.py:208} INFO - Processing /home/airflow/.local/lib/python3.12/site-packages/airflow/example_dags/example_kubernetes_executor.py took 0.131 seconds
[2025-07-16T07:29:06.533+0000] {processor.py:186} INFO - Started process (PID=2144) to work on /home/airflow/.local/lib/python3.12/site-packages/airflow/example_dags/example_kubernetes_executor.py
[2025-07-16T07:29:06.535+0000] {processor.py:914} INFO - Processing file /home/airflow/.local/lib/python3.12/site-packages/airflow/example_dags/example_kubernetes_executor.py for tasks to queue
[2025-07-16T07:29:06.538+0000] {logging_mixin.py:190} INFO - [2025-07-16T07:29:06.537+0000] {dagbag.py:587} INFO - Filling up the DagBag from /home/airflow/.local/lib/python3.12/site-packages/airflow/example_dags/example_kubernetes_executor.py
[2025-07-16T07:29:06.556+0000] {processor.py:925} INFO - DAG(s) 'example_kubernetes_executor' retrieved from /home/airflow/.local/lib/python3.12/site-packages/airflow/example_dags/example_kubernetes_executor.py
[2025-07-16T07:29:06.599+0000] {logging_mixin.py:190} INFO - [2025-07-16T07:29:06.599+0000] {dag.py:3229} INFO - Sync 1 DAGs
[2025-07-16T07:29:06.617+0000] {logging_mixin.py:190} INFO - [2025-07-16T07:29:06.616+0000] {dag.py:4156} INFO - Setting next_dagrun for example_kubernetes_executor to None, run_after=None
[2025-07-16T07:29:06.647+0000] {processor.py:208} INFO - Processing /home/airflow/.local/lib/python3.12/site-packages/airflow/example_dags/example_kubernetes_executor.py took 0.126 seconds
[2025-07-16T07:29:36.958+0000] {processor.py:186} INFO - Started process (PID=2201) to work on /home/airflow/.local/lib/python3.12/site-packages/airflow/example_dags/example_kubernetes_executor.py
[2025-07-16T07:29:36.959+0000] {processor.py:914} INFO - Processing file /home/airflow/.local/lib/python3.12/site-packages/airflow/example_dags/example_kubernetes_executor.py for tasks to queue
[2025-07-16T07:29:36.962+0000] {logging_mixin.py:190} INFO - [2025-07-16T07:29:36.962+0000] {dagbag.py:587} INFO - Filling up the DagBag from /home/airflow/.local/lib/python3.12/site-packages/airflow/example_dags/example_kubernetes_executor.py
[2025-07-16T07:29:36.977+0000] {processor.py:925} INFO - DAG(s) 'example_kubernetes_executor' retrieved from /home/airflow/.local/lib/python3.12/site-packages/airflow/example_dags/example_kubernetes_executor.py
[2025-07-16T07:29:37.016+0000] {logging_mixin.py:190} INFO - [2025-07-16T07:29:37.016+0000] {dag.py:3229} INFO - Sync 1 DAGs
[2025-07-16T07:29:37.030+0000] {logging_mixin.py:190} INFO - [2025-07-16T07:29:37.030+0000] {dag.py:4156} INFO - Setting next_dagrun for example_kubernetes_executor to None, run_after=None
[2025-07-16T07:29:37.055+0000] {processor.py:208} INFO - Processing /home/airflow/.local/lib/python3.12/site-packages/airflow/example_dags/example_kubernetes_executor.py took 0.104 seconds
[2025-07-16T07:30:07.361+0000] {processor.py:186} INFO - Started process (PID=2258) to work on /home/airflow/.local/lib/python3.12/site-packages/airflow/example_dags/example_kubernetes_executor.py
[2025-07-16T07:30:07.362+0000] {processor.py:914} INFO - Processing file /home/airflow/.local/lib/python3.12/site-packages/airflow/example_dags/example_kubernetes_executor.py for tasks to queue
[2025-07-16T07:30:07.365+0000] {logging_mixin.py:190} INFO - [2025-07-16T07:30:07.364+0000] {dagbag.py:587} INFO - Filling up the DagBag from /home/airflow/.local/lib/python3.12/site-packages/airflow/example_dags/example_kubernetes_executor.py
[2025-07-16T07:30:07.381+0000] {processor.py:925} INFO - DAG(s) 'example_kubernetes_executor' retrieved from /home/airflow/.local/lib/python3.12/site-packages/airflow/example_dags/example_kubernetes_executor.py
[2025-07-16T07:30:07.427+0000] {logging_mixin.py:190} INFO - [2025-07-16T07:30:07.427+0000] {dag.py:3229} INFO - Sync 1 DAGs
[2025-07-16T07:30:07.443+0000] {logging_mixin.py:190} INFO - [2025-07-16T07:30:07.443+0000] {dag.py:4156} INFO - Setting next_dagrun for example_kubernetes_executor to None, run_after=None
[2025-07-16T07:30:07.467+0000] {processor.py:208} INFO - Processing /home/airflow/.local/lib/python3.12/site-packages/airflow/example_dags/example_kubernetes_executor.py took 0.113 seconds
[2025-07-16T07:30:38.965+0000] {processor.py:186} INFO - Started process (PID=2315) to work on /home/airflow/.local/lib/python3.12/site-packages/airflow/example_dags/example_kubernetes_executor.py
[2025-07-16T07:30:38.966+0000] {processor.py:914} INFO - Processing file /home/airflow/.local/lib/python3.12/site-packages/airflow/example_dags/example_kubernetes_executor.py for tasks to queue
[2025-07-16T07:30:38.969+0000] {logging_mixin.py:190} INFO - [2025-07-16T07:30:38.969+0000] {dagbag.py:587} INFO - Filling up the DagBag from /home/airflow/.local/lib/python3.12/site-packages/airflow/example_dags/example_kubernetes_executor.py
[2025-07-16T07:30:38.985+0000] {processor.py:925} INFO - DAG(s) 'example_kubernetes_executor' retrieved from /home/airflow/.local/lib/python3.12/site-packages/airflow/example_dags/example_kubernetes_executor.py
[2025-07-16T07:30:39.025+0000] {logging_mixin.py:190} INFO - [2025-07-16T07:30:39.025+0000] {dag.py:3229} INFO - Sync 1 DAGs
[2025-07-16T07:30:39.041+0000] {logging_mixin.py:190} INFO - [2025-07-16T07:30:39.040+0000] {dag.py:4156} INFO - Setting next_dagrun for example_kubernetes_executor to None, run_after=None
[2025-07-16T07:30:39.071+0000] {processor.py:208} INFO - Processing /home/airflow/.local/lib/python3.12/site-packages/airflow/example_dags/example_kubernetes_executor.py took 0.113 seconds
[2025-07-16T07:31:09.768+0000] {processor.py:186} INFO - Started process (PID=2372) to work on /home/airflow/.local/lib/python3.12/site-packages/airflow/example_dags/example_kubernetes_executor.py
[2025-07-16T07:31:09.769+0000] {processor.py:914} INFO - Processing file /home/airflow/.local/lib/python3.12/site-packages/airflow/example_dags/example_kubernetes_executor.py for tasks to queue
[2025-07-16T07:31:09.772+0000] {logging_mixin.py:190} INFO - [2025-07-16T07:31:09.772+0000] {dagbag.py:587} INFO - Filling up the DagBag from /home/airflow/.local/lib/python3.12/site-packages/airflow/example_dags/example_kubernetes_executor.py
[2025-07-16T07:31:09.790+0000] {processor.py:925} INFO - DAG(s) 'example_kubernetes_executor' retrieved from /home/airflow/.local/lib/python3.12/site-packages/airflow/example_dags/example_kubernetes_executor.py
[2025-07-16T07:31:09.848+0000] {logging_mixin.py:190} INFO - [2025-07-16T07:31:09.847+0000] {dag.py:3229} INFO - Sync 1 DAGs
[2025-07-16T07:31:09.871+0000] {logging_mixin.py:190} INFO - [2025-07-16T07:31:09.871+0000] {dag.py:4156} INFO - Setting next_dagrun for example_kubernetes_executor to None, run_after=None
[2025-07-16T07:31:09.894+0000] {processor.py:208} INFO - Processing /home/airflow/.local/lib/python3.12/site-packages/airflow/example_dags/example_kubernetes_executor.py took 0.133 seconds
[2025-07-16T07:31:41.099+0000] {processor.py:186} INFO - Started process (PID=2429) to work on /home/airflow/.local/lib/python3.12/site-packages/airflow/example_dags/example_kubernetes_executor.py
[2025-07-16T07:31:41.101+0000] {processor.py:914} INFO - Processing file /home/airflow/.local/lib/python3.12/site-packages/airflow/example_dags/example_kubernetes_executor.py for tasks to queue
[2025-07-16T07:31:41.104+0000] {logging_mixin.py:190} INFO - [2025-07-16T07:31:41.104+0000] {dagbag.py:587} INFO - Filling up the DagBag from /home/airflow/.local/lib/python3.12/site-packages/airflow/example_dags/example_kubernetes_executor.py
[2025-07-16T07:31:41.121+0000] {processor.py:925} INFO - DAG(s) 'example_kubernetes_executor' retrieved from /home/airflow/.local/lib/python3.12/site-packages/airflow/example_dags/example_kubernetes_executor.py
[2025-07-16T07:31:41.163+0000] {logging_mixin.py:190} INFO - [2025-07-16T07:31:41.163+0000] {dag.py:3229} INFO - Sync 1 DAGs
[2025-07-16T07:31:41.180+0000] {logging_mixin.py:190} INFO - [2025-07-16T07:31:41.180+0000] {dag.py:4156} INFO - Setting next_dagrun for example_kubernetes_executor to None, run_after=None
[2025-07-16T07:31:41.207+0000] {processor.py:208} INFO - Processing /home/airflow/.local/lib/python3.12/site-packages/airflow/example_dags/example_kubernetes_executor.py took 0.114 seconds
[2025-07-16T07:32:59.682+0000] {processor.py:186} INFO - Started process (PID=36) to work on /home/airflow/.local/lib/python3.12/site-packages/airflow/example_dags/example_kubernetes_executor.py
[2025-07-16T07:32:59.684+0000] {processor.py:914} INFO - Processing file /home/airflow/.local/lib/python3.12/site-packages/airflow/example_dags/example_kubernetes_executor.py for tasks to queue
[2025-07-16T07:32:59.692+0000] {logging_mixin.py:190} INFO - [2025-07-16T07:32:59.691+0000] {dagbag.py:587} INFO - Filling up the DagBag from /home/airflow/.local/lib/python3.12/site-packages/airflow/example_dags/example_kubernetes_executor.py
[2025-07-16T07:32:59.748+0000] {processor.py:925} INFO - DAG(s) 'example_kubernetes_executor' retrieved from /home/airflow/.local/lib/python3.12/site-packages/airflow/example_dags/example_kubernetes_executor.py
[2025-07-16T07:32:59.870+0000] {logging_mixin.py:190} INFO - [2025-07-16T07:32:59.870+0000] {dag.py:3229} INFO - Sync 1 DAGs
[2025-07-16T07:32:59.911+0000] {logging_mixin.py:190} INFO - [2025-07-16T07:32:59.911+0000] {dag.py:4156} INFO - Setting next_dagrun for example_kubernetes_executor to None, run_after=None
[2025-07-16T07:32:59.941+0000] {processor.py:208} INFO - Processing /home/airflow/.local/lib/python3.12/site-packages/airflow/example_dags/example_kubernetes_executor.py took 0.272 seconds
[2025-07-16T07:33:30.017+0000] {processor.py:186} INFO - Started process (PID=92) to work on /home/airflow/.local/lib/python3.12/site-packages/airflow/example_dags/example_kubernetes_executor.py
[2025-07-16T07:33:30.020+0000] {processor.py:914} INFO - Processing file /home/airflow/.local/lib/python3.12/site-packages/airflow/example_dags/example_kubernetes_executor.py for tasks to queue
[2025-07-16T07:33:30.023+0000] {logging_mixin.py:190} INFO - [2025-07-16T07:33:30.023+0000] {dagbag.py:587} INFO - Filling up the DagBag from /home/airflow/.local/lib/python3.12/site-packages/airflow/example_dags/example_kubernetes_executor.py
[2025-07-16T07:33:30.045+0000] {processor.py:925} INFO - DAG(s) 'example_kubernetes_executor' retrieved from /home/airflow/.local/lib/python3.12/site-packages/airflow/example_dags/example_kubernetes_executor.py
[2025-07-16T07:33:30.100+0000] {logging_mixin.py:190} INFO - [2025-07-16T07:33:30.100+0000] {dag.py:3229} INFO - Sync 1 DAGs
[2025-07-16T07:33:30.122+0000] {logging_mixin.py:190} INFO - [2025-07-16T07:33:30.122+0000] {dag.py:4156} INFO - Setting next_dagrun for example_kubernetes_executor to None, run_after=None
[2025-07-16T07:33:30.155+0000] {processor.py:208} INFO - Processing /home/airflow/.local/lib/python3.12/site-packages/airflow/example_dags/example_kubernetes_executor.py took 0.146 seconds
[2025-07-16T07:34:00.374+0000] {processor.py:186} INFO - Started process (PID=149) to work on /home/airflow/.local/lib/python3.12/site-packages/airflow/example_dags/example_kubernetes_executor.py
[2025-07-16T07:34:00.376+0000] {processor.py:914} INFO - Processing file /home/airflow/.local/lib/python3.12/site-packages/airflow/example_dags/example_kubernetes_executor.py for tasks to queue
[2025-07-16T07:34:00.379+0000] {logging_mixin.py:190} INFO - [2025-07-16T07:34:00.379+0000] {dagbag.py:587} INFO - Filling up the DagBag from /home/airflow/.local/lib/python3.12/site-packages/airflow/example_dags/example_kubernetes_executor.py
[2025-07-16T07:34:00.394+0000] {processor.py:925} INFO - DAG(s) 'example_kubernetes_executor' retrieved from /home/airflow/.local/lib/python3.12/site-packages/airflow/example_dags/example_kubernetes_executor.py
[2025-07-16T07:34:00.433+0000] {logging_mixin.py:190} INFO - [2025-07-16T07:34:00.433+0000] {dag.py:3229} INFO - Sync 1 DAGs
[2025-07-16T07:34:00.449+0000] {logging_mixin.py:190} INFO - [2025-07-16T07:34:00.448+0000] {dag.py:4156} INFO - Setting next_dagrun for example_kubernetes_executor to None, run_after=None
[2025-07-16T07:34:00.472+0000] {processor.py:208} INFO - Processing /home/airflow/.local/lib/python3.12/site-packages/airflow/example_dags/example_kubernetes_executor.py took 0.105 seconds
[2025-07-16T07:34:30.990+0000] {processor.py:186} INFO - Started process (PID=206) to work on /home/airflow/.local/lib/python3.12/site-packages/airflow/example_dags/example_kubernetes_executor.py
[2025-07-16T07:34:30.991+0000] {processor.py:914} INFO - Processing file /home/airflow/.local/lib/python3.12/site-packages/airflow/example_dags/example_kubernetes_executor.py for tasks to queue
[2025-07-16T07:34:30.995+0000] {logging_mixin.py:190} INFO - [2025-07-16T07:34:30.995+0000] {dagbag.py:587} INFO - Filling up the DagBag from /home/airflow/.local/lib/python3.12/site-packages/airflow/example_dags/example_kubernetes_executor.py
[2025-07-16T07:34:31.014+0000] {processor.py:925} INFO - DAG(s) 'example_kubernetes_executor' retrieved from /home/airflow/.local/lib/python3.12/site-packages/airflow/example_dags/example_kubernetes_executor.py
[2025-07-16T07:34:31.055+0000] {logging_mixin.py:190} INFO - [2025-07-16T07:34:31.055+0000] {dag.py:3229} INFO - Sync 1 DAGs
[2025-07-16T07:34:31.072+0000] {logging_mixin.py:190} INFO - [2025-07-16T07:34:31.072+0000] {dag.py:4156} INFO - Setting next_dagrun for example_kubernetes_executor to None, run_after=None
[2025-07-16T07:34:31.096+0000] {processor.py:208} INFO - Processing /home/airflow/.local/lib/python3.12/site-packages/airflow/example_dags/example_kubernetes_executor.py took 0.113 seconds
[2025-07-16T07:35:01.910+0000] {processor.py:186} INFO - Started process (PID=263) to work on /home/airflow/.local/lib/python3.12/site-packages/airflow/example_dags/example_kubernetes_executor.py
[2025-07-16T07:35:01.911+0000] {processor.py:914} INFO - Processing file /home/airflow/.local/lib/python3.12/site-packages/airflow/example_dags/example_kubernetes_executor.py for tasks to queue
[2025-07-16T07:35:01.915+0000] {logging_mixin.py:190} INFO - [2025-07-16T07:35:01.914+0000] {dagbag.py:587} INFO - Filling up the DagBag from /home/airflow/.local/lib/python3.12/site-packages/airflow/example_dags/example_kubernetes_executor.py
[2025-07-16T07:35:01.935+0000] {processor.py:925} INFO - DAG(s) 'example_kubernetes_executor' retrieved from /home/airflow/.local/lib/python3.12/site-packages/airflow/example_dags/example_kubernetes_executor.py
[2025-07-16T07:35:01.982+0000] {logging_mixin.py:190} INFO - [2025-07-16T07:35:01.981+0000] {dag.py:3229} INFO - Sync 1 DAGs
[2025-07-16T07:35:01.997+0000] {logging_mixin.py:190} INFO - [2025-07-16T07:35:01.997+0000] {dag.py:4156} INFO - Setting next_dagrun for example_kubernetes_executor to None, run_after=None
[2025-07-16T07:35:02.022+0000] {processor.py:208} INFO - Processing /home/airflow/.local/lib/python3.12/site-packages/airflow/example_dags/example_kubernetes_executor.py took 0.120 seconds
[2025-07-16T07:35:32.318+0000] {processor.py:186} INFO - Started process (PID=320) to work on /home/airflow/.local/lib/python3.12/site-packages/airflow/example_dags/example_kubernetes_executor.py
[2025-07-16T07:35:32.319+0000] {processor.py:914} INFO - Processing file /home/airflow/.local/lib/python3.12/site-packages/airflow/example_dags/example_kubernetes_executor.py for tasks to queue
[2025-07-16T07:35:32.323+0000] {logging_mixin.py:190} INFO - [2025-07-16T07:35:32.323+0000] {dagbag.py:587} INFO - Filling up the DagBag from /home/airflow/.local/lib/python3.12/site-packages/airflow/example_dags/example_kubernetes_executor.py
[2025-07-16T07:35:32.346+0000] {processor.py:925} INFO - DAG(s) 'example_kubernetes_executor' retrieved from /home/airflow/.local/lib/python3.12/site-packages/airflow/example_dags/example_kubernetes_executor.py
[2025-07-16T07:35:32.387+0000] {logging_mixin.py:190} INFO - [2025-07-16T07:35:32.387+0000] {dag.py:3229} INFO - Sync 1 DAGs
[2025-07-16T07:35:32.403+0000] {logging_mixin.py:190} INFO - [2025-07-16T07:35:32.403+0000] {dag.py:4156} INFO - Setting next_dagrun for example_kubernetes_executor to None, run_after=None
[2025-07-16T07:35:32.429+0000] {processor.py:208} INFO - Processing /home/airflow/.local/lib/python3.12/site-packages/airflow/example_dags/example_kubernetes_executor.py took 0.121 seconds
[2025-07-16T07:36:02.680+0000] {processor.py:186} INFO - Started process (PID=377) to work on /home/airflow/.local/lib/python3.12/site-packages/airflow/example_dags/example_kubernetes_executor.py
[2025-07-16T07:36:02.682+0000] {processor.py:914} INFO - Processing file /home/airflow/.local/lib/python3.12/site-packages/airflow/example_dags/example_kubernetes_executor.py for tasks to queue
[2025-07-16T07:36:02.687+0000] {logging_mixin.py:190} INFO - [2025-07-16T07:36:02.686+0000] {dagbag.py:587} INFO - Filling up the DagBag from /home/airflow/.local/lib/python3.12/site-packages/airflow/example_dags/example_kubernetes_executor.py
[2025-07-16T07:36:02.708+0000] {processor.py:925} INFO - DAG(s) 'example_kubernetes_executor' retrieved from /home/airflow/.local/lib/python3.12/site-packages/airflow/example_dags/example_kubernetes_executor.py
[2025-07-16T07:36:02.765+0000] {logging_mixin.py:190} INFO - [2025-07-16T07:36:02.765+0000] {dag.py:3229} INFO - Sync 1 DAGs
[2025-07-16T07:36:02.795+0000] {logging_mixin.py:190} INFO - [2025-07-16T07:36:02.794+0000] {dag.py:4156} INFO - Setting next_dagrun for example_kubernetes_executor to None, run_after=None
[2025-07-16T07:36:02.822+0000] {processor.py:208} INFO - Processing /home/airflow/.local/lib/python3.12/site-packages/airflow/example_dags/example_kubernetes_executor.py took 0.148 seconds
[2025-07-16T07:36:33.363+0000] {processor.py:186} INFO - Started process (PID=434) to work on /home/airflow/.local/lib/python3.12/site-packages/airflow/example_dags/example_kubernetes_executor.py
[2025-07-16T07:36:33.365+0000] {processor.py:914} INFO - Processing file /home/airflow/.local/lib/python3.12/site-packages/airflow/example_dags/example_kubernetes_executor.py for tasks to queue
[2025-07-16T07:36:33.368+0000] {logging_mixin.py:190} INFO - [2025-07-16T07:36:33.367+0000] {dagbag.py:587} INFO - Filling up the DagBag from /home/airflow/.local/lib/python3.12/site-packages/airflow/example_dags/example_kubernetes_executor.py
[2025-07-16T07:36:33.394+0000] {processor.py:925} INFO - DAG(s) 'example_kubernetes_executor' retrieved from /home/airflow/.local/lib/python3.12/site-packages/airflow/example_dags/example_kubernetes_executor.py
[2025-07-16T07:36:33.457+0000] {logging_mixin.py:190} INFO - [2025-07-16T07:36:33.456+0000] {dag.py:3229} INFO - Sync 1 DAGs
[2025-07-16T07:36:33.478+0000] {logging_mixin.py:190} INFO - [2025-07-16T07:36:33.478+0000] {dag.py:4156} INFO - Setting next_dagrun for example_kubernetes_executor to None, run_after=None
[2025-07-16T07:36:33.509+0000] {processor.py:208} INFO - Processing /home/airflow/.local/lib/python3.12/site-packages/airflow/example_dags/example_kubernetes_executor.py took 0.156 seconds
[2025-07-16T07:37:03.939+0000] {processor.py:186} INFO - Started process (PID=491) to work on /home/airflow/.local/lib/python3.12/site-packages/airflow/example_dags/example_kubernetes_executor.py
[2025-07-16T07:37:03.940+0000] {processor.py:914} INFO - Processing file /home/airflow/.local/lib/python3.12/site-packages/airflow/example_dags/example_kubernetes_executor.py for tasks to queue
[2025-07-16T07:37:03.943+0000] {logging_mixin.py:190} INFO - [2025-07-16T07:37:03.942+0000] {dagbag.py:587} INFO - Filling up the DagBag from /home/airflow/.local/lib/python3.12/site-packages/airflow/example_dags/example_kubernetes_executor.py
[2025-07-16T07:37:03.961+0000] {processor.py:925} INFO - DAG(s) 'example_kubernetes_executor' retrieved from /home/airflow/.local/lib/python3.12/site-packages/airflow/example_dags/example_kubernetes_executor.py
[2025-07-16T07:37:04.001+0000] {logging_mixin.py:190} INFO - [2025-07-16T07:37:04.001+0000] {dag.py:3229} INFO - Sync 1 DAGs
[2025-07-16T07:37:04.016+0000] {logging_mixin.py:190} INFO - [2025-07-16T07:37:04.016+0000] {dag.py:4156} INFO - Setting next_dagrun for example_kubernetes_executor to None, run_after=None
[2025-07-16T07:37:04.041+0000] {processor.py:208} INFO - Processing /home/airflow/.local/lib/python3.12/site-packages/airflow/example_dags/example_kubernetes_executor.py took 0.111 seconds
[2025-07-16T07:37:34.493+0000] {processor.py:186} INFO - Started process (PID=548) to work on /home/airflow/.local/lib/python3.12/site-packages/airflow/example_dags/example_kubernetes_executor.py
[2025-07-16T07:37:34.494+0000] {processor.py:914} INFO - Processing file /home/airflow/.local/lib/python3.12/site-packages/airflow/example_dags/example_kubernetes_executor.py for tasks to queue
[2025-07-16T07:37:34.498+0000] {logging_mixin.py:190} INFO - [2025-07-16T07:37:34.497+0000] {dagbag.py:587} INFO - Filling up the DagBag from /home/airflow/.local/lib/python3.12/site-packages/airflow/example_dags/example_kubernetes_executor.py
[2025-07-16T07:37:34.516+0000] {processor.py:925} INFO - DAG(s) 'example_kubernetes_executor' retrieved from /home/airflow/.local/lib/python3.12/site-packages/airflow/example_dags/example_kubernetes_executor.py
[2025-07-16T07:37:34.558+0000] {logging_mixin.py:190} INFO - [2025-07-16T07:37:34.558+0000] {dag.py:3229} INFO - Sync 1 DAGs
[2025-07-16T07:37:34.574+0000] {logging_mixin.py:190} INFO - [2025-07-16T07:37:34.574+0000] {dag.py:4156} INFO - Setting next_dagrun for example_kubernetes_executor to None, run_after=None
[2025-07-16T07:37:34.598+0000] {processor.py:208} INFO - Processing /home/airflow/.local/lib/python3.12/site-packages/airflow/example_dags/example_kubernetes_executor.py took 0.114 seconds
[2025-07-16T07:38:04.734+0000] {processor.py:186} INFO - Started process (PID=604) to work on /home/airflow/.local/lib/python3.12/site-packages/airflow/example_dags/example_kubernetes_executor.py
[2025-07-16T07:38:04.735+0000] {processor.py:914} INFO - Processing file /home/airflow/.local/lib/python3.12/site-packages/airflow/example_dags/example_kubernetes_executor.py for tasks to queue
[2025-07-16T07:38:04.738+0000] {logging_mixin.py:190} INFO - [2025-07-16T07:38:04.738+0000] {dagbag.py:587} INFO - Filling up the DagBag from /home/airflow/.local/lib/python3.12/site-packages/airflow/example_dags/example_kubernetes_executor.py
[2025-07-16T07:38:04.767+0000] {processor.py:925} INFO - DAG(s) 'example_kubernetes_executor' retrieved from /home/airflow/.local/lib/python3.12/site-packages/airflow/example_dags/example_kubernetes_executor.py
[2025-07-16T07:38:04.854+0000] {logging_mixin.py:190} INFO - [2025-07-16T07:38:04.854+0000] {dag.py:3229} INFO - Sync 1 DAGs
[2025-07-16T07:38:04.874+0000] {logging_mixin.py:190} INFO - [2025-07-16T07:38:04.874+0000] {dag.py:4156} INFO - Setting next_dagrun for example_kubernetes_executor to None, run_after=None
[2025-07-16T07:38:04.906+0000] {processor.py:208} INFO - Processing /home/airflow/.local/lib/python3.12/site-packages/airflow/example_dags/example_kubernetes_executor.py took 0.179 seconds
[2025-07-16T07:38:35.889+0000] {processor.py:186} INFO - Started process (PID=662) to work on /home/airflow/.local/lib/python3.12/site-packages/airflow/example_dags/example_kubernetes_executor.py
[2025-07-16T07:38:35.890+0000] {processor.py:914} INFO - Processing file /home/airflow/.local/lib/python3.12/site-packages/airflow/example_dags/example_kubernetes_executor.py for tasks to queue
[2025-07-16T07:38:35.893+0000] {logging_mixin.py:190} INFO - [2025-07-16T07:38:35.893+0000] {dagbag.py:587} INFO - Filling up the DagBag from /home/airflow/.local/lib/python3.12/site-packages/airflow/example_dags/example_kubernetes_executor.py
[2025-07-16T07:38:35.908+0000] {processor.py:925} INFO - DAG(s) 'example_kubernetes_executor' retrieved from /home/airflow/.local/lib/python3.12/site-packages/airflow/example_dags/example_kubernetes_executor.py
[2025-07-16T07:38:35.946+0000] {logging_mixin.py:190} INFO - [2025-07-16T07:38:35.946+0000] {dag.py:3229} INFO - Sync 1 DAGs
[2025-07-16T07:38:35.960+0000] {logging_mixin.py:190} INFO - [2025-07-16T07:38:35.960+0000] {dag.py:4156} INFO - Setting next_dagrun for example_kubernetes_executor to None, run_after=None
[2025-07-16T07:38:35.980+0000] {processor.py:208} INFO - Processing /home/airflow/.local/lib/python3.12/site-packages/airflow/example_dags/example_kubernetes_executor.py took 0.097 seconds
[2025-07-16T07:39:06.357+0000] {processor.py:186} INFO - Started process (PID=719) to work on /home/airflow/.local/lib/python3.12/site-packages/airflow/example_dags/example_kubernetes_executor.py
[2025-07-16T07:39:06.359+0000] {processor.py:914} INFO - Processing file /home/airflow/.local/lib/python3.12/site-packages/airflow/example_dags/example_kubernetes_executor.py for tasks to queue
[2025-07-16T07:39:06.364+0000] {logging_mixin.py:190} INFO - [2025-07-16T07:39:06.363+0000] {dagbag.py:587} INFO - Filling up the DagBag from /home/airflow/.local/lib/python3.12/site-packages/airflow/example_dags/example_kubernetes_executor.py
[2025-07-16T07:39:06.390+0000] {processor.py:925} INFO - DAG(s) 'example_kubernetes_executor' retrieved from /home/airflow/.local/lib/python3.12/site-packages/airflow/example_dags/example_kubernetes_executor.py
[2025-07-16T07:39:06.431+0000] {logging_mixin.py:190} INFO - [2025-07-16T07:39:06.431+0000] {dag.py:3229} INFO - Sync 1 DAGs
[2025-07-16T07:39:06.447+0000] {logging_mixin.py:190} INFO - [2025-07-16T07:39:06.447+0000] {dag.py:4156} INFO - Setting next_dagrun for example_kubernetes_executor to None, run_after=None
[2025-07-16T07:39:06.471+0000] {processor.py:208} INFO - Processing /home/airflow/.local/lib/python3.12/site-packages/airflow/example_dags/example_kubernetes_executor.py took 0.124 seconds
[2025-07-16T07:39:37.027+0000] {processor.py:186} INFO - Started process (PID=776) to work on /home/airflow/.local/lib/python3.12/site-packages/airflow/example_dags/example_kubernetes_executor.py
[2025-07-16T07:39:37.028+0000] {processor.py:914} INFO - Processing file /home/airflow/.local/lib/python3.12/site-packages/airflow/example_dags/example_kubernetes_executor.py for tasks to queue
[2025-07-16T07:39:37.031+0000] {logging_mixin.py:190} INFO - [2025-07-16T07:39:37.030+0000] {dagbag.py:587} INFO - Filling up the DagBag from /home/airflow/.local/lib/python3.12/site-packages/airflow/example_dags/example_kubernetes_executor.py
[2025-07-16T07:39:37.046+0000] {processor.py:925} INFO - DAG(s) 'example_kubernetes_executor' retrieved from /home/airflow/.local/lib/python3.12/site-packages/airflow/example_dags/example_kubernetes_executor.py
[2025-07-16T07:39:37.082+0000] {logging_mixin.py:190} INFO - [2025-07-16T07:39:37.082+0000] {dag.py:3229} INFO - Sync 1 DAGs
[2025-07-16T07:39:37.097+0000] {logging_mixin.py:190} INFO - [2025-07-16T07:39:37.097+0000] {dag.py:4156} INFO - Setting next_dagrun for example_kubernetes_executor to None, run_after=None
[2025-07-16T07:39:37.120+0000] {processor.py:208} INFO - Processing /home/airflow/.local/lib/python3.12/site-packages/airflow/example_dags/example_kubernetes_executor.py took 0.100 seconds
[2025-07-16T07:40:07.448+0000] {processor.py:186} INFO - Started process (PID=833) to work on /home/airflow/.local/lib/python3.12/site-packages/airflow/example_dags/example_kubernetes_executor.py
[2025-07-16T07:40:07.449+0000] {processor.py:914} INFO - Processing file /home/airflow/.local/lib/python3.12/site-packages/airflow/example_dags/example_kubernetes_executor.py for tasks to queue
[2025-07-16T07:40:07.453+0000] {logging_mixin.py:190} INFO - [2025-07-16T07:40:07.452+0000] {dagbag.py:587} INFO - Filling up the DagBag from /home/airflow/.local/lib/python3.12/site-packages/airflow/example_dags/example_kubernetes_executor.py
[2025-07-16T07:40:07.473+0000] {processor.py:925} INFO - DAG(s) 'example_kubernetes_executor' retrieved from /home/airflow/.local/lib/python3.12/site-packages/airflow/example_dags/example_kubernetes_executor.py
[2025-07-16T07:40:07.523+0000] {logging_mixin.py:190} INFO - [2025-07-16T07:40:07.523+0000] {dag.py:3229} INFO - Sync 1 DAGs
[2025-07-16T07:40:07.539+0000] {logging_mixin.py:190} INFO - [2025-07-16T07:40:07.539+0000] {dag.py:4156} INFO - Setting next_dagrun for example_kubernetes_executor to None, run_after=None
[2025-07-16T07:40:07.562+0000] {processor.py:208} INFO - Processing /home/airflow/.local/lib/python3.12/site-packages/airflow/example_dags/example_kubernetes_executor.py took 0.122 seconds
[2025-07-16T07:40:38.181+0000] {processor.py:186} INFO - Started process (PID=890) to work on /home/airflow/.local/lib/python3.12/site-packages/airflow/example_dags/example_kubernetes_executor.py
[2025-07-16T07:40:38.183+0000] {processor.py:914} INFO - Processing file /home/airflow/.local/lib/python3.12/site-packages/airflow/example_dags/example_kubernetes_executor.py for tasks to queue
[2025-07-16T07:40:38.187+0000] {logging_mixin.py:190} INFO - [2025-07-16T07:40:38.186+0000] {dagbag.py:587} INFO - Filling up the DagBag from /home/airflow/.local/lib/python3.12/site-packages/airflow/example_dags/example_kubernetes_executor.py
[2025-07-16T07:40:38.215+0000] {processor.py:925} INFO - DAG(s) 'example_kubernetes_executor' retrieved from /home/airflow/.local/lib/python3.12/site-packages/airflow/example_dags/example_kubernetes_executor.py
[2025-07-16T07:40:38.261+0000] {logging_mixin.py:190} INFO - [2025-07-16T07:40:38.261+0000] {dag.py:3229} INFO - Sync 1 DAGs
[2025-07-16T07:40:38.285+0000] {logging_mixin.py:190} INFO - [2025-07-16T07:40:38.285+0000] {dag.py:4156} INFO - Setting next_dagrun for example_kubernetes_executor to None, run_after=None
[2025-07-16T07:40:38.312+0000] {processor.py:208} INFO - Processing /home/airflow/.local/lib/python3.12/site-packages/airflow/example_dags/example_kubernetes_executor.py took 0.140 seconds
