[2025-07-16T07:10:11.334+0000] {processor.py:186} INFO - Started process (PID=47) to work on /home/airflow/.local/lib/python3.12/site-packages/airflow/example_dags/example_sensors.py
[2025-07-16T07:10:11.344+0000] {processor.py:914} INFO - Processing file /home/airflow/.local/lib/python3.12/site-packages/airflow/example_dags/example_sensors.py for tasks to queue
[2025-07-16T07:10:11.374+0000] {logging_mixin.py:190} INFO - [2025-07-16T07:10:11.370+0000] {dagbag.py:587} INFO - Filling up the DagBag from /home/airflow/.local/lib/python3.12/site-packages/airflow/example_dags/example_sensors.py
[2025-07-16T07:10:11.540+0000] {processor.py:925} INFO - DAG(s) 'example_sensors' retrieved from /home/airflow/.local/lib/python3.12/site-packages/airflow/example_dags/example_sensors.py
[2025-07-16T07:10:11.718+0000] {logging_mixin.py:190} INFO - [2025-07-16T07:10:11.717+0000] {dag.py:3229} INFO - Sync 1 DAGs
[2025-07-16T07:10:11.881+0000] {logging_mixin.py:190} INFO - [2025-07-16T07:10:11.880+0000] {dag.py:4156} INFO - Setting next_dagrun for example_sensors to None, run_after=None
[2025-07-16T07:10:11.928+0000] {processor.py:208} INFO - Processing /home/airflow/.local/lib/python3.12/site-packages/airflow/example_dags/example_sensors.py took 0.667 seconds
[2025-07-16T07:10:42.504+0000] {processor.py:186} INFO - Started process (PID=104) to work on /home/airflow/.local/lib/python3.12/site-packages/airflow/example_dags/example_sensors.py
[2025-07-16T07:10:42.506+0000] {processor.py:914} INFO - Processing file /home/airflow/.local/lib/python3.12/site-packages/airflow/example_dags/example_sensors.py for tasks to queue
[2025-07-16T07:10:42.509+0000] {logging_mixin.py:190} INFO - [2025-07-16T07:10:42.508+0000] {dagbag.py:587} INFO - Filling up the DagBag from /home/airflow/.local/lib/python3.12/site-packages/airflow/example_dags/example_sensors.py
[2025-07-16T07:10:42.521+0000] {processor.py:925} INFO - DAG(s) 'example_sensors' retrieved from /home/airflow/.local/lib/python3.12/site-packages/airflow/example_dags/example_sensors.py
[2025-07-16T07:10:42.555+0000] {logging_mixin.py:190} INFO - [2025-07-16T07:10:42.554+0000] {dag.py:3229} INFO - Sync 1 DAGs
[2025-07-16T07:10:42.573+0000] {logging_mixin.py:190} INFO - [2025-07-16T07:10:42.572+0000] {dag.py:4156} INFO - Setting next_dagrun for example_sensors to None, run_after=None
[2025-07-16T07:10:42.600+0000] {processor.py:208} INFO - Processing /home/airflow/.local/lib/python3.12/site-packages/airflow/example_dags/example_sensors.py took 0.103 seconds
[2025-07-16T07:11:12.739+0000] {processor.py:186} INFO - Started process (PID=161) to work on /home/airflow/.local/lib/python3.12/site-packages/airflow/example_dags/example_sensors.py
[2025-07-16T07:11:12.740+0000] {processor.py:914} INFO - Processing file /home/airflow/.local/lib/python3.12/site-packages/airflow/example_dags/example_sensors.py for tasks to queue
[2025-07-16T07:11:12.742+0000] {logging_mixin.py:190} INFO - [2025-07-16T07:11:12.742+0000] {dagbag.py:587} INFO - Filling up the DagBag from /home/airflow/.local/lib/python3.12/site-packages/airflow/example_dags/example_sensors.py
[2025-07-16T07:11:12.753+0000] {processor.py:925} INFO - DAG(s) 'example_sensors' retrieved from /home/airflow/.local/lib/python3.12/site-packages/airflow/example_dags/example_sensors.py
[2025-07-16T07:11:12.787+0000] {logging_mixin.py:190} INFO - [2025-07-16T07:11:12.787+0000] {dag.py:3229} INFO - Sync 1 DAGs
[2025-07-16T07:11:12.805+0000] {logging_mixin.py:190} INFO - [2025-07-16T07:11:12.805+0000] {dag.py:4156} INFO - Setting next_dagrun for example_sensors to None, run_after=None
[2025-07-16T07:11:12.832+0000] {processor.py:208} INFO - Processing /home/airflow/.local/lib/python3.12/site-packages/airflow/example_dags/example_sensors.py took 0.100 seconds
[2025-07-16T07:11:43.161+0000] {processor.py:186} INFO - Started process (PID=218) to work on /home/airflow/.local/lib/python3.12/site-packages/airflow/example_dags/example_sensors.py
[2025-07-16T07:11:43.163+0000] {processor.py:914} INFO - Processing file /home/airflow/.local/lib/python3.12/site-packages/airflow/example_dags/example_sensors.py for tasks to queue
[2025-07-16T07:11:43.166+0000] {logging_mixin.py:190} INFO - [2025-07-16T07:11:43.165+0000] {dagbag.py:587} INFO - Filling up the DagBag from /home/airflow/.local/lib/python3.12/site-packages/airflow/example_dags/example_sensors.py
[2025-07-16T07:11:43.183+0000] {processor.py:925} INFO - DAG(s) 'example_sensors' retrieved from /home/airflow/.local/lib/python3.12/site-packages/airflow/example_dags/example_sensors.py
[2025-07-16T07:11:43.213+0000] {logging_mixin.py:190} INFO - [2025-07-16T07:11:43.212+0000] {dag.py:3229} INFO - Sync 1 DAGs
[2025-07-16T07:11:43.228+0000] {logging_mixin.py:190} INFO - [2025-07-16T07:11:43.228+0000] {dag.py:4156} INFO - Setting next_dagrun for example_sensors to None, run_after=None
[2025-07-16T07:11:43.263+0000] {processor.py:208} INFO - Processing /home/airflow/.local/lib/python3.12/site-packages/airflow/example_dags/example_sensors.py took 0.108 seconds
[2025-07-16T07:12:13.713+0000] {processor.py:186} INFO - Started process (PID=275) to work on /home/airflow/.local/lib/python3.12/site-packages/airflow/example_dags/example_sensors.py
[2025-07-16T07:12:13.714+0000] {processor.py:914} INFO - Processing file /home/airflow/.local/lib/python3.12/site-packages/airflow/example_dags/example_sensors.py for tasks to queue
[2025-07-16T07:12:13.716+0000] {logging_mixin.py:190} INFO - [2025-07-16T07:12:13.716+0000] {dagbag.py:587} INFO - Filling up the DagBag from /home/airflow/.local/lib/python3.12/site-packages/airflow/example_dags/example_sensors.py
[2025-07-16T07:12:13.727+0000] {processor.py:925} INFO - DAG(s) 'example_sensors' retrieved from /home/airflow/.local/lib/python3.12/site-packages/airflow/example_dags/example_sensors.py
[2025-07-16T07:12:13.756+0000] {logging_mixin.py:190} INFO - [2025-07-16T07:12:13.756+0000] {dag.py:3229} INFO - Sync 1 DAGs
[2025-07-16T07:12:13.771+0000] {logging_mixin.py:190} INFO - [2025-07-16T07:12:13.770+0000] {dag.py:4156} INFO - Setting next_dagrun for example_sensors to None, run_after=None
[2025-07-16T07:12:13.801+0000] {processor.py:208} INFO - Processing /home/airflow/.local/lib/python3.12/site-packages/airflow/example_dags/example_sensors.py took 0.094 seconds
[2025-07-16T07:12:44.475+0000] {processor.py:186} INFO - Started process (PID=332) to work on /home/airflow/.local/lib/python3.12/site-packages/airflow/example_dags/example_sensors.py
[2025-07-16T07:12:44.477+0000] {processor.py:914} INFO - Processing file /home/airflow/.local/lib/python3.12/site-packages/airflow/example_dags/example_sensors.py for tasks to queue
[2025-07-16T07:12:44.481+0000] {logging_mixin.py:190} INFO - [2025-07-16T07:12:44.481+0000] {dagbag.py:587} INFO - Filling up the DagBag from /home/airflow/.local/lib/python3.12/site-packages/airflow/example_dags/example_sensors.py
[2025-07-16T07:12:44.499+0000] {processor.py:925} INFO - DAG(s) 'example_sensors' retrieved from /home/airflow/.local/lib/python3.12/site-packages/airflow/example_dags/example_sensors.py
[2025-07-16T07:12:44.564+0000] {logging_mixin.py:190} INFO - [2025-07-16T07:12:44.563+0000] {dag.py:3229} INFO - Sync 1 DAGs
[2025-07-16T07:12:44.603+0000] {logging_mixin.py:190} INFO - [2025-07-16T07:12:44.602+0000] {dag.py:4156} INFO - Setting next_dagrun for example_sensors to None, run_after=None
[2025-07-16T07:12:44.695+0000] {processor.py:208} INFO - Processing /home/airflow/.local/lib/python3.12/site-packages/airflow/example_dags/example_sensors.py took 0.229 seconds
[2025-07-16T07:13:14.761+0000] {processor.py:186} INFO - Started process (PID=389) to work on /home/airflow/.local/lib/python3.12/site-packages/airflow/example_dags/example_sensors.py
[2025-07-16T07:13:14.762+0000] {processor.py:914} INFO - Processing file /home/airflow/.local/lib/python3.12/site-packages/airflow/example_dags/example_sensors.py for tasks to queue
[2025-07-16T07:13:14.765+0000] {logging_mixin.py:190} INFO - [2025-07-16T07:13:14.765+0000] {dagbag.py:587} INFO - Filling up the DagBag from /home/airflow/.local/lib/python3.12/site-packages/airflow/example_dags/example_sensors.py
[2025-07-16T07:13:14.778+0000] {processor.py:925} INFO - DAG(s) 'example_sensors' retrieved from /home/airflow/.local/lib/python3.12/site-packages/airflow/example_dags/example_sensors.py
[2025-07-16T07:13:14.813+0000] {logging_mixin.py:190} INFO - [2025-07-16T07:13:14.813+0000] {dag.py:3229} INFO - Sync 1 DAGs
[2025-07-16T07:13:14.834+0000] {logging_mixin.py:190} INFO - [2025-07-16T07:13:14.833+0000] {dag.py:4156} INFO - Setting next_dagrun for example_sensors to None, run_after=None
[2025-07-16T07:13:14.869+0000] {processor.py:208} INFO - Processing /home/airflow/.local/lib/python3.12/site-packages/airflow/example_dags/example_sensors.py took 0.115 seconds
[2025-07-16T07:13:45.282+0000] {processor.py:186} INFO - Started process (PID=446) to work on /home/airflow/.local/lib/python3.12/site-packages/airflow/example_dags/example_sensors.py
[2025-07-16T07:13:45.283+0000] {processor.py:914} INFO - Processing file /home/airflow/.local/lib/python3.12/site-packages/airflow/example_dags/example_sensors.py for tasks to queue
[2025-07-16T07:13:45.286+0000] {logging_mixin.py:190} INFO - [2025-07-16T07:13:45.285+0000] {dagbag.py:587} INFO - Filling up the DagBag from /home/airflow/.local/lib/python3.12/site-packages/airflow/example_dags/example_sensors.py
[2025-07-16T07:13:45.299+0000] {processor.py:925} INFO - DAG(s) 'example_sensors' retrieved from /home/airflow/.local/lib/python3.12/site-packages/airflow/example_dags/example_sensors.py
[2025-07-16T07:13:45.328+0000] {logging_mixin.py:190} INFO - [2025-07-16T07:13:45.328+0000] {dag.py:3229} INFO - Sync 1 DAGs
[2025-07-16T07:13:45.343+0000] {logging_mixin.py:190} INFO - [2025-07-16T07:13:45.343+0000] {dag.py:4156} INFO - Setting next_dagrun for example_sensors to None, run_after=None
[2025-07-16T07:13:45.372+0000] {processor.py:208} INFO - Processing /home/airflow/.local/lib/python3.12/site-packages/airflow/example_dags/example_sensors.py took 0.097 seconds
[2025-07-16T07:14:15.528+0000] {processor.py:186} INFO - Started process (PID=503) to work on /home/airflow/.local/lib/python3.12/site-packages/airflow/example_dags/example_sensors.py
[2025-07-16T07:14:15.529+0000] {processor.py:914} INFO - Processing file /home/airflow/.local/lib/python3.12/site-packages/airflow/example_dags/example_sensors.py for tasks to queue
[2025-07-16T07:14:15.531+0000] {logging_mixin.py:190} INFO - [2025-07-16T07:14:15.531+0000] {dagbag.py:587} INFO - Filling up the DagBag from /home/airflow/.local/lib/python3.12/site-packages/airflow/example_dags/example_sensors.py
[2025-07-16T07:14:15.542+0000] {processor.py:925} INFO - DAG(s) 'example_sensors' retrieved from /home/airflow/.local/lib/python3.12/site-packages/airflow/example_dags/example_sensors.py
[2025-07-16T07:14:15.572+0000] {logging_mixin.py:190} INFO - [2025-07-16T07:14:15.572+0000] {dag.py:3229} INFO - Sync 1 DAGs
[2025-07-16T07:14:15.588+0000] {logging_mixin.py:190} INFO - [2025-07-16T07:14:15.587+0000] {dag.py:4156} INFO - Setting next_dagrun for example_sensors to None, run_after=None
[2025-07-16T07:14:15.616+0000] {processor.py:208} INFO - Processing /home/airflow/.local/lib/python3.12/site-packages/airflow/example_dags/example_sensors.py took 0.094 seconds
[2025-07-16T07:14:45.994+0000] {processor.py:186} INFO - Started process (PID=560) to work on /home/airflow/.local/lib/python3.12/site-packages/airflow/example_dags/example_sensors.py
[2025-07-16T07:14:45.995+0000] {processor.py:914} INFO - Processing file /home/airflow/.local/lib/python3.12/site-packages/airflow/example_dags/example_sensors.py for tasks to queue
[2025-07-16T07:14:45.998+0000] {logging_mixin.py:190} INFO - [2025-07-16T07:14:45.998+0000] {dagbag.py:587} INFO - Filling up the DagBag from /home/airflow/.local/lib/python3.12/site-packages/airflow/example_dags/example_sensors.py
[2025-07-16T07:14:46.011+0000] {processor.py:925} INFO - DAG(s) 'example_sensors' retrieved from /home/airflow/.local/lib/python3.12/site-packages/airflow/example_dags/example_sensors.py
[2025-07-16T07:14:46.046+0000] {logging_mixin.py:190} INFO - [2025-07-16T07:14:46.046+0000] {dag.py:3229} INFO - Sync 1 DAGs
[2025-07-16T07:14:46.069+0000] {logging_mixin.py:190} INFO - [2025-07-16T07:14:46.069+0000] {dag.py:4156} INFO - Setting next_dagrun for example_sensors to None, run_after=None
[2025-07-16T07:14:46.093+0000] {processor.py:208} INFO - Processing /home/airflow/.local/lib/python3.12/site-packages/airflow/example_dags/example_sensors.py took 0.105 seconds
[2025-07-16T07:15:16.881+0000] {processor.py:186} INFO - Started process (PID=617) to work on /home/airflow/.local/lib/python3.12/site-packages/airflow/example_dags/example_sensors.py
[2025-07-16T07:15:16.882+0000] {processor.py:914} INFO - Processing file /home/airflow/.local/lib/python3.12/site-packages/airflow/example_dags/example_sensors.py for tasks to queue
[2025-07-16T07:15:16.886+0000] {logging_mixin.py:190} INFO - [2025-07-16T07:15:16.886+0000] {dagbag.py:587} INFO - Filling up the DagBag from /home/airflow/.local/lib/python3.12/site-packages/airflow/example_dags/example_sensors.py
[2025-07-16T07:15:16.903+0000] {processor.py:925} INFO - DAG(s) 'example_sensors' retrieved from /home/airflow/.local/lib/python3.12/site-packages/airflow/example_dags/example_sensors.py
[2025-07-16T07:15:16.939+0000] {logging_mixin.py:190} INFO - [2025-07-16T07:15:16.938+0000] {dag.py:3229} INFO - Sync 1 DAGs
[2025-07-16T07:15:16.958+0000] {logging_mixin.py:190} INFO - [2025-07-16T07:15:16.958+0000] {dag.py:4156} INFO - Setting next_dagrun for example_sensors to None, run_after=None
[2025-07-16T07:15:16.983+0000] {processor.py:208} INFO - Processing /home/airflow/.local/lib/python3.12/site-packages/airflow/example_dags/example_sensors.py took 0.110 seconds
[2025-07-16T07:15:47.366+0000] {processor.py:186} INFO - Started process (PID=674) to work on /home/airflow/.local/lib/python3.12/site-packages/airflow/example_dags/example_sensors.py
[2025-07-16T07:15:47.367+0000] {processor.py:914} INFO - Processing file /home/airflow/.local/lib/python3.12/site-packages/airflow/example_dags/example_sensors.py for tasks to queue
[2025-07-16T07:15:47.369+0000] {logging_mixin.py:190} INFO - [2025-07-16T07:15:47.369+0000] {dagbag.py:587} INFO - Filling up the DagBag from /home/airflow/.local/lib/python3.12/site-packages/airflow/example_dags/example_sensors.py
[2025-07-16T07:15:47.382+0000] {processor.py:925} INFO - DAG(s) 'example_sensors' retrieved from /home/airflow/.local/lib/python3.12/site-packages/airflow/example_dags/example_sensors.py
[2025-07-16T07:15:47.414+0000] {logging_mixin.py:190} INFO - [2025-07-16T07:15:47.414+0000] {dag.py:3229} INFO - Sync 1 DAGs
[2025-07-16T07:15:47.431+0000] {logging_mixin.py:190} INFO - [2025-07-16T07:15:47.431+0000] {dag.py:4156} INFO - Setting next_dagrun for example_sensors to None, run_after=None
[2025-07-16T07:15:47.460+0000] {processor.py:208} INFO - Processing /home/airflow/.local/lib/python3.12/site-packages/airflow/example_dags/example_sensors.py took 0.100 seconds
[2025-07-16T07:16:17.962+0000] {processor.py:186} INFO - Started process (PID=731) to work on /home/airflow/.local/lib/python3.12/site-packages/airflow/example_dags/example_sensors.py
[2025-07-16T07:16:17.964+0000] {processor.py:914} INFO - Processing file /home/airflow/.local/lib/python3.12/site-packages/airflow/example_dags/example_sensors.py for tasks to queue
[2025-07-16T07:16:17.966+0000] {logging_mixin.py:190} INFO - [2025-07-16T07:16:17.966+0000] {dagbag.py:587} INFO - Filling up the DagBag from /home/airflow/.local/lib/python3.12/site-packages/airflow/example_dags/example_sensors.py
[2025-07-16T07:16:17.980+0000] {processor.py:925} INFO - DAG(s) 'example_sensors' retrieved from /home/airflow/.local/lib/python3.12/site-packages/airflow/example_dags/example_sensors.py
[2025-07-16T07:16:18.011+0000] {logging_mixin.py:190} INFO - [2025-07-16T07:16:18.011+0000] {dag.py:3229} INFO - Sync 1 DAGs
[2025-07-16T07:16:18.028+0000] {logging_mixin.py:190} INFO - [2025-07-16T07:16:18.028+0000] {dag.py:4156} INFO - Setting next_dagrun for example_sensors to None, run_after=None
[2025-07-16T07:16:18.054+0000] {processor.py:208} INFO - Processing /home/airflow/.local/lib/python3.12/site-packages/airflow/example_dags/example_sensors.py took 0.101 seconds
[2025-07-16T07:16:48.488+0000] {processor.py:186} INFO - Started process (PID=788) to work on /home/airflow/.local/lib/python3.12/site-packages/airflow/example_dags/example_sensors.py
[2025-07-16T07:16:48.489+0000] {processor.py:914} INFO - Processing file /home/airflow/.local/lib/python3.12/site-packages/airflow/example_dags/example_sensors.py for tasks to queue
[2025-07-16T07:16:48.492+0000] {logging_mixin.py:190} INFO - [2025-07-16T07:16:48.491+0000] {dagbag.py:587} INFO - Filling up the DagBag from /home/airflow/.local/lib/python3.12/site-packages/airflow/example_dags/example_sensors.py
[2025-07-16T07:16:48.503+0000] {processor.py:925} INFO - DAG(s) 'example_sensors' retrieved from /home/airflow/.local/lib/python3.12/site-packages/airflow/example_dags/example_sensors.py
[2025-07-16T07:16:48.535+0000] {logging_mixin.py:190} INFO - [2025-07-16T07:16:48.535+0000] {dag.py:3229} INFO - Sync 1 DAGs
[2025-07-16T07:16:48.550+0000] {logging_mixin.py:190} INFO - [2025-07-16T07:16:48.550+0000] {dag.py:4156} INFO - Setting next_dagrun for example_sensors to None, run_after=None
[2025-07-16T07:16:48.581+0000] {processor.py:208} INFO - Processing /home/airflow/.local/lib/python3.12/site-packages/airflow/example_dags/example_sensors.py took 0.099 seconds
[2025-07-16T07:17:19.238+0000] {processor.py:186} INFO - Started process (PID=845) to work on /home/airflow/.local/lib/python3.12/site-packages/airflow/example_dags/example_sensors.py
[2025-07-16T07:17:19.239+0000] {processor.py:914} INFO - Processing file /home/airflow/.local/lib/python3.12/site-packages/airflow/example_dags/example_sensors.py for tasks to queue
[2025-07-16T07:17:19.242+0000] {logging_mixin.py:190} INFO - [2025-07-16T07:17:19.241+0000] {dagbag.py:587} INFO - Filling up the DagBag from /home/airflow/.local/lib/python3.12/site-packages/airflow/example_dags/example_sensors.py
[2025-07-16T07:17:19.253+0000] {processor.py:925} INFO - DAG(s) 'example_sensors' retrieved from /home/airflow/.local/lib/python3.12/site-packages/airflow/example_dags/example_sensors.py
[2025-07-16T07:17:19.282+0000] {logging_mixin.py:190} INFO - [2025-07-16T07:17:19.282+0000] {dag.py:3229} INFO - Sync 1 DAGs
[2025-07-16T07:17:19.297+0000] {logging_mixin.py:190} INFO - [2025-07-16T07:17:19.297+0000] {dag.py:4156} INFO - Setting next_dagrun for example_sensors to None, run_after=None
[2025-07-16T07:17:19.322+0000] {processor.py:208} INFO - Processing /home/airflow/.local/lib/python3.12/site-packages/airflow/example_dags/example_sensors.py took 0.091 seconds
[2025-07-16T07:17:49.781+0000] {processor.py:186} INFO - Started process (PID=902) to work on /home/airflow/.local/lib/python3.12/site-packages/airflow/example_dags/example_sensors.py
[2025-07-16T07:17:49.783+0000] {processor.py:914} INFO - Processing file /home/airflow/.local/lib/python3.12/site-packages/airflow/example_dags/example_sensors.py for tasks to queue
[2025-07-16T07:17:49.785+0000] {logging_mixin.py:190} INFO - [2025-07-16T07:17:49.785+0000] {dagbag.py:587} INFO - Filling up the DagBag from /home/airflow/.local/lib/python3.12/site-packages/airflow/example_dags/example_sensors.py
[2025-07-16T07:17:49.797+0000] {processor.py:925} INFO - DAG(s) 'example_sensors' retrieved from /home/airflow/.local/lib/python3.12/site-packages/airflow/example_dags/example_sensors.py
[2025-07-16T07:17:49.828+0000] {logging_mixin.py:190} INFO - [2025-07-16T07:17:49.827+0000] {dag.py:3229} INFO - Sync 1 DAGs
[2025-07-16T07:17:49.843+0000] {logging_mixin.py:190} INFO - [2025-07-16T07:17:49.842+0000] {dag.py:4156} INFO - Setting next_dagrun for example_sensors to None, run_after=None
[2025-07-16T07:17:49.874+0000] {processor.py:208} INFO - Processing /home/airflow/.local/lib/python3.12/site-packages/airflow/example_dags/example_sensors.py took 0.101 seconds
[2025-07-16T07:18:20.431+0000] {processor.py:186} INFO - Started process (PID=959) to work on /home/airflow/.local/lib/python3.12/site-packages/airflow/example_dags/example_sensors.py
[2025-07-16T07:18:20.432+0000] {processor.py:914} INFO - Processing file /home/airflow/.local/lib/python3.12/site-packages/airflow/example_dags/example_sensors.py for tasks to queue
[2025-07-16T07:18:20.435+0000] {logging_mixin.py:190} INFO - [2025-07-16T07:18:20.434+0000] {dagbag.py:587} INFO - Filling up the DagBag from /home/airflow/.local/lib/python3.12/site-packages/airflow/example_dags/example_sensors.py
[2025-07-16T07:18:20.446+0000] {processor.py:925} INFO - DAG(s) 'example_sensors' retrieved from /home/airflow/.local/lib/python3.12/site-packages/airflow/example_dags/example_sensors.py
[2025-07-16T07:18:20.477+0000] {logging_mixin.py:190} INFO - [2025-07-16T07:18:20.477+0000] {dag.py:3229} INFO - Sync 1 DAGs
[2025-07-16T07:18:20.494+0000] {logging_mixin.py:190} INFO - [2025-07-16T07:18:20.494+0000] {dag.py:4156} INFO - Setting next_dagrun for example_sensors to None, run_after=None
[2025-07-16T07:18:20.517+0000] {processor.py:208} INFO - Processing /home/airflow/.local/lib/python3.12/site-packages/airflow/example_dags/example_sensors.py took 0.092 seconds
[2025-07-16T07:18:51.305+0000] {processor.py:186} INFO - Started process (PID=1016) to work on /home/airflow/.local/lib/python3.12/site-packages/airflow/example_dags/example_sensors.py
[2025-07-16T07:18:51.306+0000] {processor.py:914} INFO - Processing file /home/airflow/.local/lib/python3.12/site-packages/airflow/example_dags/example_sensors.py for tasks to queue
[2025-07-16T07:18:51.309+0000] {logging_mixin.py:190} INFO - [2025-07-16T07:18:51.309+0000] {dagbag.py:587} INFO - Filling up the DagBag from /home/airflow/.local/lib/python3.12/site-packages/airflow/example_dags/example_sensors.py
[2025-07-16T07:18:51.322+0000] {processor.py:925} INFO - DAG(s) 'example_sensors' retrieved from /home/airflow/.local/lib/python3.12/site-packages/airflow/example_dags/example_sensors.py
[2025-07-16T07:18:51.353+0000] {logging_mixin.py:190} INFO - [2025-07-16T07:18:51.353+0000] {dag.py:3229} INFO - Sync 1 DAGs
[2025-07-16T07:18:51.368+0000] {logging_mixin.py:190} INFO - [2025-07-16T07:18:51.368+0000] {dag.py:4156} INFO - Setting next_dagrun for example_sensors to None, run_after=None
[2025-07-16T07:18:51.395+0000] {processor.py:208} INFO - Processing /home/airflow/.local/lib/python3.12/site-packages/airflow/example_dags/example_sensors.py took 0.097 seconds
[2025-07-16T07:19:21.746+0000] {processor.py:186} INFO - Started process (PID=1073) to work on /home/airflow/.local/lib/python3.12/site-packages/airflow/example_dags/example_sensors.py
[2025-07-16T07:19:21.747+0000] {processor.py:914} INFO - Processing file /home/airflow/.local/lib/python3.12/site-packages/airflow/example_dags/example_sensors.py for tasks to queue
[2025-07-16T07:19:21.750+0000] {logging_mixin.py:190} INFO - [2025-07-16T07:19:21.750+0000] {dagbag.py:587} INFO - Filling up the DagBag from /home/airflow/.local/lib/python3.12/site-packages/airflow/example_dags/example_sensors.py
[2025-07-16T07:19:21.762+0000] {processor.py:925} INFO - DAG(s) 'example_sensors' retrieved from /home/airflow/.local/lib/python3.12/site-packages/airflow/example_dags/example_sensors.py
[2025-07-16T07:19:21.797+0000] {logging_mixin.py:190} INFO - [2025-07-16T07:19:21.796+0000] {dag.py:3229} INFO - Sync 1 DAGs
[2025-07-16T07:19:21.812+0000] {logging_mixin.py:190} INFO - [2025-07-16T07:19:21.812+0000] {dag.py:4156} INFO - Setting next_dagrun for example_sensors to None, run_after=None
[2025-07-16T07:19:21.838+0000] {processor.py:208} INFO - Processing /home/airflow/.local/lib/python3.12/site-packages/airflow/example_dags/example_sensors.py took 0.099 seconds
[2025-07-16T07:19:52.229+0000] {processor.py:186} INFO - Started process (PID=1130) to work on /home/airflow/.local/lib/python3.12/site-packages/airflow/example_dags/example_sensors.py
[2025-07-16T07:19:52.230+0000] {processor.py:914} INFO - Processing file /home/airflow/.local/lib/python3.12/site-packages/airflow/example_dags/example_sensors.py for tasks to queue
[2025-07-16T07:19:52.232+0000] {logging_mixin.py:190} INFO - [2025-07-16T07:19:52.232+0000] {dagbag.py:587} INFO - Filling up the DagBag from /home/airflow/.local/lib/python3.12/site-packages/airflow/example_dags/example_sensors.py
[2025-07-16T07:19:52.243+0000] {processor.py:925} INFO - DAG(s) 'example_sensors' retrieved from /home/airflow/.local/lib/python3.12/site-packages/airflow/example_dags/example_sensors.py
[2025-07-16T07:19:52.273+0000] {logging_mixin.py:190} INFO - [2025-07-16T07:19:52.273+0000] {dag.py:3229} INFO - Sync 1 DAGs
[2025-07-16T07:19:52.286+0000] {logging_mixin.py:190} INFO - [2025-07-16T07:19:52.286+0000] {dag.py:4156} INFO - Setting next_dagrun for example_sensors to None, run_after=None
[2025-07-16T07:19:52.316+0000] {processor.py:208} INFO - Processing /home/airflow/.local/lib/python3.12/site-packages/airflow/example_dags/example_sensors.py took 0.093 seconds
[2025-07-16T07:20:22.705+0000] {processor.py:186} INFO - Started process (PID=1187) to work on /home/airflow/.local/lib/python3.12/site-packages/airflow/example_dags/example_sensors.py
[2025-07-16T07:20:22.706+0000] {processor.py:914} INFO - Processing file /home/airflow/.local/lib/python3.12/site-packages/airflow/example_dags/example_sensors.py for tasks to queue
[2025-07-16T07:20:22.709+0000] {logging_mixin.py:190} INFO - [2025-07-16T07:20:22.708+0000] {dagbag.py:587} INFO - Filling up the DagBag from /home/airflow/.local/lib/python3.12/site-packages/airflow/example_dags/example_sensors.py
[2025-07-16T07:20:22.722+0000] {processor.py:925} INFO - DAG(s) 'example_sensors' retrieved from /home/airflow/.local/lib/python3.12/site-packages/airflow/example_dags/example_sensors.py
[2025-07-16T07:20:22.753+0000] {logging_mixin.py:190} INFO - [2025-07-16T07:20:22.753+0000] {dag.py:3229} INFO - Sync 1 DAGs
[2025-07-16T07:20:22.768+0000] {logging_mixin.py:190} INFO - [2025-07-16T07:20:22.767+0000] {dag.py:4156} INFO - Setting next_dagrun for example_sensors to None, run_after=None
[2025-07-16T07:20:22.792+0000] {processor.py:208} INFO - Processing /home/airflow/.local/lib/python3.12/site-packages/airflow/example_dags/example_sensors.py took 0.095 seconds
[2025-07-16T07:20:53.402+0000] {processor.py:186} INFO - Started process (PID=1244) to work on /home/airflow/.local/lib/python3.12/site-packages/airflow/example_dags/example_sensors.py
[2025-07-16T07:20:53.403+0000] {processor.py:914} INFO - Processing file /home/airflow/.local/lib/python3.12/site-packages/airflow/example_dags/example_sensors.py for tasks to queue
[2025-07-16T07:20:53.406+0000] {logging_mixin.py:190} INFO - [2025-07-16T07:20:53.406+0000] {dagbag.py:587} INFO - Filling up the DagBag from /home/airflow/.local/lib/python3.12/site-packages/airflow/example_dags/example_sensors.py
[2025-07-16T07:20:53.417+0000] {processor.py:925} INFO - DAG(s) 'example_sensors' retrieved from /home/airflow/.local/lib/python3.12/site-packages/airflow/example_dags/example_sensors.py
[2025-07-16T07:20:53.449+0000] {logging_mixin.py:190} INFO - [2025-07-16T07:20:53.449+0000] {dag.py:3229} INFO - Sync 1 DAGs
[2025-07-16T07:20:53.463+0000] {logging_mixin.py:190} INFO - [2025-07-16T07:20:53.462+0000] {dag.py:4156} INFO - Setting next_dagrun for example_sensors to None, run_after=None
[2025-07-16T07:20:53.492+0000] {processor.py:208} INFO - Processing /home/airflow/.local/lib/python3.12/site-packages/airflow/example_dags/example_sensors.py took 0.097 seconds
[2025-07-16T07:21:24.250+0000] {processor.py:186} INFO - Started process (PID=1301) to work on /home/airflow/.local/lib/python3.12/site-packages/airflow/example_dags/example_sensors.py
[2025-07-16T07:21:24.252+0000] {processor.py:914} INFO - Processing file /home/airflow/.local/lib/python3.12/site-packages/airflow/example_dags/example_sensors.py for tasks to queue
[2025-07-16T07:21:24.255+0000] {logging_mixin.py:190} INFO - [2025-07-16T07:21:24.254+0000] {dagbag.py:587} INFO - Filling up the DagBag from /home/airflow/.local/lib/python3.12/site-packages/airflow/example_dags/example_sensors.py
[2025-07-16T07:21:24.266+0000] {processor.py:925} INFO - DAG(s) 'example_sensors' retrieved from /home/airflow/.local/lib/python3.12/site-packages/airflow/example_dags/example_sensors.py
[2025-07-16T07:21:24.297+0000] {logging_mixin.py:190} INFO - [2025-07-16T07:21:24.297+0000] {dag.py:3229} INFO - Sync 1 DAGs
[2025-07-16T07:21:24.312+0000] {logging_mixin.py:190} INFO - [2025-07-16T07:21:24.312+0000] {dag.py:4156} INFO - Setting next_dagrun for example_sensors to None, run_after=None
[2025-07-16T07:21:24.339+0000] {processor.py:208} INFO - Processing /home/airflow/.local/lib/python3.12/site-packages/airflow/example_dags/example_sensors.py took 0.096 seconds
[2025-07-16T07:21:55.014+0000] {processor.py:186} INFO - Started process (PID=1358) to work on /home/airflow/.local/lib/python3.12/site-packages/airflow/example_dags/example_sensors.py
[2025-07-16T07:21:55.015+0000] {processor.py:914} INFO - Processing file /home/airflow/.local/lib/python3.12/site-packages/airflow/example_dags/example_sensors.py for tasks to queue
[2025-07-16T07:21:55.018+0000] {logging_mixin.py:190} INFO - [2025-07-16T07:21:55.017+0000] {dagbag.py:587} INFO - Filling up the DagBag from /home/airflow/.local/lib/python3.12/site-packages/airflow/example_dags/example_sensors.py
[2025-07-16T07:21:55.028+0000] {processor.py:925} INFO - DAG(s) 'example_sensors' retrieved from /home/airflow/.local/lib/python3.12/site-packages/airflow/example_dags/example_sensors.py
[2025-07-16T07:21:55.058+0000] {logging_mixin.py:190} INFO - [2025-07-16T07:21:55.057+0000] {dag.py:3229} INFO - Sync 1 DAGs
[2025-07-16T07:21:55.072+0000] {logging_mixin.py:190} INFO - [2025-07-16T07:21:55.072+0000] {dag.py:4156} INFO - Setting next_dagrun for example_sensors to None, run_after=None
[2025-07-16T07:21:55.102+0000] {processor.py:208} INFO - Processing /home/airflow/.local/lib/python3.12/site-packages/airflow/example_dags/example_sensors.py took 0.095 seconds
[2025-07-16T07:22:25.704+0000] {processor.py:186} INFO - Started process (PID=1415) to work on /home/airflow/.local/lib/python3.12/site-packages/airflow/example_dags/example_sensors.py
[2025-07-16T07:22:25.705+0000] {processor.py:914} INFO - Processing file /home/airflow/.local/lib/python3.12/site-packages/airflow/example_dags/example_sensors.py for tasks to queue
[2025-07-16T07:22:25.708+0000] {logging_mixin.py:190} INFO - [2025-07-16T07:22:25.707+0000] {dagbag.py:587} INFO - Filling up the DagBag from /home/airflow/.local/lib/python3.12/site-packages/airflow/example_dags/example_sensors.py
[2025-07-16T07:22:25.722+0000] {processor.py:925} INFO - DAG(s) 'example_sensors' retrieved from /home/airflow/.local/lib/python3.12/site-packages/airflow/example_dags/example_sensors.py
[2025-07-16T07:22:25.757+0000] {logging_mixin.py:190} INFO - [2025-07-16T07:22:25.757+0000] {dag.py:3229} INFO - Sync 1 DAGs
[2025-07-16T07:22:25.779+0000] {logging_mixin.py:190} INFO - [2025-07-16T07:22:25.779+0000] {dag.py:4156} INFO - Setting next_dagrun for example_sensors to None, run_after=None
[2025-07-16T07:22:25.808+0000] {processor.py:208} INFO - Processing /home/airflow/.local/lib/python3.12/site-packages/airflow/example_dags/example_sensors.py took 0.110 seconds
[2025-07-16T07:22:55.963+0000] {processor.py:186} INFO - Started process (PID=1472) to work on /home/airflow/.local/lib/python3.12/site-packages/airflow/example_dags/example_sensors.py
[2025-07-16T07:22:55.964+0000] {processor.py:914} INFO - Processing file /home/airflow/.local/lib/python3.12/site-packages/airflow/example_dags/example_sensors.py for tasks to queue
[2025-07-16T07:22:55.967+0000] {logging_mixin.py:190} INFO - [2025-07-16T07:22:55.967+0000] {dagbag.py:587} INFO - Filling up the DagBag from /home/airflow/.local/lib/python3.12/site-packages/airflow/example_dags/example_sensors.py
[2025-07-16T07:22:55.979+0000] {processor.py:925} INFO - DAG(s) 'example_sensors' retrieved from /home/airflow/.local/lib/python3.12/site-packages/airflow/example_dags/example_sensors.py
[2025-07-16T07:22:56.007+0000] {logging_mixin.py:190} INFO - [2025-07-16T07:22:56.007+0000] {dag.py:3229} INFO - Sync 1 DAGs
[2025-07-16T07:22:56.021+0000] {logging_mixin.py:190} INFO - [2025-07-16T07:22:56.020+0000] {dag.py:4156} INFO - Setting next_dagrun for example_sensors to None, run_after=None
[2025-07-16T07:22:56.045+0000] {processor.py:208} INFO - Processing /home/airflow/.local/lib/python3.12/site-packages/airflow/example_dags/example_sensors.py took 0.089 seconds
[2025-07-16T07:23:26.833+0000] {processor.py:186} INFO - Started process (PID=1529) to work on /home/airflow/.local/lib/python3.12/site-packages/airflow/example_dags/example_sensors.py
[2025-07-16T07:23:26.834+0000] {processor.py:914} INFO - Processing file /home/airflow/.local/lib/python3.12/site-packages/airflow/example_dags/example_sensors.py for tasks to queue
[2025-07-16T07:23:26.837+0000] {logging_mixin.py:190} INFO - [2025-07-16T07:23:26.836+0000] {dagbag.py:587} INFO - Filling up the DagBag from /home/airflow/.local/lib/python3.12/site-packages/airflow/example_dags/example_sensors.py
[2025-07-16T07:23:26.847+0000] {processor.py:925} INFO - DAG(s) 'example_sensors' retrieved from /home/airflow/.local/lib/python3.12/site-packages/airflow/example_dags/example_sensors.py
[2025-07-16T07:23:26.876+0000] {logging_mixin.py:190} INFO - [2025-07-16T07:23:26.876+0000] {dag.py:3229} INFO - Sync 1 DAGs
[2025-07-16T07:23:26.892+0000] {logging_mixin.py:190} INFO - [2025-07-16T07:23:26.891+0000] {dag.py:4156} INFO - Setting next_dagrun for example_sensors to None, run_after=None
[2025-07-16T07:23:26.917+0000] {processor.py:208} INFO - Processing /home/airflow/.local/lib/python3.12/site-packages/airflow/example_dags/example_sensors.py took 0.090 seconds
[2025-07-16T07:23:58.084+0000] {processor.py:186} INFO - Started process (PID=1586) to work on /home/airflow/.local/lib/python3.12/site-packages/airflow/example_dags/example_sensors.py
[2025-07-16T07:23:58.086+0000] {processor.py:914} INFO - Processing file /home/airflow/.local/lib/python3.12/site-packages/airflow/example_dags/example_sensors.py for tasks to queue
[2025-07-16T07:23:58.090+0000] {logging_mixin.py:190} INFO - [2025-07-16T07:23:58.089+0000] {dagbag.py:587} INFO - Filling up the DagBag from /home/airflow/.local/lib/python3.12/site-packages/airflow/example_dags/example_sensors.py
[2025-07-16T07:23:58.110+0000] {processor.py:925} INFO - DAG(s) 'example_sensors' retrieved from /home/airflow/.local/lib/python3.12/site-packages/airflow/example_dags/example_sensors.py
[2025-07-16T07:23:58.137+0000] {logging_mixin.py:190} INFO - [2025-07-16T07:23:58.137+0000] {dag.py:3229} INFO - Sync 1 DAGs
[2025-07-16T07:23:58.157+0000] {logging_mixin.py:190} INFO - [2025-07-16T07:23:58.157+0000] {dag.py:4156} INFO - Setting next_dagrun for example_sensors to None, run_after=None
[2025-07-16T07:23:58.188+0000] {processor.py:208} INFO - Processing /home/airflow/.local/lib/python3.12/site-packages/airflow/example_dags/example_sensors.py took 0.114 seconds
[2025-07-16T07:24:28.594+0000] {processor.py:186} INFO - Started process (PID=1643) to work on /home/airflow/.local/lib/python3.12/site-packages/airflow/example_dags/example_sensors.py
[2025-07-16T07:24:28.595+0000] {processor.py:914} INFO - Processing file /home/airflow/.local/lib/python3.12/site-packages/airflow/example_dags/example_sensors.py for tasks to queue
[2025-07-16T07:24:28.597+0000] {logging_mixin.py:190} INFO - [2025-07-16T07:24:28.597+0000] {dagbag.py:587} INFO - Filling up the DagBag from /home/airflow/.local/lib/python3.12/site-packages/airflow/example_dags/example_sensors.py
[2025-07-16T07:24:28.608+0000] {processor.py:925} INFO - DAG(s) 'example_sensors' retrieved from /home/airflow/.local/lib/python3.12/site-packages/airflow/example_dags/example_sensors.py
[2025-07-16T07:24:28.635+0000] {logging_mixin.py:190} INFO - [2025-07-16T07:24:28.635+0000] {dag.py:3229} INFO - Sync 1 DAGs
[2025-07-16T07:24:28.649+0000] {logging_mixin.py:190} INFO - [2025-07-16T07:24:28.649+0000] {dag.py:4156} INFO - Setting next_dagrun for example_sensors to None, run_after=None
[2025-07-16T07:24:28.674+0000] {processor.py:208} INFO - Processing /home/airflow/.local/lib/python3.12/site-packages/airflow/example_dags/example_sensors.py took 0.088 seconds
[2025-07-16T07:24:59.442+0000] {processor.py:186} INFO - Started process (PID=1700) to work on /home/airflow/.local/lib/python3.12/site-packages/airflow/example_dags/example_sensors.py
[2025-07-16T07:24:59.443+0000] {processor.py:914} INFO - Processing file /home/airflow/.local/lib/python3.12/site-packages/airflow/example_dags/example_sensors.py for tasks to queue
[2025-07-16T07:24:59.446+0000] {logging_mixin.py:190} INFO - [2025-07-16T07:24:59.446+0000] {dagbag.py:587} INFO - Filling up the DagBag from /home/airflow/.local/lib/python3.12/site-packages/airflow/example_dags/example_sensors.py
[2025-07-16T07:24:59.458+0000] {processor.py:925} INFO - DAG(s) 'example_sensors' retrieved from /home/airflow/.local/lib/python3.12/site-packages/airflow/example_dags/example_sensors.py
[2025-07-16T07:24:59.486+0000] {logging_mixin.py:190} INFO - [2025-07-16T07:24:59.486+0000] {dag.py:3229} INFO - Sync 1 DAGs
[2025-07-16T07:24:59.501+0000] {logging_mixin.py:190} INFO - [2025-07-16T07:24:59.500+0000] {dag.py:4156} INFO - Setting next_dagrun for example_sensors to None, run_after=None
[2025-07-16T07:24:59.524+0000] {processor.py:208} INFO - Processing /home/airflow/.local/lib/python3.12/site-packages/airflow/example_dags/example_sensors.py took 0.088 seconds
[2025-07-16T07:25:30.422+0000] {processor.py:186} INFO - Started process (PID=1757) to work on /home/airflow/.local/lib/python3.12/site-packages/airflow/example_dags/example_sensors.py
[2025-07-16T07:25:30.424+0000] {processor.py:914} INFO - Processing file /home/airflow/.local/lib/python3.12/site-packages/airflow/example_dags/example_sensors.py for tasks to queue
[2025-07-16T07:25:30.427+0000] {logging_mixin.py:190} INFO - [2025-07-16T07:25:30.427+0000] {dagbag.py:587} INFO - Filling up the DagBag from /home/airflow/.local/lib/python3.12/site-packages/airflow/example_dags/example_sensors.py
[2025-07-16T07:25:30.444+0000] {processor.py:925} INFO - DAG(s) 'example_sensors' retrieved from /home/airflow/.local/lib/python3.12/site-packages/airflow/example_dags/example_sensors.py
[2025-07-16T07:25:30.479+0000] {logging_mixin.py:190} INFO - [2025-07-16T07:25:30.479+0000] {dag.py:3229} INFO - Sync 1 DAGs
[2025-07-16T07:25:30.497+0000] {logging_mixin.py:190} INFO - [2025-07-16T07:25:30.497+0000] {dag.py:4156} INFO - Setting next_dagrun for example_sensors to None, run_after=None
[2025-07-16T07:25:30.524+0000] {processor.py:208} INFO - Processing /home/airflow/.local/lib/python3.12/site-packages/airflow/example_dags/example_sensors.py took 0.109 seconds
[2025-07-16T07:26:01.181+0000] {processor.py:186} INFO - Started process (PID=1814) to work on /home/airflow/.local/lib/python3.12/site-packages/airflow/example_dags/example_sensors.py
[2025-07-16T07:26:01.183+0000] {processor.py:914} INFO - Processing file /home/airflow/.local/lib/python3.12/site-packages/airflow/example_dags/example_sensors.py for tasks to queue
[2025-07-16T07:26:01.186+0000] {logging_mixin.py:190} INFO - [2025-07-16T07:26:01.185+0000] {dagbag.py:587} INFO - Filling up the DagBag from /home/airflow/.local/lib/python3.12/site-packages/airflow/example_dags/example_sensors.py
[2025-07-16T07:26:01.201+0000] {processor.py:925} INFO - DAG(s) 'example_sensors' retrieved from /home/airflow/.local/lib/python3.12/site-packages/airflow/example_dags/example_sensors.py
[2025-07-16T07:26:01.235+0000] {logging_mixin.py:190} INFO - [2025-07-16T07:26:01.235+0000] {dag.py:3229} INFO - Sync 1 DAGs
[2025-07-16T07:26:01.252+0000] {logging_mixin.py:190} INFO - [2025-07-16T07:26:01.252+0000] {dag.py:4156} INFO - Setting next_dagrun for example_sensors to None, run_after=None
[2025-07-16T07:26:01.277+0000] {processor.py:208} INFO - Processing /home/airflow/.local/lib/python3.12/site-packages/airflow/example_dags/example_sensors.py took 0.104 seconds
[2025-07-16T07:26:31.557+0000] {processor.py:186} INFO - Started process (PID=1871) to work on /home/airflow/.local/lib/python3.12/site-packages/airflow/example_dags/example_sensors.py
[2025-07-16T07:26:31.558+0000] {processor.py:914} INFO - Processing file /home/airflow/.local/lib/python3.12/site-packages/airflow/example_dags/example_sensors.py for tasks to queue
[2025-07-16T07:26:31.560+0000] {logging_mixin.py:190} INFO - [2025-07-16T07:26:31.560+0000] {dagbag.py:587} INFO - Filling up the DagBag from /home/airflow/.local/lib/python3.12/site-packages/airflow/example_dags/example_sensors.py
[2025-07-16T07:26:31.572+0000] {processor.py:925} INFO - DAG(s) 'example_sensors' retrieved from /home/airflow/.local/lib/python3.12/site-packages/airflow/example_dags/example_sensors.py
[2025-07-16T07:26:31.600+0000] {logging_mixin.py:190} INFO - [2025-07-16T07:26:31.600+0000] {dag.py:3229} INFO - Sync 1 DAGs
[2025-07-16T07:26:31.614+0000] {logging_mixin.py:190} INFO - [2025-07-16T07:26:31.614+0000] {dag.py:4156} INFO - Setting next_dagrun for example_sensors to None, run_after=None
[2025-07-16T07:26:31.641+0000] {processor.py:208} INFO - Processing /home/airflow/.local/lib/python3.12/site-packages/airflow/example_dags/example_sensors.py took 0.092 seconds
[2025-07-16T07:27:02.538+0000] {processor.py:186} INFO - Started process (PID=1928) to work on /home/airflow/.local/lib/python3.12/site-packages/airflow/example_dags/example_sensors.py
[2025-07-16T07:27:02.539+0000] {processor.py:914} INFO - Processing file /home/airflow/.local/lib/python3.12/site-packages/airflow/example_dags/example_sensors.py for tasks to queue
[2025-07-16T07:27:02.542+0000] {logging_mixin.py:190} INFO - [2025-07-16T07:27:02.542+0000] {dagbag.py:587} INFO - Filling up the DagBag from /home/airflow/.local/lib/python3.12/site-packages/airflow/example_dags/example_sensors.py
[2025-07-16T07:27:02.554+0000] {processor.py:925} INFO - DAG(s) 'example_sensors' retrieved from /home/airflow/.local/lib/python3.12/site-packages/airflow/example_dags/example_sensors.py
[2025-07-16T07:27:02.585+0000] {logging_mixin.py:190} INFO - [2025-07-16T07:27:02.585+0000] {dag.py:3229} INFO - Sync 1 DAGs
[2025-07-16T07:27:02.603+0000] {logging_mixin.py:190} INFO - [2025-07-16T07:27:02.603+0000] {dag.py:4156} INFO - Setting next_dagrun for example_sensors to None, run_after=None
[2025-07-16T07:27:02.632+0000] {processor.py:208} INFO - Processing /home/airflow/.local/lib/python3.12/site-packages/airflow/example_dags/example_sensors.py took 0.102 seconds
[2025-07-16T07:27:33.614+0000] {processor.py:186} INFO - Started process (PID=1985) to work on /home/airflow/.local/lib/python3.12/site-packages/airflow/example_dags/example_sensors.py
[2025-07-16T07:27:33.615+0000] {processor.py:914} INFO - Processing file /home/airflow/.local/lib/python3.12/site-packages/airflow/example_dags/example_sensors.py for tasks to queue
[2025-07-16T07:27:33.618+0000] {logging_mixin.py:190} INFO - [2025-07-16T07:27:33.618+0000] {dagbag.py:587} INFO - Filling up the DagBag from /home/airflow/.local/lib/python3.12/site-packages/airflow/example_dags/example_sensors.py
[2025-07-16T07:27:33.633+0000] {processor.py:925} INFO - DAG(s) 'example_sensors' retrieved from /home/airflow/.local/lib/python3.12/site-packages/airflow/example_dags/example_sensors.py
[2025-07-16T07:27:33.662+0000] {logging_mixin.py:190} INFO - [2025-07-16T07:27:33.662+0000] {dag.py:3229} INFO - Sync 1 DAGs
[2025-07-16T07:27:33.679+0000] {logging_mixin.py:190} INFO - [2025-07-16T07:27:33.679+0000] {dag.py:4156} INFO - Setting next_dagrun for example_sensors to None, run_after=None
[2025-07-16T07:27:33.704+0000] {processor.py:208} INFO - Processing /home/airflow/.local/lib/python3.12/site-packages/airflow/example_dags/example_sensors.py took 0.097 seconds
[2025-07-16T07:28:05.121+0000] {processor.py:186} INFO - Started process (PID=2042) to work on /home/airflow/.local/lib/python3.12/site-packages/airflow/example_dags/example_sensors.py
[2025-07-16T07:28:05.123+0000] {processor.py:914} INFO - Processing file /home/airflow/.local/lib/python3.12/site-packages/airflow/example_dags/example_sensors.py for tasks to queue
[2025-07-16T07:28:05.126+0000] {logging_mixin.py:190} INFO - [2025-07-16T07:28:05.126+0000] {dagbag.py:587} INFO - Filling up the DagBag from /home/airflow/.local/lib/python3.12/site-packages/airflow/example_dags/example_sensors.py
[2025-07-16T07:28:05.141+0000] {processor.py:925} INFO - DAG(s) 'example_sensors' retrieved from /home/airflow/.local/lib/python3.12/site-packages/airflow/example_dags/example_sensors.py
[2025-07-16T07:28:05.170+0000] {logging_mixin.py:190} INFO - [2025-07-16T07:28:05.170+0000] {dag.py:3229} INFO - Sync 1 DAGs
[2025-07-16T07:28:05.188+0000] {logging_mixin.py:190} INFO - [2025-07-16T07:28:05.188+0000] {dag.py:4156} INFO - Setting next_dagrun for example_sensors to None, run_after=None
[2025-07-16T07:28:05.215+0000] {processor.py:208} INFO - Processing /home/airflow/.local/lib/python3.12/site-packages/airflow/example_dags/example_sensors.py took 0.102 seconds
[2025-07-16T07:28:36.611+0000] {processor.py:186} INFO - Started process (PID=2099) to work on /home/airflow/.local/lib/python3.12/site-packages/airflow/example_dags/example_sensors.py
[2025-07-16T07:28:36.615+0000] {processor.py:914} INFO - Processing file /home/airflow/.local/lib/python3.12/site-packages/airflow/example_dags/example_sensors.py for tasks to queue
[2025-07-16T07:28:36.619+0000] {logging_mixin.py:190} INFO - [2025-07-16T07:28:36.618+0000] {dagbag.py:587} INFO - Filling up the DagBag from /home/airflow/.local/lib/python3.12/site-packages/airflow/example_dags/example_sensors.py
[2025-07-16T07:28:36.635+0000] {processor.py:925} INFO - DAG(s) 'example_sensors' retrieved from /home/airflow/.local/lib/python3.12/site-packages/airflow/example_dags/example_sensors.py
[2025-07-16T07:28:36.673+0000] {logging_mixin.py:190} INFO - [2025-07-16T07:28:36.673+0000] {dag.py:3229} INFO - Sync 1 DAGs
[2025-07-16T07:28:36.690+0000] {logging_mixin.py:190} INFO - [2025-07-16T07:28:36.690+0000] {dag.py:4156} INFO - Setting next_dagrun for example_sensors to None, run_after=None
[2025-07-16T07:28:36.714+0000] {processor.py:208} INFO - Processing /home/airflow/.local/lib/python3.12/site-packages/airflow/example_dags/example_sensors.py took 0.123 seconds
[2025-07-16T07:29:07.561+0000] {processor.py:186} INFO - Started process (PID=2156) to work on /home/airflow/.local/lib/python3.12/site-packages/airflow/example_dags/example_sensors.py
[2025-07-16T07:29:07.562+0000] {processor.py:914} INFO - Processing file /home/airflow/.local/lib/python3.12/site-packages/airflow/example_dags/example_sensors.py for tasks to queue
[2025-07-16T07:29:07.565+0000] {logging_mixin.py:190} INFO - [2025-07-16T07:29:07.564+0000] {dagbag.py:587} INFO - Filling up the DagBag from /home/airflow/.local/lib/python3.12/site-packages/airflow/example_dags/example_sensors.py
[2025-07-16T07:29:07.577+0000] {processor.py:925} INFO - DAG(s) 'example_sensors' retrieved from /home/airflow/.local/lib/python3.12/site-packages/airflow/example_dags/example_sensors.py
[2025-07-16T07:29:07.606+0000] {logging_mixin.py:190} INFO - [2025-07-16T07:29:07.605+0000] {dag.py:3229} INFO - Sync 1 DAGs
[2025-07-16T07:29:07.621+0000] {logging_mixin.py:190} INFO - [2025-07-16T07:29:07.621+0000] {dag.py:4156} INFO - Setting next_dagrun for example_sensors to None, run_after=None
[2025-07-16T07:29:07.644+0000] {processor.py:208} INFO - Processing /home/airflow/.local/lib/python3.12/site-packages/airflow/example_dags/example_sensors.py took 0.089 seconds
[2025-07-16T07:29:37.813+0000] {processor.py:186} INFO - Started process (PID=2213) to work on /home/airflow/.local/lib/python3.12/site-packages/airflow/example_dags/example_sensors.py
[2025-07-16T07:29:37.815+0000] {processor.py:914} INFO - Processing file /home/airflow/.local/lib/python3.12/site-packages/airflow/example_dags/example_sensors.py for tasks to queue
[2025-07-16T07:29:37.818+0000] {logging_mixin.py:190} INFO - [2025-07-16T07:29:37.817+0000] {dagbag.py:587} INFO - Filling up the DagBag from /home/airflow/.local/lib/python3.12/site-packages/airflow/example_dags/example_sensors.py
[2025-07-16T07:29:37.830+0000] {processor.py:925} INFO - DAG(s) 'example_sensors' retrieved from /home/airflow/.local/lib/python3.12/site-packages/airflow/example_dags/example_sensors.py
[2025-07-16T07:29:37.872+0000] {logging_mixin.py:190} INFO - [2025-07-16T07:29:37.872+0000] {dag.py:3229} INFO - Sync 1 DAGs
[2025-07-16T07:29:37.895+0000] {logging_mixin.py:190} INFO - [2025-07-16T07:29:37.895+0000] {dag.py:4156} INFO - Setting next_dagrun for example_sensors to None, run_after=None
[2025-07-16T07:29:37.924+0000] {processor.py:208} INFO - Processing /home/airflow/.local/lib/python3.12/site-packages/airflow/example_dags/example_sensors.py took 0.119 seconds
[2025-07-16T07:30:08.330+0000] {processor.py:186} INFO - Started process (PID=2270) to work on /home/airflow/.local/lib/python3.12/site-packages/airflow/example_dags/example_sensors.py
[2025-07-16T07:30:08.331+0000] {processor.py:914} INFO - Processing file /home/airflow/.local/lib/python3.12/site-packages/airflow/example_dags/example_sensors.py for tasks to queue
[2025-07-16T07:30:08.339+0000] {logging_mixin.py:190} INFO - [2025-07-16T07:30:08.338+0000] {dagbag.py:587} INFO - Filling up the DagBag from /home/airflow/.local/lib/python3.12/site-packages/airflow/example_dags/example_sensors.py
[2025-07-16T07:30:08.362+0000] {processor.py:925} INFO - DAG(s) 'example_sensors' retrieved from /home/airflow/.local/lib/python3.12/site-packages/airflow/example_dags/example_sensors.py
[2025-07-16T07:30:08.400+0000] {logging_mixin.py:190} INFO - [2025-07-16T07:30:08.400+0000] {dag.py:3229} INFO - Sync 1 DAGs
[2025-07-16T07:30:08.421+0000] {logging_mixin.py:190} INFO - [2025-07-16T07:30:08.421+0000] {dag.py:4156} INFO - Setting next_dagrun for example_sensors to None, run_after=None
[2025-07-16T07:30:08.459+0000] {processor.py:208} INFO - Processing /home/airflow/.local/lib/python3.12/site-packages/airflow/example_dags/example_sensors.py took 0.136 seconds
[2025-07-16T07:30:39.846+0000] {processor.py:186} INFO - Started process (PID=2327) to work on /home/airflow/.local/lib/python3.12/site-packages/airflow/example_dags/example_sensors.py
[2025-07-16T07:30:39.847+0000] {processor.py:914} INFO - Processing file /home/airflow/.local/lib/python3.12/site-packages/airflow/example_dags/example_sensors.py for tasks to queue
[2025-07-16T07:30:39.849+0000] {logging_mixin.py:190} INFO - [2025-07-16T07:30:39.849+0000] {dagbag.py:587} INFO - Filling up the DagBag from /home/airflow/.local/lib/python3.12/site-packages/airflow/example_dags/example_sensors.py
[2025-07-16T07:30:39.862+0000] {processor.py:925} INFO - DAG(s) 'example_sensors' retrieved from /home/airflow/.local/lib/python3.12/site-packages/airflow/example_dags/example_sensors.py
[2025-07-16T07:30:39.891+0000] {logging_mixin.py:190} INFO - [2025-07-16T07:30:39.891+0000] {dag.py:3229} INFO - Sync 1 DAGs
[2025-07-16T07:30:39.908+0000] {logging_mixin.py:190} INFO - [2025-07-16T07:30:39.908+0000] {dag.py:4156} INFO - Setting next_dagrun for example_sensors to None, run_after=None
[2025-07-16T07:30:39.935+0000] {processor.py:208} INFO - Processing /home/airflow/.local/lib/python3.12/site-packages/airflow/example_dags/example_sensors.py took 0.096 seconds
[2025-07-16T07:31:10.678+0000] {processor.py:186} INFO - Started process (PID=2384) to work on /home/airflow/.local/lib/python3.12/site-packages/airflow/example_dags/example_sensors.py
[2025-07-16T07:31:10.679+0000] {processor.py:914} INFO - Processing file /home/airflow/.local/lib/python3.12/site-packages/airflow/example_dags/example_sensors.py for tasks to queue
[2025-07-16T07:31:10.682+0000] {logging_mixin.py:190} INFO - [2025-07-16T07:31:10.681+0000] {dagbag.py:587} INFO - Filling up the DagBag from /home/airflow/.local/lib/python3.12/site-packages/airflow/example_dags/example_sensors.py
[2025-07-16T07:31:10.693+0000] {processor.py:925} INFO - DAG(s) 'example_sensors' retrieved from /home/airflow/.local/lib/python3.12/site-packages/airflow/example_dags/example_sensors.py
[2025-07-16T07:31:10.721+0000] {logging_mixin.py:190} INFO - [2025-07-16T07:31:10.720+0000] {dag.py:3229} INFO - Sync 1 DAGs
[2025-07-16T07:31:10.736+0000] {logging_mixin.py:190} INFO - [2025-07-16T07:31:10.735+0000] {dag.py:4156} INFO - Setting next_dagrun for example_sensors to None, run_after=None
[2025-07-16T07:31:10.760+0000] {processor.py:208} INFO - Processing /home/airflow/.local/lib/python3.12/site-packages/airflow/example_dags/example_sensors.py took 0.088 seconds
[2025-07-16T07:31:41.990+0000] {processor.py:186} INFO - Started process (PID=2441) to work on /home/airflow/.local/lib/python3.12/site-packages/airflow/example_dags/example_sensors.py
[2025-07-16T07:31:41.991+0000] {processor.py:914} INFO - Processing file /home/airflow/.local/lib/python3.12/site-packages/airflow/example_dags/example_sensors.py for tasks to queue
[2025-07-16T07:31:41.993+0000] {logging_mixin.py:190} INFO - [2025-07-16T07:31:41.993+0000] {dagbag.py:587} INFO - Filling up the DagBag from /home/airflow/.local/lib/python3.12/site-packages/airflow/example_dags/example_sensors.py
[2025-07-16T07:31:42.007+0000] {processor.py:925} INFO - DAG(s) 'example_sensors' retrieved from /home/airflow/.local/lib/python3.12/site-packages/airflow/example_dags/example_sensors.py
[2025-07-16T07:31:42.039+0000] {logging_mixin.py:190} INFO - [2025-07-16T07:31:42.038+0000] {dag.py:3229} INFO - Sync 1 DAGs
[2025-07-16T07:31:42.056+0000] {logging_mixin.py:190} INFO - [2025-07-16T07:31:42.056+0000] {dag.py:4156} INFO - Setting next_dagrun for example_sensors to None, run_after=None
[2025-07-16T07:31:42.084+0000] {processor.py:208} INFO - Processing /home/airflow/.local/lib/python3.12/site-packages/airflow/example_dags/example_sensors.py took 0.101 seconds
[2025-07-16T07:33:01.416+0000] {processor.py:186} INFO - Started process (PID=48) to work on /home/airflow/.local/lib/python3.12/site-packages/airflow/example_dags/example_sensors.py
[2025-07-16T07:33:01.417+0000] {processor.py:914} INFO - Processing file /home/airflow/.local/lib/python3.12/site-packages/airflow/example_dags/example_sensors.py for tasks to queue
[2025-07-16T07:33:01.420+0000] {logging_mixin.py:190} INFO - [2025-07-16T07:33:01.420+0000] {dagbag.py:587} INFO - Filling up the DagBag from /home/airflow/.local/lib/python3.12/site-packages/airflow/example_dags/example_sensors.py
[2025-07-16T07:33:01.437+0000] {processor.py:925} INFO - DAG(s) 'example_sensors' retrieved from /home/airflow/.local/lib/python3.12/site-packages/airflow/example_dags/example_sensors.py
[2025-07-16T07:33:01.504+0000] {logging_mixin.py:190} INFO - [2025-07-16T07:33:01.504+0000] {dag.py:3229} INFO - Sync 1 DAGs
[2025-07-16T07:33:01.557+0000] {logging_mixin.py:190} INFO - [2025-07-16T07:33:01.557+0000] {dag.py:4156} INFO - Setting next_dagrun for example_sensors to None, run_after=None
[2025-07-16T07:33:01.597+0000] {processor.py:208} INFO - Processing /home/airflow/.local/lib/python3.12/site-packages/airflow/example_dags/example_sensors.py took 0.188 seconds
[2025-07-16T07:33:32.226+0000] {processor.py:186} INFO - Started process (PID=105) to work on /home/airflow/.local/lib/python3.12/site-packages/airflow/example_dags/example_sensors.py
[2025-07-16T07:33:32.228+0000] {processor.py:914} INFO - Processing file /home/airflow/.local/lib/python3.12/site-packages/airflow/example_dags/example_sensors.py for tasks to queue
[2025-07-16T07:33:32.231+0000] {logging_mixin.py:190} INFO - [2025-07-16T07:33:32.230+0000] {dagbag.py:587} INFO - Filling up the DagBag from /home/airflow/.local/lib/python3.12/site-packages/airflow/example_dags/example_sensors.py
[2025-07-16T07:33:32.242+0000] {processor.py:925} INFO - DAG(s) 'example_sensors' retrieved from /home/airflow/.local/lib/python3.12/site-packages/airflow/example_dags/example_sensors.py
[2025-07-16T07:33:32.271+0000] {logging_mixin.py:190} INFO - [2025-07-16T07:33:32.270+0000] {dag.py:3229} INFO - Sync 1 DAGs
[2025-07-16T07:33:32.293+0000] {logging_mixin.py:190} INFO - [2025-07-16T07:33:32.293+0000] {dag.py:4156} INFO - Setting next_dagrun for example_sensors to None, run_after=None
[2025-07-16T07:33:32.321+0000] {processor.py:208} INFO - Processing /home/airflow/.local/lib/python3.12/site-packages/airflow/example_dags/example_sensors.py took 0.101 seconds
[2025-07-16T07:34:03.355+0000] {processor.py:186} INFO - Started process (PID=162) to work on /home/airflow/.local/lib/python3.12/site-packages/airflow/example_dags/example_sensors.py
[2025-07-16T07:34:03.357+0000] {processor.py:914} INFO - Processing file /home/airflow/.local/lib/python3.12/site-packages/airflow/example_dags/example_sensors.py for tasks to queue
[2025-07-16T07:34:03.360+0000] {logging_mixin.py:190} INFO - [2025-07-16T07:34:03.359+0000] {dagbag.py:587} INFO - Filling up the DagBag from /home/airflow/.local/lib/python3.12/site-packages/airflow/example_dags/example_sensors.py
[2025-07-16T07:34:03.372+0000] {processor.py:925} INFO - DAG(s) 'example_sensors' retrieved from /home/airflow/.local/lib/python3.12/site-packages/airflow/example_dags/example_sensors.py
[2025-07-16T07:34:03.403+0000] {logging_mixin.py:190} INFO - [2025-07-16T07:34:03.403+0000] {dag.py:3229} INFO - Sync 1 DAGs
[2025-07-16T07:34:03.419+0000] {logging_mixin.py:190} INFO - [2025-07-16T07:34:03.419+0000] {dag.py:4156} INFO - Setting next_dagrun for example_sensors to None, run_after=None
[2025-07-16T07:34:03.445+0000] {processor.py:208} INFO - Processing /home/airflow/.local/lib/python3.12/site-packages/airflow/example_dags/example_sensors.py took 0.099 seconds
[2025-07-16T07:34:34.023+0000] {processor.py:186} INFO - Started process (PID=219) to work on /home/airflow/.local/lib/python3.12/site-packages/airflow/example_dags/example_sensors.py
[2025-07-16T07:34:34.024+0000] {processor.py:914} INFO - Processing file /home/airflow/.local/lib/python3.12/site-packages/airflow/example_dags/example_sensors.py for tasks to queue
[2025-07-16T07:34:34.026+0000] {logging_mixin.py:190} INFO - [2025-07-16T07:34:34.026+0000] {dagbag.py:587} INFO - Filling up the DagBag from /home/airflow/.local/lib/python3.12/site-packages/airflow/example_dags/example_sensors.py
[2025-07-16T07:34:34.039+0000] {processor.py:925} INFO - DAG(s) 'example_sensors' retrieved from /home/airflow/.local/lib/python3.12/site-packages/airflow/example_dags/example_sensors.py
[2025-07-16T07:34:34.071+0000] {logging_mixin.py:190} INFO - [2025-07-16T07:34:34.071+0000] {dag.py:3229} INFO - Sync 1 DAGs
[2025-07-16T07:34:34.089+0000] {logging_mixin.py:190} INFO - [2025-07-16T07:34:34.089+0000] {dag.py:4156} INFO - Setting next_dagrun for example_sensors to None, run_after=None
[2025-07-16T07:34:34.116+0000] {processor.py:208} INFO - Processing /home/airflow/.local/lib/python3.12/site-packages/airflow/example_dags/example_sensors.py took 0.100 seconds
[2025-07-16T07:35:05.065+0000] {processor.py:186} INFO - Started process (PID=276) to work on /home/airflow/.local/lib/python3.12/site-packages/airflow/example_dags/example_sensors.py
[2025-07-16T07:35:05.066+0000] {processor.py:914} INFO - Processing file /home/airflow/.local/lib/python3.12/site-packages/airflow/example_dags/example_sensors.py for tasks to queue
[2025-07-16T07:35:05.068+0000] {logging_mixin.py:190} INFO - [2025-07-16T07:35:05.068+0000] {dagbag.py:587} INFO - Filling up the DagBag from /home/airflow/.local/lib/python3.12/site-packages/airflow/example_dags/example_sensors.py
[2025-07-16T07:35:05.082+0000] {processor.py:925} INFO - DAG(s) 'example_sensors' retrieved from /home/airflow/.local/lib/python3.12/site-packages/airflow/example_dags/example_sensors.py
[2025-07-16T07:35:05.111+0000] {logging_mixin.py:190} INFO - [2025-07-16T07:35:05.111+0000] {dag.py:3229} INFO - Sync 1 DAGs
[2025-07-16T07:35:05.128+0000] {logging_mixin.py:190} INFO - [2025-07-16T07:35:05.128+0000] {dag.py:4156} INFO - Setting next_dagrun for example_sensors to None, run_after=None
[2025-07-16T07:35:05.152+0000] {processor.py:208} INFO - Processing /home/airflow/.local/lib/python3.12/site-packages/airflow/example_dags/example_sensors.py took 0.094 seconds
[2025-07-16T07:35:35.452+0000] {processor.py:186} INFO - Started process (PID=333) to work on /home/airflow/.local/lib/python3.12/site-packages/airflow/example_dags/example_sensors.py
[2025-07-16T07:35:35.453+0000] {processor.py:914} INFO - Processing file /home/airflow/.local/lib/python3.12/site-packages/airflow/example_dags/example_sensors.py for tasks to queue
[2025-07-16T07:35:35.455+0000] {logging_mixin.py:190} INFO - [2025-07-16T07:35:35.455+0000] {dagbag.py:587} INFO - Filling up the DagBag from /home/airflow/.local/lib/python3.12/site-packages/airflow/example_dags/example_sensors.py
[2025-07-16T07:35:35.467+0000] {processor.py:925} INFO - DAG(s) 'example_sensors' retrieved from /home/airflow/.local/lib/python3.12/site-packages/airflow/example_dags/example_sensors.py
[2025-07-16T07:35:35.501+0000] {logging_mixin.py:190} INFO - [2025-07-16T07:35:35.501+0000] {dag.py:3229} INFO - Sync 1 DAGs
[2025-07-16T07:35:35.521+0000] {logging_mixin.py:190} INFO - [2025-07-16T07:35:35.521+0000] {dag.py:4156} INFO - Setting next_dagrun for example_sensors to None, run_after=None
[2025-07-16T07:35:35.548+0000] {processor.py:208} INFO - Processing /home/airflow/.local/lib/python3.12/site-packages/airflow/example_dags/example_sensors.py took 0.104 seconds
[2025-07-16T07:36:05.753+0000] {processor.py:186} INFO - Started process (PID=390) to work on /home/airflow/.local/lib/python3.12/site-packages/airflow/example_dags/example_sensors.py
[2025-07-16T07:36:05.756+0000] {processor.py:914} INFO - Processing file /home/airflow/.local/lib/python3.12/site-packages/airflow/example_dags/example_sensors.py for tasks to queue
[2025-07-16T07:36:05.760+0000] {logging_mixin.py:190} INFO - [2025-07-16T07:36:05.759+0000] {dagbag.py:587} INFO - Filling up the DagBag from /home/airflow/.local/lib/python3.12/site-packages/airflow/example_dags/example_sensors.py
[2025-07-16T07:36:05.773+0000] {processor.py:925} INFO - DAG(s) 'example_sensors' retrieved from /home/airflow/.local/lib/python3.12/site-packages/airflow/example_dags/example_sensors.py
[2025-07-16T07:36:05.803+0000] {logging_mixin.py:190} INFO - [2025-07-16T07:36:05.803+0000] {dag.py:3229} INFO - Sync 1 DAGs
[2025-07-16T07:36:05.822+0000] {logging_mixin.py:190} INFO - [2025-07-16T07:36:05.821+0000] {dag.py:4156} INFO - Setting next_dagrun for example_sensors to None, run_after=None
[2025-07-16T07:36:05.845+0000] {processor.py:208} INFO - Processing /home/airflow/.local/lib/python3.12/site-packages/airflow/example_dags/example_sensors.py took 0.099 seconds
[2025-07-16T07:36:37.315+0000] {processor.py:186} INFO - Started process (PID=447) to work on /home/airflow/.local/lib/python3.12/site-packages/airflow/example_dags/example_sensors.py
[2025-07-16T07:36:37.316+0000] {processor.py:914} INFO - Processing file /home/airflow/.local/lib/python3.12/site-packages/airflow/example_dags/example_sensors.py for tasks to queue
[2025-07-16T07:36:37.319+0000] {logging_mixin.py:190} INFO - [2025-07-16T07:36:37.319+0000] {dagbag.py:587} INFO - Filling up the DagBag from /home/airflow/.local/lib/python3.12/site-packages/airflow/example_dags/example_sensors.py
[2025-07-16T07:36:37.331+0000] {processor.py:925} INFO - DAG(s) 'example_sensors' retrieved from /home/airflow/.local/lib/python3.12/site-packages/airflow/example_dags/example_sensors.py
[2025-07-16T07:36:37.364+0000] {logging_mixin.py:190} INFO - [2025-07-16T07:36:37.363+0000] {dag.py:3229} INFO - Sync 1 DAGs
[2025-07-16T07:36:37.380+0000] {logging_mixin.py:190} INFO - [2025-07-16T07:36:37.379+0000] {dag.py:4156} INFO - Setting next_dagrun for example_sensors to None, run_after=None
[2025-07-16T07:36:37.410+0000] {processor.py:208} INFO - Processing /home/airflow/.local/lib/python3.12/site-packages/airflow/example_dags/example_sensors.py took 0.102 seconds
[2025-07-16T07:37:08.031+0000] {processor.py:186} INFO - Started process (PID=504) to work on /home/airflow/.local/lib/python3.12/site-packages/airflow/example_dags/example_sensors.py
[2025-07-16T07:37:08.032+0000] {processor.py:914} INFO - Processing file /home/airflow/.local/lib/python3.12/site-packages/airflow/example_dags/example_sensors.py for tasks to queue
[2025-07-16T07:37:08.035+0000] {logging_mixin.py:190} INFO - [2025-07-16T07:37:08.035+0000] {dagbag.py:587} INFO - Filling up the DagBag from /home/airflow/.local/lib/python3.12/site-packages/airflow/example_dags/example_sensors.py
[2025-07-16T07:37:08.047+0000] {processor.py:925} INFO - DAG(s) 'example_sensors' retrieved from /home/airflow/.local/lib/python3.12/site-packages/airflow/example_dags/example_sensors.py
[2025-07-16T07:37:08.078+0000] {logging_mixin.py:190} INFO - [2025-07-16T07:37:08.078+0000] {dag.py:3229} INFO - Sync 1 DAGs
[2025-07-16T07:37:08.093+0000] {logging_mixin.py:190} INFO - [2025-07-16T07:37:08.092+0000] {dag.py:4156} INFO - Setting next_dagrun for example_sensors to None, run_after=None
[2025-07-16T07:37:08.116+0000] {processor.py:208} INFO - Processing /home/airflow/.local/lib/python3.12/site-packages/airflow/example_dags/example_sensors.py took 0.091 seconds
[2025-07-16T07:37:38.616+0000] {processor.py:186} INFO - Started process (PID=561) to work on /home/airflow/.local/lib/python3.12/site-packages/airflow/example_dags/example_sensors.py
[2025-07-16T07:37:38.618+0000] {processor.py:914} INFO - Processing file /home/airflow/.local/lib/python3.12/site-packages/airflow/example_dags/example_sensors.py for tasks to queue
[2025-07-16T07:37:38.622+0000] {logging_mixin.py:190} INFO - [2025-07-16T07:37:38.622+0000] {dagbag.py:587} INFO - Filling up the DagBag from /home/airflow/.local/lib/python3.12/site-packages/airflow/example_dags/example_sensors.py
[2025-07-16T07:37:38.637+0000] {processor.py:925} INFO - DAG(s) 'example_sensors' retrieved from /home/airflow/.local/lib/python3.12/site-packages/airflow/example_dags/example_sensors.py
[2025-07-16T07:37:38.669+0000] {logging_mixin.py:190} INFO - [2025-07-16T07:37:38.668+0000] {dag.py:3229} INFO - Sync 1 DAGs
[2025-07-16T07:37:38.686+0000] {logging_mixin.py:190} INFO - [2025-07-16T07:37:38.686+0000] {dag.py:4156} INFO - Setting next_dagrun for example_sensors to None, run_after=None
[2025-07-16T07:37:38.723+0000] {processor.py:208} INFO - Processing /home/airflow/.local/lib/python3.12/site-packages/airflow/example_dags/example_sensors.py took 0.116 seconds
[2025-07-16T07:38:09.037+0000] {processor.py:186} INFO - Started process (PID=618) to work on /home/airflow/.local/lib/python3.12/site-packages/airflow/example_dags/example_sensors.py
[2025-07-16T07:38:09.038+0000] {processor.py:914} INFO - Processing file /home/airflow/.local/lib/python3.12/site-packages/airflow/example_dags/example_sensors.py for tasks to queue
[2025-07-16T07:38:09.040+0000] {logging_mixin.py:190} INFO - [2025-07-16T07:38:09.040+0000] {dagbag.py:587} INFO - Filling up the DagBag from /home/airflow/.local/lib/python3.12/site-packages/airflow/example_dags/example_sensors.py
[2025-07-16T07:38:09.053+0000] {processor.py:925} INFO - DAG(s) 'example_sensors' retrieved from /home/airflow/.local/lib/python3.12/site-packages/airflow/example_dags/example_sensors.py
[2025-07-16T07:38:09.084+0000] {logging_mixin.py:190} INFO - [2025-07-16T07:38:09.084+0000] {dag.py:3229} INFO - Sync 1 DAGs
[2025-07-16T07:38:09.101+0000] {logging_mixin.py:190} INFO - [2025-07-16T07:38:09.101+0000] {dag.py:4156} INFO - Setting next_dagrun for example_sensors to None, run_after=None
[2025-07-16T07:38:09.130+0000] {processor.py:208} INFO - Processing /home/airflow/.local/lib/python3.12/site-packages/airflow/example_dags/example_sensors.py took 0.100 seconds
[2025-07-16T07:38:39.971+0000] {processor.py:186} INFO - Started process (PID=675) to work on /home/airflow/.local/lib/python3.12/site-packages/airflow/example_dags/example_sensors.py
[2025-07-16T07:38:39.972+0000] {processor.py:914} INFO - Processing file /home/airflow/.local/lib/python3.12/site-packages/airflow/example_dags/example_sensors.py for tasks to queue
[2025-07-16T07:38:39.975+0000] {logging_mixin.py:190} INFO - [2025-07-16T07:38:39.975+0000] {dagbag.py:587} INFO - Filling up the DagBag from /home/airflow/.local/lib/python3.12/site-packages/airflow/example_dags/example_sensors.py
[2025-07-16T07:38:39.989+0000] {processor.py:925} INFO - DAG(s) 'example_sensors' retrieved from /home/airflow/.local/lib/python3.12/site-packages/airflow/example_dags/example_sensors.py
[2025-07-16T07:38:40.023+0000] {logging_mixin.py:190} INFO - [2025-07-16T07:38:40.023+0000] {dag.py:3229} INFO - Sync 1 DAGs
[2025-07-16T07:38:40.042+0000] {logging_mixin.py:190} INFO - [2025-07-16T07:38:40.042+0000] {dag.py:4156} INFO - Setting next_dagrun for example_sensors to None, run_after=None
[2025-07-16T07:38:40.080+0000] {processor.py:208} INFO - Processing /home/airflow/.local/lib/python3.12/site-packages/airflow/example_dags/example_sensors.py took 0.118 seconds
[2025-07-16T07:39:10.502+0000] {processor.py:186} INFO - Started process (PID=732) to work on /home/airflow/.local/lib/python3.12/site-packages/airflow/example_dags/example_sensors.py
[2025-07-16T07:39:10.504+0000] {processor.py:914} INFO - Processing file /home/airflow/.local/lib/python3.12/site-packages/airflow/example_dags/example_sensors.py for tasks to queue
[2025-07-16T07:39:10.506+0000] {logging_mixin.py:190} INFO - [2025-07-16T07:39:10.506+0000] {dagbag.py:587} INFO - Filling up the DagBag from /home/airflow/.local/lib/python3.12/site-packages/airflow/example_dags/example_sensors.py
[2025-07-16T07:39:10.517+0000] {processor.py:925} INFO - DAG(s) 'example_sensors' retrieved from /home/airflow/.local/lib/python3.12/site-packages/airflow/example_dags/example_sensors.py
[2025-07-16T07:39:10.548+0000] {logging_mixin.py:190} INFO - [2025-07-16T07:39:10.548+0000] {dag.py:3229} INFO - Sync 1 DAGs
[2025-07-16T07:39:10.563+0000] {logging_mixin.py:190} INFO - [2025-07-16T07:39:10.563+0000] {dag.py:4156} INFO - Setting next_dagrun for example_sensors to None, run_after=None
[2025-07-16T07:39:10.587+0000] {processor.py:208} INFO - Processing /home/airflow/.local/lib/python3.12/site-packages/airflow/example_dags/example_sensors.py took 0.093 seconds
[2025-07-16T07:39:41.083+0000] {processor.py:186} INFO - Started process (PID=789) to work on /home/airflow/.local/lib/python3.12/site-packages/airflow/example_dags/example_sensors.py
[2025-07-16T07:39:41.084+0000] {processor.py:914} INFO - Processing file /home/airflow/.local/lib/python3.12/site-packages/airflow/example_dags/example_sensors.py for tasks to queue
[2025-07-16T07:39:41.087+0000] {logging_mixin.py:190} INFO - [2025-07-16T07:39:41.086+0000] {dagbag.py:587} INFO - Filling up the DagBag from /home/airflow/.local/lib/python3.12/site-packages/airflow/example_dags/example_sensors.py
[2025-07-16T07:39:41.098+0000] {processor.py:925} INFO - DAG(s) 'example_sensors' retrieved from /home/airflow/.local/lib/python3.12/site-packages/airflow/example_dags/example_sensors.py
[2025-07-16T07:39:41.131+0000] {logging_mixin.py:190} INFO - [2025-07-16T07:39:41.130+0000] {dag.py:3229} INFO - Sync 1 DAGs
[2025-07-16T07:39:41.145+0000] {logging_mixin.py:190} INFO - [2025-07-16T07:39:41.145+0000] {dag.py:4156} INFO - Setting next_dagrun for example_sensors to None, run_after=None
[2025-07-16T07:39:41.171+0000] {processor.py:208} INFO - Processing /home/airflow/.local/lib/python3.12/site-packages/airflow/example_dags/example_sensors.py took 0.095 seconds
[2025-07-16T07:40:11.720+0000] {processor.py:186} INFO - Started process (PID=846) to work on /home/airflow/.local/lib/python3.12/site-packages/airflow/example_dags/example_sensors.py
[2025-07-16T07:40:11.721+0000] {processor.py:914} INFO - Processing file /home/airflow/.local/lib/python3.12/site-packages/airflow/example_dags/example_sensors.py for tasks to queue
[2025-07-16T07:40:11.725+0000] {logging_mixin.py:190} INFO - [2025-07-16T07:40:11.724+0000] {dagbag.py:587} INFO - Filling up the DagBag from /home/airflow/.local/lib/python3.12/site-packages/airflow/example_dags/example_sensors.py
[2025-07-16T07:40:11.741+0000] {processor.py:925} INFO - DAG(s) 'example_sensors' retrieved from /home/airflow/.local/lib/python3.12/site-packages/airflow/example_dags/example_sensors.py
[2025-07-16T07:40:11.788+0000] {logging_mixin.py:190} INFO - [2025-07-16T07:40:11.788+0000] {dag.py:3229} INFO - Sync 1 DAGs
[2025-07-16T07:40:11.809+0000] {logging_mixin.py:190} INFO - [2025-07-16T07:40:11.809+0000] {dag.py:4156} INFO - Setting next_dagrun for example_sensors to None, run_after=None
[2025-07-16T07:40:11.841+0000] {processor.py:208} INFO - Processing /home/airflow/.local/lib/python3.12/site-packages/airflow/example_dags/example_sensors.py took 0.130 seconds
[2025-07-16T07:40:42.417+0000] {processor.py:186} INFO - Started process (PID=903) to work on /home/airflow/.local/lib/python3.12/site-packages/airflow/example_dags/example_sensors.py
[2025-07-16T07:40:42.418+0000] {processor.py:914} INFO - Processing file /home/airflow/.local/lib/python3.12/site-packages/airflow/example_dags/example_sensors.py for tasks to queue
[2025-07-16T07:40:42.421+0000] {logging_mixin.py:190} INFO - [2025-07-16T07:40:42.421+0000] {dagbag.py:587} INFO - Filling up the DagBag from /home/airflow/.local/lib/python3.12/site-packages/airflow/example_dags/example_sensors.py
[2025-07-16T07:40:42.433+0000] {processor.py:925} INFO - DAG(s) 'example_sensors' retrieved from /home/airflow/.local/lib/python3.12/site-packages/airflow/example_dags/example_sensors.py
[2025-07-16T07:40:42.465+0000] {logging_mixin.py:190} INFO - [2025-07-16T07:40:42.465+0000] {dag.py:3229} INFO - Sync 1 DAGs
[2025-07-16T07:40:42.480+0000] {logging_mixin.py:190} INFO - [2025-07-16T07:40:42.480+0000] {dag.py:4156} INFO - Setting next_dagrun for example_sensors to None, run_after=None
[2025-07-16T07:40:42.507+0000] {processor.py:208} INFO - Processing /home/airflow/.local/lib/python3.12/site-packages/airflow/example_dags/example_sensors.py took 0.099 seconds
