[2025-07-16T07:10:18.494+0000] {processor.py:186} INFO - Started process (PID=82) to work on /home/airflow/.local/lib/python3.12/site-packages/airflow/example_dags/example_inlet_event_extra.py
[2025-07-16T07:10:18.495+0000] {processor.py:914} INFO - Processing file /home/airflow/.local/lib/python3.12/site-packages/airflow/example_dags/example_inlet_event_extra.py for tasks to queue
[2025-07-16T07:10:18.498+0000] {logging_mixin.py:190} INFO - [2025-07-16T07:10:18.497+0000] {dagbag.py:587} INFO - Filling up the DagBag from /home/airflow/.local/lib/python3.12/site-packages/airflow/example_dags/example_inlet_event_extra.py
[2025-07-16T07:10:18.652+0000] {processor.py:925} INFO - DAG(s) 'read_dataset_event_from_classic', 'read_dataset_event' retrieved from /home/airflow/.local/lib/python3.12/site-packages/airflow/example_dags/example_inlet_event_extra.py
[2025-07-16T07:10:18.701+0000] {logging_mixin.py:190} INFO - [2025-07-16T07:10:18.701+0000] {dag.py:3229} INFO - Sync 2 DAGs
[2025-07-16T07:10:18.732+0000] {logging_mixin.py:190} INFO - [2025-07-16T07:10:18.731+0000] {dag.py:4156} INFO - Setting next_dagrun for read_dataset_event to 2025-07-15 00:00:00+00:00, run_after=2025-07-16 00:00:00+00:00
[2025-07-16T07:10:18.737+0000] {logging_mixin.py:190} INFO - [2025-07-16T07:10:18.737+0000] {dag.py:4156} INFO - Setting next_dagrun for read_dataset_event_from_classic to 2025-07-15 00:00:00+00:00, run_after=2025-07-16 00:00:00+00:00
[2025-07-16T07:10:18.755+0000] {processor.py:208} INFO - Processing /home/airflow/.local/lib/python3.12/site-packages/airflow/example_dags/example_inlet_event_extra.py took 0.267 seconds
[2025-07-16T07:10:48.879+0000] {processor.py:186} INFO - Started process (PID=140) to work on /home/airflow/.local/lib/python3.12/site-packages/airflow/example_dags/example_inlet_event_extra.py
[2025-07-16T07:10:48.880+0000] {processor.py:914} INFO - Processing file /home/airflow/.local/lib/python3.12/site-packages/airflow/example_dags/example_inlet_event_extra.py for tasks to queue
[2025-07-16T07:10:48.883+0000] {logging_mixin.py:190} INFO - [2025-07-16T07:10:48.882+0000] {dagbag.py:587} INFO - Filling up the DagBag from /home/airflow/.local/lib/python3.12/site-packages/airflow/example_dags/example_inlet_event_extra.py
[2025-07-16T07:10:49.069+0000] {processor.py:925} INFO - DAG(s) 'read_dataset_event_from_classic', 'read_dataset_event' retrieved from /home/airflow/.local/lib/python3.12/site-packages/airflow/example_dags/example_inlet_event_extra.py
[2025-07-16T07:10:49.092+0000] {logging_mixin.py:190} INFO - [2025-07-16T07:10:49.091+0000] {dag.py:3229} INFO - Sync 2 DAGs
[2025-07-16T07:10:49.124+0000] {logging_mixin.py:190} INFO - [2025-07-16T07:10:49.123+0000] {dag.py:4156} INFO - Setting next_dagrun for read_dataset_event to 2025-07-15 00:00:00+00:00, run_after=2025-07-16 00:00:00+00:00
[2025-07-16T07:10:49.129+0000] {logging_mixin.py:190} INFO - [2025-07-16T07:10:49.129+0000] {dag.py:4156} INFO - Setting next_dagrun for read_dataset_event_from_classic to 2025-07-15 00:00:00+00:00, run_after=2025-07-16 00:00:00+00:00
[2025-07-16T07:10:49.159+0000] {processor.py:208} INFO - Processing /home/airflow/.local/lib/python3.12/site-packages/airflow/example_dags/example_inlet_event_extra.py took 0.287 seconds
[2025-07-16T07:11:19.406+0000] {processor.py:186} INFO - Started process (PID=196) to work on /home/airflow/.local/lib/python3.12/site-packages/airflow/example_dags/example_inlet_event_extra.py
[2025-07-16T07:11:19.407+0000] {processor.py:914} INFO - Processing file /home/airflow/.local/lib/python3.12/site-packages/airflow/example_dags/example_inlet_event_extra.py for tasks to queue
[2025-07-16T07:11:19.410+0000] {logging_mixin.py:190} INFO - [2025-07-16T07:11:19.409+0000] {dagbag.py:587} INFO - Filling up the DagBag from /home/airflow/.local/lib/python3.12/site-packages/airflow/example_dags/example_inlet_event_extra.py
[2025-07-16T07:11:19.581+0000] {processor.py:925} INFO - DAG(s) 'read_dataset_event_from_classic', 'read_dataset_event' retrieved from /home/airflow/.local/lib/python3.12/site-packages/airflow/example_dags/example_inlet_event_extra.py
[2025-07-16T07:11:19.603+0000] {logging_mixin.py:190} INFO - [2025-07-16T07:11:19.603+0000] {dag.py:3229} INFO - Sync 2 DAGs
[2025-07-16T07:11:19.634+0000] {logging_mixin.py:190} INFO - [2025-07-16T07:11:19.634+0000] {dag.py:4156} INFO - Setting next_dagrun for read_dataset_event to 2025-07-15 00:00:00+00:00, run_after=2025-07-16 00:00:00+00:00
[2025-07-16T07:11:19.639+0000] {logging_mixin.py:190} INFO - [2025-07-16T07:11:19.639+0000] {dag.py:4156} INFO - Setting next_dagrun for read_dataset_event_from_classic to 2025-07-15 00:00:00+00:00, run_after=2025-07-16 00:00:00+00:00
[2025-07-16T07:11:19.663+0000] {processor.py:208} INFO - Processing /home/airflow/.local/lib/python3.12/site-packages/airflow/example_dags/example_inlet_event_extra.py took 0.264 seconds
[2025-07-16T07:11:49.993+0000] {processor.py:186} INFO - Started process (PID=253) to work on /home/airflow/.local/lib/python3.12/site-packages/airflow/example_dags/example_inlet_event_extra.py
[2025-07-16T07:11:49.994+0000] {processor.py:914} INFO - Processing file /home/airflow/.local/lib/python3.12/site-packages/airflow/example_dags/example_inlet_event_extra.py for tasks to queue
[2025-07-16T07:11:49.996+0000] {logging_mixin.py:190} INFO - [2025-07-16T07:11:49.996+0000] {dagbag.py:587} INFO - Filling up the DagBag from /home/airflow/.local/lib/python3.12/site-packages/airflow/example_dags/example_inlet_event_extra.py
[2025-07-16T07:11:50.154+0000] {processor.py:925} INFO - DAG(s) 'read_dataset_event', 'read_dataset_event_from_classic' retrieved from /home/airflow/.local/lib/python3.12/site-packages/airflow/example_dags/example_inlet_event_extra.py
[2025-07-16T07:11:50.177+0000] {logging_mixin.py:190} INFO - [2025-07-16T07:11:50.177+0000] {dag.py:3229} INFO - Sync 2 DAGs
[2025-07-16T07:11:50.203+0000] {logging_mixin.py:190} INFO - [2025-07-16T07:11:50.203+0000] {dag.py:4156} INFO - Setting next_dagrun for read_dataset_event to 2025-07-15 00:00:00+00:00, run_after=2025-07-16 00:00:00+00:00
[2025-07-16T07:11:50.209+0000] {logging_mixin.py:190} INFO - [2025-07-16T07:11:50.209+0000] {dag.py:4156} INFO - Setting next_dagrun for read_dataset_event_from_classic to 2025-07-15 00:00:00+00:00, run_after=2025-07-16 00:00:00+00:00
[2025-07-16T07:11:50.234+0000] {processor.py:208} INFO - Processing /home/airflow/.local/lib/python3.12/site-packages/airflow/example_dags/example_inlet_event_extra.py took 0.248 seconds
[2025-07-16T07:12:20.505+0000] {processor.py:186} INFO - Started process (PID=312) to work on /home/airflow/.local/lib/python3.12/site-packages/airflow/example_dags/example_inlet_event_extra.py
[2025-07-16T07:12:20.506+0000] {processor.py:914} INFO - Processing file /home/airflow/.local/lib/python3.12/site-packages/airflow/example_dags/example_inlet_event_extra.py for tasks to queue
[2025-07-16T07:12:20.509+0000] {logging_mixin.py:190} INFO - [2025-07-16T07:12:20.508+0000] {dagbag.py:587} INFO - Filling up the DagBag from /home/airflow/.local/lib/python3.12/site-packages/airflow/example_dags/example_inlet_event_extra.py
[2025-07-16T07:12:20.667+0000] {processor.py:925} INFO - DAG(s) 'read_dataset_event', 'read_dataset_event_from_classic' retrieved from /home/airflow/.local/lib/python3.12/site-packages/airflow/example_dags/example_inlet_event_extra.py
[2025-07-16T07:12:20.693+0000] {logging_mixin.py:190} INFO - [2025-07-16T07:12:20.692+0000] {dag.py:3229} INFO - Sync 2 DAGs
[2025-07-16T07:12:20.722+0000] {logging_mixin.py:190} INFO - [2025-07-16T07:12:20.722+0000] {dag.py:4156} INFO - Setting next_dagrun for read_dataset_event to 2025-07-15 00:00:00+00:00, run_after=2025-07-16 00:00:00+00:00
[2025-07-16T07:12:20.730+0000] {logging_mixin.py:190} INFO - [2025-07-16T07:12:20.730+0000] {dag.py:4156} INFO - Setting next_dagrun for read_dataset_event_from_classic to 2025-07-15 00:00:00+00:00, run_after=2025-07-16 00:00:00+00:00
[2025-07-16T07:12:20.759+0000] {processor.py:208} INFO - Processing /home/airflow/.local/lib/python3.12/site-packages/airflow/example_dags/example_inlet_event_extra.py took 0.261 seconds
[2025-07-16T07:12:51.823+0000] {processor.py:186} INFO - Started process (PID=367) to work on /home/airflow/.local/lib/python3.12/site-packages/airflow/example_dags/example_inlet_event_extra.py
[2025-07-16T07:12:51.824+0000] {processor.py:914} INFO - Processing file /home/airflow/.local/lib/python3.12/site-packages/airflow/example_dags/example_inlet_event_extra.py for tasks to queue
[2025-07-16T07:12:51.828+0000] {logging_mixin.py:190} INFO - [2025-07-16T07:12:51.828+0000] {dagbag.py:587} INFO - Filling up the DagBag from /home/airflow/.local/lib/python3.12/site-packages/airflow/example_dags/example_inlet_event_extra.py
[2025-07-16T07:12:52.006+0000] {processor.py:925} INFO - DAG(s) 'read_dataset_event_from_classic', 'read_dataset_event' retrieved from /home/airflow/.local/lib/python3.12/site-packages/airflow/example_dags/example_inlet_event_extra.py
[2025-07-16T07:12:52.033+0000] {logging_mixin.py:190} INFO - [2025-07-16T07:12:52.033+0000] {dag.py:3229} INFO - Sync 2 DAGs
[2025-07-16T07:12:52.062+0000] {logging_mixin.py:190} INFO - [2025-07-16T07:12:52.062+0000] {dag.py:4156} INFO - Setting next_dagrun for read_dataset_event to 2025-07-15 00:00:00+00:00, run_after=2025-07-16 00:00:00+00:00
[2025-07-16T07:12:52.068+0000] {logging_mixin.py:190} INFO - [2025-07-16T07:12:52.068+0000] {dag.py:4156} INFO - Setting next_dagrun for read_dataset_event_from_classic to 2025-07-15 00:00:00+00:00, run_after=2025-07-16 00:00:00+00:00
[2025-07-16T07:12:52.095+0000] {processor.py:208} INFO - Processing /home/airflow/.local/lib/python3.12/site-packages/airflow/example_dags/example_inlet_event_extra.py took 0.279 seconds
[2025-07-16T07:13:22.557+0000] {processor.py:186} INFO - Started process (PID=424) to work on /home/airflow/.local/lib/python3.12/site-packages/airflow/example_dags/example_inlet_event_extra.py
[2025-07-16T07:13:22.559+0000] {processor.py:914} INFO - Processing file /home/airflow/.local/lib/python3.12/site-packages/airflow/example_dags/example_inlet_event_extra.py for tasks to queue
[2025-07-16T07:13:22.561+0000] {logging_mixin.py:190} INFO - [2025-07-16T07:13:22.561+0000] {dagbag.py:587} INFO - Filling up the DagBag from /home/airflow/.local/lib/python3.12/site-packages/airflow/example_dags/example_inlet_event_extra.py
[2025-07-16T07:13:22.718+0000] {processor.py:925} INFO - DAG(s) 'read_dataset_event', 'read_dataset_event_from_classic' retrieved from /home/airflow/.local/lib/python3.12/site-packages/airflow/example_dags/example_inlet_event_extra.py
[2025-07-16T07:13:22.742+0000] {logging_mixin.py:190} INFO - [2025-07-16T07:13:22.741+0000] {dag.py:3229} INFO - Sync 2 DAGs
[2025-07-16T07:13:22.768+0000] {logging_mixin.py:190} INFO - [2025-07-16T07:13:22.768+0000] {dag.py:4156} INFO - Setting next_dagrun for read_dataset_event to 2025-07-15 00:00:00+00:00, run_after=2025-07-16 00:00:00+00:00
[2025-07-16T07:13:22.774+0000] {logging_mixin.py:190} INFO - [2025-07-16T07:13:22.774+0000] {dag.py:4156} INFO - Setting next_dagrun for read_dataset_event_from_classic to 2025-07-15 00:00:00+00:00, run_after=2025-07-16 00:00:00+00:00
[2025-07-16T07:13:22.798+0000] {processor.py:208} INFO - Processing /home/airflow/.local/lib/python3.12/site-packages/airflow/example_dags/example_inlet_event_extra.py took 0.248 seconds
[2025-07-16T07:13:52.841+0000] {processor.py:186} INFO - Started process (PID=481) to work on /home/airflow/.local/lib/python3.12/site-packages/airflow/example_dags/example_inlet_event_extra.py
[2025-07-16T07:13:52.842+0000] {processor.py:914} INFO - Processing file /home/airflow/.local/lib/python3.12/site-packages/airflow/example_dags/example_inlet_event_extra.py for tasks to queue
[2025-07-16T07:13:52.845+0000] {logging_mixin.py:190} INFO - [2025-07-16T07:13:52.844+0000] {dagbag.py:587} INFO - Filling up the DagBag from /home/airflow/.local/lib/python3.12/site-packages/airflow/example_dags/example_inlet_event_extra.py
[2025-07-16T07:13:53.000+0000] {processor.py:925} INFO - DAG(s) 'read_dataset_event_from_classic', 'read_dataset_event' retrieved from /home/airflow/.local/lib/python3.12/site-packages/airflow/example_dags/example_inlet_event_extra.py
[2025-07-16T07:13:53.023+0000] {logging_mixin.py:190} INFO - [2025-07-16T07:13:53.023+0000] {dag.py:3229} INFO - Sync 2 DAGs
[2025-07-16T07:13:53.067+0000] {logging_mixin.py:190} INFO - [2025-07-16T07:13:53.067+0000] {dag.py:4156} INFO - Setting next_dagrun for read_dataset_event to 2025-07-15 00:00:00+00:00, run_after=2025-07-16 00:00:00+00:00
[2025-07-16T07:13:53.080+0000] {logging_mixin.py:190} INFO - [2025-07-16T07:13:53.080+0000] {dag.py:4156} INFO - Setting next_dagrun for read_dataset_event_from_classic to 2025-07-15 00:00:00+00:00, run_after=2025-07-16 00:00:00+00:00
[2025-07-16T07:13:53.109+0000] {processor.py:208} INFO - Processing /home/airflow/.local/lib/python3.12/site-packages/airflow/example_dags/example_inlet_event_extra.py took 0.275 seconds
[2025-07-16T07:14:23.185+0000] {processor.py:186} INFO - Started process (PID=539) to work on /home/airflow/.local/lib/python3.12/site-packages/airflow/example_dags/example_inlet_event_extra.py
[2025-07-16T07:14:23.186+0000] {processor.py:914} INFO - Processing file /home/airflow/.local/lib/python3.12/site-packages/airflow/example_dags/example_inlet_event_extra.py for tasks to queue
[2025-07-16T07:14:23.189+0000] {logging_mixin.py:190} INFO - [2025-07-16T07:14:23.189+0000] {dagbag.py:587} INFO - Filling up the DagBag from /home/airflow/.local/lib/python3.12/site-packages/airflow/example_dags/example_inlet_event_extra.py
[2025-07-16T07:14:23.350+0000] {processor.py:925} INFO - DAG(s) 'read_dataset_event', 'read_dataset_event_from_classic' retrieved from /home/airflow/.local/lib/python3.12/site-packages/airflow/example_dags/example_inlet_event_extra.py
[2025-07-16T07:14:23.373+0000] {logging_mixin.py:190} INFO - [2025-07-16T07:14:23.373+0000] {dag.py:3229} INFO - Sync 2 DAGs
[2025-07-16T07:14:23.400+0000] {logging_mixin.py:190} INFO - [2025-07-16T07:14:23.399+0000] {dag.py:4156} INFO - Setting next_dagrun for read_dataset_event to 2025-07-15 00:00:00+00:00, run_after=2025-07-16 00:00:00+00:00
[2025-07-16T07:14:23.405+0000] {logging_mixin.py:190} INFO - [2025-07-16T07:14:23.405+0000] {dag.py:4156} INFO - Setting next_dagrun for read_dataset_event_from_classic to 2025-07-15 00:00:00+00:00, run_after=2025-07-16 00:00:00+00:00
[2025-07-16T07:14:23.429+0000] {processor.py:208} INFO - Processing /home/airflow/.local/lib/python3.12/site-packages/airflow/example_dags/example_inlet_event_extra.py took 0.252 seconds
[2025-07-16T07:14:53.839+0000] {processor.py:186} INFO - Started process (PID=596) to work on /home/airflow/.local/lib/python3.12/site-packages/airflow/example_dags/example_inlet_event_extra.py
[2025-07-16T07:14:53.841+0000] {processor.py:914} INFO - Processing file /home/airflow/.local/lib/python3.12/site-packages/airflow/example_dags/example_inlet_event_extra.py for tasks to queue
[2025-07-16T07:14:53.844+0000] {logging_mixin.py:190} INFO - [2025-07-16T07:14:53.844+0000] {dagbag.py:587} INFO - Filling up the DagBag from /home/airflow/.local/lib/python3.12/site-packages/airflow/example_dags/example_inlet_event_extra.py
[2025-07-16T07:14:54.015+0000] {processor.py:925} INFO - DAG(s) 'read_dataset_event', 'read_dataset_event_from_classic' retrieved from /home/airflow/.local/lib/python3.12/site-packages/airflow/example_dags/example_inlet_event_extra.py
[2025-07-16T07:14:54.041+0000] {logging_mixin.py:190} INFO - [2025-07-16T07:14:54.041+0000] {dag.py:3229} INFO - Sync 2 DAGs
[2025-07-16T07:14:54.071+0000] {logging_mixin.py:190} INFO - [2025-07-16T07:14:54.071+0000] {dag.py:4156} INFO - Setting next_dagrun for read_dataset_event to 2025-07-15 00:00:00+00:00, run_after=2025-07-16 00:00:00+00:00
[2025-07-16T07:14:54.078+0000] {logging_mixin.py:190} INFO - [2025-07-16T07:14:54.078+0000] {dag.py:4156} INFO - Setting next_dagrun for read_dataset_event_from_classic to 2025-07-15 00:00:00+00:00, run_after=2025-07-16 00:00:00+00:00
[2025-07-16T07:14:54.100+0000] {processor.py:208} INFO - Processing /home/airflow/.local/lib/python3.12/site-packages/airflow/example_dags/example_inlet_event_extra.py took 0.268 seconds
[2025-07-16T07:15:24.650+0000] {processor.py:186} INFO - Started process (PID=655) to work on /home/airflow/.local/lib/python3.12/site-packages/airflow/example_dags/example_inlet_event_extra.py
[2025-07-16T07:15:24.651+0000] {processor.py:914} INFO - Processing file /home/airflow/.local/lib/python3.12/site-packages/airflow/example_dags/example_inlet_event_extra.py for tasks to queue
[2025-07-16T07:15:24.653+0000] {logging_mixin.py:190} INFO - [2025-07-16T07:15:24.653+0000] {dagbag.py:587} INFO - Filling up the DagBag from /home/airflow/.local/lib/python3.12/site-packages/airflow/example_dags/example_inlet_event_extra.py
[2025-07-16T07:15:24.808+0000] {processor.py:925} INFO - DAG(s) 'read_dataset_event', 'read_dataset_event_from_classic' retrieved from /home/airflow/.local/lib/python3.12/site-packages/airflow/example_dags/example_inlet_event_extra.py
[2025-07-16T07:15:24.833+0000] {logging_mixin.py:190} INFO - [2025-07-16T07:15:24.833+0000] {dag.py:3229} INFO - Sync 2 DAGs
[2025-07-16T07:15:24.882+0000] {logging_mixin.py:190} INFO - [2025-07-16T07:15:24.881+0000] {dag.py:4156} INFO - Setting next_dagrun for read_dataset_event to 2025-07-15 00:00:00+00:00, run_after=2025-07-16 00:00:00+00:00
[2025-07-16T07:15:24.897+0000] {logging_mixin.py:190} INFO - [2025-07-16T07:15:24.897+0000] {dag.py:4156} INFO - Setting next_dagrun for read_dataset_event_from_classic to 2025-07-15 00:00:00+00:00, run_after=2025-07-16 00:00:00+00:00
[2025-07-16T07:15:24.918+0000] {processor.py:208} INFO - Processing /home/airflow/.local/lib/python3.12/site-packages/airflow/example_dags/example_inlet_event_extra.py took 0.275 seconds
[2025-07-16T07:15:55.557+0000] {processor.py:186} INFO - Started process (PID=715) to work on /home/airflow/.local/lib/python3.12/site-packages/airflow/example_dags/example_inlet_event_extra.py
[2025-07-16T07:15:55.558+0000] {processor.py:914} INFO - Processing file /home/airflow/.local/lib/python3.12/site-packages/airflow/example_dags/example_inlet_event_extra.py for tasks to queue
[2025-07-16T07:15:55.561+0000] {logging_mixin.py:190} INFO - [2025-07-16T07:15:55.560+0000] {dagbag.py:587} INFO - Filling up the DagBag from /home/airflow/.local/lib/python3.12/site-packages/airflow/example_dags/example_inlet_event_extra.py
[2025-07-16T07:15:55.707+0000] {processor.py:925} INFO - DAG(s) 'read_dataset_event_from_classic', 'read_dataset_event' retrieved from /home/airflow/.local/lib/python3.12/site-packages/airflow/example_dags/example_inlet_event_extra.py
[2025-07-16T07:15:55.729+0000] {logging_mixin.py:190} INFO - [2025-07-16T07:15:55.728+0000] {dag.py:3229} INFO - Sync 2 DAGs
[2025-07-16T07:15:55.752+0000] {logging_mixin.py:190} INFO - [2025-07-16T07:15:55.752+0000] {dag.py:4156} INFO - Setting next_dagrun for read_dataset_event to 2025-07-15 00:00:00+00:00, run_after=2025-07-16 00:00:00+00:00
[2025-07-16T07:15:55.757+0000] {logging_mixin.py:190} INFO - [2025-07-16T07:15:55.757+0000] {dag.py:4156} INFO - Setting next_dagrun for read_dataset_event_from_classic to 2025-07-15 00:00:00+00:00, run_after=2025-07-16 00:00:00+00:00
[2025-07-16T07:15:55.778+0000] {processor.py:208} INFO - Processing /home/airflow/.local/lib/python3.12/site-packages/airflow/example_dags/example_inlet_event_extra.py took 0.228 seconds
[2025-07-16T07:16:26.094+0000] {processor.py:186} INFO - Started process (PID=773) to work on /home/airflow/.local/lib/python3.12/site-packages/airflow/example_dags/example_inlet_event_extra.py
[2025-07-16T07:16:26.095+0000] {processor.py:914} INFO - Processing file /home/airflow/.local/lib/python3.12/site-packages/airflow/example_dags/example_inlet_event_extra.py for tasks to queue
[2025-07-16T07:16:26.098+0000] {logging_mixin.py:190} INFO - [2025-07-16T07:16:26.098+0000] {dagbag.py:587} INFO - Filling up the DagBag from /home/airflow/.local/lib/python3.12/site-packages/airflow/example_dags/example_inlet_event_extra.py
[2025-07-16T07:16:26.277+0000] {processor.py:925} INFO - DAG(s) 'read_dataset_event', 'read_dataset_event_from_classic' retrieved from /home/airflow/.local/lib/python3.12/site-packages/airflow/example_dags/example_inlet_event_extra.py
[2025-07-16T07:16:26.299+0000] {logging_mixin.py:190} INFO - [2025-07-16T07:16:26.299+0000] {dag.py:3229} INFO - Sync 2 DAGs
[2025-07-16T07:16:26.327+0000] {logging_mixin.py:190} INFO - [2025-07-16T07:16:26.327+0000] {dag.py:4156} INFO - Setting next_dagrun for read_dataset_event to 2025-07-15 00:00:00+00:00, run_after=2025-07-16 00:00:00+00:00
[2025-07-16T07:16:26.332+0000] {logging_mixin.py:190} INFO - [2025-07-16T07:16:26.332+0000] {dag.py:4156} INFO - Setting next_dagrun for read_dataset_event_from_classic to 2025-07-15 00:00:00+00:00, run_after=2025-07-16 00:00:00+00:00
[2025-07-16T07:16:26.356+0000] {processor.py:208} INFO - Processing /home/airflow/.local/lib/python3.12/site-packages/airflow/example_dags/example_inlet_event_extra.py took 0.270 seconds
[2025-07-16T07:16:56.845+0000] {processor.py:186} INFO - Started process (PID=830) to work on /home/airflow/.local/lib/python3.12/site-packages/airflow/example_dags/example_inlet_event_extra.py
[2025-07-16T07:16:56.846+0000] {processor.py:914} INFO - Processing file /home/airflow/.local/lib/python3.12/site-packages/airflow/example_dags/example_inlet_event_extra.py for tasks to queue
[2025-07-16T07:16:56.849+0000] {logging_mixin.py:190} INFO - [2025-07-16T07:16:56.849+0000] {dagbag.py:587} INFO - Filling up the DagBag from /home/airflow/.local/lib/python3.12/site-packages/airflow/example_dags/example_inlet_event_extra.py
[2025-07-16T07:16:57.013+0000] {processor.py:925} INFO - DAG(s) 'read_dataset_event_from_classic', 'read_dataset_event' retrieved from /home/airflow/.local/lib/python3.12/site-packages/airflow/example_dags/example_inlet_event_extra.py
[2025-07-16T07:16:57.036+0000] {logging_mixin.py:190} INFO - [2025-07-16T07:16:57.036+0000] {dag.py:3229} INFO - Sync 2 DAGs
[2025-07-16T07:16:57.066+0000] {logging_mixin.py:190} INFO - [2025-07-16T07:16:57.065+0000] {dag.py:4156} INFO - Setting next_dagrun for read_dataset_event to 2025-07-15 00:00:00+00:00, run_after=2025-07-16 00:00:00+00:00
[2025-07-16T07:16:57.072+0000] {logging_mixin.py:190} INFO - [2025-07-16T07:16:57.071+0000] {dag.py:4156} INFO - Setting next_dagrun for read_dataset_event_from_classic to 2025-07-15 00:00:00+00:00, run_after=2025-07-16 00:00:00+00:00
[2025-07-16T07:16:57.094+0000] {processor.py:208} INFO - Processing /home/airflow/.local/lib/python3.12/site-packages/airflow/example_dags/example_inlet_event_extra.py took 0.258 seconds
[2025-07-16T07:17:27.281+0000] {processor.py:186} INFO - Started process (PID=885) to work on /home/airflow/.local/lib/python3.12/site-packages/airflow/example_dags/example_inlet_event_extra.py
[2025-07-16T07:17:27.283+0000] {processor.py:914} INFO - Processing file /home/airflow/.local/lib/python3.12/site-packages/airflow/example_dags/example_inlet_event_extra.py for tasks to queue
[2025-07-16T07:17:27.286+0000] {logging_mixin.py:190} INFO - [2025-07-16T07:17:27.285+0000] {dagbag.py:587} INFO - Filling up the DagBag from /home/airflow/.local/lib/python3.12/site-packages/airflow/example_dags/example_inlet_event_extra.py
[2025-07-16T07:17:27.447+0000] {processor.py:925} INFO - DAG(s) 'read_dataset_event_from_classic', 'read_dataset_event' retrieved from /home/airflow/.local/lib/python3.12/site-packages/airflow/example_dags/example_inlet_event_extra.py
[2025-07-16T07:17:27.468+0000] {logging_mixin.py:190} INFO - [2025-07-16T07:17:27.468+0000] {dag.py:3229} INFO - Sync 2 DAGs
[2025-07-16T07:17:27.494+0000] {logging_mixin.py:190} INFO - [2025-07-16T07:17:27.494+0000] {dag.py:4156} INFO - Setting next_dagrun for read_dataset_event to 2025-07-15 00:00:00+00:00, run_after=2025-07-16 00:00:00+00:00
[2025-07-16T07:17:27.501+0000] {logging_mixin.py:190} INFO - [2025-07-16T07:17:27.500+0000] {dag.py:4156} INFO - Setting next_dagrun for read_dataset_event_from_classic to 2025-07-15 00:00:00+00:00, run_after=2025-07-16 00:00:00+00:00
[2025-07-16T07:17:27.520+0000] {processor.py:208} INFO - Processing /home/airflow/.local/lib/python3.12/site-packages/airflow/example_dags/example_inlet_event_extra.py took 0.254 seconds
[2025-07-16T07:17:58.005+0000] {processor.py:186} INFO - Started process (PID=941) to work on /home/airflow/.local/lib/python3.12/site-packages/airflow/example_dags/example_inlet_event_extra.py
[2025-07-16T07:17:58.006+0000] {processor.py:914} INFO - Processing file /home/airflow/.local/lib/python3.12/site-packages/airflow/example_dags/example_inlet_event_extra.py for tasks to queue
[2025-07-16T07:17:58.009+0000] {logging_mixin.py:190} INFO - [2025-07-16T07:17:58.008+0000] {dagbag.py:587} INFO - Filling up the DagBag from /home/airflow/.local/lib/python3.12/site-packages/airflow/example_dags/example_inlet_event_extra.py
[2025-07-16T07:17:58.283+0000] {processor.py:925} INFO - DAG(s) 'read_dataset_event_from_classic', 'read_dataset_event' retrieved from /home/airflow/.local/lib/python3.12/site-packages/airflow/example_dags/example_inlet_event_extra.py
[2025-07-16T07:17:58.308+0000] {logging_mixin.py:190} INFO - [2025-07-16T07:17:58.308+0000] {dag.py:3229} INFO - Sync 2 DAGs
[2025-07-16T07:17:58.335+0000] {logging_mixin.py:190} INFO - [2025-07-16T07:17:58.335+0000] {dag.py:4156} INFO - Setting next_dagrun for read_dataset_event to 2025-07-15 00:00:00+00:00, run_after=2025-07-16 00:00:00+00:00
[2025-07-16T07:17:58.341+0000] {logging_mixin.py:190} INFO - [2025-07-16T07:17:58.341+0000] {dag.py:4156} INFO - Setting next_dagrun for read_dataset_event_from_classic to 2025-07-15 00:00:00+00:00, run_after=2025-07-16 00:00:00+00:00
[2025-07-16T07:17:58.361+0000] {processor.py:208} INFO - Processing /home/airflow/.local/lib/python3.12/site-packages/airflow/example_dags/example_inlet_event_extra.py took 0.364 seconds
[2025-07-16T07:18:28.510+0000] {processor.py:186} INFO - Started process (PID=994) to work on /home/airflow/.local/lib/python3.12/site-packages/airflow/example_dags/example_inlet_event_extra.py
[2025-07-16T07:18:28.511+0000] {processor.py:914} INFO - Processing file /home/airflow/.local/lib/python3.12/site-packages/airflow/example_dags/example_inlet_event_extra.py for tasks to queue
[2025-07-16T07:18:28.514+0000] {logging_mixin.py:190} INFO - [2025-07-16T07:18:28.514+0000] {dagbag.py:587} INFO - Filling up the DagBag from /home/airflow/.local/lib/python3.12/site-packages/airflow/example_dags/example_inlet_event_extra.py
[2025-07-16T07:18:28.683+0000] {processor.py:925} INFO - DAG(s) 'read_dataset_event', 'read_dataset_event_from_classic' retrieved from /home/airflow/.local/lib/python3.12/site-packages/airflow/example_dags/example_inlet_event_extra.py
[2025-07-16T07:18:28.709+0000] {logging_mixin.py:190} INFO - [2025-07-16T07:18:28.709+0000] {dag.py:3229} INFO - Sync 2 DAGs
[2025-07-16T07:18:28.736+0000] {logging_mixin.py:190} INFO - [2025-07-16T07:18:28.736+0000] {dag.py:4156} INFO - Setting next_dagrun for read_dataset_event to 2025-07-15 00:00:00+00:00, run_after=2025-07-16 00:00:00+00:00
[2025-07-16T07:18:28.742+0000] {logging_mixin.py:190} INFO - [2025-07-16T07:18:28.742+0000] {dag.py:4156} INFO - Setting next_dagrun for read_dataset_event_from_classic to 2025-07-15 00:00:00+00:00, run_after=2025-07-16 00:00:00+00:00
[2025-07-16T07:18:28.764+0000] {processor.py:208} INFO - Processing /home/airflow/.local/lib/python3.12/site-packages/airflow/example_dags/example_inlet_event_extra.py took 0.262 seconds
[2025-07-16T07:18:59.028+0000] {processor.py:186} INFO - Started process (PID=1051) to work on /home/airflow/.local/lib/python3.12/site-packages/airflow/example_dags/example_inlet_event_extra.py
[2025-07-16T07:18:59.029+0000] {processor.py:914} INFO - Processing file /home/airflow/.local/lib/python3.12/site-packages/airflow/example_dags/example_inlet_event_extra.py for tasks to queue
[2025-07-16T07:18:59.031+0000] {logging_mixin.py:190} INFO - [2025-07-16T07:18:59.031+0000] {dagbag.py:587} INFO - Filling up the DagBag from /home/airflow/.local/lib/python3.12/site-packages/airflow/example_dags/example_inlet_event_extra.py
[2025-07-16T07:18:59.189+0000] {processor.py:925} INFO - DAG(s) 'read_dataset_event', 'read_dataset_event_from_classic' retrieved from /home/airflow/.local/lib/python3.12/site-packages/airflow/example_dags/example_inlet_event_extra.py
[2025-07-16T07:18:59.214+0000] {logging_mixin.py:190} INFO - [2025-07-16T07:18:59.214+0000] {dag.py:3229} INFO - Sync 2 DAGs
[2025-07-16T07:18:59.240+0000] {logging_mixin.py:190} INFO - [2025-07-16T07:18:59.240+0000] {dag.py:4156} INFO - Setting next_dagrun for read_dataset_event to 2025-07-15 00:00:00+00:00, run_after=2025-07-16 00:00:00+00:00
[2025-07-16T07:18:59.246+0000] {logging_mixin.py:190} INFO - [2025-07-16T07:18:59.246+0000] {dag.py:4156} INFO - Setting next_dagrun for read_dataset_event_from_classic to 2025-07-15 00:00:00+00:00, run_after=2025-07-16 00:00:00+00:00
[2025-07-16T07:18:59.266+0000] {processor.py:208} INFO - Processing /home/airflow/.local/lib/python3.12/site-packages/airflow/example_dags/example_inlet_event_extra.py took 0.245 seconds
[2025-07-16T07:19:29.635+0000] {processor.py:186} INFO - Started process (PID=1109) to work on /home/airflow/.local/lib/python3.12/site-packages/airflow/example_dags/example_inlet_event_extra.py
[2025-07-16T07:19:29.636+0000] {processor.py:914} INFO - Processing file /home/airflow/.local/lib/python3.12/site-packages/airflow/example_dags/example_inlet_event_extra.py for tasks to queue
[2025-07-16T07:19:29.639+0000] {logging_mixin.py:190} INFO - [2025-07-16T07:19:29.639+0000] {dagbag.py:587} INFO - Filling up the DagBag from /home/airflow/.local/lib/python3.12/site-packages/airflow/example_dags/example_inlet_event_extra.py
[2025-07-16T07:19:29.798+0000] {processor.py:925} INFO - DAG(s) 'read_dataset_event_from_classic', 'read_dataset_event' retrieved from /home/airflow/.local/lib/python3.12/site-packages/airflow/example_dags/example_inlet_event_extra.py
[2025-07-16T07:19:29.828+0000] {logging_mixin.py:190} INFO - [2025-07-16T07:19:29.828+0000] {dag.py:3229} INFO - Sync 2 DAGs
[2025-07-16T07:19:29.859+0000] {logging_mixin.py:190} INFO - [2025-07-16T07:19:29.858+0000] {dag.py:4156} INFO - Setting next_dagrun for read_dataset_event to 2025-07-15 00:00:00+00:00, run_after=2025-07-16 00:00:00+00:00
[2025-07-16T07:19:29.864+0000] {logging_mixin.py:190} INFO - [2025-07-16T07:19:29.864+0000] {dag.py:4156} INFO - Setting next_dagrun for read_dataset_event_from_classic to 2025-07-15 00:00:00+00:00, run_after=2025-07-16 00:00:00+00:00
[2025-07-16T07:19:29.890+0000] {processor.py:208} INFO - Processing /home/airflow/.local/lib/python3.12/site-packages/airflow/example_dags/example_inlet_event_extra.py took 0.262 seconds
[2025-07-16T07:19:59.965+0000] {processor.py:186} INFO - Started process (PID=1165) to work on /home/airflow/.local/lib/python3.12/site-packages/airflow/example_dags/example_inlet_event_extra.py
[2025-07-16T07:19:59.966+0000] {processor.py:914} INFO - Processing file /home/airflow/.local/lib/python3.12/site-packages/airflow/example_dags/example_inlet_event_extra.py for tasks to queue
[2025-07-16T07:19:59.968+0000] {logging_mixin.py:190} INFO - [2025-07-16T07:19:59.968+0000] {dagbag.py:587} INFO - Filling up the DagBag from /home/airflow/.local/lib/python3.12/site-packages/airflow/example_dags/example_inlet_event_extra.py
[2025-07-16T07:20:00.120+0000] {processor.py:925} INFO - DAG(s) 'read_dataset_event_from_classic', 'read_dataset_event' retrieved from /home/airflow/.local/lib/python3.12/site-packages/airflow/example_dags/example_inlet_event_extra.py
[2025-07-16T07:20:00.145+0000] {logging_mixin.py:190} INFO - [2025-07-16T07:20:00.145+0000] {dag.py:3229} INFO - Sync 2 DAGs
[2025-07-16T07:20:00.170+0000] {logging_mixin.py:190} INFO - [2025-07-16T07:20:00.170+0000] {dag.py:4156} INFO - Setting next_dagrun for read_dataset_event to 2025-07-15 00:00:00+00:00, run_after=2025-07-16 00:00:00+00:00
[2025-07-16T07:20:00.175+0000] {logging_mixin.py:190} INFO - [2025-07-16T07:20:00.175+0000] {dag.py:4156} INFO - Setting next_dagrun for read_dataset_event_from_classic to 2025-07-15 00:00:00+00:00, run_after=2025-07-16 00:00:00+00:00
[2025-07-16T07:20:00.196+0000] {processor.py:208} INFO - Processing /home/airflow/.local/lib/python3.12/site-packages/airflow/example_dags/example_inlet_event_extra.py took 0.238 seconds
[2025-07-16T07:20:30.440+0000] {processor.py:186} INFO - Started process (PID=1222) to work on /home/airflow/.local/lib/python3.12/site-packages/airflow/example_dags/example_inlet_event_extra.py
[2025-07-16T07:20:30.442+0000] {processor.py:914} INFO - Processing file /home/airflow/.local/lib/python3.12/site-packages/airflow/example_dags/example_inlet_event_extra.py for tasks to queue
[2025-07-16T07:20:30.445+0000] {logging_mixin.py:190} INFO - [2025-07-16T07:20:30.444+0000] {dagbag.py:587} INFO - Filling up the DagBag from /home/airflow/.local/lib/python3.12/site-packages/airflow/example_dags/example_inlet_event_extra.py
[2025-07-16T07:20:30.660+0000] {processor.py:925} INFO - DAG(s) 'read_dataset_event', 'read_dataset_event_from_classic' retrieved from /home/airflow/.local/lib/python3.12/site-packages/airflow/example_dags/example_inlet_event_extra.py
[2025-07-16T07:20:30.688+0000] {logging_mixin.py:190} INFO - [2025-07-16T07:20:30.687+0000] {dag.py:3229} INFO - Sync 2 DAGs
[2025-07-16T07:20:30.720+0000] {logging_mixin.py:190} INFO - [2025-07-16T07:20:30.720+0000] {dag.py:4156} INFO - Setting next_dagrun for read_dataset_event to 2025-07-15 00:00:00+00:00, run_after=2025-07-16 00:00:00+00:00
[2025-07-16T07:20:30.726+0000] {logging_mixin.py:190} INFO - [2025-07-16T07:20:30.725+0000] {dag.py:4156} INFO - Setting next_dagrun for read_dataset_event_from_classic to 2025-07-15 00:00:00+00:00, run_after=2025-07-16 00:00:00+00:00
[2025-07-16T07:20:30.751+0000] {processor.py:208} INFO - Processing /home/airflow/.local/lib/python3.12/site-packages/airflow/example_dags/example_inlet_event_extra.py took 0.320 seconds
[2025-07-16T07:21:01.415+0000] {processor.py:186} INFO - Started process (PID=1279) to work on /home/airflow/.local/lib/python3.12/site-packages/airflow/example_dags/example_inlet_event_extra.py
[2025-07-16T07:21:01.416+0000] {processor.py:914} INFO - Processing file /home/airflow/.local/lib/python3.12/site-packages/airflow/example_dags/example_inlet_event_extra.py for tasks to queue
[2025-07-16T07:21:01.418+0000] {logging_mixin.py:190} INFO - [2025-07-16T07:21:01.418+0000] {dagbag.py:587} INFO - Filling up the DagBag from /home/airflow/.local/lib/python3.12/site-packages/airflow/example_dags/example_inlet_event_extra.py
[2025-07-16T07:21:01.591+0000] {processor.py:925} INFO - DAG(s) 'read_dataset_event_from_classic', 'read_dataset_event' retrieved from /home/airflow/.local/lib/python3.12/site-packages/airflow/example_dags/example_inlet_event_extra.py
[2025-07-16T07:21:01.617+0000] {logging_mixin.py:190} INFO - [2025-07-16T07:21:01.617+0000] {dag.py:3229} INFO - Sync 2 DAGs
[2025-07-16T07:21:01.645+0000] {logging_mixin.py:190} INFO - [2025-07-16T07:21:01.645+0000] {dag.py:4156} INFO - Setting next_dagrun for read_dataset_event to 2025-07-15 00:00:00+00:00, run_after=2025-07-16 00:00:00+00:00
[2025-07-16T07:21:01.652+0000] {logging_mixin.py:190} INFO - [2025-07-16T07:21:01.651+0000] {dag.py:4156} INFO - Setting next_dagrun for read_dataset_event_from_classic to 2025-07-15 00:00:00+00:00, run_after=2025-07-16 00:00:00+00:00
[2025-07-16T07:21:01.675+0000] {processor.py:208} INFO - Processing /home/airflow/.local/lib/python3.12/site-packages/airflow/example_dags/example_inlet_event_extra.py took 0.268 seconds
[2025-07-16T07:21:32.166+0000] {processor.py:186} INFO - Started process (PID=1336) to work on /home/airflow/.local/lib/python3.12/site-packages/airflow/example_dags/example_inlet_event_extra.py
[2025-07-16T07:21:32.167+0000] {processor.py:914} INFO - Processing file /home/airflow/.local/lib/python3.12/site-packages/airflow/example_dags/example_inlet_event_extra.py for tasks to queue
[2025-07-16T07:21:32.169+0000] {logging_mixin.py:190} INFO - [2025-07-16T07:21:32.169+0000] {dagbag.py:587} INFO - Filling up the DagBag from /home/airflow/.local/lib/python3.12/site-packages/airflow/example_dags/example_inlet_event_extra.py
[2025-07-16T07:21:32.305+0000] {processor.py:925} INFO - DAG(s) 'read_dataset_event', 'read_dataset_event_from_classic' retrieved from /home/airflow/.local/lib/python3.12/site-packages/airflow/example_dags/example_inlet_event_extra.py
[2025-07-16T07:21:32.328+0000] {logging_mixin.py:190} INFO - [2025-07-16T07:21:32.328+0000] {dag.py:3229} INFO - Sync 2 DAGs
[2025-07-16T07:21:32.352+0000] {logging_mixin.py:190} INFO - [2025-07-16T07:21:32.352+0000] {dag.py:4156} INFO - Setting next_dagrun for read_dataset_event to 2025-07-15 00:00:00+00:00, run_after=2025-07-16 00:00:00+00:00
[2025-07-16T07:21:32.357+0000] {logging_mixin.py:190} INFO - [2025-07-16T07:21:32.357+0000] {dag.py:4156} INFO - Setting next_dagrun for read_dataset_event_from_classic to 2025-07-15 00:00:00+00:00, run_after=2025-07-16 00:00:00+00:00
[2025-07-16T07:21:32.378+0000] {processor.py:208} INFO - Processing /home/airflow/.local/lib/python3.12/site-packages/airflow/example_dags/example_inlet_event_extra.py took 0.219 seconds
[2025-07-16T07:22:03.010+0000] {processor.py:186} INFO - Started process (PID=1393) to work on /home/airflow/.local/lib/python3.12/site-packages/airflow/example_dags/example_inlet_event_extra.py
[2025-07-16T07:22:03.011+0000] {processor.py:914} INFO - Processing file /home/airflow/.local/lib/python3.12/site-packages/airflow/example_dags/example_inlet_event_extra.py for tasks to queue
[2025-07-16T07:22:03.014+0000] {logging_mixin.py:190} INFO - [2025-07-16T07:22:03.013+0000] {dagbag.py:587} INFO - Filling up the DagBag from /home/airflow/.local/lib/python3.12/site-packages/airflow/example_dags/example_inlet_event_extra.py
[2025-07-16T07:22:03.177+0000] {processor.py:925} INFO - DAG(s) 'read_dataset_event_from_classic', 'read_dataset_event' retrieved from /home/airflow/.local/lib/python3.12/site-packages/airflow/example_dags/example_inlet_event_extra.py
[2025-07-16T07:22:03.200+0000] {logging_mixin.py:190} INFO - [2025-07-16T07:22:03.200+0000] {dag.py:3229} INFO - Sync 2 DAGs
[2025-07-16T07:22:03.231+0000] {logging_mixin.py:190} INFO - [2025-07-16T07:22:03.231+0000] {dag.py:4156} INFO - Setting next_dagrun for read_dataset_event to 2025-07-15 00:00:00+00:00, run_after=2025-07-16 00:00:00+00:00
[2025-07-16T07:22:03.236+0000] {logging_mixin.py:190} INFO - [2025-07-16T07:22:03.236+0000] {dag.py:4156} INFO - Setting next_dagrun for read_dataset_event_from_classic to 2025-07-15 00:00:00+00:00, run_after=2025-07-16 00:00:00+00:00
[2025-07-16T07:22:03.261+0000] {processor.py:208} INFO - Processing /home/airflow/.local/lib/python3.12/site-packages/airflow/example_dags/example_inlet_event_extra.py took 0.258 seconds
[2025-07-16T07:22:33.805+0000] {processor.py:186} INFO - Started process (PID=1450) to work on /home/airflow/.local/lib/python3.12/site-packages/airflow/example_dags/example_inlet_event_extra.py
[2025-07-16T07:22:33.806+0000] {processor.py:914} INFO - Processing file /home/airflow/.local/lib/python3.12/site-packages/airflow/example_dags/example_inlet_event_extra.py for tasks to queue
[2025-07-16T07:22:33.809+0000] {logging_mixin.py:190} INFO - [2025-07-16T07:22:33.809+0000] {dagbag.py:587} INFO - Filling up the DagBag from /home/airflow/.local/lib/python3.12/site-packages/airflow/example_dags/example_inlet_event_extra.py
[2025-07-16T07:22:34.002+0000] {processor.py:925} INFO - DAG(s) 'read_dataset_event', 'read_dataset_event_from_classic' retrieved from /home/airflow/.local/lib/python3.12/site-packages/airflow/example_dags/example_inlet_event_extra.py
[2025-07-16T07:22:34.024+0000] {logging_mixin.py:190} INFO - [2025-07-16T07:22:34.024+0000] {dag.py:3229} INFO - Sync 2 DAGs
[2025-07-16T07:22:34.054+0000] {logging_mixin.py:190} INFO - [2025-07-16T07:22:34.053+0000] {dag.py:4156} INFO - Setting next_dagrun for read_dataset_event to 2025-07-15 00:00:00+00:00, run_after=2025-07-16 00:00:00+00:00
[2025-07-16T07:22:34.061+0000] {logging_mixin.py:190} INFO - [2025-07-16T07:22:34.061+0000] {dag.py:4156} INFO - Setting next_dagrun for read_dataset_event_from_classic to 2025-07-15 00:00:00+00:00, run_after=2025-07-16 00:00:00+00:00
[2025-07-16T07:22:34.257+0000] {processor.py:208} INFO - Processing /home/airflow/.local/lib/python3.12/site-packages/airflow/example_dags/example_inlet_event_extra.py took 0.459 seconds
[2025-07-16T07:23:04.931+0000] {processor.py:186} INFO - Started process (PID=1507) to work on /home/airflow/.local/lib/python3.12/site-packages/airflow/example_dags/example_inlet_event_extra.py
[2025-07-16T07:23:04.932+0000] {processor.py:914} INFO - Processing file /home/airflow/.local/lib/python3.12/site-packages/airflow/example_dags/example_inlet_event_extra.py for tasks to queue
[2025-07-16T07:23:04.936+0000] {logging_mixin.py:190} INFO - [2025-07-16T07:23:04.935+0000] {dagbag.py:587} INFO - Filling up the DagBag from /home/airflow/.local/lib/python3.12/site-packages/airflow/example_dags/example_inlet_event_extra.py
[2025-07-16T07:23:05.090+0000] {processor.py:925} INFO - DAG(s) 'read_dataset_event_from_classic', 'read_dataset_event' retrieved from /home/airflow/.local/lib/python3.12/site-packages/airflow/example_dags/example_inlet_event_extra.py
[2025-07-16T07:23:05.110+0000] {logging_mixin.py:190} INFO - [2025-07-16T07:23:05.109+0000] {dag.py:3229} INFO - Sync 2 DAGs
[2025-07-16T07:23:05.135+0000] {logging_mixin.py:190} INFO - [2025-07-16T07:23:05.135+0000] {dag.py:4156} INFO - Setting next_dagrun for read_dataset_event to 2025-07-15 00:00:00+00:00, run_after=2025-07-16 00:00:00+00:00
[2025-07-16T07:23:05.141+0000] {logging_mixin.py:190} INFO - [2025-07-16T07:23:05.140+0000] {dag.py:4156} INFO - Setting next_dagrun for read_dataset_event_from_classic to 2025-07-15 00:00:00+00:00, run_after=2025-07-16 00:00:00+00:00
[2025-07-16T07:23:05.164+0000] {processor.py:208} INFO - Processing /home/airflow/.local/lib/python3.12/site-packages/airflow/example_dags/example_inlet_event_extra.py took 0.238 seconds
[2025-07-16T07:23:36.114+0000] {processor.py:186} INFO - Started process (PID=1564) to work on /home/airflow/.local/lib/python3.12/site-packages/airflow/example_dags/example_inlet_event_extra.py
[2025-07-16T07:23:36.115+0000] {processor.py:914} INFO - Processing file /home/airflow/.local/lib/python3.12/site-packages/airflow/example_dags/example_inlet_event_extra.py for tasks to queue
[2025-07-16T07:23:36.118+0000] {logging_mixin.py:190} INFO - [2025-07-16T07:23:36.117+0000] {dagbag.py:587} INFO - Filling up the DagBag from /home/airflow/.local/lib/python3.12/site-packages/airflow/example_dags/example_inlet_event_extra.py
[2025-07-16T07:23:36.273+0000] {processor.py:925} INFO - DAG(s) 'read_dataset_event_from_classic', 'read_dataset_event' retrieved from /home/airflow/.local/lib/python3.12/site-packages/airflow/example_dags/example_inlet_event_extra.py
[2025-07-16T07:23:36.297+0000] {logging_mixin.py:190} INFO - [2025-07-16T07:23:36.297+0000] {dag.py:3229} INFO - Sync 2 DAGs
[2025-07-16T07:23:36.325+0000] {logging_mixin.py:190} INFO - [2025-07-16T07:23:36.325+0000] {dag.py:4156} INFO - Setting next_dagrun for read_dataset_event to 2025-07-15 00:00:00+00:00, run_after=2025-07-16 00:00:00+00:00
[2025-07-16T07:23:36.330+0000] {logging_mixin.py:190} INFO - [2025-07-16T07:23:36.330+0000] {dag.py:4156} INFO - Setting next_dagrun for read_dataset_event_from_classic to 2025-07-15 00:00:00+00:00, run_after=2025-07-16 00:00:00+00:00
[2025-07-16T07:23:36.355+0000] {processor.py:208} INFO - Processing /home/airflow/.local/lib/python3.12/site-packages/airflow/example_dags/example_inlet_event_extra.py took 0.247 seconds
[2025-07-16T07:24:06.519+0000] {processor.py:186} INFO - Started process (PID=1621) to work on /home/airflow/.local/lib/python3.12/site-packages/airflow/example_dags/example_inlet_event_extra.py
[2025-07-16T07:24:06.520+0000] {processor.py:914} INFO - Processing file /home/airflow/.local/lib/python3.12/site-packages/airflow/example_dags/example_inlet_event_extra.py for tasks to queue
[2025-07-16T07:24:06.523+0000] {logging_mixin.py:190} INFO - [2025-07-16T07:24:06.522+0000] {dagbag.py:587} INFO - Filling up the DagBag from /home/airflow/.local/lib/python3.12/site-packages/airflow/example_dags/example_inlet_event_extra.py
[2025-07-16T07:24:06.714+0000] {processor.py:925} INFO - DAG(s) 'read_dataset_event_from_classic', 'read_dataset_event' retrieved from /home/airflow/.local/lib/python3.12/site-packages/airflow/example_dags/example_inlet_event_extra.py
[2025-07-16T07:24:06.737+0000] {logging_mixin.py:190} INFO - [2025-07-16T07:24:06.737+0000] {dag.py:3229} INFO - Sync 2 DAGs
[2025-07-16T07:24:06.764+0000] {logging_mixin.py:190} INFO - [2025-07-16T07:24:06.764+0000] {dag.py:4156} INFO - Setting next_dagrun for read_dataset_event to 2025-07-15 00:00:00+00:00, run_after=2025-07-16 00:00:00+00:00
[2025-07-16T07:24:06.772+0000] {logging_mixin.py:190} INFO - [2025-07-16T07:24:06.772+0000] {dag.py:4156} INFO - Setting next_dagrun for read_dataset_event_from_classic to 2025-07-15 00:00:00+00:00, run_after=2025-07-16 00:00:00+00:00
[2025-07-16T07:24:06.797+0000] {processor.py:208} INFO - Processing /home/airflow/.local/lib/python3.12/site-packages/airflow/example_dags/example_inlet_event_extra.py took 0.285 seconds
[2025-07-16T07:24:37.501+0000] {processor.py:186} INFO - Started process (PID=1679) to work on /home/airflow/.local/lib/python3.12/site-packages/airflow/example_dags/example_inlet_event_extra.py
[2025-07-16T07:24:37.502+0000] {processor.py:914} INFO - Processing file /home/airflow/.local/lib/python3.12/site-packages/airflow/example_dags/example_inlet_event_extra.py for tasks to queue
[2025-07-16T07:24:37.506+0000] {logging_mixin.py:190} INFO - [2025-07-16T07:24:37.505+0000] {dagbag.py:587} INFO - Filling up the DagBag from /home/airflow/.local/lib/python3.12/site-packages/airflow/example_dags/example_inlet_event_extra.py
[2025-07-16T07:24:37.671+0000] {processor.py:925} INFO - DAG(s) 'read_dataset_event_from_classic', 'read_dataset_event' retrieved from /home/airflow/.local/lib/python3.12/site-packages/airflow/example_dags/example_inlet_event_extra.py
[2025-07-16T07:24:37.692+0000] {logging_mixin.py:190} INFO - [2025-07-16T07:24:37.692+0000] {dag.py:3229} INFO - Sync 2 DAGs
[2025-07-16T07:24:37.723+0000] {logging_mixin.py:190} INFO - [2025-07-16T07:24:37.722+0000] {dag.py:4156} INFO - Setting next_dagrun for read_dataset_event to 2025-07-15 00:00:00+00:00, run_after=2025-07-16 00:00:00+00:00
[2025-07-16T07:24:37.728+0000] {logging_mixin.py:190} INFO - [2025-07-16T07:24:37.728+0000] {dag.py:4156} INFO - Setting next_dagrun for read_dataset_event_from_classic to 2025-07-15 00:00:00+00:00, run_after=2025-07-16 00:00:00+00:00
[2025-07-16T07:24:37.752+0000] {processor.py:208} INFO - Processing /home/airflow/.local/lib/python3.12/site-packages/airflow/example_dags/example_inlet_event_extra.py took 0.257 seconds
[2025-07-16T07:25:08.570+0000] {processor.py:186} INFO - Started process (PID=1735) to work on /home/airflow/.local/lib/python3.12/site-packages/airflow/example_dags/example_inlet_event_extra.py
[2025-07-16T07:25:08.571+0000] {processor.py:914} INFO - Processing file /home/airflow/.local/lib/python3.12/site-packages/airflow/example_dags/example_inlet_event_extra.py for tasks to queue
[2025-07-16T07:25:08.574+0000] {logging_mixin.py:190} INFO - [2025-07-16T07:25:08.574+0000] {dagbag.py:587} INFO - Filling up the DagBag from /home/airflow/.local/lib/python3.12/site-packages/airflow/example_dags/example_inlet_event_extra.py
[2025-07-16T07:25:08.728+0000] {processor.py:925} INFO - DAG(s) 'read_dataset_event', 'read_dataset_event_from_classic' retrieved from /home/airflow/.local/lib/python3.12/site-packages/airflow/example_dags/example_inlet_event_extra.py
[2025-07-16T07:25:08.751+0000] {logging_mixin.py:190} INFO - [2025-07-16T07:25:08.751+0000] {dag.py:3229} INFO - Sync 2 DAGs
[2025-07-16T07:25:08.775+0000] {logging_mixin.py:190} INFO - [2025-07-16T07:25:08.775+0000] {dag.py:4156} INFO - Setting next_dagrun for read_dataset_event to 2025-07-15 00:00:00+00:00, run_after=2025-07-16 00:00:00+00:00
[2025-07-16T07:25:08.781+0000] {logging_mixin.py:190} INFO - [2025-07-16T07:25:08.780+0000] {dag.py:4156} INFO - Setting next_dagrun for read_dataset_event_from_classic to 2025-07-15 00:00:00+00:00, run_after=2025-07-16 00:00:00+00:00
[2025-07-16T07:25:08.799+0000] {processor.py:208} INFO - Processing /home/airflow/.local/lib/python3.12/site-packages/airflow/example_dags/example_inlet_event_extra.py took 0.236 seconds
[2025-07-16T07:25:39.666+0000] {processor.py:186} INFO - Started process (PID=1792) to work on /home/airflow/.local/lib/python3.12/site-packages/airflow/example_dags/example_inlet_event_extra.py
[2025-07-16T07:25:39.667+0000] {processor.py:914} INFO - Processing file /home/airflow/.local/lib/python3.12/site-packages/airflow/example_dags/example_inlet_event_extra.py for tasks to queue
[2025-07-16T07:25:39.670+0000] {logging_mixin.py:190} INFO - [2025-07-16T07:25:39.669+0000] {dagbag.py:587} INFO - Filling up the DagBag from /home/airflow/.local/lib/python3.12/site-packages/airflow/example_dags/example_inlet_event_extra.py
[2025-07-16T07:25:39.819+0000] {processor.py:925} INFO - DAG(s) 'read_dataset_event_from_classic', 'read_dataset_event' retrieved from /home/airflow/.local/lib/python3.12/site-packages/airflow/example_dags/example_inlet_event_extra.py
[2025-07-16T07:25:40.018+0000] {logging_mixin.py:190} INFO - [2025-07-16T07:25:40.018+0000] {dag.py:3229} INFO - Sync 2 DAGs
[2025-07-16T07:25:40.042+0000] {logging_mixin.py:190} INFO - [2025-07-16T07:25:40.042+0000] {dag.py:4156} INFO - Setting next_dagrun for read_dataset_event to 2025-07-15 00:00:00+00:00, run_after=2025-07-16 00:00:00+00:00
[2025-07-16T07:25:40.048+0000] {logging_mixin.py:190} INFO - [2025-07-16T07:25:40.047+0000] {dag.py:4156} INFO - Setting next_dagrun for read_dataset_event_from_classic to 2025-07-15 00:00:00+00:00, run_after=2025-07-16 00:00:00+00:00
[2025-07-16T07:25:40.070+0000] {processor.py:208} INFO - Processing /home/airflow/.local/lib/python3.12/site-packages/airflow/example_dags/example_inlet_event_extra.py took 0.410 seconds
[2025-07-16T07:26:10.438+0000] {processor.py:186} INFO - Started process (PID=1849) to work on /home/airflow/.local/lib/python3.12/site-packages/airflow/example_dags/example_inlet_event_extra.py
[2025-07-16T07:26:10.439+0000] {processor.py:914} INFO - Processing file /home/airflow/.local/lib/python3.12/site-packages/airflow/example_dags/example_inlet_event_extra.py for tasks to queue
[2025-07-16T07:26:10.443+0000] {logging_mixin.py:190} INFO - [2025-07-16T07:26:10.442+0000] {dagbag.py:587} INFO - Filling up the DagBag from /home/airflow/.local/lib/python3.12/site-packages/airflow/example_dags/example_inlet_event_extra.py
[2025-07-16T07:26:10.652+0000] {processor.py:925} INFO - DAG(s) 'read_dataset_event_from_classic', 'read_dataset_event' retrieved from /home/airflow/.local/lib/python3.12/site-packages/airflow/example_dags/example_inlet_event_extra.py
[2025-07-16T07:26:10.679+0000] {logging_mixin.py:190} INFO - [2025-07-16T07:26:10.679+0000] {dag.py:3229} INFO - Sync 2 DAGs
[2025-07-16T07:26:10.949+0000] {logging_mixin.py:190} INFO - [2025-07-16T07:26:10.949+0000] {dag.py:4156} INFO - Setting next_dagrun for read_dataset_event to 2025-07-15 00:00:00+00:00, run_after=2025-07-16 00:00:00+00:00
[2025-07-16T07:26:10.955+0000] {logging_mixin.py:190} INFO - [2025-07-16T07:26:10.955+0000] {dag.py:4156} INFO - Setting next_dagrun for read_dataset_event_from_classic to 2025-07-15 00:00:00+00:00, run_after=2025-07-16 00:00:00+00:00
[2025-07-16T07:26:10.982+0000] {processor.py:208} INFO - Processing /home/airflow/.local/lib/python3.12/site-packages/airflow/example_dags/example_inlet_event_extra.py took 0.553 seconds
[2025-07-16T07:26:41.396+0000] {processor.py:186} INFO - Started process (PID=1906) to work on /home/airflow/.local/lib/python3.12/site-packages/airflow/example_dags/example_inlet_event_extra.py
[2025-07-16T07:26:41.398+0000] {processor.py:914} INFO - Processing file /home/airflow/.local/lib/python3.12/site-packages/airflow/example_dags/example_inlet_event_extra.py for tasks to queue
[2025-07-16T07:26:41.400+0000] {logging_mixin.py:190} INFO - [2025-07-16T07:26:41.400+0000] {dagbag.py:587} INFO - Filling up the DagBag from /home/airflow/.local/lib/python3.12/site-packages/airflow/example_dags/example_inlet_event_extra.py
[2025-07-16T07:26:41.561+0000] {processor.py:925} INFO - DAG(s) 'read_dataset_event', 'read_dataset_event_from_classic' retrieved from /home/airflow/.local/lib/python3.12/site-packages/airflow/example_dags/example_inlet_event_extra.py
[2025-07-16T07:26:41.584+0000] {logging_mixin.py:190} INFO - [2025-07-16T07:26:41.584+0000] {dag.py:3229} INFO - Sync 2 DAGs
[2025-07-16T07:26:41.612+0000] {logging_mixin.py:190} INFO - [2025-07-16T07:26:41.611+0000] {dag.py:4156} INFO - Setting next_dagrun for read_dataset_event to 2025-07-15 00:00:00+00:00, run_after=2025-07-16 00:00:00+00:00
[2025-07-16T07:26:41.779+0000] {logging_mixin.py:190} INFO - [2025-07-16T07:26:41.779+0000] {dag.py:4156} INFO - Setting next_dagrun for read_dataset_event_from_classic to 2025-07-15 00:00:00+00:00, run_after=2025-07-16 00:00:00+00:00
[2025-07-16T07:26:41.799+0000] {processor.py:208} INFO - Processing /home/airflow/.local/lib/python3.12/site-packages/airflow/example_dags/example_inlet_event_extra.py took 0.410 seconds
[2025-07-16T07:27:12.375+0000] {processor.py:186} INFO - Started process (PID=1963) to work on /home/airflow/.local/lib/python3.12/site-packages/airflow/example_dags/example_inlet_event_extra.py
[2025-07-16T07:27:12.376+0000] {processor.py:914} INFO - Processing file /home/airflow/.local/lib/python3.12/site-packages/airflow/example_dags/example_inlet_event_extra.py for tasks to queue
[2025-07-16T07:27:12.379+0000] {logging_mixin.py:190} INFO - [2025-07-16T07:27:12.378+0000] {dagbag.py:587} INFO - Filling up the DagBag from /home/airflow/.local/lib/python3.12/site-packages/airflow/example_dags/example_inlet_event_extra.py
[2025-07-16T07:27:12.516+0000] {processor.py:925} INFO - DAG(s) 'read_dataset_event_from_classic', 'read_dataset_event' retrieved from /home/airflow/.local/lib/python3.12/site-packages/airflow/example_dags/example_inlet_event_extra.py
[2025-07-16T07:27:12.537+0000] {logging_mixin.py:190} INFO - [2025-07-16T07:27:12.537+0000] {dag.py:3229} INFO - Sync 2 DAGs
[2025-07-16T07:27:12.560+0000] {logging_mixin.py:190} INFO - [2025-07-16T07:27:12.559+0000] {dag.py:4156} INFO - Setting next_dagrun for read_dataset_event to 2025-07-15 00:00:00+00:00, run_after=2025-07-16 00:00:00+00:00
[2025-07-16T07:27:12.565+0000] {logging_mixin.py:190} INFO - [2025-07-16T07:27:12.565+0000] {dag.py:4156} INFO - Setting next_dagrun for read_dataset_event_from_classic to 2025-07-15 00:00:00+00:00, run_after=2025-07-16 00:00:00+00:00
[2025-07-16T07:27:12.729+0000] {processor.py:208} INFO - Processing /home/airflow/.local/lib/python3.12/site-packages/airflow/example_dags/example_inlet_event_extra.py took 0.360 seconds
[2025-07-16T07:27:42.956+0000] {processor.py:186} INFO - Started process (PID=2020) to work on /home/airflow/.local/lib/python3.12/site-packages/airflow/example_dags/example_inlet_event_extra.py
[2025-07-16T07:27:42.957+0000] {processor.py:914} INFO - Processing file /home/airflow/.local/lib/python3.12/site-packages/airflow/example_dags/example_inlet_event_extra.py for tasks to queue
[2025-07-16T07:27:42.960+0000] {logging_mixin.py:190} INFO - [2025-07-16T07:27:42.959+0000] {dagbag.py:587} INFO - Filling up the DagBag from /home/airflow/.local/lib/python3.12/site-packages/airflow/example_dags/example_inlet_event_extra.py
[2025-07-16T07:27:43.290+0000] {processor.py:925} INFO - DAG(s) 'read_dataset_event_from_classic', 'read_dataset_event' retrieved from /home/airflow/.local/lib/python3.12/site-packages/airflow/example_dags/example_inlet_event_extra.py
[2025-07-16T07:27:43.311+0000] {logging_mixin.py:190} INFO - [2025-07-16T07:27:43.310+0000] {dag.py:3229} INFO - Sync 2 DAGs
[2025-07-16T07:27:43.337+0000] {logging_mixin.py:190} INFO - [2025-07-16T07:27:43.337+0000] {dag.py:4156} INFO - Setting next_dagrun for read_dataset_event to 2025-07-15 00:00:00+00:00, run_after=2025-07-16 00:00:00+00:00
[2025-07-16T07:27:43.342+0000] {logging_mixin.py:190} INFO - [2025-07-16T07:27:43.342+0000] {dag.py:4156} INFO - Setting next_dagrun for read_dataset_event_from_classic to 2025-07-15 00:00:00+00:00, run_after=2025-07-16 00:00:00+00:00
[2025-07-16T07:27:43.360+0000] {processor.py:208} INFO - Processing /home/airflow/.local/lib/python3.12/site-packages/airflow/example_dags/example_inlet_event_extra.py took 0.411 seconds
[2025-07-16T07:28:13.457+0000] {processor.py:186} INFO - Started process (PID=2078) to work on /home/airflow/.local/lib/python3.12/site-packages/airflow/example_dags/example_inlet_event_extra.py
[2025-07-16T07:28:13.459+0000] {processor.py:914} INFO - Processing file /home/airflow/.local/lib/python3.12/site-packages/airflow/example_dags/example_inlet_event_extra.py for tasks to queue
[2025-07-16T07:28:13.463+0000] {logging_mixin.py:190} INFO - [2025-07-16T07:28:13.462+0000] {dagbag.py:587} INFO - Filling up the DagBag from /home/airflow/.local/lib/python3.12/site-packages/airflow/example_dags/example_inlet_event_extra.py
[2025-07-16T07:28:13.614+0000] {processor.py:925} INFO - DAG(s) 'read_dataset_event_from_classic', 'read_dataset_event' retrieved from /home/airflow/.local/lib/python3.12/site-packages/airflow/example_dags/example_inlet_event_extra.py
[2025-07-16T07:28:13.637+0000] {logging_mixin.py:190} INFO - [2025-07-16T07:28:13.637+0000] {dag.py:3229} INFO - Sync 2 DAGs
[2025-07-16T07:28:13.664+0000] {logging_mixin.py:190} INFO - [2025-07-16T07:28:13.663+0000] {dag.py:4156} INFO - Setting next_dagrun for read_dataset_event to 2025-07-15 00:00:00+00:00, run_after=2025-07-16 00:00:00+00:00
[2025-07-16T07:28:13.669+0000] {logging_mixin.py:190} INFO - [2025-07-16T07:28:13.669+0000] {dag.py:4156} INFO - Setting next_dagrun for read_dataset_event_from_classic to 2025-07-15 00:00:00+00:00, run_after=2025-07-16 00:00:00+00:00
[2025-07-16T07:28:13.694+0000] {processor.py:208} INFO - Processing /home/airflow/.local/lib/python3.12/site-packages/airflow/example_dags/example_inlet_event_extra.py took 0.248 seconds
[2025-07-16T07:28:43.952+0000] {processor.py:186} INFO - Started process (PID=2135) to work on /home/airflow/.local/lib/python3.12/site-packages/airflow/example_dags/example_inlet_event_extra.py
[2025-07-16T07:28:43.954+0000] {processor.py:914} INFO - Processing file /home/airflow/.local/lib/python3.12/site-packages/airflow/example_dags/example_inlet_event_extra.py for tasks to queue
[2025-07-16T07:28:43.956+0000] {logging_mixin.py:190} INFO - [2025-07-16T07:28:43.956+0000] {dagbag.py:587} INFO - Filling up the DagBag from /home/airflow/.local/lib/python3.12/site-packages/airflow/example_dags/example_inlet_event_extra.py
[2025-07-16T07:28:44.304+0000] {processor.py:925} INFO - DAG(s) 'read_dataset_event_from_classic', 'read_dataset_event' retrieved from /home/airflow/.local/lib/python3.12/site-packages/airflow/example_dags/example_inlet_event_extra.py
[2025-07-16T07:28:44.326+0000] {logging_mixin.py:190} INFO - [2025-07-16T07:28:44.326+0000] {dag.py:3229} INFO - Sync 2 DAGs
[2025-07-16T07:28:44.352+0000] {logging_mixin.py:190} INFO - [2025-07-16T07:28:44.352+0000] {dag.py:4156} INFO - Setting next_dagrun for read_dataset_event to 2025-07-15 00:00:00+00:00, run_after=2025-07-16 00:00:00+00:00
[2025-07-16T07:28:44.358+0000] {logging_mixin.py:190} INFO - [2025-07-16T07:28:44.358+0000] {dag.py:4156} INFO - Setting next_dagrun for read_dataset_event_from_classic to 2025-07-15 00:00:00+00:00, run_after=2025-07-16 00:00:00+00:00
[2025-07-16T07:28:44.379+0000] {processor.py:208} INFO - Processing /home/airflow/.local/lib/python3.12/site-packages/airflow/example_dags/example_inlet_event_extra.py took 0.433 seconds
[2025-07-16T07:29:14.764+0000] {processor.py:186} INFO - Started process (PID=2193) to work on /home/airflow/.local/lib/python3.12/site-packages/airflow/example_dags/example_inlet_event_extra.py
[2025-07-16T07:29:14.765+0000] {processor.py:914} INFO - Processing file /home/airflow/.local/lib/python3.12/site-packages/airflow/example_dags/example_inlet_event_extra.py for tasks to queue
[2025-07-16T07:29:14.768+0000] {logging_mixin.py:190} INFO - [2025-07-16T07:29:14.767+0000] {dagbag.py:587} INFO - Filling up the DagBag from /home/airflow/.local/lib/python3.12/site-packages/airflow/example_dags/example_inlet_event_extra.py
[2025-07-16T07:29:15.069+0000] {processor.py:925} INFO - DAG(s) 'read_dataset_event_from_classic', 'read_dataset_event' retrieved from /home/airflow/.local/lib/python3.12/site-packages/airflow/example_dags/example_inlet_event_extra.py
[2025-07-16T07:29:15.087+0000] {logging_mixin.py:190} INFO - [2025-07-16T07:29:15.087+0000] {dag.py:3229} INFO - Sync 2 DAGs
[2025-07-16T07:29:15.107+0000] {logging_mixin.py:190} INFO - [2025-07-16T07:29:15.107+0000] {dag.py:4156} INFO - Setting next_dagrun for read_dataset_event to 2025-07-15 00:00:00+00:00, run_after=2025-07-16 00:00:00+00:00
[2025-07-16T07:29:15.112+0000] {logging_mixin.py:190} INFO - [2025-07-16T07:29:15.112+0000] {dag.py:4156} INFO - Setting next_dagrun for read_dataset_event_from_classic to 2025-07-15 00:00:00+00:00, run_after=2025-07-16 00:00:00+00:00
[2025-07-16T07:29:15.133+0000] {processor.py:208} INFO - Processing /home/airflow/.local/lib/python3.12/site-packages/airflow/example_dags/example_inlet_event_extra.py took 0.375 seconds
[2025-07-16T07:29:45.422+0000] {processor.py:186} INFO - Started process (PID=2250) to work on /home/airflow/.local/lib/python3.12/site-packages/airflow/example_dags/example_inlet_event_extra.py
[2025-07-16T07:29:45.423+0000] {processor.py:914} INFO - Processing file /home/airflow/.local/lib/python3.12/site-packages/airflow/example_dags/example_inlet_event_extra.py for tasks to queue
[2025-07-16T07:29:45.425+0000] {logging_mixin.py:190} INFO - [2025-07-16T07:29:45.425+0000] {dagbag.py:587} INFO - Filling up the DagBag from /home/airflow/.local/lib/python3.12/site-packages/airflow/example_dags/example_inlet_event_extra.py
[2025-07-16T07:29:45.780+0000] {processor.py:925} INFO - DAG(s) 'read_dataset_event_from_classic', 'read_dataset_event' retrieved from /home/airflow/.local/lib/python3.12/site-packages/airflow/example_dags/example_inlet_event_extra.py
[2025-07-16T07:29:45.812+0000] {logging_mixin.py:190} INFO - [2025-07-16T07:29:45.812+0000] {dag.py:3229} INFO - Sync 2 DAGs
[2025-07-16T07:29:45.841+0000] {logging_mixin.py:190} INFO - [2025-07-16T07:29:45.841+0000] {dag.py:4156} INFO - Setting next_dagrun for read_dataset_event to 2025-07-15 00:00:00+00:00, run_after=2025-07-16 00:00:00+00:00
[2025-07-16T07:29:45.848+0000] {logging_mixin.py:190} INFO - [2025-07-16T07:29:45.847+0000] {dag.py:4156} INFO - Setting next_dagrun for read_dataset_event_from_classic to 2025-07-15 00:00:00+00:00, run_after=2025-07-16 00:00:00+00:00
[2025-07-16T07:29:45.871+0000] {processor.py:208} INFO - Processing /home/airflow/.local/lib/python3.12/site-packages/airflow/example_dags/example_inlet_event_extra.py took 0.456 seconds
[2025-07-16T07:30:16.630+0000] {processor.py:186} INFO - Started process (PID=2305) to work on /home/airflow/.local/lib/python3.12/site-packages/airflow/example_dags/example_inlet_event_extra.py
[2025-07-16T07:30:16.631+0000] {processor.py:914} INFO - Processing file /home/airflow/.local/lib/python3.12/site-packages/airflow/example_dags/example_inlet_event_extra.py for tasks to queue
[2025-07-16T07:30:16.634+0000] {logging_mixin.py:190} INFO - [2025-07-16T07:30:16.633+0000] {dagbag.py:587} INFO - Filling up the DagBag from /home/airflow/.local/lib/python3.12/site-packages/airflow/example_dags/example_inlet_event_extra.py
[2025-07-16T07:30:16.959+0000] {processor.py:925} INFO - DAG(s) 'read_dataset_event_from_classic', 'read_dataset_event' retrieved from /home/airflow/.local/lib/python3.12/site-packages/airflow/example_dags/example_inlet_event_extra.py
[2025-07-16T07:30:16.980+0000] {logging_mixin.py:190} INFO - [2025-07-16T07:30:16.979+0000] {dag.py:3229} INFO - Sync 2 DAGs
[2025-07-16T07:30:17.005+0000] {logging_mixin.py:190} INFO - [2025-07-16T07:30:17.004+0000] {dag.py:4156} INFO - Setting next_dagrun for read_dataset_event to 2025-07-15 00:00:00+00:00, run_after=2025-07-16 00:00:00+00:00
[2025-07-16T07:30:17.010+0000] {logging_mixin.py:190} INFO - [2025-07-16T07:30:17.010+0000] {dag.py:4156} INFO - Setting next_dagrun for read_dataset_event_from_classic to 2025-07-15 00:00:00+00:00, run_after=2025-07-16 00:00:00+00:00
[2025-07-16T07:30:17.031+0000] {processor.py:208} INFO - Processing /home/airflow/.local/lib/python3.12/site-packages/airflow/example_dags/example_inlet_event_extra.py took 0.408 seconds
[2025-07-16T07:30:48.236+0000] {processor.py:186} INFO - Started process (PID=2362) to work on /home/airflow/.local/lib/python3.12/site-packages/airflow/example_dags/example_inlet_event_extra.py
[2025-07-16T07:30:48.237+0000] {processor.py:914} INFO - Processing file /home/airflow/.local/lib/python3.12/site-packages/airflow/example_dags/example_inlet_event_extra.py for tasks to queue
[2025-07-16T07:30:48.240+0000] {logging_mixin.py:190} INFO - [2025-07-16T07:30:48.240+0000] {dagbag.py:587} INFO - Filling up the DagBag from /home/airflow/.local/lib/python3.12/site-packages/airflow/example_dags/example_inlet_event_extra.py
[2025-07-16T07:30:48.602+0000] {processor.py:925} INFO - DAG(s) 'read_dataset_event', 'read_dataset_event_from_classic' retrieved from /home/airflow/.local/lib/python3.12/site-packages/airflow/example_dags/example_inlet_event_extra.py
[2025-07-16T07:30:48.623+0000] {logging_mixin.py:190} INFO - [2025-07-16T07:30:48.623+0000] {dag.py:3229} INFO - Sync 2 DAGs
[2025-07-16T07:30:48.650+0000] {logging_mixin.py:190} INFO - [2025-07-16T07:30:48.649+0000] {dag.py:4156} INFO - Setting next_dagrun for read_dataset_event to 2025-07-15 00:00:00+00:00, run_after=2025-07-16 00:00:00+00:00
[2025-07-16T07:30:48.657+0000] {logging_mixin.py:190} INFO - [2025-07-16T07:30:48.656+0000] {dag.py:4156} INFO - Setting next_dagrun for read_dataset_event_from_classic to 2025-07-15 00:00:00+00:00, run_after=2025-07-16 00:00:00+00:00
[2025-07-16T07:30:48.676+0000] {processor.py:208} INFO - Processing /home/airflow/.local/lib/python3.12/site-packages/airflow/example_dags/example_inlet_event_extra.py took 0.448 seconds
[2025-07-16T07:31:18.834+0000] {processor.py:186} INFO - Started process (PID=2419) to work on /home/airflow/.local/lib/python3.12/site-packages/airflow/example_dags/example_inlet_event_extra.py
[2025-07-16T07:31:18.835+0000] {processor.py:914} INFO - Processing file /home/airflow/.local/lib/python3.12/site-packages/airflow/example_dags/example_inlet_event_extra.py for tasks to queue
[2025-07-16T07:31:18.837+0000] {logging_mixin.py:190} INFO - [2025-07-16T07:31:18.837+0000] {dagbag.py:587} INFO - Filling up the DagBag from /home/airflow/.local/lib/python3.12/site-packages/airflow/example_dags/example_inlet_event_extra.py
[2025-07-16T07:31:19.198+0000] {processor.py:925} INFO - DAG(s) 'read_dataset_event_from_classic', 'read_dataset_event' retrieved from /home/airflow/.local/lib/python3.12/site-packages/airflow/example_dags/example_inlet_event_extra.py
[2025-07-16T07:31:19.218+0000] {logging_mixin.py:190} INFO - [2025-07-16T07:31:19.218+0000] {dag.py:3229} INFO - Sync 2 DAGs
[2025-07-16T07:31:19.244+0000] {logging_mixin.py:190} INFO - [2025-07-16T07:31:19.243+0000] {dag.py:4156} INFO - Setting next_dagrun for read_dataset_event to 2025-07-15 00:00:00+00:00, run_after=2025-07-16 00:00:00+00:00
[2025-07-16T07:31:19.249+0000] {logging_mixin.py:190} INFO - [2025-07-16T07:31:19.249+0000] {dag.py:4156} INFO - Setting next_dagrun for read_dataset_event_from_classic to 2025-07-15 00:00:00+00:00, run_after=2025-07-16 00:00:00+00:00
[2025-07-16T07:31:19.271+0000] {processor.py:208} INFO - Processing /home/airflow/.local/lib/python3.12/site-packages/airflow/example_dags/example_inlet_event_extra.py took 0.445 seconds
[2025-07-16T07:33:04.873+0000] {processor.py:186} INFO - Started process (PID=83) to work on /home/airflow/.local/lib/python3.12/site-packages/airflow/example_dags/example_inlet_event_extra.py
[2025-07-16T07:33:04.875+0000] {processor.py:914} INFO - Processing file /home/airflow/.local/lib/python3.12/site-packages/airflow/example_dags/example_inlet_event_extra.py for tasks to queue
[2025-07-16T07:33:04.878+0000] {logging_mixin.py:190} INFO - [2025-07-16T07:33:04.877+0000] {dagbag.py:587} INFO - Filling up the DagBag from /home/airflow/.local/lib/python3.12/site-packages/airflow/example_dags/example_inlet_event_extra.py
[2025-07-16T07:33:05.156+0000] {processor.py:925} INFO - DAG(s) 'read_dataset_event_from_classic', 'read_dataset_event' retrieved from /home/airflow/.local/lib/python3.12/site-packages/airflow/example_dags/example_inlet_event_extra.py
[2025-07-16T07:33:05.194+0000] {logging_mixin.py:190} INFO - [2025-07-16T07:33:05.194+0000] {dag.py:3229} INFO - Sync 2 DAGs
[2025-07-16T07:33:05.257+0000] {logging_mixin.py:190} INFO - [2025-07-16T07:33:05.256+0000] {dag.py:4156} INFO - Setting next_dagrun for read_dataset_event to 2025-07-15 00:00:00+00:00, run_after=2025-07-16 00:00:00+00:00
[2025-07-16T07:33:05.262+0000] {logging_mixin.py:190} INFO - [2025-07-16T07:33:05.262+0000] {dag.py:4156} INFO - Setting next_dagrun for read_dataset_event_from_classic to 2025-07-15 00:00:00+00:00, run_after=2025-07-16 00:00:00+00:00
[2025-07-16T07:33:05.286+0000] {processor.py:208} INFO - Processing /home/airflow/.local/lib/python3.12/site-packages/airflow/example_dags/example_inlet_event_extra.py took 0.422 seconds
[2025-07-16T07:33:35.412+0000] {processor.py:186} INFO - Started process (PID=140) to work on /home/airflow/.local/lib/python3.12/site-packages/airflow/example_dags/example_inlet_event_extra.py
[2025-07-16T07:33:35.415+0000] {processor.py:914} INFO - Processing file /home/airflow/.local/lib/python3.12/site-packages/airflow/example_dags/example_inlet_event_extra.py for tasks to queue
[2025-07-16T07:33:35.418+0000] {logging_mixin.py:190} INFO - [2025-07-16T07:33:35.418+0000] {dagbag.py:587} INFO - Filling up the DagBag from /home/airflow/.local/lib/python3.12/site-packages/airflow/example_dags/example_inlet_event_extra.py
[2025-07-16T07:33:35.594+0000] {processor.py:925} INFO - DAG(s) 'read_dataset_event_from_classic', 'read_dataset_event' retrieved from /home/airflow/.local/lib/python3.12/site-packages/airflow/example_dags/example_inlet_event_extra.py
[2025-07-16T07:33:35.619+0000] {logging_mixin.py:190} INFO - [2025-07-16T07:33:35.618+0000] {dag.py:3229} INFO - Sync 2 DAGs
[2025-07-16T07:33:35.645+0000] {logging_mixin.py:190} INFO - [2025-07-16T07:33:35.645+0000] {dag.py:4156} INFO - Setting next_dagrun for read_dataset_event to 2025-07-15 00:00:00+00:00, run_after=2025-07-16 00:00:00+00:00
[2025-07-16T07:33:35.651+0000] {logging_mixin.py:190} INFO - [2025-07-16T07:33:35.650+0000] {dag.py:4156} INFO - Setting next_dagrun for read_dataset_event_from_classic to 2025-07-15 00:00:00+00:00, run_after=2025-07-16 00:00:00+00:00
[2025-07-16T07:33:35.671+0000] {processor.py:208} INFO - Processing /home/airflow/.local/lib/python3.12/site-packages/airflow/example_dags/example_inlet_event_extra.py took 0.265 seconds
[2025-07-16T07:34:06.249+0000] {processor.py:186} INFO - Started process (PID=197) to work on /home/airflow/.local/lib/python3.12/site-packages/airflow/example_dags/example_inlet_event_extra.py
[2025-07-16T07:34:06.251+0000] {processor.py:914} INFO - Processing file /home/airflow/.local/lib/python3.12/site-packages/airflow/example_dags/example_inlet_event_extra.py for tasks to queue
[2025-07-16T07:34:06.254+0000] {logging_mixin.py:190} INFO - [2025-07-16T07:34:06.253+0000] {dagbag.py:587} INFO - Filling up the DagBag from /home/airflow/.local/lib/python3.12/site-packages/airflow/example_dags/example_inlet_event_extra.py
[2025-07-16T07:34:06.403+0000] {processor.py:925} INFO - DAG(s) 'read_dataset_event', 'read_dataset_event_from_classic' retrieved from /home/airflow/.local/lib/python3.12/site-packages/airflow/example_dags/example_inlet_event_extra.py
[2025-07-16T07:34:06.427+0000] {logging_mixin.py:190} INFO - [2025-07-16T07:34:06.426+0000] {dag.py:3229} INFO - Sync 2 DAGs
[2025-07-16T07:34:06.455+0000] {logging_mixin.py:190} INFO - [2025-07-16T07:34:06.455+0000] {dag.py:4156} INFO - Setting next_dagrun for read_dataset_event to 2025-07-15 00:00:00+00:00, run_after=2025-07-16 00:00:00+00:00
[2025-07-16T07:34:06.461+0000] {logging_mixin.py:190} INFO - [2025-07-16T07:34:06.461+0000] {dag.py:4156} INFO - Setting next_dagrun for read_dataset_event_from_classic to 2025-07-15 00:00:00+00:00, run_after=2025-07-16 00:00:00+00:00
[2025-07-16T07:34:06.485+0000] {processor.py:208} INFO - Processing /home/airflow/.local/lib/python3.12/site-packages/airflow/example_dags/example_inlet_event_extra.py took 0.242 seconds
[2025-07-16T07:34:37.110+0000] {processor.py:186} INFO - Started process (PID=254) to work on /home/airflow/.local/lib/python3.12/site-packages/airflow/example_dags/example_inlet_event_extra.py
[2025-07-16T07:34:37.111+0000] {processor.py:914} INFO - Processing file /home/airflow/.local/lib/python3.12/site-packages/airflow/example_dags/example_inlet_event_extra.py for tasks to queue
[2025-07-16T07:34:37.114+0000] {logging_mixin.py:190} INFO - [2025-07-16T07:34:37.113+0000] {dagbag.py:587} INFO - Filling up the DagBag from /home/airflow/.local/lib/python3.12/site-packages/airflow/example_dags/example_inlet_event_extra.py
[2025-07-16T07:34:37.263+0000] {processor.py:925} INFO - DAG(s) 'read_dataset_event_from_classic', 'read_dataset_event' retrieved from /home/airflow/.local/lib/python3.12/site-packages/airflow/example_dags/example_inlet_event_extra.py
[2025-07-16T07:34:37.284+0000] {logging_mixin.py:190} INFO - [2025-07-16T07:34:37.284+0000] {dag.py:3229} INFO - Sync 2 DAGs
[2025-07-16T07:34:37.313+0000] {logging_mixin.py:190} INFO - [2025-07-16T07:34:37.313+0000] {dag.py:4156} INFO - Setting next_dagrun for read_dataset_event to 2025-07-15 00:00:00+00:00, run_after=2025-07-16 00:00:00+00:00
[2025-07-16T07:34:37.318+0000] {logging_mixin.py:190} INFO - [2025-07-16T07:34:37.318+0000] {dag.py:4156} INFO - Setting next_dagrun for read_dataset_event_from_classic to 2025-07-15 00:00:00+00:00, run_after=2025-07-16 00:00:00+00:00
[2025-07-16T07:34:37.341+0000] {processor.py:208} INFO - Processing /home/airflow/.local/lib/python3.12/site-packages/airflow/example_dags/example_inlet_event_extra.py took 0.237 seconds
[2025-07-16T07:35:07.599+0000] {processor.py:186} INFO - Started process (PID=311) to work on /home/airflow/.local/lib/python3.12/site-packages/airflow/example_dags/example_inlet_event_extra.py
[2025-07-16T07:35:07.600+0000] {processor.py:914} INFO - Processing file /home/airflow/.local/lib/python3.12/site-packages/airflow/example_dags/example_inlet_event_extra.py for tasks to queue
[2025-07-16T07:35:07.602+0000] {logging_mixin.py:190} INFO - [2025-07-16T07:35:07.602+0000] {dagbag.py:587} INFO - Filling up the DagBag from /home/airflow/.local/lib/python3.12/site-packages/airflow/example_dags/example_inlet_event_extra.py
[2025-07-16T07:35:07.774+0000] {processor.py:925} INFO - DAG(s) 'read_dataset_event_from_classic', 'read_dataset_event' retrieved from /home/airflow/.local/lib/python3.12/site-packages/airflow/example_dags/example_inlet_event_extra.py
[2025-07-16T07:35:07.797+0000] {logging_mixin.py:190} INFO - [2025-07-16T07:35:07.797+0000] {dag.py:3229} INFO - Sync 2 DAGs
[2025-07-16T07:35:07.824+0000] {logging_mixin.py:190} INFO - [2025-07-16T07:35:07.824+0000] {dag.py:4156} INFO - Setting next_dagrun for read_dataset_event to 2025-07-15 00:00:00+00:00, run_after=2025-07-16 00:00:00+00:00
[2025-07-16T07:35:07.830+0000] {logging_mixin.py:190} INFO - [2025-07-16T07:35:07.830+0000] {dag.py:4156} INFO - Setting next_dagrun for read_dataset_event_from_classic to 2025-07-15 00:00:00+00:00, run_after=2025-07-16 00:00:00+00:00
[2025-07-16T07:35:07.851+0000] {processor.py:208} INFO - Processing /home/airflow/.local/lib/python3.12/site-packages/airflow/example_dags/example_inlet_event_extra.py took 0.260 seconds
[2025-07-16T07:35:38.106+0000] {processor.py:186} INFO - Started process (PID=369) to work on /home/airflow/.local/lib/python3.12/site-packages/airflow/example_dags/example_inlet_event_extra.py
[2025-07-16T07:35:38.107+0000] {processor.py:914} INFO - Processing file /home/airflow/.local/lib/python3.12/site-packages/airflow/example_dags/example_inlet_event_extra.py for tasks to queue
[2025-07-16T07:35:38.110+0000] {logging_mixin.py:190} INFO - [2025-07-16T07:35:38.110+0000] {dagbag.py:587} INFO - Filling up the DagBag from /home/airflow/.local/lib/python3.12/site-packages/airflow/example_dags/example_inlet_event_extra.py
[2025-07-16T07:35:38.267+0000] {processor.py:925} INFO - DAG(s) 'read_dataset_event', 'read_dataset_event_from_classic' retrieved from /home/airflow/.local/lib/python3.12/site-packages/airflow/example_dags/example_inlet_event_extra.py
[2025-07-16T07:35:38.293+0000] {logging_mixin.py:190} INFO - [2025-07-16T07:35:38.292+0000] {dag.py:3229} INFO - Sync 2 DAGs
[2025-07-16T07:35:38.323+0000] {logging_mixin.py:190} INFO - [2025-07-16T07:35:38.323+0000] {dag.py:4156} INFO - Setting next_dagrun for read_dataset_event to 2025-07-15 00:00:00+00:00, run_after=2025-07-16 00:00:00+00:00
[2025-07-16T07:35:38.329+0000] {logging_mixin.py:190} INFO - [2025-07-16T07:35:38.329+0000] {dag.py:4156} INFO - Setting next_dagrun for read_dataset_event_from_classic to 2025-07-15 00:00:00+00:00, run_after=2025-07-16 00:00:00+00:00
[2025-07-16T07:35:38.357+0000] {processor.py:208} INFO - Processing /home/airflow/.local/lib/python3.12/site-packages/airflow/example_dags/example_inlet_event_extra.py took 0.257 seconds
[2025-07-16T07:36:08.540+0000] {processor.py:186} INFO - Started process (PID=426) to work on /home/airflow/.local/lib/python3.12/site-packages/airflow/example_dags/example_inlet_event_extra.py
[2025-07-16T07:36:08.542+0000] {processor.py:914} INFO - Processing file /home/airflow/.local/lib/python3.12/site-packages/airflow/example_dags/example_inlet_event_extra.py for tasks to queue
[2025-07-16T07:36:08.545+0000] {logging_mixin.py:190} INFO - [2025-07-16T07:36:08.544+0000] {dagbag.py:587} INFO - Filling up the DagBag from /home/airflow/.local/lib/python3.12/site-packages/airflow/example_dags/example_inlet_event_extra.py
[2025-07-16T07:36:08.809+0000] {processor.py:925} INFO - DAG(s) 'read_dataset_event_from_classic', 'read_dataset_event' retrieved from /home/airflow/.local/lib/python3.12/site-packages/airflow/example_dags/example_inlet_event_extra.py
[2025-07-16T07:36:08.846+0000] {logging_mixin.py:190} INFO - [2025-07-16T07:36:08.845+0000] {dag.py:3229} INFO - Sync 2 DAGs
[2025-07-16T07:36:08.908+0000] {logging_mixin.py:190} INFO - [2025-07-16T07:36:08.907+0000] {dag.py:4156} INFO - Setting next_dagrun for read_dataset_event to 2025-07-15 00:00:00+00:00, run_after=2025-07-16 00:00:00+00:00
[2025-07-16T07:36:08.915+0000] {logging_mixin.py:190} INFO - [2025-07-16T07:36:08.914+0000] {dag.py:4156} INFO - Setting next_dagrun for read_dataset_event_from_classic to 2025-07-15 00:00:00+00:00, run_after=2025-07-16 00:00:00+00:00
[2025-07-16T07:36:08.942+0000] {processor.py:208} INFO - Processing /home/airflow/.local/lib/python3.12/site-packages/airflow/example_dags/example_inlet_event_extra.py took 0.411 seconds
[2025-07-16T07:36:40.296+0000] {processor.py:186} INFO - Started process (PID=482) to work on /home/airflow/.local/lib/python3.12/site-packages/airflow/example_dags/example_inlet_event_extra.py
[2025-07-16T07:36:40.297+0000] {processor.py:914} INFO - Processing file /home/airflow/.local/lib/python3.12/site-packages/airflow/example_dags/example_inlet_event_extra.py for tasks to queue
[2025-07-16T07:36:40.299+0000] {logging_mixin.py:190} INFO - [2025-07-16T07:36:40.299+0000] {dagbag.py:587} INFO - Filling up the DagBag from /home/airflow/.local/lib/python3.12/site-packages/airflow/example_dags/example_inlet_event_extra.py
[2025-07-16T07:36:40.468+0000] {processor.py:925} INFO - DAG(s) 'read_dataset_event', 'read_dataset_event_from_classic' retrieved from /home/airflow/.local/lib/python3.12/site-packages/airflow/example_dags/example_inlet_event_extra.py
[2025-07-16T07:36:40.489+0000] {logging_mixin.py:190} INFO - [2025-07-16T07:36:40.489+0000] {dag.py:3229} INFO - Sync 2 DAGs
[2025-07-16T07:36:40.513+0000] {logging_mixin.py:190} INFO - [2025-07-16T07:36:40.513+0000] {dag.py:4156} INFO - Setting next_dagrun for read_dataset_event to 2025-07-15 00:00:00+00:00, run_after=2025-07-16 00:00:00+00:00
[2025-07-16T07:36:40.519+0000] {logging_mixin.py:190} INFO - [2025-07-16T07:36:40.519+0000] {dag.py:4156} INFO - Setting next_dagrun for read_dataset_event_from_classic to 2025-07-15 00:00:00+00:00, run_after=2025-07-16 00:00:00+00:00
[2025-07-16T07:36:40.542+0000] {processor.py:208} INFO - Processing /home/airflow/.local/lib/python3.12/site-packages/airflow/example_dags/example_inlet_event_extra.py took 0.254 seconds
[2025-07-16T07:37:10.903+0000] {processor.py:186} INFO - Started process (PID=539) to work on /home/airflow/.local/lib/python3.12/site-packages/airflow/example_dags/example_inlet_event_extra.py
[2025-07-16T07:37:10.904+0000] {processor.py:914} INFO - Processing file /home/airflow/.local/lib/python3.12/site-packages/airflow/example_dags/example_inlet_event_extra.py for tasks to queue
[2025-07-16T07:37:10.906+0000] {logging_mixin.py:190} INFO - [2025-07-16T07:37:10.906+0000] {dagbag.py:587} INFO - Filling up the DagBag from /home/airflow/.local/lib/python3.12/site-packages/airflow/example_dags/example_inlet_event_extra.py
[2025-07-16T07:37:11.075+0000] {processor.py:925} INFO - DAG(s) 'read_dataset_event_from_classic', 'read_dataset_event' retrieved from /home/airflow/.local/lib/python3.12/site-packages/airflow/example_dags/example_inlet_event_extra.py
[2025-07-16T07:37:11.106+0000] {logging_mixin.py:190} INFO - [2025-07-16T07:37:11.105+0000] {dag.py:3229} INFO - Sync 2 DAGs
[2025-07-16T07:37:11.137+0000] {logging_mixin.py:190} INFO - [2025-07-16T07:37:11.137+0000] {dag.py:4156} INFO - Setting next_dagrun for read_dataset_event to 2025-07-15 00:00:00+00:00, run_after=2025-07-16 00:00:00+00:00
[2025-07-16T07:37:11.146+0000] {logging_mixin.py:190} INFO - [2025-07-16T07:37:11.146+0000] {dag.py:4156} INFO - Setting next_dagrun for read_dataset_event_from_classic to 2025-07-15 00:00:00+00:00, run_after=2025-07-16 00:00:00+00:00
[2025-07-16T07:37:11.168+0000] {processor.py:208} INFO - Processing /home/airflow/.local/lib/python3.12/site-packages/airflow/example_dags/example_inlet_event_extra.py took 0.272 seconds
[2025-07-16T07:37:42.114+0000] {processor.py:186} INFO - Started process (PID=598) to work on /home/airflow/.local/lib/python3.12/site-packages/airflow/example_dags/example_inlet_event_extra.py
[2025-07-16T07:37:42.116+0000] {processor.py:914} INFO - Processing file /home/airflow/.local/lib/python3.12/site-packages/airflow/example_dags/example_inlet_event_extra.py for tasks to queue
[2025-07-16T07:37:42.118+0000] {logging_mixin.py:190} INFO - [2025-07-16T07:37:42.118+0000] {dagbag.py:587} INFO - Filling up the DagBag from /home/airflow/.local/lib/python3.12/site-packages/airflow/example_dags/example_inlet_event_extra.py
[2025-07-16T07:37:42.286+0000] {processor.py:925} INFO - DAG(s) 'read_dataset_event', 'read_dataset_event_from_classic' retrieved from /home/airflow/.local/lib/python3.12/site-packages/airflow/example_dags/example_inlet_event_extra.py
[2025-07-16T07:37:42.311+0000] {logging_mixin.py:190} INFO - [2025-07-16T07:37:42.311+0000] {dag.py:3229} INFO - Sync 2 DAGs
[2025-07-16T07:37:42.338+0000] {logging_mixin.py:190} INFO - [2025-07-16T07:37:42.338+0000] {dag.py:4156} INFO - Setting next_dagrun for read_dataset_event to 2025-07-15 00:00:00+00:00, run_after=2025-07-16 00:00:00+00:00
[2025-07-16T07:37:42.345+0000] {logging_mixin.py:190} INFO - [2025-07-16T07:37:42.345+0000] {dag.py:4156} INFO - Setting next_dagrun for read_dataset_event_from_classic to 2025-07-15 00:00:00+00:00, run_after=2025-07-16 00:00:00+00:00
[2025-07-16T07:37:42.366+0000] {processor.py:208} INFO - Processing /home/airflow/.local/lib/python3.12/site-packages/airflow/example_dags/example_inlet_event_extra.py took 0.260 seconds
[2025-07-16T07:38:13.009+0000] {processor.py:186} INFO - Started process (PID=653) to work on /home/airflow/.local/lib/python3.12/site-packages/airflow/example_dags/example_inlet_event_extra.py
[2025-07-16T07:38:13.010+0000] {processor.py:914} INFO - Processing file /home/airflow/.local/lib/python3.12/site-packages/airflow/example_dags/example_inlet_event_extra.py for tasks to queue
[2025-07-16T07:38:13.013+0000] {logging_mixin.py:190} INFO - [2025-07-16T07:38:13.013+0000] {dagbag.py:587} INFO - Filling up the DagBag from /home/airflow/.local/lib/python3.12/site-packages/airflow/example_dags/example_inlet_event_extra.py
[2025-07-16T07:38:13.149+0000] {processor.py:925} INFO - DAG(s) 'read_dataset_event', 'read_dataset_event_from_classic' retrieved from /home/airflow/.local/lib/python3.12/site-packages/airflow/example_dags/example_inlet_event_extra.py
[2025-07-16T07:38:13.172+0000] {logging_mixin.py:190} INFO - [2025-07-16T07:38:13.171+0000] {dag.py:3229} INFO - Sync 2 DAGs
[2025-07-16T07:38:13.196+0000] {logging_mixin.py:190} INFO - [2025-07-16T07:38:13.196+0000] {dag.py:4156} INFO - Setting next_dagrun for read_dataset_event to 2025-07-15 00:00:00+00:00, run_after=2025-07-16 00:00:00+00:00
[2025-07-16T07:38:13.202+0000] {logging_mixin.py:190} INFO - [2025-07-16T07:38:13.202+0000] {dag.py:4156} INFO - Setting next_dagrun for read_dataset_event_from_classic to 2025-07-15 00:00:00+00:00, run_after=2025-07-16 00:00:00+00:00
[2025-07-16T07:38:13.222+0000] {processor.py:208} INFO - Processing /home/airflow/.local/lib/python3.12/site-packages/airflow/example_dags/example_inlet_event_extra.py took 0.219 seconds
[2025-07-16T07:38:43.554+0000] {processor.py:186} INFO - Started process (PID=710) to work on /home/airflow/.local/lib/python3.12/site-packages/airflow/example_dags/example_inlet_event_extra.py
[2025-07-16T07:38:43.555+0000] {processor.py:914} INFO - Processing file /home/airflow/.local/lib/python3.12/site-packages/airflow/example_dags/example_inlet_event_extra.py for tasks to queue
[2025-07-16T07:38:43.558+0000] {logging_mixin.py:190} INFO - [2025-07-16T07:38:43.558+0000] {dagbag.py:587} INFO - Filling up the DagBag from /home/airflow/.local/lib/python3.12/site-packages/airflow/example_dags/example_inlet_event_extra.py
[2025-07-16T07:38:43.712+0000] {processor.py:925} INFO - DAG(s) 'read_dataset_event_from_classic', 'read_dataset_event' retrieved from /home/airflow/.local/lib/python3.12/site-packages/airflow/example_dags/example_inlet_event_extra.py
[2025-07-16T07:38:43.737+0000] {logging_mixin.py:190} INFO - [2025-07-16T07:38:43.737+0000] {dag.py:3229} INFO - Sync 2 DAGs
[2025-07-16T07:38:43.762+0000] {logging_mixin.py:190} INFO - [2025-07-16T07:38:43.762+0000] {dag.py:4156} INFO - Setting next_dagrun for read_dataset_event to 2025-07-15 00:00:00+00:00, run_after=2025-07-16 00:00:00+00:00
[2025-07-16T07:38:43.767+0000] {logging_mixin.py:190} INFO - [2025-07-16T07:38:43.767+0000] {dag.py:4156} INFO - Setting next_dagrun for read_dataset_event_from_classic to 2025-07-15 00:00:00+00:00, run_after=2025-07-16 00:00:00+00:00
[2025-07-16T07:38:43.787+0000] {processor.py:208} INFO - Processing /home/airflow/.local/lib/python3.12/site-packages/airflow/example_dags/example_inlet_event_extra.py took 0.240 seconds
[2025-07-16T07:39:14.317+0000] {processor.py:186} INFO - Started process (PID=767) to work on /home/airflow/.local/lib/python3.12/site-packages/airflow/example_dags/example_inlet_event_extra.py
[2025-07-16T07:39:14.318+0000] {processor.py:914} INFO - Processing file /home/airflow/.local/lib/python3.12/site-packages/airflow/example_dags/example_inlet_event_extra.py for tasks to queue
[2025-07-16T07:39:14.321+0000] {logging_mixin.py:190} INFO - [2025-07-16T07:39:14.320+0000] {dagbag.py:587} INFO - Filling up the DagBag from /home/airflow/.local/lib/python3.12/site-packages/airflow/example_dags/example_inlet_event_extra.py
[2025-07-16T07:39:14.477+0000] {processor.py:925} INFO - DAG(s) 'read_dataset_event_from_classic', 'read_dataset_event' retrieved from /home/airflow/.local/lib/python3.12/site-packages/airflow/example_dags/example_inlet_event_extra.py
[2025-07-16T07:39:14.500+0000] {logging_mixin.py:190} INFO - [2025-07-16T07:39:14.500+0000] {dag.py:3229} INFO - Sync 2 DAGs
[2025-07-16T07:39:14.526+0000] {logging_mixin.py:190} INFO - [2025-07-16T07:39:14.526+0000] {dag.py:4156} INFO - Setting next_dagrun for read_dataset_event to 2025-07-15 00:00:00+00:00, run_after=2025-07-16 00:00:00+00:00
[2025-07-16T07:39:14.532+0000] {logging_mixin.py:190} INFO - [2025-07-16T07:39:14.532+0000] {dag.py:4156} INFO - Setting next_dagrun for read_dataset_event_from_classic to 2025-07-15 00:00:00+00:00, run_after=2025-07-16 00:00:00+00:00
[2025-07-16T07:39:14.560+0000] {processor.py:208} INFO - Processing /home/airflow/.local/lib/python3.12/site-packages/airflow/example_dags/example_inlet_event_extra.py took 0.249 seconds
[2025-07-16T07:39:44.818+0000] {processor.py:186} INFO - Started process (PID=825) to work on /home/airflow/.local/lib/python3.12/site-packages/airflow/example_dags/example_inlet_event_extra.py
[2025-07-16T07:39:44.819+0000] {processor.py:914} INFO - Processing file /home/airflow/.local/lib/python3.12/site-packages/airflow/example_dags/example_inlet_event_extra.py for tasks to queue
[2025-07-16T07:39:44.822+0000] {logging_mixin.py:190} INFO - [2025-07-16T07:39:44.821+0000] {dagbag.py:587} INFO - Filling up the DagBag from /home/airflow/.local/lib/python3.12/site-packages/airflow/example_dags/example_inlet_event_extra.py
[2025-07-16T07:39:44.994+0000] {processor.py:925} INFO - DAG(s) 'read_dataset_event', 'read_dataset_event_from_classic' retrieved from /home/airflow/.local/lib/python3.12/site-packages/airflow/example_dags/example_inlet_event_extra.py
[2025-07-16T07:39:45.016+0000] {logging_mixin.py:190} INFO - [2025-07-16T07:39:45.016+0000] {dag.py:3229} INFO - Sync 2 DAGs
[2025-07-16T07:39:45.043+0000] {logging_mixin.py:190} INFO - [2025-07-16T07:39:45.042+0000] {dag.py:4156} INFO - Setting next_dagrun for read_dataset_event to 2025-07-15 00:00:00+00:00, run_after=2025-07-16 00:00:00+00:00
[2025-07-16T07:39:45.048+0000] {logging_mixin.py:190} INFO - [2025-07-16T07:39:45.048+0000] {dag.py:4156} INFO - Setting next_dagrun for read_dataset_event_from_classic to 2025-07-15 00:00:00+00:00, run_after=2025-07-16 00:00:00+00:00
[2025-07-16T07:39:45.069+0000] {processor.py:208} INFO - Processing /home/airflow/.local/lib/python3.12/site-packages/airflow/example_dags/example_inlet_event_extra.py took 0.257 seconds
[2025-07-16T07:40:15.492+0000] {processor.py:186} INFO - Started process (PID=881) to work on /home/airflow/.local/lib/python3.12/site-packages/airflow/example_dags/example_inlet_event_extra.py
[2025-07-16T07:40:15.493+0000] {processor.py:914} INFO - Processing file /home/airflow/.local/lib/python3.12/site-packages/airflow/example_dags/example_inlet_event_extra.py for tasks to queue
[2025-07-16T07:40:15.495+0000] {logging_mixin.py:190} INFO - [2025-07-16T07:40:15.495+0000] {dagbag.py:587} INFO - Filling up the DagBag from /home/airflow/.local/lib/python3.12/site-packages/airflow/example_dags/example_inlet_event_extra.py
[2025-07-16T07:40:15.661+0000] {processor.py:925} INFO - DAG(s) 'read_dataset_event', 'read_dataset_event_from_classic' retrieved from /home/airflow/.local/lib/python3.12/site-packages/airflow/example_dags/example_inlet_event_extra.py
[2025-07-16T07:40:15.686+0000] {logging_mixin.py:190} INFO - [2025-07-16T07:40:15.686+0000] {dag.py:3229} INFO - Sync 2 DAGs
[2025-07-16T07:40:15.717+0000] {logging_mixin.py:190} INFO - [2025-07-16T07:40:15.716+0000] {dag.py:4156} INFO - Setting next_dagrun for read_dataset_event to 2025-07-15 00:00:00+00:00, run_after=2025-07-16 00:00:00+00:00
[2025-07-16T07:40:15.723+0000] {logging_mixin.py:190} INFO - [2025-07-16T07:40:15.722+0000] {dag.py:4156} INFO - Setting next_dagrun for read_dataset_event_from_classic to 2025-07-15 00:00:00+00:00, run_after=2025-07-16 00:00:00+00:00
[2025-07-16T07:40:15.743+0000] {processor.py:208} INFO - Processing /home/airflow/.local/lib/python3.12/site-packages/airflow/example_dags/example_inlet_event_extra.py took 0.258 seconds
[2025-07-16T07:40:46.265+0000] {processor.py:186} INFO - Started process (PID=938) to work on /home/airflow/.local/lib/python3.12/site-packages/airflow/example_dags/example_inlet_event_extra.py
[2025-07-16T07:40:46.267+0000] {processor.py:914} INFO - Processing file /home/airflow/.local/lib/python3.12/site-packages/airflow/example_dags/example_inlet_event_extra.py for tasks to queue
[2025-07-16T07:40:46.269+0000] {logging_mixin.py:190} INFO - [2025-07-16T07:40:46.269+0000] {dagbag.py:587} INFO - Filling up the DagBag from /home/airflow/.local/lib/python3.12/site-packages/airflow/example_dags/example_inlet_event_extra.py
[2025-07-16T07:40:46.436+0000] {processor.py:925} INFO - DAG(s) 'read_dataset_event', 'read_dataset_event_from_classic' retrieved from /home/airflow/.local/lib/python3.12/site-packages/airflow/example_dags/example_inlet_event_extra.py
[2025-07-16T07:40:46.460+0000] {logging_mixin.py:190} INFO - [2025-07-16T07:40:46.459+0000] {dag.py:3229} INFO - Sync 2 DAGs
[2025-07-16T07:40:46.486+0000] {logging_mixin.py:190} INFO - [2025-07-16T07:40:46.486+0000] {dag.py:4156} INFO - Setting next_dagrun for read_dataset_event to 2025-07-15 00:00:00+00:00, run_after=2025-07-16 00:00:00+00:00
[2025-07-16T07:40:46.492+0000] {logging_mixin.py:190} INFO - [2025-07-16T07:40:46.492+0000] {dag.py:4156} INFO - Setting next_dagrun for read_dataset_event_from_classic to 2025-07-15 00:00:00+00:00, run_after=2025-07-16 00:00:00+00:00
[2025-07-16T07:40:46.516+0000] {processor.py:208} INFO - Processing /home/airflow/.local/lib/python3.12/site-packages/airflow/example_dags/example_inlet_event_extra.py took 0.258 seconds
