[2025-07-16T07:10:12.306+0000] {processor.py:186} INFO - Started process (PID=49) to work on /home/airflow/.local/lib/python3.12/site-packages/airflow/example_dags/example_branch_day_of_week_operator.py
[2025-07-16T07:10:12.362+0000] {processor.py:914} INFO - Processing file /home/airflow/.local/lib/python3.12/site-packages/airflow/example_dags/example_branch_day_of_week_operator.py for tasks to queue
[2025-07-16T07:10:12.414+0000] {logging_mixin.py:190} INFO - [2025-07-16T07:10:12.404+0000] {dagbag.py:587} INFO - Filling up the DagBag from /home/airflow/.local/lib/python3.12/site-packages/airflow/example_dags/example_branch_day_of_week_operator.py
[2025-07-16T07:10:12.529+0000] {processor.py:925} INFO - DAG(s) 'example_weekday_branch_operator' retrieved from /home/airflow/.local/lib/python3.12/site-packages/airflow/example_dags/example_branch_day_of_week_operator.py
[2025-07-16T07:10:12.707+0000] {logging_mixin.py:190} INFO - [2025-07-16T07:10:12.707+0000] {dag.py:3229} INFO - Sync 1 DAGs
[2025-07-16T07:10:12.806+0000] {logging_mixin.py:190} INFO - [2025-07-16T07:10:12.805+0000] {dag.py:4156} INFO - Setting next_dagrun for example_weekday_branch_operator to 2025-07-15 00:00:00+00:00, run_after=2025-07-16 00:00:00+00:00
[2025-07-16T07:10:12.870+0000] {processor.py:208} INFO - Processing /home/airflow/.local/lib/python3.12/site-packages/airflow/example_dags/example_branch_day_of_week_operator.py took 0.862 seconds
[2025-07-16T07:10:43.589+0000] {processor.py:186} INFO - Started process (PID=106) to work on /home/airflow/.local/lib/python3.12/site-packages/airflow/example_dags/example_branch_day_of_week_operator.py
[2025-07-16T07:10:43.591+0000] {processor.py:914} INFO - Processing file /home/airflow/.local/lib/python3.12/site-packages/airflow/example_dags/example_branch_day_of_week_operator.py for tasks to queue
[2025-07-16T07:10:43.594+0000] {logging_mixin.py:190} INFO - [2025-07-16T07:10:43.593+0000] {dagbag.py:587} INFO - Filling up the DagBag from /home/airflow/.local/lib/python3.12/site-packages/airflow/example_dags/example_branch_day_of_week_operator.py
[2025-07-16T07:10:43.604+0000] {processor.py:925} INFO - DAG(s) 'example_weekday_branch_operator' retrieved from /home/airflow/.local/lib/python3.12/site-packages/airflow/example_dags/example_branch_day_of_week_operator.py
[2025-07-16T07:10:43.627+0000] {logging_mixin.py:190} INFO - [2025-07-16T07:10:43.627+0000] {dag.py:3229} INFO - Sync 1 DAGs
[2025-07-16T07:10:43.653+0000] {logging_mixin.py:190} INFO - [2025-07-16T07:10:43.653+0000] {dag.py:4156} INFO - Setting next_dagrun for example_weekday_branch_operator to 2025-07-15 00:00:00+00:00, run_after=2025-07-16 00:00:00+00:00
[2025-07-16T07:10:43.676+0000] {processor.py:208} INFO - Processing /home/airflow/.local/lib/python3.12/site-packages/airflow/example_dags/example_branch_day_of_week_operator.py took 0.094 seconds
[2025-07-16T07:11:13.895+0000] {processor.py:186} INFO - Started process (PID=163) to work on /home/airflow/.local/lib/python3.12/site-packages/airflow/example_dags/example_branch_day_of_week_operator.py
[2025-07-16T07:11:13.896+0000] {processor.py:914} INFO - Processing file /home/airflow/.local/lib/python3.12/site-packages/airflow/example_dags/example_branch_day_of_week_operator.py for tasks to queue
[2025-07-16T07:11:13.899+0000] {logging_mixin.py:190} INFO - [2025-07-16T07:11:13.898+0000] {dagbag.py:587} INFO - Filling up the DagBag from /home/airflow/.local/lib/python3.12/site-packages/airflow/example_dags/example_branch_day_of_week_operator.py
[2025-07-16T07:11:13.909+0000] {processor.py:925} INFO - DAG(s) 'example_weekday_branch_operator' retrieved from /home/airflow/.local/lib/python3.12/site-packages/airflow/example_dags/example_branch_day_of_week_operator.py
[2025-07-16T07:11:13.930+0000] {logging_mixin.py:190} INFO - [2025-07-16T07:11:13.930+0000] {dag.py:3229} INFO - Sync 1 DAGs
[2025-07-16T07:11:13.956+0000] {logging_mixin.py:190} INFO - [2025-07-16T07:11:13.956+0000] {dag.py:4156} INFO - Setting next_dagrun for example_weekday_branch_operator to 2025-07-15 00:00:00+00:00, run_after=2025-07-16 00:00:00+00:00
[2025-07-16T07:11:13.981+0000] {processor.py:208} INFO - Processing /home/airflow/.local/lib/python3.12/site-packages/airflow/example_dags/example_branch_day_of_week_operator.py took 0.093 seconds
[2025-07-16T07:11:44.323+0000] {processor.py:186} INFO - Started process (PID=220) to work on /home/airflow/.local/lib/python3.12/site-packages/airflow/example_dags/example_branch_day_of_week_operator.py
[2025-07-16T07:11:44.325+0000] {processor.py:914} INFO - Processing file /home/airflow/.local/lib/python3.12/site-packages/airflow/example_dags/example_branch_day_of_week_operator.py for tasks to queue
[2025-07-16T07:11:44.328+0000] {logging_mixin.py:190} INFO - [2025-07-16T07:11:44.327+0000] {dagbag.py:587} INFO - Filling up the DagBag from /home/airflow/.local/lib/python3.12/site-packages/airflow/example_dags/example_branch_day_of_week_operator.py
[2025-07-16T07:11:44.339+0000] {processor.py:925} INFO - DAG(s) 'example_weekday_branch_operator' retrieved from /home/airflow/.local/lib/python3.12/site-packages/airflow/example_dags/example_branch_day_of_week_operator.py
[2025-07-16T07:11:44.363+0000] {logging_mixin.py:190} INFO - [2025-07-16T07:11:44.363+0000] {dag.py:3229} INFO - Sync 1 DAGs
[2025-07-16T07:11:44.395+0000] {logging_mixin.py:190} INFO - [2025-07-16T07:11:44.395+0000] {dag.py:4156} INFO - Setting next_dagrun for example_weekday_branch_operator to 2025-07-15 00:00:00+00:00, run_after=2025-07-16 00:00:00+00:00
[2025-07-16T07:11:44.433+0000] {processor.py:208} INFO - Processing /home/airflow/.local/lib/python3.12/site-packages/airflow/example_dags/example_branch_day_of_week_operator.py took 0.116 seconds
[2025-07-16T07:12:14.850+0000] {processor.py:186} INFO - Started process (PID=277) to work on /home/airflow/.local/lib/python3.12/site-packages/airflow/example_dags/example_branch_day_of_week_operator.py
[2025-07-16T07:12:14.852+0000] {processor.py:914} INFO - Processing file /home/airflow/.local/lib/python3.12/site-packages/airflow/example_dags/example_branch_day_of_week_operator.py for tasks to queue
[2025-07-16T07:12:14.855+0000] {logging_mixin.py:190} INFO - [2025-07-16T07:12:14.854+0000] {dagbag.py:587} INFO - Filling up the DagBag from /home/airflow/.local/lib/python3.12/site-packages/airflow/example_dags/example_branch_day_of_week_operator.py
[2025-07-16T07:12:14.868+0000] {processor.py:925} INFO - DAG(s) 'example_weekday_branch_operator' retrieved from /home/airflow/.local/lib/python3.12/site-packages/airflow/example_dags/example_branch_day_of_week_operator.py
[2025-07-16T07:12:14.896+0000] {logging_mixin.py:190} INFO - [2025-07-16T07:12:14.896+0000] {dag.py:3229} INFO - Sync 1 DAGs
[2025-07-16T07:12:14.936+0000] {logging_mixin.py:190} INFO - [2025-07-16T07:12:14.936+0000] {dag.py:4156} INFO - Setting next_dagrun for example_weekday_branch_operator to 2025-07-15 00:00:00+00:00, run_after=2025-07-16 00:00:00+00:00
[2025-07-16T07:12:14.975+0000] {processor.py:208} INFO - Processing /home/airflow/.local/lib/python3.12/site-packages/airflow/example_dags/example_branch_day_of_week_operator.py took 0.132 seconds
[2025-07-16T07:12:45.736+0000] {processor.py:186} INFO - Started process (PID=334) to work on /home/airflow/.local/lib/python3.12/site-packages/airflow/example_dags/example_branch_day_of_week_operator.py
[2025-07-16T07:12:45.737+0000] {processor.py:914} INFO - Processing file /home/airflow/.local/lib/python3.12/site-packages/airflow/example_dags/example_branch_day_of_week_operator.py for tasks to queue
[2025-07-16T07:12:45.739+0000] {logging_mixin.py:190} INFO - [2025-07-16T07:12:45.739+0000] {dagbag.py:587} INFO - Filling up the DagBag from /home/airflow/.local/lib/python3.12/site-packages/airflow/example_dags/example_branch_day_of_week_operator.py
[2025-07-16T07:12:45.753+0000] {processor.py:925} INFO - DAG(s) 'example_weekday_branch_operator' retrieved from /home/airflow/.local/lib/python3.12/site-packages/airflow/example_dags/example_branch_day_of_week_operator.py
[2025-07-16T07:12:45.777+0000] {logging_mixin.py:190} INFO - [2025-07-16T07:12:45.776+0000] {dag.py:3229} INFO - Sync 1 DAGs
[2025-07-16T07:12:45.805+0000] {logging_mixin.py:190} INFO - [2025-07-16T07:12:45.805+0000] {dag.py:4156} INFO - Setting next_dagrun for example_weekday_branch_operator to 2025-07-15 00:00:00+00:00, run_after=2025-07-16 00:00:00+00:00
[2025-07-16T07:12:45.835+0000] {processor.py:208} INFO - Processing /home/airflow/.local/lib/python3.12/site-packages/airflow/example_dags/example_branch_day_of_week_operator.py took 0.108 seconds
[2025-07-16T07:13:15.891+0000] {processor.py:186} INFO - Started process (PID=391) to work on /home/airflow/.local/lib/python3.12/site-packages/airflow/example_dags/example_branch_day_of_week_operator.py
[2025-07-16T07:13:15.893+0000] {processor.py:914} INFO - Processing file /home/airflow/.local/lib/python3.12/site-packages/airflow/example_dags/example_branch_day_of_week_operator.py for tasks to queue
[2025-07-16T07:13:15.896+0000] {logging_mixin.py:190} INFO - [2025-07-16T07:13:15.896+0000] {dagbag.py:587} INFO - Filling up the DagBag from /home/airflow/.local/lib/python3.12/site-packages/airflow/example_dags/example_branch_day_of_week_operator.py
[2025-07-16T07:13:15.907+0000] {processor.py:925} INFO - DAG(s) 'example_weekday_branch_operator' retrieved from /home/airflow/.local/lib/python3.12/site-packages/airflow/example_dags/example_branch_day_of_week_operator.py
[2025-07-16T07:13:15.931+0000] {logging_mixin.py:190} INFO - [2025-07-16T07:13:15.931+0000] {dag.py:3229} INFO - Sync 1 DAGs
[2025-07-16T07:13:15.958+0000] {logging_mixin.py:190} INFO - [2025-07-16T07:13:15.957+0000] {dag.py:4156} INFO - Setting next_dagrun for example_weekday_branch_operator to 2025-07-15 00:00:00+00:00, run_after=2025-07-16 00:00:00+00:00
[2025-07-16T07:13:15.989+0000] {processor.py:208} INFO - Processing /home/airflow/.local/lib/python3.12/site-packages/airflow/example_dags/example_branch_day_of_week_operator.py took 0.105 seconds
[2025-07-16T07:13:46.343+0000] {processor.py:186} INFO - Started process (PID=448) to work on /home/airflow/.local/lib/python3.12/site-packages/airflow/example_dags/example_branch_day_of_week_operator.py
[2025-07-16T07:13:46.344+0000] {processor.py:914} INFO - Processing file /home/airflow/.local/lib/python3.12/site-packages/airflow/example_dags/example_branch_day_of_week_operator.py for tasks to queue
[2025-07-16T07:13:46.347+0000] {logging_mixin.py:190} INFO - [2025-07-16T07:13:46.346+0000] {dagbag.py:587} INFO - Filling up the DagBag from /home/airflow/.local/lib/python3.12/site-packages/airflow/example_dags/example_branch_day_of_week_operator.py
[2025-07-16T07:13:46.357+0000] {processor.py:925} INFO - DAG(s) 'example_weekday_branch_operator' retrieved from /home/airflow/.local/lib/python3.12/site-packages/airflow/example_dags/example_branch_day_of_week_operator.py
[2025-07-16T07:13:46.380+0000] {logging_mixin.py:190} INFO - [2025-07-16T07:13:46.380+0000] {dag.py:3229} INFO - Sync 1 DAGs
[2025-07-16T07:13:46.408+0000] {logging_mixin.py:190} INFO - [2025-07-16T07:13:46.407+0000] {dag.py:4156} INFO - Setting next_dagrun for example_weekday_branch_operator to 2025-07-15 00:00:00+00:00, run_after=2025-07-16 00:00:00+00:00
[2025-07-16T07:13:46.433+0000] {processor.py:208} INFO - Processing /home/airflow/.local/lib/python3.12/site-packages/airflow/example_dags/example_branch_day_of_week_operator.py took 0.096 seconds
[2025-07-16T07:14:16.619+0000] {processor.py:186} INFO - Started process (PID=505) to work on /home/airflow/.local/lib/python3.12/site-packages/airflow/example_dags/example_branch_day_of_week_operator.py
[2025-07-16T07:14:16.621+0000] {processor.py:914} INFO - Processing file /home/airflow/.local/lib/python3.12/site-packages/airflow/example_dags/example_branch_day_of_week_operator.py for tasks to queue
[2025-07-16T07:14:16.623+0000] {logging_mixin.py:190} INFO - [2025-07-16T07:14:16.623+0000] {dagbag.py:587} INFO - Filling up the DagBag from /home/airflow/.local/lib/python3.12/site-packages/airflow/example_dags/example_branch_day_of_week_operator.py
[2025-07-16T07:14:16.634+0000] {processor.py:925} INFO - DAG(s) 'example_weekday_branch_operator' retrieved from /home/airflow/.local/lib/python3.12/site-packages/airflow/example_dags/example_branch_day_of_week_operator.py
[2025-07-16T07:14:16.655+0000] {logging_mixin.py:190} INFO - [2025-07-16T07:14:16.655+0000] {dag.py:3229} INFO - Sync 1 DAGs
[2025-07-16T07:14:16.679+0000] {logging_mixin.py:190} INFO - [2025-07-16T07:14:16.679+0000] {dag.py:4156} INFO - Setting next_dagrun for example_weekday_branch_operator to 2025-07-15 00:00:00+00:00, run_after=2025-07-16 00:00:00+00:00
[2025-07-16T07:14:16.700+0000] {processor.py:208} INFO - Processing /home/airflow/.local/lib/python3.12/site-packages/airflow/example_dags/example_branch_day_of_week_operator.py took 0.087 seconds
[2025-07-16T07:14:47.144+0000] {processor.py:186} INFO - Started process (PID=562) to work on /home/airflow/.local/lib/python3.12/site-packages/airflow/example_dags/example_branch_day_of_week_operator.py
[2025-07-16T07:14:47.145+0000] {processor.py:914} INFO - Processing file /home/airflow/.local/lib/python3.12/site-packages/airflow/example_dags/example_branch_day_of_week_operator.py for tasks to queue
[2025-07-16T07:14:47.148+0000] {logging_mixin.py:190} INFO - [2025-07-16T07:14:47.148+0000] {dagbag.py:587} INFO - Filling up the DagBag from /home/airflow/.local/lib/python3.12/site-packages/airflow/example_dags/example_branch_day_of_week_operator.py
[2025-07-16T07:14:47.158+0000] {processor.py:925} INFO - DAG(s) 'example_weekday_branch_operator' retrieved from /home/airflow/.local/lib/python3.12/site-packages/airflow/example_dags/example_branch_day_of_week_operator.py
[2025-07-16T07:14:47.180+0000] {logging_mixin.py:190} INFO - [2025-07-16T07:14:47.180+0000] {dag.py:3229} INFO - Sync 1 DAGs
[2025-07-16T07:14:47.206+0000] {logging_mixin.py:190} INFO - [2025-07-16T07:14:47.206+0000] {dag.py:4156} INFO - Setting next_dagrun for example_weekday_branch_operator to 2025-07-15 00:00:00+00:00, run_after=2025-07-16 00:00:00+00:00
[2025-07-16T07:14:47.231+0000] {processor.py:208} INFO - Processing /home/airflow/.local/lib/python3.12/site-packages/airflow/example_dags/example_branch_day_of_week_operator.py took 0.093 seconds
[2025-07-16T07:15:18.030+0000] {processor.py:186} INFO - Started process (PID=619) to work on /home/airflow/.local/lib/python3.12/site-packages/airflow/example_dags/example_branch_day_of_week_operator.py
[2025-07-16T07:15:18.032+0000] {processor.py:914} INFO - Processing file /home/airflow/.local/lib/python3.12/site-packages/airflow/example_dags/example_branch_day_of_week_operator.py for tasks to queue
[2025-07-16T07:15:18.035+0000] {logging_mixin.py:190} INFO - [2025-07-16T07:15:18.035+0000] {dagbag.py:587} INFO - Filling up the DagBag from /home/airflow/.local/lib/python3.12/site-packages/airflow/example_dags/example_branch_day_of_week_operator.py
[2025-07-16T07:15:18.057+0000] {processor.py:925} INFO - DAG(s) 'example_weekday_branch_operator' retrieved from /home/airflow/.local/lib/python3.12/site-packages/airflow/example_dags/example_branch_day_of_week_operator.py
[2025-07-16T07:15:18.083+0000] {logging_mixin.py:190} INFO - [2025-07-16T07:15:18.083+0000] {dag.py:3229} INFO - Sync 1 DAGs
[2025-07-16T07:15:18.112+0000] {logging_mixin.py:190} INFO - [2025-07-16T07:15:18.112+0000] {dag.py:4156} INFO - Setting next_dagrun for example_weekday_branch_operator to 2025-07-15 00:00:00+00:00, run_after=2025-07-16 00:00:00+00:00
[2025-07-16T07:15:18.140+0000] {processor.py:208} INFO - Processing /home/airflow/.local/lib/python3.12/site-packages/airflow/example_dags/example_branch_day_of_week_operator.py took 0.117 seconds
[2025-07-16T07:15:48.468+0000] {processor.py:186} INFO - Started process (PID=676) to work on /home/airflow/.local/lib/python3.12/site-packages/airflow/example_dags/example_branch_day_of_week_operator.py
[2025-07-16T07:15:48.470+0000] {processor.py:914} INFO - Processing file /home/airflow/.local/lib/python3.12/site-packages/airflow/example_dags/example_branch_day_of_week_operator.py for tasks to queue
[2025-07-16T07:15:48.473+0000] {logging_mixin.py:190} INFO - [2025-07-16T07:15:48.472+0000] {dagbag.py:587} INFO - Filling up the DagBag from /home/airflow/.local/lib/python3.12/site-packages/airflow/example_dags/example_branch_day_of_week_operator.py
[2025-07-16T07:15:48.483+0000] {processor.py:925} INFO - DAG(s) 'example_weekday_branch_operator' retrieved from /home/airflow/.local/lib/python3.12/site-packages/airflow/example_dags/example_branch_day_of_week_operator.py
[2025-07-16T07:15:48.506+0000] {logging_mixin.py:190} INFO - [2025-07-16T07:15:48.506+0000] {dag.py:3229} INFO - Sync 1 DAGs
[2025-07-16T07:15:48.529+0000] {logging_mixin.py:190} INFO - [2025-07-16T07:15:48.529+0000] {dag.py:4156} INFO - Setting next_dagrun for example_weekday_branch_operator to 2025-07-15 00:00:00+00:00, run_after=2025-07-16 00:00:00+00:00
[2025-07-16T07:15:48.553+0000] {processor.py:208} INFO - Processing /home/airflow/.local/lib/python3.12/site-packages/airflow/example_dags/example_branch_day_of_week_operator.py took 0.091 seconds
[2025-07-16T07:16:19.105+0000] {processor.py:186} INFO - Started process (PID=733) to work on /home/airflow/.local/lib/python3.12/site-packages/airflow/example_dags/example_branch_day_of_week_operator.py
[2025-07-16T07:16:19.107+0000] {processor.py:914} INFO - Processing file /home/airflow/.local/lib/python3.12/site-packages/airflow/example_dags/example_branch_day_of_week_operator.py for tasks to queue
[2025-07-16T07:16:19.110+0000] {logging_mixin.py:190} INFO - [2025-07-16T07:16:19.109+0000] {dagbag.py:587} INFO - Filling up the DagBag from /home/airflow/.local/lib/python3.12/site-packages/airflow/example_dags/example_branch_day_of_week_operator.py
[2025-07-16T07:16:19.119+0000] {processor.py:925} INFO - DAG(s) 'example_weekday_branch_operator' retrieved from /home/airflow/.local/lib/python3.12/site-packages/airflow/example_dags/example_branch_day_of_week_operator.py
[2025-07-16T07:16:19.142+0000] {logging_mixin.py:190} INFO - [2025-07-16T07:16:19.142+0000] {dag.py:3229} INFO - Sync 1 DAGs
[2025-07-16T07:16:19.173+0000] {logging_mixin.py:190} INFO - [2025-07-16T07:16:19.172+0000] {dag.py:4156} INFO - Setting next_dagrun for example_weekday_branch_operator to 2025-07-15 00:00:00+00:00, run_after=2025-07-16 00:00:00+00:00
[2025-07-16T07:16:19.200+0000] {processor.py:208} INFO - Processing /home/airflow/.local/lib/python3.12/site-packages/airflow/example_dags/example_branch_day_of_week_operator.py took 0.102 seconds
[2025-07-16T07:16:49.593+0000] {processor.py:186} INFO - Started process (PID=790) to work on /home/airflow/.local/lib/python3.12/site-packages/airflow/example_dags/example_branch_day_of_week_operator.py
[2025-07-16T07:16:49.595+0000] {processor.py:914} INFO - Processing file /home/airflow/.local/lib/python3.12/site-packages/airflow/example_dags/example_branch_day_of_week_operator.py for tasks to queue
[2025-07-16T07:16:49.598+0000] {logging_mixin.py:190} INFO - [2025-07-16T07:16:49.598+0000] {dagbag.py:587} INFO - Filling up the DagBag from /home/airflow/.local/lib/python3.12/site-packages/airflow/example_dags/example_branch_day_of_week_operator.py
[2025-07-16T07:16:49.608+0000] {processor.py:925} INFO - DAG(s) 'example_weekday_branch_operator' retrieved from /home/airflow/.local/lib/python3.12/site-packages/airflow/example_dags/example_branch_day_of_week_operator.py
[2025-07-16T07:16:49.632+0000] {logging_mixin.py:190} INFO - [2025-07-16T07:16:49.631+0000] {dag.py:3229} INFO - Sync 1 DAGs
[2025-07-16T07:16:49.658+0000] {logging_mixin.py:190} INFO - [2025-07-16T07:16:49.658+0000] {dag.py:4156} INFO - Setting next_dagrun for example_weekday_branch_operator to 2025-07-15 00:00:00+00:00, run_after=2025-07-16 00:00:00+00:00
[2025-07-16T07:16:49.684+0000] {processor.py:208} INFO - Processing /home/airflow/.local/lib/python3.12/site-packages/airflow/example_dags/example_branch_day_of_week_operator.py took 0.097 seconds
[2025-07-16T07:17:20.357+0000] {processor.py:186} INFO - Started process (PID=847) to work on /home/airflow/.local/lib/python3.12/site-packages/airflow/example_dags/example_branch_day_of_week_operator.py
[2025-07-16T07:17:20.358+0000] {processor.py:914} INFO - Processing file /home/airflow/.local/lib/python3.12/site-packages/airflow/example_dags/example_branch_day_of_week_operator.py for tasks to queue
[2025-07-16T07:17:20.360+0000] {logging_mixin.py:190} INFO - [2025-07-16T07:17:20.360+0000] {dagbag.py:587} INFO - Filling up the DagBag from /home/airflow/.local/lib/python3.12/site-packages/airflow/example_dags/example_branch_day_of_week_operator.py
[2025-07-16T07:17:20.371+0000] {processor.py:925} INFO - DAG(s) 'example_weekday_branch_operator' retrieved from /home/airflow/.local/lib/python3.12/site-packages/airflow/example_dags/example_branch_day_of_week_operator.py
[2025-07-16T07:17:20.394+0000] {logging_mixin.py:190} INFO - [2025-07-16T07:17:20.393+0000] {dag.py:3229} INFO - Sync 1 DAGs
[2025-07-16T07:17:20.421+0000] {logging_mixin.py:190} INFO - [2025-07-16T07:17:20.420+0000] {dag.py:4156} INFO - Setting next_dagrun for example_weekday_branch_operator to 2025-07-15 00:00:00+00:00, run_after=2025-07-16 00:00:00+00:00
[2025-07-16T07:17:20.446+0000] {processor.py:208} INFO - Processing /home/airflow/.local/lib/python3.12/site-packages/airflow/example_dags/example_branch_day_of_week_operator.py took 0.097 seconds
[2025-07-16T07:17:50.830+0000] {processor.py:186} INFO - Started process (PID=904) to work on /home/airflow/.local/lib/python3.12/site-packages/airflow/example_dags/example_branch_day_of_week_operator.py
[2025-07-16T07:17:50.831+0000] {processor.py:914} INFO - Processing file /home/airflow/.local/lib/python3.12/site-packages/airflow/example_dags/example_branch_day_of_week_operator.py for tasks to queue
[2025-07-16T07:17:50.833+0000] {logging_mixin.py:190} INFO - [2025-07-16T07:17:50.833+0000] {dagbag.py:587} INFO - Filling up the DagBag from /home/airflow/.local/lib/python3.12/site-packages/airflow/example_dags/example_branch_day_of_week_operator.py
[2025-07-16T07:17:50.843+0000] {processor.py:925} INFO - DAG(s) 'example_weekday_branch_operator' retrieved from /home/airflow/.local/lib/python3.12/site-packages/airflow/example_dags/example_branch_day_of_week_operator.py
[2025-07-16T07:17:50.866+0000] {logging_mixin.py:190} INFO - [2025-07-16T07:17:50.866+0000] {dag.py:3229} INFO - Sync 1 DAGs
[2025-07-16T07:17:50.894+0000] {logging_mixin.py:190} INFO - [2025-07-16T07:17:50.894+0000] {dag.py:4156} INFO - Setting next_dagrun for example_weekday_branch_operator to 2025-07-15 00:00:00+00:00, run_after=2025-07-16 00:00:00+00:00
[2025-07-16T07:17:50.920+0000] {processor.py:208} INFO - Processing /home/airflow/.local/lib/python3.12/site-packages/airflow/example_dags/example_branch_day_of_week_operator.py took 0.096 seconds
[2025-07-16T07:18:21.586+0000] {processor.py:186} INFO - Started process (PID=961) to work on /home/airflow/.local/lib/python3.12/site-packages/airflow/example_dags/example_branch_day_of_week_operator.py
[2025-07-16T07:18:21.588+0000] {processor.py:914} INFO - Processing file /home/airflow/.local/lib/python3.12/site-packages/airflow/example_dags/example_branch_day_of_week_operator.py for tasks to queue
[2025-07-16T07:18:21.591+0000] {logging_mixin.py:190} INFO - [2025-07-16T07:18:21.591+0000] {dagbag.py:587} INFO - Filling up the DagBag from /home/airflow/.local/lib/python3.12/site-packages/airflow/example_dags/example_branch_day_of_week_operator.py
[2025-07-16T07:18:21.601+0000] {processor.py:925} INFO - DAG(s) 'example_weekday_branch_operator' retrieved from /home/airflow/.local/lib/python3.12/site-packages/airflow/example_dags/example_branch_day_of_week_operator.py
[2025-07-16T07:18:21.626+0000] {logging_mixin.py:190} INFO - [2025-07-16T07:18:21.625+0000] {dag.py:3229} INFO - Sync 1 DAGs
[2025-07-16T07:18:21.659+0000] {logging_mixin.py:190} INFO - [2025-07-16T07:18:21.659+0000] {dag.py:4156} INFO - Setting next_dagrun for example_weekday_branch_operator to 2025-07-15 00:00:00+00:00, run_after=2025-07-16 00:00:00+00:00
[2025-07-16T07:18:21.692+0000] {processor.py:208} INFO - Processing /home/airflow/.local/lib/python3.12/site-packages/airflow/example_dags/example_branch_day_of_week_operator.py took 0.111 seconds
[2025-07-16T07:18:52.421+0000] {processor.py:186} INFO - Started process (PID=1018) to work on /home/airflow/.local/lib/python3.12/site-packages/airflow/example_dags/example_branch_day_of_week_operator.py
[2025-07-16T07:18:52.422+0000] {processor.py:914} INFO - Processing file /home/airflow/.local/lib/python3.12/site-packages/airflow/example_dags/example_branch_day_of_week_operator.py for tasks to queue
[2025-07-16T07:18:52.424+0000] {logging_mixin.py:190} INFO - [2025-07-16T07:18:52.424+0000] {dagbag.py:587} INFO - Filling up the DagBag from /home/airflow/.local/lib/python3.12/site-packages/airflow/example_dags/example_branch_day_of_week_operator.py
[2025-07-16T07:18:52.435+0000] {processor.py:925} INFO - DAG(s) 'example_weekday_branch_operator' retrieved from /home/airflow/.local/lib/python3.12/site-packages/airflow/example_dags/example_branch_day_of_week_operator.py
[2025-07-16T07:18:52.460+0000] {logging_mixin.py:190} INFO - [2025-07-16T07:18:52.459+0000] {dag.py:3229} INFO - Sync 1 DAGs
[2025-07-16T07:18:52.489+0000] {logging_mixin.py:190} INFO - [2025-07-16T07:18:52.488+0000] {dag.py:4156} INFO - Setting next_dagrun for example_weekday_branch_operator to 2025-07-15 00:00:00+00:00, run_after=2025-07-16 00:00:00+00:00
[2025-07-16T07:18:52.515+0000] {processor.py:208} INFO - Processing /home/airflow/.local/lib/python3.12/site-packages/airflow/example_dags/example_branch_day_of_week_operator.py took 0.101 seconds
[2025-07-16T07:19:22.839+0000] {processor.py:186} INFO - Started process (PID=1075) to work on /home/airflow/.local/lib/python3.12/site-packages/airflow/example_dags/example_branch_day_of_week_operator.py
[2025-07-16T07:19:22.840+0000] {processor.py:914} INFO - Processing file /home/airflow/.local/lib/python3.12/site-packages/airflow/example_dags/example_branch_day_of_week_operator.py for tasks to queue
[2025-07-16T07:19:22.842+0000] {logging_mixin.py:190} INFO - [2025-07-16T07:19:22.842+0000] {dagbag.py:587} INFO - Filling up the DagBag from /home/airflow/.local/lib/python3.12/site-packages/airflow/example_dags/example_branch_day_of_week_operator.py
[2025-07-16T07:19:22.854+0000] {processor.py:925} INFO - DAG(s) 'example_weekday_branch_operator' retrieved from /home/airflow/.local/lib/python3.12/site-packages/airflow/example_dags/example_branch_day_of_week_operator.py
[2025-07-16T07:19:22.875+0000] {logging_mixin.py:190} INFO - [2025-07-16T07:19:22.875+0000] {dag.py:3229} INFO - Sync 1 DAGs
[2025-07-16T07:19:22.901+0000] {logging_mixin.py:190} INFO - [2025-07-16T07:19:22.901+0000] {dag.py:4156} INFO - Setting next_dagrun for example_weekday_branch_operator to 2025-07-15 00:00:00+00:00, run_after=2025-07-16 00:00:00+00:00
[2025-07-16T07:19:22.928+0000] {processor.py:208} INFO - Processing /home/airflow/.local/lib/python3.12/site-packages/airflow/example_dags/example_branch_day_of_week_operator.py took 0.096 seconds
[2025-07-16T07:19:53.294+0000] {processor.py:186} INFO - Started process (PID=1132) to work on /home/airflow/.local/lib/python3.12/site-packages/airflow/example_dags/example_branch_day_of_week_operator.py
[2025-07-16T07:19:53.296+0000] {processor.py:914} INFO - Processing file /home/airflow/.local/lib/python3.12/site-packages/airflow/example_dags/example_branch_day_of_week_operator.py for tasks to queue
[2025-07-16T07:19:53.298+0000] {logging_mixin.py:190} INFO - [2025-07-16T07:19:53.298+0000] {dagbag.py:587} INFO - Filling up the DagBag from /home/airflow/.local/lib/python3.12/site-packages/airflow/example_dags/example_branch_day_of_week_operator.py
[2025-07-16T07:19:53.308+0000] {processor.py:925} INFO - DAG(s) 'example_weekday_branch_operator' retrieved from /home/airflow/.local/lib/python3.12/site-packages/airflow/example_dags/example_branch_day_of_week_operator.py
[2025-07-16T07:19:53.331+0000] {logging_mixin.py:190} INFO - [2025-07-16T07:19:53.330+0000] {dag.py:3229} INFO - Sync 1 DAGs
[2025-07-16T07:19:53.355+0000] {logging_mixin.py:190} INFO - [2025-07-16T07:19:53.354+0000] {dag.py:4156} INFO - Setting next_dagrun for example_weekday_branch_operator to 2025-07-15 00:00:00+00:00, run_after=2025-07-16 00:00:00+00:00
[2025-07-16T07:19:53.379+0000] {processor.py:208} INFO - Processing /home/airflow/.local/lib/python3.12/site-packages/airflow/example_dags/example_branch_day_of_week_operator.py took 0.091 seconds
[2025-07-16T07:20:23.777+0000] {processor.py:186} INFO - Started process (PID=1189) to work on /home/airflow/.local/lib/python3.12/site-packages/airflow/example_dags/example_branch_day_of_week_operator.py
[2025-07-16T07:20:23.778+0000] {processor.py:914} INFO - Processing file /home/airflow/.local/lib/python3.12/site-packages/airflow/example_dags/example_branch_day_of_week_operator.py for tasks to queue
[2025-07-16T07:20:23.781+0000] {logging_mixin.py:190} INFO - [2025-07-16T07:20:23.781+0000] {dagbag.py:587} INFO - Filling up the DagBag from /home/airflow/.local/lib/python3.12/site-packages/airflow/example_dags/example_branch_day_of_week_operator.py
[2025-07-16T07:20:23.791+0000] {processor.py:925} INFO - DAG(s) 'example_weekday_branch_operator' retrieved from /home/airflow/.local/lib/python3.12/site-packages/airflow/example_dags/example_branch_day_of_week_operator.py
[2025-07-16T07:20:23.814+0000] {logging_mixin.py:190} INFO - [2025-07-16T07:20:23.814+0000] {dag.py:3229} INFO - Sync 1 DAGs
[2025-07-16T07:20:23.839+0000] {logging_mixin.py:190} INFO - [2025-07-16T07:20:23.839+0000] {dag.py:4156} INFO - Setting next_dagrun for example_weekday_branch_operator to 2025-07-15 00:00:00+00:00, run_after=2025-07-16 00:00:00+00:00
[2025-07-16T07:20:23.861+0000] {processor.py:208} INFO - Processing /home/airflow/.local/lib/python3.12/site-packages/airflow/example_dags/example_branch_day_of_week_operator.py took 0.090 seconds
[2025-07-16T07:20:54.533+0000] {processor.py:186} INFO - Started process (PID=1246) to work on /home/airflow/.local/lib/python3.12/site-packages/airflow/example_dags/example_branch_day_of_week_operator.py
[2025-07-16T07:20:54.534+0000] {processor.py:914} INFO - Processing file /home/airflow/.local/lib/python3.12/site-packages/airflow/example_dags/example_branch_day_of_week_operator.py for tasks to queue
[2025-07-16T07:20:54.536+0000] {logging_mixin.py:190} INFO - [2025-07-16T07:20:54.536+0000] {dagbag.py:587} INFO - Filling up the DagBag from /home/airflow/.local/lib/python3.12/site-packages/airflow/example_dags/example_branch_day_of_week_operator.py
[2025-07-16T07:20:54.547+0000] {processor.py:925} INFO - DAG(s) 'example_weekday_branch_operator' retrieved from /home/airflow/.local/lib/python3.12/site-packages/airflow/example_dags/example_branch_day_of_week_operator.py
[2025-07-16T07:20:54.572+0000] {logging_mixin.py:190} INFO - [2025-07-16T07:20:54.571+0000] {dag.py:3229} INFO - Sync 1 DAGs
[2025-07-16T07:20:54.600+0000] {logging_mixin.py:190} INFO - [2025-07-16T07:20:54.599+0000] {dag.py:4156} INFO - Setting next_dagrun for example_weekday_branch_operator to 2025-07-15 00:00:00+00:00, run_after=2025-07-16 00:00:00+00:00
[2025-07-16T07:20:54.633+0000] {processor.py:208} INFO - Processing /home/airflow/.local/lib/python3.12/site-packages/airflow/example_dags/example_branch_day_of_week_operator.py took 0.107 seconds
[2025-07-16T07:21:25.352+0000] {processor.py:186} INFO - Started process (PID=1303) to work on /home/airflow/.local/lib/python3.12/site-packages/airflow/example_dags/example_branch_day_of_week_operator.py
[2025-07-16T07:21:25.354+0000] {processor.py:914} INFO - Processing file /home/airflow/.local/lib/python3.12/site-packages/airflow/example_dags/example_branch_day_of_week_operator.py for tasks to queue
[2025-07-16T07:21:25.358+0000] {logging_mixin.py:190} INFO - [2025-07-16T07:21:25.357+0000] {dagbag.py:587} INFO - Filling up the DagBag from /home/airflow/.local/lib/python3.12/site-packages/airflow/example_dags/example_branch_day_of_week_operator.py
[2025-07-16T07:21:25.371+0000] {processor.py:925} INFO - DAG(s) 'example_weekday_branch_operator' retrieved from /home/airflow/.local/lib/python3.12/site-packages/airflow/example_dags/example_branch_day_of_week_operator.py
[2025-07-16T07:21:25.405+0000] {logging_mixin.py:190} INFO - [2025-07-16T07:21:25.404+0000] {dag.py:3229} INFO - Sync 1 DAGs
[2025-07-16T07:21:25.467+0000] {logging_mixin.py:190} INFO - [2025-07-16T07:21:25.466+0000] {dag.py:4156} INFO - Setting next_dagrun for example_weekday_branch_operator to 2025-07-15 00:00:00+00:00, run_after=2025-07-16 00:00:00+00:00
[2025-07-16T07:21:25.513+0000] {processor.py:208} INFO - Processing /home/airflow/.local/lib/python3.12/site-packages/airflow/example_dags/example_branch_day_of_week_operator.py took 0.170 seconds
[2025-07-16T07:21:56.162+0000] {processor.py:186} INFO - Started process (PID=1360) to work on /home/airflow/.local/lib/python3.12/site-packages/airflow/example_dags/example_branch_day_of_week_operator.py
[2025-07-16T07:21:56.163+0000] {processor.py:914} INFO - Processing file /home/airflow/.local/lib/python3.12/site-packages/airflow/example_dags/example_branch_day_of_week_operator.py for tasks to queue
[2025-07-16T07:21:56.166+0000] {logging_mixin.py:190} INFO - [2025-07-16T07:21:56.165+0000] {dagbag.py:587} INFO - Filling up the DagBag from /home/airflow/.local/lib/python3.12/site-packages/airflow/example_dags/example_branch_day_of_week_operator.py
[2025-07-16T07:21:56.176+0000] {processor.py:925} INFO - DAG(s) 'example_weekday_branch_operator' retrieved from /home/airflow/.local/lib/python3.12/site-packages/airflow/example_dags/example_branch_day_of_week_operator.py
[2025-07-16T07:21:56.199+0000] {logging_mixin.py:190} INFO - [2025-07-16T07:21:56.199+0000] {dag.py:3229} INFO - Sync 1 DAGs
[2025-07-16T07:21:56.230+0000] {logging_mixin.py:190} INFO - [2025-07-16T07:21:56.230+0000] {dag.py:4156} INFO - Setting next_dagrun for example_weekday_branch_operator to 2025-07-15 00:00:00+00:00, run_after=2025-07-16 00:00:00+00:00
[2025-07-16T07:21:56.255+0000] {processor.py:208} INFO - Processing /home/airflow/.local/lib/python3.12/site-packages/airflow/example_dags/example_branch_day_of_week_operator.py took 0.099 seconds
[2025-07-16T07:22:26.818+0000] {processor.py:186} INFO - Started process (PID=1417) to work on /home/airflow/.local/lib/python3.12/site-packages/airflow/example_dags/example_branch_day_of_week_operator.py
[2025-07-16T07:22:26.819+0000] {processor.py:914} INFO - Processing file /home/airflow/.local/lib/python3.12/site-packages/airflow/example_dags/example_branch_day_of_week_operator.py for tasks to queue
[2025-07-16T07:22:26.822+0000] {logging_mixin.py:190} INFO - [2025-07-16T07:22:26.822+0000] {dagbag.py:587} INFO - Filling up the DagBag from /home/airflow/.local/lib/python3.12/site-packages/airflow/example_dags/example_branch_day_of_week_operator.py
[2025-07-16T07:22:26.833+0000] {processor.py:925} INFO - DAG(s) 'example_weekday_branch_operator' retrieved from /home/airflow/.local/lib/python3.12/site-packages/airflow/example_dags/example_branch_day_of_week_operator.py
[2025-07-16T07:22:26.863+0000] {logging_mixin.py:190} INFO - [2025-07-16T07:22:26.863+0000] {dag.py:3229} INFO - Sync 1 DAGs
[2025-07-16T07:22:26.895+0000] {logging_mixin.py:190} INFO - [2025-07-16T07:22:26.895+0000] {dag.py:4156} INFO - Setting next_dagrun for example_weekday_branch_operator to 2025-07-15 00:00:00+00:00, run_after=2025-07-16 00:00:00+00:00
[2025-07-16T07:22:26.921+0000] {processor.py:208} INFO - Processing /home/airflow/.local/lib/python3.12/site-packages/airflow/example_dags/example_branch_day_of_week_operator.py took 0.110 seconds
[2025-07-16T07:22:56.984+0000] {processor.py:186} INFO - Started process (PID=1474) to work on /home/airflow/.local/lib/python3.12/site-packages/airflow/example_dags/example_branch_day_of_week_operator.py
[2025-07-16T07:22:56.986+0000] {processor.py:914} INFO - Processing file /home/airflow/.local/lib/python3.12/site-packages/airflow/example_dags/example_branch_day_of_week_operator.py for tasks to queue
[2025-07-16T07:22:56.988+0000] {logging_mixin.py:190} INFO - [2025-07-16T07:22:56.988+0000] {dagbag.py:587} INFO - Filling up the DagBag from /home/airflow/.local/lib/python3.12/site-packages/airflow/example_dags/example_branch_day_of_week_operator.py
[2025-07-16T07:22:56.999+0000] {processor.py:925} INFO - DAG(s) 'example_weekday_branch_operator' retrieved from /home/airflow/.local/lib/python3.12/site-packages/airflow/example_dags/example_branch_day_of_week_operator.py
[2025-07-16T07:22:57.024+0000] {logging_mixin.py:190} INFO - [2025-07-16T07:22:57.023+0000] {dag.py:3229} INFO - Sync 1 DAGs
[2025-07-16T07:22:57.051+0000] {logging_mixin.py:190} INFO - [2025-07-16T07:22:57.050+0000] {dag.py:4156} INFO - Setting next_dagrun for example_weekday_branch_operator to 2025-07-15 00:00:00+00:00, run_after=2025-07-16 00:00:00+00:00
[2025-07-16T07:22:57.078+0000] {processor.py:208} INFO - Processing /home/airflow/.local/lib/python3.12/site-packages/airflow/example_dags/example_branch_day_of_week_operator.py took 0.100 seconds
[2025-07-16T07:23:27.868+0000] {processor.py:186} INFO - Started process (PID=1531) to work on /home/airflow/.local/lib/python3.12/site-packages/airflow/example_dags/example_branch_day_of_week_operator.py
[2025-07-16T07:23:27.869+0000] {processor.py:914} INFO - Processing file /home/airflow/.local/lib/python3.12/site-packages/airflow/example_dags/example_branch_day_of_week_operator.py for tasks to queue
[2025-07-16T07:23:27.871+0000] {logging_mixin.py:190} INFO - [2025-07-16T07:23:27.871+0000] {dagbag.py:587} INFO - Filling up the DagBag from /home/airflow/.local/lib/python3.12/site-packages/airflow/example_dags/example_branch_day_of_week_operator.py
[2025-07-16T07:23:27.881+0000] {processor.py:925} INFO - DAG(s) 'example_weekday_branch_operator' retrieved from /home/airflow/.local/lib/python3.12/site-packages/airflow/example_dags/example_branch_day_of_week_operator.py
[2025-07-16T07:23:27.904+0000] {logging_mixin.py:190} INFO - [2025-07-16T07:23:27.904+0000] {dag.py:3229} INFO - Sync 1 DAGs
[2025-07-16T07:23:27.928+0000] {logging_mixin.py:190} INFO - [2025-07-16T07:23:27.928+0000] {dag.py:4156} INFO - Setting next_dagrun for example_weekday_branch_operator to 2025-07-15 00:00:00+00:00, run_after=2025-07-16 00:00:00+00:00
[2025-07-16T07:23:27.953+0000] {processor.py:208} INFO - Processing /home/airflow/.local/lib/python3.12/site-packages/airflow/example_dags/example_branch_day_of_week_operator.py took 0.092 seconds
[2025-07-16T07:23:58.229+0000] {processor.py:186} INFO - Started process (PID=1588) to work on /home/airflow/.local/lib/python3.12/site-packages/airflow/example_dags/example_branch_day_of_week_operator.py
[2025-07-16T07:23:58.230+0000] {processor.py:914} INFO - Processing file /home/airflow/.local/lib/python3.12/site-packages/airflow/example_dags/example_branch_day_of_week_operator.py for tasks to queue
[2025-07-16T07:23:58.234+0000] {logging_mixin.py:190} INFO - [2025-07-16T07:23:58.233+0000] {dagbag.py:587} INFO - Filling up the DagBag from /home/airflow/.local/lib/python3.12/site-packages/airflow/example_dags/example_branch_day_of_week_operator.py
[2025-07-16T07:23:58.247+0000] {processor.py:925} INFO - DAG(s) 'example_weekday_branch_operator' retrieved from /home/airflow/.local/lib/python3.12/site-packages/airflow/example_dags/example_branch_day_of_week_operator.py
[2025-07-16T07:23:58.275+0000] {logging_mixin.py:190} INFO - [2025-07-16T07:23:58.275+0000] {dag.py:3229} INFO - Sync 1 DAGs
[2025-07-16T07:23:58.336+0000] {logging_mixin.py:190} INFO - [2025-07-16T07:23:58.336+0000] {dag.py:4156} INFO - Setting next_dagrun for example_weekday_branch_operator to 2025-07-15 00:00:00+00:00, run_after=2025-07-16 00:00:00+00:00
[2025-07-16T07:23:58.370+0000] {processor.py:208} INFO - Processing /home/airflow/.local/lib/python3.12/site-packages/airflow/example_dags/example_branch_day_of_week_operator.py took 0.150 seconds
[2025-07-16T07:24:28.717+0000] {processor.py:186} INFO - Started process (PID=1645) to work on /home/airflow/.local/lib/python3.12/site-packages/airflow/example_dags/example_branch_day_of_week_operator.py
[2025-07-16T07:24:28.718+0000] {processor.py:914} INFO - Processing file /home/airflow/.local/lib/python3.12/site-packages/airflow/example_dags/example_branch_day_of_week_operator.py for tasks to queue
[2025-07-16T07:24:28.721+0000] {logging_mixin.py:190} INFO - [2025-07-16T07:24:28.720+0000] {dagbag.py:587} INFO - Filling up the DagBag from /home/airflow/.local/lib/python3.12/site-packages/airflow/example_dags/example_branch_day_of_week_operator.py
[2025-07-16T07:24:28.731+0000] {processor.py:925} INFO - DAG(s) 'example_weekday_branch_operator' retrieved from /home/airflow/.local/lib/python3.12/site-packages/airflow/example_dags/example_branch_day_of_week_operator.py
[2025-07-16T07:24:28.753+0000] {logging_mixin.py:190} INFO - [2025-07-16T07:24:28.753+0000] {dag.py:3229} INFO - Sync 1 DAGs
[2025-07-16T07:24:28.777+0000] {logging_mixin.py:190} INFO - [2025-07-16T07:24:28.777+0000] {dag.py:4156} INFO - Setting next_dagrun for example_weekday_branch_operator to 2025-07-15 00:00:00+00:00, run_after=2025-07-16 00:00:00+00:00
[2025-07-16T07:24:28.800+0000] {processor.py:208} INFO - Processing /home/airflow/.local/lib/python3.12/site-packages/airflow/example_dags/example_branch_day_of_week_operator.py took 0.089 seconds
[2025-07-16T07:24:59.558+0000] {processor.py:186} INFO - Started process (PID=1702) to work on /home/airflow/.local/lib/python3.12/site-packages/airflow/example_dags/example_branch_day_of_week_operator.py
[2025-07-16T07:24:59.560+0000] {processor.py:914} INFO - Processing file /home/airflow/.local/lib/python3.12/site-packages/airflow/example_dags/example_branch_day_of_week_operator.py for tasks to queue
[2025-07-16T07:24:59.562+0000] {logging_mixin.py:190} INFO - [2025-07-16T07:24:59.562+0000] {dagbag.py:587} INFO - Filling up the DagBag from /home/airflow/.local/lib/python3.12/site-packages/airflow/example_dags/example_branch_day_of_week_operator.py
[2025-07-16T07:24:59.572+0000] {processor.py:925} INFO - DAG(s) 'example_weekday_branch_operator' retrieved from /home/airflow/.local/lib/python3.12/site-packages/airflow/example_dags/example_branch_day_of_week_operator.py
[2025-07-16T07:24:59.595+0000] {logging_mixin.py:190} INFO - [2025-07-16T07:24:59.594+0000] {dag.py:3229} INFO - Sync 1 DAGs
[2025-07-16T07:24:59.620+0000] {logging_mixin.py:190} INFO - [2025-07-16T07:24:59.620+0000] {dag.py:4156} INFO - Setting next_dagrun for example_weekday_branch_operator to 2025-07-15 00:00:00+00:00, run_after=2025-07-16 00:00:00+00:00
[2025-07-16T07:24:59.645+0000] {processor.py:208} INFO - Processing /home/airflow/.local/lib/python3.12/site-packages/airflow/example_dags/example_branch_day_of_week_operator.py took 0.093 seconds
[2025-07-16T07:25:30.672+0000] {processor.py:186} INFO - Started process (PID=1759) to work on /home/airflow/.local/lib/python3.12/site-packages/airflow/example_dags/example_branch_day_of_week_operator.py
[2025-07-16T07:25:30.674+0000] {processor.py:914} INFO - Processing file /home/airflow/.local/lib/python3.12/site-packages/airflow/example_dags/example_branch_day_of_week_operator.py for tasks to queue
[2025-07-16T07:25:30.676+0000] {logging_mixin.py:190} INFO - [2025-07-16T07:25:30.676+0000] {dagbag.py:587} INFO - Filling up the DagBag from /home/airflow/.local/lib/python3.12/site-packages/airflow/example_dags/example_branch_day_of_week_operator.py
[2025-07-16T07:25:30.687+0000] {processor.py:925} INFO - DAG(s) 'example_weekday_branch_operator' retrieved from /home/airflow/.local/lib/python3.12/site-packages/airflow/example_dags/example_branch_day_of_week_operator.py
[2025-07-16T07:25:30.710+0000] {logging_mixin.py:190} INFO - [2025-07-16T07:25:30.710+0000] {dag.py:3229} INFO - Sync 1 DAGs
[2025-07-16T07:25:30.736+0000] {logging_mixin.py:190} INFO - [2025-07-16T07:25:30.735+0000] {dag.py:4156} INFO - Setting next_dagrun for example_weekday_branch_operator to 2025-07-15 00:00:00+00:00, run_after=2025-07-16 00:00:00+00:00
[2025-07-16T07:25:30.758+0000] {processor.py:208} INFO - Processing /home/airflow/.local/lib/python3.12/site-packages/airflow/example_dags/example_branch_day_of_week_operator.py took 0.097 seconds
[2025-07-16T07:26:01.314+0000] {processor.py:186} INFO - Started process (PID=1816) to work on /home/airflow/.local/lib/python3.12/site-packages/airflow/example_dags/example_branch_day_of_week_operator.py
[2025-07-16T07:26:01.316+0000] {processor.py:914} INFO - Processing file /home/airflow/.local/lib/python3.12/site-packages/airflow/example_dags/example_branch_day_of_week_operator.py for tasks to queue
[2025-07-16T07:26:01.318+0000] {logging_mixin.py:190} INFO - [2025-07-16T07:26:01.318+0000] {dagbag.py:587} INFO - Filling up the DagBag from /home/airflow/.local/lib/python3.12/site-packages/airflow/example_dags/example_branch_day_of_week_operator.py
[2025-07-16T07:26:01.329+0000] {processor.py:925} INFO - DAG(s) 'example_weekday_branch_operator' retrieved from /home/airflow/.local/lib/python3.12/site-packages/airflow/example_dags/example_branch_day_of_week_operator.py
[2025-07-16T07:26:01.351+0000] {logging_mixin.py:190} INFO - [2025-07-16T07:26:01.351+0000] {dag.py:3229} INFO - Sync 1 DAGs
[2025-07-16T07:26:01.378+0000] {logging_mixin.py:190} INFO - [2025-07-16T07:26:01.377+0000] {dag.py:4156} INFO - Setting next_dagrun for example_weekday_branch_operator to 2025-07-15 00:00:00+00:00, run_after=2025-07-16 00:00:00+00:00
[2025-07-16T07:26:01.403+0000] {processor.py:208} INFO - Processing /home/airflow/.local/lib/python3.12/site-packages/airflow/example_dags/example_branch_day_of_week_operator.py took 0.098 seconds
[2025-07-16T07:26:31.789+0000] {processor.py:186} INFO - Started process (PID=1873) to work on /home/airflow/.local/lib/python3.12/site-packages/airflow/example_dags/example_branch_day_of_week_operator.py
[2025-07-16T07:26:31.790+0000] {processor.py:914} INFO - Processing file /home/airflow/.local/lib/python3.12/site-packages/airflow/example_dags/example_branch_day_of_week_operator.py for tasks to queue
[2025-07-16T07:26:31.793+0000] {logging_mixin.py:190} INFO - [2025-07-16T07:26:31.793+0000] {dagbag.py:587} INFO - Filling up the DagBag from /home/airflow/.local/lib/python3.12/site-packages/airflow/example_dags/example_branch_day_of_week_operator.py
[2025-07-16T07:26:31.803+0000] {processor.py:925} INFO - DAG(s) 'example_weekday_branch_operator' retrieved from /home/airflow/.local/lib/python3.12/site-packages/airflow/example_dags/example_branch_day_of_week_operator.py
[2025-07-16T07:26:31.827+0000] {logging_mixin.py:190} INFO - [2025-07-16T07:26:31.827+0000] {dag.py:3229} INFO - Sync 1 DAGs
[2025-07-16T07:26:31.854+0000] {logging_mixin.py:190} INFO - [2025-07-16T07:26:31.854+0000] {dag.py:4156} INFO - Setting next_dagrun for example_weekday_branch_operator to 2025-07-15 00:00:00+00:00, run_after=2025-07-16 00:00:00+00:00
[2025-07-16T07:26:31.881+0000] {processor.py:208} INFO - Processing /home/airflow/.local/lib/python3.12/site-packages/airflow/example_dags/example_branch_day_of_week_operator.py took 0.099 seconds
[2025-07-16T07:27:02.674+0000] {processor.py:186} INFO - Started process (PID=1930) to work on /home/airflow/.local/lib/python3.12/site-packages/airflow/example_dags/example_branch_day_of_week_operator.py
[2025-07-16T07:27:02.675+0000] {processor.py:914} INFO - Processing file /home/airflow/.local/lib/python3.12/site-packages/airflow/example_dags/example_branch_day_of_week_operator.py for tasks to queue
[2025-07-16T07:27:02.678+0000] {logging_mixin.py:190} INFO - [2025-07-16T07:27:02.678+0000] {dagbag.py:587} INFO - Filling up the DagBag from /home/airflow/.local/lib/python3.12/site-packages/airflow/example_dags/example_branch_day_of_week_operator.py
[2025-07-16T07:27:02.691+0000] {processor.py:925} INFO - DAG(s) 'example_weekday_branch_operator' retrieved from /home/airflow/.local/lib/python3.12/site-packages/airflow/example_dags/example_branch_day_of_week_operator.py
[2025-07-16T07:27:02.716+0000] {logging_mixin.py:190} INFO - [2025-07-16T07:27:02.716+0000] {dag.py:3229} INFO - Sync 1 DAGs
[2025-07-16T07:27:02.744+0000] {logging_mixin.py:190} INFO - [2025-07-16T07:27:02.744+0000] {dag.py:4156} INFO - Setting next_dagrun for example_weekday_branch_operator to 2025-07-15 00:00:00+00:00, run_after=2025-07-16 00:00:00+00:00
[2025-07-16T07:27:02.768+0000] {processor.py:208} INFO - Processing /home/airflow/.local/lib/python3.12/site-packages/airflow/example_dags/example_branch_day_of_week_operator.py took 0.106 seconds
[2025-07-16T07:27:33.743+0000] {processor.py:186} INFO - Started process (PID=1987) to work on /home/airflow/.local/lib/python3.12/site-packages/airflow/example_dags/example_branch_day_of_week_operator.py
[2025-07-16T07:27:33.744+0000] {processor.py:914} INFO - Processing file /home/airflow/.local/lib/python3.12/site-packages/airflow/example_dags/example_branch_day_of_week_operator.py for tasks to queue
[2025-07-16T07:27:33.748+0000] {logging_mixin.py:190} INFO - [2025-07-16T07:27:33.747+0000] {dagbag.py:587} INFO - Filling up the DagBag from /home/airflow/.local/lib/python3.12/site-packages/airflow/example_dags/example_branch_day_of_week_operator.py
[2025-07-16T07:27:33.759+0000] {processor.py:925} INFO - DAG(s) 'example_weekday_branch_operator' retrieved from /home/airflow/.local/lib/python3.12/site-packages/airflow/example_dags/example_branch_day_of_week_operator.py
[2025-07-16T07:27:33.782+0000] {logging_mixin.py:190} INFO - [2025-07-16T07:27:33.782+0000] {dag.py:3229} INFO - Sync 1 DAGs
[2025-07-16T07:27:33.810+0000] {logging_mixin.py:190} INFO - [2025-07-16T07:27:33.810+0000] {dag.py:4156} INFO - Setting next_dagrun for example_weekday_branch_operator to 2025-07-15 00:00:00+00:00, run_after=2025-07-16 00:00:00+00:00
[2025-07-16T07:27:33.834+0000] {processor.py:208} INFO - Processing /home/airflow/.local/lib/python3.12/site-packages/airflow/example_dags/example_branch_day_of_week_operator.py took 0.098 seconds
[2025-07-16T07:28:05.256+0000] {processor.py:186} INFO - Started process (PID=2044) to work on /home/airflow/.local/lib/python3.12/site-packages/airflow/example_dags/example_branch_day_of_week_operator.py
[2025-07-16T07:28:05.257+0000] {processor.py:914} INFO - Processing file /home/airflow/.local/lib/python3.12/site-packages/airflow/example_dags/example_branch_day_of_week_operator.py for tasks to queue
[2025-07-16T07:28:05.260+0000] {logging_mixin.py:190} INFO - [2025-07-16T07:28:05.259+0000] {dagbag.py:587} INFO - Filling up the DagBag from /home/airflow/.local/lib/python3.12/site-packages/airflow/example_dags/example_branch_day_of_week_operator.py
[2025-07-16T07:28:05.271+0000] {processor.py:925} INFO - DAG(s) 'example_weekday_branch_operator' retrieved from /home/airflow/.local/lib/python3.12/site-packages/airflow/example_dags/example_branch_day_of_week_operator.py
[2025-07-16T07:28:05.295+0000] {logging_mixin.py:190} INFO - [2025-07-16T07:28:05.295+0000] {dag.py:3229} INFO - Sync 1 DAGs
[2025-07-16T07:28:05.323+0000] {logging_mixin.py:190} INFO - [2025-07-16T07:28:05.323+0000] {dag.py:4156} INFO - Setting next_dagrun for example_weekday_branch_operator to 2025-07-15 00:00:00+00:00, run_after=2025-07-16 00:00:00+00:00
[2025-07-16T07:28:05.344+0000] {processor.py:208} INFO - Processing /home/airflow/.local/lib/python3.12/site-packages/airflow/example_dags/example_branch_day_of_week_operator.py took 0.097 seconds
[2025-07-16T07:28:36.742+0000] {processor.py:186} INFO - Started process (PID=2101) to work on /home/airflow/.local/lib/python3.12/site-packages/airflow/example_dags/example_branch_day_of_week_operator.py
[2025-07-16T07:28:36.743+0000] {processor.py:914} INFO - Processing file /home/airflow/.local/lib/python3.12/site-packages/airflow/example_dags/example_branch_day_of_week_operator.py for tasks to queue
[2025-07-16T07:28:36.746+0000] {logging_mixin.py:190} INFO - [2025-07-16T07:28:36.745+0000] {dagbag.py:587} INFO - Filling up the DagBag from /home/airflow/.local/lib/python3.12/site-packages/airflow/example_dags/example_branch_day_of_week_operator.py
[2025-07-16T07:28:36.757+0000] {processor.py:925} INFO - DAG(s) 'example_weekday_branch_operator' retrieved from /home/airflow/.local/lib/python3.12/site-packages/airflow/example_dags/example_branch_day_of_week_operator.py
[2025-07-16T07:28:36.783+0000] {logging_mixin.py:190} INFO - [2025-07-16T07:28:36.782+0000] {dag.py:3229} INFO - Sync 1 DAGs
[2025-07-16T07:28:36.821+0000] {logging_mixin.py:190} INFO - [2025-07-16T07:28:36.820+0000] {dag.py:4156} INFO - Setting next_dagrun for example_weekday_branch_operator to 2025-07-15 00:00:00+00:00, run_after=2025-07-16 00:00:00+00:00
[2025-07-16T07:28:36.846+0000] {processor.py:208} INFO - Processing /home/airflow/.local/lib/python3.12/site-packages/airflow/example_dags/example_branch_day_of_week_operator.py took 0.112 seconds
[2025-07-16T07:29:07.709+0000] {processor.py:186} INFO - Started process (PID=2158) to work on /home/airflow/.local/lib/python3.12/site-packages/airflow/example_dags/example_branch_day_of_week_operator.py
[2025-07-16T07:29:07.711+0000] {processor.py:914} INFO - Processing file /home/airflow/.local/lib/python3.12/site-packages/airflow/example_dags/example_branch_day_of_week_operator.py for tasks to queue
[2025-07-16T07:29:07.714+0000] {logging_mixin.py:190} INFO - [2025-07-16T07:29:07.714+0000] {dagbag.py:587} INFO - Filling up the DagBag from /home/airflow/.local/lib/python3.12/site-packages/airflow/example_dags/example_branch_day_of_week_operator.py
[2025-07-16T07:29:07.731+0000] {processor.py:925} INFO - DAG(s) 'example_weekday_branch_operator' retrieved from /home/airflow/.local/lib/python3.12/site-packages/airflow/example_dags/example_branch_day_of_week_operator.py
[2025-07-16T07:29:07.759+0000] {logging_mixin.py:190} INFO - [2025-07-16T07:29:07.759+0000] {dag.py:3229} INFO - Sync 1 DAGs
[2025-07-16T07:29:07.788+0000] {logging_mixin.py:190} INFO - [2025-07-16T07:29:07.788+0000] {dag.py:4156} INFO - Setting next_dagrun for example_weekday_branch_operator to 2025-07-15 00:00:00+00:00, run_after=2025-07-16 00:00:00+00:00
[2025-07-16T07:29:07.825+0000] {processor.py:208} INFO - Processing /home/airflow/.local/lib/python3.12/site-packages/airflow/example_dags/example_branch_day_of_week_operator.py took 0.129 seconds
[2025-07-16T07:29:38.075+0000] {processor.py:186} INFO - Started process (PID=2215) to work on /home/airflow/.local/lib/python3.12/site-packages/airflow/example_dags/example_branch_day_of_week_operator.py
[2025-07-16T07:29:38.076+0000] {processor.py:914} INFO - Processing file /home/airflow/.local/lib/python3.12/site-packages/airflow/example_dags/example_branch_day_of_week_operator.py for tasks to queue
[2025-07-16T07:29:38.080+0000] {logging_mixin.py:190} INFO - [2025-07-16T07:29:38.080+0000] {dagbag.py:587} INFO - Filling up the DagBag from /home/airflow/.local/lib/python3.12/site-packages/airflow/example_dags/example_branch_day_of_week_operator.py
[2025-07-16T07:29:38.093+0000] {processor.py:925} INFO - DAG(s) 'example_weekday_branch_operator' retrieved from /home/airflow/.local/lib/python3.12/site-packages/airflow/example_dags/example_branch_day_of_week_operator.py
[2025-07-16T07:29:38.121+0000] {logging_mixin.py:190} INFO - [2025-07-16T07:29:38.121+0000] {dag.py:3229} INFO - Sync 1 DAGs
[2025-07-16T07:29:38.155+0000] {logging_mixin.py:190} INFO - [2025-07-16T07:29:38.155+0000] {dag.py:4156} INFO - Setting next_dagrun for example_weekday_branch_operator to 2025-07-15 00:00:00+00:00, run_after=2025-07-16 00:00:00+00:00
[2025-07-16T07:29:38.179+0000] {processor.py:208} INFO - Processing /home/airflow/.local/lib/python3.12/site-packages/airflow/example_dags/example_branch_day_of_week_operator.py took 0.112 seconds
[2025-07-16T07:30:08.503+0000] {processor.py:186} INFO - Started process (PID=2272) to work on /home/airflow/.local/lib/python3.12/site-packages/airflow/example_dags/example_branch_day_of_week_operator.py
[2025-07-16T07:30:08.504+0000] {processor.py:914} INFO - Processing file /home/airflow/.local/lib/python3.12/site-packages/airflow/example_dags/example_branch_day_of_week_operator.py for tasks to queue
[2025-07-16T07:30:08.508+0000] {logging_mixin.py:190} INFO - [2025-07-16T07:30:08.507+0000] {dagbag.py:587} INFO - Filling up the DagBag from /home/airflow/.local/lib/python3.12/site-packages/airflow/example_dags/example_branch_day_of_week_operator.py
[2025-07-16T07:30:08.522+0000] {processor.py:925} INFO - DAG(s) 'example_weekday_branch_operator' retrieved from /home/airflow/.local/lib/python3.12/site-packages/airflow/example_dags/example_branch_day_of_week_operator.py
[2025-07-16T07:30:08.550+0000] {logging_mixin.py:190} INFO - [2025-07-16T07:30:08.550+0000] {dag.py:3229} INFO - Sync 1 DAGs
[2025-07-16T07:30:08.626+0000] {logging_mixin.py:190} INFO - [2025-07-16T07:30:08.625+0000] {dag.py:4156} INFO - Setting next_dagrun for example_weekday_branch_operator to 2025-07-15 00:00:00+00:00, run_after=2025-07-16 00:00:00+00:00
[2025-07-16T07:30:08.692+0000] {processor.py:208} INFO - Processing /home/airflow/.local/lib/python3.12/site-packages/airflow/example_dags/example_branch_day_of_week_operator.py took 0.199 seconds
[2025-07-16T07:30:39.971+0000] {processor.py:186} INFO - Started process (PID=2329) to work on /home/airflow/.local/lib/python3.12/site-packages/airflow/example_dags/example_branch_day_of_week_operator.py
[2025-07-16T07:30:39.973+0000] {processor.py:914} INFO - Processing file /home/airflow/.local/lib/python3.12/site-packages/airflow/example_dags/example_branch_day_of_week_operator.py for tasks to queue
[2025-07-16T07:30:39.975+0000] {logging_mixin.py:190} INFO - [2025-07-16T07:30:39.975+0000] {dagbag.py:587} INFO - Filling up the DagBag from /home/airflow/.local/lib/python3.12/site-packages/airflow/example_dags/example_branch_day_of_week_operator.py
[2025-07-16T07:30:39.987+0000] {processor.py:925} INFO - DAG(s) 'example_weekday_branch_operator' retrieved from /home/airflow/.local/lib/python3.12/site-packages/airflow/example_dags/example_branch_day_of_week_operator.py
[2025-07-16T07:30:40.010+0000] {logging_mixin.py:190} INFO - [2025-07-16T07:30:40.010+0000] {dag.py:3229} INFO - Sync 1 DAGs
[2025-07-16T07:30:40.039+0000] {logging_mixin.py:190} INFO - [2025-07-16T07:30:40.039+0000] {dag.py:4156} INFO - Setting next_dagrun for example_weekday_branch_operator to 2025-07-15 00:00:00+00:00, run_after=2025-07-16 00:00:00+00:00
[2025-07-16T07:30:40.064+0000] {processor.py:208} INFO - Processing /home/airflow/.local/lib/python3.12/site-packages/airflow/example_dags/example_branch_day_of_week_operator.py took 0.099 seconds
[2025-07-16T07:31:10.799+0000] {processor.py:186} INFO - Started process (PID=2386) to work on /home/airflow/.local/lib/python3.12/site-packages/airflow/example_dags/example_branch_day_of_week_operator.py
[2025-07-16T07:31:10.801+0000] {processor.py:914} INFO - Processing file /home/airflow/.local/lib/python3.12/site-packages/airflow/example_dags/example_branch_day_of_week_operator.py for tasks to queue
[2025-07-16T07:31:10.804+0000] {logging_mixin.py:190} INFO - [2025-07-16T07:31:10.804+0000] {dagbag.py:587} INFO - Filling up the DagBag from /home/airflow/.local/lib/python3.12/site-packages/airflow/example_dags/example_branch_day_of_week_operator.py
[2025-07-16T07:31:10.816+0000] {processor.py:925} INFO - DAG(s) 'example_weekday_branch_operator' retrieved from /home/airflow/.local/lib/python3.12/site-packages/airflow/example_dags/example_branch_day_of_week_operator.py
[2025-07-16T07:31:10.838+0000] {logging_mixin.py:190} INFO - [2025-07-16T07:31:10.837+0000] {dag.py:3229} INFO - Sync 1 DAGs
[2025-07-16T07:31:10.865+0000] {logging_mixin.py:190} INFO - [2025-07-16T07:31:10.865+0000] {dag.py:4156} INFO - Setting next_dagrun for example_weekday_branch_operator to 2025-07-15 00:00:00+00:00, run_after=2025-07-16 00:00:00+00:00
[2025-07-16T07:31:10.889+0000] {processor.py:208} INFO - Processing /home/airflow/.local/lib/python3.12/site-packages/airflow/example_dags/example_branch_day_of_week_operator.py took 0.100 seconds
[2025-07-16T07:31:42.179+0000] {processor.py:186} INFO - Started process (PID=2443) to work on /home/airflow/.local/lib/python3.12/site-packages/airflow/example_dags/example_branch_day_of_week_operator.py
[2025-07-16T07:31:42.193+0000] {processor.py:914} INFO - Processing file /home/airflow/.local/lib/python3.12/site-packages/airflow/example_dags/example_branch_day_of_week_operator.py for tasks to queue
[2025-07-16T07:31:42.196+0000] {logging_mixin.py:190} INFO - [2025-07-16T07:31:42.196+0000] {dagbag.py:587} INFO - Filling up the DagBag from /home/airflow/.local/lib/python3.12/site-packages/airflow/example_dags/example_branch_day_of_week_operator.py
[2025-07-16T07:31:42.211+0000] {processor.py:925} INFO - DAG(s) 'example_weekday_branch_operator' retrieved from /home/airflow/.local/lib/python3.12/site-packages/airflow/example_dags/example_branch_day_of_week_operator.py
[2025-07-16T07:31:42.241+0000] {logging_mixin.py:190} INFO - [2025-07-16T07:31:42.241+0000] {dag.py:3229} INFO - Sync 1 DAGs
[2025-07-16T07:31:42.269+0000] {logging_mixin.py:190} INFO - [2025-07-16T07:31:42.269+0000] {dag.py:4156} INFO - Setting next_dagrun for example_weekday_branch_operator to 2025-07-15 00:00:00+00:00, run_after=2025-07-16 00:00:00+00:00
[2025-07-16T07:31:42.291+0000] {processor.py:208} INFO - Processing /home/airflow/.local/lib/python3.12/site-packages/airflow/example_dags/example_branch_day_of_week_operator.py took 0.121 seconds
[2025-07-16T07:33:01.709+0000] {processor.py:186} INFO - Started process (PID=50) to work on /home/airflow/.local/lib/python3.12/site-packages/airflow/example_dags/example_branch_day_of_week_operator.py
[2025-07-16T07:33:01.710+0000] {processor.py:914} INFO - Processing file /home/airflow/.local/lib/python3.12/site-packages/airflow/example_dags/example_branch_day_of_week_operator.py for tasks to queue
[2025-07-16T07:33:01.713+0000] {logging_mixin.py:190} INFO - [2025-07-16T07:33:01.712+0000] {dagbag.py:587} INFO - Filling up the DagBag from /home/airflow/.local/lib/python3.12/site-packages/airflow/example_dags/example_branch_day_of_week_operator.py
[2025-07-16T07:33:01.726+0000] {processor.py:925} INFO - DAG(s) 'example_weekday_branch_operator' retrieved from /home/airflow/.local/lib/python3.12/site-packages/airflow/example_dags/example_branch_day_of_week_operator.py
[2025-07-16T07:33:01.748+0000] {logging_mixin.py:190} INFO - [2025-07-16T07:33:01.748+0000] {dag.py:3229} INFO - Sync 1 DAGs
[2025-07-16T07:33:01.776+0000] {logging_mixin.py:190} INFO - [2025-07-16T07:33:01.776+0000] {dag.py:4156} INFO - Setting next_dagrun for example_weekday_branch_operator to 2025-07-15 00:00:00+00:00, run_after=2025-07-16 00:00:00+00:00
[2025-07-16T07:33:01.798+0000] {processor.py:208} INFO - Processing /home/airflow/.local/lib/python3.12/site-packages/airflow/example_dags/example_branch_day_of_week_operator.py took 0.095 seconds
[2025-07-16T07:33:32.372+0000] {processor.py:186} INFO - Started process (PID=107) to work on /home/airflow/.local/lib/python3.12/site-packages/airflow/example_dags/example_branch_day_of_week_operator.py
[2025-07-16T07:33:32.375+0000] {processor.py:914} INFO - Processing file /home/airflow/.local/lib/python3.12/site-packages/airflow/example_dags/example_branch_day_of_week_operator.py for tasks to queue
[2025-07-16T07:33:32.379+0000] {logging_mixin.py:190} INFO - [2025-07-16T07:33:32.378+0000] {dagbag.py:587} INFO - Filling up the DagBag from /home/airflow/.local/lib/python3.12/site-packages/airflow/example_dags/example_branch_day_of_week_operator.py
[2025-07-16T07:33:32.391+0000] {processor.py:925} INFO - DAG(s) 'example_weekday_branch_operator' retrieved from /home/airflow/.local/lib/python3.12/site-packages/airflow/example_dags/example_branch_day_of_week_operator.py
[2025-07-16T07:33:32.418+0000] {logging_mixin.py:190} INFO - [2025-07-16T07:33:32.418+0000] {dag.py:3229} INFO - Sync 1 DAGs
[2025-07-16T07:33:32.453+0000] {logging_mixin.py:190} INFO - [2025-07-16T07:33:32.453+0000] {dag.py:4156} INFO - Setting next_dagrun for example_weekday_branch_operator to 2025-07-15 00:00:00+00:00, run_after=2025-07-16 00:00:00+00:00
[2025-07-16T07:33:32.474+0000] {processor.py:208} INFO - Processing /home/airflow/.local/lib/python3.12/site-packages/airflow/example_dags/example_branch_day_of_week_operator.py took 0.114 seconds
[2025-07-16T07:34:03.471+0000] {processor.py:186} INFO - Started process (PID=164) to work on /home/airflow/.local/lib/python3.12/site-packages/airflow/example_dags/example_branch_day_of_week_operator.py
[2025-07-16T07:34:03.474+0000] {processor.py:914} INFO - Processing file /home/airflow/.local/lib/python3.12/site-packages/airflow/example_dags/example_branch_day_of_week_operator.py for tasks to queue
[2025-07-16T07:34:03.477+0000] {logging_mixin.py:190} INFO - [2025-07-16T07:34:03.477+0000] {dagbag.py:587} INFO - Filling up the DagBag from /home/airflow/.local/lib/python3.12/site-packages/airflow/example_dags/example_branch_day_of_week_operator.py
[2025-07-16T07:34:03.488+0000] {processor.py:925} INFO - DAG(s) 'example_weekday_branch_operator' retrieved from /home/airflow/.local/lib/python3.12/site-packages/airflow/example_dags/example_branch_day_of_week_operator.py
[2025-07-16T07:34:03.510+0000] {logging_mixin.py:190} INFO - [2025-07-16T07:34:03.510+0000] {dag.py:3229} INFO - Sync 1 DAGs
[2025-07-16T07:34:03.537+0000] {logging_mixin.py:190} INFO - [2025-07-16T07:34:03.537+0000] {dag.py:4156} INFO - Setting next_dagrun for example_weekday_branch_operator to 2025-07-15 00:00:00+00:00, run_after=2025-07-16 00:00:00+00:00
[2025-07-16T07:34:03.561+0000] {processor.py:208} INFO - Processing /home/airflow/.local/lib/python3.12/site-packages/airflow/example_dags/example_branch_day_of_week_operator.py took 0.096 seconds
[2025-07-16T07:34:34.152+0000] {processor.py:186} INFO - Started process (PID=221) to work on /home/airflow/.local/lib/python3.12/site-packages/airflow/example_dags/example_branch_day_of_week_operator.py
[2025-07-16T07:34:34.153+0000] {processor.py:914} INFO - Processing file /home/airflow/.local/lib/python3.12/site-packages/airflow/example_dags/example_branch_day_of_week_operator.py for tasks to queue
[2025-07-16T07:34:34.155+0000] {logging_mixin.py:190} INFO - [2025-07-16T07:34:34.155+0000] {dagbag.py:587} INFO - Filling up the DagBag from /home/airflow/.local/lib/python3.12/site-packages/airflow/example_dags/example_branch_day_of_week_operator.py
[2025-07-16T07:34:34.166+0000] {processor.py:925} INFO - DAG(s) 'example_weekday_branch_operator' retrieved from /home/airflow/.local/lib/python3.12/site-packages/airflow/example_dags/example_branch_day_of_week_operator.py
[2025-07-16T07:34:34.187+0000] {logging_mixin.py:190} INFO - [2025-07-16T07:34:34.187+0000] {dag.py:3229} INFO - Sync 1 DAGs
[2025-07-16T07:34:34.213+0000] {logging_mixin.py:190} INFO - [2025-07-16T07:34:34.213+0000] {dag.py:4156} INFO - Setting next_dagrun for example_weekday_branch_operator to 2025-07-15 00:00:00+00:00, run_after=2025-07-16 00:00:00+00:00
[2025-07-16T07:34:34.238+0000] {processor.py:208} INFO - Processing /home/airflow/.local/lib/python3.12/site-packages/airflow/example_dags/example_branch_day_of_week_operator.py took 0.094 seconds
[2025-07-16T07:35:05.190+0000] {processor.py:186} INFO - Started process (PID=278) to work on /home/airflow/.local/lib/python3.12/site-packages/airflow/example_dags/example_branch_day_of_week_operator.py
[2025-07-16T07:35:05.192+0000] {processor.py:914} INFO - Processing file /home/airflow/.local/lib/python3.12/site-packages/airflow/example_dags/example_branch_day_of_week_operator.py for tasks to queue
[2025-07-16T07:35:05.195+0000] {logging_mixin.py:190} INFO - [2025-07-16T07:35:05.194+0000] {dagbag.py:587} INFO - Filling up the DagBag from /home/airflow/.local/lib/python3.12/site-packages/airflow/example_dags/example_branch_day_of_week_operator.py
[2025-07-16T07:35:05.205+0000] {processor.py:925} INFO - DAG(s) 'example_weekday_branch_operator' retrieved from /home/airflow/.local/lib/python3.12/site-packages/airflow/example_dags/example_branch_day_of_week_operator.py
[2025-07-16T07:35:05.230+0000] {logging_mixin.py:190} INFO - [2025-07-16T07:35:05.230+0000] {dag.py:3229} INFO - Sync 1 DAGs
[2025-07-16T07:35:05.257+0000] {logging_mixin.py:190} INFO - [2025-07-16T07:35:05.256+0000] {dag.py:4156} INFO - Setting next_dagrun for example_weekday_branch_operator to 2025-07-15 00:00:00+00:00, run_after=2025-07-16 00:00:00+00:00
[2025-07-16T07:35:05.284+0000] {processor.py:208} INFO - Processing /home/airflow/.local/lib/python3.12/site-packages/airflow/example_dags/example_branch_day_of_week_operator.py took 0.101 seconds
[2025-07-16T07:35:35.586+0000] {processor.py:186} INFO - Started process (PID=335) to work on /home/airflow/.local/lib/python3.12/site-packages/airflow/example_dags/example_branch_day_of_week_operator.py
[2025-07-16T07:35:35.587+0000] {processor.py:914} INFO - Processing file /home/airflow/.local/lib/python3.12/site-packages/airflow/example_dags/example_branch_day_of_week_operator.py for tasks to queue
[2025-07-16T07:35:35.590+0000] {logging_mixin.py:190} INFO - [2025-07-16T07:35:35.590+0000] {dagbag.py:587} INFO - Filling up the DagBag from /home/airflow/.local/lib/python3.12/site-packages/airflow/example_dags/example_branch_day_of_week_operator.py
[2025-07-16T07:35:35.603+0000] {processor.py:925} INFO - DAG(s) 'example_weekday_branch_operator' retrieved from /home/airflow/.local/lib/python3.12/site-packages/airflow/example_dags/example_branch_day_of_week_operator.py
[2025-07-16T07:35:35.631+0000] {logging_mixin.py:190} INFO - [2025-07-16T07:35:35.631+0000] {dag.py:3229} INFO - Sync 1 DAGs
[2025-07-16T07:35:35.660+0000] {logging_mixin.py:190} INFO - [2025-07-16T07:35:35.659+0000] {dag.py:4156} INFO - Setting next_dagrun for example_weekday_branch_operator to 2025-07-15 00:00:00+00:00, run_after=2025-07-16 00:00:00+00:00
[2025-07-16T07:35:35.685+0000] {processor.py:208} INFO - Processing /home/airflow/.local/lib/python3.12/site-packages/airflow/example_dags/example_branch_day_of_week_operator.py took 0.109 seconds
[2025-07-16T07:36:05.879+0000] {processor.py:186} INFO - Started process (PID=392) to work on /home/airflow/.local/lib/python3.12/site-packages/airflow/example_dags/example_branch_day_of_week_operator.py
[2025-07-16T07:36:05.880+0000] {processor.py:914} INFO - Processing file /home/airflow/.local/lib/python3.12/site-packages/airflow/example_dags/example_branch_day_of_week_operator.py for tasks to queue
[2025-07-16T07:36:05.883+0000] {logging_mixin.py:190} INFO - [2025-07-16T07:36:05.882+0000] {dagbag.py:587} INFO - Filling up the DagBag from /home/airflow/.local/lib/python3.12/site-packages/airflow/example_dags/example_branch_day_of_week_operator.py
[2025-07-16T07:36:05.893+0000] {processor.py:925} INFO - DAG(s) 'example_weekday_branch_operator' retrieved from /home/airflow/.local/lib/python3.12/site-packages/airflow/example_dags/example_branch_day_of_week_operator.py
[2025-07-16T07:36:05.915+0000] {logging_mixin.py:190} INFO - [2025-07-16T07:36:05.915+0000] {dag.py:3229} INFO - Sync 1 DAGs
[2025-07-16T07:36:05.941+0000] {logging_mixin.py:190} INFO - [2025-07-16T07:36:05.941+0000] {dag.py:4156} INFO - Setting next_dagrun for example_weekday_branch_operator to 2025-07-15 00:00:00+00:00, run_after=2025-07-16 00:00:00+00:00
[2025-07-16T07:36:05.968+0000] {processor.py:208} INFO - Processing /home/airflow/.local/lib/python3.12/site-packages/airflow/example_dags/example_branch_day_of_week_operator.py took 0.097 seconds
[2025-07-16T07:36:37.562+0000] {processor.py:186} INFO - Started process (PID=449) to work on /home/airflow/.local/lib/python3.12/site-packages/airflow/example_dags/example_branch_day_of_week_operator.py
[2025-07-16T07:36:37.563+0000] {processor.py:914} INFO - Processing file /home/airflow/.local/lib/python3.12/site-packages/airflow/example_dags/example_branch_day_of_week_operator.py for tasks to queue
[2025-07-16T07:36:37.566+0000] {logging_mixin.py:190} INFO - [2025-07-16T07:36:37.566+0000] {dagbag.py:587} INFO - Filling up the DagBag from /home/airflow/.local/lib/python3.12/site-packages/airflow/example_dags/example_branch_day_of_week_operator.py
[2025-07-16T07:36:37.579+0000] {processor.py:925} INFO - DAG(s) 'example_weekday_branch_operator' retrieved from /home/airflow/.local/lib/python3.12/site-packages/airflow/example_dags/example_branch_day_of_week_operator.py
[2025-07-16T07:36:37.605+0000] {logging_mixin.py:190} INFO - [2025-07-16T07:36:37.605+0000] {dag.py:3229} INFO - Sync 1 DAGs
[2025-07-16T07:36:37.637+0000] {logging_mixin.py:190} INFO - [2025-07-16T07:36:37.637+0000] {dag.py:4156} INFO - Setting next_dagrun for example_weekday_branch_operator to 2025-07-15 00:00:00+00:00, run_after=2025-07-16 00:00:00+00:00
[2025-07-16T07:36:37.895+0000] {processor.py:208} INFO - Processing /home/airflow/.local/lib/python3.12/site-packages/airflow/example_dags/example_branch_day_of_week_operator.py took 0.340 seconds
[2025-07-16T07:37:08.269+0000] {processor.py:186} INFO - Started process (PID=506) to work on /home/airflow/.local/lib/python3.12/site-packages/airflow/example_dags/example_branch_day_of_week_operator.py
[2025-07-16T07:37:08.270+0000] {processor.py:914} INFO - Processing file /home/airflow/.local/lib/python3.12/site-packages/airflow/example_dags/example_branch_day_of_week_operator.py for tasks to queue
[2025-07-16T07:37:08.273+0000] {logging_mixin.py:190} INFO - [2025-07-16T07:37:08.273+0000] {dagbag.py:587} INFO - Filling up the DagBag from /home/airflow/.local/lib/python3.12/site-packages/airflow/example_dags/example_branch_day_of_week_operator.py
[2025-07-16T07:37:08.284+0000] {processor.py:925} INFO - DAG(s) 'example_weekday_branch_operator' retrieved from /home/airflow/.local/lib/python3.12/site-packages/airflow/example_dags/example_branch_day_of_week_operator.py
[2025-07-16T07:37:08.308+0000] {logging_mixin.py:190} INFO - [2025-07-16T07:37:08.307+0000] {dag.py:3229} INFO - Sync 1 DAGs
[2025-07-16T07:37:08.336+0000] {logging_mixin.py:190} INFO - [2025-07-16T07:37:08.336+0000] {dag.py:4156} INFO - Setting next_dagrun for example_weekday_branch_operator to 2025-07-15 00:00:00+00:00, run_after=2025-07-16 00:00:00+00:00
[2025-07-16T07:37:08.361+0000] {processor.py:208} INFO - Processing /home/airflow/.local/lib/python3.12/site-packages/airflow/example_dags/example_branch_day_of_week_operator.py took 0.099 seconds
[2025-07-16T07:37:38.957+0000] {processor.py:186} INFO - Started process (PID=563) to work on /home/airflow/.local/lib/python3.12/site-packages/airflow/example_dags/example_branch_day_of_week_operator.py
[2025-07-16T07:37:38.958+0000] {processor.py:914} INFO - Processing file /home/airflow/.local/lib/python3.12/site-packages/airflow/example_dags/example_branch_day_of_week_operator.py for tasks to queue
[2025-07-16T07:37:38.962+0000] {logging_mixin.py:190} INFO - [2025-07-16T07:37:38.961+0000] {dagbag.py:587} INFO - Filling up the DagBag from /home/airflow/.local/lib/python3.12/site-packages/airflow/example_dags/example_branch_day_of_week_operator.py
[2025-07-16T07:37:38.973+0000] {processor.py:925} INFO - DAG(s) 'example_weekday_branch_operator' retrieved from /home/airflow/.local/lib/python3.12/site-packages/airflow/example_dags/example_branch_day_of_week_operator.py
[2025-07-16T07:37:39.001+0000] {logging_mixin.py:190} INFO - [2025-07-16T07:37:39.000+0000] {dag.py:3229} INFO - Sync 1 DAGs
[2025-07-16T07:37:39.031+0000] {logging_mixin.py:190} INFO - [2025-07-16T07:37:39.031+0000] {dag.py:4156} INFO - Setting next_dagrun for example_weekday_branch_operator to 2025-07-15 00:00:00+00:00, run_after=2025-07-16 00:00:00+00:00
[2025-07-16T07:37:39.060+0000] {processor.py:208} INFO - Processing /home/airflow/.local/lib/python3.12/site-packages/airflow/example_dags/example_branch_day_of_week_operator.py took 0.111 seconds
[2025-07-16T07:38:09.283+0000] {processor.py:186} INFO - Started process (PID=620) to work on /home/airflow/.local/lib/python3.12/site-packages/airflow/example_dags/example_branch_day_of_week_operator.py
[2025-07-16T07:38:09.284+0000] {processor.py:914} INFO - Processing file /home/airflow/.local/lib/python3.12/site-packages/airflow/example_dags/example_branch_day_of_week_operator.py for tasks to queue
[2025-07-16T07:38:09.287+0000] {logging_mixin.py:190} INFO - [2025-07-16T07:38:09.287+0000] {dagbag.py:587} INFO - Filling up the DagBag from /home/airflow/.local/lib/python3.12/site-packages/airflow/example_dags/example_branch_day_of_week_operator.py
[2025-07-16T07:38:09.297+0000] {processor.py:925} INFO - DAG(s) 'example_weekday_branch_operator' retrieved from /home/airflow/.local/lib/python3.12/site-packages/airflow/example_dags/example_branch_day_of_week_operator.py
[2025-07-16T07:38:09.321+0000] {logging_mixin.py:190} INFO - [2025-07-16T07:38:09.321+0000] {dag.py:3229} INFO - Sync 1 DAGs
[2025-07-16T07:38:09.346+0000] {logging_mixin.py:190} INFO - [2025-07-16T07:38:09.346+0000] {dag.py:4156} INFO - Setting next_dagrun for example_weekday_branch_operator to 2025-07-15 00:00:00+00:00, run_after=2025-07-16 00:00:00+00:00
[2025-07-16T07:38:09.375+0000] {processor.py:208} INFO - Processing /home/airflow/.local/lib/python3.12/site-packages/airflow/example_dags/example_branch_day_of_week_operator.py took 0.099 seconds
[2025-07-16T07:38:40.224+0000] {processor.py:186} INFO - Started process (PID=677) to work on /home/airflow/.local/lib/python3.12/site-packages/airflow/example_dags/example_branch_day_of_week_operator.py
[2025-07-16T07:38:40.226+0000] {processor.py:914} INFO - Processing file /home/airflow/.local/lib/python3.12/site-packages/airflow/example_dags/example_branch_day_of_week_operator.py for tasks to queue
[2025-07-16T07:38:40.229+0000] {logging_mixin.py:190} INFO - [2025-07-16T07:38:40.228+0000] {dagbag.py:587} INFO - Filling up the DagBag from /home/airflow/.local/lib/python3.12/site-packages/airflow/example_dags/example_branch_day_of_week_operator.py
[2025-07-16T07:38:40.238+0000] {processor.py:925} INFO - DAG(s) 'example_weekday_branch_operator' retrieved from /home/airflow/.local/lib/python3.12/site-packages/airflow/example_dags/example_branch_day_of_week_operator.py
[2025-07-16T07:38:40.262+0000] {logging_mixin.py:190} INFO - [2025-07-16T07:38:40.262+0000] {dag.py:3229} INFO - Sync 1 DAGs
[2025-07-16T07:38:40.286+0000] {logging_mixin.py:190} INFO - [2025-07-16T07:38:40.286+0000] {dag.py:4156} INFO - Setting next_dagrun for example_weekday_branch_operator to 2025-07-15 00:00:00+00:00, run_after=2025-07-16 00:00:00+00:00
[2025-07-16T07:38:40.308+0000] {processor.py:208} INFO - Processing /home/airflow/.local/lib/python3.12/site-packages/airflow/example_dags/example_branch_day_of_week_operator.py took 0.091 seconds
[2025-07-16T07:39:10.754+0000] {processor.py:186} INFO - Started process (PID=734) to work on /home/airflow/.local/lib/python3.12/site-packages/airflow/example_dags/example_branch_day_of_week_operator.py
[2025-07-16T07:39:10.755+0000] {processor.py:914} INFO - Processing file /home/airflow/.local/lib/python3.12/site-packages/airflow/example_dags/example_branch_day_of_week_operator.py for tasks to queue
[2025-07-16T07:39:10.758+0000] {logging_mixin.py:190} INFO - [2025-07-16T07:39:10.757+0000] {dagbag.py:587} INFO - Filling up the DagBag from /home/airflow/.local/lib/python3.12/site-packages/airflow/example_dags/example_branch_day_of_week_operator.py
[2025-07-16T07:39:10.767+0000] {processor.py:925} INFO - DAG(s) 'example_weekday_branch_operator' retrieved from /home/airflow/.local/lib/python3.12/site-packages/airflow/example_dags/example_branch_day_of_week_operator.py
[2025-07-16T07:39:10.791+0000] {logging_mixin.py:190} INFO - [2025-07-16T07:39:10.791+0000] {dag.py:3229} INFO - Sync 1 DAGs
[2025-07-16T07:39:10.816+0000] {logging_mixin.py:190} INFO - [2025-07-16T07:39:10.816+0000] {dag.py:4156} INFO - Setting next_dagrun for example_weekday_branch_operator to 2025-07-15 00:00:00+00:00, run_after=2025-07-16 00:00:00+00:00
[2025-07-16T07:39:10.846+0000] {processor.py:208} INFO - Processing /home/airflow/.local/lib/python3.12/site-packages/airflow/example_dags/example_branch_day_of_week_operator.py took 0.099 seconds
[2025-07-16T07:39:41.318+0000] {processor.py:186} INFO - Started process (PID=791) to work on /home/airflow/.local/lib/python3.12/site-packages/airflow/example_dags/example_branch_day_of_week_operator.py
[2025-07-16T07:39:41.319+0000] {processor.py:914} INFO - Processing file /home/airflow/.local/lib/python3.12/site-packages/airflow/example_dags/example_branch_day_of_week_operator.py for tasks to queue
[2025-07-16T07:39:41.322+0000] {logging_mixin.py:190} INFO - [2025-07-16T07:39:41.321+0000] {dagbag.py:587} INFO - Filling up the DagBag from /home/airflow/.local/lib/python3.12/site-packages/airflow/example_dags/example_branch_day_of_week_operator.py
[2025-07-16T07:39:41.331+0000] {processor.py:925} INFO - DAG(s) 'example_weekday_branch_operator' retrieved from /home/airflow/.local/lib/python3.12/site-packages/airflow/example_dags/example_branch_day_of_week_operator.py
[2025-07-16T07:39:41.355+0000] {logging_mixin.py:190} INFO - [2025-07-16T07:39:41.355+0000] {dag.py:3229} INFO - Sync 1 DAGs
[2025-07-16T07:39:41.380+0000] {logging_mixin.py:190} INFO - [2025-07-16T07:39:41.380+0000] {dag.py:4156} INFO - Setting next_dagrun for example_weekday_branch_operator to 2025-07-15 00:00:00+00:00, run_after=2025-07-16 00:00:00+00:00
[2025-07-16T07:39:41.409+0000] {processor.py:208} INFO - Processing /home/airflow/.local/lib/python3.12/site-packages/airflow/example_dags/example_branch_day_of_week_operator.py took 0.098 seconds
[2025-07-16T07:40:11.891+0000] {processor.py:186} INFO - Started process (PID=849) to work on /home/airflow/.local/lib/python3.12/site-packages/airflow/example_dags/example_branch_day_of_week_operator.py
[2025-07-16T07:40:11.892+0000] {processor.py:914} INFO - Processing file /home/airflow/.local/lib/python3.12/site-packages/airflow/example_dags/example_branch_day_of_week_operator.py for tasks to queue
[2025-07-16T07:40:11.895+0000] {logging_mixin.py:190} INFO - [2025-07-16T07:40:11.894+0000] {dagbag.py:587} INFO - Filling up the DagBag from /home/airflow/.local/lib/python3.12/site-packages/airflow/example_dags/example_branch_day_of_week_operator.py
[2025-07-16T07:40:11.905+0000] {processor.py:925} INFO - DAG(s) 'example_weekday_branch_operator' retrieved from /home/airflow/.local/lib/python3.12/site-packages/airflow/example_dags/example_branch_day_of_week_operator.py
[2025-07-16T07:40:11.925+0000] {logging_mixin.py:190} INFO - [2025-07-16T07:40:11.925+0000] {dag.py:3229} INFO - Sync 1 DAGs
[2025-07-16T07:40:11.950+0000] {logging_mixin.py:190} INFO - [2025-07-16T07:40:11.949+0000] {dag.py:4156} INFO - Setting next_dagrun for example_weekday_branch_operator to 2025-07-15 00:00:00+00:00, run_after=2025-07-16 00:00:00+00:00
[2025-07-16T07:40:11.973+0000] {processor.py:208} INFO - Processing /home/airflow/.local/lib/python3.12/site-packages/airflow/example_dags/example_branch_day_of_week_operator.py took 0.088 seconds
[2025-07-16T07:40:42.666+0000] {processor.py:186} INFO - Started process (PID=905) to work on /home/airflow/.local/lib/python3.12/site-packages/airflow/example_dags/example_branch_day_of_week_operator.py
[2025-07-16T07:40:42.668+0000] {processor.py:914} INFO - Processing file /home/airflow/.local/lib/python3.12/site-packages/airflow/example_dags/example_branch_day_of_week_operator.py for tasks to queue
[2025-07-16T07:40:42.671+0000] {logging_mixin.py:190} INFO - [2025-07-16T07:40:42.670+0000] {dagbag.py:587} INFO - Filling up the DagBag from /home/airflow/.local/lib/python3.12/site-packages/airflow/example_dags/example_branch_day_of_week_operator.py
[2025-07-16T07:40:42.681+0000] {processor.py:925} INFO - DAG(s) 'example_weekday_branch_operator' retrieved from /home/airflow/.local/lib/python3.12/site-packages/airflow/example_dags/example_branch_day_of_week_operator.py
[2025-07-16T07:40:42.707+0000] {logging_mixin.py:190} INFO - [2025-07-16T07:40:42.706+0000] {dag.py:3229} INFO - Sync 1 DAGs
[2025-07-16T07:40:42.735+0000] {logging_mixin.py:190} INFO - [2025-07-16T07:40:42.734+0000] {dag.py:4156} INFO - Setting next_dagrun for example_weekday_branch_operator to 2025-07-15 00:00:00+00:00, run_after=2025-07-16 00:00:00+00:00
[2025-07-16T07:40:42.760+0000] {processor.py:208} INFO - Processing /home/airflow/.local/lib/python3.12/site-packages/airflow/example_dags/example_branch_day_of_week_operator.py took 0.101 seconds
