[2025-07-16T07:10:09.093+0000] {processor.py:186} INFO - Started process (PID=38) to work on /home/airflow/.local/lib/python3.12/site-packages/airflow/example_dags/example_external_task_marker_dag.py
[2025-07-16T07:10:09.094+0000] {processor.py:914} INFO - Processing file /home/airflow/.local/lib/python3.12/site-packages/airflow/example_dags/example_external_task_marker_dag.py for tasks to queue
[2025-07-16T07:10:09.097+0000] {logging_mixin.py:190} INFO - [2025-07-16T07:10:09.096+0000] {dagbag.py:587} INFO - Filling up the DagBag from /home/airflow/.local/lib/python3.12/site-packages/airflow/example_dags/example_external_task_marker_dag.py
[2025-07-16T07:10:09.108+0000] {processor.py:925} INFO - DAG(s) 'example_external_task_marker_parent', 'example_external_task_marker_child' retrieved from /home/airflow/.local/lib/python3.12/site-packages/airflow/example_dags/example_external_task_marker_dag.py
[2025-07-16T07:10:09.149+0000] {logging_mixin.py:190} INFO - [2025-07-16T07:10:09.149+0000] {dag.py:3229} INFO - Sync 2 DAGs
[2025-07-16T07:10:09.247+0000] {logging_mixin.py:190} INFO - [2025-07-16T07:10:09.247+0000] {dag.py:4156} INFO - Setting next_dagrun for example_external_task_marker_child to None, run_after=None
[2025-07-16T07:10:09.261+0000] {logging_mixin.py:190} INFO - [2025-07-16T07:10:09.260+0000] {dag.py:4156} INFO - Setting next_dagrun for example_external_task_marker_parent to None, run_after=None
[2025-07-16T07:10:09.344+0000] {processor.py:208} INFO - Processing /home/airflow/.local/lib/python3.12/site-packages/airflow/example_dags/example_external_task_marker_dag.py took 0.258 seconds
[2025-07-16T07:10:39.907+0000] {processor.py:186} INFO - Started process (PID=95) to work on /home/airflow/.local/lib/python3.12/site-packages/airflow/example_dags/example_external_task_marker_dag.py
[2025-07-16T07:10:39.908+0000] {processor.py:914} INFO - Processing file /home/airflow/.local/lib/python3.12/site-packages/airflow/example_dags/example_external_task_marker_dag.py for tasks to queue
[2025-07-16T07:10:39.911+0000] {logging_mixin.py:190} INFO - [2025-07-16T07:10:39.911+0000] {dagbag.py:587} INFO - Filling up the DagBag from /home/airflow/.local/lib/python3.12/site-packages/airflow/example_dags/example_external_task_marker_dag.py
[2025-07-16T07:10:39.920+0000] {processor.py:925} INFO - DAG(s) 'example_external_task_marker_child', 'example_external_task_marker_parent' retrieved from /home/airflow/.local/lib/python3.12/site-packages/airflow/example_dags/example_external_task_marker_dag.py
[2025-07-16T07:10:39.948+0000] {logging_mixin.py:190} INFO - [2025-07-16T07:10:39.948+0000] {dag.py:3229} INFO - Sync 2 DAGs
[2025-07-16T07:10:39.968+0000] {logging_mixin.py:190} INFO - [2025-07-16T07:10:39.968+0000] {dag.py:4156} INFO - Setting next_dagrun for example_external_task_marker_child to None, run_after=None
[2025-07-16T07:10:39.974+0000] {logging_mixin.py:190} INFO - [2025-07-16T07:10:39.974+0000] {dag.py:4156} INFO - Setting next_dagrun for example_external_task_marker_parent to None, run_after=None
[2025-07-16T07:10:40.002+0000] {processor.py:208} INFO - Processing /home/airflow/.local/lib/python3.12/site-packages/airflow/example_dags/example_external_task_marker_dag.py took 0.101 seconds
[2025-07-16T07:11:10.137+0000] {processor.py:186} INFO - Started process (PID=152) to work on /home/airflow/.local/lib/python3.12/site-packages/airflow/example_dags/example_external_task_marker_dag.py
[2025-07-16T07:11:10.138+0000] {processor.py:914} INFO - Processing file /home/airflow/.local/lib/python3.12/site-packages/airflow/example_dags/example_external_task_marker_dag.py for tasks to queue
[2025-07-16T07:11:10.141+0000] {logging_mixin.py:190} INFO - [2025-07-16T07:11:10.140+0000] {dagbag.py:587} INFO - Filling up the DagBag from /home/airflow/.local/lib/python3.12/site-packages/airflow/example_dags/example_external_task_marker_dag.py
[2025-07-16T07:11:10.149+0000] {processor.py:925} INFO - DAG(s) 'example_external_task_marker_child', 'example_external_task_marker_parent' retrieved from /home/airflow/.local/lib/python3.12/site-packages/airflow/example_dags/example_external_task_marker_dag.py
[2025-07-16T07:11:10.173+0000] {logging_mixin.py:190} INFO - [2025-07-16T07:11:10.172+0000] {dag.py:3229} INFO - Sync 2 DAGs
[2025-07-16T07:11:10.189+0000] {logging_mixin.py:190} INFO - [2025-07-16T07:11:10.189+0000] {dag.py:4156} INFO - Setting next_dagrun for example_external_task_marker_child to None, run_after=None
[2025-07-16T07:11:10.194+0000] {logging_mixin.py:190} INFO - [2025-07-16T07:11:10.193+0000] {dag.py:4156} INFO - Setting next_dagrun for example_external_task_marker_parent to None, run_after=None
[2025-07-16T07:11:10.218+0000] {processor.py:208} INFO - Processing /home/airflow/.local/lib/python3.12/site-packages/airflow/example_dags/example_external_task_marker_dag.py took 0.087 seconds
[2025-07-16T07:11:40.560+0000] {processor.py:186} INFO - Started process (PID=209) to work on /home/airflow/.local/lib/python3.12/site-packages/airflow/example_dags/example_external_task_marker_dag.py
[2025-07-16T07:11:40.561+0000] {processor.py:914} INFO - Processing file /home/airflow/.local/lib/python3.12/site-packages/airflow/example_dags/example_external_task_marker_dag.py for tasks to queue
[2025-07-16T07:11:40.565+0000] {logging_mixin.py:190} INFO - [2025-07-16T07:11:40.564+0000] {dagbag.py:587} INFO - Filling up the DagBag from /home/airflow/.local/lib/python3.12/site-packages/airflow/example_dags/example_external_task_marker_dag.py
[2025-07-16T07:11:40.574+0000] {processor.py:925} INFO - DAG(s) 'example_external_task_marker_child', 'example_external_task_marker_parent' retrieved from /home/airflow/.local/lib/python3.12/site-packages/airflow/example_dags/example_external_task_marker_dag.py
[2025-07-16T07:11:40.601+0000] {logging_mixin.py:190} INFO - [2025-07-16T07:11:40.600+0000] {dag.py:3229} INFO - Sync 2 DAGs
[2025-07-16T07:11:40.619+0000] {logging_mixin.py:190} INFO - [2025-07-16T07:11:40.619+0000] {dag.py:4156} INFO - Setting next_dagrun for example_external_task_marker_child to None, run_after=None
[2025-07-16T07:11:40.624+0000] {logging_mixin.py:190} INFO - [2025-07-16T07:11:40.624+0000] {dag.py:4156} INFO - Setting next_dagrun for example_external_task_marker_parent to None, run_after=None
[2025-07-16T07:11:40.646+0000] {processor.py:208} INFO - Processing /home/airflow/.local/lib/python3.12/site-packages/airflow/example_dags/example_external_task_marker_dag.py took 0.093 seconds
[2025-07-16T07:12:11.103+0000] {processor.py:186} INFO - Started process (PID=266) to work on /home/airflow/.local/lib/python3.12/site-packages/airflow/example_dags/example_external_task_marker_dag.py
[2025-07-16T07:12:11.104+0000] {processor.py:914} INFO - Processing file /home/airflow/.local/lib/python3.12/site-packages/airflow/example_dags/example_external_task_marker_dag.py for tasks to queue
[2025-07-16T07:12:11.107+0000] {logging_mixin.py:190} INFO - [2025-07-16T07:12:11.106+0000] {dagbag.py:587} INFO - Filling up the DagBag from /home/airflow/.local/lib/python3.12/site-packages/airflow/example_dags/example_external_task_marker_dag.py
[2025-07-16T07:12:11.115+0000] {processor.py:925} INFO - DAG(s) 'example_external_task_marker_parent', 'example_external_task_marker_child' retrieved from /home/airflow/.local/lib/python3.12/site-packages/airflow/example_dags/example_external_task_marker_dag.py
[2025-07-16T07:12:11.141+0000] {logging_mixin.py:190} INFO - [2025-07-16T07:12:11.140+0000] {dag.py:3229} INFO - Sync 2 DAGs
[2025-07-16T07:12:11.158+0000] {logging_mixin.py:190} INFO - [2025-07-16T07:12:11.158+0000] {dag.py:4156} INFO - Setting next_dagrun for example_external_task_marker_child to None, run_after=None
[2025-07-16T07:12:11.163+0000] {logging_mixin.py:190} INFO - [2025-07-16T07:12:11.163+0000] {dag.py:4156} INFO - Setting next_dagrun for example_external_task_marker_parent to None, run_after=None
[2025-07-16T07:12:11.187+0000] {processor.py:208} INFO - Processing /home/airflow/.local/lib/python3.12/site-packages/airflow/example_dags/example_external_task_marker_dag.py took 0.091 seconds
[2025-07-16T07:12:41.608+0000] {processor.py:186} INFO - Started process (PID=323) to work on /home/airflow/.local/lib/python3.12/site-packages/airflow/example_dags/example_external_task_marker_dag.py
[2025-07-16T07:12:41.610+0000] {processor.py:914} INFO - Processing file /home/airflow/.local/lib/python3.12/site-packages/airflow/example_dags/example_external_task_marker_dag.py for tasks to queue
[2025-07-16T07:12:41.615+0000] {logging_mixin.py:190} INFO - [2025-07-16T07:12:41.614+0000] {dagbag.py:587} INFO - Filling up the DagBag from /home/airflow/.local/lib/python3.12/site-packages/airflow/example_dags/example_external_task_marker_dag.py
[2025-07-16T07:12:41.635+0000] {processor.py:925} INFO - DAG(s) 'example_external_task_marker_child', 'example_external_task_marker_parent' retrieved from /home/airflow/.local/lib/python3.12/site-packages/airflow/example_dags/example_external_task_marker_dag.py
[2025-07-16T07:12:41.667+0000] {logging_mixin.py:190} INFO - [2025-07-16T07:12:41.666+0000] {dag.py:3229} INFO - Sync 2 DAGs
[2025-07-16T07:12:41.690+0000] {logging_mixin.py:190} INFO - [2025-07-16T07:12:41.689+0000] {dag.py:4156} INFO - Setting next_dagrun for example_external_task_marker_child to None, run_after=None
[2025-07-16T07:12:41.694+0000] {logging_mixin.py:190} INFO - [2025-07-16T07:12:41.694+0000] {dag.py:4156} INFO - Setting next_dagrun for example_external_task_marker_parent to None, run_after=None
[2025-07-16T07:12:41.728+0000] {processor.py:208} INFO - Processing /home/airflow/.local/lib/python3.12/site-packages/airflow/example_dags/example_external_task_marker_dag.py took 0.129 seconds
[2025-07-16T07:13:12.001+0000] {processor.py:186} INFO - Started process (PID=380) to work on /home/airflow/.local/lib/python3.12/site-packages/airflow/example_dags/example_external_task_marker_dag.py
[2025-07-16T07:13:12.003+0000] {processor.py:914} INFO - Processing file /home/airflow/.local/lib/python3.12/site-packages/airflow/example_dags/example_external_task_marker_dag.py for tasks to queue
[2025-07-16T07:13:12.005+0000] {logging_mixin.py:190} INFO - [2025-07-16T07:13:12.005+0000] {dagbag.py:587} INFO - Filling up the DagBag from /home/airflow/.local/lib/python3.12/site-packages/airflow/example_dags/example_external_task_marker_dag.py
[2025-07-16T07:13:12.013+0000] {processor.py:925} INFO - DAG(s) 'example_external_task_marker_child', 'example_external_task_marker_parent' retrieved from /home/airflow/.local/lib/python3.12/site-packages/airflow/example_dags/example_external_task_marker_dag.py
[2025-07-16T07:13:12.036+0000] {logging_mixin.py:190} INFO - [2025-07-16T07:13:12.036+0000] {dag.py:3229} INFO - Sync 2 DAGs
[2025-07-16T07:13:12.051+0000] {logging_mixin.py:190} INFO - [2025-07-16T07:13:12.051+0000] {dag.py:4156} INFO - Setting next_dagrun for example_external_task_marker_child to None, run_after=None
[2025-07-16T07:13:12.055+0000] {logging_mixin.py:190} INFO - [2025-07-16T07:13:12.055+0000] {dag.py:4156} INFO - Setting next_dagrun for example_external_task_marker_parent to None, run_after=None
[2025-07-16T07:13:12.075+0000] {processor.py:208} INFO - Processing /home/airflow/.local/lib/python3.12/site-packages/airflow/example_dags/example_external_task_marker_dag.py took 0.082 seconds
[2025-07-16T07:13:42.722+0000] {processor.py:186} INFO - Started process (PID=437) to work on /home/airflow/.local/lib/python3.12/site-packages/airflow/example_dags/example_external_task_marker_dag.py
[2025-07-16T07:13:42.723+0000] {processor.py:914} INFO - Processing file /home/airflow/.local/lib/python3.12/site-packages/airflow/example_dags/example_external_task_marker_dag.py for tasks to queue
[2025-07-16T07:13:42.726+0000] {logging_mixin.py:190} INFO - [2025-07-16T07:13:42.725+0000] {dagbag.py:587} INFO - Filling up the DagBag from /home/airflow/.local/lib/python3.12/site-packages/airflow/example_dags/example_external_task_marker_dag.py
[2025-07-16T07:13:42.734+0000] {processor.py:925} INFO - DAG(s) 'example_external_task_marker_child', 'example_external_task_marker_parent' retrieved from /home/airflow/.local/lib/python3.12/site-packages/airflow/example_dags/example_external_task_marker_dag.py
[2025-07-16T07:13:42.759+0000] {logging_mixin.py:190} INFO - [2025-07-16T07:13:42.759+0000] {dag.py:3229} INFO - Sync 2 DAGs
[2025-07-16T07:13:42.776+0000] {logging_mixin.py:190} INFO - [2025-07-16T07:13:42.776+0000] {dag.py:4156} INFO - Setting next_dagrun for example_external_task_marker_child to None, run_after=None
[2025-07-16T07:13:42.780+0000] {logging_mixin.py:190} INFO - [2025-07-16T07:13:42.780+0000] {dag.py:4156} INFO - Setting next_dagrun for example_external_task_marker_parent to None, run_after=None
[2025-07-16T07:13:42.803+0000] {processor.py:208} INFO - Processing /home/airflow/.local/lib/python3.12/site-packages/airflow/example_dags/example_external_task_marker_dag.py took 0.088 seconds
[2025-07-16T07:14:14.001+0000] {processor.py:186} INFO - Started process (PID=494) to work on /home/airflow/.local/lib/python3.12/site-packages/airflow/example_dags/example_external_task_marker_dag.py
[2025-07-16T07:14:14.002+0000] {processor.py:914} INFO - Processing file /home/airflow/.local/lib/python3.12/site-packages/airflow/example_dags/example_external_task_marker_dag.py for tasks to queue
[2025-07-16T07:14:14.005+0000] {logging_mixin.py:190} INFO - [2025-07-16T07:14:14.005+0000] {dagbag.py:587} INFO - Filling up the DagBag from /home/airflow/.local/lib/python3.12/site-packages/airflow/example_dags/example_external_task_marker_dag.py
[2025-07-16T07:14:14.014+0000] {processor.py:925} INFO - DAG(s) 'example_external_task_marker_parent', 'example_external_task_marker_child' retrieved from /home/airflow/.local/lib/python3.12/site-packages/airflow/example_dags/example_external_task_marker_dag.py
[2025-07-16T07:14:14.041+0000] {logging_mixin.py:190} INFO - [2025-07-16T07:14:14.041+0000] {dag.py:3229} INFO - Sync 2 DAGs
[2025-07-16T07:14:14.057+0000] {logging_mixin.py:190} INFO - [2025-07-16T07:14:14.057+0000] {dag.py:4156} INFO - Setting next_dagrun for example_external_task_marker_child to None, run_after=None
[2025-07-16T07:14:14.062+0000] {logging_mixin.py:190} INFO - [2025-07-16T07:14:14.062+0000] {dag.py:4156} INFO - Setting next_dagrun for example_external_task_marker_parent to None, run_after=None
[2025-07-16T07:14:14.081+0000] {processor.py:208} INFO - Processing /home/airflow/.local/lib/python3.12/site-packages/airflow/example_dags/example_external_task_marker_dag.py took 0.087 seconds
[2025-07-16T07:14:44.336+0000] {processor.py:186} INFO - Started process (PID=551) to work on /home/airflow/.local/lib/python3.12/site-packages/airflow/example_dags/example_external_task_marker_dag.py
[2025-07-16T07:14:44.337+0000] {processor.py:914} INFO - Processing file /home/airflow/.local/lib/python3.12/site-packages/airflow/example_dags/example_external_task_marker_dag.py for tasks to queue
[2025-07-16T07:14:44.340+0000] {logging_mixin.py:190} INFO - [2025-07-16T07:14:44.339+0000] {dagbag.py:587} INFO - Filling up the DagBag from /home/airflow/.local/lib/python3.12/site-packages/airflow/example_dags/example_external_task_marker_dag.py
[2025-07-16T07:14:44.348+0000] {processor.py:925} INFO - DAG(s) 'example_external_task_marker_parent', 'example_external_task_marker_child' retrieved from /home/airflow/.local/lib/python3.12/site-packages/airflow/example_dags/example_external_task_marker_dag.py
[2025-07-16T07:14:44.373+0000] {logging_mixin.py:190} INFO - [2025-07-16T07:14:44.372+0000] {dag.py:3229} INFO - Sync 2 DAGs
[2025-07-16T07:14:44.388+0000] {logging_mixin.py:190} INFO - [2025-07-16T07:14:44.388+0000] {dag.py:4156} INFO - Setting next_dagrun for example_external_task_marker_child to None, run_after=None
[2025-07-16T07:14:44.392+0000] {logging_mixin.py:190} INFO - [2025-07-16T07:14:44.392+0000] {dag.py:4156} INFO - Setting next_dagrun for example_external_task_marker_parent to None, run_after=None
[2025-07-16T07:14:44.417+0000] {processor.py:208} INFO - Processing /home/airflow/.local/lib/python3.12/site-packages/airflow/example_dags/example_external_task_marker_dag.py took 0.088 seconds
[2025-07-16T07:15:15.065+0000] {processor.py:186} INFO - Started process (PID=608) to work on /home/airflow/.local/lib/python3.12/site-packages/airflow/example_dags/example_external_task_marker_dag.py
[2025-07-16T07:15:15.068+0000] {processor.py:914} INFO - Processing file /home/airflow/.local/lib/python3.12/site-packages/airflow/example_dags/example_external_task_marker_dag.py for tasks to queue
[2025-07-16T07:15:15.076+0000] {logging_mixin.py:190} INFO - [2025-07-16T07:15:15.075+0000] {dagbag.py:587} INFO - Filling up the DagBag from /home/airflow/.local/lib/python3.12/site-packages/airflow/example_dags/example_external_task_marker_dag.py
[2025-07-16T07:15:15.089+0000] {processor.py:925} INFO - DAG(s) 'example_external_task_marker_child', 'example_external_task_marker_parent' retrieved from /home/airflow/.local/lib/python3.12/site-packages/airflow/example_dags/example_external_task_marker_dag.py
[2025-07-16T07:15:15.127+0000] {logging_mixin.py:190} INFO - [2025-07-16T07:15:15.126+0000] {dag.py:3229} INFO - Sync 2 DAGs
[2025-07-16T07:15:15.171+0000] {logging_mixin.py:190} INFO - [2025-07-16T07:15:15.171+0000] {dag.py:4156} INFO - Setting next_dagrun for example_external_task_marker_child to None, run_after=None
[2025-07-16T07:15:15.182+0000] {logging_mixin.py:190} INFO - [2025-07-16T07:15:15.182+0000] {dag.py:4156} INFO - Setting next_dagrun for example_external_task_marker_parent to None, run_after=None
[2025-07-16T07:15:15.238+0000] {processor.py:208} INFO - Processing /home/airflow/.local/lib/python3.12/site-packages/airflow/example_dags/example_external_task_marker_dag.py took 0.183 seconds
[2025-07-16T07:15:45.837+0000] {processor.py:186} INFO - Started process (PID=665) to work on /home/airflow/.local/lib/python3.12/site-packages/airflow/example_dags/example_external_task_marker_dag.py
[2025-07-16T07:15:45.838+0000] {processor.py:914} INFO - Processing file /home/airflow/.local/lib/python3.12/site-packages/airflow/example_dags/example_external_task_marker_dag.py for tasks to queue
[2025-07-16T07:15:45.842+0000] {logging_mixin.py:190} INFO - [2025-07-16T07:15:45.841+0000] {dagbag.py:587} INFO - Filling up the DagBag from /home/airflow/.local/lib/python3.12/site-packages/airflow/example_dags/example_external_task_marker_dag.py
[2025-07-16T07:15:45.858+0000] {processor.py:925} INFO - DAG(s) 'example_external_task_marker_parent', 'example_external_task_marker_child' retrieved from /home/airflow/.local/lib/python3.12/site-packages/airflow/example_dags/example_external_task_marker_dag.py
[2025-07-16T07:15:45.892+0000] {logging_mixin.py:190} INFO - [2025-07-16T07:15:45.891+0000] {dag.py:3229} INFO - Sync 2 DAGs
[2025-07-16T07:15:45.910+0000] {logging_mixin.py:190} INFO - [2025-07-16T07:15:45.909+0000] {dag.py:4156} INFO - Setting next_dagrun for example_external_task_marker_child to None, run_after=None
[2025-07-16T07:15:45.914+0000] {logging_mixin.py:190} INFO - [2025-07-16T07:15:45.913+0000] {dag.py:4156} INFO - Setting next_dagrun for example_external_task_marker_parent to None, run_after=None
[2025-07-16T07:15:45.936+0000] {processor.py:208} INFO - Processing /home/airflow/.local/lib/python3.12/site-packages/airflow/example_dags/example_external_task_marker_dag.py took 0.106 seconds
[2025-07-16T07:16:16.458+0000] {processor.py:186} INFO - Started process (PID=722) to work on /home/airflow/.local/lib/python3.12/site-packages/airflow/example_dags/example_external_task_marker_dag.py
[2025-07-16T07:16:16.459+0000] {processor.py:914} INFO - Processing file /home/airflow/.local/lib/python3.12/site-packages/airflow/example_dags/example_external_task_marker_dag.py for tasks to queue
[2025-07-16T07:16:16.463+0000] {logging_mixin.py:190} INFO - [2025-07-16T07:16:16.462+0000] {dagbag.py:587} INFO - Filling up the DagBag from /home/airflow/.local/lib/python3.12/site-packages/airflow/example_dags/example_external_task_marker_dag.py
[2025-07-16T07:16:16.476+0000] {processor.py:925} INFO - DAG(s) 'example_external_task_marker_parent', 'example_external_task_marker_child' retrieved from /home/airflow/.local/lib/python3.12/site-packages/airflow/example_dags/example_external_task_marker_dag.py
[2025-07-16T07:16:16.506+0000] {logging_mixin.py:190} INFO - [2025-07-16T07:16:16.506+0000] {dag.py:3229} INFO - Sync 2 DAGs
[2025-07-16T07:16:16.526+0000] {logging_mixin.py:190} INFO - [2025-07-16T07:16:16.526+0000] {dag.py:4156} INFO - Setting next_dagrun for example_external_task_marker_child to None, run_after=None
[2025-07-16T07:16:16.531+0000] {logging_mixin.py:190} INFO - [2025-07-16T07:16:16.530+0000] {dag.py:4156} INFO - Setting next_dagrun for example_external_task_marker_parent to None, run_after=None
[2025-07-16T07:16:16.561+0000] {processor.py:208} INFO - Processing /home/airflow/.local/lib/python3.12/site-packages/airflow/example_dags/example_external_task_marker_dag.py took 0.111 seconds
[2025-07-16T07:16:46.839+0000] {processor.py:186} INFO - Started process (PID=779) to work on /home/airflow/.local/lib/python3.12/site-packages/airflow/example_dags/example_external_task_marker_dag.py
[2025-07-16T07:16:46.840+0000] {processor.py:914} INFO - Processing file /home/airflow/.local/lib/python3.12/site-packages/airflow/example_dags/example_external_task_marker_dag.py for tasks to queue
[2025-07-16T07:16:46.843+0000] {logging_mixin.py:190} INFO - [2025-07-16T07:16:46.842+0000] {dagbag.py:587} INFO - Filling up the DagBag from /home/airflow/.local/lib/python3.12/site-packages/airflow/example_dags/example_external_task_marker_dag.py
[2025-07-16T07:16:46.851+0000] {processor.py:925} INFO - DAG(s) 'example_external_task_marker_parent', 'example_external_task_marker_child' retrieved from /home/airflow/.local/lib/python3.12/site-packages/airflow/example_dags/example_external_task_marker_dag.py
[2025-07-16T07:16:46.875+0000] {logging_mixin.py:190} INFO - [2025-07-16T07:16:46.875+0000] {dag.py:3229} INFO - Sync 2 DAGs
[2025-07-16T07:16:46.894+0000] {logging_mixin.py:190} INFO - [2025-07-16T07:16:46.894+0000] {dag.py:4156} INFO - Setting next_dagrun for example_external_task_marker_child to None, run_after=None
[2025-07-16T07:16:46.899+0000] {logging_mixin.py:190} INFO - [2025-07-16T07:16:46.899+0000] {dag.py:4156} INFO - Setting next_dagrun for example_external_task_marker_parent to None, run_after=None
[2025-07-16T07:16:46.920+0000] {processor.py:208} INFO - Processing /home/airflow/.local/lib/python3.12/site-packages/airflow/example_dags/example_external_task_marker_dag.py took 0.088 seconds
[2025-07-16T07:17:17.597+0000] {processor.py:186} INFO - Started process (PID=836) to work on /home/airflow/.local/lib/python3.12/site-packages/airflow/example_dags/example_external_task_marker_dag.py
[2025-07-16T07:17:17.598+0000] {processor.py:914} INFO - Processing file /home/airflow/.local/lib/python3.12/site-packages/airflow/example_dags/example_external_task_marker_dag.py for tasks to queue
[2025-07-16T07:17:17.602+0000] {logging_mixin.py:190} INFO - [2025-07-16T07:17:17.601+0000] {dagbag.py:587} INFO - Filling up the DagBag from /home/airflow/.local/lib/python3.12/site-packages/airflow/example_dags/example_external_task_marker_dag.py
[2025-07-16T07:17:17.610+0000] {processor.py:925} INFO - DAG(s) 'example_external_task_marker_parent', 'example_external_task_marker_child' retrieved from /home/airflow/.local/lib/python3.12/site-packages/airflow/example_dags/example_external_task_marker_dag.py
[2025-07-16T07:17:17.635+0000] {logging_mixin.py:190} INFO - [2025-07-16T07:17:17.635+0000] {dag.py:3229} INFO - Sync 2 DAGs
[2025-07-16T07:17:17.652+0000] {logging_mixin.py:190} INFO - [2025-07-16T07:17:17.651+0000] {dag.py:4156} INFO - Setting next_dagrun for example_external_task_marker_child to None, run_after=None
[2025-07-16T07:17:17.656+0000] {logging_mixin.py:190} INFO - [2025-07-16T07:17:17.656+0000] {dag.py:4156} INFO - Setting next_dagrun for example_external_task_marker_parent to None, run_after=None
[2025-07-16T07:17:17.676+0000] {processor.py:208} INFO - Processing /home/airflow/.local/lib/python3.12/site-packages/airflow/example_dags/example_external_task_marker_dag.py took 0.085 seconds
[2025-07-16T07:17:48.199+0000] {processor.py:186} INFO - Started process (PID=893) to work on /home/airflow/.local/lib/python3.12/site-packages/airflow/example_dags/example_external_task_marker_dag.py
[2025-07-16T07:17:48.200+0000] {processor.py:914} INFO - Processing file /home/airflow/.local/lib/python3.12/site-packages/airflow/example_dags/example_external_task_marker_dag.py for tasks to queue
[2025-07-16T07:17:48.203+0000] {logging_mixin.py:190} INFO - [2025-07-16T07:17:48.202+0000] {dagbag.py:587} INFO - Filling up the DagBag from /home/airflow/.local/lib/python3.12/site-packages/airflow/example_dags/example_external_task_marker_dag.py
[2025-07-16T07:17:48.211+0000] {processor.py:925} INFO - DAG(s) 'example_external_task_marker_child', 'example_external_task_marker_parent' retrieved from /home/airflow/.local/lib/python3.12/site-packages/airflow/example_dags/example_external_task_marker_dag.py
[2025-07-16T07:17:48.235+0000] {logging_mixin.py:190} INFO - [2025-07-16T07:17:48.235+0000] {dag.py:3229} INFO - Sync 2 DAGs
[2025-07-16T07:17:48.250+0000] {logging_mixin.py:190} INFO - [2025-07-16T07:17:48.250+0000] {dag.py:4156} INFO - Setting next_dagrun for example_external_task_marker_child to None, run_after=None
[2025-07-16T07:17:48.254+0000] {logging_mixin.py:190} INFO - [2025-07-16T07:17:48.254+0000] {dag.py:4156} INFO - Setting next_dagrun for example_external_task_marker_parent to None, run_after=None
[2025-07-16T07:17:48.275+0000] {processor.py:208} INFO - Processing /home/airflow/.local/lib/python3.12/site-packages/airflow/example_dags/example_external_task_marker_dag.py took 0.082 seconds
[2025-07-16T07:18:18.905+0000] {processor.py:186} INFO - Started process (PID=950) to work on /home/airflow/.local/lib/python3.12/site-packages/airflow/example_dags/example_external_task_marker_dag.py
[2025-07-16T07:18:18.906+0000] {processor.py:914} INFO - Processing file /home/airflow/.local/lib/python3.12/site-packages/airflow/example_dags/example_external_task_marker_dag.py for tasks to queue
[2025-07-16T07:18:18.909+0000] {logging_mixin.py:190} INFO - [2025-07-16T07:18:18.908+0000] {dagbag.py:587} INFO - Filling up the DagBag from /home/airflow/.local/lib/python3.12/site-packages/airflow/example_dags/example_external_task_marker_dag.py
[2025-07-16T07:18:18.917+0000] {processor.py:925} INFO - DAG(s) 'example_external_task_marker_parent', 'example_external_task_marker_child' retrieved from /home/airflow/.local/lib/python3.12/site-packages/airflow/example_dags/example_external_task_marker_dag.py
[2025-07-16T07:18:18.943+0000] {logging_mixin.py:190} INFO - [2025-07-16T07:18:18.942+0000] {dag.py:3229} INFO - Sync 2 DAGs
[2025-07-16T07:18:18.961+0000] {logging_mixin.py:190} INFO - [2025-07-16T07:18:18.961+0000] {dag.py:4156} INFO - Setting next_dagrun for example_external_task_marker_child to None, run_after=None
[2025-07-16T07:18:18.966+0000] {logging_mixin.py:190} INFO - [2025-07-16T07:18:18.966+0000] {dag.py:4156} INFO - Setting next_dagrun for example_external_task_marker_parent to None, run_after=None
[2025-07-16T07:18:18.990+0000] {processor.py:208} INFO - Processing /home/airflow/.local/lib/python3.12/site-packages/airflow/example_dags/example_external_task_marker_dag.py took 0.093 seconds
[2025-07-16T07:18:49.695+0000] {processor.py:186} INFO - Started process (PID=1007) to work on /home/airflow/.local/lib/python3.12/site-packages/airflow/example_dags/example_external_task_marker_dag.py
[2025-07-16T07:18:49.696+0000] {processor.py:914} INFO - Processing file /home/airflow/.local/lib/python3.12/site-packages/airflow/example_dags/example_external_task_marker_dag.py for tasks to queue
[2025-07-16T07:18:49.699+0000] {logging_mixin.py:190} INFO - [2025-07-16T07:18:49.699+0000] {dagbag.py:587} INFO - Filling up the DagBag from /home/airflow/.local/lib/python3.12/site-packages/airflow/example_dags/example_external_task_marker_dag.py
[2025-07-16T07:18:49.709+0000] {processor.py:925} INFO - DAG(s) 'example_external_task_marker_child', 'example_external_task_marker_parent' retrieved from /home/airflow/.local/lib/python3.12/site-packages/airflow/example_dags/example_external_task_marker_dag.py
[2025-07-16T07:18:49.735+0000] {logging_mixin.py:190} INFO - [2025-07-16T07:18:49.735+0000] {dag.py:3229} INFO - Sync 2 DAGs
[2025-07-16T07:18:49.751+0000] {logging_mixin.py:190} INFO - [2025-07-16T07:18:49.751+0000] {dag.py:4156} INFO - Setting next_dagrun for example_external_task_marker_child to None, run_after=None
[2025-07-16T07:18:49.755+0000] {logging_mixin.py:190} INFO - [2025-07-16T07:18:49.755+0000] {dag.py:4156} INFO - Setting next_dagrun for example_external_task_marker_parent to None, run_after=None
[2025-07-16T07:18:49.776+0000] {processor.py:208} INFO - Processing /home/airflow/.local/lib/python3.12/site-packages/airflow/example_dags/example_external_task_marker_dag.py took 0.088 seconds
[2025-07-16T07:19:20.231+0000] {processor.py:186} INFO - Started process (PID=1064) to work on /home/airflow/.local/lib/python3.12/site-packages/airflow/example_dags/example_external_task_marker_dag.py
[2025-07-16T07:19:20.233+0000] {processor.py:914} INFO - Processing file /home/airflow/.local/lib/python3.12/site-packages/airflow/example_dags/example_external_task_marker_dag.py for tasks to queue
[2025-07-16T07:19:20.236+0000] {logging_mixin.py:190} INFO - [2025-07-16T07:19:20.235+0000] {dagbag.py:587} INFO - Filling up the DagBag from /home/airflow/.local/lib/python3.12/site-packages/airflow/example_dags/example_external_task_marker_dag.py
[2025-07-16T07:19:20.244+0000] {processor.py:925} INFO - DAG(s) 'example_external_task_marker_parent', 'example_external_task_marker_child' retrieved from /home/airflow/.local/lib/python3.12/site-packages/airflow/example_dags/example_external_task_marker_dag.py
[2025-07-16T07:19:20.274+0000] {logging_mixin.py:190} INFO - [2025-07-16T07:19:20.273+0000] {dag.py:3229} INFO - Sync 2 DAGs
[2025-07-16T07:19:20.292+0000] {logging_mixin.py:190} INFO - [2025-07-16T07:19:20.291+0000] {dag.py:4156} INFO - Setting next_dagrun for example_external_task_marker_child to None, run_after=None
[2025-07-16T07:19:20.296+0000] {logging_mixin.py:190} INFO - [2025-07-16T07:19:20.296+0000] {dag.py:4156} INFO - Setting next_dagrun for example_external_task_marker_parent to None, run_after=None
[2025-07-16T07:19:20.320+0000] {processor.py:208} INFO - Processing /home/airflow/.local/lib/python3.12/site-packages/airflow/example_dags/example_external_task_marker_dag.py took 0.096 seconds
[2025-07-16T07:19:50.707+0000] {processor.py:186} INFO - Started process (PID=1121) to work on /home/airflow/.local/lib/python3.12/site-packages/airflow/example_dags/example_external_task_marker_dag.py
[2025-07-16T07:19:50.708+0000] {processor.py:914} INFO - Processing file /home/airflow/.local/lib/python3.12/site-packages/airflow/example_dags/example_external_task_marker_dag.py for tasks to queue
[2025-07-16T07:19:50.710+0000] {logging_mixin.py:190} INFO - [2025-07-16T07:19:50.710+0000] {dagbag.py:587} INFO - Filling up the DagBag from /home/airflow/.local/lib/python3.12/site-packages/airflow/example_dags/example_external_task_marker_dag.py
[2025-07-16T07:19:50.719+0000] {processor.py:925} INFO - DAG(s) 'example_external_task_marker_parent', 'example_external_task_marker_child' retrieved from /home/airflow/.local/lib/python3.12/site-packages/airflow/example_dags/example_external_task_marker_dag.py
[2025-07-16T07:19:50.745+0000] {logging_mixin.py:190} INFO - [2025-07-16T07:19:50.745+0000] {dag.py:3229} INFO - Sync 2 DAGs
[2025-07-16T07:19:50.763+0000] {logging_mixin.py:190} INFO - [2025-07-16T07:19:50.762+0000] {dag.py:4156} INFO - Setting next_dagrun for example_external_task_marker_child to None, run_after=None
[2025-07-16T07:19:50.767+0000] {logging_mixin.py:190} INFO - [2025-07-16T07:19:50.767+0000] {dag.py:4156} INFO - Setting next_dagrun for example_external_task_marker_parent to None, run_after=None
[2025-07-16T07:19:50.788+0000] {processor.py:208} INFO - Processing /home/airflow/.local/lib/python3.12/site-packages/airflow/example_dags/example_external_task_marker_dag.py took 0.089 seconds
[2025-07-16T07:20:21.187+0000] {processor.py:186} INFO - Started process (PID=1178) to work on /home/airflow/.local/lib/python3.12/site-packages/airflow/example_dags/example_external_task_marker_dag.py
[2025-07-16T07:20:21.188+0000] {processor.py:914} INFO - Processing file /home/airflow/.local/lib/python3.12/site-packages/airflow/example_dags/example_external_task_marker_dag.py for tasks to queue
[2025-07-16T07:20:21.191+0000] {logging_mixin.py:190} INFO - [2025-07-16T07:20:21.190+0000] {dagbag.py:587} INFO - Filling up the DagBag from /home/airflow/.local/lib/python3.12/site-packages/airflow/example_dags/example_external_task_marker_dag.py
[2025-07-16T07:20:21.199+0000] {processor.py:925} INFO - DAG(s) 'example_external_task_marker_child', 'example_external_task_marker_parent' retrieved from /home/airflow/.local/lib/python3.12/site-packages/airflow/example_dags/example_external_task_marker_dag.py
[2025-07-16T07:20:21.224+0000] {logging_mixin.py:190} INFO - [2025-07-16T07:20:21.224+0000] {dag.py:3229} INFO - Sync 2 DAGs
[2025-07-16T07:20:21.242+0000] {logging_mixin.py:190} INFO - [2025-07-16T07:20:21.241+0000] {dag.py:4156} INFO - Setting next_dagrun for example_external_task_marker_child to None, run_after=None
[2025-07-16T07:20:21.246+0000] {logging_mixin.py:190} INFO - [2025-07-16T07:20:21.246+0000] {dag.py:4156} INFO - Setting next_dagrun for example_external_task_marker_parent to None, run_after=None
[2025-07-16T07:20:21.268+0000] {processor.py:208} INFO - Processing /home/airflow/.local/lib/python3.12/site-packages/airflow/example_dags/example_external_task_marker_dag.py took 0.087 seconds
[2025-07-16T07:20:51.730+0000] {processor.py:186} INFO - Started process (PID=1235) to work on /home/airflow/.local/lib/python3.12/site-packages/airflow/example_dags/example_external_task_marker_dag.py
[2025-07-16T07:20:51.731+0000] {processor.py:914} INFO - Processing file /home/airflow/.local/lib/python3.12/site-packages/airflow/example_dags/example_external_task_marker_dag.py for tasks to queue
[2025-07-16T07:20:51.734+0000] {logging_mixin.py:190} INFO - [2025-07-16T07:20:51.733+0000] {dagbag.py:587} INFO - Filling up the DagBag from /home/airflow/.local/lib/python3.12/site-packages/airflow/example_dags/example_external_task_marker_dag.py
[2025-07-16T07:20:51.742+0000] {processor.py:925} INFO - DAG(s) 'example_external_task_marker_child', 'example_external_task_marker_parent' retrieved from /home/airflow/.local/lib/python3.12/site-packages/airflow/example_dags/example_external_task_marker_dag.py
[2025-07-16T07:20:51.767+0000] {logging_mixin.py:190} INFO - [2025-07-16T07:20:51.767+0000] {dag.py:3229} INFO - Sync 2 DAGs
[2025-07-16T07:20:51.785+0000] {logging_mixin.py:190} INFO - [2025-07-16T07:20:51.784+0000] {dag.py:4156} INFO - Setting next_dagrun for example_external_task_marker_child to None, run_after=None
[2025-07-16T07:20:51.789+0000] {logging_mixin.py:190} INFO - [2025-07-16T07:20:51.789+0000] {dag.py:4156} INFO - Setting next_dagrun for example_external_task_marker_parent to None, run_after=None
[2025-07-16T07:20:51.811+0000] {processor.py:208} INFO - Processing /home/airflow/.local/lib/python3.12/site-packages/airflow/example_dags/example_external_task_marker_dag.py took 0.088 seconds
[2025-07-16T07:21:22.585+0000] {processor.py:186} INFO - Started process (PID=1292) to work on /home/airflow/.local/lib/python3.12/site-packages/airflow/example_dags/example_external_task_marker_dag.py
[2025-07-16T07:21:22.587+0000] {processor.py:914} INFO - Processing file /home/airflow/.local/lib/python3.12/site-packages/airflow/example_dags/example_external_task_marker_dag.py for tasks to queue
[2025-07-16T07:21:22.589+0000] {logging_mixin.py:190} INFO - [2025-07-16T07:21:22.589+0000] {dagbag.py:587} INFO - Filling up the DagBag from /home/airflow/.local/lib/python3.12/site-packages/airflow/example_dags/example_external_task_marker_dag.py
[2025-07-16T07:21:22.597+0000] {processor.py:925} INFO - DAG(s) 'example_external_task_marker_child', 'example_external_task_marker_parent' retrieved from /home/airflow/.local/lib/python3.12/site-packages/airflow/example_dags/example_external_task_marker_dag.py
[2025-07-16T07:21:22.623+0000] {logging_mixin.py:190} INFO - [2025-07-16T07:21:22.622+0000] {dag.py:3229} INFO - Sync 2 DAGs
[2025-07-16T07:21:22.639+0000] {logging_mixin.py:190} INFO - [2025-07-16T07:21:22.639+0000] {dag.py:4156} INFO - Setting next_dagrun for example_external_task_marker_child to None, run_after=None
[2025-07-16T07:21:22.644+0000] {logging_mixin.py:190} INFO - [2025-07-16T07:21:22.643+0000] {dag.py:4156} INFO - Setting next_dagrun for example_external_task_marker_parent to None, run_after=None
[2025-07-16T07:21:22.665+0000] {processor.py:208} INFO - Processing /home/airflow/.local/lib/python3.12/site-packages/airflow/example_dags/example_external_task_marker_dag.py took 0.086 seconds
[2025-07-16T07:21:53.376+0000] {processor.py:186} INFO - Started process (PID=1349) to work on /home/airflow/.local/lib/python3.12/site-packages/airflow/example_dags/example_external_task_marker_dag.py
[2025-07-16T07:21:53.377+0000] {processor.py:914} INFO - Processing file /home/airflow/.local/lib/python3.12/site-packages/airflow/example_dags/example_external_task_marker_dag.py for tasks to queue
[2025-07-16T07:21:53.380+0000] {logging_mixin.py:190} INFO - [2025-07-16T07:21:53.379+0000] {dagbag.py:587} INFO - Filling up the DagBag from /home/airflow/.local/lib/python3.12/site-packages/airflow/example_dags/example_external_task_marker_dag.py
[2025-07-16T07:21:53.388+0000] {processor.py:925} INFO - DAG(s) 'example_external_task_marker_parent', 'example_external_task_marker_child' retrieved from /home/airflow/.local/lib/python3.12/site-packages/airflow/example_dags/example_external_task_marker_dag.py
[2025-07-16T07:21:53.414+0000] {logging_mixin.py:190} INFO - [2025-07-16T07:21:53.414+0000] {dag.py:3229} INFO - Sync 2 DAGs
[2025-07-16T07:21:53.431+0000] {logging_mixin.py:190} INFO - [2025-07-16T07:21:53.431+0000] {dag.py:4156} INFO - Setting next_dagrun for example_external_task_marker_child to None, run_after=None
[2025-07-16T07:21:53.436+0000] {logging_mixin.py:190} INFO - [2025-07-16T07:21:53.436+0000] {dag.py:4156} INFO - Setting next_dagrun for example_external_task_marker_parent to None, run_after=None
[2025-07-16T07:21:53.460+0000] {processor.py:208} INFO - Processing /home/airflow/.local/lib/python3.12/site-packages/airflow/example_dags/example_external_task_marker_dag.py took 0.091 seconds
[2025-07-16T07:22:24.086+0000] {processor.py:186} INFO - Started process (PID=1406) to work on /home/airflow/.local/lib/python3.12/site-packages/airflow/example_dags/example_external_task_marker_dag.py
[2025-07-16T07:22:24.087+0000] {processor.py:914} INFO - Processing file /home/airflow/.local/lib/python3.12/site-packages/airflow/example_dags/example_external_task_marker_dag.py for tasks to queue
[2025-07-16T07:22:24.090+0000] {logging_mixin.py:190} INFO - [2025-07-16T07:22:24.089+0000] {dagbag.py:587} INFO - Filling up the DagBag from /home/airflow/.local/lib/python3.12/site-packages/airflow/example_dags/example_external_task_marker_dag.py
[2025-07-16T07:22:24.098+0000] {processor.py:925} INFO - DAG(s) 'example_external_task_marker_child', 'example_external_task_marker_parent' retrieved from /home/airflow/.local/lib/python3.12/site-packages/airflow/example_dags/example_external_task_marker_dag.py
[2025-07-16T07:22:24.121+0000] {logging_mixin.py:190} INFO - [2025-07-16T07:22:24.121+0000] {dag.py:3229} INFO - Sync 2 DAGs
[2025-07-16T07:22:24.139+0000] {logging_mixin.py:190} INFO - [2025-07-16T07:22:24.138+0000] {dag.py:4156} INFO - Setting next_dagrun for example_external_task_marker_child to None, run_after=None
[2025-07-16T07:22:24.143+0000] {logging_mixin.py:190} INFO - [2025-07-16T07:22:24.142+0000] {dag.py:4156} INFO - Setting next_dagrun for example_external_task_marker_parent to None, run_after=None
[2025-07-16T07:22:24.165+0000] {processor.py:208} INFO - Processing /home/airflow/.local/lib/python3.12/site-packages/airflow/example_dags/example_external_task_marker_dag.py took 0.086 seconds
[2025-07-16T07:22:55.058+0000] {processor.py:186} INFO - Started process (PID=1463) to work on /home/airflow/.local/lib/python3.12/site-packages/airflow/example_dags/example_external_task_marker_dag.py
[2025-07-16T07:22:55.060+0000] {processor.py:914} INFO - Processing file /home/airflow/.local/lib/python3.12/site-packages/airflow/example_dags/example_external_task_marker_dag.py for tasks to queue
[2025-07-16T07:22:55.063+0000] {logging_mixin.py:190} INFO - [2025-07-16T07:22:55.062+0000] {dagbag.py:587} INFO - Filling up the DagBag from /home/airflow/.local/lib/python3.12/site-packages/airflow/example_dags/example_external_task_marker_dag.py
[2025-07-16T07:22:55.071+0000] {processor.py:925} INFO - DAG(s) 'example_external_task_marker_child', 'example_external_task_marker_parent' retrieved from /home/airflow/.local/lib/python3.12/site-packages/airflow/example_dags/example_external_task_marker_dag.py
[2025-07-16T07:22:55.096+0000] {logging_mixin.py:190} INFO - [2025-07-16T07:22:55.096+0000] {dag.py:3229} INFO - Sync 2 DAGs
[2025-07-16T07:22:55.112+0000] {logging_mixin.py:190} INFO - [2025-07-16T07:22:55.112+0000] {dag.py:4156} INFO - Setting next_dagrun for example_external_task_marker_child to None, run_after=None
[2025-07-16T07:22:55.116+0000] {logging_mixin.py:190} INFO - [2025-07-16T07:22:55.116+0000] {dag.py:4156} INFO - Setting next_dagrun for example_external_task_marker_parent to None, run_after=None
[2025-07-16T07:22:55.135+0000] {processor.py:208} INFO - Processing /home/airflow/.local/lib/python3.12/site-packages/airflow/example_dags/example_external_task_marker_dag.py took 0.083 seconds
[2025-07-16T07:23:26.120+0000] {processor.py:186} INFO - Started process (PID=1520) to work on /home/airflow/.local/lib/python3.12/site-packages/airflow/example_dags/example_external_task_marker_dag.py
[2025-07-16T07:23:26.122+0000] {processor.py:914} INFO - Processing file /home/airflow/.local/lib/python3.12/site-packages/airflow/example_dags/example_external_task_marker_dag.py for tasks to queue
[2025-07-16T07:23:26.124+0000] {logging_mixin.py:190} INFO - [2025-07-16T07:23:26.124+0000] {dagbag.py:587} INFO - Filling up the DagBag from /home/airflow/.local/lib/python3.12/site-packages/airflow/example_dags/example_external_task_marker_dag.py
[2025-07-16T07:23:26.133+0000] {processor.py:925} INFO - DAG(s) 'example_external_task_marker_parent', 'example_external_task_marker_child' retrieved from /home/airflow/.local/lib/python3.12/site-packages/airflow/example_dags/example_external_task_marker_dag.py
[2025-07-16T07:23:26.158+0000] {logging_mixin.py:190} INFO - [2025-07-16T07:23:26.157+0000] {dag.py:3229} INFO - Sync 2 DAGs
[2025-07-16T07:23:26.175+0000] {logging_mixin.py:190} INFO - [2025-07-16T07:23:26.175+0000] {dag.py:4156} INFO - Setting next_dagrun for example_external_task_marker_child to None, run_after=None
[2025-07-16T07:23:26.179+0000] {logging_mixin.py:190} INFO - [2025-07-16T07:23:26.179+0000] {dag.py:4156} INFO - Setting next_dagrun for example_external_task_marker_parent to None, run_after=None
[2025-07-16T07:23:26.202+0000] {processor.py:208} INFO - Processing /home/airflow/.local/lib/python3.12/site-packages/airflow/example_dags/example_external_task_marker_dag.py took 0.088 seconds
[2025-07-16T07:23:57.299+0000] {processor.py:186} INFO - Started process (PID=1577) to work on /home/airflow/.local/lib/python3.12/site-packages/airflow/example_dags/example_external_task_marker_dag.py
[2025-07-16T07:23:57.300+0000] {processor.py:914} INFO - Processing file /home/airflow/.local/lib/python3.12/site-packages/airflow/example_dags/example_external_task_marker_dag.py for tasks to queue
[2025-07-16T07:23:57.303+0000] {logging_mixin.py:190} INFO - [2025-07-16T07:23:57.303+0000] {dagbag.py:587} INFO - Filling up the DagBag from /home/airflow/.local/lib/python3.12/site-packages/airflow/example_dags/example_external_task_marker_dag.py
[2025-07-16T07:23:57.313+0000] {processor.py:925} INFO - DAG(s) 'example_external_task_marker_parent', 'example_external_task_marker_child' retrieved from /home/airflow/.local/lib/python3.12/site-packages/airflow/example_dags/example_external_task_marker_dag.py
[2025-07-16T07:23:57.338+0000] {logging_mixin.py:190} INFO - [2025-07-16T07:23:57.338+0000] {dag.py:3229} INFO - Sync 2 DAGs
[2025-07-16T07:23:57.356+0000] {logging_mixin.py:190} INFO - [2025-07-16T07:23:57.355+0000] {dag.py:4156} INFO - Setting next_dagrun for example_external_task_marker_child to None, run_after=None
[2025-07-16T07:23:57.360+0000] {logging_mixin.py:190} INFO - [2025-07-16T07:23:57.360+0000] {dag.py:4156} INFO - Setting next_dagrun for example_external_task_marker_parent to None, run_after=None
[2025-07-16T07:23:57.380+0000] {processor.py:208} INFO - Processing /home/airflow/.local/lib/python3.12/site-packages/airflow/example_dags/example_external_task_marker_dag.py took 0.088 seconds
[2025-07-16T07:24:27.740+0000] {processor.py:186} INFO - Started process (PID=1634) to work on /home/airflow/.local/lib/python3.12/site-packages/airflow/example_dags/example_external_task_marker_dag.py
[2025-07-16T07:24:27.741+0000] {processor.py:914} INFO - Processing file /home/airflow/.local/lib/python3.12/site-packages/airflow/example_dags/example_external_task_marker_dag.py for tasks to queue
[2025-07-16T07:24:27.744+0000] {logging_mixin.py:190} INFO - [2025-07-16T07:24:27.743+0000] {dagbag.py:587} INFO - Filling up the DagBag from /home/airflow/.local/lib/python3.12/site-packages/airflow/example_dags/example_external_task_marker_dag.py
[2025-07-16T07:24:27.752+0000] {processor.py:925} INFO - DAG(s) 'example_external_task_marker_child', 'example_external_task_marker_parent' retrieved from /home/airflow/.local/lib/python3.12/site-packages/airflow/example_dags/example_external_task_marker_dag.py
[2025-07-16T07:24:27.780+0000] {logging_mixin.py:190} INFO - [2025-07-16T07:24:27.780+0000] {dag.py:3229} INFO - Sync 2 DAGs
[2025-07-16T07:24:27.801+0000] {logging_mixin.py:190} INFO - [2025-07-16T07:24:27.800+0000] {dag.py:4156} INFO - Setting next_dagrun for example_external_task_marker_child to None, run_after=None
[2025-07-16T07:24:27.806+0000] {logging_mixin.py:190} INFO - [2025-07-16T07:24:27.805+0000] {dag.py:4156} INFO - Setting next_dagrun for example_external_task_marker_parent to None, run_after=None
[2025-07-16T07:24:27.828+0000] {processor.py:208} INFO - Processing /home/airflow/.local/lib/python3.12/site-packages/airflow/example_dags/example_external_task_marker_dag.py took 0.095 seconds
[2025-07-16T07:24:58.872+0000] {processor.py:186} INFO - Started process (PID=1691) to work on /home/airflow/.local/lib/python3.12/site-packages/airflow/example_dags/example_external_task_marker_dag.py
[2025-07-16T07:24:58.874+0000] {processor.py:914} INFO - Processing file /home/airflow/.local/lib/python3.12/site-packages/airflow/example_dags/example_external_task_marker_dag.py for tasks to queue
[2025-07-16T07:24:58.877+0000] {logging_mixin.py:190} INFO - [2025-07-16T07:24:58.876+0000] {dagbag.py:587} INFO - Filling up the DagBag from /home/airflow/.local/lib/python3.12/site-packages/airflow/example_dags/example_external_task_marker_dag.py
[2025-07-16T07:24:58.885+0000] {processor.py:925} INFO - DAG(s) 'example_external_task_marker_child', 'example_external_task_marker_parent' retrieved from /home/airflow/.local/lib/python3.12/site-packages/airflow/example_dags/example_external_task_marker_dag.py
[2025-07-16T07:24:58.921+0000] {logging_mixin.py:190} INFO - [2025-07-16T07:24:58.921+0000] {dag.py:3229} INFO - Sync 2 DAGs
[2025-07-16T07:24:58.940+0000] {logging_mixin.py:190} INFO - [2025-07-16T07:24:58.939+0000] {dag.py:4156} INFO - Setting next_dagrun for example_external_task_marker_child to None, run_after=None
[2025-07-16T07:24:58.944+0000] {logging_mixin.py:190} INFO - [2025-07-16T07:24:58.943+0000] {dag.py:4156} INFO - Setting next_dagrun for example_external_task_marker_parent to None, run_after=None
[2025-07-16T07:24:58.967+0000] {processor.py:208} INFO - Processing /home/airflow/.local/lib/python3.12/site-packages/airflow/example_dags/example_external_task_marker_dag.py took 0.101 seconds
[2025-07-16T07:25:29.705+0000] {processor.py:186} INFO - Started process (PID=1748) to work on /home/airflow/.local/lib/python3.12/site-packages/airflow/example_dags/example_external_task_marker_dag.py
[2025-07-16T07:25:29.706+0000] {processor.py:914} INFO - Processing file /home/airflow/.local/lib/python3.12/site-packages/airflow/example_dags/example_external_task_marker_dag.py for tasks to queue
[2025-07-16T07:25:29.708+0000] {logging_mixin.py:190} INFO - [2025-07-16T07:25:29.708+0000] {dagbag.py:587} INFO - Filling up the DagBag from /home/airflow/.local/lib/python3.12/site-packages/airflow/example_dags/example_external_task_marker_dag.py
[2025-07-16T07:25:29.717+0000] {processor.py:925} INFO - DAG(s) 'example_external_task_marker_parent', 'example_external_task_marker_child' retrieved from /home/airflow/.local/lib/python3.12/site-packages/airflow/example_dags/example_external_task_marker_dag.py
[2025-07-16T07:25:29.741+0000] {logging_mixin.py:190} INFO - [2025-07-16T07:25:29.741+0000] {dag.py:3229} INFO - Sync 2 DAGs
[2025-07-16T07:25:29.757+0000] {logging_mixin.py:190} INFO - [2025-07-16T07:25:29.756+0000] {dag.py:4156} INFO - Setting next_dagrun for example_external_task_marker_child to None, run_after=None
[2025-07-16T07:25:29.761+0000] {logging_mixin.py:190} INFO - [2025-07-16T07:25:29.760+0000] {dag.py:4156} INFO - Setting next_dagrun for example_external_task_marker_parent to None, run_after=None
[2025-07-16T07:25:29.780+0000] {processor.py:208} INFO - Processing /home/airflow/.local/lib/python3.12/site-packages/airflow/example_dags/example_external_task_marker_dag.py took 0.082 seconds
[2025-07-16T07:26:00.520+0000] {processor.py:186} INFO - Started process (PID=1805) to work on /home/airflow/.local/lib/python3.12/site-packages/airflow/example_dags/example_external_task_marker_dag.py
[2025-07-16T07:26:00.522+0000] {processor.py:914} INFO - Processing file /home/airflow/.local/lib/python3.12/site-packages/airflow/example_dags/example_external_task_marker_dag.py for tasks to queue
[2025-07-16T07:26:00.526+0000] {logging_mixin.py:190} INFO - [2025-07-16T07:26:00.525+0000] {dagbag.py:587} INFO - Filling up the DagBag from /home/airflow/.local/lib/python3.12/site-packages/airflow/example_dags/example_external_task_marker_dag.py
[2025-07-16T07:26:00.535+0000] {processor.py:925} INFO - DAG(s) 'example_external_task_marker_parent', 'example_external_task_marker_child' retrieved from /home/airflow/.local/lib/python3.12/site-packages/airflow/example_dags/example_external_task_marker_dag.py
[2025-07-16T07:26:00.562+0000] {logging_mixin.py:190} INFO - [2025-07-16T07:26:00.561+0000] {dag.py:3229} INFO - Sync 2 DAGs
[2025-07-16T07:26:00.578+0000] {logging_mixin.py:190} INFO - [2025-07-16T07:26:00.578+0000] {dag.py:4156} INFO - Setting next_dagrun for example_external_task_marker_child to None, run_after=None
[2025-07-16T07:26:00.583+0000] {logging_mixin.py:190} INFO - [2025-07-16T07:26:00.582+0000] {dag.py:4156} INFO - Setting next_dagrun for example_external_task_marker_parent to None, run_after=None
[2025-07-16T07:26:00.617+0000] {processor.py:208} INFO - Processing /home/airflow/.local/lib/python3.12/site-packages/airflow/example_dags/example_external_task_marker_dag.py took 0.103 seconds
[2025-07-16T07:26:30.827+0000] {processor.py:186} INFO - Started process (PID=1862) to work on /home/airflow/.local/lib/python3.12/site-packages/airflow/example_dags/example_external_task_marker_dag.py
[2025-07-16T07:26:30.828+0000] {processor.py:914} INFO - Processing file /home/airflow/.local/lib/python3.12/site-packages/airflow/example_dags/example_external_task_marker_dag.py for tasks to queue
[2025-07-16T07:26:30.831+0000] {logging_mixin.py:190} INFO - [2025-07-16T07:26:30.830+0000] {dagbag.py:587} INFO - Filling up the DagBag from /home/airflow/.local/lib/python3.12/site-packages/airflow/example_dags/example_external_task_marker_dag.py
[2025-07-16T07:26:30.839+0000] {processor.py:925} INFO - DAG(s) 'example_external_task_marker_parent', 'example_external_task_marker_child' retrieved from /home/airflow/.local/lib/python3.12/site-packages/airflow/example_dags/example_external_task_marker_dag.py
[2025-07-16T07:26:30.865+0000] {logging_mixin.py:190} INFO - [2025-07-16T07:26:30.865+0000] {dag.py:3229} INFO - Sync 2 DAGs
[2025-07-16T07:26:30.883+0000] {logging_mixin.py:190} INFO - [2025-07-16T07:26:30.883+0000] {dag.py:4156} INFO - Setting next_dagrun for example_external_task_marker_child to None, run_after=None
[2025-07-16T07:26:30.888+0000] {logging_mixin.py:190} INFO - [2025-07-16T07:26:30.888+0000] {dag.py:4156} INFO - Setting next_dagrun for example_external_task_marker_parent to None, run_after=None
[2025-07-16T07:26:30.910+0000] {processor.py:208} INFO - Processing /home/airflow/.local/lib/python3.12/site-packages/airflow/example_dags/example_external_task_marker_dag.py took 0.089 seconds
[2025-07-16T07:27:01.950+0000] {processor.py:186} INFO - Started process (PID=1919) to work on /home/airflow/.local/lib/python3.12/site-packages/airflow/example_dags/example_external_task_marker_dag.py
[2025-07-16T07:27:01.951+0000] {processor.py:914} INFO - Processing file /home/airflow/.local/lib/python3.12/site-packages/airflow/example_dags/example_external_task_marker_dag.py for tasks to queue
[2025-07-16T07:27:01.955+0000] {logging_mixin.py:190} INFO - [2025-07-16T07:27:01.955+0000] {dagbag.py:587} INFO - Filling up the DagBag from /home/airflow/.local/lib/python3.12/site-packages/airflow/example_dags/example_external_task_marker_dag.py
[2025-07-16T07:27:01.963+0000] {processor.py:925} INFO - DAG(s) 'example_external_task_marker_child', 'example_external_task_marker_parent' retrieved from /home/airflow/.local/lib/python3.12/site-packages/airflow/example_dags/example_external_task_marker_dag.py
[2025-07-16T07:27:01.988+0000] {logging_mixin.py:190} INFO - [2025-07-16T07:27:01.988+0000] {dag.py:3229} INFO - Sync 2 DAGs
[2025-07-16T07:27:02.007+0000] {logging_mixin.py:190} INFO - [2025-07-16T07:27:02.006+0000] {dag.py:4156} INFO - Setting next_dagrun for example_external_task_marker_child to None, run_after=None
[2025-07-16T07:27:02.012+0000] {logging_mixin.py:190} INFO - [2025-07-16T07:27:02.012+0000] {dag.py:4156} INFO - Setting next_dagrun for example_external_task_marker_parent to None, run_after=None
[2025-07-16T07:27:02.035+0000] {processor.py:208} INFO - Processing /home/airflow/.local/lib/python3.12/site-packages/airflow/example_dags/example_external_task_marker_dag.py took 0.095 seconds
[2025-07-16T07:27:32.981+0000] {processor.py:186} INFO - Started process (PID=1976) to work on /home/airflow/.local/lib/python3.12/site-packages/airflow/example_dags/example_external_task_marker_dag.py
[2025-07-16T07:27:32.982+0000] {processor.py:914} INFO - Processing file /home/airflow/.local/lib/python3.12/site-packages/airflow/example_dags/example_external_task_marker_dag.py for tasks to queue
[2025-07-16T07:27:32.985+0000] {logging_mixin.py:190} INFO - [2025-07-16T07:27:32.985+0000] {dagbag.py:587} INFO - Filling up the DagBag from /home/airflow/.local/lib/python3.12/site-packages/airflow/example_dags/example_external_task_marker_dag.py
[2025-07-16T07:27:32.993+0000] {processor.py:925} INFO - DAG(s) 'example_external_task_marker_parent', 'example_external_task_marker_child' retrieved from /home/airflow/.local/lib/python3.12/site-packages/airflow/example_dags/example_external_task_marker_dag.py
[2025-07-16T07:27:33.017+0000] {logging_mixin.py:190} INFO - [2025-07-16T07:27:33.017+0000] {dag.py:3229} INFO - Sync 2 DAGs
[2025-07-16T07:27:33.035+0000] {logging_mixin.py:190} INFO - [2025-07-16T07:27:33.035+0000] {dag.py:4156} INFO - Setting next_dagrun for example_external_task_marker_child to None, run_after=None
[2025-07-16T07:27:33.039+0000] {logging_mixin.py:190} INFO - [2025-07-16T07:27:33.039+0000] {dag.py:4156} INFO - Setting next_dagrun for example_external_task_marker_parent to None, run_after=None
[2025-07-16T07:27:33.062+0000] {processor.py:208} INFO - Processing /home/airflow/.local/lib/python3.12/site-packages/airflow/example_dags/example_external_task_marker_dag.py took 0.087 seconds
[2025-07-16T07:28:04.407+0000] {processor.py:186} INFO - Started process (PID=2033) to work on /home/airflow/.local/lib/python3.12/site-packages/airflow/example_dags/example_external_task_marker_dag.py
[2025-07-16T07:28:04.408+0000] {processor.py:914} INFO - Processing file /home/airflow/.local/lib/python3.12/site-packages/airflow/example_dags/example_external_task_marker_dag.py for tasks to queue
[2025-07-16T07:28:04.411+0000] {logging_mixin.py:190} INFO - [2025-07-16T07:28:04.411+0000] {dagbag.py:587} INFO - Filling up the DagBag from /home/airflow/.local/lib/python3.12/site-packages/airflow/example_dags/example_external_task_marker_dag.py
[2025-07-16T07:28:04.419+0000] {processor.py:925} INFO - DAG(s) 'example_external_task_marker_parent', 'example_external_task_marker_child' retrieved from /home/airflow/.local/lib/python3.12/site-packages/airflow/example_dags/example_external_task_marker_dag.py
[2025-07-16T07:28:04.446+0000] {logging_mixin.py:190} INFO - [2025-07-16T07:28:04.446+0000] {dag.py:3229} INFO - Sync 2 DAGs
[2025-07-16T07:28:04.463+0000] {logging_mixin.py:190} INFO - [2025-07-16T07:28:04.463+0000] {dag.py:4156} INFO - Setting next_dagrun for example_external_task_marker_child to None, run_after=None
[2025-07-16T07:28:04.467+0000] {logging_mixin.py:190} INFO - [2025-07-16T07:28:04.467+0000] {dag.py:4156} INFO - Setting next_dagrun for example_external_task_marker_parent to None, run_after=None
[2025-07-16T07:28:04.491+0000] {processor.py:208} INFO - Processing /home/airflow/.local/lib/python3.12/site-packages/airflow/example_dags/example_external_task_marker_dag.py took 0.090 seconds
[2025-07-16T07:28:35.715+0000] {processor.py:186} INFO - Started process (PID=2090) to work on /home/airflow/.local/lib/python3.12/site-packages/airflow/example_dags/example_external_task_marker_dag.py
[2025-07-16T07:28:35.716+0000] {processor.py:914} INFO - Processing file /home/airflow/.local/lib/python3.12/site-packages/airflow/example_dags/example_external_task_marker_dag.py for tasks to queue
[2025-07-16T07:28:35.721+0000] {logging_mixin.py:190} INFO - [2025-07-16T07:28:35.720+0000] {dagbag.py:587} INFO - Filling up the DagBag from /home/airflow/.local/lib/python3.12/site-packages/airflow/example_dags/example_external_task_marker_dag.py
[2025-07-16T07:28:35.735+0000] {processor.py:925} INFO - DAG(s) 'example_external_task_marker_child', 'example_external_task_marker_parent' retrieved from /home/airflow/.local/lib/python3.12/site-packages/airflow/example_dags/example_external_task_marker_dag.py
[2025-07-16T07:28:35.773+0000] {logging_mixin.py:190} INFO - [2025-07-16T07:28:35.772+0000] {dag.py:3229} INFO - Sync 2 DAGs
[2025-07-16T07:28:35.818+0000] {logging_mixin.py:190} INFO - [2025-07-16T07:28:35.817+0000] {dag.py:4156} INFO - Setting next_dagrun for example_external_task_marker_child to None, run_after=None
[2025-07-16T07:28:35.828+0000] {logging_mixin.py:190} INFO - [2025-07-16T07:28:35.828+0000] {dag.py:4156} INFO - Setting next_dagrun for example_external_task_marker_parent to None, run_after=None
[2025-07-16T07:28:35.867+0000] {processor.py:208} INFO - Processing /home/airflow/.local/lib/python3.12/site-packages/airflow/example_dags/example_external_task_marker_dag.py took 0.160 seconds
[2025-07-16T07:29:06.802+0000] {processor.py:186} INFO - Started process (PID=2147) to work on /home/airflow/.local/lib/python3.12/site-packages/airflow/example_dags/example_external_task_marker_dag.py
[2025-07-16T07:29:06.804+0000] {processor.py:914} INFO - Processing file /home/airflow/.local/lib/python3.12/site-packages/airflow/example_dags/example_external_task_marker_dag.py for tasks to queue
[2025-07-16T07:29:06.806+0000] {logging_mixin.py:190} INFO - [2025-07-16T07:29:06.806+0000] {dagbag.py:587} INFO - Filling up the DagBag from /home/airflow/.local/lib/python3.12/site-packages/airflow/example_dags/example_external_task_marker_dag.py
[2025-07-16T07:29:06.816+0000] {processor.py:925} INFO - DAG(s) 'example_external_task_marker_child', 'example_external_task_marker_parent' retrieved from /home/airflow/.local/lib/python3.12/site-packages/airflow/example_dags/example_external_task_marker_dag.py
[2025-07-16T07:29:06.844+0000] {logging_mixin.py:190} INFO - [2025-07-16T07:29:06.843+0000] {dag.py:3229} INFO - Sync 2 DAGs
[2025-07-16T07:29:06.860+0000] {logging_mixin.py:190} INFO - [2025-07-16T07:29:06.860+0000] {dag.py:4156} INFO - Setting next_dagrun for example_external_task_marker_child to None, run_after=None
[2025-07-16T07:29:06.864+0000] {logging_mixin.py:190} INFO - [2025-07-16T07:29:06.864+0000] {dag.py:4156} INFO - Setting next_dagrun for example_external_task_marker_parent to None, run_after=None
[2025-07-16T07:29:06.891+0000] {processor.py:208} INFO - Processing /home/airflow/.local/lib/python3.12/site-packages/airflow/example_dags/example_external_task_marker_dag.py took 0.097 seconds
[2025-07-16T07:29:37.213+0000] {processor.py:186} INFO - Started process (PID=2204) to work on /home/airflow/.local/lib/python3.12/site-packages/airflow/example_dags/example_external_task_marker_dag.py
[2025-07-16T07:29:37.214+0000] {processor.py:914} INFO - Processing file /home/airflow/.local/lib/python3.12/site-packages/airflow/example_dags/example_external_task_marker_dag.py for tasks to queue
[2025-07-16T07:29:37.217+0000] {logging_mixin.py:190} INFO - [2025-07-16T07:29:37.217+0000] {dagbag.py:587} INFO - Filling up the DagBag from /home/airflow/.local/lib/python3.12/site-packages/airflow/example_dags/example_external_task_marker_dag.py
[2025-07-16T07:29:37.225+0000] {processor.py:925} INFO - DAG(s) 'example_external_task_marker_child', 'example_external_task_marker_parent' retrieved from /home/airflow/.local/lib/python3.12/site-packages/airflow/example_dags/example_external_task_marker_dag.py
[2025-07-16T07:29:37.251+0000] {logging_mixin.py:190} INFO - [2025-07-16T07:29:37.251+0000] {dag.py:3229} INFO - Sync 2 DAGs
[2025-07-16T07:29:37.267+0000] {logging_mixin.py:190} INFO - [2025-07-16T07:29:37.266+0000] {dag.py:4156} INFO - Setting next_dagrun for example_external_task_marker_child to None, run_after=None
[2025-07-16T07:29:37.271+0000] {logging_mixin.py:190} INFO - [2025-07-16T07:29:37.271+0000] {dag.py:4156} INFO - Setting next_dagrun for example_external_task_marker_parent to None, run_after=None
[2025-07-16T07:29:37.291+0000] {processor.py:208} INFO - Processing /home/airflow/.local/lib/python3.12/site-packages/airflow/example_dags/example_external_task_marker_dag.py took 0.086 seconds
[2025-07-16T07:30:07.666+0000] {processor.py:186} INFO - Started process (PID=2261) to work on /home/airflow/.local/lib/python3.12/site-packages/airflow/example_dags/example_external_task_marker_dag.py
[2025-07-16T07:30:07.667+0000] {processor.py:914} INFO - Processing file /home/airflow/.local/lib/python3.12/site-packages/airflow/example_dags/example_external_task_marker_dag.py for tasks to queue
[2025-07-16T07:30:07.670+0000] {logging_mixin.py:190} INFO - [2025-07-16T07:30:07.669+0000] {dagbag.py:587} INFO - Filling up the DagBag from /home/airflow/.local/lib/python3.12/site-packages/airflow/example_dags/example_external_task_marker_dag.py
[2025-07-16T07:30:07.679+0000] {processor.py:925} INFO - DAG(s) 'example_external_task_marker_parent', 'example_external_task_marker_child' retrieved from /home/airflow/.local/lib/python3.12/site-packages/airflow/example_dags/example_external_task_marker_dag.py
[2025-07-16T07:30:07.706+0000] {logging_mixin.py:190} INFO - [2025-07-16T07:30:07.705+0000] {dag.py:3229} INFO - Sync 2 DAGs
[2025-07-16T07:30:07.727+0000] {logging_mixin.py:190} INFO - [2025-07-16T07:30:07.726+0000] {dag.py:4156} INFO - Setting next_dagrun for example_external_task_marker_child to None, run_after=None
[2025-07-16T07:30:07.731+0000] {logging_mixin.py:190} INFO - [2025-07-16T07:30:07.730+0000] {dag.py:4156} INFO - Setting next_dagrun for example_external_task_marker_parent to None, run_after=None
[2025-07-16T07:30:07.751+0000] {processor.py:208} INFO - Processing /home/airflow/.local/lib/python3.12/site-packages/airflow/example_dags/example_external_task_marker_dag.py took 0.092 seconds
[2025-07-16T07:30:39.225+0000] {processor.py:186} INFO - Started process (PID=2318) to work on /home/airflow/.local/lib/python3.12/site-packages/airflow/example_dags/example_external_task_marker_dag.py
[2025-07-16T07:30:39.226+0000] {processor.py:914} INFO - Processing file /home/airflow/.local/lib/python3.12/site-packages/airflow/example_dags/example_external_task_marker_dag.py for tasks to queue
[2025-07-16T07:30:39.229+0000] {logging_mixin.py:190} INFO - [2025-07-16T07:30:39.228+0000] {dagbag.py:587} INFO - Filling up the DagBag from /home/airflow/.local/lib/python3.12/site-packages/airflow/example_dags/example_external_task_marker_dag.py
[2025-07-16T07:30:39.240+0000] {processor.py:925} INFO - DAG(s) 'example_external_task_marker_child', 'example_external_task_marker_parent' retrieved from /home/airflow/.local/lib/python3.12/site-packages/airflow/example_dags/example_external_task_marker_dag.py
[2025-07-16T07:30:39.275+0000] {logging_mixin.py:190} INFO - [2025-07-16T07:30:39.275+0000] {dag.py:3229} INFO - Sync 2 DAGs
[2025-07-16T07:30:39.301+0000] {logging_mixin.py:190} INFO - [2025-07-16T07:30:39.301+0000] {dag.py:4156} INFO - Setting next_dagrun for example_external_task_marker_child to None, run_after=None
[2025-07-16T07:30:39.308+0000] {logging_mixin.py:190} INFO - [2025-07-16T07:30:39.307+0000] {dag.py:4156} INFO - Setting next_dagrun for example_external_task_marker_parent to None, run_after=None
[2025-07-16T07:30:39.331+0000] {processor.py:208} INFO - Processing /home/airflow/.local/lib/python3.12/site-packages/airflow/example_dags/example_external_task_marker_dag.py took 0.113 seconds
[2025-07-16T07:31:09.979+0000] {processor.py:186} INFO - Started process (PID=2375) to work on /home/airflow/.local/lib/python3.12/site-packages/airflow/example_dags/example_external_task_marker_dag.py
[2025-07-16T07:31:09.980+0000] {processor.py:914} INFO - Processing file /home/airflow/.local/lib/python3.12/site-packages/airflow/example_dags/example_external_task_marker_dag.py for tasks to queue
[2025-07-16T07:31:09.984+0000] {logging_mixin.py:190} INFO - [2025-07-16T07:31:09.983+0000] {dagbag.py:587} INFO - Filling up the DagBag from /home/airflow/.local/lib/python3.12/site-packages/airflow/example_dags/example_external_task_marker_dag.py
[2025-07-16T07:31:09.992+0000] {processor.py:925} INFO - DAG(s) 'example_external_task_marker_parent', 'example_external_task_marker_child' retrieved from /home/airflow/.local/lib/python3.12/site-packages/airflow/example_dags/example_external_task_marker_dag.py
[2025-07-16T07:31:10.019+0000] {logging_mixin.py:190} INFO - [2025-07-16T07:31:10.018+0000] {dag.py:3229} INFO - Sync 2 DAGs
[2025-07-16T07:31:10.036+0000] {logging_mixin.py:190} INFO - [2025-07-16T07:31:10.036+0000] {dag.py:4156} INFO - Setting next_dagrun for example_external_task_marker_child to None, run_after=None
[2025-07-16T07:31:10.040+0000] {logging_mixin.py:190} INFO - [2025-07-16T07:31:10.040+0000] {dag.py:4156} INFO - Setting next_dagrun for example_external_task_marker_parent to None, run_after=None
[2025-07-16T07:31:10.061+0000] {processor.py:208} INFO - Processing /home/airflow/.local/lib/python3.12/site-packages/airflow/example_dags/example_external_task_marker_dag.py took 0.088 seconds
[2025-07-16T07:31:41.297+0000] {processor.py:186} INFO - Started process (PID=2432) to work on /home/airflow/.local/lib/python3.12/site-packages/airflow/example_dags/example_external_task_marker_dag.py
[2025-07-16T07:31:41.298+0000] {processor.py:914} INFO - Processing file /home/airflow/.local/lib/python3.12/site-packages/airflow/example_dags/example_external_task_marker_dag.py for tasks to queue
[2025-07-16T07:31:41.301+0000] {logging_mixin.py:190} INFO - [2025-07-16T07:31:41.300+0000] {dagbag.py:587} INFO - Filling up the DagBag from /home/airflow/.local/lib/python3.12/site-packages/airflow/example_dags/example_external_task_marker_dag.py
[2025-07-16T07:31:41.310+0000] {processor.py:925} INFO - DAG(s) 'example_external_task_marker_parent', 'example_external_task_marker_child' retrieved from /home/airflow/.local/lib/python3.12/site-packages/airflow/example_dags/example_external_task_marker_dag.py
[2025-07-16T07:31:41.337+0000] {logging_mixin.py:190} INFO - [2025-07-16T07:31:41.336+0000] {dag.py:3229} INFO - Sync 2 DAGs
[2025-07-16T07:31:41.354+0000] {logging_mixin.py:190} INFO - [2025-07-16T07:31:41.353+0000] {dag.py:4156} INFO - Setting next_dagrun for example_external_task_marker_child to None, run_after=None
[2025-07-16T07:31:41.358+0000] {logging_mixin.py:190} INFO - [2025-07-16T07:31:41.358+0000] {dag.py:4156} INFO - Setting next_dagrun for example_external_task_marker_parent to None, run_after=None
[2025-07-16T07:31:41.381+0000] {processor.py:208} INFO - Processing /home/airflow/.local/lib/python3.12/site-packages/airflow/example_dags/example_external_task_marker_dag.py took 0.091 seconds
[2025-07-16T07:33:00.220+0000] {processor.py:186} INFO - Started process (PID=39) to work on /home/airflow/.local/lib/python3.12/site-packages/airflow/example_dags/example_external_task_marker_dag.py
[2025-07-16T07:33:00.222+0000] {processor.py:914} INFO - Processing file /home/airflow/.local/lib/python3.12/site-packages/airflow/example_dags/example_external_task_marker_dag.py for tasks to queue
[2025-07-16T07:33:00.226+0000] {logging_mixin.py:190} INFO - [2025-07-16T07:33:00.225+0000] {dagbag.py:587} INFO - Filling up the DagBag from /home/airflow/.local/lib/python3.12/site-packages/airflow/example_dags/example_external_task_marker_dag.py
[2025-07-16T07:33:00.240+0000] {processor.py:925} INFO - DAG(s) 'example_external_task_marker_parent', 'example_external_task_marker_child' retrieved from /home/airflow/.local/lib/python3.12/site-packages/airflow/example_dags/example_external_task_marker_dag.py
[2025-07-16T07:33:00.290+0000] {logging_mixin.py:190} INFO - [2025-07-16T07:33:00.290+0000] {dag.py:3229} INFO - Sync 2 DAGs
[2025-07-16T07:33:00.322+0000] {logging_mixin.py:190} INFO - [2025-07-16T07:33:00.322+0000] {dag.py:4156} INFO - Setting next_dagrun for example_external_task_marker_child to None, run_after=None
[2025-07-16T07:33:00.328+0000] {logging_mixin.py:190} INFO - [2025-07-16T07:33:00.328+0000] {dag.py:4156} INFO - Setting next_dagrun for example_external_task_marker_parent to None, run_after=None
[2025-07-16T07:33:00.359+0000] {processor.py:208} INFO - Processing /home/airflow/.local/lib/python3.12/site-packages/airflow/example_dags/example_external_task_marker_dag.py took 0.146 seconds
[2025-07-16T07:33:30.523+0000] {processor.py:186} INFO - Started process (PID=96) to work on /home/airflow/.local/lib/python3.12/site-packages/airflow/example_dags/example_external_task_marker_dag.py
[2025-07-16T07:33:30.525+0000] {processor.py:914} INFO - Processing file /home/airflow/.local/lib/python3.12/site-packages/airflow/example_dags/example_external_task_marker_dag.py for tasks to queue
[2025-07-16T07:33:30.528+0000] {logging_mixin.py:190} INFO - [2025-07-16T07:33:30.528+0000] {dagbag.py:587} INFO - Filling up the DagBag from /home/airflow/.local/lib/python3.12/site-packages/airflow/example_dags/example_external_task_marker_dag.py
[2025-07-16T07:33:30.542+0000] {processor.py:925} INFO - DAG(s) 'example_external_task_marker_parent', 'example_external_task_marker_child' retrieved from /home/airflow/.local/lib/python3.12/site-packages/airflow/example_dags/example_external_task_marker_dag.py
[2025-07-16T07:33:30.574+0000] {logging_mixin.py:190} INFO - [2025-07-16T07:33:30.574+0000] {dag.py:3229} INFO - Sync 2 DAGs
[2025-07-16T07:33:30.597+0000] {logging_mixin.py:190} INFO - [2025-07-16T07:33:30.596+0000] {dag.py:4156} INFO - Setting next_dagrun for example_external_task_marker_child to None, run_after=None
[2025-07-16T07:33:30.602+0000] {logging_mixin.py:190} INFO - [2025-07-16T07:33:30.602+0000] {dag.py:4156} INFO - Setting next_dagrun for example_external_task_marker_parent to None, run_after=None
[2025-07-16T07:33:30.623+0000] {processor.py:208} INFO - Processing /home/airflow/.local/lib/python3.12/site-packages/airflow/example_dags/example_external_task_marker_dag.py took 0.109 seconds
[2025-07-16T07:34:01.618+0000] {processor.py:186} INFO - Started process (PID=153) to work on /home/airflow/.local/lib/python3.12/site-packages/airflow/example_dags/example_external_task_marker_dag.py
[2025-07-16T07:34:01.620+0000] {processor.py:914} INFO - Processing file /home/airflow/.local/lib/python3.12/site-packages/airflow/example_dags/example_external_task_marker_dag.py for tasks to queue
[2025-07-16T07:34:01.623+0000] {logging_mixin.py:190} INFO - [2025-07-16T07:34:01.622+0000] {dagbag.py:587} INFO - Filling up the DagBag from /home/airflow/.local/lib/python3.12/site-packages/airflow/example_dags/example_external_task_marker_dag.py
[2025-07-16T07:34:01.631+0000] {processor.py:925} INFO - DAG(s) 'example_external_task_marker_parent', 'example_external_task_marker_child' retrieved from /home/airflow/.local/lib/python3.12/site-packages/airflow/example_dags/example_external_task_marker_dag.py
[2025-07-16T07:34:01.654+0000] {logging_mixin.py:190} INFO - [2025-07-16T07:34:01.654+0000] {dag.py:3229} INFO - Sync 2 DAGs
[2025-07-16T07:34:01.669+0000] {logging_mixin.py:190} INFO - [2025-07-16T07:34:01.669+0000] {dag.py:4156} INFO - Setting next_dagrun for example_external_task_marker_child to None, run_after=None
[2025-07-16T07:34:01.674+0000] {logging_mixin.py:190} INFO - [2025-07-16T07:34:01.674+0000] {dag.py:4156} INFO - Setting next_dagrun for example_external_task_marker_parent to None, run_after=None
[2025-07-16T07:34:01.695+0000] {processor.py:208} INFO - Processing /home/airflow/.local/lib/python3.12/site-packages/airflow/example_dags/example_external_task_marker_dag.py took 0.084 seconds
[2025-07-16T07:34:32.402+0000] {processor.py:186} INFO - Started process (PID=210) to work on /home/airflow/.local/lib/python3.12/site-packages/airflow/example_dags/example_external_task_marker_dag.py
[2025-07-16T07:34:32.403+0000] {processor.py:914} INFO - Processing file /home/airflow/.local/lib/python3.12/site-packages/airflow/example_dags/example_external_task_marker_dag.py for tasks to queue
[2025-07-16T07:34:32.406+0000] {logging_mixin.py:190} INFO - [2025-07-16T07:34:32.406+0000] {dagbag.py:587} INFO - Filling up the DagBag from /home/airflow/.local/lib/python3.12/site-packages/airflow/example_dags/example_external_task_marker_dag.py
[2025-07-16T07:34:32.415+0000] {processor.py:925} INFO - DAG(s) 'example_external_task_marker_child', 'example_external_task_marker_parent' retrieved from /home/airflow/.local/lib/python3.12/site-packages/airflow/example_dags/example_external_task_marker_dag.py
[2025-07-16T07:34:32.438+0000] {logging_mixin.py:190} INFO - [2025-07-16T07:34:32.438+0000] {dag.py:3229} INFO - Sync 2 DAGs
[2025-07-16T07:34:32.453+0000] {logging_mixin.py:190} INFO - [2025-07-16T07:34:32.452+0000] {dag.py:4156} INFO - Setting next_dagrun for example_external_task_marker_child to None, run_after=None
[2025-07-16T07:34:32.456+0000] {logging_mixin.py:190} INFO - [2025-07-16T07:34:32.456+0000] {dag.py:4156} INFO - Setting next_dagrun for example_external_task_marker_parent to None, run_after=None
[2025-07-16T07:34:32.480+0000] {processor.py:208} INFO - Processing /home/airflow/.local/lib/python3.12/site-packages/airflow/example_dags/example_external_task_marker_dag.py took 0.085 seconds
[2025-07-16T07:35:03.386+0000] {processor.py:186} INFO - Started process (PID=267) to work on /home/airflow/.local/lib/python3.12/site-packages/airflow/example_dags/example_external_task_marker_dag.py
[2025-07-16T07:35:03.387+0000] {processor.py:914} INFO - Processing file /home/airflow/.local/lib/python3.12/site-packages/airflow/example_dags/example_external_task_marker_dag.py for tasks to queue
[2025-07-16T07:35:03.391+0000] {logging_mixin.py:190} INFO - [2025-07-16T07:35:03.390+0000] {dagbag.py:587} INFO - Filling up the DagBag from /home/airflow/.local/lib/python3.12/site-packages/airflow/example_dags/example_external_task_marker_dag.py
[2025-07-16T07:35:03.408+0000] {processor.py:925} INFO - DAG(s) 'example_external_task_marker_parent', 'example_external_task_marker_child' retrieved from /home/airflow/.local/lib/python3.12/site-packages/airflow/example_dags/example_external_task_marker_dag.py
[2025-07-16T07:35:03.440+0000] {logging_mixin.py:190} INFO - [2025-07-16T07:35:03.440+0000] {dag.py:3229} INFO - Sync 2 DAGs
[2025-07-16T07:35:03.461+0000] {logging_mixin.py:190} INFO - [2025-07-16T07:35:03.461+0000] {dag.py:4156} INFO - Setting next_dagrun for example_external_task_marker_child to None, run_after=None
[2025-07-16T07:35:03.468+0000] {logging_mixin.py:190} INFO - [2025-07-16T07:35:03.467+0000] {dag.py:4156} INFO - Setting next_dagrun for example_external_task_marker_parent to None, run_after=None
[2025-07-16T07:35:03.495+0000] {processor.py:208} INFO - Processing /home/airflow/.local/lib/python3.12/site-packages/airflow/example_dags/example_external_task_marker_dag.py took 0.124 seconds
[2025-07-16T07:35:33.615+0000] {processor.py:186} INFO - Started process (PID=323) to work on /home/airflow/.local/lib/python3.12/site-packages/airflow/example_dags/example_external_task_marker_dag.py
[2025-07-16T07:35:33.617+0000] {processor.py:914} INFO - Processing file /home/airflow/.local/lib/python3.12/site-packages/airflow/example_dags/example_external_task_marker_dag.py for tasks to queue
[2025-07-16T07:35:33.619+0000] {logging_mixin.py:190} INFO - [2025-07-16T07:35:33.619+0000] {dagbag.py:587} INFO - Filling up the DagBag from /home/airflow/.local/lib/python3.12/site-packages/airflow/example_dags/example_external_task_marker_dag.py
[2025-07-16T07:35:33.628+0000] {processor.py:925} INFO - DAG(s) 'example_external_task_marker_parent', 'example_external_task_marker_child' retrieved from /home/airflow/.local/lib/python3.12/site-packages/airflow/example_dags/example_external_task_marker_dag.py
[2025-07-16T07:35:33.655+0000] {logging_mixin.py:190} INFO - [2025-07-16T07:35:33.655+0000] {dag.py:3229} INFO - Sync 2 DAGs
[2025-07-16T07:35:33.672+0000] {logging_mixin.py:190} INFO - [2025-07-16T07:35:33.672+0000] {dag.py:4156} INFO - Setting next_dagrun for example_external_task_marker_child to None, run_after=None
[2025-07-16T07:35:33.676+0000] {logging_mixin.py:190} INFO - [2025-07-16T07:35:33.676+0000] {dag.py:4156} INFO - Setting next_dagrun for example_external_task_marker_parent to None, run_after=None
[2025-07-16T07:35:33.701+0000] {processor.py:208} INFO - Processing /home/airflow/.local/lib/python3.12/site-packages/airflow/example_dags/example_external_task_marker_dag.py took 0.093 seconds
[2025-07-16T07:36:03.987+0000] {processor.py:186} INFO - Started process (PID=380) to work on /home/airflow/.local/lib/python3.12/site-packages/airflow/example_dags/example_external_task_marker_dag.py
[2025-07-16T07:36:03.988+0000] {processor.py:914} INFO - Processing file /home/airflow/.local/lib/python3.12/site-packages/airflow/example_dags/example_external_task_marker_dag.py for tasks to queue
[2025-07-16T07:36:03.992+0000] {logging_mixin.py:190} INFO - [2025-07-16T07:36:03.991+0000] {dagbag.py:587} INFO - Filling up the DagBag from /home/airflow/.local/lib/python3.12/site-packages/airflow/example_dags/example_external_task_marker_dag.py
[2025-07-16T07:36:04.004+0000] {processor.py:925} INFO - DAG(s) 'example_external_task_marker_parent', 'example_external_task_marker_child' retrieved from /home/airflow/.local/lib/python3.12/site-packages/airflow/example_dags/example_external_task_marker_dag.py
[2025-07-16T07:36:04.031+0000] {logging_mixin.py:190} INFO - [2025-07-16T07:36:04.031+0000] {dag.py:3229} INFO - Sync 2 DAGs
[2025-07-16T07:36:04.048+0000] {logging_mixin.py:190} INFO - [2025-07-16T07:36:04.048+0000] {dag.py:4156} INFO - Setting next_dagrun for example_external_task_marker_child to None, run_after=None
[2025-07-16T07:36:04.052+0000] {logging_mixin.py:190} INFO - [2025-07-16T07:36:04.052+0000] {dag.py:4156} INFO - Setting next_dagrun for example_external_task_marker_parent to None, run_after=None
[2025-07-16T07:36:04.072+0000] {processor.py:208} INFO - Processing /home/airflow/.local/lib/python3.12/site-packages/airflow/example_dags/example_external_task_marker_dag.py took 0.093 seconds
[2025-07-16T07:36:34.819+0000] {processor.py:186} INFO - Started process (PID=438) to work on /home/airflow/.local/lib/python3.12/site-packages/airflow/example_dags/example_external_task_marker_dag.py
[2025-07-16T07:36:34.820+0000] {processor.py:914} INFO - Processing file /home/airflow/.local/lib/python3.12/site-packages/airflow/example_dags/example_external_task_marker_dag.py for tasks to queue
[2025-07-16T07:36:34.822+0000] {logging_mixin.py:190} INFO - [2025-07-16T07:36:34.822+0000] {dagbag.py:587} INFO - Filling up the DagBag from /home/airflow/.local/lib/python3.12/site-packages/airflow/example_dags/example_external_task_marker_dag.py
[2025-07-16T07:36:34.832+0000] {processor.py:925} INFO - DAG(s) 'example_external_task_marker_parent', 'example_external_task_marker_child' retrieved from /home/airflow/.local/lib/python3.12/site-packages/airflow/example_dags/example_external_task_marker_dag.py
[2025-07-16T07:36:34.867+0000] {logging_mixin.py:190} INFO - [2025-07-16T07:36:34.867+0000] {dag.py:3229} INFO - Sync 2 DAGs
[2025-07-16T07:36:34.890+0000] {logging_mixin.py:190} INFO - [2025-07-16T07:36:34.889+0000] {dag.py:4156} INFO - Setting next_dagrun for example_external_task_marker_child to None, run_after=None
[2025-07-16T07:36:34.895+0000] {logging_mixin.py:190} INFO - [2025-07-16T07:36:34.895+0000] {dag.py:4156} INFO - Setting next_dagrun for example_external_task_marker_parent to None, run_after=None
[2025-07-16T07:36:34.925+0000] {processor.py:208} INFO - Processing /home/airflow/.local/lib/python3.12/site-packages/airflow/example_dags/example_external_task_marker_dag.py took 0.114 seconds
[2025-07-16T07:37:05.314+0000] {processor.py:186} INFO - Started process (PID=495) to work on /home/airflow/.local/lib/python3.12/site-packages/airflow/example_dags/example_external_task_marker_dag.py
[2025-07-16T07:37:05.315+0000] {processor.py:914} INFO - Processing file /home/airflow/.local/lib/python3.12/site-packages/airflow/example_dags/example_external_task_marker_dag.py for tasks to queue
[2025-07-16T07:37:05.318+0000] {logging_mixin.py:190} INFO - [2025-07-16T07:37:05.318+0000] {dagbag.py:587} INFO - Filling up the DagBag from /home/airflow/.local/lib/python3.12/site-packages/airflow/example_dags/example_external_task_marker_dag.py
[2025-07-16T07:37:05.329+0000] {processor.py:925} INFO - DAG(s) 'example_external_task_marker_child', 'example_external_task_marker_parent' retrieved from /home/airflow/.local/lib/python3.12/site-packages/airflow/example_dags/example_external_task_marker_dag.py
[2025-07-16T07:37:05.355+0000] {logging_mixin.py:190} INFO - [2025-07-16T07:37:05.354+0000] {dag.py:3229} INFO - Sync 2 DAGs
[2025-07-16T07:37:05.371+0000] {logging_mixin.py:190} INFO - [2025-07-16T07:37:05.371+0000] {dag.py:4156} INFO - Setting next_dagrun for example_external_task_marker_child to None, run_after=None
[2025-07-16T07:37:05.375+0000] {logging_mixin.py:190} INFO - [2025-07-16T07:37:05.375+0000] {dag.py:4156} INFO - Setting next_dagrun for example_external_task_marker_parent to None, run_after=None
[2025-07-16T07:37:05.395+0000] {processor.py:208} INFO - Processing /home/airflow/.local/lib/python3.12/site-packages/airflow/example_dags/example_external_task_marker_dag.py took 0.088 seconds
[2025-07-16T07:37:35.883+0000] {processor.py:186} INFO - Started process (PID=552) to work on /home/airflow/.local/lib/python3.12/site-packages/airflow/example_dags/example_external_task_marker_dag.py
[2025-07-16T07:37:35.884+0000] {processor.py:914} INFO - Processing file /home/airflow/.local/lib/python3.12/site-packages/airflow/example_dags/example_external_task_marker_dag.py for tasks to queue
[2025-07-16T07:37:35.886+0000] {logging_mixin.py:190} INFO - [2025-07-16T07:37:35.886+0000] {dagbag.py:587} INFO - Filling up the DagBag from /home/airflow/.local/lib/python3.12/site-packages/airflow/example_dags/example_external_task_marker_dag.py
[2025-07-16T07:37:35.895+0000] {processor.py:925} INFO - DAG(s) 'example_external_task_marker_child', 'example_external_task_marker_parent' retrieved from /home/airflow/.local/lib/python3.12/site-packages/airflow/example_dags/example_external_task_marker_dag.py
[2025-07-16T07:37:35.919+0000] {logging_mixin.py:190} INFO - [2025-07-16T07:37:35.919+0000] {dag.py:3229} INFO - Sync 2 DAGs
[2025-07-16T07:37:35.935+0000] {logging_mixin.py:190} INFO - [2025-07-16T07:37:35.935+0000] {dag.py:4156} INFO - Setting next_dagrun for example_external_task_marker_child to None, run_after=None
[2025-07-16T07:37:35.940+0000] {logging_mixin.py:190} INFO - [2025-07-16T07:37:35.940+0000] {dag.py:4156} INFO - Setting next_dagrun for example_external_task_marker_parent to None, run_after=None
[2025-07-16T07:37:35.963+0000] {processor.py:208} INFO - Processing /home/airflow/.local/lib/python3.12/site-packages/airflow/example_dags/example_external_task_marker_dag.py took 0.087 seconds
[2025-07-16T07:38:06.235+0000] {processor.py:186} INFO - Started process (PID=609) to work on /home/airflow/.local/lib/python3.12/site-packages/airflow/example_dags/example_external_task_marker_dag.py
[2025-07-16T07:38:06.237+0000] {processor.py:914} INFO - Processing file /home/airflow/.local/lib/python3.12/site-packages/airflow/example_dags/example_external_task_marker_dag.py for tasks to queue
[2025-07-16T07:38:06.241+0000] {logging_mixin.py:190} INFO - [2025-07-16T07:38:06.240+0000] {dagbag.py:587} INFO - Filling up the DagBag from /home/airflow/.local/lib/python3.12/site-packages/airflow/example_dags/example_external_task_marker_dag.py
[2025-07-16T07:38:06.250+0000] {processor.py:925} INFO - DAG(s) 'example_external_task_marker_parent', 'example_external_task_marker_child' retrieved from /home/airflow/.local/lib/python3.12/site-packages/airflow/example_dags/example_external_task_marker_dag.py
[2025-07-16T07:38:06.277+0000] {logging_mixin.py:190} INFO - [2025-07-16T07:38:06.277+0000] {dag.py:3229} INFO - Sync 2 DAGs
[2025-07-16T07:38:06.292+0000] {logging_mixin.py:190} INFO - [2025-07-16T07:38:06.292+0000] {dag.py:4156} INFO - Setting next_dagrun for example_external_task_marker_child to None, run_after=None
[2025-07-16T07:38:06.297+0000] {logging_mixin.py:190} INFO - [2025-07-16T07:38:06.296+0000] {dag.py:4156} INFO - Setting next_dagrun for example_external_task_marker_parent to None, run_after=None
[2025-07-16T07:38:06.316+0000] {processor.py:208} INFO - Processing /home/airflow/.local/lib/python3.12/site-packages/airflow/example_dags/example_external_task_marker_dag.py took 0.091 seconds
[2025-07-16T07:38:37.262+0000] {processor.py:186} INFO - Started process (PID=666) to work on /home/airflow/.local/lib/python3.12/site-packages/airflow/example_dags/example_external_task_marker_dag.py
[2025-07-16T07:38:37.263+0000] {processor.py:914} INFO - Processing file /home/airflow/.local/lib/python3.12/site-packages/airflow/example_dags/example_external_task_marker_dag.py for tasks to queue
[2025-07-16T07:38:37.265+0000] {logging_mixin.py:190} INFO - [2025-07-16T07:38:37.265+0000] {dagbag.py:587} INFO - Filling up the DagBag from /home/airflow/.local/lib/python3.12/site-packages/airflow/example_dags/example_external_task_marker_dag.py
[2025-07-16T07:38:37.273+0000] {processor.py:925} INFO - DAG(s) 'example_external_task_marker_child', 'example_external_task_marker_parent' retrieved from /home/airflow/.local/lib/python3.12/site-packages/airflow/example_dags/example_external_task_marker_dag.py
[2025-07-16T07:38:37.299+0000] {logging_mixin.py:190} INFO - [2025-07-16T07:38:37.299+0000] {dag.py:3229} INFO - Sync 2 DAGs
[2025-07-16T07:38:37.314+0000] {logging_mixin.py:190} INFO - [2025-07-16T07:38:37.314+0000] {dag.py:4156} INFO - Setting next_dagrun for example_external_task_marker_child to None, run_after=None
[2025-07-16T07:38:37.318+0000] {logging_mixin.py:190} INFO - [2025-07-16T07:38:37.318+0000] {dag.py:4156} INFO - Setting next_dagrun for example_external_task_marker_parent to None, run_after=None
[2025-07-16T07:38:37.343+0000] {processor.py:208} INFO - Processing /home/airflow/.local/lib/python3.12/site-packages/airflow/example_dags/example_external_task_marker_dag.py took 0.088 seconds
[2025-07-16T07:39:07.774+0000] {processor.py:186} INFO - Started process (PID=723) to work on /home/airflow/.local/lib/python3.12/site-packages/airflow/example_dags/example_external_task_marker_dag.py
[2025-07-16T07:39:07.775+0000] {processor.py:914} INFO - Processing file /home/airflow/.local/lib/python3.12/site-packages/airflow/example_dags/example_external_task_marker_dag.py for tasks to queue
[2025-07-16T07:39:07.778+0000] {logging_mixin.py:190} INFO - [2025-07-16T07:39:07.778+0000] {dagbag.py:587} INFO - Filling up the DagBag from /home/airflow/.local/lib/python3.12/site-packages/airflow/example_dags/example_external_task_marker_dag.py
[2025-07-16T07:39:07.787+0000] {processor.py:925} INFO - DAG(s) 'example_external_task_marker_parent', 'example_external_task_marker_child' retrieved from /home/airflow/.local/lib/python3.12/site-packages/airflow/example_dags/example_external_task_marker_dag.py
[2025-07-16T07:39:07.811+0000] {logging_mixin.py:190} INFO - [2025-07-16T07:39:07.811+0000] {dag.py:3229} INFO - Sync 2 DAGs
[2025-07-16T07:39:07.827+0000] {logging_mixin.py:190} INFO - [2025-07-16T07:39:07.827+0000] {dag.py:4156} INFO - Setting next_dagrun for example_external_task_marker_child to None, run_after=None
[2025-07-16T07:39:07.831+0000] {logging_mixin.py:190} INFO - [2025-07-16T07:39:07.831+0000] {dag.py:4156} INFO - Setting next_dagrun for example_external_task_marker_parent to None, run_after=None
[2025-07-16T07:39:07.855+0000] {processor.py:208} INFO - Processing /home/airflow/.local/lib/python3.12/site-packages/airflow/example_dags/example_external_task_marker_dag.py took 0.090 seconds
[2025-07-16T07:39:38.393+0000] {processor.py:186} INFO - Started process (PID=780) to work on /home/airflow/.local/lib/python3.12/site-packages/airflow/example_dags/example_external_task_marker_dag.py
[2025-07-16T07:39:38.395+0000] {processor.py:914} INFO - Processing file /home/airflow/.local/lib/python3.12/site-packages/airflow/example_dags/example_external_task_marker_dag.py for tasks to queue
[2025-07-16T07:39:38.397+0000] {logging_mixin.py:190} INFO - [2025-07-16T07:39:38.397+0000] {dagbag.py:587} INFO - Filling up the DagBag from /home/airflow/.local/lib/python3.12/site-packages/airflow/example_dags/example_external_task_marker_dag.py
[2025-07-16T07:39:38.405+0000] {processor.py:925} INFO - DAG(s) 'example_external_task_marker_child', 'example_external_task_marker_parent' retrieved from /home/airflow/.local/lib/python3.12/site-packages/airflow/example_dags/example_external_task_marker_dag.py
[2025-07-16T07:39:38.429+0000] {logging_mixin.py:190} INFO - [2025-07-16T07:39:38.428+0000] {dag.py:3229} INFO - Sync 2 DAGs
[2025-07-16T07:39:38.444+0000] {logging_mixin.py:190} INFO - [2025-07-16T07:39:38.444+0000] {dag.py:4156} INFO - Setting next_dagrun for example_external_task_marker_child to None, run_after=None
[2025-07-16T07:39:38.448+0000] {logging_mixin.py:190} INFO - [2025-07-16T07:39:38.448+0000] {dag.py:4156} INFO - Setting next_dagrun for example_external_task_marker_parent to None, run_after=None
[2025-07-16T07:39:38.475+0000] {processor.py:208} INFO - Processing /home/airflow/.local/lib/python3.12/site-packages/airflow/example_dags/example_external_task_marker_dag.py took 0.088 seconds
[2025-07-16T07:40:08.907+0000] {processor.py:186} INFO - Started process (PID=837) to work on /home/airflow/.local/lib/python3.12/site-packages/airflow/example_dags/example_external_task_marker_dag.py
[2025-07-16T07:40:08.908+0000] {processor.py:914} INFO - Processing file /home/airflow/.local/lib/python3.12/site-packages/airflow/example_dags/example_external_task_marker_dag.py for tasks to queue
[2025-07-16T07:40:08.919+0000] {logging_mixin.py:190} INFO - [2025-07-16T07:40:08.918+0000] {dagbag.py:587} INFO - Filling up the DagBag from /home/airflow/.local/lib/python3.12/site-packages/airflow/example_dags/example_external_task_marker_dag.py
[2025-07-16T07:40:08.937+0000] {processor.py:925} INFO - DAG(s) 'example_external_task_marker_parent', 'example_external_task_marker_child' retrieved from /home/airflow/.local/lib/python3.12/site-packages/airflow/example_dags/example_external_task_marker_dag.py
[2025-07-16T07:40:08.985+0000] {logging_mixin.py:190} INFO - [2025-07-16T07:40:08.984+0000] {dag.py:3229} INFO - Sync 2 DAGs
[2025-07-16T07:40:09.010+0000] {logging_mixin.py:190} INFO - [2025-07-16T07:40:09.010+0000] {dag.py:4156} INFO - Setting next_dagrun for example_external_task_marker_child to None, run_after=None
[2025-07-16T07:40:09.014+0000] {logging_mixin.py:190} INFO - [2025-07-16T07:40:09.014+0000] {dag.py:4156} INFO - Setting next_dagrun for example_external_task_marker_parent to None, run_after=None
[2025-07-16T07:40:09.042+0000] {processor.py:208} INFO - Processing /home/airflow/.local/lib/python3.12/site-packages/airflow/example_dags/example_external_task_marker_dag.py took 0.145 seconds
[2025-07-16T07:40:39.619+0000] {processor.py:186} INFO - Started process (PID=894) to work on /home/airflow/.local/lib/python3.12/site-packages/airflow/example_dags/example_external_task_marker_dag.py
[2025-07-16T07:40:39.621+0000] {processor.py:914} INFO - Processing file /home/airflow/.local/lib/python3.12/site-packages/airflow/example_dags/example_external_task_marker_dag.py for tasks to queue
[2025-07-16T07:40:39.624+0000] {logging_mixin.py:190} INFO - [2025-07-16T07:40:39.623+0000] {dagbag.py:587} INFO - Filling up the DagBag from /home/airflow/.local/lib/python3.12/site-packages/airflow/example_dags/example_external_task_marker_dag.py
[2025-07-16T07:40:39.639+0000] {processor.py:925} INFO - DAG(s) 'example_external_task_marker_child', 'example_external_task_marker_parent' retrieved from /home/airflow/.local/lib/python3.12/site-packages/airflow/example_dags/example_external_task_marker_dag.py
[2025-07-16T07:40:39.674+0000] {logging_mixin.py:190} INFO - [2025-07-16T07:40:39.673+0000] {dag.py:3229} INFO - Sync 2 DAGs
[2025-07-16T07:40:39.696+0000] {logging_mixin.py:190} INFO - [2025-07-16T07:40:39.696+0000] {dag.py:4156} INFO - Setting next_dagrun for example_external_task_marker_child to None, run_after=None
[2025-07-16T07:40:39.702+0000] {logging_mixin.py:190} INFO - [2025-07-16T07:40:39.702+0000] {dag.py:4156} INFO - Setting next_dagrun for example_external_task_marker_parent to None, run_after=None
[2025-07-16T07:40:39.727+0000] {processor.py:208} INFO - Processing /home/airflow/.local/lib/python3.12/site-packages/airflow/example_dags/example_external_task_marker_dag.py took 0.117 seconds
