[2025-07-16T07:10:18.303+0000] {processor.py:186} INFO - Started process (PID=80) to work on /home/airflow/.local/lib/python3.12/site-packages/airflow/example_dags/example_branch_python_dop_operator_3.py
[2025-07-16T07:10:18.304+0000] {processor.py:914} INFO - Processing file /home/airflow/.local/lib/python3.12/site-packages/airflow/example_dags/example_branch_python_dop_operator_3.py for tasks to queue
[2025-07-16T07:10:18.307+0000] {logging_mixin.py:190} INFO - [2025-07-16T07:10:18.307+0000] {dagbag.py:587} INFO - Filling up the DagBag from /home/airflow/.local/lib/python3.12/site-packages/airflow/example_dags/example_branch_python_dop_operator_3.py
[2025-07-16T07:10:18.318+0000] {processor.py:925} INFO - DAG(s) 'example_branch_dop_operator_v3' retrieved from /home/airflow/.local/lib/python3.12/site-packages/airflow/example_dags/example_branch_python_dop_operator_3.py
[2025-07-16T07:10:18.343+0000] {logging_mixin.py:190} INFO - [2025-07-16T07:10:18.343+0000] {dag.py:3229} INFO - Sync 1 DAGs
[2025-07-16T07:10:18.378+0000] {logging_mixin.py:190} INFO - [2025-07-16T07:10:18.378+0000] {dag.py:4156} INFO - Setting next_dagrun for example_branch_dop_operator_v3 to 2025-07-16 07:09:00+00:00, run_after=2025-07-16 07:10:00+00:00
[2025-07-16T07:10:18.425+0000] {processor.py:208} INFO - Processing /home/airflow/.local/lib/python3.12/site-packages/airflow/example_dags/example_branch_python_dop_operator_3.py took 0.128 seconds
[2025-07-16T07:10:48.513+0000] {processor.py:186} INFO - Started process (PID=137) to work on /home/airflow/.local/lib/python3.12/site-packages/airflow/example_dags/example_branch_python_dop_operator_3.py
[2025-07-16T07:10:48.514+0000] {processor.py:914} INFO - Processing file /home/airflow/.local/lib/python3.12/site-packages/airflow/example_dags/example_branch_python_dop_operator_3.py for tasks to queue
[2025-07-16T07:10:48.516+0000] {logging_mixin.py:190} INFO - [2025-07-16T07:10:48.516+0000] {dagbag.py:587} INFO - Filling up the DagBag from /home/airflow/.local/lib/python3.12/site-packages/airflow/example_dags/example_branch_python_dop_operator_3.py
[2025-07-16T07:10:48.527+0000] {processor.py:925} INFO - DAG(s) 'example_branch_dop_operator_v3' retrieved from /home/airflow/.local/lib/python3.12/site-packages/airflow/example_dags/example_branch_python_dop_operator_3.py
[2025-07-16T07:10:48.554+0000] {logging_mixin.py:190} INFO - [2025-07-16T07:10:48.554+0000] {dag.py:3229} INFO - Sync 1 DAGs
[2025-07-16T07:10:48.582+0000] {logging_mixin.py:190} INFO - [2025-07-16T07:10:48.581+0000] {dag.py:4156} INFO - Setting next_dagrun for example_branch_dop_operator_v3 to 2025-07-16 07:09:00+00:00, run_after=2025-07-16 07:10:00+00:00
[2025-07-16T07:10:48.602+0000] {processor.py:208} INFO - Processing /home/airflow/.local/lib/python3.12/site-packages/airflow/example_dags/example_branch_python_dop_operator_3.py took 0.098 seconds
[2025-07-16T07:11:19.278+0000] {processor.py:186} INFO - Started process (PID=194) to work on /home/airflow/.local/lib/python3.12/site-packages/airflow/example_dags/example_branch_python_dop_operator_3.py
[2025-07-16T07:11:19.279+0000] {processor.py:914} INFO - Processing file /home/airflow/.local/lib/python3.12/site-packages/airflow/example_dags/example_branch_python_dop_operator_3.py for tasks to queue
[2025-07-16T07:11:19.282+0000] {logging_mixin.py:190} INFO - [2025-07-16T07:11:19.282+0000] {dagbag.py:587} INFO - Filling up the DagBag from /home/airflow/.local/lib/python3.12/site-packages/airflow/example_dags/example_branch_python_dop_operator_3.py
[2025-07-16T07:11:19.293+0000] {processor.py:925} INFO - DAG(s) 'example_branch_dop_operator_v3' retrieved from /home/airflow/.local/lib/python3.12/site-packages/airflow/example_dags/example_branch_python_dop_operator_3.py
[2025-07-16T07:11:19.317+0000] {logging_mixin.py:190} INFO - [2025-07-16T07:11:19.316+0000] {dag.py:3229} INFO - Sync 1 DAGs
[2025-07-16T07:11:19.346+0000] {logging_mixin.py:190} INFO - [2025-07-16T07:11:19.346+0000] {dag.py:4156} INFO - Setting next_dagrun for example_branch_dop_operator_v3 to 2025-07-16 07:10:00+00:00, run_after=2025-07-16 07:11:00+00:00
[2025-07-16T07:11:19.368+0000] {processor.py:208} INFO - Processing /home/airflow/.local/lib/python3.12/site-packages/airflow/example_dags/example_branch_python_dop_operator_3.py took 0.098 seconds
[2025-07-16T07:11:49.868+0000] {processor.py:186} INFO - Started process (PID=251) to work on /home/airflow/.local/lib/python3.12/site-packages/airflow/example_dags/example_branch_python_dop_operator_3.py
[2025-07-16T07:11:49.869+0000] {processor.py:914} INFO - Processing file /home/airflow/.local/lib/python3.12/site-packages/airflow/example_dags/example_branch_python_dop_operator_3.py for tasks to queue
[2025-07-16T07:11:49.872+0000] {logging_mixin.py:190} INFO - [2025-07-16T07:11:49.871+0000] {dagbag.py:587} INFO - Filling up the DagBag from /home/airflow/.local/lib/python3.12/site-packages/airflow/example_dags/example_branch_python_dop_operator_3.py
[2025-07-16T07:11:49.884+0000] {processor.py:925} INFO - DAG(s) 'example_branch_dop_operator_v3' retrieved from /home/airflow/.local/lib/python3.12/site-packages/airflow/example_dags/example_branch_python_dop_operator_3.py
[2025-07-16T07:11:49.906+0000] {logging_mixin.py:190} INFO - [2025-07-16T07:11:49.906+0000] {dag.py:3229} INFO - Sync 1 DAGs
[2025-07-16T07:11:49.936+0000] {logging_mixin.py:190} INFO - [2025-07-16T07:11:49.935+0000] {dag.py:4156} INFO - Setting next_dagrun for example_branch_dop_operator_v3 to 2025-07-16 07:10:00+00:00, run_after=2025-07-16 07:11:00+00:00
[2025-07-16T07:11:49.957+0000] {processor.py:208} INFO - Processing /home/airflow/.local/lib/python3.12/site-packages/airflow/example_dags/example_branch_python_dop_operator_3.py took 0.097 seconds
[2025-07-16T07:12:20.240+0000] {processor.py:186} INFO - Started process (PID=308) to work on /home/airflow/.local/lib/python3.12/site-packages/airflow/example_dags/example_branch_python_dop_operator_3.py
[2025-07-16T07:12:20.241+0000] {processor.py:914} INFO - Processing file /home/airflow/.local/lib/python3.12/site-packages/airflow/example_dags/example_branch_python_dop_operator_3.py for tasks to queue
[2025-07-16T07:12:20.245+0000] {logging_mixin.py:190} INFO - [2025-07-16T07:12:20.244+0000] {dagbag.py:587} INFO - Filling up the DagBag from /home/airflow/.local/lib/python3.12/site-packages/airflow/example_dags/example_branch_python_dop_operator_3.py
[2025-07-16T07:12:20.259+0000] {processor.py:925} INFO - DAG(s) 'example_branch_dop_operator_v3' retrieved from /home/airflow/.local/lib/python3.12/site-packages/airflow/example_dags/example_branch_python_dop_operator_3.py
[2025-07-16T07:12:20.285+0000] {logging_mixin.py:190} INFO - [2025-07-16T07:12:20.285+0000] {dag.py:3229} INFO - Sync 1 DAGs
[2025-07-16T07:12:20.327+0000] {logging_mixin.py:190} INFO - [2025-07-16T07:12:20.326+0000] {dag.py:4156} INFO - Setting next_dagrun for example_branch_dop_operator_v3 to 2025-07-16 07:11:00+00:00, run_after=2025-07-16 07:12:00+00:00
[2025-07-16T07:12:20.354+0000] {processor.py:208} INFO - Processing /home/airflow/.local/lib/python3.12/site-packages/airflow/example_dags/example_branch_python_dop_operator_3.py took 0.122 seconds
[2025-07-16T07:12:51.681+0000] {processor.py:186} INFO - Started process (PID=365) to work on /home/airflow/.local/lib/python3.12/site-packages/airflow/example_dags/example_branch_python_dop_operator_3.py
[2025-07-16T07:12:51.682+0000] {processor.py:914} INFO - Processing file /home/airflow/.local/lib/python3.12/site-packages/airflow/example_dags/example_branch_python_dop_operator_3.py for tasks to queue
[2025-07-16T07:12:51.685+0000] {logging_mixin.py:190} INFO - [2025-07-16T07:12:51.685+0000] {dagbag.py:587} INFO - Filling up the DagBag from /home/airflow/.local/lib/python3.12/site-packages/airflow/example_dags/example_branch_python_dop_operator_3.py
[2025-07-16T07:12:51.700+0000] {processor.py:925} INFO - DAG(s) 'example_branch_dop_operator_v3' retrieved from /home/airflow/.local/lib/python3.12/site-packages/airflow/example_dags/example_branch_python_dop_operator_3.py
[2025-07-16T07:12:51.723+0000] {logging_mixin.py:190} INFO - [2025-07-16T07:12:51.723+0000] {dag.py:3229} INFO - Sync 1 DAGs
[2025-07-16T07:12:51.759+0000] {logging_mixin.py:190} INFO - [2025-07-16T07:12:51.759+0000] {dag.py:4156} INFO - Setting next_dagrun for example_branch_dop_operator_v3 to 2025-07-16 07:11:00+00:00, run_after=2025-07-16 07:12:00+00:00
[2025-07-16T07:12:51.787+0000] {processor.py:208} INFO - Processing /home/airflow/.local/lib/python3.12/site-packages/airflow/example_dags/example_branch_python_dop_operator_3.py took 0.114 seconds
[2025-07-16T07:13:22.430+0000] {processor.py:186} INFO - Started process (PID=422) to work on /home/airflow/.local/lib/python3.12/site-packages/airflow/example_dags/example_branch_python_dop_operator_3.py
[2025-07-16T07:13:22.431+0000] {processor.py:914} INFO - Processing file /home/airflow/.local/lib/python3.12/site-packages/airflow/example_dags/example_branch_python_dop_operator_3.py for tasks to queue
[2025-07-16T07:13:22.434+0000] {logging_mixin.py:190} INFO - [2025-07-16T07:13:22.433+0000] {dagbag.py:587} INFO - Filling up the DagBag from /home/airflow/.local/lib/python3.12/site-packages/airflow/example_dags/example_branch_python_dop_operator_3.py
[2025-07-16T07:13:22.447+0000] {processor.py:925} INFO - DAG(s) 'example_branch_dop_operator_v3' retrieved from /home/airflow/.local/lib/python3.12/site-packages/airflow/example_dags/example_branch_python_dop_operator_3.py
[2025-07-16T07:13:22.470+0000] {logging_mixin.py:190} INFO - [2025-07-16T07:13:22.469+0000] {dag.py:3229} INFO - Sync 1 DAGs
[2025-07-16T07:13:22.499+0000] {logging_mixin.py:190} INFO - [2025-07-16T07:13:22.499+0000] {dag.py:4156} INFO - Setting next_dagrun for example_branch_dop_operator_v3 to 2025-07-16 07:12:00+00:00, run_after=2025-07-16 07:13:00+00:00
[2025-07-16T07:13:22.523+0000] {processor.py:208} INFO - Processing /home/airflow/.local/lib/python3.12/site-packages/airflow/example_dags/example_branch_python_dop_operator_3.py took 0.099 seconds
[2025-07-16T07:13:52.719+0000] {processor.py:186} INFO - Started process (PID=479) to work on /home/airflow/.local/lib/python3.12/site-packages/airflow/example_dags/example_branch_python_dop_operator_3.py
[2025-07-16T07:13:52.720+0000] {processor.py:914} INFO - Processing file /home/airflow/.local/lib/python3.12/site-packages/airflow/example_dags/example_branch_python_dop_operator_3.py for tasks to queue
[2025-07-16T07:13:52.723+0000] {logging_mixin.py:190} INFO - [2025-07-16T07:13:52.722+0000] {dagbag.py:587} INFO - Filling up the DagBag from /home/airflow/.local/lib/python3.12/site-packages/airflow/example_dags/example_branch_python_dop_operator_3.py
[2025-07-16T07:13:52.734+0000] {processor.py:925} INFO - DAG(s) 'example_branch_dop_operator_v3' retrieved from /home/airflow/.local/lib/python3.12/site-packages/airflow/example_dags/example_branch_python_dop_operator_3.py
[2025-07-16T07:13:52.755+0000] {logging_mixin.py:190} INFO - [2025-07-16T07:13:52.754+0000] {dag.py:3229} INFO - Sync 1 DAGs
[2025-07-16T07:13:52.785+0000] {logging_mixin.py:190} INFO - [2025-07-16T07:13:52.785+0000] {dag.py:4156} INFO - Setting next_dagrun for example_branch_dop_operator_v3 to 2025-07-16 07:12:00+00:00, run_after=2025-07-16 07:13:00+00:00
[2025-07-16T07:13:52.807+0000] {processor.py:208} INFO - Processing /home/airflow/.local/lib/python3.12/site-packages/airflow/example_dags/example_branch_python_dop_operator_3.py took 0.094 seconds
[2025-07-16T07:14:22.998+0000] {processor.py:186} INFO - Started process (PID=536) to work on /home/airflow/.local/lib/python3.12/site-packages/airflow/example_dags/example_branch_python_dop_operator_3.py
[2025-07-16T07:14:23.000+0000] {processor.py:914} INFO - Processing file /home/airflow/.local/lib/python3.12/site-packages/airflow/example_dags/example_branch_python_dop_operator_3.py for tasks to queue
[2025-07-16T07:14:23.002+0000] {logging_mixin.py:190} INFO - [2025-07-16T07:14:23.002+0000] {dagbag.py:587} INFO - Filling up the DagBag from /home/airflow/.local/lib/python3.12/site-packages/airflow/example_dags/example_branch_python_dop_operator_3.py
[2025-07-16T07:14:23.013+0000] {processor.py:925} INFO - DAG(s) 'example_branch_dop_operator_v3' retrieved from /home/airflow/.local/lib/python3.12/site-packages/airflow/example_dags/example_branch_python_dop_operator_3.py
[2025-07-16T07:14:23.033+0000] {logging_mixin.py:190} INFO - [2025-07-16T07:14:23.033+0000] {dag.py:3229} INFO - Sync 1 DAGs
[2025-07-16T07:14:23.062+0000] {logging_mixin.py:190} INFO - [2025-07-16T07:14:23.062+0000] {dag.py:4156} INFO - Setting next_dagrun for example_branch_dop_operator_v3 to 2025-07-16 07:13:00+00:00, run_after=2025-07-16 07:14:00+00:00
[2025-07-16T07:14:23.085+0000] {processor.py:208} INFO - Processing /home/airflow/.local/lib/python3.12/site-packages/airflow/example_dags/example_branch_python_dop_operator_3.py took 0.093 seconds
[2025-07-16T07:14:53.569+0000] {processor.py:186} INFO - Started process (PID=593) to work on /home/airflow/.local/lib/python3.12/site-packages/airflow/example_dags/example_branch_python_dop_operator_3.py
[2025-07-16T07:14:53.570+0000] {processor.py:914} INFO - Processing file /home/airflow/.local/lib/python3.12/site-packages/airflow/example_dags/example_branch_python_dop_operator_3.py for tasks to queue
[2025-07-16T07:14:53.573+0000] {logging_mixin.py:190} INFO - [2025-07-16T07:14:53.573+0000] {dagbag.py:587} INFO - Filling up the DagBag from /home/airflow/.local/lib/python3.12/site-packages/airflow/example_dags/example_branch_python_dop_operator_3.py
[2025-07-16T07:14:53.585+0000] {processor.py:925} INFO - DAG(s) 'example_branch_dop_operator_v3' retrieved from /home/airflow/.local/lib/python3.12/site-packages/airflow/example_dags/example_branch_python_dop_operator_3.py
[2025-07-16T07:14:53.607+0000] {logging_mixin.py:190} INFO - [2025-07-16T07:14:53.607+0000] {dag.py:3229} INFO - Sync 1 DAGs
[2025-07-16T07:14:53.638+0000] {logging_mixin.py:190} INFO - [2025-07-16T07:14:53.638+0000] {dag.py:4156} INFO - Setting next_dagrun for example_branch_dop_operator_v3 to 2025-07-16 07:13:00+00:00, run_after=2025-07-16 07:14:00+00:00
[2025-07-16T07:14:53.664+0000] {processor.py:208} INFO - Processing /home/airflow/.local/lib/python3.12/site-packages/airflow/example_dags/example_branch_python_dop_operator_3.py took 0.101 seconds
[2025-07-16T07:15:24.378+0000] {processor.py:186} INFO - Started process (PID=650) to work on /home/airflow/.local/lib/python3.12/site-packages/airflow/example_dags/example_branch_python_dop_operator_3.py
[2025-07-16T07:15:24.379+0000] {processor.py:914} INFO - Processing file /home/airflow/.local/lib/python3.12/site-packages/airflow/example_dags/example_branch_python_dop_operator_3.py for tasks to queue
[2025-07-16T07:15:24.381+0000] {logging_mixin.py:190} INFO - [2025-07-16T07:15:24.381+0000] {dagbag.py:587} INFO - Filling up the DagBag from /home/airflow/.local/lib/python3.12/site-packages/airflow/example_dags/example_branch_python_dop_operator_3.py
[2025-07-16T07:15:24.392+0000] {processor.py:925} INFO - DAG(s) 'example_branch_dop_operator_v3' retrieved from /home/airflow/.local/lib/python3.12/site-packages/airflow/example_dags/example_branch_python_dop_operator_3.py
[2025-07-16T07:15:24.413+0000] {logging_mixin.py:190} INFO - [2025-07-16T07:15:24.413+0000] {dag.py:3229} INFO - Sync 1 DAGs
[2025-07-16T07:15:24.445+0000] {logging_mixin.py:190} INFO - [2025-07-16T07:15:24.445+0000] {dag.py:4156} INFO - Setting next_dagrun for example_branch_dop_operator_v3 to 2025-07-16 07:14:00+00:00, run_after=2025-07-16 07:15:00+00:00
[2025-07-16T07:15:24.472+0000] {processor.py:208} INFO - Processing /home/airflow/.local/lib/python3.12/site-packages/airflow/example_dags/example_branch_python_dop_operator_3.py took 0.101 seconds
[2025-07-16T07:15:55.040+0000] {processor.py:186} INFO - Started process (PID=707) to work on /home/airflow/.local/lib/python3.12/site-packages/airflow/example_dags/example_branch_python_dop_operator_3.py
[2025-07-16T07:15:55.042+0000] {processor.py:914} INFO - Processing file /home/airflow/.local/lib/python3.12/site-packages/airflow/example_dags/example_branch_python_dop_operator_3.py for tasks to queue
[2025-07-16T07:15:55.045+0000] {logging_mixin.py:190} INFO - [2025-07-16T07:15:55.044+0000] {dagbag.py:587} INFO - Filling up the DagBag from /home/airflow/.local/lib/python3.12/site-packages/airflow/example_dags/example_branch_python_dop_operator_3.py
[2025-07-16T07:15:55.059+0000] {processor.py:925} INFO - DAG(s) 'example_branch_dop_operator_v3' retrieved from /home/airflow/.local/lib/python3.12/site-packages/airflow/example_dags/example_branch_python_dop_operator_3.py
[2025-07-16T07:15:55.089+0000] {logging_mixin.py:190} INFO - [2025-07-16T07:15:55.088+0000] {dag.py:3229} INFO - Sync 1 DAGs
[2025-07-16T07:15:55.126+0000] {logging_mixin.py:190} INFO - [2025-07-16T07:15:55.126+0000] {dag.py:4156} INFO - Setting next_dagrun for example_branch_dop_operator_v3 to 2025-07-16 07:14:00+00:00, run_after=2025-07-16 07:15:00+00:00
[2025-07-16T07:15:55.199+0000] {processor.py:208} INFO - Processing /home/airflow/.local/lib/python3.12/site-packages/airflow/example_dags/example_branch_python_dop_operator_3.py took 0.167 seconds
[2025-07-16T07:16:25.685+0000] {processor.py:186} INFO - Started process (PID=764) to work on /home/airflow/.local/lib/python3.12/site-packages/airflow/example_dags/example_branch_python_dop_operator_3.py
[2025-07-16T07:16:25.686+0000] {processor.py:914} INFO - Processing file /home/airflow/.local/lib/python3.12/site-packages/airflow/example_dags/example_branch_python_dop_operator_3.py for tasks to queue
[2025-07-16T07:16:25.689+0000] {logging_mixin.py:190} INFO - [2025-07-16T07:16:25.688+0000] {dagbag.py:587} INFO - Filling up the DagBag from /home/airflow/.local/lib/python3.12/site-packages/airflow/example_dags/example_branch_python_dop_operator_3.py
[2025-07-16T07:16:25.700+0000] {processor.py:925} INFO - DAG(s) 'example_branch_dop_operator_v3' retrieved from /home/airflow/.local/lib/python3.12/site-packages/airflow/example_dags/example_branch_python_dop_operator_3.py
[2025-07-16T07:16:25.720+0000] {logging_mixin.py:190} INFO - [2025-07-16T07:16:25.720+0000] {dag.py:3229} INFO - Sync 1 DAGs
[2025-07-16T07:16:25.749+0000] {logging_mixin.py:190} INFO - [2025-07-16T07:16:25.749+0000] {dag.py:4156} INFO - Setting next_dagrun for example_branch_dop_operator_v3 to 2025-07-16 07:15:00+00:00, run_after=2025-07-16 07:16:00+00:00
[2025-07-16T07:16:25.772+0000] {processor.py:208} INFO - Processing /home/airflow/.local/lib/python3.12/site-packages/airflow/example_dags/example_branch_python_dop_operator_3.py took 0.094 seconds
[2025-07-16T07:16:56.135+0000] {processor.py:186} INFO - Started process (PID=821) to work on /home/airflow/.local/lib/python3.12/site-packages/airflow/example_dags/example_branch_python_dop_operator_3.py
[2025-07-16T07:16:56.139+0000] {processor.py:914} INFO - Processing file /home/airflow/.local/lib/python3.12/site-packages/airflow/example_dags/example_branch_python_dop_operator_3.py for tasks to queue
[2025-07-16T07:16:56.143+0000] {logging_mixin.py:190} INFO - [2025-07-16T07:16:56.143+0000] {dagbag.py:587} INFO - Filling up the DagBag from /home/airflow/.local/lib/python3.12/site-packages/airflow/example_dags/example_branch_python_dop_operator_3.py
[2025-07-16T07:16:56.164+0000] {processor.py:925} INFO - DAG(s) 'example_branch_dop_operator_v3' retrieved from /home/airflow/.local/lib/python3.12/site-packages/airflow/example_dags/example_branch_python_dop_operator_3.py
[2025-07-16T07:16:56.208+0000] {logging_mixin.py:190} INFO - [2025-07-16T07:16:56.208+0000] {dag.py:3229} INFO - Sync 1 DAGs
[2025-07-16T07:16:56.299+0000] {logging_mixin.py:190} INFO - [2025-07-16T07:16:56.299+0000] {dag.py:4156} INFO - Setting next_dagrun for example_branch_dop_operator_v3 to 2025-07-16 07:15:00+00:00, run_after=2025-07-16 07:16:00+00:00
[2025-07-16T07:16:56.366+0000] {processor.py:208} INFO - Processing /home/airflow/.local/lib/python3.12/site-packages/airflow/example_dags/example_branch_python_dop_operator_3.py took 0.246 seconds
[2025-07-16T07:17:26.848+0000] {processor.py:186} INFO - Started process (PID=878) to work on /home/airflow/.local/lib/python3.12/site-packages/airflow/example_dags/example_branch_python_dop_operator_3.py
[2025-07-16T07:17:26.849+0000] {processor.py:914} INFO - Processing file /home/airflow/.local/lib/python3.12/site-packages/airflow/example_dags/example_branch_python_dop_operator_3.py for tasks to queue
[2025-07-16T07:17:26.852+0000] {logging_mixin.py:190} INFO - [2025-07-16T07:17:26.852+0000] {dagbag.py:587} INFO - Filling up the DagBag from /home/airflow/.local/lib/python3.12/site-packages/airflow/example_dags/example_branch_python_dop_operator_3.py
[2025-07-16T07:17:26.863+0000] {processor.py:925} INFO - DAG(s) 'example_branch_dop_operator_v3' retrieved from /home/airflow/.local/lib/python3.12/site-packages/airflow/example_dags/example_branch_python_dop_operator_3.py
[2025-07-16T07:17:26.885+0000] {logging_mixin.py:190} INFO - [2025-07-16T07:17:26.885+0000] {dag.py:3229} INFO - Sync 1 DAGs
[2025-07-16T07:17:26.916+0000] {logging_mixin.py:190} INFO - [2025-07-16T07:17:26.916+0000] {dag.py:4156} INFO - Setting next_dagrun for example_branch_dop_operator_v3 to 2025-07-16 07:16:00+00:00, run_after=2025-07-16 07:17:00+00:00
[2025-07-16T07:17:26.940+0000] {processor.py:208} INFO - Processing /home/airflow/.local/lib/python3.12/site-packages/airflow/example_dags/example_branch_python_dop_operator_3.py took 0.099 seconds
[2025-07-16T07:17:57.613+0000] {processor.py:186} INFO - Started process (PID=935) to work on /home/airflow/.local/lib/python3.12/site-packages/airflow/example_dags/example_branch_python_dop_operator_3.py
[2025-07-16T07:17:57.614+0000] {processor.py:914} INFO - Processing file /home/airflow/.local/lib/python3.12/site-packages/airflow/example_dags/example_branch_python_dop_operator_3.py for tasks to queue
[2025-07-16T07:17:57.617+0000] {logging_mixin.py:190} INFO - [2025-07-16T07:17:57.616+0000] {dagbag.py:587} INFO - Filling up the DagBag from /home/airflow/.local/lib/python3.12/site-packages/airflow/example_dags/example_branch_python_dop_operator_3.py
[2025-07-16T07:17:57.629+0000] {processor.py:925} INFO - DAG(s) 'example_branch_dop_operator_v3' retrieved from /home/airflow/.local/lib/python3.12/site-packages/airflow/example_dags/example_branch_python_dop_operator_3.py
[2025-07-16T07:17:57.649+0000] {logging_mixin.py:190} INFO - [2025-07-16T07:17:57.649+0000] {dag.py:3229} INFO - Sync 1 DAGs
[2025-07-16T07:17:57.679+0000] {logging_mixin.py:190} INFO - [2025-07-16T07:17:57.679+0000] {dag.py:4156} INFO - Setting next_dagrun for example_branch_dop_operator_v3 to 2025-07-16 07:16:00+00:00, run_after=2025-07-16 07:17:00+00:00
[2025-07-16T07:17:57.703+0000] {processor.py:208} INFO - Processing /home/airflow/.local/lib/python3.12/site-packages/airflow/example_dags/example_branch_python_dop_operator_3.py took 0.096 seconds
[2025-07-16T07:18:28.383+0000] {processor.py:186} INFO - Started process (PID=992) to work on /home/airflow/.local/lib/python3.12/site-packages/airflow/example_dags/example_branch_python_dop_operator_3.py
[2025-07-16T07:18:28.384+0000] {processor.py:914} INFO - Processing file /home/airflow/.local/lib/python3.12/site-packages/airflow/example_dags/example_branch_python_dop_operator_3.py for tasks to queue
[2025-07-16T07:18:28.387+0000] {logging_mixin.py:190} INFO - [2025-07-16T07:18:28.387+0000] {dagbag.py:587} INFO - Filling up the DagBag from /home/airflow/.local/lib/python3.12/site-packages/airflow/example_dags/example_branch_python_dop_operator_3.py
[2025-07-16T07:18:28.401+0000] {processor.py:925} INFO - DAG(s) 'example_branch_dop_operator_v3' retrieved from /home/airflow/.local/lib/python3.12/site-packages/airflow/example_dags/example_branch_python_dop_operator_3.py
[2025-07-16T07:18:28.421+0000] {logging_mixin.py:190} INFO - [2025-07-16T07:18:28.420+0000] {dag.py:3229} INFO - Sync 1 DAGs
[2025-07-16T07:18:28.448+0000] {logging_mixin.py:190} INFO - [2025-07-16T07:18:28.448+0000] {dag.py:4156} INFO - Setting next_dagrun for example_branch_dop_operator_v3 to 2025-07-16 07:17:00+00:00, run_after=2025-07-16 07:18:00+00:00
[2025-07-16T07:18:28.474+0000] {processor.py:208} INFO - Processing /home/airflow/.local/lib/python3.12/site-packages/airflow/example_dags/example_branch_python_dop_operator_3.py took 0.098 seconds
[2025-07-16T07:18:58.891+0000] {processor.py:186} INFO - Started process (PID=1049) to work on /home/airflow/.local/lib/python3.12/site-packages/airflow/example_dags/example_branch_python_dop_operator_3.py
[2025-07-16T07:18:58.892+0000] {processor.py:914} INFO - Processing file /home/airflow/.local/lib/python3.12/site-packages/airflow/example_dags/example_branch_python_dop_operator_3.py for tasks to queue
[2025-07-16T07:18:58.895+0000] {logging_mixin.py:190} INFO - [2025-07-16T07:18:58.895+0000] {dagbag.py:587} INFO - Filling up the DagBag from /home/airflow/.local/lib/python3.12/site-packages/airflow/example_dags/example_branch_python_dop_operator_3.py
[2025-07-16T07:18:58.908+0000] {processor.py:925} INFO - DAG(s) 'example_branch_dop_operator_v3' retrieved from /home/airflow/.local/lib/python3.12/site-packages/airflow/example_dags/example_branch_python_dop_operator_3.py
[2025-07-16T07:18:58.936+0000] {logging_mixin.py:190} INFO - [2025-07-16T07:18:58.936+0000] {dag.py:3229} INFO - Sync 1 DAGs
[2025-07-16T07:18:58.969+0000] {logging_mixin.py:190} INFO - [2025-07-16T07:18:58.968+0000] {dag.py:4156} INFO - Setting next_dagrun for example_branch_dop_operator_v3 to 2025-07-16 07:17:00+00:00, run_after=2025-07-16 07:18:00+00:00
[2025-07-16T07:18:58.991+0000] {processor.py:208} INFO - Processing /home/airflow/.local/lib/python3.12/site-packages/airflow/example_dags/example_branch_python_dop_operator_3.py took 0.108 seconds
[2025-07-16T07:19:29.431+0000] {processor.py:186} INFO - Started process (PID=1106) to work on /home/airflow/.local/lib/python3.12/site-packages/airflow/example_dags/example_branch_python_dop_operator_3.py
[2025-07-16T07:19:29.432+0000] {processor.py:914} INFO - Processing file /home/airflow/.local/lib/python3.12/site-packages/airflow/example_dags/example_branch_python_dop_operator_3.py for tasks to queue
[2025-07-16T07:19:29.435+0000] {logging_mixin.py:190} INFO - [2025-07-16T07:19:29.434+0000] {dagbag.py:587} INFO - Filling up the DagBag from /home/airflow/.local/lib/python3.12/site-packages/airflow/example_dags/example_branch_python_dop_operator_3.py
[2025-07-16T07:19:29.445+0000] {processor.py:925} INFO - DAG(s) 'example_branch_dop_operator_v3' retrieved from /home/airflow/.local/lib/python3.12/site-packages/airflow/example_dags/example_branch_python_dop_operator_3.py
[2025-07-16T07:19:29.467+0000] {logging_mixin.py:190} INFO - [2025-07-16T07:19:29.467+0000] {dag.py:3229} INFO - Sync 1 DAGs
[2025-07-16T07:19:29.494+0000] {logging_mixin.py:190} INFO - [2025-07-16T07:19:29.494+0000] {dag.py:4156} INFO - Setting next_dagrun for example_branch_dop_operator_v3 to 2025-07-16 07:18:00+00:00, run_after=2025-07-16 07:19:00+00:00
[2025-07-16T07:19:29.520+0000] {processor.py:208} INFO - Processing /home/airflow/.local/lib/python3.12/site-packages/airflow/example_dags/example_branch_python_dop_operator_3.py took 0.096 seconds
[2025-07-16T07:19:59.833+0000] {processor.py:186} INFO - Started process (PID=1163) to work on /home/airflow/.local/lib/python3.12/site-packages/airflow/example_dags/example_branch_python_dop_operator_3.py
[2025-07-16T07:19:59.834+0000] {processor.py:914} INFO - Processing file /home/airflow/.local/lib/python3.12/site-packages/airflow/example_dags/example_branch_python_dop_operator_3.py for tasks to queue
[2025-07-16T07:19:59.837+0000] {logging_mixin.py:190} INFO - [2025-07-16T07:19:59.836+0000] {dagbag.py:587} INFO - Filling up the DagBag from /home/airflow/.local/lib/python3.12/site-packages/airflow/example_dags/example_branch_python_dop_operator_3.py
[2025-07-16T07:19:59.856+0000] {processor.py:925} INFO - DAG(s) 'example_branch_dop_operator_v3' retrieved from /home/airflow/.local/lib/python3.12/site-packages/airflow/example_dags/example_branch_python_dop_operator_3.py
[2025-07-16T07:19:59.876+0000] {logging_mixin.py:190} INFO - [2025-07-16T07:19:59.876+0000] {dag.py:3229} INFO - Sync 1 DAGs
[2025-07-16T07:19:59.903+0000] {logging_mixin.py:190} INFO - [2025-07-16T07:19:59.903+0000] {dag.py:4156} INFO - Setting next_dagrun for example_branch_dop_operator_v3 to 2025-07-16 07:18:00+00:00, run_after=2025-07-16 07:19:00+00:00
[2025-07-16T07:19:59.928+0000] {processor.py:208} INFO - Processing /home/airflow/.local/lib/python3.12/site-packages/airflow/example_dags/example_branch_python_dop_operator_3.py took 0.105 seconds
[2025-07-16T07:20:30.287+0000] {processor.py:186} INFO - Started process (PID=1220) to work on /home/airflow/.local/lib/python3.12/site-packages/airflow/example_dags/example_branch_python_dop_operator_3.py
[2025-07-16T07:20:30.288+0000] {processor.py:914} INFO - Processing file /home/airflow/.local/lib/python3.12/site-packages/airflow/example_dags/example_branch_python_dop_operator_3.py for tasks to queue
[2025-07-16T07:20:30.291+0000] {logging_mixin.py:190} INFO - [2025-07-16T07:20:30.291+0000] {dagbag.py:587} INFO - Filling up the DagBag from /home/airflow/.local/lib/python3.12/site-packages/airflow/example_dags/example_branch_python_dop_operator_3.py
[2025-07-16T07:20:30.303+0000] {processor.py:925} INFO - DAG(s) 'example_branch_dop_operator_v3' retrieved from /home/airflow/.local/lib/python3.12/site-packages/airflow/example_dags/example_branch_python_dop_operator_3.py
[2025-07-16T07:20:30.328+0000] {logging_mixin.py:190} INFO - [2025-07-16T07:20:30.327+0000] {dag.py:3229} INFO - Sync 1 DAGs
[2025-07-16T07:20:30.361+0000] {logging_mixin.py:190} INFO - [2025-07-16T07:20:30.361+0000] {dag.py:4156} INFO - Setting next_dagrun for example_branch_dop_operator_v3 to 2025-07-16 07:19:00+00:00, run_after=2025-07-16 07:20:00+00:00
[2025-07-16T07:20:30.389+0000] {processor.py:208} INFO - Processing /home/airflow/.local/lib/python3.12/site-packages/airflow/example_dags/example_branch_python_dop_operator_3.py took 0.109 seconds
[2025-07-16T07:21:01.290+0000] {processor.py:186} INFO - Started process (PID=1277) to work on /home/airflow/.local/lib/python3.12/site-packages/airflow/example_dags/example_branch_python_dop_operator_3.py
[2025-07-16T07:21:01.291+0000] {processor.py:914} INFO - Processing file /home/airflow/.local/lib/python3.12/site-packages/airflow/example_dags/example_branch_python_dop_operator_3.py for tasks to queue
[2025-07-16T07:21:01.294+0000] {logging_mixin.py:190} INFO - [2025-07-16T07:21:01.293+0000] {dagbag.py:587} INFO - Filling up the DagBag from /home/airflow/.local/lib/python3.12/site-packages/airflow/example_dags/example_branch_python_dop_operator_3.py
[2025-07-16T07:21:01.305+0000] {processor.py:925} INFO - DAG(s) 'example_branch_dop_operator_v3' retrieved from /home/airflow/.local/lib/python3.12/site-packages/airflow/example_dags/example_branch_python_dop_operator_3.py
[2025-07-16T07:21:01.327+0000] {logging_mixin.py:190} INFO - [2025-07-16T07:21:01.326+0000] {dag.py:3229} INFO - Sync 1 DAGs
[2025-07-16T07:21:01.356+0000] {logging_mixin.py:190} INFO - [2025-07-16T07:21:01.355+0000] {dag.py:4156} INFO - Setting next_dagrun for example_branch_dop_operator_v3 to 2025-07-16 07:20:00+00:00, run_after=2025-07-16 07:21:00+00:00
[2025-07-16T07:21:01.380+0000] {processor.py:208} INFO - Processing /home/airflow/.local/lib/python3.12/site-packages/airflow/example_dags/example_branch_python_dop_operator_3.py took 0.097 seconds
[2025-07-16T07:21:32.036+0000] {processor.py:186} INFO - Started process (PID=1334) to work on /home/airflow/.local/lib/python3.12/site-packages/airflow/example_dags/example_branch_python_dop_operator_3.py
[2025-07-16T07:21:32.038+0000] {processor.py:914} INFO - Processing file /home/airflow/.local/lib/python3.12/site-packages/airflow/example_dags/example_branch_python_dop_operator_3.py for tasks to queue
[2025-07-16T07:21:32.041+0000] {logging_mixin.py:190} INFO - [2025-07-16T07:21:32.040+0000] {dagbag.py:587} INFO - Filling up the DagBag from /home/airflow/.local/lib/python3.12/site-packages/airflow/example_dags/example_branch_python_dop_operator_3.py
[2025-07-16T07:21:32.056+0000] {processor.py:925} INFO - DAG(s) 'example_branch_dop_operator_v3' retrieved from /home/airflow/.local/lib/python3.12/site-packages/airflow/example_dags/example_branch_python_dop_operator_3.py
[2025-07-16T07:21:32.081+0000] {logging_mixin.py:190} INFO - [2025-07-16T07:21:32.081+0000] {dag.py:3229} INFO - Sync 1 DAGs
[2025-07-16T07:21:32.111+0000] {logging_mixin.py:190} INFO - [2025-07-16T07:21:32.111+0000] {dag.py:4156} INFO - Setting next_dagrun for example_branch_dop_operator_v3 to 2025-07-16 07:20:00+00:00, run_after=2025-07-16 07:21:00+00:00
[2025-07-16T07:21:32.134+0000] {processor.py:208} INFO - Processing /home/airflow/.local/lib/python3.12/site-packages/airflow/example_dags/example_branch_python_dop_operator_3.py took 0.106 seconds
[2025-07-16T07:22:02.890+0000] {processor.py:186} INFO - Started process (PID=1391) to work on /home/airflow/.local/lib/python3.12/site-packages/airflow/example_dags/example_branch_python_dop_operator_3.py
[2025-07-16T07:22:02.891+0000] {processor.py:914} INFO - Processing file /home/airflow/.local/lib/python3.12/site-packages/airflow/example_dags/example_branch_python_dop_operator_3.py for tasks to queue
[2025-07-16T07:22:02.894+0000] {logging_mixin.py:190} INFO - [2025-07-16T07:22:02.894+0000] {dagbag.py:587} INFO - Filling up the DagBag from /home/airflow/.local/lib/python3.12/site-packages/airflow/example_dags/example_branch_python_dop_operator_3.py
[2025-07-16T07:22:02.904+0000] {processor.py:925} INFO - DAG(s) 'example_branch_dop_operator_v3' retrieved from /home/airflow/.local/lib/python3.12/site-packages/airflow/example_dags/example_branch_python_dop_operator_3.py
[2025-07-16T07:22:02.926+0000] {logging_mixin.py:190} INFO - [2025-07-16T07:22:02.926+0000] {dag.py:3229} INFO - Sync 1 DAGs
[2025-07-16T07:22:02.954+0000] {logging_mixin.py:190} INFO - [2025-07-16T07:22:02.954+0000] {dag.py:4156} INFO - Setting next_dagrun for example_branch_dop_operator_v3 to 2025-07-16 07:21:00+00:00, run_after=2025-07-16 07:22:00+00:00
[2025-07-16T07:22:02.978+0000] {processor.py:208} INFO - Processing /home/airflow/.local/lib/python3.12/site-packages/airflow/example_dags/example_branch_python_dop_operator_3.py took 0.094 seconds
[2025-07-16T07:22:33.682+0000] {processor.py:186} INFO - Started process (PID=1448) to work on /home/airflow/.local/lib/python3.12/site-packages/airflow/example_dags/example_branch_python_dop_operator_3.py
[2025-07-16T07:22:33.683+0000] {processor.py:914} INFO - Processing file /home/airflow/.local/lib/python3.12/site-packages/airflow/example_dags/example_branch_python_dop_operator_3.py for tasks to queue
[2025-07-16T07:22:33.686+0000] {logging_mixin.py:190} INFO - [2025-07-16T07:22:33.685+0000] {dagbag.py:587} INFO - Filling up the DagBag from /home/airflow/.local/lib/python3.12/site-packages/airflow/example_dags/example_branch_python_dop_operator_3.py
[2025-07-16T07:22:33.697+0000] {processor.py:925} INFO - DAG(s) 'example_branch_dop_operator_v3' retrieved from /home/airflow/.local/lib/python3.12/site-packages/airflow/example_dags/example_branch_python_dop_operator_3.py
[2025-07-16T07:22:33.719+0000] {logging_mixin.py:190} INFO - [2025-07-16T07:22:33.719+0000] {dag.py:3229} INFO - Sync 1 DAGs
[2025-07-16T07:22:33.750+0000] {logging_mixin.py:190} INFO - [2025-07-16T07:22:33.750+0000] {dag.py:4156} INFO - Setting next_dagrun for example_branch_dop_operator_v3 to 2025-07-16 07:21:00+00:00, run_after=2025-07-16 07:22:00+00:00
[2025-07-16T07:22:33.772+0000] {processor.py:208} INFO - Processing /home/airflow/.local/lib/python3.12/site-packages/airflow/example_dags/example_branch_python_dop_operator_3.py took 0.098 seconds
[2025-07-16T07:23:04.823+0000] {processor.py:186} INFO - Started process (PID=1505) to work on /home/airflow/.local/lib/python3.12/site-packages/airflow/example_dags/example_branch_python_dop_operator_3.py
[2025-07-16T07:23:04.824+0000] {processor.py:914} INFO - Processing file /home/airflow/.local/lib/python3.12/site-packages/airflow/example_dags/example_branch_python_dop_operator_3.py for tasks to queue
[2025-07-16T07:23:04.828+0000] {logging_mixin.py:190} INFO - [2025-07-16T07:23:04.827+0000] {dagbag.py:587} INFO - Filling up the DagBag from /home/airflow/.local/lib/python3.12/site-packages/airflow/example_dags/example_branch_python_dop_operator_3.py
[2025-07-16T07:23:04.838+0000] {processor.py:925} INFO - DAG(s) 'example_branch_dop_operator_v3' retrieved from /home/airflow/.local/lib/python3.12/site-packages/airflow/example_dags/example_branch_python_dop_operator_3.py
[2025-07-16T07:23:04.860+0000] {logging_mixin.py:190} INFO - [2025-07-16T07:23:04.860+0000] {dag.py:3229} INFO - Sync 1 DAGs
[2025-07-16T07:23:04.887+0000] {logging_mixin.py:190} INFO - [2025-07-16T07:23:04.887+0000] {dag.py:4156} INFO - Setting next_dagrun for example_branch_dop_operator_v3 to 2025-07-16 07:22:00+00:00, run_after=2025-07-16 07:23:00+00:00
[2025-07-16T07:23:04.912+0000] {processor.py:208} INFO - Processing /home/airflow/.local/lib/python3.12/site-packages/airflow/example_dags/example_branch_python_dop_operator_3.py took 0.096 seconds
[2025-07-16T07:23:35.976+0000] {processor.py:186} INFO - Started process (PID=1562) to work on /home/airflow/.local/lib/python3.12/site-packages/airflow/example_dags/example_branch_python_dop_operator_3.py
[2025-07-16T07:23:35.977+0000] {processor.py:914} INFO - Processing file /home/airflow/.local/lib/python3.12/site-packages/airflow/example_dags/example_branch_python_dop_operator_3.py for tasks to queue
[2025-07-16T07:23:35.982+0000] {logging_mixin.py:190} INFO - [2025-07-16T07:23:35.980+0000] {dagbag.py:587} INFO - Filling up the DagBag from /home/airflow/.local/lib/python3.12/site-packages/airflow/example_dags/example_branch_python_dop_operator_3.py
[2025-07-16T07:23:36.003+0000] {processor.py:925} INFO - DAG(s) 'example_branch_dop_operator_v3' retrieved from /home/airflow/.local/lib/python3.12/site-packages/airflow/example_dags/example_branch_python_dop_operator_3.py
[2025-07-16T07:23:36.026+0000] {logging_mixin.py:190} INFO - [2025-07-16T07:23:36.026+0000] {dag.py:3229} INFO - Sync 1 DAGs
[2025-07-16T07:23:36.058+0000] {logging_mixin.py:190} INFO - [2025-07-16T07:23:36.058+0000] {dag.py:4156} INFO - Setting next_dagrun for example_branch_dop_operator_v3 to 2025-07-16 07:22:00+00:00, run_after=2025-07-16 07:23:00+00:00
[2025-07-16T07:23:36.082+0000] {processor.py:208} INFO - Processing /home/airflow/.local/lib/python3.12/site-packages/airflow/example_dags/example_branch_python_dop_operator_3.py took 0.116 seconds
[2025-07-16T07:24:06.395+0000] {processor.py:186} INFO - Started process (PID=1619) to work on /home/airflow/.local/lib/python3.12/site-packages/airflow/example_dags/example_branch_python_dop_operator_3.py
[2025-07-16T07:24:06.396+0000] {processor.py:914} INFO - Processing file /home/airflow/.local/lib/python3.12/site-packages/airflow/example_dags/example_branch_python_dop_operator_3.py for tasks to queue
[2025-07-16T07:24:06.399+0000] {logging_mixin.py:190} INFO - [2025-07-16T07:24:06.399+0000] {dagbag.py:587} INFO - Filling up the DagBag from /home/airflow/.local/lib/python3.12/site-packages/airflow/example_dags/example_branch_python_dop_operator_3.py
[2025-07-16T07:24:06.410+0000] {processor.py:925} INFO - DAG(s) 'example_branch_dop_operator_v3' retrieved from /home/airflow/.local/lib/python3.12/site-packages/airflow/example_dags/example_branch_python_dop_operator_3.py
[2025-07-16T07:24:06.432+0000] {logging_mixin.py:190} INFO - [2025-07-16T07:24:06.431+0000] {dag.py:3229} INFO - Sync 1 DAGs
[2025-07-16T07:24:06.461+0000] {logging_mixin.py:190} INFO - [2025-07-16T07:24:06.461+0000] {dag.py:4156} INFO - Setting next_dagrun for example_branch_dop_operator_v3 to 2025-07-16 07:23:00+00:00, run_after=2025-07-16 07:24:00+00:00
[2025-07-16T07:24:06.483+0000] {processor.py:208} INFO - Processing /home/airflow/.local/lib/python3.12/site-packages/airflow/example_dags/example_branch_python_dop_operator_3.py took 0.096 seconds
[2025-07-16T07:24:37.351+0000] {processor.py:186} INFO - Started process (PID=1676) to work on /home/airflow/.local/lib/python3.12/site-packages/airflow/example_dags/example_branch_python_dop_operator_3.py
[2025-07-16T07:24:37.352+0000] {processor.py:914} INFO - Processing file /home/airflow/.local/lib/python3.12/site-packages/airflow/example_dags/example_branch_python_dop_operator_3.py for tasks to queue
[2025-07-16T07:24:37.355+0000] {logging_mixin.py:190} INFO - [2025-07-16T07:24:37.355+0000] {dagbag.py:587} INFO - Filling up the DagBag from /home/airflow/.local/lib/python3.12/site-packages/airflow/example_dags/example_branch_python_dop_operator_3.py
[2025-07-16T07:24:37.367+0000] {processor.py:925} INFO - DAG(s) 'example_branch_dop_operator_v3' retrieved from /home/airflow/.local/lib/python3.12/site-packages/airflow/example_dags/example_branch_python_dop_operator_3.py
[2025-07-16T07:24:37.392+0000] {logging_mixin.py:190} INFO - [2025-07-16T07:24:37.392+0000] {dag.py:3229} INFO - Sync 1 DAGs
[2025-07-16T07:24:37.424+0000] {logging_mixin.py:190} INFO - [2025-07-16T07:24:37.424+0000] {dag.py:4156} INFO - Setting next_dagrun for example_branch_dop_operator_v3 to 2025-07-16 07:23:00+00:00, run_after=2025-07-16 07:24:00+00:00
[2025-07-16T07:24:37.447+0000] {processor.py:208} INFO - Processing /home/airflow/.local/lib/python3.12/site-packages/airflow/example_dags/example_branch_python_dop_operator_3.py took 0.103 seconds
[2025-07-16T07:25:08.448+0000] {processor.py:186} INFO - Started process (PID=1733) to work on /home/airflow/.local/lib/python3.12/site-packages/airflow/example_dags/example_branch_python_dop_operator_3.py
[2025-07-16T07:25:08.449+0000] {processor.py:914} INFO - Processing file /home/airflow/.local/lib/python3.12/site-packages/airflow/example_dags/example_branch_python_dop_operator_3.py for tasks to queue
[2025-07-16T07:25:08.451+0000] {logging_mixin.py:190} INFO - [2025-07-16T07:25:08.451+0000] {dagbag.py:587} INFO - Filling up the DagBag from /home/airflow/.local/lib/python3.12/site-packages/airflow/example_dags/example_branch_python_dop_operator_3.py
[2025-07-16T07:25:08.462+0000] {processor.py:925} INFO - DAG(s) 'example_branch_dop_operator_v3' retrieved from /home/airflow/.local/lib/python3.12/site-packages/airflow/example_dags/example_branch_python_dop_operator_3.py
[2025-07-16T07:25:08.482+0000] {logging_mixin.py:190} INFO - [2025-07-16T07:25:08.482+0000] {dag.py:3229} INFO - Sync 1 DAGs
[2025-07-16T07:25:08.511+0000] {logging_mixin.py:190} INFO - [2025-07-16T07:25:08.511+0000] {dag.py:4156} INFO - Setting next_dagrun for example_branch_dop_operator_v3 to 2025-07-16 07:24:00+00:00, run_after=2025-07-16 07:25:00+00:00
[2025-07-16T07:25:08.537+0000] {processor.py:208} INFO - Processing /home/airflow/.local/lib/python3.12/site-packages/airflow/example_dags/example_branch_python_dop_operator_3.py took 0.097 seconds
[2025-07-16T07:25:39.519+0000] {processor.py:186} INFO - Started process (PID=1790) to work on /home/airflow/.local/lib/python3.12/site-packages/airflow/example_dags/example_branch_python_dop_operator_3.py
[2025-07-16T07:25:39.520+0000] {processor.py:914} INFO - Processing file /home/airflow/.local/lib/python3.12/site-packages/airflow/example_dags/example_branch_python_dop_operator_3.py for tasks to queue
[2025-07-16T07:25:39.525+0000] {logging_mixin.py:190} INFO - [2025-07-16T07:25:39.525+0000] {dagbag.py:587} INFO - Filling up the DagBag from /home/airflow/.local/lib/python3.12/site-packages/airflow/example_dags/example_branch_python_dop_operator_3.py
[2025-07-16T07:25:39.541+0000] {processor.py:925} INFO - DAG(s) 'example_branch_dop_operator_v3' retrieved from /home/airflow/.local/lib/python3.12/site-packages/airflow/example_dags/example_branch_python_dop_operator_3.py
[2025-07-16T07:25:39.565+0000] {logging_mixin.py:190} INFO - [2025-07-16T07:25:39.565+0000] {dag.py:3229} INFO - Sync 1 DAGs
[2025-07-16T07:25:39.597+0000] {logging_mixin.py:190} INFO - [2025-07-16T07:25:39.597+0000] {dag.py:4156} INFO - Setting next_dagrun for example_branch_dop_operator_v3 to 2025-07-16 07:24:00+00:00, run_after=2025-07-16 07:25:00+00:00
[2025-07-16T07:25:39.623+0000] {processor.py:208} INFO - Processing /home/airflow/.local/lib/python3.12/site-packages/airflow/example_dags/example_branch_python_dop_operator_3.py took 0.111 seconds
[2025-07-16T07:26:10.285+0000] {processor.py:186} INFO - Started process (PID=1847) to work on /home/airflow/.local/lib/python3.12/site-packages/airflow/example_dags/example_branch_python_dop_operator_3.py
[2025-07-16T07:26:10.286+0000] {processor.py:914} INFO - Processing file /home/airflow/.local/lib/python3.12/site-packages/airflow/example_dags/example_branch_python_dop_operator_3.py for tasks to queue
[2025-07-16T07:26:10.292+0000] {logging_mixin.py:190} INFO - [2025-07-16T07:26:10.291+0000] {dagbag.py:587} INFO - Filling up the DagBag from /home/airflow/.local/lib/python3.12/site-packages/airflow/example_dags/example_branch_python_dop_operator_3.py
[2025-07-16T07:26:10.306+0000] {processor.py:925} INFO - DAG(s) 'example_branch_dop_operator_v3' retrieved from /home/airflow/.local/lib/python3.12/site-packages/airflow/example_dags/example_branch_python_dop_operator_3.py
[2025-07-16T07:26:10.331+0000] {logging_mixin.py:190} INFO - [2025-07-16T07:26:10.331+0000] {dag.py:3229} INFO - Sync 1 DAGs
[2025-07-16T07:26:10.367+0000] {logging_mixin.py:190} INFO - [2025-07-16T07:26:10.367+0000] {dag.py:4156} INFO - Setting next_dagrun for example_branch_dop_operator_v3 to 2025-07-16 07:25:00+00:00, run_after=2025-07-16 07:26:00+00:00
[2025-07-16T07:26:10.393+0000] {processor.py:208} INFO - Processing /home/airflow/.local/lib/python3.12/site-packages/airflow/example_dags/example_branch_python_dop_operator_3.py took 0.117 seconds
[2025-07-16T07:26:41.273+0000] {processor.py:186} INFO - Started process (PID=1904) to work on /home/airflow/.local/lib/python3.12/site-packages/airflow/example_dags/example_branch_python_dop_operator_3.py
[2025-07-16T07:26:41.274+0000] {processor.py:914} INFO - Processing file /home/airflow/.local/lib/python3.12/site-packages/airflow/example_dags/example_branch_python_dop_operator_3.py for tasks to queue
[2025-07-16T07:26:41.277+0000] {logging_mixin.py:190} INFO - [2025-07-16T07:26:41.276+0000] {dagbag.py:587} INFO - Filling up the DagBag from /home/airflow/.local/lib/python3.12/site-packages/airflow/example_dags/example_branch_python_dop_operator_3.py
[2025-07-16T07:26:41.293+0000] {processor.py:925} INFO - DAG(s) 'example_branch_dop_operator_v3' retrieved from /home/airflow/.local/lib/python3.12/site-packages/airflow/example_dags/example_branch_python_dop_operator_3.py
[2025-07-16T07:26:41.313+0000] {logging_mixin.py:190} INFO - [2025-07-16T07:26:41.313+0000] {dag.py:3229} INFO - Sync 1 DAGs
[2025-07-16T07:26:41.344+0000] {logging_mixin.py:190} INFO - [2025-07-16T07:26:41.344+0000] {dag.py:4156} INFO - Setting next_dagrun for example_branch_dop_operator_v3 to 2025-07-16 07:25:00+00:00, run_after=2025-07-16 07:26:00+00:00
[2025-07-16T07:26:41.368+0000] {processor.py:208} INFO - Processing /home/airflow/.local/lib/python3.12/site-packages/airflow/example_dags/example_branch_python_dop_operator_3.py took 0.103 seconds
[2025-07-16T07:27:12.232+0000] {processor.py:186} INFO - Started process (PID=1961) to work on /home/airflow/.local/lib/python3.12/site-packages/airflow/example_dags/example_branch_python_dop_operator_3.py
[2025-07-16T07:27:12.233+0000] {processor.py:914} INFO - Processing file /home/airflow/.local/lib/python3.12/site-packages/airflow/example_dags/example_branch_python_dop_operator_3.py for tasks to queue
[2025-07-16T07:27:12.236+0000] {logging_mixin.py:190} INFO - [2025-07-16T07:27:12.236+0000] {dagbag.py:587} INFO - Filling up the DagBag from /home/airflow/.local/lib/python3.12/site-packages/airflow/example_dags/example_branch_python_dop_operator_3.py
[2025-07-16T07:27:12.248+0000] {processor.py:925} INFO - DAG(s) 'example_branch_dop_operator_v3' retrieved from /home/airflow/.local/lib/python3.12/site-packages/airflow/example_dags/example_branch_python_dop_operator_3.py
[2025-07-16T07:27:12.273+0000] {logging_mixin.py:190} INFO - [2025-07-16T07:27:12.273+0000] {dag.py:3229} INFO - Sync 1 DAGs
[2025-07-16T07:27:12.308+0000] {logging_mixin.py:190} INFO - [2025-07-16T07:27:12.308+0000] {dag.py:4156} INFO - Setting next_dagrun for example_branch_dop_operator_v3 to 2025-07-16 07:26:00+00:00, run_after=2025-07-16 07:27:00+00:00
[2025-07-16T07:27:12.339+0000] {processor.py:208} INFO - Processing /home/airflow/.local/lib/python3.12/site-packages/airflow/example_dags/example_branch_python_dop_operator_3.py took 0.114 seconds
[2025-07-16T07:27:42.822+0000] {processor.py:186} INFO - Started process (PID=2018) to work on /home/airflow/.local/lib/python3.12/site-packages/airflow/example_dags/example_branch_python_dop_operator_3.py
[2025-07-16T07:27:42.823+0000] {processor.py:914} INFO - Processing file /home/airflow/.local/lib/python3.12/site-packages/airflow/example_dags/example_branch_python_dop_operator_3.py for tasks to queue
[2025-07-16T07:27:42.826+0000] {logging_mixin.py:190} INFO - [2025-07-16T07:27:42.826+0000] {dagbag.py:587} INFO - Filling up the DagBag from /home/airflow/.local/lib/python3.12/site-packages/airflow/example_dags/example_branch_python_dop_operator_3.py
[2025-07-16T07:27:42.840+0000] {processor.py:925} INFO - DAG(s) 'example_branch_dop_operator_v3' retrieved from /home/airflow/.local/lib/python3.12/site-packages/airflow/example_dags/example_branch_python_dop_operator_3.py
[2025-07-16T07:27:42.865+0000] {logging_mixin.py:190} INFO - [2025-07-16T07:27:42.864+0000] {dag.py:3229} INFO - Sync 1 DAGs
[2025-07-16T07:27:42.904+0000] {logging_mixin.py:190} INFO - [2025-07-16T07:27:42.904+0000] {dag.py:4156} INFO - Setting next_dagrun for example_branch_dop_operator_v3 to 2025-07-16 07:26:00+00:00, run_after=2025-07-16 07:27:00+00:00
[2025-07-16T07:27:42.926+0000] {processor.py:208} INFO - Processing /home/airflow/.local/lib/python3.12/site-packages/airflow/example_dags/example_branch_python_dop_operator_3.py took 0.115 seconds
[2025-07-16T07:28:13.297+0000] {processor.py:186} INFO - Started process (PID=2075) to work on /home/airflow/.local/lib/python3.12/site-packages/airflow/example_dags/example_branch_python_dop_operator_3.py
[2025-07-16T07:28:13.298+0000] {processor.py:914} INFO - Processing file /home/airflow/.local/lib/python3.12/site-packages/airflow/example_dags/example_branch_python_dop_operator_3.py for tasks to queue
[2025-07-16T07:28:13.301+0000] {logging_mixin.py:190} INFO - [2025-07-16T07:28:13.300+0000] {dagbag.py:587} INFO - Filling up the DagBag from /home/airflow/.local/lib/python3.12/site-packages/airflow/example_dags/example_branch_python_dop_operator_3.py
[2025-07-16T07:28:13.312+0000] {processor.py:925} INFO - DAG(s) 'example_branch_dop_operator_v3' retrieved from /home/airflow/.local/lib/python3.12/site-packages/airflow/example_dags/example_branch_python_dop_operator_3.py
[2025-07-16T07:28:13.331+0000] {logging_mixin.py:190} INFO - [2025-07-16T07:28:13.331+0000] {dag.py:3229} INFO - Sync 1 DAGs
[2025-07-16T07:28:13.359+0000] {logging_mixin.py:190} INFO - [2025-07-16T07:28:13.358+0000] {dag.py:4156} INFO - Setting next_dagrun for example_branch_dop_operator_v3 to 2025-07-16 07:27:00+00:00, run_after=2025-07-16 07:28:00+00:00
[2025-07-16T07:28:13.380+0000] {processor.py:208} INFO - Processing /home/airflow/.local/lib/python3.12/site-packages/airflow/example_dags/example_branch_python_dop_operator_3.py took 0.090 seconds
[2025-07-16T07:28:43.797+0000] {processor.py:186} INFO - Started process (PID=2132) to work on /home/airflow/.local/lib/python3.12/site-packages/airflow/example_dags/example_branch_python_dop_operator_3.py
[2025-07-16T07:28:43.798+0000] {processor.py:914} INFO - Processing file /home/airflow/.local/lib/python3.12/site-packages/airflow/example_dags/example_branch_python_dop_operator_3.py for tasks to queue
[2025-07-16T07:28:43.801+0000] {logging_mixin.py:190} INFO - [2025-07-16T07:28:43.800+0000] {dagbag.py:587} INFO - Filling up the DagBag from /home/airflow/.local/lib/python3.12/site-packages/airflow/example_dags/example_branch_python_dop_operator_3.py
[2025-07-16T07:28:43.816+0000] {processor.py:925} INFO - DAG(s) 'example_branch_dop_operator_v3' retrieved from /home/airflow/.local/lib/python3.12/site-packages/airflow/example_dags/example_branch_python_dop_operator_3.py
[2025-07-16T07:28:43.840+0000] {logging_mixin.py:190} INFO - [2025-07-16T07:28:43.840+0000] {dag.py:3229} INFO - Sync 1 DAGs
[2025-07-16T07:28:43.872+0000] {logging_mixin.py:190} INFO - [2025-07-16T07:28:43.872+0000] {dag.py:4156} INFO - Setting next_dagrun for example_branch_dop_operator_v3 to 2025-07-16 07:27:00+00:00, run_after=2025-07-16 07:28:00+00:00
[2025-07-16T07:28:43.897+0000] {processor.py:208} INFO - Processing /home/airflow/.local/lib/python3.12/site-packages/airflow/example_dags/example_branch_python_dop_operator_3.py took 0.109 seconds
[2025-07-16T07:29:14.502+0000] {processor.py:186} INFO - Started process (PID=2189) to work on /home/airflow/.local/lib/python3.12/site-packages/airflow/example_dags/example_branch_python_dop_operator_3.py
[2025-07-16T07:29:14.503+0000] {processor.py:914} INFO - Processing file /home/airflow/.local/lib/python3.12/site-packages/airflow/example_dags/example_branch_python_dop_operator_3.py for tasks to queue
[2025-07-16T07:29:14.505+0000] {logging_mixin.py:190} INFO - [2025-07-16T07:29:14.505+0000] {dagbag.py:587} INFO - Filling up the DagBag from /home/airflow/.local/lib/python3.12/site-packages/airflow/example_dags/example_branch_python_dop_operator_3.py
[2025-07-16T07:29:14.517+0000] {processor.py:925} INFO - DAG(s) 'example_branch_dop_operator_v3' retrieved from /home/airflow/.local/lib/python3.12/site-packages/airflow/example_dags/example_branch_python_dop_operator_3.py
[2025-07-16T07:29:14.538+0000] {logging_mixin.py:190} INFO - [2025-07-16T07:29:14.537+0000] {dag.py:3229} INFO - Sync 1 DAGs
[2025-07-16T07:29:14.568+0000] {logging_mixin.py:190} INFO - [2025-07-16T07:29:14.568+0000] {dag.py:4156} INFO - Setting next_dagrun for example_branch_dop_operator_v3 to 2025-07-16 07:28:00+00:00, run_after=2025-07-16 07:29:00+00:00
[2025-07-16T07:29:14.593+0000] {processor.py:208} INFO - Processing /home/airflow/.local/lib/python3.12/site-packages/airflow/example_dags/example_branch_python_dop_operator_3.py took 0.097 seconds
[2025-07-16T07:29:45.162+0000] {processor.py:186} INFO - Started process (PID=2246) to work on /home/airflow/.local/lib/python3.12/site-packages/airflow/example_dags/example_branch_python_dop_operator_3.py
[2025-07-16T07:29:45.163+0000] {processor.py:914} INFO - Processing file /home/airflow/.local/lib/python3.12/site-packages/airflow/example_dags/example_branch_python_dop_operator_3.py for tasks to queue
[2025-07-16T07:29:45.166+0000] {logging_mixin.py:190} INFO - [2025-07-16T07:29:45.166+0000] {dagbag.py:587} INFO - Filling up the DagBag from /home/airflow/.local/lib/python3.12/site-packages/airflow/example_dags/example_branch_python_dop_operator_3.py
[2025-07-16T07:29:45.178+0000] {processor.py:925} INFO - DAG(s) 'example_branch_dop_operator_v3' retrieved from /home/airflow/.local/lib/python3.12/site-packages/airflow/example_dags/example_branch_python_dop_operator_3.py
[2025-07-16T07:29:45.202+0000] {logging_mixin.py:190} INFO - [2025-07-16T07:29:45.202+0000] {dag.py:3229} INFO - Sync 1 DAGs
[2025-07-16T07:29:45.236+0000] {logging_mixin.py:190} INFO - [2025-07-16T07:29:45.236+0000] {dag.py:4156} INFO - Setting next_dagrun for example_branch_dop_operator_v3 to 2025-07-16 07:28:00+00:00, run_after=2025-07-16 07:29:00+00:00
[2025-07-16T07:29:45.266+0000] {processor.py:208} INFO - Processing /home/airflow/.local/lib/python3.12/site-packages/airflow/example_dags/example_branch_python_dop_operator_3.py took 0.110 seconds
[2025-07-16T07:30:16.505+0000] {processor.py:186} INFO - Started process (PID=2303) to work on /home/airflow/.local/lib/python3.12/site-packages/airflow/example_dags/example_branch_python_dop_operator_3.py
[2025-07-16T07:30:16.507+0000] {processor.py:914} INFO - Processing file /home/airflow/.local/lib/python3.12/site-packages/airflow/example_dags/example_branch_python_dop_operator_3.py for tasks to queue
[2025-07-16T07:30:16.509+0000] {logging_mixin.py:190} INFO - [2025-07-16T07:30:16.509+0000] {dagbag.py:587} INFO - Filling up the DagBag from /home/airflow/.local/lib/python3.12/site-packages/airflow/example_dags/example_branch_python_dop_operator_3.py
[2025-07-16T07:30:16.520+0000] {processor.py:925} INFO - DAG(s) 'example_branch_dop_operator_v3' retrieved from /home/airflow/.local/lib/python3.12/site-packages/airflow/example_dags/example_branch_python_dop_operator_3.py
[2025-07-16T07:30:16.543+0000] {logging_mixin.py:190} INFO - [2025-07-16T07:30:16.543+0000] {dag.py:3229} INFO - Sync 1 DAGs
[2025-07-16T07:30:16.573+0000] {logging_mixin.py:190} INFO - [2025-07-16T07:30:16.573+0000] {dag.py:4156} INFO - Setting next_dagrun for example_branch_dop_operator_v3 to 2025-07-16 07:29:00+00:00, run_after=2025-07-16 07:30:00+00:00
[2025-07-16T07:30:16.594+0000] {processor.py:208} INFO - Processing /home/airflow/.local/lib/python3.12/site-packages/airflow/example_dags/example_branch_python_dop_operator_3.py took 0.099 seconds
[2025-07-16T07:30:48.088+0000] {processor.py:186} INFO - Started process (PID=2360) to work on /home/airflow/.local/lib/python3.12/site-packages/airflow/example_dags/example_branch_python_dop_operator_3.py
[2025-07-16T07:30:48.089+0000] {processor.py:914} INFO - Processing file /home/airflow/.local/lib/python3.12/site-packages/airflow/example_dags/example_branch_python_dop_operator_3.py for tasks to queue
[2025-07-16T07:30:48.092+0000] {logging_mixin.py:190} INFO - [2025-07-16T07:30:48.091+0000] {dagbag.py:587} INFO - Filling up the DagBag from /home/airflow/.local/lib/python3.12/site-packages/airflow/example_dags/example_branch_python_dop_operator_3.py
[2025-07-16T07:30:48.104+0000] {processor.py:925} INFO - DAG(s) 'example_branch_dop_operator_v3' retrieved from /home/airflow/.local/lib/python3.12/site-packages/airflow/example_dags/example_branch_python_dop_operator_3.py
[2025-07-16T07:30:48.125+0000] {logging_mixin.py:190} INFO - [2025-07-16T07:30:48.124+0000] {dag.py:3229} INFO - Sync 1 DAGs
[2025-07-16T07:30:48.153+0000] {logging_mixin.py:190} INFO - [2025-07-16T07:30:48.153+0000] {dag.py:4156} INFO - Setting next_dagrun for example_branch_dop_operator_v3 to 2025-07-16 07:29:00+00:00, run_after=2025-07-16 07:30:00+00:00
[2025-07-16T07:30:48.181+0000] {processor.py:208} INFO - Processing /home/airflow/.local/lib/python3.12/site-packages/airflow/example_dags/example_branch_python_dop_operator_3.py took 0.101 seconds
[2025-07-16T07:31:18.689+0000] {processor.py:186} INFO - Started process (PID=2417) to work on /home/airflow/.local/lib/python3.12/site-packages/airflow/example_dags/example_branch_python_dop_operator_3.py
[2025-07-16T07:31:18.690+0000] {processor.py:914} INFO - Processing file /home/airflow/.local/lib/python3.12/site-packages/airflow/example_dags/example_branch_python_dop_operator_3.py for tasks to queue
[2025-07-16T07:31:18.693+0000] {logging_mixin.py:190} INFO - [2025-07-16T07:31:18.693+0000] {dagbag.py:587} INFO - Filling up the DagBag from /home/airflow/.local/lib/python3.12/site-packages/airflow/example_dags/example_branch_python_dop_operator_3.py
[2025-07-16T07:31:18.710+0000] {processor.py:925} INFO - DAG(s) 'example_branch_dop_operator_v3' retrieved from /home/airflow/.local/lib/python3.12/site-packages/airflow/example_dags/example_branch_python_dop_operator_3.py
[2025-07-16T07:31:18.737+0000] {logging_mixin.py:190} INFO - [2025-07-16T07:31:18.737+0000] {dag.py:3229} INFO - Sync 1 DAGs
[2025-07-16T07:31:18.776+0000] {logging_mixin.py:190} INFO - [2025-07-16T07:31:18.776+0000] {dag.py:4156} INFO - Setting next_dagrun for example_branch_dop_operator_v3 to 2025-07-16 07:30:00+00:00, run_after=2025-07-16 07:31:00+00:00
[2025-07-16T07:31:18.801+0000] {processor.py:208} INFO - Processing /home/airflow/.local/lib/python3.12/site-packages/airflow/example_dags/example_branch_python_dop_operator_3.py took 0.122 seconds
[2025-07-16T07:33:04.638+0000] {processor.py:186} INFO - Started process (PID=81) to work on /home/airflow/.local/lib/python3.12/site-packages/airflow/example_dags/example_branch_python_dop_operator_3.py
[2025-07-16T07:33:04.639+0000] {processor.py:914} INFO - Processing file /home/airflow/.local/lib/python3.12/site-packages/airflow/example_dags/example_branch_python_dop_operator_3.py for tasks to queue
[2025-07-16T07:33:04.642+0000] {logging_mixin.py:190} INFO - [2025-07-16T07:33:04.641+0000] {dagbag.py:587} INFO - Filling up the DagBag from /home/airflow/.local/lib/python3.12/site-packages/airflow/example_dags/example_branch_python_dop_operator_3.py
[2025-07-16T07:33:04.655+0000] {processor.py:925} INFO - DAG(s) 'example_branch_dop_operator_v3' retrieved from /home/airflow/.local/lib/python3.12/site-packages/airflow/example_dags/example_branch_python_dop_operator_3.py
[2025-07-16T07:33:04.678+0000] {logging_mixin.py:190} INFO - [2025-07-16T07:33:04.678+0000] {dag.py:3229} INFO - Sync 1 DAGs
[2025-07-16T07:33:04.723+0000] {logging_mixin.py:190} INFO - [2025-07-16T07:33:04.723+0000] {dag.py:4156} INFO - Setting next_dagrun for example_branch_dop_operator_v3 to 2025-07-16 07:32:00+00:00, run_after=2025-07-16 07:33:00+00:00
[2025-07-16T07:33:04.756+0000] {processor.py:208} INFO - Processing /home/airflow/.local/lib/python3.12/site-packages/airflow/example_dags/example_branch_python_dop_operator_3.py took 0.125 seconds
[2025-07-16T07:33:35.292+0000] {processor.py:186} INFO - Started process (PID=138) to work on /home/airflow/.local/lib/python3.12/site-packages/airflow/example_dags/example_branch_python_dop_operator_3.py
[2025-07-16T07:33:35.295+0000] {processor.py:914} INFO - Processing file /home/airflow/.local/lib/python3.12/site-packages/airflow/example_dags/example_branch_python_dop_operator_3.py for tasks to queue
[2025-07-16T07:33:35.298+0000] {logging_mixin.py:190} INFO - [2025-07-16T07:33:35.298+0000] {dagbag.py:587} INFO - Filling up the DagBag from /home/airflow/.local/lib/python3.12/site-packages/airflow/example_dags/example_branch_python_dop_operator_3.py
[2025-07-16T07:33:35.309+0000] {processor.py:925} INFO - DAG(s) 'example_branch_dop_operator_v3' retrieved from /home/airflow/.local/lib/python3.12/site-packages/airflow/example_dags/example_branch_python_dop_operator_3.py
[2025-07-16T07:33:35.331+0000] {logging_mixin.py:190} INFO - [2025-07-16T07:33:35.331+0000] {dag.py:3229} INFO - Sync 1 DAGs
[2025-07-16T07:33:35.361+0000] {logging_mixin.py:190} INFO - [2025-07-16T07:33:35.360+0000] {dag.py:4156} INFO - Setting next_dagrun for example_branch_dop_operator_v3 to 2025-07-16 07:32:00+00:00, run_after=2025-07-16 07:33:00+00:00
[2025-07-16T07:33:35.381+0000] {processor.py:208} INFO - Processing /home/airflow/.local/lib/python3.12/site-packages/airflow/example_dags/example_branch_python_dop_operator_3.py took 0.096 seconds
[2025-07-16T07:34:06.133+0000] {processor.py:186} INFO - Started process (PID=195) to work on /home/airflow/.local/lib/python3.12/site-packages/airflow/example_dags/example_branch_python_dop_operator_3.py
[2025-07-16T07:34:06.134+0000] {processor.py:914} INFO - Processing file /home/airflow/.local/lib/python3.12/site-packages/airflow/example_dags/example_branch_python_dop_operator_3.py for tasks to queue
[2025-07-16T07:34:06.136+0000] {logging_mixin.py:190} INFO - [2025-07-16T07:34:06.136+0000] {dagbag.py:587} INFO - Filling up the DagBag from /home/airflow/.local/lib/python3.12/site-packages/airflow/example_dags/example_branch_python_dop_operator_3.py
[2025-07-16T07:34:06.149+0000] {processor.py:925} INFO - DAG(s) 'example_branch_dop_operator_v3' retrieved from /home/airflow/.local/lib/python3.12/site-packages/airflow/example_dags/example_branch_python_dop_operator_3.py
[2025-07-16T07:34:06.169+0000] {logging_mixin.py:190} INFO - [2025-07-16T07:34:06.168+0000] {dag.py:3229} INFO - Sync 1 DAGs
[2025-07-16T07:34:06.197+0000] {logging_mixin.py:190} INFO - [2025-07-16T07:34:06.197+0000] {dag.py:4156} INFO - Setting next_dagrun for example_branch_dop_operator_v3 to 2025-07-16 07:33:00+00:00, run_after=2025-07-16 07:34:00+00:00
[2025-07-16T07:34:06.218+0000] {processor.py:208} INFO - Processing /home/airflow/.local/lib/python3.12/site-packages/airflow/example_dags/example_branch_python_dop_operator_3.py took 0.093 seconds
[2025-07-16T07:34:36.977+0000] {processor.py:186} INFO - Started process (PID=252) to work on /home/airflow/.local/lib/python3.12/site-packages/airflow/example_dags/example_branch_python_dop_operator_3.py
[2025-07-16T07:34:36.978+0000] {processor.py:914} INFO - Processing file /home/airflow/.local/lib/python3.12/site-packages/airflow/example_dags/example_branch_python_dop_operator_3.py for tasks to queue
[2025-07-16T07:34:36.981+0000] {logging_mixin.py:190} INFO - [2025-07-16T07:34:36.981+0000] {dagbag.py:587} INFO - Filling up the DagBag from /home/airflow/.local/lib/python3.12/site-packages/airflow/example_dags/example_branch_python_dop_operator_3.py
[2025-07-16T07:34:36.993+0000] {processor.py:925} INFO - DAG(s) 'example_branch_dop_operator_v3' retrieved from /home/airflow/.local/lib/python3.12/site-packages/airflow/example_dags/example_branch_python_dop_operator_3.py
[2025-07-16T07:34:37.015+0000] {logging_mixin.py:190} INFO - [2025-07-16T07:34:37.014+0000] {dag.py:3229} INFO - Sync 1 DAGs
[2025-07-16T07:34:37.048+0000] {logging_mixin.py:190} INFO - [2025-07-16T07:34:37.048+0000] {dag.py:4156} INFO - Setting next_dagrun for example_branch_dop_operator_v3 to 2025-07-16 07:33:00+00:00, run_after=2025-07-16 07:34:00+00:00
[2025-07-16T07:34:37.070+0000] {processor.py:208} INFO - Processing /home/airflow/.local/lib/python3.12/site-packages/airflow/example_dags/example_branch_python_dop_operator_3.py took 0.100 seconds
[2025-07-16T07:35:07.478+0000] {processor.py:186} INFO - Started process (PID=309) to work on /home/airflow/.local/lib/python3.12/site-packages/airflow/example_dags/example_branch_python_dop_operator_3.py
[2025-07-16T07:35:07.479+0000] {processor.py:914} INFO - Processing file /home/airflow/.local/lib/python3.12/site-packages/airflow/example_dags/example_branch_python_dop_operator_3.py for tasks to queue
[2025-07-16T07:35:07.482+0000] {logging_mixin.py:190} INFO - [2025-07-16T07:35:07.481+0000] {dagbag.py:587} INFO - Filling up the DagBag from /home/airflow/.local/lib/python3.12/site-packages/airflow/example_dags/example_branch_python_dop_operator_3.py
[2025-07-16T07:35:07.492+0000] {processor.py:925} INFO - DAG(s) 'example_branch_dop_operator_v3' retrieved from /home/airflow/.local/lib/python3.12/site-packages/airflow/example_dags/example_branch_python_dop_operator_3.py
[2025-07-16T07:35:07.514+0000] {logging_mixin.py:190} INFO - [2025-07-16T07:35:07.514+0000] {dag.py:3229} INFO - Sync 1 DAGs
[2025-07-16T07:35:07.543+0000] {logging_mixin.py:190} INFO - [2025-07-16T07:35:07.542+0000] {dag.py:4156} INFO - Setting next_dagrun for example_branch_dop_operator_v3 to 2025-07-16 07:34:00+00:00, run_after=2025-07-16 07:35:00+00:00
[2025-07-16T07:35:07.565+0000] {processor.py:208} INFO - Processing /home/airflow/.local/lib/python3.12/site-packages/airflow/example_dags/example_branch_python_dop_operator_3.py took 0.094 seconds
[2025-07-16T07:35:37.944+0000] {processor.py:186} INFO - Started process (PID=366) to work on /home/airflow/.local/lib/python3.12/site-packages/airflow/example_dags/example_branch_python_dop_operator_3.py
[2025-07-16T07:35:37.945+0000] {processor.py:914} INFO - Processing file /home/airflow/.local/lib/python3.12/site-packages/airflow/example_dags/example_branch_python_dop_operator_3.py for tasks to queue
[2025-07-16T07:35:37.947+0000] {logging_mixin.py:190} INFO - [2025-07-16T07:35:37.947+0000] {dagbag.py:587} INFO - Filling up the DagBag from /home/airflow/.local/lib/python3.12/site-packages/airflow/example_dags/example_branch_python_dop_operator_3.py
[2025-07-16T07:35:37.959+0000] {processor.py:925} INFO - DAG(s) 'example_branch_dop_operator_v3' retrieved from /home/airflow/.local/lib/python3.12/site-packages/airflow/example_dags/example_branch_python_dop_operator_3.py
[2025-07-16T07:35:37.985+0000] {logging_mixin.py:190} INFO - [2025-07-16T07:35:37.984+0000] {dag.py:3229} INFO - Sync 1 DAGs
[2025-07-16T07:35:38.013+0000] {logging_mixin.py:190} INFO - [2025-07-16T07:35:38.013+0000] {dag.py:4156} INFO - Setting next_dagrun for example_branch_dop_operator_v3 to 2025-07-16 07:34:00+00:00, run_after=2025-07-16 07:35:00+00:00
[2025-07-16T07:35:38.037+0000] {processor.py:208} INFO - Processing /home/airflow/.local/lib/python3.12/site-packages/airflow/example_dags/example_branch_python_dop_operator_3.py took 0.100 seconds
[2025-07-16T07:36:08.355+0000] {processor.py:186} INFO - Started process (PID=423) to work on /home/airflow/.local/lib/python3.12/site-packages/airflow/example_dags/example_branch_python_dop_operator_3.py
[2025-07-16T07:36:08.357+0000] {processor.py:914} INFO - Processing file /home/airflow/.local/lib/python3.12/site-packages/airflow/example_dags/example_branch_python_dop_operator_3.py for tasks to queue
[2025-07-16T07:36:08.360+0000] {logging_mixin.py:190} INFO - [2025-07-16T07:36:08.360+0000] {dagbag.py:587} INFO - Filling up the DagBag from /home/airflow/.local/lib/python3.12/site-packages/airflow/example_dags/example_branch_python_dop_operator_3.py
[2025-07-16T07:36:08.372+0000] {processor.py:925} INFO - DAG(s) 'example_branch_dop_operator_v3' retrieved from /home/airflow/.local/lib/python3.12/site-packages/airflow/example_dags/example_branch_python_dop_operator_3.py
[2025-07-16T07:36:08.399+0000] {logging_mixin.py:190} INFO - [2025-07-16T07:36:08.398+0000] {dag.py:3229} INFO - Sync 1 DAGs
[2025-07-16T07:36:08.434+0000] {logging_mixin.py:190} INFO - [2025-07-16T07:36:08.433+0000] {dag.py:4156} INFO - Setting next_dagrun for example_branch_dop_operator_v3 to 2025-07-16 07:35:00+00:00, run_after=2025-07-16 07:36:00+00:00
[2025-07-16T07:36:08.459+0000] {processor.py:208} INFO - Processing /home/airflow/.local/lib/python3.12/site-packages/airflow/example_dags/example_branch_python_dop_operator_3.py took 0.111 seconds
[2025-07-16T07:36:40.139+0000] {processor.py:186} INFO - Started process (PID=480) to work on /home/airflow/.local/lib/python3.12/site-packages/airflow/example_dags/example_branch_python_dop_operator_3.py
[2025-07-16T07:36:40.140+0000] {processor.py:914} INFO - Processing file /home/airflow/.local/lib/python3.12/site-packages/airflow/example_dags/example_branch_python_dop_operator_3.py for tasks to queue
[2025-07-16T07:36:40.143+0000] {logging_mixin.py:190} INFO - [2025-07-16T07:36:40.143+0000] {dagbag.py:587} INFO - Filling up the DagBag from /home/airflow/.local/lib/python3.12/site-packages/airflow/example_dags/example_branch_python_dop_operator_3.py
[2025-07-16T07:36:40.158+0000] {processor.py:925} INFO - DAG(s) 'example_branch_dop_operator_v3' retrieved from /home/airflow/.local/lib/python3.12/site-packages/airflow/example_dags/example_branch_python_dop_operator_3.py
[2025-07-16T07:36:40.191+0000] {logging_mixin.py:190} INFO - [2025-07-16T07:36:40.190+0000] {dag.py:3229} INFO - Sync 1 DAGs
[2025-07-16T07:36:40.237+0000] {logging_mixin.py:190} INFO - [2025-07-16T07:36:40.237+0000] {dag.py:4156} INFO - Setting next_dagrun for example_branch_dop_operator_v3 to 2025-07-16 07:35:00+00:00, run_after=2025-07-16 07:36:00+00:00
[2025-07-16T07:36:40.263+0000] {processor.py:208} INFO - Processing /home/airflow/.local/lib/python3.12/site-packages/airflow/example_dags/example_branch_python_dop_operator_3.py took 0.133 seconds
[2025-07-16T07:37:10.769+0000] {processor.py:186} INFO - Started process (PID=537) to work on /home/airflow/.local/lib/python3.12/site-packages/airflow/example_dags/example_branch_python_dop_operator_3.py
[2025-07-16T07:37:10.770+0000] {processor.py:914} INFO - Processing file /home/airflow/.local/lib/python3.12/site-packages/airflow/example_dags/example_branch_python_dop_operator_3.py for tasks to queue
[2025-07-16T07:37:10.772+0000] {logging_mixin.py:190} INFO - [2025-07-16T07:37:10.772+0000] {dagbag.py:587} INFO - Filling up the DagBag from /home/airflow/.local/lib/python3.12/site-packages/airflow/example_dags/example_branch_python_dop_operator_3.py
[2025-07-16T07:37:10.783+0000] {processor.py:925} INFO - DAG(s) 'example_branch_dop_operator_v3' retrieved from /home/airflow/.local/lib/python3.12/site-packages/airflow/example_dags/example_branch_python_dop_operator_3.py
[2025-07-16T07:37:10.820+0000] {logging_mixin.py:190} INFO - [2025-07-16T07:37:10.820+0000] {dag.py:3229} INFO - Sync 1 DAGs
[2025-07-16T07:37:10.850+0000] {logging_mixin.py:190} INFO - [2025-07-16T07:37:10.850+0000] {dag.py:4156} INFO - Setting next_dagrun for example_branch_dop_operator_v3 to 2025-07-16 07:36:00+00:00, run_after=2025-07-16 07:37:00+00:00
[2025-07-16T07:37:10.873+0000] {processor.py:208} INFO - Processing /home/airflow/.local/lib/python3.12/site-packages/airflow/example_dags/example_branch_python_dop_operator_3.py took 0.112 seconds
[2025-07-16T07:37:41.744+0000] {processor.py:186} INFO - Started process (PID=594) to work on /home/airflow/.local/lib/python3.12/site-packages/airflow/example_dags/example_branch_python_dop_operator_3.py
[2025-07-16T07:37:41.746+0000] {processor.py:914} INFO - Processing file /home/airflow/.local/lib/python3.12/site-packages/airflow/example_dags/example_branch_python_dop_operator_3.py for tasks to queue
[2025-07-16T07:37:41.749+0000] {logging_mixin.py:190} INFO - [2025-07-16T07:37:41.749+0000] {dagbag.py:587} INFO - Filling up the DagBag from /home/airflow/.local/lib/python3.12/site-packages/airflow/example_dags/example_branch_python_dop_operator_3.py
[2025-07-16T07:37:41.760+0000] {processor.py:925} INFO - DAG(s) 'example_branch_dop_operator_v3' retrieved from /home/airflow/.local/lib/python3.12/site-packages/airflow/example_dags/example_branch_python_dop_operator_3.py
[2025-07-16T07:37:41.784+0000] {logging_mixin.py:190} INFO - [2025-07-16T07:37:41.784+0000] {dag.py:3229} INFO - Sync 1 DAGs
[2025-07-16T07:37:41.812+0000] {logging_mixin.py:190} INFO - [2025-07-16T07:37:41.811+0000] {dag.py:4156} INFO - Setting next_dagrun for example_branch_dop_operator_v3 to 2025-07-16 07:36:00+00:00, run_after=2025-07-16 07:37:00+00:00
[2025-07-16T07:37:41.834+0000] {processor.py:208} INFO - Processing /home/airflow/.local/lib/python3.12/site-packages/airflow/example_dags/example_branch_python_dop_operator_3.py took 0.098 seconds
[2025-07-16T07:38:12.884+0000] {processor.py:186} INFO - Started process (PID=651) to work on /home/airflow/.local/lib/python3.12/site-packages/airflow/example_dags/example_branch_python_dop_operator_3.py
[2025-07-16T07:38:12.885+0000] {processor.py:914} INFO - Processing file /home/airflow/.local/lib/python3.12/site-packages/airflow/example_dags/example_branch_python_dop_operator_3.py for tasks to queue
[2025-07-16T07:38:12.888+0000] {logging_mixin.py:190} INFO - [2025-07-16T07:38:12.888+0000] {dagbag.py:587} INFO - Filling up the DagBag from /home/airflow/.local/lib/python3.12/site-packages/airflow/example_dags/example_branch_python_dop_operator_3.py
[2025-07-16T07:38:12.899+0000] {processor.py:925} INFO - DAG(s) 'example_branch_dop_operator_v3' retrieved from /home/airflow/.local/lib/python3.12/site-packages/airflow/example_dags/example_branch_python_dop_operator_3.py
[2025-07-16T07:38:12.921+0000] {logging_mixin.py:190} INFO - [2025-07-16T07:38:12.921+0000] {dag.py:3229} INFO - Sync 1 DAGs
[2025-07-16T07:38:12.949+0000] {logging_mixin.py:190} INFO - [2025-07-16T07:38:12.949+0000] {dag.py:4156} INFO - Setting next_dagrun for example_branch_dop_operator_v3 to 2025-07-16 07:37:00+00:00, run_after=2025-07-16 07:38:00+00:00
[2025-07-16T07:38:12.978+0000] {processor.py:208} INFO - Processing /home/airflow/.local/lib/python3.12/site-packages/airflow/example_dags/example_branch_python_dop_operator_3.py took 0.100 seconds
[2025-07-16T07:38:43.428+0000] {processor.py:186} INFO - Started process (PID=708) to work on /home/airflow/.local/lib/python3.12/site-packages/airflow/example_dags/example_branch_python_dop_operator_3.py
[2025-07-16T07:38:43.430+0000] {processor.py:914} INFO - Processing file /home/airflow/.local/lib/python3.12/site-packages/airflow/example_dags/example_branch_python_dop_operator_3.py for tasks to queue
[2025-07-16T07:38:43.432+0000] {logging_mixin.py:190} INFO - [2025-07-16T07:38:43.432+0000] {dagbag.py:587} INFO - Filling up the DagBag from /home/airflow/.local/lib/python3.12/site-packages/airflow/example_dags/example_branch_python_dop_operator_3.py
[2025-07-16T07:38:43.443+0000] {processor.py:925} INFO - DAG(s) 'example_branch_dop_operator_v3' retrieved from /home/airflow/.local/lib/python3.12/site-packages/airflow/example_dags/example_branch_python_dop_operator_3.py
[2025-07-16T07:38:43.463+0000] {logging_mixin.py:190} INFO - [2025-07-16T07:38:43.463+0000] {dag.py:3229} INFO - Sync 1 DAGs
[2025-07-16T07:38:43.493+0000] {logging_mixin.py:190} INFO - [2025-07-16T07:38:43.492+0000] {dag.py:4156} INFO - Setting next_dagrun for example_branch_dop_operator_v3 to 2025-07-16 07:37:00+00:00, run_after=2025-07-16 07:38:00+00:00
[2025-07-16T07:38:43.516+0000] {processor.py:208} INFO - Processing /home/airflow/.local/lib/python3.12/site-packages/airflow/example_dags/example_branch_python_dop_operator_3.py took 0.094 seconds
[2025-07-16T07:39:14.191+0000] {processor.py:186} INFO - Started process (PID=765) to work on /home/airflow/.local/lib/python3.12/site-packages/airflow/example_dags/example_branch_python_dop_operator_3.py
[2025-07-16T07:39:14.193+0000] {processor.py:914} INFO - Processing file /home/airflow/.local/lib/python3.12/site-packages/airflow/example_dags/example_branch_python_dop_operator_3.py for tasks to queue
[2025-07-16T07:39:14.195+0000] {logging_mixin.py:190} INFO - [2025-07-16T07:39:14.195+0000] {dagbag.py:587} INFO - Filling up the DagBag from /home/airflow/.local/lib/python3.12/site-packages/airflow/example_dags/example_branch_python_dop_operator_3.py
[2025-07-16T07:39:14.209+0000] {processor.py:925} INFO - DAG(s) 'example_branch_dop_operator_v3' retrieved from /home/airflow/.local/lib/python3.12/site-packages/airflow/example_dags/example_branch_python_dop_operator_3.py
[2025-07-16T07:39:14.232+0000] {logging_mixin.py:190} INFO - [2025-07-16T07:39:14.232+0000] {dag.py:3229} INFO - Sync 1 DAGs
[2025-07-16T07:39:14.261+0000] {logging_mixin.py:190} INFO - [2025-07-16T07:39:14.260+0000] {dag.py:4156} INFO - Setting next_dagrun for example_branch_dop_operator_v3 to 2025-07-16 07:38:00+00:00, run_after=2025-07-16 07:39:00+00:00
[2025-07-16T07:39:14.284+0000] {processor.py:208} INFO - Processing /home/airflow/.local/lib/python3.12/site-packages/airflow/example_dags/example_branch_python_dop_operator_3.py took 0.101 seconds
[2025-07-16T07:39:44.638+0000] {processor.py:186} INFO - Started process (PID=822) to work on /home/airflow/.local/lib/python3.12/site-packages/airflow/example_dags/example_branch_python_dop_operator_3.py
[2025-07-16T07:39:44.639+0000] {processor.py:914} INFO - Processing file /home/airflow/.local/lib/python3.12/site-packages/airflow/example_dags/example_branch_python_dop_operator_3.py for tasks to queue
[2025-07-16T07:39:44.642+0000] {logging_mixin.py:190} INFO - [2025-07-16T07:39:44.641+0000] {dagbag.py:587} INFO - Filling up the DagBag from /home/airflow/.local/lib/python3.12/site-packages/airflow/example_dags/example_branch_python_dop_operator_3.py
[2025-07-16T07:39:44.652+0000] {processor.py:925} INFO - DAG(s) 'example_branch_dop_operator_v3' retrieved from /home/airflow/.local/lib/python3.12/site-packages/airflow/example_dags/example_branch_python_dop_operator_3.py
[2025-07-16T07:39:44.674+0000] {logging_mixin.py:190} INFO - [2025-07-16T07:39:44.674+0000] {dag.py:3229} INFO - Sync 1 DAGs
[2025-07-16T07:39:44.705+0000] {logging_mixin.py:190} INFO - [2025-07-16T07:39:44.705+0000] {dag.py:4156} INFO - Setting next_dagrun for example_branch_dop_operator_v3 to 2025-07-16 07:38:00+00:00, run_after=2025-07-16 07:39:00+00:00
[2025-07-16T07:39:44.728+0000] {processor.py:208} INFO - Processing /home/airflow/.local/lib/python3.12/site-packages/airflow/example_dags/example_branch_python_dop_operator_3.py took 0.097 seconds
[2025-07-16T07:40:15.360+0000] {processor.py:186} INFO - Started process (PID=879) to work on /home/airflow/.local/lib/python3.12/site-packages/airflow/example_dags/example_branch_python_dop_operator_3.py
[2025-07-16T07:40:15.361+0000] {processor.py:914} INFO - Processing file /home/airflow/.local/lib/python3.12/site-packages/airflow/example_dags/example_branch_python_dop_operator_3.py for tasks to queue
[2025-07-16T07:40:15.364+0000] {logging_mixin.py:190} INFO - [2025-07-16T07:40:15.364+0000] {dagbag.py:587} INFO - Filling up the DagBag from /home/airflow/.local/lib/python3.12/site-packages/airflow/example_dags/example_branch_python_dop_operator_3.py
[2025-07-16T07:40:15.376+0000] {processor.py:925} INFO - DAG(s) 'example_branch_dop_operator_v3' retrieved from /home/airflow/.local/lib/python3.12/site-packages/airflow/example_dags/example_branch_python_dop_operator_3.py
[2025-07-16T07:40:15.399+0000] {logging_mixin.py:190} INFO - [2025-07-16T07:40:15.399+0000] {dag.py:3229} INFO - Sync 1 DAGs
[2025-07-16T07:40:15.430+0000] {logging_mixin.py:190} INFO - [2025-07-16T07:40:15.430+0000] {dag.py:4156} INFO - Setting next_dagrun for example_branch_dop_operator_v3 to 2025-07-16 07:39:00+00:00, run_after=2025-07-16 07:40:00+00:00
[2025-07-16T07:40:15.458+0000] {processor.py:208} INFO - Processing /home/airflow/.local/lib/python3.12/site-packages/airflow/example_dags/example_branch_python_dop_operator_3.py took 0.105 seconds
[2025-07-16T07:40:46.139+0000] {processor.py:186} INFO - Started process (PID=936) to work on /home/airflow/.local/lib/python3.12/site-packages/airflow/example_dags/example_branch_python_dop_operator_3.py
[2025-07-16T07:40:46.141+0000] {processor.py:914} INFO - Processing file /home/airflow/.local/lib/python3.12/site-packages/airflow/example_dags/example_branch_python_dop_operator_3.py for tasks to queue
[2025-07-16T07:40:46.143+0000] {logging_mixin.py:190} INFO - [2025-07-16T07:40:46.143+0000] {dagbag.py:587} INFO - Filling up the DagBag from /home/airflow/.local/lib/python3.12/site-packages/airflow/example_dags/example_branch_python_dop_operator_3.py
[2025-07-16T07:40:46.153+0000] {processor.py:925} INFO - DAG(s) 'example_branch_dop_operator_v3' retrieved from /home/airflow/.local/lib/python3.12/site-packages/airflow/example_dags/example_branch_python_dop_operator_3.py
[2025-07-16T07:40:46.174+0000] {logging_mixin.py:190} INFO - [2025-07-16T07:40:46.174+0000] {dag.py:3229} INFO - Sync 1 DAGs
[2025-07-16T07:40:46.205+0000] {logging_mixin.py:190} INFO - [2025-07-16T07:40:46.205+0000] {dag.py:4156} INFO - Setting next_dagrun for example_branch_dop_operator_v3 to 2025-07-16 07:39:00+00:00, run_after=2025-07-16 07:40:00+00:00
[2025-07-16T07:40:46.226+0000] {processor.py:208} INFO - Processing /home/airflow/.local/lib/python3.12/site-packages/airflow/example_dags/example_branch_python_dop_operator_3.py took 0.096 seconds
