[2025-07-16T07:10:09.414+0000] {processor.py:186} INFO - Started process (PID=39) to work on /home/airflow/.local/lib/python3.12/site-packages/airflow/example_dags/example_complex.py
[2025-07-16T07:10:09.420+0000] {processor.py:914} INFO - Processing file /home/airflow/.local/lib/python3.12/site-packages/airflow/example_dags/example_complex.py for tasks to queue
[2025-07-16T07:10:09.444+0000] {logging_mixin.py:190} INFO - [2025-07-16T07:10:09.441+0000] {dagbag.py:587} INFO - Filling up the DagBag from /home/airflow/.local/lib/python3.12/site-packages/airflow/example_dags/example_complex.py
[2025-07-16T07:10:09.510+0000] {processor.py:925} INFO - DAG(s) 'example_complex' retrieved from /home/airflow/.local/lib/python3.12/site-packages/airflow/example_dags/example_complex.py
[2025-07-16T07:10:09.681+0000] {logging_mixin.py:190} INFO - [2025-07-16T07:10:09.680+0000] {dag.py:3229} INFO - Sync 1 DAGs
[2025-07-16T07:10:09.758+0000] {logging_mixin.py:190} INFO - [2025-07-16T07:10:09.758+0000] {dag.py:4156} INFO - Setting next_dagrun for example_complex to None, run_after=None
[2025-07-16T07:10:09.821+0000] {processor.py:208} INFO - Processing /home/airflow/.local/lib/python3.12/site-packages/airflow/example_dags/example_complex.py took 0.427 seconds
[2025-07-16T07:10:39.947+0000] {processor.py:186} INFO - Started process (PID=96) to work on /home/airflow/.local/lib/python3.12/site-packages/airflow/example_dags/example_complex.py
[2025-07-16T07:10:39.948+0000] {processor.py:914} INFO - Processing file /home/airflow/.local/lib/python3.12/site-packages/airflow/example_dags/example_complex.py for tasks to queue
[2025-07-16T07:10:39.951+0000] {logging_mixin.py:190} INFO - [2025-07-16T07:10:39.950+0000] {dagbag.py:587} INFO - Filling up the DagBag from /home/airflow/.local/lib/python3.12/site-packages/airflow/example_dags/example_complex.py
[2025-07-16T07:10:39.969+0000] {processor.py:925} INFO - DAG(s) 'example_complex' retrieved from /home/airflow/.local/lib/python3.12/site-packages/airflow/example_dags/example_complex.py
[2025-07-16T07:10:40.020+0000] {logging_mixin.py:190} INFO - [2025-07-16T07:10:40.019+0000] {dag.py:3229} INFO - Sync 1 DAGs
[2025-07-16T07:10:40.037+0000] {logging_mixin.py:190} INFO - [2025-07-16T07:10:40.037+0000] {dag.py:4156} INFO - Setting next_dagrun for example_complex to None, run_after=None
[2025-07-16T07:10:40.066+0000] {processor.py:208} INFO - Processing /home/airflow/.local/lib/python3.12/site-packages/airflow/example_dags/example_complex.py took 0.129 seconds
[2025-07-16T07:11:10.222+0000] {processor.py:186} INFO - Started process (PID=153) to work on /home/airflow/.local/lib/python3.12/site-packages/airflow/example_dags/example_complex.py
[2025-07-16T07:11:10.223+0000] {processor.py:914} INFO - Processing file /home/airflow/.local/lib/python3.12/site-packages/airflow/example_dags/example_complex.py for tasks to queue
[2025-07-16T07:11:10.226+0000] {logging_mixin.py:190} INFO - [2025-07-16T07:11:10.226+0000] {dagbag.py:587} INFO - Filling up the DagBag from /home/airflow/.local/lib/python3.12/site-packages/airflow/example_dags/example_complex.py
[2025-07-16T07:11:10.240+0000] {processor.py:925} INFO - DAG(s) 'example_complex' retrieved from /home/airflow/.local/lib/python3.12/site-packages/airflow/example_dags/example_complex.py
[2025-07-16T07:11:10.278+0000] {logging_mixin.py:190} INFO - [2025-07-16T07:11:10.278+0000] {dag.py:3229} INFO - Sync 1 DAGs
[2025-07-16T07:11:10.294+0000] {logging_mixin.py:190} INFO - [2025-07-16T07:11:10.294+0000] {dag.py:4156} INFO - Setting next_dagrun for example_complex to None, run_after=None
[2025-07-16T07:11:10.319+0000] {processor.py:208} INFO - Processing /home/airflow/.local/lib/python3.12/site-packages/airflow/example_dags/example_complex.py took 0.104 seconds
[2025-07-16T07:11:40.634+0000] {processor.py:186} INFO - Started process (PID=210) to work on /home/airflow/.local/lib/python3.12/site-packages/airflow/example_dags/example_complex.py
[2025-07-16T07:11:40.635+0000] {processor.py:914} INFO - Processing file /home/airflow/.local/lib/python3.12/site-packages/airflow/example_dags/example_complex.py for tasks to queue
[2025-07-16T07:11:40.638+0000] {logging_mixin.py:190} INFO - [2025-07-16T07:11:40.637+0000] {dagbag.py:587} INFO - Filling up the DagBag from /home/airflow/.local/lib/python3.12/site-packages/airflow/example_dags/example_complex.py
[2025-07-16T07:11:40.652+0000] {processor.py:925} INFO - DAG(s) 'example_complex' retrieved from /home/airflow/.local/lib/python3.12/site-packages/airflow/example_dags/example_complex.py
[2025-07-16T07:11:40.689+0000] {logging_mixin.py:190} INFO - [2025-07-16T07:11:40.689+0000] {dag.py:3229} INFO - Sync 1 DAGs
[2025-07-16T07:11:40.703+0000] {logging_mixin.py:190} INFO - [2025-07-16T07:11:40.703+0000] {dag.py:4156} INFO - Setting next_dagrun for example_complex to None, run_after=None
[2025-07-16T07:11:40.724+0000] {processor.py:208} INFO - Processing /home/airflow/.local/lib/python3.12/site-packages/airflow/example_dags/example_complex.py took 0.097 seconds
[2025-07-16T07:12:11.168+0000] {processor.py:186} INFO - Started process (PID=267) to work on /home/airflow/.local/lib/python3.12/site-packages/airflow/example_dags/example_complex.py
[2025-07-16T07:12:11.169+0000] {processor.py:914} INFO - Processing file /home/airflow/.local/lib/python3.12/site-packages/airflow/example_dags/example_complex.py for tasks to queue
[2025-07-16T07:12:11.172+0000] {logging_mixin.py:190} INFO - [2025-07-16T07:12:11.172+0000] {dagbag.py:587} INFO - Filling up the DagBag from /home/airflow/.local/lib/python3.12/site-packages/airflow/example_dags/example_complex.py
[2025-07-16T07:12:11.190+0000] {processor.py:925} INFO - DAG(s) 'example_complex' retrieved from /home/airflow/.local/lib/python3.12/site-packages/airflow/example_dags/example_complex.py
[2025-07-16T07:12:11.232+0000] {logging_mixin.py:190} INFO - [2025-07-16T07:12:11.232+0000] {dag.py:3229} INFO - Sync 1 DAGs
[2025-07-16T07:12:11.246+0000] {logging_mixin.py:190} INFO - [2025-07-16T07:12:11.246+0000] {dag.py:4156} INFO - Setting next_dagrun for example_complex to None, run_after=None
[2025-07-16T07:12:11.266+0000] {processor.py:208} INFO - Processing /home/airflow/.local/lib/python3.12/site-packages/airflow/example_dags/example_complex.py took 0.104 seconds
[2025-07-16T07:12:41.706+0000] {processor.py:186} INFO - Started process (PID=324) to work on /home/airflow/.local/lib/python3.12/site-packages/airflow/example_dags/example_complex.py
[2025-07-16T07:12:41.707+0000] {processor.py:914} INFO - Processing file /home/airflow/.local/lib/python3.12/site-packages/airflow/example_dags/example_complex.py for tasks to queue
[2025-07-16T07:12:41.710+0000] {logging_mixin.py:190} INFO - [2025-07-16T07:12:41.710+0000] {dagbag.py:587} INFO - Filling up the DagBag from /home/airflow/.local/lib/python3.12/site-packages/airflow/example_dags/example_complex.py
[2025-07-16T07:12:41.725+0000] {processor.py:925} INFO - DAG(s) 'example_complex' retrieved from /home/airflow/.local/lib/python3.12/site-packages/airflow/example_dags/example_complex.py
[2025-07-16T07:12:41.763+0000] {logging_mixin.py:190} INFO - [2025-07-16T07:12:41.763+0000] {dag.py:3229} INFO - Sync 1 DAGs
[2025-07-16T07:12:41.780+0000] {logging_mixin.py:190} INFO - [2025-07-16T07:12:41.780+0000] {dag.py:4156} INFO - Setting next_dagrun for example_complex to None, run_after=None
[2025-07-16T07:12:41.811+0000] {processor.py:208} INFO - Processing /home/airflow/.local/lib/python3.12/site-packages/airflow/example_dags/example_complex.py took 0.111 seconds
[2025-07-16T07:13:12.062+0000] {processor.py:186} INFO - Started process (PID=381) to work on /home/airflow/.local/lib/python3.12/site-packages/airflow/example_dags/example_complex.py
[2025-07-16T07:13:12.063+0000] {processor.py:914} INFO - Processing file /home/airflow/.local/lib/python3.12/site-packages/airflow/example_dags/example_complex.py for tasks to queue
[2025-07-16T07:13:12.065+0000] {logging_mixin.py:190} INFO - [2025-07-16T07:13:12.065+0000] {dagbag.py:587} INFO - Filling up the DagBag from /home/airflow/.local/lib/python3.12/site-packages/airflow/example_dags/example_complex.py
[2025-07-16T07:13:12.078+0000] {processor.py:925} INFO - DAG(s) 'example_complex' retrieved from /home/airflow/.local/lib/python3.12/site-packages/airflow/example_dags/example_complex.py
[2025-07-16T07:13:12.113+0000] {logging_mixin.py:190} INFO - [2025-07-16T07:13:12.113+0000] {dag.py:3229} INFO - Sync 1 DAGs
[2025-07-16T07:13:12.128+0000] {logging_mixin.py:190} INFO - [2025-07-16T07:13:12.128+0000] {dag.py:4156} INFO - Setting next_dagrun for example_complex to None, run_after=None
[2025-07-16T07:13:12.158+0000] {processor.py:208} INFO - Processing /home/airflow/.local/lib/python3.12/site-packages/airflow/example_dags/example_complex.py took 0.103 seconds
[2025-07-16T07:13:42.783+0000] {processor.py:186} INFO - Started process (PID=438) to work on /home/airflow/.local/lib/python3.12/site-packages/airflow/example_dags/example_complex.py
[2025-07-16T07:13:42.784+0000] {processor.py:914} INFO - Processing file /home/airflow/.local/lib/python3.12/site-packages/airflow/example_dags/example_complex.py for tasks to queue
[2025-07-16T07:13:42.786+0000] {logging_mixin.py:190} INFO - [2025-07-16T07:13:42.786+0000] {dagbag.py:587} INFO - Filling up the DagBag from /home/airflow/.local/lib/python3.12/site-packages/airflow/example_dags/example_complex.py
[2025-07-16T07:13:42.801+0000] {processor.py:925} INFO - DAG(s) 'example_complex' retrieved from /home/airflow/.local/lib/python3.12/site-packages/airflow/example_dags/example_complex.py
[2025-07-16T07:13:42.837+0000] {logging_mixin.py:190} INFO - [2025-07-16T07:13:42.837+0000] {dag.py:3229} INFO - Sync 1 DAGs
[2025-07-16T07:13:42.852+0000] {logging_mixin.py:190} INFO - [2025-07-16T07:13:42.851+0000] {dag.py:4156} INFO - Setting next_dagrun for example_complex to None, run_after=None
[2025-07-16T07:13:42.875+0000] {processor.py:208} INFO - Processing /home/airflow/.local/lib/python3.12/site-packages/airflow/example_dags/example_complex.py took 0.099 seconds
[2025-07-16T07:14:14.038+0000] {processor.py:186} INFO - Started process (PID=495) to work on /home/airflow/.local/lib/python3.12/site-packages/airflow/example_dags/example_complex.py
[2025-07-16T07:14:14.040+0000] {processor.py:914} INFO - Processing file /home/airflow/.local/lib/python3.12/site-packages/airflow/example_dags/example_complex.py for tasks to queue
[2025-07-16T07:14:14.042+0000] {logging_mixin.py:190} INFO - [2025-07-16T07:14:14.042+0000] {dagbag.py:587} INFO - Filling up the DagBag from /home/airflow/.local/lib/python3.12/site-packages/airflow/example_dags/example_complex.py
[2025-07-16T07:14:14.056+0000] {processor.py:925} INFO - DAG(s) 'example_complex' retrieved from /home/airflow/.local/lib/python3.12/site-packages/airflow/example_dags/example_complex.py
[2025-07-16T07:14:14.093+0000] {logging_mixin.py:190} INFO - [2025-07-16T07:14:14.093+0000] {dag.py:3229} INFO - Sync 1 DAGs
[2025-07-16T07:14:14.110+0000] {logging_mixin.py:190} INFO - [2025-07-16T07:14:14.110+0000] {dag.py:4156} INFO - Setting next_dagrun for example_complex to None, run_after=None
[2025-07-16T07:14:14.133+0000] {processor.py:208} INFO - Processing /home/airflow/.local/lib/python3.12/site-packages/airflow/example_dags/example_complex.py took 0.101 seconds
[2025-07-16T07:14:44.425+0000] {processor.py:186} INFO - Started process (PID=552) to work on /home/airflow/.local/lib/python3.12/site-packages/airflow/example_dags/example_complex.py
[2025-07-16T07:14:44.426+0000] {processor.py:914} INFO - Processing file /home/airflow/.local/lib/python3.12/site-packages/airflow/example_dags/example_complex.py for tasks to queue
[2025-07-16T07:14:44.428+0000] {logging_mixin.py:190} INFO - [2025-07-16T07:14:44.428+0000] {dagbag.py:587} INFO - Filling up the DagBag from /home/airflow/.local/lib/python3.12/site-packages/airflow/example_dags/example_complex.py
[2025-07-16T07:14:44.442+0000] {processor.py:925} INFO - DAG(s) 'example_complex' retrieved from /home/airflow/.local/lib/python3.12/site-packages/airflow/example_dags/example_complex.py
[2025-07-16T07:14:44.482+0000] {logging_mixin.py:190} INFO - [2025-07-16T07:14:44.482+0000] {dag.py:3229} INFO - Sync 1 DAGs
[2025-07-16T07:14:44.498+0000] {logging_mixin.py:190} INFO - [2025-07-16T07:14:44.498+0000] {dag.py:4156} INFO - Setting next_dagrun for example_complex to None, run_after=None
[2025-07-16T07:14:44.522+0000] {processor.py:208} INFO - Processing /home/airflow/.local/lib/python3.12/site-packages/airflow/example_dags/example_complex.py took 0.105 seconds
[2025-07-16T07:15:15.198+0000] {processor.py:186} INFO - Started process (PID=609) to work on /home/airflow/.local/lib/python3.12/site-packages/airflow/example_dags/example_complex.py
[2025-07-16T07:15:15.200+0000] {processor.py:914} INFO - Processing file /home/airflow/.local/lib/python3.12/site-packages/airflow/example_dags/example_complex.py for tasks to queue
[2025-07-16T07:15:15.206+0000] {logging_mixin.py:190} INFO - [2025-07-16T07:15:15.203+0000] {dagbag.py:587} INFO - Filling up the DagBag from /home/airflow/.local/lib/python3.12/site-packages/airflow/example_dags/example_complex.py
[2025-07-16T07:15:15.282+0000] {processor.py:925} INFO - DAG(s) 'example_complex' retrieved from /home/airflow/.local/lib/python3.12/site-packages/airflow/example_dags/example_complex.py
[2025-07-16T07:15:15.351+0000] {logging_mixin.py:190} INFO - [2025-07-16T07:15:15.351+0000] {dag.py:3229} INFO - Sync 1 DAGs
[2025-07-16T07:15:15.380+0000] {logging_mixin.py:190} INFO - [2025-07-16T07:15:15.379+0000] {dag.py:4156} INFO - Setting next_dagrun for example_complex to None, run_after=None
[2025-07-16T07:15:15.431+0000] {processor.py:208} INFO - Processing /home/airflow/.local/lib/python3.12/site-packages/airflow/example_dags/example_complex.py took 0.248 seconds
[2025-07-16T07:15:45.888+0000] {processor.py:186} INFO - Started process (PID=666) to work on /home/airflow/.local/lib/python3.12/site-packages/airflow/example_dags/example_complex.py
[2025-07-16T07:15:45.889+0000] {processor.py:914} INFO - Processing file /home/airflow/.local/lib/python3.12/site-packages/airflow/example_dags/example_complex.py for tasks to queue
[2025-07-16T07:15:45.893+0000] {logging_mixin.py:190} INFO - [2025-07-16T07:15:45.893+0000] {dagbag.py:587} INFO - Filling up the DagBag from /home/airflow/.local/lib/python3.12/site-packages/airflow/example_dags/example_complex.py
[2025-07-16T07:15:45.908+0000] {processor.py:925} INFO - DAG(s) 'example_complex' retrieved from /home/airflow/.local/lib/python3.12/site-packages/airflow/example_dags/example_complex.py
[2025-07-16T07:15:45.948+0000] {logging_mixin.py:190} INFO - [2025-07-16T07:15:45.947+0000] {dag.py:3229} INFO - Sync 1 DAGs
[2025-07-16T07:15:45.963+0000] {logging_mixin.py:190} INFO - [2025-07-16T07:15:45.963+0000] {dag.py:4156} INFO - Setting next_dagrun for example_complex to None, run_after=None
[2025-07-16T07:15:45.987+0000] {processor.py:208} INFO - Processing /home/airflow/.local/lib/python3.12/site-packages/airflow/example_dags/example_complex.py took 0.106 seconds
[2025-07-16T07:16:16.511+0000] {processor.py:186} INFO - Started process (PID=723) to work on /home/airflow/.local/lib/python3.12/site-packages/airflow/example_dags/example_complex.py
[2025-07-16T07:16:16.513+0000] {processor.py:914} INFO - Processing file /home/airflow/.local/lib/python3.12/site-packages/airflow/example_dags/example_complex.py for tasks to queue
[2025-07-16T07:16:16.515+0000] {logging_mixin.py:190} INFO - [2025-07-16T07:16:16.515+0000] {dagbag.py:587} INFO - Filling up the DagBag from /home/airflow/.local/lib/python3.12/site-packages/airflow/example_dags/example_complex.py
[2025-07-16T07:16:16.531+0000] {processor.py:925} INFO - DAG(s) 'example_complex' retrieved from /home/airflow/.local/lib/python3.12/site-packages/airflow/example_dags/example_complex.py
[2025-07-16T07:16:16.573+0000] {logging_mixin.py:190} INFO - [2025-07-16T07:16:16.573+0000] {dag.py:3229} INFO - Sync 1 DAGs
[2025-07-16T07:16:16.590+0000] {logging_mixin.py:190} INFO - [2025-07-16T07:16:16.590+0000] {dag.py:4156} INFO - Setting next_dagrun for example_complex to None, run_after=None
[2025-07-16T07:16:16.619+0000] {processor.py:208} INFO - Processing /home/airflow/.local/lib/python3.12/site-packages/airflow/example_dags/example_complex.py took 0.117 seconds
[2025-07-16T07:16:46.908+0000] {processor.py:186} INFO - Started process (PID=780) to work on /home/airflow/.local/lib/python3.12/site-packages/airflow/example_dags/example_complex.py
[2025-07-16T07:16:46.909+0000] {processor.py:914} INFO - Processing file /home/airflow/.local/lib/python3.12/site-packages/airflow/example_dags/example_complex.py for tasks to queue
[2025-07-16T07:16:46.912+0000] {logging_mixin.py:190} INFO - [2025-07-16T07:16:46.912+0000] {dagbag.py:587} INFO - Filling up the DagBag from /home/airflow/.local/lib/python3.12/site-packages/airflow/example_dags/example_complex.py
[2025-07-16T07:16:46.931+0000] {processor.py:925} INFO - DAG(s) 'example_complex' retrieved from /home/airflow/.local/lib/python3.12/site-packages/airflow/example_dags/example_complex.py
[2025-07-16T07:16:46.975+0000] {logging_mixin.py:190} INFO - [2025-07-16T07:16:46.975+0000] {dag.py:3229} INFO - Sync 1 DAGs
[2025-07-16T07:16:46.997+0000] {logging_mixin.py:190} INFO - [2025-07-16T07:16:46.997+0000] {dag.py:4156} INFO - Setting next_dagrun for example_complex to None, run_after=None
[2025-07-16T07:16:47.022+0000] {processor.py:208} INFO - Processing /home/airflow/.local/lib/python3.12/site-packages/airflow/example_dags/example_complex.py took 0.121 seconds
[2025-07-16T07:17:17.663+0000] {processor.py:186} INFO - Started process (PID=837) to work on /home/airflow/.local/lib/python3.12/site-packages/airflow/example_dags/example_complex.py
[2025-07-16T07:17:17.664+0000] {processor.py:914} INFO - Processing file /home/airflow/.local/lib/python3.12/site-packages/airflow/example_dags/example_complex.py for tasks to queue
[2025-07-16T07:17:17.667+0000] {logging_mixin.py:190} INFO - [2025-07-16T07:17:17.667+0000] {dagbag.py:587} INFO - Filling up the DagBag from /home/airflow/.local/lib/python3.12/site-packages/airflow/example_dags/example_complex.py
[2025-07-16T07:17:17.681+0000] {processor.py:925} INFO - DAG(s) 'example_complex' retrieved from /home/airflow/.local/lib/python3.12/site-packages/airflow/example_dags/example_complex.py
[2025-07-16T07:17:17.717+0000] {logging_mixin.py:190} INFO - [2025-07-16T07:17:17.717+0000] {dag.py:3229} INFO - Sync 1 DAGs
[2025-07-16T07:17:17.732+0000] {logging_mixin.py:190} INFO - [2025-07-16T07:17:17.732+0000] {dag.py:4156} INFO - Setting next_dagrun for example_complex to None, run_after=None
[2025-07-16T07:17:17.755+0000] {processor.py:208} INFO - Processing /home/airflow/.local/lib/python3.12/site-packages/airflow/example_dags/example_complex.py took 0.100 seconds
[2025-07-16T07:17:48.258+0000] {processor.py:186} INFO - Started process (PID=894) to work on /home/airflow/.local/lib/python3.12/site-packages/airflow/example_dags/example_complex.py
[2025-07-16T07:17:48.259+0000] {processor.py:914} INFO - Processing file /home/airflow/.local/lib/python3.12/site-packages/airflow/example_dags/example_complex.py for tasks to queue
[2025-07-16T07:17:48.262+0000] {logging_mixin.py:190} INFO - [2025-07-16T07:17:48.261+0000] {dagbag.py:587} INFO - Filling up the DagBag from /home/airflow/.local/lib/python3.12/site-packages/airflow/example_dags/example_complex.py
[2025-07-16T07:17:48.274+0000] {processor.py:925} INFO - DAG(s) 'example_complex' retrieved from /home/airflow/.local/lib/python3.12/site-packages/airflow/example_dags/example_complex.py
[2025-07-16T07:17:48.311+0000] {logging_mixin.py:190} INFO - [2025-07-16T07:17:48.311+0000] {dag.py:3229} INFO - Sync 1 DAGs
[2025-07-16T07:17:48.327+0000] {logging_mixin.py:190} INFO - [2025-07-16T07:17:48.326+0000] {dag.py:4156} INFO - Setting next_dagrun for example_complex to None, run_after=None
[2025-07-16T07:17:48.351+0000] {processor.py:208} INFO - Processing /home/airflow/.local/lib/python3.12/site-packages/airflow/example_dags/example_complex.py took 0.100 seconds
[2025-07-16T07:18:18.983+0000] {processor.py:186} INFO - Started process (PID=951) to work on /home/airflow/.local/lib/python3.12/site-packages/airflow/example_dags/example_complex.py
[2025-07-16T07:18:18.984+0000] {processor.py:914} INFO - Processing file /home/airflow/.local/lib/python3.12/site-packages/airflow/example_dags/example_complex.py for tasks to queue
[2025-07-16T07:18:18.987+0000] {logging_mixin.py:190} INFO - [2025-07-16T07:18:18.987+0000] {dagbag.py:587} INFO - Filling up the DagBag from /home/airflow/.local/lib/python3.12/site-packages/airflow/example_dags/example_complex.py
[2025-07-16T07:18:19.001+0000] {processor.py:925} INFO - DAG(s) 'example_complex' retrieved from /home/airflow/.local/lib/python3.12/site-packages/airflow/example_dags/example_complex.py
[2025-07-16T07:18:19.047+0000] {logging_mixin.py:190} INFO - [2025-07-16T07:18:19.047+0000] {dag.py:3229} INFO - Sync 1 DAGs
[2025-07-16T07:18:19.068+0000] {logging_mixin.py:190} INFO - [2025-07-16T07:18:19.068+0000] {dag.py:4156} INFO - Setting next_dagrun for example_complex to None, run_after=None
[2025-07-16T07:18:19.089+0000] {processor.py:208} INFO - Processing /home/airflow/.local/lib/python3.12/site-packages/airflow/example_dags/example_complex.py took 0.113 seconds
[2025-07-16T07:18:49.759+0000] {processor.py:186} INFO - Started process (PID=1008) to work on /home/airflow/.local/lib/python3.12/site-packages/airflow/example_dags/example_complex.py
[2025-07-16T07:18:49.760+0000] {processor.py:914} INFO - Processing file /home/airflow/.local/lib/python3.12/site-packages/airflow/example_dags/example_complex.py for tasks to queue
[2025-07-16T07:18:49.763+0000] {logging_mixin.py:190} INFO - [2025-07-16T07:18:49.763+0000] {dagbag.py:587} INFO - Filling up the DagBag from /home/airflow/.local/lib/python3.12/site-packages/airflow/example_dags/example_complex.py
[2025-07-16T07:18:49.777+0000] {processor.py:925} INFO - DAG(s) 'example_complex' retrieved from /home/airflow/.local/lib/python3.12/site-packages/airflow/example_dags/example_complex.py
[2025-07-16T07:18:49.815+0000] {logging_mixin.py:190} INFO - [2025-07-16T07:18:49.815+0000] {dag.py:3229} INFO - Sync 1 DAGs
[2025-07-16T07:18:49.832+0000] {logging_mixin.py:190} INFO - [2025-07-16T07:18:49.832+0000] {dag.py:4156} INFO - Setting next_dagrun for example_complex to None, run_after=None
[2025-07-16T07:18:49.856+0000] {processor.py:208} INFO - Processing /home/airflow/.local/lib/python3.12/site-packages/airflow/example_dags/example_complex.py took 0.103 seconds
[2025-07-16T07:19:20.303+0000] {processor.py:186} INFO - Started process (PID=1065) to work on /home/airflow/.local/lib/python3.12/site-packages/airflow/example_dags/example_complex.py
[2025-07-16T07:19:20.304+0000] {processor.py:914} INFO - Processing file /home/airflow/.local/lib/python3.12/site-packages/airflow/example_dags/example_complex.py for tasks to queue
[2025-07-16T07:19:20.306+0000] {logging_mixin.py:190} INFO - [2025-07-16T07:19:20.306+0000] {dagbag.py:587} INFO - Filling up the DagBag from /home/airflow/.local/lib/python3.12/site-packages/airflow/example_dags/example_complex.py
[2025-07-16T07:19:20.321+0000] {processor.py:925} INFO - DAG(s) 'example_complex' retrieved from /home/airflow/.local/lib/python3.12/site-packages/airflow/example_dags/example_complex.py
[2025-07-16T07:19:20.366+0000] {logging_mixin.py:190} INFO - [2025-07-16T07:19:20.365+0000] {dag.py:3229} INFO - Sync 1 DAGs
[2025-07-16T07:19:20.384+0000] {logging_mixin.py:190} INFO - [2025-07-16T07:19:20.383+0000] {dag.py:4156} INFO - Setting next_dagrun for example_complex to None, run_after=None
[2025-07-16T07:19:20.411+0000] {processor.py:208} INFO - Processing /home/airflow/.local/lib/python3.12/site-packages/airflow/example_dags/example_complex.py took 0.116 seconds
[2025-07-16T07:19:50.773+0000] {processor.py:186} INFO - Started process (PID=1122) to work on /home/airflow/.local/lib/python3.12/site-packages/airflow/example_dags/example_complex.py
[2025-07-16T07:19:50.775+0000] {processor.py:914} INFO - Processing file /home/airflow/.local/lib/python3.12/site-packages/airflow/example_dags/example_complex.py for tasks to queue
[2025-07-16T07:19:50.778+0000] {logging_mixin.py:190} INFO - [2025-07-16T07:19:50.777+0000] {dagbag.py:587} INFO - Filling up the DagBag from /home/airflow/.local/lib/python3.12/site-packages/airflow/example_dags/example_complex.py
[2025-07-16T07:19:50.792+0000] {processor.py:925} INFO - DAG(s) 'example_complex' retrieved from /home/airflow/.local/lib/python3.12/site-packages/airflow/example_dags/example_complex.py
[2025-07-16T07:19:50.829+0000] {logging_mixin.py:190} INFO - [2025-07-16T07:19:50.829+0000] {dag.py:3229} INFO - Sync 1 DAGs
[2025-07-16T07:19:50.844+0000] {logging_mixin.py:190} INFO - [2025-07-16T07:19:50.844+0000] {dag.py:4156} INFO - Setting next_dagrun for example_complex to None, run_after=None
[2025-07-16T07:19:50.869+0000] {processor.py:208} INFO - Processing /home/airflow/.local/lib/python3.12/site-packages/airflow/example_dags/example_complex.py took 0.103 seconds
[2025-07-16T07:20:21.254+0000] {processor.py:186} INFO - Started process (PID=1179) to work on /home/airflow/.local/lib/python3.12/site-packages/airflow/example_dags/example_complex.py
[2025-07-16T07:20:21.255+0000] {processor.py:914} INFO - Processing file /home/airflow/.local/lib/python3.12/site-packages/airflow/example_dags/example_complex.py for tasks to queue
[2025-07-16T07:20:21.257+0000] {logging_mixin.py:190} INFO - [2025-07-16T07:20:21.257+0000] {dagbag.py:587} INFO - Filling up the DagBag from /home/airflow/.local/lib/python3.12/site-packages/airflow/example_dags/example_complex.py
[2025-07-16T07:20:21.271+0000] {processor.py:925} INFO - DAG(s) 'example_complex' retrieved from /home/airflow/.local/lib/python3.12/site-packages/airflow/example_dags/example_complex.py
[2025-07-16T07:20:21.309+0000] {logging_mixin.py:190} INFO - [2025-07-16T07:20:21.309+0000] {dag.py:3229} INFO - Sync 1 DAGs
[2025-07-16T07:20:21.324+0000] {logging_mixin.py:190} INFO - [2025-07-16T07:20:21.324+0000] {dag.py:4156} INFO - Setting next_dagrun for example_complex to None, run_after=None
[2025-07-16T07:20:21.345+0000] {processor.py:208} INFO - Processing /home/airflow/.local/lib/python3.12/site-packages/airflow/example_dags/example_complex.py took 0.098 seconds
[2025-07-16T07:20:51.809+0000] {processor.py:186} INFO - Started process (PID=1236) to work on /home/airflow/.local/lib/python3.12/site-packages/airflow/example_dags/example_complex.py
[2025-07-16T07:20:51.810+0000] {processor.py:914} INFO - Processing file /home/airflow/.local/lib/python3.12/site-packages/airflow/example_dags/example_complex.py for tasks to queue
[2025-07-16T07:20:51.813+0000] {logging_mixin.py:190} INFO - [2025-07-16T07:20:51.812+0000] {dagbag.py:587} INFO - Filling up the DagBag from /home/airflow/.local/lib/python3.12/site-packages/airflow/example_dags/example_complex.py
[2025-07-16T07:20:51.827+0000] {processor.py:925} INFO - DAG(s) 'example_complex' retrieved from /home/airflow/.local/lib/python3.12/site-packages/airflow/example_dags/example_complex.py
[2025-07-16T07:20:51.866+0000] {logging_mixin.py:190} INFO - [2025-07-16T07:20:51.866+0000] {dag.py:3229} INFO - Sync 1 DAGs
[2025-07-16T07:20:51.884+0000] {logging_mixin.py:190} INFO - [2025-07-16T07:20:51.884+0000] {dag.py:4156} INFO - Setting next_dagrun for example_complex to None, run_after=None
[2025-07-16T07:20:51.910+0000] {processor.py:208} INFO - Processing /home/airflow/.local/lib/python3.12/site-packages/airflow/example_dags/example_complex.py took 0.108 seconds
[2025-07-16T07:21:22.653+0000] {processor.py:186} INFO - Started process (PID=1293) to work on /home/airflow/.local/lib/python3.12/site-packages/airflow/example_dags/example_complex.py
[2025-07-16T07:21:22.654+0000] {processor.py:914} INFO - Processing file /home/airflow/.local/lib/python3.12/site-packages/airflow/example_dags/example_complex.py for tasks to queue
[2025-07-16T07:21:22.657+0000] {logging_mixin.py:190} INFO - [2025-07-16T07:21:22.656+0000] {dagbag.py:587} INFO - Filling up the DagBag from /home/airflow/.local/lib/python3.12/site-packages/airflow/example_dags/example_complex.py
[2025-07-16T07:21:22.672+0000] {processor.py:925} INFO - DAG(s) 'example_complex' retrieved from /home/airflow/.local/lib/python3.12/site-packages/airflow/example_dags/example_complex.py
[2025-07-16T07:21:22.711+0000] {logging_mixin.py:190} INFO - [2025-07-16T07:21:22.710+0000] {dag.py:3229} INFO - Sync 1 DAGs
[2025-07-16T07:21:22.741+0000] {logging_mixin.py:190} INFO - [2025-07-16T07:21:22.740+0000] {dag.py:4156} INFO - Setting next_dagrun for example_complex to None, run_after=None
[2025-07-16T07:21:22.792+0000] {processor.py:208} INFO - Processing /home/airflow/.local/lib/python3.12/site-packages/airflow/example_dags/example_complex.py took 0.146 seconds
[2025-07-16T07:21:53.442+0000] {processor.py:186} INFO - Started process (PID=1350) to work on /home/airflow/.local/lib/python3.12/site-packages/airflow/example_dags/example_complex.py
[2025-07-16T07:21:53.443+0000] {processor.py:914} INFO - Processing file /home/airflow/.local/lib/python3.12/site-packages/airflow/example_dags/example_complex.py for tasks to queue
[2025-07-16T07:21:53.447+0000] {logging_mixin.py:190} INFO - [2025-07-16T07:21:53.446+0000] {dagbag.py:587} INFO - Filling up the DagBag from /home/airflow/.local/lib/python3.12/site-packages/airflow/example_dags/example_complex.py
[2025-07-16T07:21:53.462+0000] {processor.py:925} INFO - DAG(s) 'example_complex' retrieved from /home/airflow/.local/lib/python3.12/site-packages/airflow/example_dags/example_complex.py
[2025-07-16T07:21:53.502+0000] {logging_mixin.py:190} INFO - [2025-07-16T07:21:53.501+0000] {dag.py:3229} INFO - Sync 1 DAGs
[2025-07-16T07:21:53.520+0000] {logging_mixin.py:190} INFO - [2025-07-16T07:21:53.520+0000] {dag.py:4156} INFO - Setting next_dagrun for example_complex to None, run_after=None
[2025-07-16T07:21:53.543+0000] {processor.py:208} INFO - Processing /home/airflow/.local/lib/python3.12/site-packages/airflow/example_dags/example_complex.py took 0.110 seconds
[2025-07-16T07:22:24.134+0000] {processor.py:186} INFO - Started process (PID=1407) to work on /home/airflow/.local/lib/python3.12/site-packages/airflow/example_dags/example_complex.py
[2025-07-16T07:22:24.135+0000] {processor.py:914} INFO - Processing file /home/airflow/.local/lib/python3.12/site-packages/airflow/example_dags/example_complex.py for tasks to queue
[2025-07-16T07:22:24.138+0000] {logging_mixin.py:190} INFO - [2025-07-16T07:22:24.138+0000] {dagbag.py:587} INFO - Filling up the DagBag from /home/airflow/.local/lib/python3.12/site-packages/airflow/example_dags/example_complex.py
[2025-07-16T07:22:24.154+0000] {processor.py:925} INFO - DAG(s) 'example_complex' retrieved from /home/airflow/.local/lib/python3.12/site-packages/airflow/example_dags/example_complex.py
[2025-07-16T07:22:24.191+0000] {logging_mixin.py:190} INFO - [2025-07-16T07:22:24.191+0000] {dag.py:3229} INFO - Sync 1 DAGs
[2025-07-16T07:22:24.207+0000] {logging_mixin.py:190} INFO - [2025-07-16T07:22:24.206+0000] {dag.py:4156} INFO - Setting next_dagrun for example_complex to None, run_after=None
[2025-07-16T07:22:24.231+0000] {processor.py:208} INFO - Processing /home/airflow/.local/lib/python3.12/site-packages/airflow/example_dags/example_complex.py took 0.105 seconds
[2025-07-16T07:22:55.122+0000] {processor.py:186} INFO - Started process (PID=1464) to work on /home/airflow/.local/lib/python3.12/site-packages/airflow/example_dags/example_complex.py
[2025-07-16T07:22:55.123+0000] {processor.py:914} INFO - Processing file /home/airflow/.local/lib/python3.12/site-packages/airflow/example_dags/example_complex.py for tasks to queue
[2025-07-16T07:22:55.126+0000] {logging_mixin.py:190} INFO - [2025-07-16T07:22:55.126+0000] {dagbag.py:587} INFO - Filling up the DagBag from /home/airflow/.local/lib/python3.12/site-packages/airflow/example_dags/example_complex.py
[2025-07-16T07:22:55.139+0000] {processor.py:925} INFO - DAG(s) 'example_complex' retrieved from /home/airflow/.local/lib/python3.12/site-packages/airflow/example_dags/example_complex.py
[2025-07-16T07:22:55.177+0000] {logging_mixin.py:190} INFO - [2025-07-16T07:22:55.177+0000] {dag.py:3229} INFO - Sync 1 DAGs
[2025-07-16T07:22:55.194+0000] {logging_mixin.py:190} INFO - [2025-07-16T07:22:55.194+0000] {dag.py:4156} INFO - Setting next_dagrun for example_complex to None, run_after=None
[2025-07-16T07:22:55.217+0000] {processor.py:208} INFO - Processing /home/airflow/.local/lib/python3.12/site-packages/airflow/example_dags/example_complex.py took 0.102 seconds
[2025-07-16T07:23:26.172+0000] {processor.py:186} INFO - Started process (PID=1521) to work on /home/airflow/.local/lib/python3.12/site-packages/airflow/example_dags/example_complex.py
[2025-07-16T07:23:26.173+0000] {processor.py:914} INFO - Processing file /home/airflow/.local/lib/python3.12/site-packages/airflow/example_dags/example_complex.py for tasks to queue
[2025-07-16T07:23:26.176+0000] {logging_mixin.py:190} INFO - [2025-07-16T07:23:26.176+0000] {dagbag.py:587} INFO - Filling up the DagBag from /home/airflow/.local/lib/python3.12/site-packages/airflow/example_dags/example_complex.py
[2025-07-16T07:23:26.190+0000] {processor.py:925} INFO - DAG(s) 'example_complex' retrieved from /home/airflow/.local/lib/python3.12/site-packages/airflow/example_dags/example_complex.py
[2025-07-16T07:23:26.233+0000] {logging_mixin.py:190} INFO - [2025-07-16T07:23:26.232+0000] {dag.py:3229} INFO - Sync 1 DAGs
[2025-07-16T07:23:26.249+0000] {logging_mixin.py:190} INFO - [2025-07-16T07:23:26.249+0000] {dag.py:4156} INFO - Setting next_dagrun for example_complex to None, run_after=None
[2025-07-16T07:23:26.274+0000] {processor.py:208} INFO - Processing /home/airflow/.local/lib/python3.12/site-packages/airflow/example_dags/example_complex.py took 0.108 seconds
[2025-07-16T07:23:57.369+0000] {processor.py:186} INFO - Started process (PID=1578) to work on /home/airflow/.local/lib/python3.12/site-packages/airflow/example_dags/example_complex.py
[2025-07-16T07:23:57.370+0000] {processor.py:914} INFO - Processing file /home/airflow/.local/lib/python3.12/site-packages/airflow/example_dags/example_complex.py for tasks to queue
[2025-07-16T07:23:57.373+0000] {logging_mixin.py:190} INFO - [2025-07-16T07:23:57.372+0000] {dagbag.py:587} INFO - Filling up the DagBag from /home/airflow/.local/lib/python3.12/site-packages/airflow/example_dags/example_complex.py
[2025-07-16T07:23:57.387+0000] {processor.py:925} INFO - DAG(s) 'example_complex' retrieved from /home/airflow/.local/lib/python3.12/site-packages/airflow/example_dags/example_complex.py
[2025-07-16T07:23:57.425+0000] {logging_mixin.py:190} INFO - [2025-07-16T07:23:57.425+0000] {dag.py:3229} INFO - Sync 1 DAGs
[2025-07-16T07:23:57.447+0000] {logging_mixin.py:190} INFO - [2025-07-16T07:23:57.447+0000] {dag.py:4156} INFO - Setting next_dagrun for example_complex to None, run_after=None
[2025-07-16T07:23:57.470+0000] {processor.py:208} INFO - Processing /home/airflow/.local/lib/python3.12/site-packages/airflow/example_dags/example_complex.py took 0.109 seconds
[2025-07-16T07:24:27.815+0000] {processor.py:186} INFO - Started process (PID=1635) to work on /home/airflow/.local/lib/python3.12/site-packages/airflow/example_dags/example_complex.py
[2025-07-16T07:24:27.817+0000] {processor.py:914} INFO - Processing file /home/airflow/.local/lib/python3.12/site-packages/airflow/example_dags/example_complex.py for tasks to queue
[2025-07-16T07:24:27.820+0000] {logging_mixin.py:190} INFO - [2025-07-16T07:24:27.819+0000] {dagbag.py:587} INFO - Filling up the DagBag from /home/airflow/.local/lib/python3.12/site-packages/airflow/example_dags/example_complex.py
[2025-07-16T07:24:27.833+0000] {processor.py:925} INFO - DAG(s) 'example_complex' retrieved from /home/airflow/.local/lib/python3.12/site-packages/airflow/example_dags/example_complex.py
[2025-07-16T07:24:27.870+0000] {logging_mixin.py:190} INFO - [2025-07-16T07:24:27.870+0000] {dag.py:3229} INFO - Sync 1 DAGs
[2025-07-16T07:24:27.886+0000] {logging_mixin.py:190} INFO - [2025-07-16T07:24:27.886+0000] {dag.py:4156} INFO - Setting next_dagrun for example_complex to None, run_after=None
[2025-07-16T07:24:27.908+0000] {processor.py:208} INFO - Processing /home/airflow/.local/lib/python3.12/site-packages/airflow/example_dags/example_complex.py took 0.101 seconds
[2025-07-16T07:24:58.925+0000] {processor.py:186} INFO - Started process (PID=1692) to work on /home/airflow/.local/lib/python3.12/site-packages/airflow/example_dags/example_complex.py
[2025-07-16T07:24:58.926+0000] {processor.py:914} INFO - Processing file /home/airflow/.local/lib/python3.12/site-packages/airflow/example_dags/example_complex.py for tasks to queue
[2025-07-16T07:24:58.929+0000] {logging_mixin.py:190} INFO - [2025-07-16T07:24:58.929+0000] {dagbag.py:587} INFO - Filling up the DagBag from /home/airflow/.local/lib/python3.12/site-packages/airflow/example_dags/example_complex.py
[2025-07-16T07:24:58.950+0000] {processor.py:925} INFO - DAG(s) 'example_complex' retrieved from /home/airflow/.local/lib/python3.12/site-packages/airflow/example_dags/example_complex.py
[2025-07-16T07:24:59.001+0000] {logging_mixin.py:190} INFO - [2025-07-16T07:24:59.001+0000] {dag.py:3229} INFO - Sync 1 DAGs
[2025-07-16T07:24:59.017+0000] {logging_mixin.py:190} INFO - [2025-07-16T07:24:59.017+0000] {dag.py:4156} INFO - Setting next_dagrun for example_complex to None, run_after=None
[2025-07-16T07:24:59.040+0000] {processor.py:208} INFO - Processing /home/airflow/.local/lib/python3.12/site-packages/airflow/example_dags/example_complex.py took 0.125 seconds
[2025-07-16T07:25:29.766+0000] {processor.py:186} INFO - Started process (PID=1749) to work on /home/airflow/.local/lib/python3.12/site-packages/airflow/example_dags/example_complex.py
[2025-07-16T07:25:29.767+0000] {processor.py:914} INFO - Processing file /home/airflow/.local/lib/python3.12/site-packages/airflow/example_dags/example_complex.py for tasks to queue
[2025-07-16T07:25:29.770+0000] {logging_mixin.py:190} INFO - [2025-07-16T07:25:29.769+0000] {dagbag.py:587} INFO - Filling up the DagBag from /home/airflow/.local/lib/python3.12/site-packages/airflow/example_dags/example_complex.py
[2025-07-16T07:25:29.783+0000] {processor.py:925} INFO - DAG(s) 'example_complex' retrieved from /home/airflow/.local/lib/python3.12/site-packages/airflow/example_dags/example_complex.py
[2025-07-16T07:25:29.821+0000] {logging_mixin.py:190} INFO - [2025-07-16T07:25:29.821+0000] {dag.py:3229} INFO - Sync 1 DAGs
[2025-07-16T07:25:29.836+0000] {logging_mixin.py:190} INFO - [2025-07-16T07:25:29.836+0000] {dag.py:4156} INFO - Setting next_dagrun for example_complex to None, run_after=None
[2025-07-16T07:25:29.862+0000] {processor.py:208} INFO - Processing /home/airflow/.local/lib/python3.12/site-packages/airflow/example_dags/example_complex.py took 0.103 seconds
[2025-07-16T07:26:00.660+0000] {processor.py:186} INFO - Started process (PID=1806) to work on /home/airflow/.local/lib/python3.12/site-packages/airflow/example_dags/example_complex.py
[2025-07-16T07:26:00.662+0000] {processor.py:914} INFO - Processing file /home/airflow/.local/lib/python3.12/site-packages/airflow/example_dags/example_complex.py for tasks to queue
[2025-07-16T07:26:00.665+0000] {logging_mixin.py:190} INFO - [2025-07-16T07:26:00.665+0000] {dagbag.py:587} INFO - Filling up the DagBag from /home/airflow/.local/lib/python3.12/site-packages/airflow/example_dags/example_complex.py
[2025-07-16T07:26:00.681+0000] {processor.py:925} INFO - DAG(s) 'example_complex' retrieved from /home/airflow/.local/lib/python3.12/site-packages/airflow/example_dags/example_complex.py
[2025-07-16T07:26:00.721+0000] {logging_mixin.py:190} INFO - [2025-07-16T07:26:00.720+0000] {dag.py:3229} INFO - Sync 1 DAGs
[2025-07-16T07:26:00.738+0000] {logging_mixin.py:190} INFO - [2025-07-16T07:26:00.737+0000] {dag.py:4156} INFO - Setting next_dagrun for example_complex to None, run_after=None
[2025-07-16T07:26:00.761+0000] {processor.py:208} INFO - Processing /home/airflow/.local/lib/python3.12/site-packages/airflow/example_dags/example_complex.py took 0.110 seconds
[2025-07-16T07:26:30.908+0000] {processor.py:186} INFO - Started process (PID=1863) to work on /home/airflow/.local/lib/python3.12/site-packages/airflow/example_dags/example_complex.py
[2025-07-16T07:26:30.909+0000] {processor.py:914} INFO - Processing file /home/airflow/.local/lib/python3.12/site-packages/airflow/example_dags/example_complex.py for tasks to queue
[2025-07-16T07:26:30.912+0000] {logging_mixin.py:190} INFO - [2025-07-16T07:26:30.912+0000] {dagbag.py:587} INFO - Filling up the DagBag from /home/airflow/.local/lib/python3.12/site-packages/airflow/example_dags/example_complex.py
[2025-07-16T07:26:30.927+0000] {processor.py:925} INFO - DAG(s) 'example_complex' retrieved from /home/airflow/.local/lib/python3.12/site-packages/airflow/example_dags/example_complex.py
[2025-07-16T07:26:30.965+0000] {logging_mixin.py:190} INFO - [2025-07-16T07:26:30.965+0000] {dag.py:3229} INFO - Sync 1 DAGs
[2025-07-16T07:26:30.982+0000] {logging_mixin.py:190} INFO - [2025-07-16T07:26:30.981+0000] {dag.py:4156} INFO - Setting next_dagrun for example_complex to None, run_after=None
[2025-07-16T07:26:31.007+0000] {processor.py:208} INFO - Processing /home/airflow/.local/lib/python3.12/site-packages/airflow/example_dags/example_complex.py took 0.106 seconds
[2025-07-16T07:27:01.976+0000] {processor.py:186} INFO - Started process (PID=1920) to work on /home/airflow/.local/lib/python3.12/site-packages/airflow/example_dags/example_complex.py
[2025-07-16T07:27:01.977+0000] {processor.py:914} INFO - Processing file /home/airflow/.local/lib/python3.12/site-packages/airflow/example_dags/example_complex.py for tasks to queue
[2025-07-16T07:27:01.982+0000] {logging_mixin.py:190} INFO - [2025-07-16T07:27:01.979+0000] {dagbag.py:587} INFO - Filling up the DagBag from /home/airflow/.local/lib/python3.12/site-packages/airflow/example_dags/example_complex.py
[2025-07-16T07:27:01.996+0000] {processor.py:925} INFO - DAG(s) 'example_complex' retrieved from /home/airflow/.local/lib/python3.12/site-packages/airflow/example_dags/example_complex.py
[2025-07-16T07:27:02.043+0000] {logging_mixin.py:190} INFO - [2025-07-16T07:27:02.042+0000] {dag.py:3229} INFO - Sync 1 DAGs
[2025-07-16T07:27:02.066+0000] {logging_mixin.py:190} INFO - [2025-07-16T07:27:02.066+0000] {dag.py:4156} INFO - Setting next_dagrun for example_complex to None, run_after=None
[2025-07-16T07:27:02.095+0000] {processor.py:208} INFO - Processing /home/airflow/.local/lib/python3.12/site-packages/airflow/example_dags/example_complex.py took 0.126 seconds
[2025-07-16T07:27:33.064+0000] {processor.py:186} INFO - Started process (PID=1977) to work on /home/airflow/.local/lib/python3.12/site-packages/airflow/example_dags/example_complex.py
[2025-07-16T07:27:33.065+0000] {processor.py:914} INFO - Processing file /home/airflow/.local/lib/python3.12/site-packages/airflow/example_dags/example_complex.py for tasks to queue
[2025-07-16T07:27:33.067+0000] {logging_mixin.py:190} INFO - [2025-07-16T07:27:33.067+0000] {dagbag.py:587} INFO - Filling up the DagBag from /home/airflow/.local/lib/python3.12/site-packages/airflow/example_dags/example_complex.py
[2025-07-16T07:27:33.081+0000] {processor.py:925} INFO - DAG(s) 'example_complex' retrieved from /home/airflow/.local/lib/python3.12/site-packages/airflow/example_dags/example_complex.py
[2025-07-16T07:27:33.119+0000] {logging_mixin.py:190} INFO - [2025-07-16T07:27:33.119+0000] {dag.py:3229} INFO - Sync 1 DAGs
[2025-07-16T07:27:33.141+0000] {logging_mixin.py:190} INFO - [2025-07-16T07:27:33.141+0000] {dag.py:4156} INFO - Setting next_dagrun for example_complex to None, run_after=None
[2025-07-16T07:27:33.172+0000] {processor.py:208} INFO - Processing /home/airflow/.local/lib/python3.12/site-packages/airflow/example_dags/example_complex.py took 0.115 seconds
[2025-07-16T07:28:04.486+0000] {processor.py:186} INFO - Started process (PID=2034) to work on /home/airflow/.local/lib/python3.12/site-packages/airflow/example_dags/example_complex.py
[2025-07-16T07:28:04.487+0000] {processor.py:914} INFO - Processing file /home/airflow/.local/lib/python3.12/site-packages/airflow/example_dags/example_complex.py for tasks to queue
[2025-07-16T07:28:04.490+0000] {logging_mixin.py:190} INFO - [2025-07-16T07:28:04.489+0000] {dagbag.py:587} INFO - Filling up the DagBag from /home/airflow/.local/lib/python3.12/site-packages/airflow/example_dags/example_complex.py
[2025-07-16T07:28:04.503+0000] {processor.py:925} INFO - DAG(s) 'example_complex' retrieved from /home/airflow/.local/lib/python3.12/site-packages/airflow/example_dags/example_complex.py
[2025-07-16T07:28:04.540+0000] {logging_mixin.py:190} INFO - [2025-07-16T07:28:04.540+0000] {dag.py:3229} INFO - Sync 1 DAGs
[2025-07-16T07:28:04.556+0000] {logging_mixin.py:190} INFO - [2025-07-16T07:28:04.556+0000] {dag.py:4156} INFO - Setting next_dagrun for example_complex to None, run_after=None
[2025-07-16T07:28:04.580+0000] {processor.py:208} INFO - Processing /home/airflow/.local/lib/python3.12/site-packages/airflow/example_dags/example_complex.py took 0.101 seconds
[2025-07-16T07:28:35.855+0000] {processor.py:186} INFO - Started process (PID=2091) to work on /home/airflow/.local/lib/python3.12/site-packages/airflow/example_dags/example_complex.py
[2025-07-16T07:28:35.857+0000] {processor.py:914} INFO - Processing file /home/airflow/.local/lib/python3.12/site-packages/airflow/example_dags/example_complex.py for tasks to queue
[2025-07-16T07:28:35.861+0000] {logging_mixin.py:190} INFO - [2025-07-16T07:28:35.860+0000] {dagbag.py:587} INFO - Filling up the DagBag from /home/airflow/.local/lib/python3.12/site-packages/airflow/example_dags/example_complex.py
[2025-07-16T07:28:35.880+0000] {processor.py:925} INFO - DAG(s) 'example_complex' retrieved from /home/airflow/.local/lib/python3.12/site-packages/airflow/example_dags/example_complex.py
[2025-07-16T07:28:35.962+0000] {logging_mixin.py:190} INFO - [2025-07-16T07:28:35.961+0000] {dag.py:3229} INFO - Sync 1 DAGs
[2025-07-16T07:28:35.977+0000] {logging_mixin.py:190} INFO - [2025-07-16T07:28:35.977+0000] {dag.py:4156} INFO - Setting next_dagrun for example_complex to None, run_after=None
[2025-07-16T07:28:36.000+0000] {processor.py:208} INFO - Processing /home/airflow/.local/lib/python3.12/site-packages/airflow/example_dags/example_complex.py took 0.156 seconds
[2025-07-16T07:29:06.839+0000] {processor.py:186} INFO - Started process (PID=2148) to work on /home/airflow/.local/lib/python3.12/site-packages/airflow/example_dags/example_complex.py
[2025-07-16T07:29:06.840+0000] {processor.py:914} INFO - Processing file /home/airflow/.local/lib/python3.12/site-packages/airflow/example_dags/example_complex.py for tasks to queue
[2025-07-16T07:29:06.843+0000] {logging_mixin.py:190} INFO - [2025-07-16T07:29:06.843+0000] {dagbag.py:587} INFO - Filling up the DagBag from /home/airflow/.local/lib/python3.12/site-packages/airflow/example_dags/example_complex.py
[2025-07-16T07:29:06.857+0000] {processor.py:925} INFO - DAG(s) 'example_complex' retrieved from /home/airflow/.local/lib/python3.12/site-packages/airflow/example_dags/example_complex.py
[2025-07-16T07:29:06.896+0000] {logging_mixin.py:190} INFO - [2025-07-16T07:29:06.896+0000] {dag.py:3229} INFO - Sync 1 DAGs
[2025-07-16T07:29:06.913+0000] {logging_mixin.py:190} INFO - [2025-07-16T07:29:06.913+0000] {dag.py:4156} INFO - Setting next_dagrun for example_complex to None, run_after=None
[2025-07-16T07:29:06.939+0000] {processor.py:208} INFO - Processing /home/airflow/.local/lib/python3.12/site-packages/airflow/example_dags/example_complex.py took 0.108 seconds
[2025-07-16T07:29:37.244+0000] {processor.py:186} INFO - Started process (PID=2205) to work on /home/airflow/.local/lib/python3.12/site-packages/airflow/example_dags/example_complex.py
[2025-07-16T07:29:37.245+0000] {processor.py:914} INFO - Processing file /home/airflow/.local/lib/python3.12/site-packages/airflow/example_dags/example_complex.py for tasks to queue
[2025-07-16T07:29:37.247+0000] {logging_mixin.py:190} INFO - [2025-07-16T07:29:37.247+0000] {dagbag.py:587} INFO - Filling up the DagBag from /home/airflow/.local/lib/python3.12/site-packages/airflow/example_dags/example_complex.py
[2025-07-16T07:29:37.260+0000] {processor.py:925} INFO - DAG(s) 'example_complex' retrieved from /home/airflow/.local/lib/python3.12/site-packages/airflow/example_dags/example_complex.py
[2025-07-16T07:29:37.297+0000] {logging_mixin.py:190} INFO - [2025-07-16T07:29:37.296+0000] {dag.py:3229} INFO - Sync 1 DAGs
[2025-07-16T07:29:37.313+0000] {logging_mixin.py:190} INFO - [2025-07-16T07:29:37.312+0000] {dag.py:4156} INFO - Setting next_dagrun for example_complex to None, run_after=None
[2025-07-16T07:29:37.338+0000] {processor.py:208} INFO - Processing /home/airflow/.local/lib/python3.12/site-packages/airflow/example_dags/example_complex.py took 0.101 seconds
[2025-07-16T07:30:07.759+0000] {processor.py:186} INFO - Started process (PID=2262) to work on /home/airflow/.local/lib/python3.12/site-packages/airflow/example_dags/example_complex.py
[2025-07-16T07:30:07.760+0000] {processor.py:914} INFO - Processing file /home/airflow/.local/lib/python3.12/site-packages/airflow/example_dags/example_complex.py for tasks to queue
[2025-07-16T07:30:07.762+0000] {logging_mixin.py:190} INFO - [2025-07-16T07:30:07.762+0000] {dagbag.py:587} INFO - Filling up the DagBag from /home/airflow/.local/lib/python3.12/site-packages/airflow/example_dags/example_complex.py
[2025-07-16T07:30:07.778+0000] {processor.py:925} INFO - DAG(s) 'example_complex' retrieved from /home/airflow/.local/lib/python3.12/site-packages/airflow/example_dags/example_complex.py
[2025-07-16T07:30:07.839+0000] {logging_mixin.py:190} INFO - [2025-07-16T07:30:07.838+0000] {dag.py:3229} INFO - Sync 1 DAGs
[2025-07-16T07:30:07.858+0000] {logging_mixin.py:190} INFO - [2025-07-16T07:30:07.857+0000] {dag.py:4156} INFO - Setting next_dagrun for example_complex to None, run_after=None
[2025-07-16T07:30:07.881+0000] {processor.py:208} INFO - Processing /home/airflow/.local/lib/python3.12/site-packages/airflow/example_dags/example_complex.py took 0.129 seconds
[2025-07-16T07:30:39.263+0000] {processor.py:186} INFO - Started process (PID=2319) to work on /home/airflow/.local/lib/python3.12/site-packages/airflow/example_dags/example_complex.py
[2025-07-16T07:30:39.265+0000] {processor.py:914} INFO - Processing file /home/airflow/.local/lib/python3.12/site-packages/airflow/example_dags/example_complex.py for tasks to queue
[2025-07-16T07:30:39.269+0000] {logging_mixin.py:190} INFO - [2025-07-16T07:30:39.268+0000] {dagbag.py:587} INFO - Filling up the DagBag from /home/airflow/.local/lib/python3.12/site-packages/airflow/example_dags/example_complex.py
[2025-07-16T07:30:39.291+0000] {processor.py:925} INFO - DAG(s) 'example_complex' retrieved from /home/airflow/.local/lib/python3.12/site-packages/airflow/example_dags/example_complex.py
[2025-07-16T07:30:39.339+0000] {logging_mixin.py:190} INFO - [2025-07-16T07:30:39.338+0000] {dag.py:3229} INFO - Sync 1 DAGs
[2025-07-16T07:30:39.357+0000] {logging_mixin.py:190} INFO - [2025-07-16T07:30:39.356+0000] {dag.py:4156} INFO - Setting next_dagrun for example_complex to None, run_after=None
[2025-07-16T07:30:39.381+0000] {processor.py:208} INFO - Processing /home/airflow/.local/lib/python3.12/site-packages/airflow/example_dags/example_complex.py took 0.125 seconds
[2025-07-16T07:31:10.037+0000] {processor.py:186} INFO - Started process (PID=2376) to work on /home/airflow/.local/lib/python3.12/site-packages/airflow/example_dags/example_complex.py
[2025-07-16T07:31:10.038+0000] {processor.py:914} INFO - Processing file /home/airflow/.local/lib/python3.12/site-packages/airflow/example_dags/example_complex.py for tasks to queue
[2025-07-16T07:31:10.041+0000] {logging_mixin.py:190} INFO - [2025-07-16T07:31:10.040+0000] {dagbag.py:587} INFO - Filling up the DagBag from /home/airflow/.local/lib/python3.12/site-packages/airflow/example_dags/example_complex.py
[2025-07-16T07:31:10.054+0000] {processor.py:925} INFO - DAG(s) 'example_complex' retrieved from /home/airflow/.local/lib/python3.12/site-packages/airflow/example_dags/example_complex.py
[2025-07-16T07:31:10.092+0000] {logging_mixin.py:190} INFO - [2025-07-16T07:31:10.092+0000] {dag.py:3229} INFO - Sync 1 DAGs
[2025-07-16T07:31:10.108+0000] {logging_mixin.py:190} INFO - [2025-07-16T07:31:10.108+0000] {dag.py:4156} INFO - Setting next_dagrun for example_complex to None, run_after=None
[2025-07-16T07:31:10.136+0000] {processor.py:208} INFO - Processing /home/airflow/.local/lib/python3.12/site-packages/airflow/example_dags/example_complex.py took 0.106 seconds
[2025-07-16T07:31:41.356+0000] {processor.py:186} INFO - Started process (PID=2433) to work on /home/airflow/.local/lib/python3.12/site-packages/airflow/example_dags/example_complex.py
[2025-07-16T07:31:41.357+0000] {processor.py:914} INFO - Processing file /home/airflow/.local/lib/python3.12/site-packages/airflow/example_dags/example_complex.py for tasks to queue
[2025-07-16T07:31:41.360+0000] {logging_mixin.py:190} INFO - [2025-07-16T07:31:41.360+0000] {dagbag.py:587} INFO - Filling up the DagBag from /home/airflow/.local/lib/python3.12/site-packages/airflow/example_dags/example_complex.py
[2025-07-16T07:31:41.374+0000] {processor.py:925} INFO - DAG(s) 'example_complex' retrieved from /home/airflow/.local/lib/python3.12/site-packages/airflow/example_dags/example_complex.py
[2025-07-16T07:31:41.417+0000] {logging_mixin.py:190} INFO - [2025-07-16T07:31:41.417+0000] {dag.py:3229} INFO - Sync 1 DAGs
[2025-07-16T07:31:41.434+0000] {logging_mixin.py:190} INFO - [2025-07-16T07:31:41.434+0000] {dag.py:4156} INFO - Setting next_dagrun for example_complex to None, run_after=None
[2025-07-16T07:31:41.458+0000] {processor.py:208} INFO - Processing /home/airflow/.local/lib/python3.12/site-packages/airflow/example_dags/example_complex.py took 0.112 seconds
[2025-07-16T07:33:00.332+0000] {processor.py:186} INFO - Started process (PID=40) to work on /home/airflow/.local/lib/python3.12/site-packages/airflow/example_dags/example_complex.py
[2025-07-16T07:33:00.336+0000] {processor.py:914} INFO - Processing file /home/airflow/.local/lib/python3.12/site-packages/airflow/example_dags/example_complex.py for tasks to queue
[2025-07-16T07:33:00.346+0000] {logging_mixin.py:190} INFO - [2025-07-16T07:33:00.345+0000] {dagbag.py:587} INFO - Filling up the DagBag from /home/airflow/.local/lib/python3.12/site-packages/airflow/example_dags/example_complex.py
[2025-07-16T07:33:00.368+0000] {processor.py:925} INFO - DAG(s) 'example_complex' retrieved from /home/airflow/.local/lib/python3.12/site-packages/airflow/example_dags/example_complex.py
[2025-07-16T07:33:00.412+0000] {logging_mixin.py:190} INFO - [2025-07-16T07:33:00.412+0000] {dag.py:3229} INFO - Sync 1 DAGs
[2025-07-16T07:33:00.439+0000] {logging_mixin.py:190} INFO - [2025-07-16T07:33:00.438+0000] {dag.py:4156} INFO - Setting next_dagrun for example_complex to None, run_after=None
[2025-07-16T07:33:00.483+0000] {processor.py:208} INFO - Processing /home/airflow/.local/lib/python3.12/site-packages/airflow/example_dags/example_complex.py took 0.172 seconds
[2025-07-16T07:33:30.666+0000] {processor.py:186} INFO - Started process (PID=97) to work on /home/airflow/.local/lib/python3.12/site-packages/airflow/example_dags/example_complex.py
[2025-07-16T07:33:30.669+0000] {processor.py:914} INFO - Processing file /home/airflow/.local/lib/python3.12/site-packages/airflow/example_dags/example_complex.py for tasks to queue
[2025-07-16T07:33:30.674+0000] {logging_mixin.py:190} INFO - [2025-07-16T07:33:30.672+0000] {dagbag.py:587} INFO - Filling up the DagBag from /home/airflow/.local/lib/python3.12/site-packages/airflow/example_dags/example_complex.py
[2025-07-16T07:33:30.695+0000] {processor.py:925} INFO - DAG(s) 'example_complex' retrieved from /home/airflow/.local/lib/python3.12/site-packages/airflow/example_dags/example_complex.py
[2025-07-16T07:33:30.734+0000] {logging_mixin.py:190} INFO - [2025-07-16T07:33:30.734+0000] {dag.py:3229} INFO - Sync 1 DAGs
[2025-07-16T07:33:30.750+0000] {logging_mixin.py:190} INFO - [2025-07-16T07:33:30.750+0000] {dag.py:4156} INFO - Setting next_dagrun for example_complex to None, run_after=None
[2025-07-16T07:33:30.772+0000] {processor.py:208} INFO - Processing /home/airflow/.local/lib/python3.12/site-packages/airflow/example_dags/example_complex.py took 0.122 seconds
[2025-07-16T07:34:01.728+0000] {processor.py:186} INFO - Started process (PID=154) to work on /home/airflow/.local/lib/python3.12/site-packages/airflow/example_dags/example_complex.py
[2025-07-16T07:34:01.731+0000] {processor.py:914} INFO - Processing file /home/airflow/.local/lib/python3.12/site-packages/airflow/example_dags/example_complex.py for tasks to queue
[2025-07-16T07:34:01.733+0000] {logging_mixin.py:190} INFO - [2025-07-16T07:34:01.733+0000] {dagbag.py:587} INFO - Filling up the DagBag from /home/airflow/.local/lib/python3.12/site-packages/airflow/example_dags/example_complex.py
[2025-07-16T07:34:01.746+0000] {processor.py:925} INFO - DAG(s) 'example_complex' retrieved from /home/airflow/.local/lib/python3.12/site-packages/airflow/example_dags/example_complex.py
[2025-07-16T07:34:01.787+0000] {logging_mixin.py:190} INFO - [2025-07-16T07:34:01.787+0000] {dag.py:3229} INFO - Sync 1 DAGs
[2025-07-16T07:34:01.804+0000] {logging_mixin.py:190} INFO - [2025-07-16T07:34:01.804+0000] {dag.py:4156} INFO - Setting next_dagrun for example_complex to None, run_after=None
[2025-07-16T07:34:01.828+0000] {processor.py:208} INFO - Processing /home/airflow/.local/lib/python3.12/site-packages/airflow/example_dags/example_complex.py took 0.106 seconds
[2025-07-16T07:34:32.515+0000] {processor.py:186} INFO - Started process (PID=211) to work on /home/airflow/.local/lib/python3.12/site-packages/airflow/example_dags/example_complex.py
[2025-07-16T07:34:32.516+0000] {processor.py:914} INFO - Processing file /home/airflow/.local/lib/python3.12/site-packages/airflow/example_dags/example_complex.py for tasks to queue
[2025-07-16T07:34:32.518+0000] {logging_mixin.py:190} INFO - [2025-07-16T07:34:32.518+0000] {dagbag.py:587} INFO - Filling up the DagBag from /home/airflow/.local/lib/python3.12/site-packages/airflow/example_dags/example_complex.py
[2025-07-16T07:34:32.532+0000] {processor.py:925} INFO - DAG(s) 'example_complex' retrieved from /home/airflow/.local/lib/python3.12/site-packages/airflow/example_dags/example_complex.py
[2025-07-16T07:34:32.569+0000] {logging_mixin.py:190} INFO - [2025-07-16T07:34:32.568+0000] {dag.py:3229} INFO - Sync 1 DAGs
[2025-07-16T07:34:32.585+0000] {logging_mixin.py:190} INFO - [2025-07-16T07:34:32.585+0000] {dag.py:4156} INFO - Setting next_dagrun for example_complex to None, run_after=None
[2025-07-16T07:34:32.606+0000] {processor.py:208} INFO - Processing /home/airflow/.local/lib/python3.12/site-packages/airflow/example_dags/example_complex.py took 0.098 seconds
[2025-07-16T07:35:03.533+0000] {processor.py:186} INFO - Started process (PID=268) to work on /home/airflow/.local/lib/python3.12/site-packages/airflow/example_dags/example_complex.py
[2025-07-16T07:35:03.534+0000] {processor.py:914} INFO - Processing file /home/airflow/.local/lib/python3.12/site-packages/airflow/example_dags/example_complex.py for tasks to queue
[2025-07-16T07:35:03.538+0000] {logging_mixin.py:190} INFO - [2025-07-16T07:35:03.537+0000] {dagbag.py:587} INFO - Filling up the DagBag from /home/airflow/.local/lib/python3.12/site-packages/airflow/example_dags/example_complex.py
[2025-07-16T07:35:03.554+0000] {processor.py:925} INFO - DAG(s) 'example_complex' retrieved from /home/airflow/.local/lib/python3.12/site-packages/airflow/example_dags/example_complex.py
[2025-07-16T07:35:03.591+0000] {logging_mixin.py:190} INFO - [2025-07-16T07:35:03.591+0000] {dag.py:3229} INFO - Sync 1 DAGs
[2025-07-16T07:35:03.607+0000] {logging_mixin.py:190} INFO - [2025-07-16T07:35:03.607+0000] {dag.py:4156} INFO - Setting next_dagrun for example_complex to None, run_after=None
[2025-07-16T07:35:03.633+0000] {processor.py:208} INFO - Processing /home/airflow/.local/lib/python3.12/site-packages/airflow/example_dags/example_complex.py took 0.107 seconds
[2025-07-16T07:35:33.744+0000] {processor.py:186} INFO - Started process (PID=325) to work on /home/airflow/.local/lib/python3.12/site-packages/airflow/example_dags/example_complex.py
[2025-07-16T07:35:33.745+0000] {processor.py:914} INFO - Processing file /home/airflow/.local/lib/python3.12/site-packages/airflow/example_dags/example_complex.py for tasks to queue
[2025-07-16T07:35:33.748+0000] {logging_mixin.py:190} INFO - [2025-07-16T07:35:33.747+0000] {dagbag.py:587} INFO - Filling up the DagBag from /home/airflow/.local/lib/python3.12/site-packages/airflow/example_dags/example_complex.py
[2025-07-16T07:35:33.762+0000] {processor.py:925} INFO - DAG(s) 'example_complex' retrieved from /home/airflow/.local/lib/python3.12/site-packages/airflow/example_dags/example_complex.py
[2025-07-16T07:35:33.801+0000] {logging_mixin.py:190} INFO - [2025-07-16T07:35:33.801+0000] {dag.py:3229} INFO - Sync 1 DAGs
[2025-07-16T07:35:33.820+0000] {logging_mixin.py:190} INFO - [2025-07-16T07:35:33.820+0000] {dag.py:4156} INFO - Setting next_dagrun for example_complex to None, run_after=None
[2025-07-16T07:35:33.850+0000] {processor.py:208} INFO - Processing /home/airflow/.local/lib/python3.12/site-packages/airflow/example_dags/example_complex.py took 0.113 seconds
[2025-07-16T07:36:04.104+0000] {processor.py:186} INFO - Started process (PID=381) to work on /home/airflow/.local/lib/python3.12/site-packages/airflow/example_dags/example_complex.py
[2025-07-16T07:36:04.105+0000] {processor.py:914} INFO - Processing file /home/airflow/.local/lib/python3.12/site-packages/airflow/example_dags/example_complex.py for tasks to queue
[2025-07-16T07:36:04.109+0000] {logging_mixin.py:190} INFO - [2025-07-16T07:36:04.108+0000] {dagbag.py:587} INFO - Filling up the DagBag from /home/airflow/.local/lib/python3.12/site-packages/airflow/example_dags/example_complex.py
[2025-07-16T07:36:04.122+0000] {processor.py:925} INFO - DAG(s) 'example_complex' retrieved from /home/airflow/.local/lib/python3.12/site-packages/airflow/example_dags/example_complex.py
[2025-07-16T07:36:04.161+0000] {logging_mixin.py:190} INFO - [2025-07-16T07:36:04.161+0000] {dag.py:3229} INFO - Sync 1 DAGs
[2025-07-16T07:36:04.176+0000] {logging_mixin.py:190} INFO - [2025-07-16T07:36:04.176+0000] {dag.py:4156} INFO - Setting next_dagrun for example_complex to None, run_after=None
[2025-07-16T07:36:04.201+0000] {processor.py:208} INFO - Processing /home/airflow/.local/lib/python3.12/site-packages/airflow/example_dags/example_complex.py took 0.103 seconds
[2025-07-16T07:36:34.963+0000] {processor.py:186} INFO - Started process (PID=439) to work on /home/airflow/.local/lib/python3.12/site-packages/airflow/example_dags/example_complex.py
[2025-07-16T07:36:34.964+0000] {processor.py:914} INFO - Processing file /home/airflow/.local/lib/python3.12/site-packages/airflow/example_dags/example_complex.py for tasks to queue
[2025-07-16T07:36:34.968+0000] {logging_mixin.py:190} INFO - [2025-07-16T07:36:34.968+0000] {dagbag.py:587} INFO - Filling up the DagBag from /home/airflow/.local/lib/python3.12/site-packages/airflow/example_dags/example_complex.py
[2025-07-16T07:36:34.988+0000] {processor.py:925} INFO - DAG(s) 'example_complex' retrieved from /home/airflow/.local/lib/python3.12/site-packages/airflow/example_dags/example_complex.py
[2025-07-16T07:36:35.037+0000] {logging_mixin.py:190} INFO - [2025-07-16T07:36:35.037+0000] {dag.py:3229} INFO - Sync 1 DAGs
[2025-07-16T07:36:35.052+0000] {logging_mixin.py:190} INFO - [2025-07-16T07:36:35.052+0000] {dag.py:4156} INFO - Setting next_dagrun for example_complex to None, run_after=None
[2025-07-16T07:36:35.076+0000] {processor.py:208} INFO - Processing /home/airflow/.local/lib/python3.12/site-packages/airflow/example_dags/example_complex.py took 0.121 seconds
[2025-07-16T07:37:05.427+0000] {processor.py:186} INFO - Started process (PID=496) to work on /home/airflow/.local/lib/python3.12/site-packages/airflow/example_dags/example_complex.py
[2025-07-16T07:37:05.429+0000] {processor.py:914} INFO - Processing file /home/airflow/.local/lib/python3.12/site-packages/airflow/example_dags/example_complex.py for tasks to queue
[2025-07-16T07:37:05.431+0000] {logging_mixin.py:190} INFO - [2025-07-16T07:37:05.431+0000] {dagbag.py:587} INFO - Filling up the DagBag from /home/airflow/.local/lib/python3.12/site-packages/airflow/example_dags/example_complex.py
[2025-07-16T07:37:05.447+0000] {processor.py:925} INFO - DAG(s) 'example_complex' retrieved from /home/airflow/.local/lib/python3.12/site-packages/airflow/example_dags/example_complex.py
[2025-07-16T07:37:05.486+0000] {logging_mixin.py:190} INFO - [2025-07-16T07:37:05.486+0000] {dag.py:3229} INFO - Sync 1 DAGs
[2025-07-16T07:37:05.504+0000] {logging_mixin.py:190} INFO - [2025-07-16T07:37:05.504+0000] {dag.py:4156} INFO - Setting next_dagrun for example_complex to None, run_after=None
[2025-07-16T07:37:05.533+0000] {processor.py:208} INFO - Processing /home/airflow/.local/lib/python3.12/site-packages/airflow/example_dags/example_complex.py took 0.112 seconds
[2025-07-16T07:37:35.998+0000] {processor.py:186} INFO - Started process (PID=553) to work on /home/airflow/.local/lib/python3.12/site-packages/airflow/example_dags/example_complex.py
[2025-07-16T07:37:35.999+0000] {processor.py:914} INFO - Processing file /home/airflow/.local/lib/python3.12/site-packages/airflow/example_dags/example_complex.py for tasks to queue
[2025-07-16T07:37:36.002+0000] {logging_mixin.py:190} INFO - [2025-07-16T07:37:36.002+0000] {dagbag.py:587} INFO - Filling up the DagBag from /home/airflow/.local/lib/python3.12/site-packages/airflow/example_dags/example_complex.py
[2025-07-16T07:37:36.016+0000] {processor.py:925} INFO - DAG(s) 'example_complex' retrieved from /home/airflow/.local/lib/python3.12/site-packages/airflow/example_dags/example_complex.py
[2025-07-16T07:37:36.055+0000] {logging_mixin.py:190} INFO - [2025-07-16T07:37:36.055+0000] {dag.py:3229} INFO - Sync 1 DAGs
[2025-07-16T07:37:36.071+0000] {logging_mixin.py:190} INFO - [2025-07-16T07:37:36.070+0000] {dag.py:4156} INFO - Setting next_dagrun for example_complex to None, run_after=None
[2025-07-16T07:37:36.095+0000] {processor.py:208} INFO - Processing /home/airflow/.local/lib/python3.12/site-packages/airflow/example_dags/example_complex.py took 0.103 seconds
[2025-07-16T07:38:06.351+0000] {processor.py:186} INFO - Started process (PID=610) to work on /home/airflow/.local/lib/python3.12/site-packages/airflow/example_dags/example_complex.py
[2025-07-16T07:38:06.352+0000] {processor.py:914} INFO - Processing file /home/airflow/.local/lib/python3.12/site-packages/airflow/example_dags/example_complex.py for tasks to queue
[2025-07-16T07:38:06.355+0000] {logging_mixin.py:190} INFO - [2025-07-16T07:38:06.354+0000] {dagbag.py:587} INFO - Filling up the DagBag from /home/airflow/.local/lib/python3.12/site-packages/airflow/example_dags/example_complex.py
[2025-07-16T07:38:06.368+0000] {processor.py:925} INFO - DAG(s) 'example_complex' retrieved from /home/airflow/.local/lib/python3.12/site-packages/airflow/example_dags/example_complex.py
[2025-07-16T07:38:06.406+0000] {logging_mixin.py:190} INFO - [2025-07-16T07:38:06.406+0000] {dag.py:3229} INFO - Sync 1 DAGs
[2025-07-16T07:38:06.420+0000] {logging_mixin.py:190} INFO - [2025-07-16T07:38:06.420+0000] {dag.py:4156} INFO - Setting next_dagrun for example_complex to None, run_after=None
[2025-07-16T07:38:06.442+0000] {processor.py:208} INFO - Processing /home/airflow/.local/lib/python3.12/site-packages/airflow/example_dags/example_complex.py took 0.098 seconds
[2025-07-16T07:38:37.378+0000] {processor.py:186} INFO - Started process (PID=667) to work on /home/airflow/.local/lib/python3.12/site-packages/airflow/example_dags/example_complex.py
[2025-07-16T07:38:37.379+0000] {processor.py:914} INFO - Processing file /home/airflow/.local/lib/python3.12/site-packages/airflow/example_dags/example_complex.py for tasks to queue
[2025-07-16T07:38:37.382+0000] {logging_mixin.py:190} INFO - [2025-07-16T07:38:37.381+0000] {dagbag.py:587} INFO - Filling up the DagBag from /home/airflow/.local/lib/python3.12/site-packages/airflow/example_dags/example_complex.py
[2025-07-16T07:38:37.395+0000] {processor.py:925} INFO - DAG(s) 'example_complex' retrieved from /home/airflow/.local/lib/python3.12/site-packages/airflow/example_dags/example_complex.py
[2025-07-16T07:38:37.431+0000] {logging_mixin.py:190} INFO - [2025-07-16T07:38:37.431+0000] {dag.py:3229} INFO - Sync 1 DAGs
[2025-07-16T07:38:37.445+0000] {logging_mixin.py:190} INFO - [2025-07-16T07:38:37.445+0000] {dag.py:4156} INFO - Setting next_dagrun for example_complex to None, run_after=None
[2025-07-16T07:38:37.468+0000] {processor.py:208} INFO - Processing /home/airflow/.local/lib/python3.12/site-packages/airflow/example_dags/example_complex.py took 0.096 seconds
[2025-07-16T07:39:07.895+0000] {processor.py:186} INFO - Started process (PID=724) to work on /home/airflow/.local/lib/python3.12/site-packages/airflow/example_dags/example_complex.py
[2025-07-16T07:39:07.896+0000] {processor.py:914} INFO - Processing file /home/airflow/.local/lib/python3.12/site-packages/airflow/example_dags/example_complex.py for tasks to queue
[2025-07-16T07:39:07.899+0000] {logging_mixin.py:190} INFO - [2025-07-16T07:39:07.899+0000] {dagbag.py:587} INFO - Filling up the DagBag from /home/airflow/.local/lib/python3.12/site-packages/airflow/example_dags/example_complex.py
[2025-07-16T07:39:07.914+0000] {processor.py:925} INFO - DAG(s) 'example_complex' retrieved from /home/airflow/.local/lib/python3.12/site-packages/airflow/example_dags/example_complex.py
[2025-07-16T07:39:07.957+0000] {logging_mixin.py:190} INFO - [2025-07-16T07:39:07.957+0000] {dag.py:3229} INFO - Sync 1 DAGs
[2025-07-16T07:39:07.972+0000] {logging_mixin.py:190} INFO - [2025-07-16T07:39:07.972+0000] {dag.py:4156} INFO - Setting next_dagrun for example_complex to None, run_after=None
[2025-07-16T07:39:07.996+0000] {processor.py:208} INFO - Processing /home/airflow/.local/lib/python3.12/site-packages/airflow/example_dags/example_complex.py took 0.109 seconds
[2025-07-16T07:39:38.513+0000] {processor.py:186} INFO - Started process (PID=781) to work on /home/airflow/.local/lib/python3.12/site-packages/airflow/example_dags/example_complex.py
[2025-07-16T07:39:38.515+0000] {processor.py:914} INFO - Processing file /home/airflow/.local/lib/python3.12/site-packages/airflow/example_dags/example_complex.py for tasks to queue
[2025-07-16T07:39:38.519+0000] {logging_mixin.py:190} INFO - [2025-07-16T07:39:38.518+0000] {dagbag.py:587} INFO - Filling up the DagBag from /home/airflow/.local/lib/python3.12/site-packages/airflow/example_dags/example_complex.py
[2025-07-16T07:39:38.538+0000] {processor.py:925} INFO - DAG(s) 'example_complex' retrieved from /home/airflow/.local/lib/python3.12/site-packages/airflow/example_dags/example_complex.py
[2025-07-16T07:39:38.594+0000] {logging_mixin.py:190} INFO - [2025-07-16T07:39:38.594+0000] {dag.py:3229} INFO - Sync 1 DAGs
[2025-07-16T07:39:38.616+0000] {logging_mixin.py:190} INFO - [2025-07-16T07:39:38.616+0000] {dag.py:4156} INFO - Setting next_dagrun for example_complex to None, run_after=None
[2025-07-16T07:39:38.644+0000] {processor.py:208} INFO - Processing /home/airflow/.local/lib/python3.12/site-packages/airflow/example_dags/example_complex.py took 0.138 seconds
[2025-07-16T07:40:09.079+0000] {processor.py:186} INFO - Started process (PID=838) to work on /home/airflow/.local/lib/python3.12/site-packages/airflow/example_dags/example_complex.py
[2025-07-16T07:40:09.082+0000] {processor.py:914} INFO - Processing file /home/airflow/.local/lib/python3.12/site-packages/airflow/example_dags/example_complex.py for tasks to queue
[2025-07-16T07:40:09.087+0000] {logging_mixin.py:190} INFO - [2025-07-16T07:40:09.087+0000] {dagbag.py:587} INFO - Filling up the DagBag from /home/airflow/.local/lib/python3.12/site-packages/airflow/example_dags/example_complex.py
[2025-07-16T07:40:09.103+0000] {processor.py:925} INFO - DAG(s) 'example_complex' retrieved from /home/airflow/.local/lib/python3.12/site-packages/airflow/example_dags/example_complex.py
[2025-07-16T07:40:09.150+0000] {logging_mixin.py:190} INFO - [2025-07-16T07:40:09.150+0000] {dag.py:3229} INFO - Sync 1 DAGs
[2025-07-16T07:40:09.170+0000] {logging_mixin.py:190} INFO - [2025-07-16T07:40:09.170+0000] {dag.py:4156} INFO - Setting next_dagrun for example_complex to None, run_after=None
[2025-07-16T07:40:09.194+0000] {processor.py:208} INFO - Processing /home/airflow/.local/lib/python3.12/site-packages/airflow/example_dags/example_complex.py took 0.122 seconds
[2025-07-16T07:40:39.767+0000] {processor.py:186} INFO - Started process (PID=895) to work on /home/airflow/.local/lib/python3.12/site-packages/airflow/example_dags/example_complex.py
[2025-07-16T07:40:39.768+0000] {processor.py:914} INFO - Processing file /home/airflow/.local/lib/python3.12/site-packages/airflow/example_dags/example_complex.py for tasks to queue
[2025-07-16T07:40:39.772+0000] {logging_mixin.py:190} INFO - [2025-07-16T07:40:39.771+0000] {dagbag.py:587} INFO - Filling up the DagBag from /home/airflow/.local/lib/python3.12/site-packages/airflow/example_dags/example_complex.py
[2025-07-16T07:40:39.792+0000] {processor.py:925} INFO - DAG(s) 'example_complex' retrieved from /home/airflow/.local/lib/python3.12/site-packages/airflow/example_dags/example_complex.py
[2025-07-16T07:40:39.839+0000] {logging_mixin.py:190} INFO - [2025-07-16T07:40:39.839+0000] {dag.py:3229} INFO - Sync 1 DAGs
[2025-07-16T07:40:39.854+0000] {logging_mixin.py:190} INFO - [2025-07-16T07:40:39.854+0000] {dag.py:4156} INFO - Setting next_dagrun for example_complex to None, run_after=None
[2025-07-16T07:40:39.875+0000] {processor.py:208} INFO - Processing /home/airflow/.local/lib/python3.12/site-packages/airflow/example_dags/example_complex.py took 0.116 seconds
