[2025-07-16T07:10:10.748+0000] {processor.py:186} INFO - Started process (PID=44) to work on /home/airflow/.local/lib/python3.12/site-packages/airflow/example_dags/example_branch_labels.py
[2025-07-16T07:10:10.749+0000] {processor.py:914} INFO - Processing file /home/airflow/.local/lib/python3.12/site-packages/airflow/example_dags/example_branch_labels.py for tasks to queue
[2025-07-16T07:10:10.753+0000] {logging_mixin.py:190} INFO - [2025-07-16T07:10:10.752+0000] {dagbag.py:587} INFO - Filling up the DagBag from /home/airflow/.local/lib/python3.12/site-packages/airflow/example_dags/example_branch_labels.py
[2025-07-16T07:10:10.769+0000] {processor.py:925} INFO - DAG(s) 'example_branch_labels' retrieved from /home/airflow/.local/lib/python3.12/site-packages/airflow/example_dags/example_branch_labels.py
[2025-07-16T07:10:10.837+0000] {logging_mixin.py:190} INFO - [2025-07-16T07:10:10.837+0000] {dag.py:3229} INFO - Sync 1 DAGs
[2025-07-16T07:10:10.927+0000] {logging_mixin.py:190} INFO - [2025-07-16T07:10:10.926+0000] {dag.py:4156} INFO - Setting next_dagrun for example_branch_labels to 2025-07-15 00:00:00+00:00, run_after=2025-07-16 00:00:00+00:00
[2025-07-16T07:10:10.990+0000] {processor.py:208} INFO - Processing /home/airflow/.local/lib/python3.12/site-packages/airflow/example_dags/example_branch_labels.py took 0.252 seconds
[2025-07-16T07:10:41.355+0000] {processor.py:186} INFO - Started process (PID=101) to work on /home/airflow/.local/lib/python3.12/site-packages/airflow/example_dags/example_branch_labels.py
[2025-07-16T07:10:41.356+0000] {processor.py:914} INFO - Processing file /home/airflow/.local/lib/python3.12/site-packages/airflow/example_dags/example_branch_labels.py for tasks to queue
[2025-07-16T07:10:41.359+0000] {logging_mixin.py:190} INFO - [2025-07-16T07:10:41.359+0000] {dagbag.py:587} INFO - Filling up the DagBag from /home/airflow/.local/lib/python3.12/site-packages/airflow/example_dags/example_branch_labels.py
[2025-07-16T07:10:41.369+0000] {processor.py:925} INFO - DAG(s) 'example_branch_labels' retrieved from /home/airflow/.local/lib/python3.12/site-packages/airflow/example_dags/example_branch_labels.py
[2025-07-16T07:10:41.393+0000] {logging_mixin.py:190} INFO - [2025-07-16T07:10:41.393+0000] {dag.py:3229} INFO - Sync 1 DAGs
[2025-07-16T07:10:41.420+0000] {logging_mixin.py:190} INFO - [2025-07-16T07:10:41.420+0000] {dag.py:4156} INFO - Setting next_dagrun for example_branch_labels to 2025-07-15 00:00:00+00:00, run_after=2025-07-16 00:00:00+00:00
[2025-07-16T07:10:41.440+0000] {processor.py:208} INFO - Processing /home/airflow/.local/lib/python3.12/site-packages/airflow/example_dags/example_branch_labels.py took 0.092 seconds
[2025-07-16T07:11:11.598+0000] {processor.py:186} INFO - Started process (PID=158) to work on /home/airflow/.local/lib/python3.12/site-packages/airflow/example_dags/example_branch_labels.py
[2025-07-16T07:11:11.599+0000] {processor.py:914} INFO - Processing file /home/airflow/.local/lib/python3.12/site-packages/airflow/example_dags/example_branch_labels.py for tasks to queue
[2025-07-16T07:11:11.602+0000] {logging_mixin.py:190} INFO - [2025-07-16T07:11:11.601+0000] {dagbag.py:587} INFO - Filling up the DagBag from /home/airflow/.local/lib/python3.12/site-packages/airflow/example_dags/example_branch_labels.py
[2025-07-16T07:11:11.613+0000] {processor.py:925} INFO - DAG(s) 'example_branch_labels' retrieved from /home/airflow/.local/lib/python3.12/site-packages/airflow/example_dags/example_branch_labels.py
[2025-07-16T07:11:11.640+0000] {logging_mixin.py:190} INFO - [2025-07-16T07:11:11.639+0000] {dag.py:3229} INFO - Sync 1 DAGs
[2025-07-16T07:11:11.665+0000] {logging_mixin.py:190} INFO - [2025-07-16T07:11:11.665+0000] {dag.py:4156} INFO - Setting next_dagrun for example_branch_labels to 2025-07-15 00:00:00+00:00, run_after=2025-07-16 00:00:00+00:00
[2025-07-16T07:11:11.688+0000] {processor.py:208} INFO - Processing /home/airflow/.local/lib/python3.12/site-packages/airflow/example_dags/example_branch_labels.py took 0.097 seconds
[2025-07-16T07:11:42.016+0000] {processor.py:186} INFO - Started process (PID=215) to work on /home/airflow/.local/lib/python3.12/site-packages/airflow/example_dags/example_branch_labels.py
[2025-07-16T07:11:42.017+0000] {processor.py:914} INFO - Processing file /home/airflow/.local/lib/python3.12/site-packages/airflow/example_dags/example_branch_labels.py for tasks to queue
[2025-07-16T07:11:42.019+0000] {logging_mixin.py:190} INFO - [2025-07-16T07:11:42.019+0000] {dagbag.py:587} INFO - Filling up the DagBag from /home/airflow/.local/lib/python3.12/site-packages/airflow/example_dags/example_branch_labels.py
[2025-07-16T07:11:42.029+0000] {processor.py:925} INFO - DAG(s) 'example_branch_labels' retrieved from /home/airflow/.local/lib/python3.12/site-packages/airflow/example_dags/example_branch_labels.py
[2025-07-16T07:11:42.052+0000] {logging_mixin.py:190} INFO - [2025-07-16T07:11:42.052+0000] {dag.py:3229} INFO - Sync 1 DAGs
[2025-07-16T07:11:42.076+0000] {logging_mixin.py:190} INFO - [2025-07-16T07:11:42.076+0000] {dag.py:4156} INFO - Setting next_dagrun for example_branch_labels to 2025-07-15 00:00:00+00:00, run_after=2025-07-16 00:00:00+00:00
[2025-07-16T07:11:42.102+0000] {processor.py:208} INFO - Processing /home/airflow/.local/lib/python3.12/site-packages/airflow/example_dags/example_branch_labels.py took 0.094 seconds
[2025-07-16T07:12:12.531+0000] {processor.py:186} INFO - Started process (PID=272) to work on /home/airflow/.local/lib/python3.12/site-packages/airflow/example_dags/example_branch_labels.py
[2025-07-16T07:12:12.532+0000] {processor.py:914} INFO - Processing file /home/airflow/.local/lib/python3.12/site-packages/airflow/example_dags/example_branch_labels.py for tasks to queue
[2025-07-16T07:12:12.535+0000] {logging_mixin.py:190} INFO - [2025-07-16T07:12:12.534+0000] {dagbag.py:587} INFO - Filling up the DagBag from /home/airflow/.local/lib/python3.12/site-packages/airflow/example_dags/example_branch_labels.py
[2025-07-16T07:12:12.550+0000] {processor.py:925} INFO - DAG(s) 'example_branch_labels' retrieved from /home/airflow/.local/lib/python3.12/site-packages/airflow/example_dags/example_branch_labels.py
[2025-07-16T07:12:12.584+0000] {logging_mixin.py:190} INFO - [2025-07-16T07:12:12.584+0000] {dag.py:3229} INFO - Sync 1 DAGs
[2025-07-16T07:12:12.621+0000] {logging_mixin.py:190} INFO - [2025-07-16T07:12:12.620+0000] {dag.py:4156} INFO - Setting next_dagrun for example_branch_labels to 2025-07-15 00:00:00+00:00, run_after=2025-07-16 00:00:00+00:00
[2025-07-16T07:12:12.646+0000] {processor.py:208} INFO - Processing /home/airflow/.local/lib/python3.12/site-packages/airflow/example_dags/example_branch_labels.py took 0.122 seconds
[2025-07-16T07:12:43.269+0000] {processor.py:186} INFO - Started process (PID=329) to work on /home/airflow/.local/lib/python3.12/site-packages/airflow/example_dags/example_branch_labels.py
[2025-07-16T07:12:43.271+0000] {processor.py:914} INFO - Processing file /home/airflow/.local/lib/python3.12/site-packages/airflow/example_dags/example_branch_labels.py for tasks to queue
[2025-07-16T07:12:43.274+0000] {logging_mixin.py:190} INFO - [2025-07-16T07:12:43.274+0000] {dagbag.py:587} INFO - Filling up the DagBag from /home/airflow/.local/lib/python3.12/site-packages/airflow/example_dags/example_branch_labels.py
[2025-07-16T07:12:43.288+0000] {processor.py:925} INFO - DAG(s) 'example_branch_labels' retrieved from /home/airflow/.local/lib/python3.12/site-packages/airflow/example_dags/example_branch_labels.py
[2025-07-16T07:12:43.320+0000] {logging_mixin.py:190} INFO - [2025-07-16T07:12:43.319+0000] {dag.py:3229} INFO - Sync 1 DAGs
[2025-07-16T07:12:43.373+0000] {logging_mixin.py:190} INFO - [2025-07-16T07:12:43.372+0000] {dag.py:4156} INFO - Setting next_dagrun for example_branch_labels to 2025-07-15 00:00:00+00:00, run_after=2025-07-16 00:00:00+00:00
[2025-07-16T07:12:43.405+0000] {processor.py:208} INFO - Processing /home/airflow/.local/lib/python3.12/site-packages/airflow/example_dags/example_branch_labels.py took 0.145 seconds
[2025-07-16T07:13:13.609+0000] {processor.py:186} INFO - Started process (PID=386) to work on /home/airflow/.local/lib/python3.12/site-packages/airflow/example_dags/example_branch_labels.py
[2025-07-16T07:13:13.610+0000] {processor.py:914} INFO - Processing file /home/airflow/.local/lib/python3.12/site-packages/airflow/example_dags/example_branch_labels.py for tasks to queue
[2025-07-16T07:13:13.613+0000] {logging_mixin.py:190} INFO - [2025-07-16T07:13:13.613+0000] {dagbag.py:587} INFO - Filling up the DagBag from /home/airflow/.local/lib/python3.12/site-packages/airflow/example_dags/example_branch_labels.py
[2025-07-16T07:13:13.625+0000] {processor.py:925} INFO - DAG(s) 'example_branch_labels' retrieved from /home/airflow/.local/lib/python3.12/site-packages/airflow/example_dags/example_branch_labels.py
[2025-07-16T07:13:13.648+0000] {logging_mixin.py:190} INFO - [2025-07-16T07:13:13.648+0000] {dag.py:3229} INFO - Sync 1 DAGs
[2025-07-16T07:13:13.677+0000] {logging_mixin.py:190} INFO - [2025-07-16T07:13:13.676+0000] {dag.py:4156} INFO - Setting next_dagrun for example_branch_labels to 2025-07-15 00:00:00+00:00, run_after=2025-07-16 00:00:00+00:00
[2025-07-16T07:13:13.697+0000] {processor.py:208} INFO - Processing /home/airflow/.local/lib/python3.12/site-packages/airflow/example_dags/example_branch_labels.py took 0.097 seconds
[2025-07-16T07:13:44.141+0000] {processor.py:186} INFO - Started process (PID=443) to work on /home/airflow/.local/lib/python3.12/site-packages/airflow/example_dags/example_branch_labels.py
[2025-07-16T07:13:44.142+0000] {processor.py:914} INFO - Processing file /home/airflow/.local/lib/python3.12/site-packages/airflow/example_dags/example_branch_labels.py for tasks to queue
[2025-07-16T07:13:44.145+0000] {logging_mixin.py:190} INFO - [2025-07-16T07:13:44.144+0000] {dagbag.py:587} INFO - Filling up the DagBag from /home/airflow/.local/lib/python3.12/site-packages/airflow/example_dags/example_branch_labels.py
[2025-07-16T07:13:44.155+0000] {processor.py:925} INFO - DAG(s) 'example_branch_labels' retrieved from /home/airflow/.local/lib/python3.12/site-packages/airflow/example_dags/example_branch_labels.py
[2025-07-16T07:13:44.176+0000] {logging_mixin.py:190} INFO - [2025-07-16T07:13:44.176+0000] {dag.py:3229} INFO - Sync 1 DAGs
[2025-07-16T07:13:44.204+0000] {logging_mixin.py:190} INFO - [2025-07-16T07:13:44.203+0000] {dag.py:4156} INFO - Setting next_dagrun for example_branch_labels to 2025-07-15 00:00:00+00:00, run_after=2025-07-16 00:00:00+00:00
[2025-07-16T07:13:44.229+0000] {processor.py:208} INFO - Processing /home/airflow/.local/lib/python3.12/site-packages/airflow/example_dags/example_branch_labels.py took 0.094 seconds
[2025-07-16T07:14:14.475+0000] {processor.py:186} INFO - Started process (PID=500) to work on /home/airflow/.local/lib/python3.12/site-packages/airflow/example_dags/example_branch_labels.py
[2025-07-16T07:14:14.477+0000] {processor.py:914} INFO - Processing file /home/airflow/.local/lib/python3.12/site-packages/airflow/example_dags/example_branch_labels.py for tasks to queue
[2025-07-16T07:14:14.480+0000] {logging_mixin.py:190} INFO - [2025-07-16T07:14:14.479+0000] {dagbag.py:587} INFO - Filling up the DagBag from /home/airflow/.local/lib/python3.12/site-packages/airflow/example_dags/example_branch_labels.py
[2025-07-16T07:14:14.491+0000] {processor.py:925} INFO - DAG(s) 'example_branch_labels' retrieved from /home/airflow/.local/lib/python3.12/site-packages/airflow/example_dags/example_branch_labels.py
[2025-07-16T07:14:14.515+0000] {logging_mixin.py:190} INFO - [2025-07-16T07:14:14.515+0000] {dag.py:3229} INFO - Sync 1 DAGs
[2025-07-16T07:14:14.545+0000] {logging_mixin.py:190} INFO - [2025-07-16T07:14:14.544+0000] {dag.py:4156} INFO - Setting next_dagrun for example_branch_labels to 2025-07-15 00:00:00+00:00, run_after=2025-07-16 00:00:00+00:00
[2025-07-16T07:14:14.565+0000] {processor.py:208} INFO - Processing /home/airflow/.local/lib/python3.12/site-packages/airflow/example_dags/example_branch_labels.py took 0.098 seconds
[2025-07-16T07:14:44.801+0000] {processor.py:186} INFO - Started process (PID=557) to work on /home/airflow/.local/lib/python3.12/site-packages/airflow/example_dags/example_branch_labels.py
[2025-07-16T07:14:44.802+0000] {processor.py:914} INFO - Processing file /home/airflow/.local/lib/python3.12/site-packages/airflow/example_dags/example_branch_labels.py for tasks to queue
[2025-07-16T07:14:44.805+0000] {logging_mixin.py:190} INFO - [2025-07-16T07:14:44.805+0000] {dagbag.py:587} INFO - Filling up the DagBag from /home/airflow/.local/lib/python3.12/site-packages/airflow/example_dags/example_branch_labels.py
[2025-07-16T07:14:44.816+0000] {processor.py:925} INFO - DAG(s) 'example_branch_labels' retrieved from /home/airflow/.local/lib/python3.12/site-packages/airflow/example_dags/example_branch_labels.py
[2025-07-16T07:14:44.841+0000] {logging_mixin.py:190} INFO - [2025-07-16T07:14:44.840+0000] {dag.py:3229} INFO - Sync 1 DAGs
[2025-07-16T07:14:44.871+0000] {logging_mixin.py:190} INFO - [2025-07-16T07:14:44.871+0000] {dag.py:4156} INFO - Setting next_dagrun for example_branch_labels to 2025-07-15 00:00:00+00:00, run_after=2025-07-16 00:00:00+00:00
[2025-07-16T07:14:44.905+0000] {processor.py:208} INFO - Processing /home/airflow/.local/lib/python3.12/site-packages/airflow/example_dags/example_branch_labels.py took 0.111 seconds
[2025-07-16T07:15:15.736+0000] {processor.py:186} INFO - Started process (PID=614) to work on /home/airflow/.local/lib/python3.12/site-packages/airflow/example_dags/example_branch_labels.py
[2025-07-16T07:15:15.738+0000] {processor.py:914} INFO - Processing file /home/airflow/.local/lib/python3.12/site-packages/airflow/example_dags/example_branch_labels.py for tasks to queue
[2025-07-16T07:15:15.741+0000] {logging_mixin.py:190} INFO - [2025-07-16T07:15:15.741+0000] {dagbag.py:587} INFO - Filling up the DagBag from /home/airflow/.local/lib/python3.12/site-packages/airflow/example_dags/example_branch_labels.py
[2025-07-16T07:15:15.751+0000] {processor.py:925} INFO - DAG(s) 'example_branch_labels' retrieved from /home/airflow/.local/lib/python3.12/site-packages/airflow/example_dags/example_branch_labels.py
[2025-07-16T07:15:15.773+0000] {logging_mixin.py:190} INFO - [2025-07-16T07:15:15.773+0000] {dag.py:3229} INFO - Sync 1 DAGs
[2025-07-16T07:15:15.797+0000] {logging_mixin.py:190} INFO - [2025-07-16T07:15:15.797+0000] {dag.py:4156} INFO - Setting next_dagrun for example_branch_labels to 2025-07-15 00:00:00+00:00, run_after=2025-07-16 00:00:00+00:00
[2025-07-16T07:15:15.819+0000] {processor.py:208} INFO - Processing /home/airflow/.local/lib/python3.12/site-packages/airflow/example_dags/example_branch_labels.py took 0.090 seconds
[2025-07-16T07:15:46.220+0000] {processor.py:186} INFO - Started process (PID=671) to work on /home/airflow/.local/lib/python3.12/site-packages/airflow/example_dags/example_branch_labels.py
[2025-07-16T07:15:46.221+0000] {processor.py:914} INFO - Processing file /home/airflow/.local/lib/python3.12/site-packages/airflow/example_dags/example_branch_labels.py for tasks to queue
[2025-07-16T07:15:46.225+0000] {logging_mixin.py:190} INFO - [2025-07-16T07:15:46.224+0000] {dagbag.py:587} INFO - Filling up the DagBag from /home/airflow/.local/lib/python3.12/site-packages/airflow/example_dags/example_branch_labels.py
[2025-07-16T07:15:46.235+0000] {processor.py:925} INFO - DAG(s) 'example_branch_labels' retrieved from /home/airflow/.local/lib/python3.12/site-packages/airflow/example_dags/example_branch_labels.py
[2025-07-16T07:15:46.260+0000] {logging_mixin.py:190} INFO - [2025-07-16T07:15:46.260+0000] {dag.py:3229} INFO - Sync 1 DAGs
[2025-07-16T07:15:46.289+0000] {logging_mixin.py:190} INFO - [2025-07-16T07:15:46.288+0000] {dag.py:4156} INFO - Setting next_dagrun for example_branch_labels to 2025-07-15 00:00:00+00:00, run_after=2025-07-16 00:00:00+00:00
[2025-07-16T07:15:46.314+0000] {processor.py:208} INFO - Processing /home/airflow/.local/lib/python3.12/site-packages/airflow/example_dags/example_branch_labels.py took 0.101 seconds
[2025-07-16T07:16:16.916+0000] {processor.py:186} INFO - Started process (PID=728) to work on /home/airflow/.local/lib/python3.12/site-packages/airflow/example_dags/example_branch_labels.py
[2025-07-16T07:16:16.917+0000] {processor.py:914} INFO - Processing file /home/airflow/.local/lib/python3.12/site-packages/airflow/example_dags/example_branch_labels.py for tasks to queue
[2025-07-16T07:16:16.920+0000] {logging_mixin.py:190} INFO - [2025-07-16T07:16:16.920+0000] {dagbag.py:587} INFO - Filling up the DagBag from /home/airflow/.local/lib/python3.12/site-packages/airflow/example_dags/example_branch_labels.py
[2025-07-16T07:16:16.936+0000] {processor.py:925} INFO - DAG(s) 'example_branch_labels' retrieved from /home/airflow/.local/lib/python3.12/site-packages/airflow/example_dags/example_branch_labels.py
[2025-07-16T07:16:16.958+0000] {logging_mixin.py:190} INFO - [2025-07-16T07:16:16.958+0000] {dag.py:3229} INFO - Sync 1 DAGs
[2025-07-16T07:16:16.983+0000] {logging_mixin.py:190} INFO - [2025-07-16T07:16:16.983+0000] {dag.py:4156} INFO - Setting next_dagrun for example_branch_labels to 2025-07-15 00:00:00+00:00, run_after=2025-07-16 00:00:00+00:00
[2025-07-16T07:16:17.003+0000] {processor.py:208} INFO - Processing /home/airflow/.local/lib/python3.12/site-packages/airflow/example_dags/example_branch_labels.py took 0.095 seconds
[2025-07-16T07:16:47.337+0000] {processor.py:186} INFO - Started process (PID=785) to work on /home/airflow/.local/lib/python3.12/site-packages/airflow/example_dags/example_branch_labels.py
[2025-07-16T07:16:47.338+0000] {processor.py:914} INFO - Processing file /home/airflow/.local/lib/python3.12/site-packages/airflow/example_dags/example_branch_labels.py for tasks to queue
[2025-07-16T07:16:47.341+0000] {logging_mixin.py:190} INFO - [2025-07-16T07:16:47.340+0000] {dagbag.py:587} INFO - Filling up the DagBag from /home/airflow/.local/lib/python3.12/site-packages/airflow/example_dags/example_branch_labels.py
[2025-07-16T07:16:47.350+0000] {processor.py:925} INFO - DAG(s) 'example_branch_labels' retrieved from /home/airflow/.local/lib/python3.12/site-packages/airflow/example_dags/example_branch_labels.py
[2025-07-16T07:16:47.372+0000] {logging_mixin.py:190} INFO - [2025-07-16T07:16:47.371+0000] {dag.py:3229} INFO - Sync 1 DAGs
[2025-07-16T07:16:47.397+0000] {logging_mixin.py:190} INFO - [2025-07-16T07:16:47.397+0000] {dag.py:4156} INFO - Setting next_dagrun for example_branch_labels to 2025-07-15 00:00:00+00:00, run_after=2025-07-16 00:00:00+00:00
[2025-07-16T07:16:47.419+0000] {processor.py:208} INFO - Processing /home/airflow/.local/lib/python3.12/site-packages/airflow/example_dags/example_branch_labels.py took 0.089 seconds
[2025-07-16T07:17:18.097+0000] {processor.py:186} INFO - Started process (PID=842) to work on /home/airflow/.local/lib/python3.12/site-packages/airflow/example_dags/example_branch_labels.py
[2025-07-16T07:17:18.099+0000] {processor.py:914} INFO - Processing file /home/airflow/.local/lib/python3.12/site-packages/airflow/example_dags/example_branch_labels.py for tasks to queue
[2025-07-16T07:17:18.102+0000] {logging_mixin.py:190} INFO - [2025-07-16T07:17:18.101+0000] {dagbag.py:587} INFO - Filling up the DagBag from /home/airflow/.local/lib/python3.12/site-packages/airflow/example_dags/example_branch_labels.py
[2025-07-16T07:17:18.116+0000] {processor.py:925} INFO - DAG(s) 'example_branch_labels' retrieved from /home/airflow/.local/lib/python3.12/site-packages/airflow/example_dags/example_branch_labels.py
[2025-07-16T07:17:18.139+0000] {logging_mixin.py:190} INFO - [2025-07-16T07:17:18.139+0000] {dag.py:3229} INFO - Sync 1 DAGs
[2025-07-16T07:17:18.164+0000] {logging_mixin.py:190} INFO - [2025-07-16T07:17:18.163+0000] {dag.py:4156} INFO - Setting next_dagrun for example_branch_labels to 2025-07-15 00:00:00+00:00, run_after=2025-07-16 00:00:00+00:00
[2025-07-16T07:17:18.190+0000] {processor.py:208} INFO - Processing /home/airflow/.local/lib/python3.12/site-packages/airflow/example_dags/example_branch_labels.py took 0.101 seconds
[2025-07-16T07:17:48.634+0000] {processor.py:186} INFO - Started process (PID=899) to work on /home/airflow/.local/lib/python3.12/site-packages/airflow/example_dags/example_branch_labels.py
[2025-07-16T07:17:48.636+0000] {processor.py:914} INFO - Processing file /home/airflow/.local/lib/python3.12/site-packages/airflow/example_dags/example_branch_labels.py for tasks to queue
[2025-07-16T07:17:48.638+0000] {logging_mixin.py:190} INFO - [2025-07-16T07:17:48.638+0000] {dagbag.py:587} INFO - Filling up the DagBag from /home/airflow/.local/lib/python3.12/site-packages/airflow/example_dags/example_branch_labels.py
[2025-07-16T07:17:48.652+0000] {processor.py:925} INFO - DAG(s) 'example_branch_labels' retrieved from /home/airflow/.local/lib/python3.12/site-packages/airflow/example_dags/example_branch_labels.py
[2025-07-16T07:17:48.675+0000] {logging_mixin.py:190} INFO - [2025-07-16T07:17:48.675+0000] {dag.py:3229} INFO - Sync 1 DAGs
[2025-07-16T07:17:48.701+0000] {logging_mixin.py:190} INFO - [2025-07-16T07:17:48.701+0000] {dag.py:4156} INFO - Setting next_dagrun for example_branch_labels to 2025-07-15 00:00:00+00:00, run_after=2025-07-16 00:00:00+00:00
[2025-07-16T07:17:48.724+0000] {processor.py:208} INFO - Processing /home/airflow/.local/lib/python3.12/site-packages/airflow/example_dags/example_branch_labels.py took 0.097 seconds
[2025-07-16T07:18:19.278+0000] {processor.py:186} INFO - Started process (PID=956) to work on /home/airflow/.local/lib/python3.12/site-packages/airflow/example_dags/example_branch_labels.py
[2025-07-16T07:18:19.279+0000] {processor.py:914} INFO - Processing file /home/airflow/.local/lib/python3.12/site-packages/airflow/example_dags/example_branch_labels.py for tasks to queue
[2025-07-16T07:18:19.282+0000] {logging_mixin.py:190} INFO - [2025-07-16T07:18:19.281+0000] {dagbag.py:587} INFO - Filling up the DagBag from /home/airflow/.local/lib/python3.12/site-packages/airflow/example_dags/example_branch_labels.py
[2025-07-16T07:18:19.292+0000] {processor.py:925} INFO - DAG(s) 'example_branch_labels' retrieved from /home/airflow/.local/lib/python3.12/site-packages/airflow/example_dags/example_branch_labels.py
[2025-07-16T07:18:19.316+0000] {logging_mixin.py:190} INFO - [2025-07-16T07:18:19.315+0000] {dag.py:3229} INFO - Sync 1 DAGs
[2025-07-16T07:18:19.342+0000] {logging_mixin.py:190} INFO - [2025-07-16T07:18:19.342+0000] {dag.py:4156} INFO - Setting next_dagrun for example_branch_labels to 2025-07-15 00:00:00+00:00, run_after=2025-07-16 00:00:00+00:00
[2025-07-16T07:18:19.368+0000] {processor.py:208} INFO - Processing /home/airflow/.local/lib/python3.12/site-packages/airflow/example_dags/example_branch_labels.py took 0.096 seconds
[2025-07-16T07:18:50.161+0000] {processor.py:186} INFO - Started process (PID=1013) to work on /home/airflow/.local/lib/python3.12/site-packages/airflow/example_dags/example_branch_labels.py
[2025-07-16T07:18:50.163+0000] {processor.py:914} INFO - Processing file /home/airflow/.local/lib/python3.12/site-packages/airflow/example_dags/example_branch_labels.py for tasks to queue
[2025-07-16T07:18:50.165+0000] {logging_mixin.py:190} INFO - [2025-07-16T07:18:50.165+0000] {dagbag.py:587} INFO - Filling up the DagBag from /home/airflow/.local/lib/python3.12/site-packages/airflow/example_dags/example_branch_labels.py
[2025-07-16T07:18:50.176+0000] {processor.py:925} INFO - DAG(s) 'example_branch_labels' retrieved from /home/airflow/.local/lib/python3.12/site-packages/airflow/example_dags/example_branch_labels.py
[2025-07-16T07:18:50.200+0000] {logging_mixin.py:190} INFO - [2025-07-16T07:18:50.200+0000] {dag.py:3229} INFO - Sync 1 DAGs
[2025-07-16T07:18:50.225+0000] {logging_mixin.py:190} INFO - [2025-07-16T07:18:50.225+0000] {dag.py:4156} INFO - Setting next_dagrun for example_branch_labels to 2025-07-15 00:00:00+00:00, run_after=2025-07-16 00:00:00+00:00
[2025-07-16T07:18:50.252+0000] {processor.py:208} INFO - Processing /home/airflow/.local/lib/python3.12/site-packages/airflow/example_dags/example_branch_labels.py took 0.097 seconds
[2025-07-16T07:19:20.608+0000] {processor.py:186} INFO - Started process (PID=1070) to work on /home/airflow/.local/lib/python3.12/site-packages/airflow/example_dags/example_branch_labels.py
[2025-07-16T07:19:20.609+0000] {processor.py:914} INFO - Processing file /home/airflow/.local/lib/python3.12/site-packages/airflow/example_dags/example_branch_labels.py for tasks to queue
[2025-07-16T07:19:20.612+0000] {logging_mixin.py:190} INFO - [2025-07-16T07:19:20.612+0000] {dagbag.py:587} INFO - Filling up the DagBag from /home/airflow/.local/lib/python3.12/site-packages/airflow/example_dags/example_branch_labels.py
[2025-07-16T07:19:20.623+0000] {processor.py:925} INFO - DAG(s) 'example_branch_labels' retrieved from /home/airflow/.local/lib/python3.12/site-packages/airflow/example_dags/example_branch_labels.py
[2025-07-16T07:19:20.645+0000] {logging_mixin.py:190} INFO - [2025-07-16T07:19:20.644+0000] {dag.py:3229} INFO - Sync 1 DAGs
[2025-07-16T07:19:20.671+0000] {logging_mixin.py:190} INFO - [2025-07-16T07:19:20.670+0000] {dag.py:4156} INFO - Setting next_dagrun for example_branch_labels to 2025-07-15 00:00:00+00:00, run_after=2025-07-16 00:00:00+00:00
[2025-07-16T07:19:20.694+0000] {processor.py:208} INFO - Processing /home/airflow/.local/lib/python3.12/site-packages/airflow/example_dags/example_branch_labels.py took 0.096 seconds
[2025-07-16T07:19:51.063+0000] {processor.py:186} INFO - Started process (PID=1127) to work on /home/airflow/.local/lib/python3.12/site-packages/airflow/example_dags/example_branch_labels.py
[2025-07-16T07:19:51.064+0000] {processor.py:914} INFO - Processing file /home/airflow/.local/lib/python3.12/site-packages/airflow/example_dags/example_branch_labels.py for tasks to queue
[2025-07-16T07:19:51.067+0000] {logging_mixin.py:190} INFO - [2025-07-16T07:19:51.066+0000] {dagbag.py:587} INFO - Filling up the DagBag from /home/airflow/.local/lib/python3.12/site-packages/airflow/example_dags/example_branch_labels.py
[2025-07-16T07:19:51.080+0000] {processor.py:925} INFO - DAG(s) 'example_branch_labels' retrieved from /home/airflow/.local/lib/python3.12/site-packages/airflow/example_dags/example_branch_labels.py
[2025-07-16T07:19:51.104+0000] {logging_mixin.py:190} INFO - [2025-07-16T07:19:51.104+0000] {dag.py:3229} INFO - Sync 1 DAGs
[2025-07-16T07:19:51.131+0000] {logging_mixin.py:190} INFO - [2025-07-16T07:19:51.131+0000] {dag.py:4156} INFO - Setting next_dagrun for example_branch_labels to 2025-07-15 00:00:00+00:00, run_after=2025-07-16 00:00:00+00:00
[2025-07-16T07:19:51.153+0000] {processor.py:208} INFO - Processing /home/airflow/.local/lib/python3.12/site-packages/airflow/example_dags/example_branch_labels.py took 0.098 seconds
[2025-07-16T07:20:21.542+0000] {processor.py:186} INFO - Started process (PID=1184) to work on /home/airflow/.local/lib/python3.12/site-packages/airflow/example_dags/example_branch_labels.py
[2025-07-16T07:20:21.543+0000] {processor.py:914} INFO - Processing file /home/airflow/.local/lib/python3.12/site-packages/airflow/example_dags/example_branch_labels.py for tasks to queue
[2025-07-16T07:20:21.545+0000] {logging_mixin.py:190} INFO - [2025-07-16T07:20:21.545+0000] {dagbag.py:587} INFO - Filling up the DagBag from /home/airflow/.local/lib/python3.12/site-packages/airflow/example_dags/example_branch_labels.py
[2025-07-16T07:20:21.555+0000] {processor.py:925} INFO - DAG(s) 'example_branch_labels' retrieved from /home/airflow/.local/lib/python3.12/site-packages/airflow/example_dags/example_branch_labels.py
[2025-07-16T07:20:21.576+0000] {logging_mixin.py:190} INFO - [2025-07-16T07:20:21.575+0000] {dag.py:3229} INFO - Sync 1 DAGs
[2025-07-16T07:20:21.601+0000] {logging_mixin.py:190} INFO - [2025-07-16T07:20:21.600+0000] {dag.py:4156} INFO - Setting next_dagrun for example_branch_labels to 2025-07-15 00:00:00+00:00, run_after=2025-07-16 00:00:00+00:00
[2025-07-16T07:20:21.625+0000] {processor.py:208} INFO - Processing /home/airflow/.local/lib/python3.12/site-packages/airflow/example_dags/example_branch_labels.py took 0.089 seconds
[2025-07-16T07:20:52.240+0000] {processor.py:186} INFO - Started process (PID=1241) to work on /home/airflow/.local/lib/python3.12/site-packages/airflow/example_dags/example_branch_labels.py
[2025-07-16T07:20:52.241+0000] {processor.py:914} INFO - Processing file /home/airflow/.local/lib/python3.12/site-packages/airflow/example_dags/example_branch_labels.py for tasks to queue
[2025-07-16T07:20:52.245+0000] {logging_mixin.py:190} INFO - [2025-07-16T07:20:52.244+0000] {dagbag.py:587} INFO - Filling up the DagBag from /home/airflow/.local/lib/python3.12/site-packages/airflow/example_dags/example_branch_labels.py
[2025-07-16T07:20:52.258+0000] {processor.py:925} INFO - DAG(s) 'example_branch_labels' retrieved from /home/airflow/.local/lib/python3.12/site-packages/airflow/example_dags/example_branch_labels.py
[2025-07-16T07:20:52.285+0000] {logging_mixin.py:190} INFO - [2025-07-16T07:20:52.285+0000] {dag.py:3229} INFO - Sync 1 DAGs
[2025-07-16T07:20:52.313+0000] {logging_mixin.py:190} INFO - [2025-07-16T07:20:52.313+0000] {dag.py:4156} INFO - Setting next_dagrun for example_branch_labels to 2025-07-15 00:00:00+00:00, run_after=2025-07-16 00:00:00+00:00
[2025-07-16T07:20:52.340+0000] {processor.py:208} INFO - Processing /home/airflow/.local/lib/python3.12/site-packages/airflow/example_dags/example_branch_labels.py took 0.109 seconds
[2025-07-16T07:21:23.085+0000] {processor.py:186} INFO - Started process (PID=1298) to work on /home/airflow/.local/lib/python3.12/site-packages/airflow/example_dags/example_branch_labels.py
[2025-07-16T07:21:23.086+0000] {processor.py:914} INFO - Processing file /home/airflow/.local/lib/python3.12/site-packages/airflow/example_dags/example_branch_labels.py for tasks to queue
[2025-07-16T07:21:23.089+0000] {logging_mixin.py:190} INFO - [2025-07-16T07:21:23.088+0000] {dagbag.py:587} INFO - Filling up the DagBag from /home/airflow/.local/lib/python3.12/site-packages/airflow/example_dags/example_branch_labels.py
[2025-07-16T07:21:23.099+0000] {processor.py:925} INFO - DAG(s) 'example_branch_labels' retrieved from /home/airflow/.local/lib/python3.12/site-packages/airflow/example_dags/example_branch_labels.py
[2025-07-16T07:21:23.124+0000] {logging_mixin.py:190} INFO - [2025-07-16T07:21:23.124+0000] {dag.py:3229} INFO - Sync 1 DAGs
[2025-07-16T07:21:23.151+0000] {logging_mixin.py:190} INFO - [2025-07-16T07:21:23.151+0000] {dag.py:4156} INFO - Setting next_dagrun for example_branch_labels to 2025-07-15 00:00:00+00:00, run_after=2025-07-16 00:00:00+00:00
[2025-07-16T07:21:23.172+0000] {processor.py:208} INFO - Processing /home/airflow/.local/lib/python3.12/site-packages/airflow/example_dags/example_branch_labels.py took 0.093 seconds
[2025-07-16T07:21:53.874+0000] {processor.py:186} INFO - Started process (PID=1355) to work on /home/airflow/.local/lib/python3.12/site-packages/airflow/example_dags/example_branch_labels.py
[2025-07-16T07:21:53.875+0000] {processor.py:914} INFO - Processing file /home/airflow/.local/lib/python3.12/site-packages/airflow/example_dags/example_branch_labels.py for tasks to queue
[2025-07-16T07:21:53.878+0000] {logging_mixin.py:190} INFO - [2025-07-16T07:21:53.878+0000] {dagbag.py:587} INFO - Filling up the DagBag from /home/airflow/.local/lib/python3.12/site-packages/airflow/example_dags/example_branch_labels.py
[2025-07-16T07:21:53.888+0000] {processor.py:925} INFO - DAG(s) 'example_branch_labels' retrieved from /home/airflow/.local/lib/python3.12/site-packages/airflow/example_dags/example_branch_labels.py
[2025-07-16T07:21:53.909+0000] {logging_mixin.py:190} INFO - [2025-07-16T07:21:53.909+0000] {dag.py:3229} INFO - Sync 1 DAGs
[2025-07-16T07:21:53.935+0000] {logging_mixin.py:190} INFO - [2025-07-16T07:21:53.935+0000] {dag.py:4156} INFO - Setting next_dagrun for example_branch_labels to 2025-07-15 00:00:00+00:00, run_after=2025-07-16 00:00:00+00:00
[2025-07-16T07:21:53.958+0000] {processor.py:208} INFO - Processing /home/airflow/.local/lib/python3.12/site-packages/airflow/example_dags/example_branch_labels.py took 0.091 seconds
[2025-07-16T07:22:24.558+0000] {processor.py:186} INFO - Started process (PID=1412) to work on /home/airflow/.local/lib/python3.12/site-packages/airflow/example_dags/example_branch_labels.py
[2025-07-16T07:22:24.559+0000] {processor.py:914} INFO - Processing file /home/airflow/.local/lib/python3.12/site-packages/airflow/example_dags/example_branch_labels.py for tasks to queue
[2025-07-16T07:22:24.562+0000] {logging_mixin.py:190} INFO - [2025-07-16T07:22:24.562+0000] {dagbag.py:587} INFO - Filling up the DagBag from /home/airflow/.local/lib/python3.12/site-packages/airflow/example_dags/example_branch_labels.py
[2025-07-16T07:22:24.574+0000] {processor.py:925} INFO - DAG(s) 'example_branch_labels' retrieved from /home/airflow/.local/lib/python3.12/site-packages/airflow/example_dags/example_branch_labels.py
[2025-07-16T07:22:24.598+0000] {logging_mixin.py:190} INFO - [2025-07-16T07:22:24.598+0000] {dag.py:3229} INFO - Sync 1 DAGs
[2025-07-16T07:22:24.624+0000] {logging_mixin.py:190} INFO - [2025-07-16T07:22:24.623+0000] {dag.py:4156} INFO - Setting next_dagrun for example_branch_labels to 2025-07-15 00:00:00+00:00, run_after=2025-07-16 00:00:00+00:00
[2025-07-16T07:22:24.655+0000] {processor.py:208} INFO - Processing /home/airflow/.local/lib/python3.12/site-packages/airflow/example_dags/example_branch_labels.py took 0.103 seconds
[2025-07-16T07:22:55.481+0000] {processor.py:186} INFO - Started process (PID=1469) to work on /home/airflow/.local/lib/python3.12/site-packages/airflow/example_dags/example_branch_labels.py
[2025-07-16T07:22:55.483+0000] {processor.py:914} INFO - Processing file /home/airflow/.local/lib/python3.12/site-packages/airflow/example_dags/example_branch_labels.py for tasks to queue
[2025-07-16T07:22:55.488+0000] {logging_mixin.py:190} INFO - [2025-07-16T07:22:55.487+0000] {dagbag.py:587} INFO - Filling up the DagBag from /home/airflow/.local/lib/python3.12/site-packages/airflow/example_dags/example_branch_labels.py
[2025-07-16T07:22:55.507+0000] {processor.py:925} INFO - DAG(s) 'example_branch_labels' retrieved from /home/airflow/.local/lib/python3.12/site-packages/airflow/example_dags/example_branch_labels.py
[2025-07-16T07:22:55.555+0000] {logging_mixin.py:190} INFO - [2025-07-16T07:22:55.547+0000] {dag.py:3229} INFO - Sync 1 DAGs
[2025-07-16T07:22:55.638+0000] {logging_mixin.py:190} INFO - [2025-07-16T07:22:55.637+0000] {dag.py:4156} INFO - Setting next_dagrun for example_branch_labels to 2025-07-15 00:00:00+00:00, run_after=2025-07-16 00:00:00+00:00
[2025-07-16T07:22:55.681+0000] {processor.py:208} INFO - Processing /home/airflow/.local/lib/python3.12/site-packages/airflow/example_dags/example_branch_labels.py took 0.212 seconds
[2025-07-16T07:23:26.596+0000] {processor.py:186} INFO - Started process (PID=1526) to work on /home/airflow/.local/lib/python3.12/site-packages/airflow/example_dags/example_branch_labels.py
[2025-07-16T07:23:26.597+0000] {processor.py:914} INFO - Processing file /home/airflow/.local/lib/python3.12/site-packages/airflow/example_dags/example_branch_labels.py for tasks to queue
[2025-07-16T07:23:26.600+0000] {logging_mixin.py:190} INFO - [2025-07-16T07:23:26.600+0000] {dagbag.py:587} INFO - Filling up the DagBag from /home/airflow/.local/lib/python3.12/site-packages/airflow/example_dags/example_branch_labels.py
[2025-07-16T07:23:26.615+0000] {processor.py:925} INFO - DAG(s) 'example_branch_labels' retrieved from /home/airflow/.local/lib/python3.12/site-packages/airflow/example_dags/example_branch_labels.py
[2025-07-16T07:23:26.639+0000] {logging_mixin.py:190} INFO - [2025-07-16T07:23:26.639+0000] {dag.py:3229} INFO - Sync 1 DAGs
[2025-07-16T07:23:26.663+0000] {logging_mixin.py:190} INFO - [2025-07-16T07:23:26.663+0000] {dag.py:4156} INFO - Setting next_dagrun for example_branch_labels to 2025-07-15 00:00:00+00:00, run_after=2025-07-16 00:00:00+00:00
[2025-07-16T07:23:26.682+0000] {processor.py:208} INFO - Processing /home/airflow/.local/lib/python3.12/site-packages/airflow/example_dags/example_branch_labels.py took 0.094 seconds
[2025-07-16T07:23:57.804+0000] {processor.py:186} INFO - Started process (PID=1583) to work on /home/airflow/.local/lib/python3.12/site-packages/airflow/example_dags/example_branch_labels.py
[2025-07-16T07:23:57.806+0000] {processor.py:914} INFO - Processing file /home/airflow/.local/lib/python3.12/site-packages/airflow/example_dags/example_branch_labels.py for tasks to queue
[2025-07-16T07:23:57.809+0000] {logging_mixin.py:190} INFO - [2025-07-16T07:23:57.809+0000] {dagbag.py:587} INFO - Filling up the DagBag from /home/airflow/.local/lib/python3.12/site-packages/airflow/example_dags/example_branch_labels.py
[2025-07-16T07:23:57.826+0000] {processor.py:925} INFO - DAG(s) 'example_branch_labels' retrieved from /home/airflow/.local/lib/python3.12/site-packages/airflow/example_dags/example_branch_labels.py
[2025-07-16T07:23:57.849+0000] {logging_mixin.py:190} INFO - [2025-07-16T07:23:57.849+0000] {dag.py:3229} INFO - Sync 1 DAGs
[2025-07-16T07:23:57.875+0000] {logging_mixin.py:190} INFO - [2025-07-16T07:23:57.874+0000] {dag.py:4156} INFO - Setting next_dagrun for example_branch_labels to 2025-07-15 00:00:00+00:00, run_after=2025-07-16 00:00:00+00:00
[2025-07-16T07:23:57.899+0000] {processor.py:208} INFO - Processing /home/airflow/.local/lib/python3.12/site-packages/airflow/example_dags/example_branch_labels.py took 0.105 seconds
[2025-07-16T07:24:28.351+0000] {processor.py:186} INFO - Started process (PID=1640) to work on /home/airflow/.local/lib/python3.12/site-packages/airflow/example_dags/example_branch_labels.py
[2025-07-16T07:24:28.352+0000] {processor.py:914} INFO - Processing file /home/airflow/.local/lib/python3.12/site-packages/airflow/example_dags/example_branch_labels.py for tasks to queue
[2025-07-16T07:24:28.355+0000] {logging_mixin.py:190} INFO - [2025-07-16T07:24:28.354+0000] {dagbag.py:587} INFO - Filling up the DagBag from /home/airflow/.local/lib/python3.12/site-packages/airflow/example_dags/example_branch_labels.py
[2025-07-16T07:24:28.366+0000] {processor.py:925} INFO - DAG(s) 'example_branch_labels' retrieved from /home/airflow/.local/lib/python3.12/site-packages/airflow/example_dags/example_branch_labels.py
[2025-07-16T07:24:28.393+0000] {logging_mixin.py:190} INFO - [2025-07-16T07:24:28.392+0000] {dag.py:3229} INFO - Sync 1 DAGs
[2025-07-16T07:24:28.419+0000] {logging_mixin.py:190} INFO - [2025-07-16T07:24:28.418+0000] {dag.py:4156} INFO - Setting next_dagrun for example_branch_labels to 2025-07-15 00:00:00+00:00, run_after=2025-07-16 00:00:00+00:00
[2025-07-16T07:24:28.441+0000] {processor.py:208} INFO - Processing /home/airflow/.local/lib/python3.12/site-packages/airflow/example_dags/example_branch_labels.py took 0.097 seconds
[2025-07-16T07:24:59.251+0000] {processor.py:186} INFO - Started process (PID=1697) to work on /home/airflow/.local/lib/python3.12/site-packages/airflow/example_dags/example_branch_labels.py
[2025-07-16T07:24:59.252+0000] {processor.py:914} INFO - Processing file /home/airflow/.local/lib/python3.12/site-packages/airflow/example_dags/example_branch_labels.py for tasks to queue
[2025-07-16T07:24:59.255+0000] {logging_mixin.py:190} INFO - [2025-07-16T07:24:59.254+0000] {dagbag.py:587} INFO - Filling up the DagBag from /home/airflow/.local/lib/python3.12/site-packages/airflow/example_dags/example_branch_labels.py
[2025-07-16T07:24:59.265+0000] {processor.py:925} INFO - DAG(s) 'example_branch_labels' retrieved from /home/airflow/.local/lib/python3.12/site-packages/airflow/example_dags/example_branch_labels.py
[2025-07-16T07:24:59.286+0000] {logging_mixin.py:190} INFO - [2025-07-16T07:24:59.285+0000] {dag.py:3229} INFO - Sync 1 DAGs
[2025-07-16T07:24:59.311+0000] {logging_mixin.py:190} INFO - [2025-07-16T07:24:59.310+0000] {dag.py:4156} INFO - Setting next_dagrun for example_branch_labels to 2025-07-15 00:00:00+00:00, run_after=2025-07-16 00:00:00+00:00
[2025-07-16T07:24:59.334+0000] {processor.py:208} INFO - Processing /home/airflow/.local/lib/python3.12/site-packages/airflow/example_dags/example_branch_labels.py took 0.091 seconds
[2025-07-16T07:25:30.176+0000] {processor.py:186} INFO - Started process (PID=1754) to work on /home/airflow/.local/lib/python3.12/site-packages/airflow/example_dags/example_branch_labels.py
[2025-07-16T07:25:30.178+0000] {processor.py:914} INFO - Processing file /home/airflow/.local/lib/python3.12/site-packages/airflow/example_dags/example_branch_labels.py for tasks to queue
[2025-07-16T07:25:30.182+0000] {logging_mixin.py:190} INFO - [2025-07-16T07:25:30.182+0000] {dagbag.py:587} INFO - Filling up the DagBag from /home/airflow/.local/lib/python3.12/site-packages/airflow/example_dags/example_branch_labels.py
[2025-07-16T07:25:30.201+0000] {processor.py:925} INFO - DAG(s) 'example_branch_labels' retrieved from /home/airflow/.local/lib/python3.12/site-packages/airflow/example_dags/example_branch_labels.py
[2025-07-16T07:25:30.230+0000] {logging_mixin.py:190} INFO - [2025-07-16T07:25:30.229+0000] {dag.py:3229} INFO - Sync 1 DAGs
[2025-07-16T07:25:30.256+0000] {logging_mixin.py:190} INFO - [2025-07-16T07:25:30.256+0000] {dag.py:4156} INFO - Setting next_dagrun for example_branch_labels to 2025-07-15 00:00:00+00:00, run_after=2025-07-16 00:00:00+00:00
[2025-07-16T07:25:30.278+0000] {processor.py:208} INFO - Processing /home/airflow/.local/lib/python3.12/site-packages/airflow/example_dags/example_branch_labels.py took 0.109 seconds
[2025-07-16T07:26:01.013+0000] {processor.py:186} INFO - Started process (PID=1811) to work on /home/airflow/.local/lib/python3.12/site-packages/airflow/example_dags/example_branch_labels.py
[2025-07-16T07:26:01.014+0000] {processor.py:914} INFO - Processing file /home/airflow/.local/lib/python3.12/site-packages/airflow/example_dags/example_branch_labels.py for tasks to queue
[2025-07-16T07:26:01.017+0000] {logging_mixin.py:190} INFO - [2025-07-16T07:26:01.016+0000] {dagbag.py:587} INFO - Filling up the DagBag from /home/airflow/.local/lib/python3.12/site-packages/airflow/example_dags/example_branch_labels.py
[2025-07-16T07:26:01.029+0000] {processor.py:925} INFO - DAG(s) 'example_branch_labels' retrieved from /home/airflow/.local/lib/python3.12/site-packages/airflow/example_dags/example_branch_labels.py
[2025-07-16T07:26:01.052+0000] {logging_mixin.py:190} INFO - [2025-07-16T07:26:01.051+0000] {dag.py:3229} INFO - Sync 1 DAGs
[2025-07-16T07:26:01.078+0000] {logging_mixin.py:190} INFO - [2025-07-16T07:26:01.078+0000] {dag.py:4156} INFO - Setting next_dagrun for example_branch_labels to 2025-07-15 00:00:00+00:00, run_after=2025-07-16 00:00:00+00:00
[2025-07-16T07:26:01.101+0000] {processor.py:208} INFO - Processing /home/airflow/.local/lib/python3.12/site-packages/airflow/example_dags/example_branch_labels.py took 0.096 seconds
[2025-07-16T07:26:31.305+0000] {processor.py:186} INFO - Started process (PID=1868) to work on /home/airflow/.local/lib/python3.12/site-packages/airflow/example_dags/example_branch_labels.py
[2025-07-16T07:26:31.306+0000] {processor.py:914} INFO - Processing file /home/airflow/.local/lib/python3.12/site-packages/airflow/example_dags/example_branch_labels.py for tasks to queue
[2025-07-16T07:26:31.309+0000] {logging_mixin.py:190} INFO - [2025-07-16T07:26:31.308+0000] {dagbag.py:587} INFO - Filling up the DagBag from /home/airflow/.local/lib/python3.12/site-packages/airflow/example_dags/example_branch_labels.py
[2025-07-16T07:26:31.320+0000] {processor.py:925} INFO - DAG(s) 'example_branch_labels' retrieved from /home/airflow/.local/lib/python3.12/site-packages/airflow/example_dags/example_branch_labels.py
[2025-07-16T07:26:31.344+0000] {logging_mixin.py:190} INFO - [2025-07-16T07:26:31.344+0000] {dag.py:3229} INFO - Sync 1 DAGs
[2025-07-16T07:26:31.371+0000] {logging_mixin.py:190} INFO - [2025-07-16T07:26:31.371+0000] {dag.py:4156} INFO - Setting next_dagrun for example_branch_labels to 2025-07-15 00:00:00+00:00, run_after=2025-07-16 00:00:00+00:00
[2025-07-16T07:26:31.396+0000] {processor.py:208} INFO - Processing /home/airflow/.local/lib/python3.12/site-packages/airflow/example_dags/example_branch_labels.py took 0.099 seconds
[2025-07-16T07:27:02.413+0000] {processor.py:186} INFO - Started process (PID=1925) to work on /home/airflow/.local/lib/python3.12/site-packages/airflow/example_dags/example_branch_labels.py
[2025-07-16T07:27:02.414+0000] {processor.py:914} INFO - Processing file /home/airflow/.local/lib/python3.12/site-packages/airflow/example_dags/example_branch_labels.py for tasks to queue
[2025-07-16T07:27:02.416+0000] {logging_mixin.py:190} INFO - [2025-07-16T07:27:02.416+0000] {dagbag.py:587} INFO - Filling up the DagBag from /home/airflow/.local/lib/python3.12/site-packages/airflow/example_dags/example_branch_labels.py
[2025-07-16T07:27:02.427+0000] {processor.py:925} INFO - DAG(s) 'example_branch_labels' retrieved from /home/airflow/.local/lib/python3.12/site-packages/airflow/example_dags/example_branch_labels.py
[2025-07-16T07:27:02.447+0000] {logging_mixin.py:190} INFO - [2025-07-16T07:27:02.447+0000] {dag.py:3229} INFO - Sync 1 DAGs
[2025-07-16T07:27:02.471+0000] {logging_mixin.py:190} INFO - [2025-07-16T07:27:02.471+0000] {dag.py:4156} INFO - Setting next_dagrun for example_branch_labels to 2025-07-15 00:00:00+00:00, run_after=2025-07-16 00:00:00+00:00
[2025-07-16T07:27:02.492+0000] {processor.py:208} INFO - Processing /home/airflow/.local/lib/python3.12/site-packages/airflow/example_dags/example_branch_labels.py took 0.086 seconds
[2025-07-16T07:27:33.417+0000] {processor.py:186} INFO - Started process (PID=1982) to work on /home/airflow/.local/lib/python3.12/site-packages/airflow/example_dags/example_branch_labels.py
[2025-07-16T07:27:33.418+0000] {processor.py:914} INFO - Processing file /home/airflow/.local/lib/python3.12/site-packages/airflow/example_dags/example_branch_labels.py for tasks to queue
[2025-07-16T07:27:33.420+0000] {logging_mixin.py:190} INFO - [2025-07-16T07:27:33.420+0000] {dagbag.py:587} INFO - Filling up the DagBag from /home/airflow/.local/lib/python3.12/site-packages/airflow/example_dags/example_branch_labels.py
[2025-07-16T07:27:33.431+0000] {processor.py:925} INFO - DAG(s) 'example_branch_labels' retrieved from /home/airflow/.local/lib/python3.12/site-packages/airflow/example_dags/example_branch_labels.py
[2025-07-16T07:27:33.454+0000] {logging_mixin.py:190} INFO - [2025-07-16T07:27:33.454+0000] {dag.py:3229} INFO - Sync 1 DAGs
[2025-07-16T07:27:33.482+0000] {logging_mixin.py:190} INFO - [2025-07-16T07:27:33.481+0000] {dag.py:4156} INFO - Setting next_dagrun for example_branch_labels to 2025-07-15 00:00:00+00:00, run_after=2025-07-16 00:00:00+00:00
[2025-07-16T07:27:33.504+0000] {processor.py:208} INFO - Processing /home/airflow/.local/lib/python3.12/site-packages/airflow/example_dags/example_branch_labels.py took 0.094 seconds
[2025-07-16T07:28:04.880+0000] {processor.py:186} INFO - Started process (PID=2039) to work on /home/airflow/.local/lib/python3.12/site-packages/airflow/example_dags/example_branch_labels.py
[2025-07-16T07:28:04.881+0000] {processor.py:914} INFO - Processing file /home/airflow/.local/lib/python3.12/site-packages/airflow/example_dags/example_branch_labels.py for tasks to queue
[2025-07-16T07:28:04.884+0000] {logging_mixin.py:190} INFO - [2025-07-16T07:28:04.884+0000] {dagbag.py:587} INFO - Filling up the DagBag from /home/airflow/.local/lib/python3.12/site-packages/airflow/example_dags/example_branch_labels.py
[2025-07-16T07:28:04.894+0000] {processor.py:925} INFO - DAG(s) 'example_branch_labels' retrieved from /home/airflow/.local/lib/python3.12/site-packages/airflow/example_dags/example_branch_labels.py
[2025-07-16T07:28:04.915+0000] {logging_mixin.py:190} INFO - [2025-07-16T07:28:04.915+0000] {dag.py:3229} INFO - Sync 1 DAGs
[2025-07-16T07:28:04.940+0000] {logging_mixin.py:190} INFO - [2025-07-16T07:28:04.940+0000] {dag.py:4156} INFO - Setting next_dagrun for example_branch_labels to 2025-07-15 00:00:00+00:00, run_after=2025-07-16 00:00:00+00:00
[2025-07-16T07:28:04.961+0000] {processor.py:208} INFO - Processing /home/airflow/.local/lib/python3.12/site-packages/airflow/example_dags/example_branch_labels.py took 0.087 seconds
[2025-07-16T07:28:36.318+0000] {processor.py:186} INFO - Started process (PID=2096) to work on /home/airflow/.local/lib/python3.12/site-packages/airflow/example_dags/example_branch_labels.py
[2025-07-16T07:28:36.319+0000] {processor.py:914} INFO - Processing file /home/airflow/.local/lib/python3.12/site-packages/airflow/example_dags/example_branch_labels.py for tasks to queue
[2025-07-16T07:28:36.322+0000] {logging_mixin.py:190} INFO - [2025-07-16T07:28:36.322+0000] {dagbag.py:587} INFO - Filling up the DagBag from /home/airflow/.local/lib/python3.12/site-packages/airflow/example_dags/example_branch_labels.py
[2025-07-16T07:28:36.335+0000] {processor.py:925} INFO - DAG(s) 'example_branch_labels' retrieved from /home/airflow/.local/lib/python3.12/site-packages/airflow/example_dags/example_branch_labels.py
[2025-07-16T07:28:36.360+0000] {logging_mixin.py:190} INFO - [2025-07-16T07:28:36.360+0000] {dag.py:3229} INFO - Sync 1 DAGs
[2025-07-16T07:28:36.395+0000] {logging_mixin.py:190} INFO - [2025-07-16T07:28:36.394+0000] {dag.py:4156} INFO - Setting next_dagrun for example_branch_labels to 2025-07-15 00:00:00+00:00, run_after=2025-07-16 00:00:00+00:00
[2025-07-16T07:28:36.419+0000] {processor.py:208} INFO - Processing /home/airflow/.local/lib/python3.12/site-packages/airflow/example_dags/example_branch_labels.py took 0.108 seconds
[2025-07-16T07:29:07.297+0000] {processor.py:186} INFO - Started process (PID=2153) to work on /home/airflow/.local/lib/python3.12/site-packages/airflow/example_dags/example_branch_labels.py
[2025-07-16T07:29:07.298+0000] {processor.py:914} INFO - Processing file /home/airflow/.local/lib/python3.12/site-packages/airflow/example_dags/example_branch_labels.py for tasks to queue
[2025-07-16T07:29:07.302+0000] {logging_mixin.py:190} INFO - [2025-07-16T07:29:07.302+0000] {dagbag.py:587} INFO - Filling up the DagBag from /home/airflow/.local/lib/python3.12/site-packages/airflow/example_dags/example_branch_labels.py
[2025-07-16T07:29:07.316+0000] {processor.py:925} INFO - DAG(s) 'example_branch_labels' retrieved from /home/airflow/.local/lib/python3.12/site-packages/airflow/example_dags/example_branch_labels.py
[2025-07-16T07:29:07.347+0000] {logging_mixin.py:190} INFO - [2025-07-16T07:29:07.346+0000] {dag.py:3229} INFO - Sync 1 DAGs
[2025-07-16T07:29:07.374+0000] {logging_mixin.py:190} INFO - [2025-07-16T07:29:07.374+0000] {dag.py:4156} INFO - Setting next_dagrun for example_branch_labels to 2025-07-15 00:00:00+00:00, run_after=2025-07-16 00:00:00+00:00
[2025-07-16T07:29:07.400+0000] {processor.py:208} INFO - Processing /home/airflow/.local/lib/python3.12/site-packages/airflow/example_dags/example_branch_labels.py took 0.111 seconds
[2025-07-16T07:29:37.661+0000] {processor.py:186} INFO - Started process (PID=2210) to work on /home/airflow/.local/lib/python3.12/site-packages/airflow/example_dags/example_branch_labels.py
[2025-07-16T07:29:37.662+0000] {processor.py:914} INFO - Processing file /home/airflow/.local/lib/python3.12/site-packages/airflow/example_dags/example_branch_labels.py for tasks to queue
[2025-07-16T07:29:37.664+0000] {logging_mixin.py:190} INFO - [2025-07-16T07:29:37.664+0000] {dagbag.py:587} INFO - Filling up the DagBag from /home/airflow/.local/lib/python3.12/site-packages/airflow/example_dags/example_branch_labels.py
[2025-07-16T07:29:37.676+0000] {processor.py:925} INFO - DAG(s) 'example_branch_labels' retrieved from /home/airflow/.local/lib/python3.12/site-packages/airflow/example_dags/example_branch_labels.py
[2025-07-16T07:29:37.697+0000] {logging_mixin.py:190} INFO - [2025-07-16T07:29:37.697+0000] {dag.py:3229} INFO - Sync 1 DAGs
[2025-07-16T07:29:37.723+0000] {logging_mixin.py:190} INFO - [2025-07-16T07:29:37.723+0000] {dag.py:4156} INFO - Setting next_dagrun for example_branch_labels to 2025-07-15 00:00:00+00:00, run_after=2025-07-16 00:00:00+00:00
[2025-07-16T07:29:37.744+0000] {processor.py:208} INFO - Processing /home/airflow/.local/lib/python3.12/site-packages/airflow/example_dags/example_branch_labels.py took 0.091 seconds
[2025-07-16T07:30:08.177+0000] {processor.py:186} INFO - Started process (PID=2267) to work on /home/airflow/.local/lib/python3.12/site-packages/airflow/example_dags/example_branch_labels.py
[2025-07-16T07:30:08.178+0000] {processor.py:914} INFO - Processing file /home/airflow/.local/lib/python3.12/site-packages/airflow/example_dags/example_branch_labels.py for tasks to queue
[2025-07-16T07:30:08.181+0000] {logging_mixin.py:190} INFO - [2025-07-16T07:30:08.181+0000] {dagbag.py:587} INFO - Filling up the DagBag from /home/airflow/.local/lib/python3.12/site-packages/airflow/example_dags/example_branch_labels.py
[2025-07-16T07:30:08.193+0000] {processor.py:925} INFO - DAG(s) 'example_branch_labels' retrieved from /home/airflow/.local/lib/python3.12/site-packages/airflow/example_dags/example_branch_labels.py
[2025-07-16T07:30:08.216+0000] {logging_mixin.py:190} INFO - [2025-07-16T07:30:08.216+0000] {dag.py:3229} INFO - Sync 1 DAGs
[2025-07-16T07:30:08.248+0000] {logging_mixin.py:190} INFO - [2025-07-16T07:30:08.247+0000] {dag.py:4156} INFO - Setting next_dagrun for example_branch_labels to 2025-07-15 00:00:00+00:00, run_after=2025-07-16 00:00:00+00:00
[2025-07-16T07:30:08.273+0000] {processor.py:208} INFO - Processing /home/airflow/.local/lib/python3.12/site-packages/airflow/example_dags/example_branch_labels.py took 0.104 seconds
[2025-07-16T07:30:39.705+0000] {processor.py:186} INFO - Started process (PID=2324) to work on /home/airflow/.local/lib/python3.12/site-packages/airflow/example_dags/example_branch_labels.py
[2025-07-16T07:30:39.706+0000] {processor.py:914} INFO - Processing file /home/airflow/.local/lib/python3.12/site-packages/airflow/example_dags/example_branch_labels.py for tasks to queue
[2025-07-16T07:30:39.708+0000] {logging_mixin.py:190} INFO - [2025-07-16T07:30:39.708+0000] {dagbag.py:587} INFO - Filling up the DagBag from /home/airflow/.local/lib/python3.12/site-packages/airflow/example_dags/example_branch_labels.py
[2025-07-16T07:30:39.720+0000] {processor.py:925} INFO - DAG(s) 'example_branch_labels' retrieved from /home/airflow/.local/lib/python3.12/site-packages/airflow/example_dags/example_branch_labels.py
[2025-07-16T07:30:39.743+0000] {logging_mixin.py:190} INFO - [2025-07-16T07:30:39.742+0000] {dag.py:3229} INFO - Sync 1 DAGs
[2025-07-16T07:30:39.769+0000] {logging_mixin.py:190} INFO - [2025-07-16T07:30:39.769+0000] {dag.py:4156} INFO - Setting next_dagrun for example_branch_labels to 2025-07-15 00:00:00+00:00, run_after=2025-07-16 00:00:00+00:00
[2025-07-16T07:30:39.792+0000] {processor.py:208} INFO - Processing /home/airflow/.local/lib/python3.12/site-packages/airflow/example_dags/example_branch_labels.py took 0.095 seconds
[2025-07-16T07:31:10.491+0000] {processor.py:186} INFO - Started process (PID=2381) to work on /home/airflow/.local/lib/python3.12/site-packages/airflow/example_dags/example_branch_labels.py
[2025-07-16T07:31:10.492+0000] {processor.py:914} INFO - Processing file /home/airflow/.local/lib/python3.12/site-packages/airflow/example_dags/example_branch_labels.py for tasks to queue
[2025-07-16T07:31:10.494+0000] {logging_mixin.py:190} INFO - [2025-07-16T07:31:10.494+0000] {dagbag.py:587} INFO - Filling up the DagBag from /home/airflow/.local/lib/python3.12/site-packages/airflow/example_dags/example_branch_labels.py
[2025-07-16T07:31:10.505+0000] {processor.py:925} INFO - DAG(s) 'example_branch_labels' retrieved from /home/airflow/.local/lib/python3.12/site-packages/airflow/example_dags/example_branch_labels.py
[2025-07-16T07:31:10.530+0000] {logging_mixin.py:190} INFO - [2025-07-16T07:31:10.529+0000] {dag.py:3229} INFO - Sync 1 DAGs
[2025-07-16T07:31:10.575+0000] {logging_mixin.py:190} INFO - [2025-07-16T07:31:10.575+0000] {dag.py:4156} INFO - Setting next_dagrun for example_branch_labels to 2025-07-15 00:00:00+00:00, run_after=2025-07-16 00:00:00+00:00
[2025-07-16T07:31:10.603+0000] {processor.py:208} INFO - Processing /home/airflow/.local/lib/python3.12/site-packages/airflow/example_dags/example_branch_labels.py took 0.119 seconds
[2025-07-16T07:31:41.806+0000] {processor.py:186} INFO - Started process (PID=2438) to work on /home/airflow/.local/lib/python3.12/site-packages/airflow/example_dags/example_branch_labels.py
[2025-07-16T07:31:41.807+0000] {processor.py:914} INFO - Processing file /home/airflow/.local/lib/python3.12/site-packages/airflow/example_dags/example_branch_labels.py for tasks to queue
[2025-07-16T07:31:41.809+0000] {logging_mixin.py:190} INFO - [2025-07-16T07:31:41.809+0000] {dagbag.py:587} INFO - Filling up the DagBag from /home/airflow/.local/lib/python3.12/site-packages/airflow/example_dags/example_branch_labels.py
[2025-07-16T07:31:41.820+0000] {processor.py:925} INFO - DAG(s) 'example_branch_labels' retrieved from /home/airflow/.local/lib/python3.12/site-packages/airflow/example_dags/example_branch_labels.py
[2025-07-16T07:31:41.841+0000] {logging_mixin.py:190} INFO - [2025-07-16T07:31:41.841+0000] {dag.py:3229} INFO - Sync 1 DAGs
[2025-07-16T07:31:41.867+0000] {logging_mixin.py:190} INFO - [2025-07-16T07:31:41.867+0000] {dag.py:4156} INFO - Setting next_dagrun for example_branch_labels to 2025-07-15 00:00:00+00:00, run_after=2025-07-16 00:00:00+00:00
[2025-07-16T07:31:41.889+0000] {processor.py:208} INFO - Processing /home/airflow/.local/lib/python3.12/site-packages/airflow/example_dags/example_branch_labels.py took 0.089 seconds
[2025-07-16T07:33:01.143+0000] {processor.py:186} INFO - Started process (PID=45) to work on /home/airflow/.local/lib/python3.12/site-packages/airflow/example_dags/example_branch_labels.py
[2025-07-16T07:33:01.146+0000] {processor.py:914} INFO - Processing file /home/airflow/.local/lib/python3.12/site-packages/airflow/example_dags/example_branch_labels.py for tasks to queue
[2025-07-16T07:33:01.148+0000] {logging_mixin.py:190} INFO - [2025-07-16T07:33:01.148+0000] {dagbag.py:587} INFO - Filling up the DagBag from /home/airflow/.local/lib/python3.12/site-packages/airflow/example_dags/example_branch_labels.py
[2025-07-16T07:33:01.172+0000] {processor.py:925} INFO - DAG(s) 'example_branch_labels' retrieved from /home/airflow/.local/lib/python3.12/site-packages/airflow/example_dags/example_branch_labels.py
[2025-07-16T07:33:01.214+0000] {logging_mixin.py:190} INFO - [2025-07-16T07:33:01.214+0000] {dag.py:3229} INFO - Sync 1 DAGs
[2025-07-16T07:33:01.263+0000] {logging_mixin.py:190} INFO - [2025-07-16T07:33:01.263+0000] {dag.py:4156} INFO - Setting next_dagrun for example_branch_labels to 2025-07-15 00:00:00+00:00, run_after=2025-07-16 00:00:00+00:00
[2025-07-16T07:33:01.309+0000] {processor.py:208} INFO - Processing /home/airflow/.local/lib/python3.12/site-packages/airflow/example_dags/example_branch_labels.py took 0.181 seconds
[2025-07-16T07:33:32.056+0000] {processor.py:186} INFO - Started process (PID=102) to work on /home/airflow/.local/lib/python3.12/site-packages/airflow/example_dags/example_branch_labels.py
[2025-07-16T07:33:32.057+0000] {processor.py:914} INFO - Processing file /home/airflow/.local/lib/python3.12/site-packages/airflow/example_dags/example_branch_labels.py for tasks to queue
[2025-07-16T07:33:32.059+0000] {logging_mixin.py:190} INFO - [2025-07-16T07:33:32.059+0000] {dagbag.py:587} INFO - Filling up the DagBag from /home/airflow/.local/lib/python3.12/site-packages/airflow/example_dags/example_branch_labels.py
[2025-07-16T07:33:32.070+0000] {processor.py:925} INFO - DAG(s) 'example_branch_labels' retrieved from /home/airflow/.local/lib/python3.12/site-packages/airflow/example_dags/example_branch_labels.py
[2025-07-16T07:33:32.094+0000] {logging_mixin.py:190} INFO - [2025-07-16T07:33:32.093+0000] {dag.py:3229} INFO - Sync 1 DAGs
[2025-07-16T07:33:32.122+0000] {logging_mixin.py:190} INFO - [2025-07-16T07:33:32.122+0000] {dag.py:4156} INFO - Setting next_dagrun for example_branch_labels to 2025-07-15 00:00:00+00:00, run_after=2025-07-16 00:00:00+00:00
[2025-07-16T07:33:32.145+0000] {processor.py:208} INFO - Processing /home/airflow/.local/lib/python3.12/site-packages/airflow/example_dags/example_branch_labels.py took 0.097 seconds
[2025-07-16T07:34:03.071+0000] {processor.py:186} INFO - Started process (PID=159) to work on /home/airflow/.local/lib/python3.12/site-packages/airflow/example_dags/example_branch_labels.py
[2025-07-16T07:34:03.073+0000] {processor.py:914} INFO - Processing file /home/airflow/.local/lib/python3.12/site-packages/airflow/example_dags/example_branch_labels.py for tasks to queue
[2025-07-16T07:34:03.076+0000] {logging_mixin.py:190} INFO - [2025-07-16T07:34:03.076+0000] {dagbag.py:587} INFO - Filling up the DagBag from /home/airflow/.local/lib/python3.12/site-packages/airflow/example_dags/example_branch_labels.py
[2025-07-16T07:34:03.090+0000] {processor.py:925} INFO - DAG(s) 'example_branch_labels' retrieved from /home/airflow/.local/lib/python3.12/site-packages/airflow/example_dags/example_branch_labels.py
[2025-07-16T07:34:03.113+0000] {logging_mixin.py:190} INFO - [2025-07-16T07:34:03.113+0000] {dag.py:3229} INFO - Sync 1 DAGs
[2025-07-16T07:34:03.138+0000] {logging_mixin.py:190} INFO - [2025-07-16T07:34:03.138+0000] {dag.py:4156} INFO - Setting next_dagrun for example_branch_labels to 2025-07-15 00:00:00+00:00, run_after=2025-07-16 00:00:00+00:00
[2025-07-16T07:34:03.159+0000] {processor.py:208} INFO - Processing /home/airflow/.local/lib/python3.12/site-packages/airflow/example_dags/example_branch_labels.py took 0.095 seconds
[2025-07-16T07:34:33.892+0000] {processor.py:186} INFO - Started process (PID=216) to work on /home/airflow/.local/lib/python3.12/site-packages/airflow/example_dags/example_branch_labels.py
[2025-07-16T07:34:33.893+0000] {processor.py:914} INFO - Processing file /home/airflow/.local/lib/python3.12/site-packages/airflow/example_dags/example_branch_labels.py for tasks to queue
[2025-07-16T07:34:33.896+0000] {logging_mixin.py:190} INFO - [2025-07-16T07:34:33.895+0000] {dagbag.py:587} INFO - Filling up the DagBag from /home/airflow/.local/lib/python3.12/site-packages/airflow/example_dags/example_branch_labels.py
[2025-07-16T07:34:33.906+0000] {processor.py:925} INFO - DAG(s) 'example_branch_labels' retrieved from /home/airflow/.local/lib/python3.12/site-packages/airflow/example_dags/example_branch_labels.py
[2025-07-16T07:34:33.927+0000] {logging_mixin.py:190} INFO - [2025-07-16T07:34:33.927+0000] {dag.py:3229} INFO - Sync 1 DAGs
[2025-07-16T07:34:33.952+0000] {logging_mixin.py:190} INFO - [2025-07-16T07:34:33.951+0000] {dag.py:4156} INFO - Setting next_dagrun for example_branch_labels to 2025-07-15 00:00:00+00:00, run_after=2025-07-16 00:00:00+00:00
[2025-07-16T07:34:33.973+0000] {processor.py:208} INFO - Processing /home/airflow/.local/lib/python3.12/site-packages/airflow/example_dags/example_branch_labels.py took 0.087 seconds
[2025-07-16T07:35:04.916+0000] {processor.py:186} INFO - Started process (PID=273) to work on /home/airflow/.local/lib/python3.12/site-packages/airflow/example_dags/example_branch_labels.py
[2025-07-16T07:35:04.917+0000] {processor.py:914} INFO - Processing file /home/airflow/.local/lib/python3.12/site-packages/airflow/example_dags/example_branch_labels.py for tasks to queue
[2025-07-16T07:35:04.919+0000] {logging_mixin.py:190} INFO - [2025-07-16T07:35:04.919+0000] {dagbag.py:587} INFO - Filling up the DagBag from /home/airflow/.local/lib/python3.12/site-packages/airflow/example_dags/example_branch_labels.py
[2025-07-16T07:35:04.931+0000] {processor.py:925} INFO - DAG(s) 'example_branch_labels' retrieved from /home/airflow/.local/lib/python3.12/site-packages/airflow/example_dags/example_branch_labels.py
[2025-07-16T07:35:04.955+0000] {logging_mixin.py:190} INFO - [2025-07-16T07:35:04.954+0000] {dag.py:3229} INFO - Sync 1 DAGs
[2025-07-16T07:35:04.985+0000] {logging_mixin.py:190} INFO - [2025-07-16T07:35:04.984+0000] {dag.py:4156} INFO - Setting next_dagrun for example_branch_labels to 2025-07-15 00:00:00+00:00, run_after=2025-07-16 00:00:00+00:00
[2025-07-16T07:35:05.009+0000] {processor.py:208} INFO - Processing /home/airflow/.local/lib/python3.12/site-packages/airflow/example_dags/example_branch_labels.py took 0.101 seconds
[2025-07-16T07:35:35.274+0000] {processor.py:186} INFO - Started process (PID=330) to work on /home/airflow/.local/lib/python3.12/site-packages/airflow/example_dags/example_branch_labels.py
[2025-07-16T07:35:35.276+0000] {processor.py:914} INFO - Processing file /home/airflow/.local/lib/python3.12/site-packages/airflow/example_dags/example_branch_labels.py for tasks to queue
[2025-07-16T07:35:35.279+0000] {logging_mixin.py:190} INFO - [2025-07-16T07:35:35.278+0000] {dagbag.py:587} INFO - Filling up the DagBag from /home/airflow/.local/lib/python3.12/site-packages/airflow/example_dags/example_branch_labels.py
[2025-07-16T07:35:35.291+0000] {processor.py:925} INFO - DAG(s) 'example_branch_labels' retrieved from /home/airflow/.local/lib/python3.12/site-packages/airflow/example_dags/example_branch_labels.py
[2025-07-16T07:35:35.315+0000] {logging_mixin.py:190} INFO - [2025-07-16T07:35:35.315+0000] {dag.py:3229} INFO - Sync 1 DAGs
[2025-07-16T07:35:35.346+0000] {logging_mixin.py:190} INFO - [2025-07-16T07:35:35.345+0000] {dag.py:4156} INFO - Setting next_dagrun for example_branch_labels to 2025-07-15 00:00:00+00:00, run_after=2025-07-16 00:00:00+00:00
[2025-07-16T07:35:35.368+0000] {processor.py:208} INFO - Processing /home/airflow/.local/lib/python3.12/site-packages/airflow/example_dags/example_branch_labels.py took 0.103 seconds
[2025-07-16T07:36:05.562+0000] {processor.py:186} INFO - Started process (PID=387) to work on /home/airflow/.local/lib/python3.12/site-packages/airflow/example_dags/example_branch_labels.py
[2025-07-16T07:36:05.563+0000] {processor.py:914} INFO - Processing file /home/airflow/.local/lib/python3.12/site-packages/airflow/example_dags/example_branch_labels.py for tasks to queue
[2025-07-16T07:36:05.566+0000] {logging_mixin.py:190} INFO - [2025-07-16T07:36:05.565+0000] {dagbag.py:587} INFO - Filling up the DagBag from /home/airflow/.local/lib/python3.12/site-packages/airflow/example_dags/example_branch_labels.py
[2025-07-16T07:36:05.577+0000] {processor.py:925} INFO - DAG(s) 'example_branch_labels' retrieved from /home/airflow/.local/lib/python3.12/site-packages/airflow/example_dags/example_branch_labels.py
[2025-07-16T07:36:05.600+0000] {logging_mixin.py:190} INFO - [2025-07-16T07:36:05.600+0000] {dag.py:3229} INFO - Sync 1 DAGs
[2025-07-16T07:36:05.629+0000] {logging_mixin.py:190} INFO - [2025-07-16T07:36:05.629+0000] {dag.py:4156} INFO - Setting next_dagrun for example_branch_labels to 2025-07-15 00:00:00+00:00, run_after=2025-07-16 00:00:00+00:00
[2025-07-16T07:36:05.649+0000] {processor.py:208} INFO - Processing /home/airflow/.local/lib/python3.12/site-packages/airflow/example_dags/example_branch_labels.py took 0.095 seconds
[2025-07-16T07:36:36.370+0000] {processor.py:186} INFO - Started process (PID=444) to work on /home/airflow/.local/lib/python3.12/site-packages/airflow/example_dags/example_branch_labels.py
[2025-07-16T07:36:36.372+0000] {processor.py:914} INFO - Processing file /home/airflow/.local/lib/python3.12/site-packages/airflow/example_dags/example_branch_labels.py for tasks to queue
[2025-07-16T07:36:36.375+0000] {logging_mixin.py:190} INFO - [2025-07-16T07:36:36.374+0000] {dagbag.py:587} INFO - Filling up the DagBag from /home/airflow/.local/lib/python3.12/site-packages/airflow/example_dags/example_branch_labels.py
[2025-07-16T07:36:36.385+0000] {processor.py:925} INFO - DAG(s) 'example_branch_labels' retrieved from /home/airflow/.local/lib/python3.12/site-packages/airflow/example_dags/example_branch_labels.py
[2025-07-16T07:36:36.406+0000] {logging_mixin.py:190} INFO - [2025-07-16T07:36:36.406+0000] {dag.py:3229} INFO - Sync 1 DAGs
[2025-07-16T07:36:36.429+0000] {logging_mixin.py:190} INFO - [2025-07-16T07:36:36.428+0000] {dag.py:4156} INFO - Setting next_dagrun for example_branch_labels to 2025-07-15 00:00:00+00:00, run_after=2025-07-16 00:00:00+00:00
[2025-07-16T07:36:37.155+0000] {processor.py:208} INFO - Processing /home/airflow/.local/lib/python3.12/site-packages/airflow/example_dags/example_branch_labels.py took 0.791 seconds
[2025-07-16T07:37:07.776+0000] {processor.py:186} INFO - Started process (PID=501) to work on /home/airflow/.local/lib/python3.12/site-packages/airflow/example_dags/example_branch_labels.py
[2025-07-16T07:37:07.777+0000] {processor.py:914} INFO - Processing file /home/airflow/.local/lib/python3.12/site-packages/airflow/example_dags/example_branch_labels.py for tasks to queue
[2025-07-16T07:37:07.781+0000] {logging_mixin.py:190} INFO - [2025-07-16T07:37:07.781+0000] {dagbag.py:587} INFO - Filling up the DagBag from /home/airflow/.local/lib/python3.12/site-packages/airflow/example_dags/example_branch_labels.py
[2025-07-16T07:37:07.797+0000] {processor.py:925} INFO - DAG(s) 'example_branch_labels' retrieved from /home/airflow/.local/lib/python3.12/site-packages/airflow/example_dags/example_branch_labels.py
[2025-07-16T07:37:07.826+0000] {logging_mixin.py:190} INFO - [2025-07-16T07:37:07.825+0000] {dag.py:3229} INFO - Sync 1 DAGs
[2025-07-16T07:37:07.853+0000] {logging_mixin.py:190} INFO - [2025-07-16T07:37:07.853+0000] {dag.py:4156} INFO - Setting next_dagrun for example_branch_labels to 2025-07-15 00:00:00+00:00, run_after=2025-07-16 00:00:00+00:00
[2025-07-16T07:37:07.876+0000] {processor.py:208} INFO - Processing /home/airflow/.local/lib/python3.12/site-packages/airflow/example_dags/example_branch_labels.py took 0.110 seconds
[2025-07-16T07:37:38.349+0000] {processor.py:186} INFO - Started process (PID=558) to work on /home/airflow/.local/lib/python3.12/site-packages/airflow/example_dags/example_branch_labels.py
[2025-07-16T07:37:38.351+0000] {processor.py:914} INFO - Processing file /home/airflow/.local/lib/python3.12/site-packages/airflow/example_dags/example_branch_labels.py for tasks to queue
[2025-07-16T07:37:38.353+0000] {logging_mixin.py:190} INFO - [2025-07-16T07:37:38.353+0000] {dagbag.py:587} INFO - Filling up the DagBag from /home/airflow/.local/lib/python3.12/site-packages/airflow/example_dags/example_branch_labels.py
[2025-07-16T07:37:38.364+0000] {processor.py:925} INFO - DAG(s) 'example_branch_labels' retrieved from /home/airflow/.local/lib/python3.12/site-packages/airflow/example_dags/example_branch_labels.py
[2025-07-16T07:37:38.388+0000] {logging_mixin.py:190} INFO - [2025-07-16T07:37:38.388+0000] {dag.py:3229} INFO - Sync 1 DAGs
[2025-07-16T07:37:38.419+0000] {logging_mixin.py:190} INFO - [2025-07-16T07:37:38.418+0000] {dag.py:4156} INFO - Setting next_dagrun for example_branch_labels to 2025-07-15 00:00:00+00:00, run_after=2025-07-16 00:00:00+00:00
[2025-07-16T07:37:38.446+0000] {processor.py:208} INFO - Processing /home/airflow/.local/lib/python3.12/site-packages/airflow/example_dags/example_branch_labels.py took 0.104 seconds
[2025-07-16T07:38:08.695+0000] {processor.py:186} INFO - Started process (PID=615) to work on /home/airflow/.local/lib/python3.12/site-packages/airflow/example_dags/example_branch_labels.py
[2025-07-16T07:38:08.696+0000] {processor.py:914} INFO - Processing file /home/airflow/.local/lib/python3.12/site-packages/airflow/example_dags/example_branch_labels.py for tasks to queue
[2025-07-16T07:38:08.699+0000] {logging_mixin.py:190} INFO - [2025-07-16T07:38:08.699+0000] {dagbag.py:587} INFO - Filling up the DagBag from /home/airflow/.local/lib/python3.12/site-packages/airflow/example_dags/example_branch_labels.py
[2025-07-16T07:38:08.712+0000] {processor.py:925} INFO - DAG(s) 'example_branch_labels' retrieved from /home/airflow/.local/lib/python3.12/site-packages/airflow/example_dags/example_branch_labels.py
[2025-07-16T07:38:08.740+0000] {logging_mixin.py:190} INFO - [2025-07-16T07:38:08.740+0000] {dag.py:3229} INFO - Sync 1 DAGs
[2025-07-16T07:38:08.776+0000] {logging_mixin.py:190} INFO - [2025-07-16T07:38:08.773+0000] {dag.py:4156} INFO - Setting next_dagrun for example_branch_labels to 2025-07-15 00:00:00+00:00, run_after=2025-07-16 00:00:00+00:00
[2025-07-16T07:38:08.807+0000] {processor.py:208} INFO - Processing /home/airflow/.local/lib/python3.12/site-packages/airflow/example_dags/example_branch_labels.py took 0.120 seconds
[2025-07-16T07:38:39.735+0000] {processor.py:186} INFO - Started process (PID=672) to work on /home/airflow/.local/lib/python3.12/site-packages/airflow/example_dags/example_branch_labels.py
[2025-07-16T07:38:39.736+0000] {processor.py:914} INFO - Processing file /home/airflow/.local/lib/python3.12/site-packages/airflow/example_dags/example_branch_labels.py for tasks to queue
[2025-07-16T07:38:39.739+0000] {logging_mixin.py:190} INFO - [2025-07-16T07:38:39.739+0000] {dagbag.py:587} INFO - Filling up the DagBag from /home/airflow/.local/lib/python3.12/site-packages/airflow/example_dags/example_branch_labels.py
[2025-07-16T07:38:39.750+0000] {processor.py:925} INFO - DAG(s) 'example_branch_labels' retrieved from /home/airflow/.local/lib/python3.12/site-packages/airflow/example_dags/example_branch_labels.py
[2025-07-16T07:38:39.772+0000] {logging_mixin.py:190} INFO - [2025-07-16T07:38:39.771+0000] {dag.py:3229} INFO - Sync 1 DAGs
[2025-07-16T07:38:39.795+0000] {logging_mixin.py:190} INFO - [2025-07-16T07:38:39.795+0000] {dag.py:4156} INFO - Setting next_dagrun for example_branch_labels to 2025-07-15 00:00:00+00:00, run_after=2025-07-16 00:00:00+00:00
[2025-07-16T07:38:39.821+0000] {processor.py:208} INFO - Processing /home/airflow/.local/lib/python3.12/site-packages/airflow/example_dags/example_branch_labels.py took 0.092 seconds
[2025-07-16T07:39:10.261+0000] {processor.py:186} INFO - Started process (PID=729) to work on /home/airflow/.local/lib/python3.12/site-packages/airflow/example_dags/example_branch_labels.py
[2025-07-16T07:39:10.263+0000] {processor.py:914} INFO - Processing file /home/airflow/.local/lib/python3.12/site-packages/airflow/example_dags/example_branch_labels.py for tasks to queue
[2025-07-16T07:39:10.265+0000] {logging_mixin.py:190} INFO - [2025-07-16T07:39:10.265+0000] {dagbag.py:587} INFO - Filling up the DagBag from /home/airflow/.local/lib/python3.12/site-packages/airflow/example_dags/example_branch_labels.py
[2025-07-16T07:39:10.277+0000] {processor.py:925} INFO - DAG(s) 'example_branch_labels' retrieved from /home/airflow/.local/lib/python3.12/site-packages/airflow/example_dags/example_branch_labels.py
[2025-07-16T07:39:10.299+0000] {logging_mixin.py:190} INFO - [2025-07-16T07:39:10.299+0000] {dag.py:3229} INFO - Sync 1 DAGs
[2025-07-16T07:39:10.323+0000] {logging_mixin.py:190} INFO - [2025-07-16T07:39:10.323+0000] {dag.py:4156} INFO - Setting next_dagrun for example_branch_labels to 2025-07-15 00:00:00+00:00, run_after=2025-07-16 00:00:00+00:00
[2025-07-16T07:39:10.349+0000] {processor.py:208} INFO - Processing /home/airflow/.local/lib/python3.12/site-packages/airflow/example_dags/example_branch_labels.py took 0.095 seconds
[2025-07-16T07:39:40.835+0000] {processor.py:186} INFO - Started process (PID=786) to work on /home/airflow/.local/lib/python3.12/site-packages/airflow/example_dags/example_branch_labels.py
[2025-07-16T07:39:40.836+0000] {processor.py:914} INFO - Processing file /home/airflow/.local/lib/python3.12/site-packages/airflow/example_dags/example_branch_labels.py for tasks to queue
[2025-07-16T07:39:40.838+0000] {logging_mixin.py:190} INFO - [2025-07-16T07:39:40.838+0000] {dagbag.py:587} INFO - Filling up the DagBag from /home/airflow/.local/lib/python3.12/site-packages/airflow/example_dags/example_branch_labels.py
[2025-07-16T07:39:40.849+0000] {processor.py:925} INFO - DAG(s) 'example_branch_labels' retrieved from /home/airflow/.local/lib/python3.12/site-packages/airflow/example_dags/example_branch_labels.py
[2025-07-16T07:39:40.873+0000] {logging_mixin.py:190} INFO - [2025-07-16T07:39:40.873+0000] {dag.py:3229} INFO - Sync 1 DAGs
[2025-07-16T07:39:40.915+0000] {logging_mixin.py:190} INFO - [2025-07-16T07:39:40.915+0000] {dag.py:4156} INFO - Setting next_dagrun for example_branch_labels to 2025-07-15 00:00:00+00:00, run_after=2025-07-16 00:00:00+00:00
[2025-07-16T07:39:40.938+0000] {processor.py:208} INFO - Processing /home/airflow/.local/lib/python3.12/site-packages/airflow/example_dags/example_branch_labels.py took 0.111 seconds
[2025-07-16T07:40:11.475+0000] {processor.py:186} INFO - Started process (PID=843) to work on /home/airflow/.local/lib/python3.12/site-packages/airflow/example_dags/example_branch_labels.py
[2025-07-16T07:40:11.476+0000] {processor.py:914} INFO - Processing file /home/airflow/.local/lib/python3.12/site-packages/airflow/example_dags/example_branch_labels.py for tasks to queue
[2025-07-16T07:40:11.478+0000] {logging_mixin.py:190} INFO - [2025-07-16T07:40:11.478+0000] {dagbag.py:587} INFO - Filling up the DagBag from /home/airflow/.local/lib/python3.12/site-packages/airflow/example_dags/example_branch_labels.py
[2025-07-16T07:40:11.488+0000] {processor.py:925} INFO - DAG(s) 'example_branch_labels' retrieved from /home/airflow/.local/lib/python3.12/site-packages/airflow/example_dags/example_branch_labels.py
[2025-07-16T07:40:11.516+0000] {logging_mixin.py:190} INFO - [2025-07-16T07:40:11.516+0000] {dag.py:3229} INFO - Sync 1 DAGs
[2025-07-16T07:40:11.553+0000] {logging_mixin.py:190} INFO - [2025-07-16T07:40:11.552+0000] {dag.py:4156} INFO - Setting next_dagrun for example_branch_labels to 2025-07-15 00:00:00+00:00, run_after=2025-07-16 00:00:00+00:00
[2025-07-16T07:40:11.577+0000] {processor.py:208} INFO - Processing /home/airflow/.local/lib/python3.12/site-packages/airflow/example_dags/example_branch_labels.py took 0.109 seconds
[2025-07-16T07:40:42.161+0000] {processor.py:186} INFO - Started process (PID=900) to work on /home/airflow/.local/lib/python3.12/site-packages/airflow/example_dags/example_branch_labels.py
[2025-07-16T07:40:42.162+0000] {processor.py:914} INFO - Processing file /home/airflow/.local/lib/python3.12/site-packages/airflow/example_dags/example_branch_labels.py for tasks to queue
[2025-07-16T07:40:42.165+0000] {logging_mixin.py:190} INFO - [2025-07-16T07:40:42.165+0000] {dagbag.py:587} INFO - Filling up the DagBag from /home/airflow/.local/lib/python3.12/site-packages/airflow/example_dags/example_branch_labels.py
[2025-07-16T07:40:42.179+0000] {processor.py:925} INFO - DAG(s) 'example_branch_labels' retrieved from /home/airflow/.local/lib/python3.12/site-packages/airflow/example_dags/example_branch_labels.py
[2025-07-16T07:40:42.202+0000] {logging_mixin.py:190} INFO - [2025-07-16T07:40:42.202+0000] {dag.py:3229} INFO - Sync 1 DAGs
[2025-07-16T07:40:42.229+0000] {logging_mixin.py:190} INFO - [2025-07-16T07:40:42.229+0000] {dag.py:4156} INFO - Setting next_dagrun for example_branch_labels to 2025-07-15 00:00:00+00:00, run_after=2025-07-16 00:00:00+00:00
[2025-07-16T07:40:42.254+0000] {processor.py:208} INFO - Processing /home/airflow/.local/lib/python3.12/site-packages/airflow/example_dags/example_branch_labels.py took 0.100 seconds
