[2025-07-16T07:10:09.425+0000] {processor.py:186} INFO - Started process (PID=40) to work on /home/airflow/.local/lib/python3.12/site-packages/airflow/example_dags/example_dag_decorator.py
[2025-07-16T07:10:09.426+0000] {processor.py:914} INFO - Processing file /home/airflow/.local/lib/python3.12/site-packages/airflow/example_dags/example_dag_decorator.py for tasks to queue
[2025-07-16T07:10:09.449+0000] {logging_mixin.py:190} INFO - [2025-07-16T07:10:09.446+0000] {dagbag.py:587} INFO - Filling up the DagBag from /home/airflow/.local/lib/python3.12/site-packages/airflow/example_dags/example_dag_decorator.py
[2025-07-16T07:10:09.559+0000] {processor.py:925} INFO - DAG(s) 'example_dag_decorator' retrieved from /home/airflow/.local/lib/python3.12/site-packages/airflow/example_dags/example_dag_decorator.py
[2025-07-16T07:10:09.973+0000] {logging_mixin.py:190} INFO - [2025-07-16T07:10:09.973+0000] {dag.py:3229} INFO - Sync 1 DAGs
[2025-07-16T07:10:10.035+0000] {logging_mixin.py:190} INFO - [2025-07-16T07:10:10.034+0000] {dag.py:4156} INFO - Setting next_dagrun for example_dag_decorator to None, run_after=None
[2025-07-16T07:10:10.103+0000] {processor.py:208} INFO - Processing /home/airflow/.local/lib/python3.12/site-packages/airflow/example_dags/example_dag_decorator.py took 0.687 seconds
[2025-07-16T07:10:41.085+0000] {processor.py:186} INFO - Started process (PID=97) to work on /home/airflow/.local/lib/python3.12/site-packages/airflow/example_dags/example_dag_decorator.py
[2025-07-16T07:10:41.087+0000] {processor.py:914} INFO - Processing file /home/airflow/.local/lib/python3.12/site-packages/airflow/example_dags/example_dag_decorator.py for tasks to queue
[2025-07-16T07:10:41.089+0000] {logging_mixin.py:190} INFO - [2025-07-16T07:10:41.089+0000] {dagbag.py:587} INFO - Filling up the DagBag from /home/airflow/.local/lib/python3.12/site-packages/airflow/example_dags/example_dag_decorator.py
[2025-07-16T07:10:41.101+0000] {processor.py:925} INFO - DAG(s) 'example_dag_decorator' retrieved from /home/airflow/.local/lib/python3.12/site-packages/airflow/example_dags/example_dag_decorator.py
[2025-07-16T07:10:41.236+0000] {logging_mixin.py:190} INFO - [2025-07-16T07:10:41.236+0000] {dag.py:3229} INFO - Sync 1 DAGs
[2025-07-16T07:10:41.250+0000] {logging_mixin.py:190} INFO - [2025-07-16T07:10:41.250+0000] {dag.py:4156} INFO - Setting next_dagrun for example_dag_decorator to None, run_after=None
[2025-07-16T07:10:41.274+0000] {processor.py:208} INFO - Processing /home/airflow/.local/lib/python3.12/site-packages/airflow/example_dags/example_dag_decorator.py took 0.196 seconds
[2025-07-16T07:11:11.366+0000] {processor.py:186} INFO - Started process (PID=155) to work on /home/airflow/.local/lib/python3.12/site-packages/airflow/example_dags/example_dag_decorator.py
[2025-07-16T07:11:11.367+0000] {processor.py:914} INFO - Processing file /home/airflow/.local/lib/python3.12/site-packages/airflow/example_dags/example_dag_decorator.py for tasks to queue
[2025-07-16T07:11:11.370+0000] {logging_mixin.py:190} INFO - [2025-07-16T07:11:11.370+0000] {dagbag.py:587} INFO - Filling up the DagBag from /home/airflow/.local/lib/python3.12/site-packages/airflow/example_dags/example_dag_decorator.py
[2025-07-16T07:11:11.384+0000] {processor.py:925} INFO - DAG(s) 'example_dag_decorator' retrieved from /home/airflow/.local/lib/python3.12/site-packages/airflow/example_dags/example_dag_decorator.py
[2025-07-16T07:11:11.511+0000] {logging_mixin.py:190} INFO - [2025-07-16T07:11:11.511+0000] {dag.py:3229} INFO - Sync 1 DAGs
[2025-07-16T07:11:11.526+0000] {logging_mixin.py:190} INFO - [2025-07-16T07:11:11.526+0000] {dag.py:4156} INFO - Setting next_dagrun for example_dag_decorator to None, run_after=None
[2025-07-16T07:11:11.554+0000] {processor.py:208} INFO - Processing /home/airflow/.local/lib/python3.12/site-packages/airflow/example_dags/example_dag_decorator.py took 0.195 seconds
[2025-07-16T07:11:41.695+0000] {processor.py:186} INFO - Started process (PID=211) to work on /home/airflow/.local/lib/python3.12/site-packages/airflow/example_dags/example_dag_decorator.py
[2025-07-16T07:11:41.696+0000] {processor.py:914} INFO - Processing file /home/airflow/.local/lib/python3.12/site-packages/airflow/example_dags/example_dag_decorator.py for tasks to queue
[2025-07-16T07:11:41.699+0000] {logging_mixin.py:190} INFO - [2025-07-16T07:11:41.699+0000] {dagbag.py:587} INFO - Filling up the DagBag from /home/airflow/.local/lib/python3.12/site-packages/airflow/example_dags/example_dag_decorator.py
[2025-07-16T07:11:41.712+0000] {processor.py:925} INFO - DAG(s) 'example_dag_decorator' retrieved from /home/airflow/.local/lib/python3.12/site-packages/airflow/example_dags/example_dag_decorator.py
[2025-07-16T07:11:41.882+0000] {logging_mixin.py:190} INFO - [2025-07-16T07:11:41.882+0000] {dag.py:3229} INFO - Sync 1 DAGs
[2025-07-16T07:11:41.898+0000] {logging_mixin.py:190} INFO - [2025-07-16T07:11:41.897+0000] {dag.py:4156} INFO - Setting next_dagrun for example_dag_decorator to None, run_after=None
[2025-07-16T07:11:41.929+0000] {processor.py:208} INFO - Processing /home/airflow/.local/lib/python3.12/site-packages/airflow/example_dags/example_dag_decorator.py took 0.241 seconds
[2025-07-16T07:12:12.246+0000] {processor.py:186} INFO - Started process (PID=268) to work on /home/airflow/.local/lib/python3.12/site-packages/airflow/example_dags/example_dag_decorator.py
[2025-07-16T07:12:12.247+0000] {processor.py:914} INFO - Processing file /home/airflow/.local/lib/python3.12/site-packages/airflow/example_dags/example_dag_decorator.py for tasks to queue
[2025-07-16T07:12:12.250+0000] {logging_mixin.py:190} INFO - [2025-07-16T07:12:12.250+0000] {dagbag.py:587} INFO - Filling up the DagBag from /home/airflow/.local/lib/python3.12/site-packages/airflow/example_dags/example_dag_decorator.py
[2025-07-16T07:12:12.264+0000] {processor.py:925} INFO - DAG(s) 'example_dag_decorator' retrieved from /home/airflow/.local/lib/python3.12/site-packages/airflow/example_dags/example_dag_decorator.py
[2025-07-16T07:12:12.402+0000] {logging_mixin.py:190} INFO - [2025-07-16T07:12:12.402+0000] {dag.py:3229} INFO - Sync 1 DAGs
[2025-07-16T07:12:12.416+0000] {logging_mixin.py:190} INFO - [2025-07-16T07:12:12.416+0000] {dag.py:4156} INFO - Setting next_dagrun for example_dag_decorator to None, run_after=None
[2025-07-16T07:12:12.439+0000] {processor.py:208} INFO - Processing /home/airflow/.local/lib/python3.12/site-packages/airflow/example_dags/example_dag_decorator.py took 0.201 seconds
[2025-07-16T07:12:42.813+0000] {processor.py:186} INFO - Started process (PID=325) to work on /home/airflow/.local/lib/python3.12/site-packages/airflow/example_dags/example_dag_decorator.py
[2025-07-16T07:12:42.818+0000] {processor.py:914} INFO - Processing file /home/airflow/.local/lib/python3.12/site-packages/airflow/example_dags/example_dag_decorator.py for tasks to queue
[2025-07-16T07:12:42.826+0000] {logging_mixin.py:190} INFO - [2025-07-16T07:12:42.825+0000] {dagbag.py:587} INFO - Filling up the DagBag from /home/airflow/.local/lib/python3.12/site-packages/airflow/example_dags/example_dag_decorator.py
[2025-07-16T07:12:42.850+0000] {processor.py:925} INFO - DAG(s) 'example_dag_decorator' retrieved from /home/airflow/.local/lib/python3.12/site-packages/airflow/example_dags/example_dag_decorator.py
[2025-07-16T07:12:43.104+0000] {logging_mixin.py:190} INFO - [2025-07-16T07:12:43.103+0000] {dag.py:3229} INFO - Sync 1 DAGs
[2025-07-16T07:12:43.130+0000] {logging_mixin.py:190} INFO - [2025-07-16T07:12:43.129+0000] {dag.py:4156} INFO - Setting next_dagrun for example_dag_decorator to None, run_after=None
[2025-07-16T07:12:43.178+0000] {processor.py:208} INFO - Processing /home/airflow/.local/lib/python3.12/site-packages/airflow/example_dags/example_dag_decorator.py took 0.381 seconds
[2025-07-16T07:13:13.254+0000] {processor.py:186} INFO - Started process (PID=383) to work on /home/airflow/.local/lib/python3.12/site-packages/airflow/example_dags/example_dag_decorator.py
[2025-07-16T07:13:13.255+0000] {processor.py:914} INFO - Processing file /home/airflow/.local/lib/python3.12/site-packages/airflow/example_dags/example_dag_decorator.py for tasks to queue
[2025-07-16T07:13:13.258+0000] {logging_mixin.py:190} INFO - [2025-07-16T07:13:13.257+0000] {dagbag.py:587} INFO - Filling up the DagBag from /home/airflow/.local/lib/python3.12/site-packages/airflow/example_dags/example_dag_decorator.py
[2025-07-16T07:13:13.270+0000] {processor.py:925} INFO - DAG(s) 'example_dag_decorator' retrieved from /home/airflow/.local/lib/python3.12/site-packages/airflow/example_dags/example_dag_decorator.py
[2025-07-16T07:13:13.384+0000] {logging_mixin.py:190} INFO - [2025-07-16T07:13:13.384+0000] {dag.py:3229} INFO - Sync 1 DAGs
[2025-07-16T07:13:13.395+0000] {logging_mixin.py:190} INFO - [2025-07-16T07:13:13.395+0000] {dag.py:4156} INFO - Setting next_dagrun for example_dag_decorator to None, run_after=None
[2025-07-16T07:13:13.416+0000] {processor.py:208} INFO - Processing /home/airflow/.local/lib/python3.12/site-packages/airflow/example_dags/example_dag_decorator.py took 0.168 seconds
[2025-07-16T07:13:43.877+0000] {processor.py:186} INFO - Started process (PID=439) to work on /home/airflow/.local/lib/python3.12/site-packages/airflow/example_dags/example_dag_decorator.py
[2025-07-16T07:13:43.878+0000] {processor.py:914} INFO - Processing file /home/airflow/.local/lib/python3.12/site-packages/airflow/example_dags/example_dag_decorator.py for tasks to queue
[2025-07-16T07:13:43.881+0000] {logging_mixin.py:190} INFO - [2025-07-16T07:13:43.880+0000] {dagbag.py:587} INFO - Filling up the DagBag from /home/airflow/.local/lib/python3.12/site-packages/airflow/example_dags/example_dag_decorator.py
[2025-07-16T07:13:43.894+0000] {processor.py:925} INFO - DAG(s) 'example_dag_decorator' retrieved from /home/airflow/.local/lib/python3.12/site-packages/airflow/example_dags/example_dag_decorator.py
[2025-07-16T07:13:44.011+0000] {logging_mixin.py:190} INFO - [2025-07-16T07:13:44.011+0000] {dag.py:3229} INFO - Sync 1 DAGs
[2025-07-16T07:13:44.025+0000] {logging_mixin.py:190} INFO - [2025-07-16T07:13:44.025+0000] {dag.py:4156} INFO - Setting next_dagrun for example_dag_decorator to None, run_after=None
[2025-07-16T07:13:44.053+0000] {processor.py:208} INFO - Processing /home/airflow/.local/lib/python3.12/site-packages/airflow/example_dags/example_dag_decorator.py took 0.183 seconds
[2025-07-16T07:14:14.116+0000] {processor.py:186} INFO - Started process (PID=496) to work on /home/airflow/.local/lib/python3.12/site-packages/airflow/example_dags/example_dag_decorator.py
[2025-07-16T07:14:14.117+0000] {processor.py:914} INFO - Processing file /home/airflow/.local/lib/python3.12/site-packages/airflow/example_dags/example_dag_decorator.py for tasks to queue
[2025-07-16T07:14:14.120+0000] {logging_mixin.py:190} INFO - [2025-07-16T07:14:14.120+0000] {dagbag.py:587} INFO - Filling up the DagBag from /home/airflow/.local/lib/python3.12/site-packages/airflow/example_dags/example_dag_decorator.py
[2025-07-16T07:14:14.132+0000] {processor.py:925} INFO - DAG(s) 'example_dag_decorator' retrieved from /home/airflow/.local/lib/python3.12/site-packages/airflow/example_dags/example_dag_decorator.py
[2025-07-16T07:14:14.259+0000] {logging_mixin.py:190} INFO - [2025-07-16T07:14:14.259+0000] {dag.py:3229} INFO - Sync 1 DAGs
[2025-07-16T07:14:14.273+0000] {logging_mixin.py:190} INFO - [2025-07-16T07:14:14.273+0000] {dag.py:4156} INFO - Setting next_dagrun for example_dag_decorator to None, run_after=None
[2025-07-16T07:14:14.306+0000] {processor.py:208} INFO - Processing /home/airflow/.local/lib/python3.12/site-packages/airflow/example_dags/example_dag_decorator.py took 0.196 seconds
[2025-07-16T07:14:44.455+0000] {processor.py:186} INFO - Started process (PID=553) to work on /home/airflow/.local/lib/python3.12/site-packages/airflow/example_dags/example_dag_decorator.py
[2025-07-16T07:14:44.456+0000] {processor.py:914} INFO - Processing file /home/airflow/.local/lib/python3.12/site-packages/airflow/example_dags/example_dag_decorator.py for tasks to queue
[2025-07-16T07:14:44.459+0000] {logging_mixin.py:190} INFO - [2025-07-16T07:14:44.458+0000] {dagbag.py:587} INFO - Filling up the DagBag from /home/airflow/.local/lib/python3.12/site-packages/airflow/example_dags/example_dag_decorator.py
[2025-07-16T07:14:44.470+0000] {processor.py:925} INFO - DAG(s) 'example_dag_decorator' retrieved from /home/airflow/.local/lib/python3.12/site-packages/airflow/example_dags/example_dag_decorator.py
[2025-07-16T07:14:44.602+0000] {logging_mixin.py:190} INFO - [2025-07-16T07:14:44.601+0000] {dag.py:3229} INFO - Sync 1 DAGs
[2025-07-16T07:14:44.616+0000] {logging_mixin.py:190} INFO - [2025-07-16T07:14:44.616+0000] {dag.py:4156} INFO - Setting next_dagrun for example_dag_decorator to None, run_after=None
[2025-07-16T07:14:44.638+0000] {processor.py:208} INFO - Processing /home/airflow/.local/lib/python3.12/site-packages/airflow/example_dags/example_dag_decorator.py took 0.191 seconds
[2025-07-16T07:15:15.323+0000] {processor.py:186} INFO - Started process (PID=610) to work on /home/airflow/.local/lib/python3.12/site-packages/airflow/example_dags/example_dag_decorator.py
[2025-07-16T07:15:15.325+0000] {processor.py:914} INFO - Processing file /home/airflow/.local/lib/python3.12/site-packages/airflow/example_dags/example_dag_decorator.py for tasks to queue
[2025-07-16T07:15:15.327+0000] {logging_mixin.py:190} INFO - [2025-07-16T07:15:15.327+0000] {dagbag.py:587} INFO - Filling up the DagBag from /home/airflow/.local/lib/python3.12/site-packages/airflow/example_dags/example_dag_decorator.py
[2025-07-16T07:15:15.346+0000] {processor.py:925} INFO - DAG(s) 'example_dag_decorator' retrieved from /home/airflow/.local/lib/python3.12/site-packages/airflow/example_dags/example_dag_decorator.py
[2025-07-16T07:15:15.533+0000] {logging_mixin.py:190} INFO - [2025-07-16T07:15:15.533+0000] {dag.py:3229} INFO - Sync 1 DAGs
[2025-07-16T07:15:15.547+0000] {logging_mixin.py:190} INFO - [2025-07-16T07:15:15.547+0000] {dag.py:4156} INFO - Setting next_dagrun for example_dag_decorator to None, run_after=None
[2025-07-16T07:15:15.575+0000] {processor.py:208} INFO - Processing /home/airflow/.local/lib/python3.12/site-packages/airflow/example_dags/example_dag_decorator.py took 0.262 seconds
[2025-07-16T07:15:45.967+0000] {processor.py:186} INFO - Started process (PID=667) to work on /home/airflow/.local/lib/python3.12/site-packages/airflow/example_dags/example_dag_decorator.py
[2025-07-16T07:15:45.968+0000] {processor.py:914} INFO - Processing file /home/airflow/.local/lib/python3.12/site-packages/airflow/example_dags/example_dag_decorator.py for tasks to queue
[2025-07-16T07:15:45.971+0000] {logging_mixin.py:190} INFO - [2025-07-16T07:15:45.970+0000] {dagbag.py:587} INFO - Filling up the DagBag from /home/airflow/.local/lib/python3.12/site-packages/airflow/example_dags/example_dag_decorator.py
[2025-07-16T07:15:45.983+0000] {processor.py:925} INFO - DAG(s) 'example_dag_decorator' retrieved from /home/airflow/.local/lib/python3.12/site-packages/airflow/example_dags/example_dag_decorator.py
[2025-07-16T07:15:46.010+0000] {logging_mixin.py:190} INFO - [2025-07-16T07:15:46.010+0000] {dag.py:3229} INFO - Sync 1 DAGs
[2025-07-16T07:15:46.025+0000] {logging_mixin.py:190} INFO - [2025-07-16T07:15:46.025+0000] {dag.py:4156} INFO - Setting next_dagrun for example_dag_decorator to None, run_after=None
[2025-07-16T07:15:46.047+0000] {processor.py:208} INFO - Processing /home/airflow/.local/lib/python3.12/site-packages/airflow/example_dags/example_dag_decorator.py took 0.087 seconds
[2025-07-16T07:16:16.591+0000] {processor.py:186} INFO - Started process (PID=724) to work on /home/airflow/.local/lib/python3.12/site-packages/airflow/example_dags/example_dag_decorator.py
[2025-07-16T07:16:16.592+0000] {processor.py:914} INFO - Processing file /home/airflow/.local/lib/python3.12/site-packages/airflow/example_dags/example_dag_decorator.py for tasks to queue
[2025-07-16T07:16:16.595+0000] {logging_mixin.py:190} INFO - [2025-07-16T07:16:16.595+0000] {dagbag.py:587} INFO - Filling up the DagBag from /home/airflow/.local/lib/python3.12/site-packages/airflow/example_dags/example_dag_decorator.py
[2025-07-16T07:16:16.607+0000] {processor.py:925} INFO - DAG(s) 'example_dag_decorator' retrieved from /home/airflow/.local/lib/python3.12/site-packages/airflow/example_dags/example_dag_decorator.py
[2025-07-16T07:16:16.738+0000] {logging_mixin.py:190} INFO - [2025-07-16T07:16:16.738+0000] {dag.py:3229} INFO - Sync 1 DAGs
[2025-07-16T07:16:16.752+0000] {logging_mixin.py:190} INFO - [2025-07-16T07:16:16.752+0000] {dag.py:4156} INFO - Setting next_dagrun for example_dag_decorator to None, run_after=None
[2025-07-16T07:16:16.782+0000] {processor.py:208} INFO - Processing /home/airflow/.local/lib/python3.12/site-packages/airflow/example_dags/example_dag_decorator.py took 0.197 seconds
[2025-07-16T07:16:46.962+0000] {processor.py:186} INFO - Started process (PID=781) to work on /home/airflow/.local/lib/python3.12/site-packages/airflow/example_dags/example_dag_decorator.py
[2025-07-16T07:16:46.963+0000] {processor.py:914} INFO - Processing file /home/airflow/.local/lib/python3.12/site-packages/airflow/example_dags/example_dag_decorator.py for tasks to queue
[2025-07-16T07:16:46.967+0000] {logging_mixin.py:190} INFO - [2025-07-16T07:16:46.966+0000] {dagbag.py:587} INFO - Filling up the DagBag from /home/airflow/.local/lib/python3.12/site-packages/airflow/example_dags/example_dag_decorator.py
[2025-07-16T07:16:46.981+0000] {processor.py:925} INFO - DAG(s) 'example_dag_decorator' retrieved from /home/airflow/.local/lib/python3.12/site-packages/airflow/example_dags/example_dag_decorator.py
[2025-07-16T07:16:47.110+0000] {logging_mixin.py:190} INFO - [2025-07-16T07:16:47.110+0000] {dag.py:3229} INFO - Sync 1 DAGs
[2025-07-16T07:16:47.124+0000] {logging_mixin.py:190} INFO - [2025-07-16T07:16:47.123+0000] {dag.py:4156} INFO - Setting next_dagrun for example_dag_decorator to None, run_after=None
[2025-07-16T07:16:47.146+0000] {processor.py:208} INFO - Processing /home/airflow/.local/lib/python3.12/site-packages/airflow/example_dags/example_dag_decorator.py took 0.193 seconds
[2025-07-16T07:17:17.709+0000] {processor.py:186} INFO - Started process (PID=838) to work on /home/airflow/.local/lib/python3.12/site-packages/airflow/example_dags/example_dag_decorator.py
[2025-07-16T07:17:17.710+0000] {processor.py:914} INFO - Processing file /home/airflow/.local/lib/python3.12/site-packages/airflow/example_dags/example_dag_decorator.py for tasks to queue
[2025-07-16T07:17:17.712+0000] {logging_mixin.py:190} INFO - [2025-07-16T07:17:17.712+0000] {dagbag.py:587} INFO - Filling up the DagBag from /home/airflow/.local/lib/python3.12/site-packages/airflow/example_dags/example_dag_decorator.py
[2025-07-16T07:17:17.726+0000] {processor.py:925} INFO - DAG(s) 'example_dag_decorator' retrieved from /home/airflow/.local/lib/python3.12/site-packages/airflow/example_dags/example_dag_decorator.py
[2025-07-16T07:17:17.865+0000] {logging_mixin.py:190} INFO - [2025-07-16T07:17:17.865+0000] {dag.py:3229} INFO - Sync 1 DAGs
[2025-07-16T07:17:17.880+0000] {logging_mixin.py:190} INFO - [2025-07-16T07:17:17.879+0000] {dag.py:4156} INFO - Setting next_dagrun for example_dag_decorator to None, run_after=None
[2025-07-16T07:17:17.909+0000] {processor.py:208} INFO - Processing /home/airflow/.local/lib/python3.12/site-packages/airflow/example_dags/example_dag_decorator.py took 0.207 seconds
[2025-07-16T07:17:48.306+0000] {processor.py:186} INFO - Started process (PID=895) to work on /home/airflow/.local/lib/python3.12/site-packages/airflow/example_dags/example_dag_decorator.py
[2025-07-16T07:17:48.307+0000] {processor.py:914} INFO - Processing file /home/airflow/.local/lib/python3.12/site-packages/airflow/example_dags/example_dag_decorator.py for tasks to queue
[2025-07-16T07:17:48.309+0000] {logging_mixin.py:190} INFO - [2025-07-16T07:17:48.309+0000] {dagbag.py:587} INFO - Filling up the DagBag from /home/airflow/.local/lib/python3.12/site-packages/airflow/example_dags/example_dag_decorator.py
[2025-07-16T07:17:48.321+0000] {processor.py:925} INFO - DAG(s) 'example_dag_decorator' retrieved from /home/airflow/.local/lib/python3.12/site-packages/airflow/example_dags/example_dag_decorator.py
[2025-07-16T07:17:48.443+0000] {logging_mixin.py:190} INFO - [2025-07-16T07:17:48.442+0000] {dag.py:3229} INFO - Sync 1 DAGs
[2025-07-16T07:17:48.455+0000] {logging_mixin.py:190} INFO - [2025-07-16T07:17:48.455+0000] {dag.py:4156} INFO - Setting next_dagrun for example_dag_decorator to None, run_after=None
[2025-07-16T07:17:48.477+0000] {processor.py:208} INFO - Processing /home/airflow/.local/lib/python3.12/site-packages/airflow/example_dags/example_dag_decorator.py took 0.178 seconds
[2025-07-16T07:18:19.029+0000] {processor.py:186} INFO - Started process (PID=952) to work on /home/airflow/.local/lib/python3.12/site-packages/airflow/example_dags/example_dag_decorator.py
[2025-07-16T07:18:19.031+0000] {processor.py:914} INFO - Processing file /home/airflow/.local/lib/python3.12/site-packages/airflow/example_dags/example_dag_decorator.py for tasks to queue
[2025-07-16T07:18:19.035+0000] {logging_mixin.py:190} INFO - [2025-07-16T07:18:19.034+0000] {dagbag.py:587} INFO - Filling up the DagBag from /home/airflow/.local/lib/python3.12/site-packages/airflow/example_dags/example_dag_decorator.py
[2025-07-16T07:18:19.049+0000] {processor.py:925} INFO - DAG(s) 'example_dag_decorator' retrieved from /home/airflow/.local/lib/python3.12/site-packages/airflow/example_dags/example_dag_decorator.py
[2025-07-16T07:18:19.076+0000] {logging_mixin.py:190} INFO - [2025-07-16T07:18:19.076+0000] {dag.py:3229} INFO - Sync 1 DAGs
[2025-07-16T07:18:19.091+0000] {logging_mixin.py:190} INFO - [2025-07-16T07:18:19.091+0000] {dag.py:4156} INFO - Setting next_dagrun for example_dag_decorator to None, run_after=None
[2025-07-16T07:18:19.114+0000] {processor.py:208} INFO - Processing /home/airflow/.local/lib/python3.12/site-packages/airflow/example_dags/example_dag_decorator.py took 0.094 seconds
[2025-07-16T07:18:49.812+0000] {processor.py:186} INFO - Started process (PID=1009) to work on /home/airflow/.local/lib/python3.12/site-packages/airflow/example_dags/example_dag_decorator.py
[2025-07-16T07:18:49.813+0000] {processor.py:914} INFO - Processing file /home/airflow/.local/lib/python3.12/site-packages/airflow/example_dags/example_dag_decorator.py for tasks to queue
[2025-07-16T07:18:49.816+0000] {logging_mixin.py:190} INFO - [2025-07-16T07:18:49.815+0000] {dagbag.py:587} INFO - Filling up the DagBag from /home/airflow/.local/lib/python3.12/site-packages/airflow/example_dags/example_dag_decorator.py
[2025-07-16T07:18:49.830+0000] {processor.py:925} INFO - DAG(s) 'example_dag_decorator' retrieved from /home/airflow/.local/lib/python3.12/site-packages/airflow/example_dags/example_dag_decorator.py
[2025-07-16T07:18:49.954+0000] {logging_mixin.py:190} INFO - [2025-07-16T07:18:49.954+0000] {dag.py:3229} INFO - Sync 1 DAGs
[2025-07-16T07:18:49.966+0000] {logging_mixin.py:190} INFO - [2025-07-16T07:18:49.966+0000] {dag.py:4156} INFO - Setting next_dagrun for example_dag_decorator to None, run_after=None
[2025-07-16T07:18:49.989+0000] {processor.py:208} INFO - Processing /home/airflow/.local/lib/python3.12/site-packages/airflow/example_dags/example_dag_decorator.py took 0.184 seconds
[2025-07-16T07:19:20.359+0000] {processor.py:186} INFO - Started process (PID=1066) to work on /home/airflow/.local/lib/python3.12/site-packages/airflow/example_dags/example_dag_decorator.py
[2025-07-16T07:19:20.360+0000] {processor.py:914} INFO - Processing file /home/airflow/.local/lib/python3.12/site-packages/airflow/example_dags/example_dag_decorator.py for tasks to queue
[2025-07-16T07:19:20.362+0000] {logging_mixin.py:190} INFO - [2025-07-16T07:19:20.362+0000] {dagbag.py:587} INFO - Filling up the DagBag from /home/airflow/.local/lib/python3.12/site-packages/airflow/example_dags/example_dag_decorator.py
[2025-07-16T07:19:20.376+0000] {processor.py:925} INFO - DAG(s) 'example_dag_decorator' retrieved from /home/airflow/.local/lib/python3.12/site-packages/airflow/example_dags/example_dag_decorator.py
[2025-07-16T07:19:20.408+0000] {logging_mixin.py:190} INFO - [2025-07-16T07:19:20.408+0000] {dag.py:3229} INFO - Sync 1 DAGs
[2025-07-16T07:19:20.425+0000] {logging_mixin.py:190} INFO - [2025-07-16T07:19:20.424+0000] {dag.py:4156} INFO - Setting next_dagrun for example_dag_decorator to None, run_after=None
[2025-07-16T07:19:20.449+0000] {processor.py:208} INFO - Processing /home/airflow/.local/lib/python3.12/site-packages/airflow/example_dags/example_dag_decorator.py took 0.099 seconds
[2025-07-16T07:19:50.823+0000] {processor.py:186} INFO - Started process (PID=1123) to work on /home/airflow/.local/lib/python3.12/site-packages/airflow/example_dags/example_dag_decorator.py
[2025-07-16T07:19:50.824+0000] {processor.py:914} INFO - Processing file /home/airflow/.local/lib/python3.12/site-packages/airflow/example_dags/example_dag_decorator.py for tasks to queue
[2025-07-16T07:19:50.826+0000] {logging_mixin.py:190} INFO - [2025-07-16T07:19:50.826+0000] {dagbag.py:587} INFO - Filling up the DagBag from /home/airflow/.local/lib/python3.12/site-packages/airflow/example_dags/example_dag_decorator.py
[2025-07-16T07:19:50.839+0000] {processor.py:925} INFO - DAG(s) 'example_dag_decorator' retrieved from /home/airflow/.local/lib/python3.12/site-packages/airflow/example_dags/example_dag_decorator.py
[2025-07-16T07:19:50.864+0000] {logging_mixin.py:190} INFO - [2025-07-16T07:19:50.864+0000] {dag.py:3229} INFO - Sync 1 DAGs
[2025-07-16T07:19:50.879+0000] {logging_mixin.py:190} INFO - [2025-07-16T07:19:50.879+0000] {dag.py:4156} INFO - Setting next_dagrun for example_dag_decorator to None, run_after=None
[2025-07-16T07:19:50.903+0000] {processor.py:208} INFO - Processing /home/airflow/.local/lib/python3.12/site-packages/airflow/example_dags/example_dag_decorator.py took 0.087 seconds
[2025-07-16T07:20:21.304+0000] {processor.py:186} INFO - Started process (PID=1180) to work on /home/airflow/.local/lib/python3.12/site-packages/airflow/example_dags/example_dag_decorator.py
[2025-07-16T07:20:21.305+0000] {processor.py:914} INFO - Processing file /home/airflow/.local/lib/python3.12/site-packages/airflow/example_dags/example_dag_decorator.py for tasks to queue
[2025-07-16T07:20:21.307+0000] {logging_mixin.py:190} INFO - [2025-07-16T07:20:21.307+0000] {dagbag.py:587} INFO - Filling up the DagBag from /home/airflow/.local/lib/python3.12/site-packages/airflow/example_dags/example_dag_decorator.py
[2025-07-16T07:20:21.319+0000] {processor.py:925} INFO - DAG(s) 'example_dag_decorator' retrieved from /home/airflow/.local/lib/python3.12/site-packages/airflow/example_dags/example_dag_decorator.py
[2025-07-16T07:20:21.345+0000] {logging_mixin.py:190} INFO - [2025-07-16T07:20:21.344+0000] {dag.py:3229} INFO - Sync 1 DAGs
[2025-07-16T07:20:21.360+0000] {logging_mixin.py:190} INFO - [2025-07-16T07:20:21.360+0000] {dag.py:4156} INFO - Setting next_dagrun for example_dag_decorator to None, run_after=None
[2025-07-16T07:20:21.384+0000] {processor.py:208} INFO - Processing /home/airflow/.local/lib/python3.12/site-packages/airflow/example_dags/example_dag_decorator.py took 0.086 seconds
[2025-07-16T07:20:51.846+0000] {processor.py:186} INFO - Started process (PID=1237) to work on /home/airflow/.local/lib/python3.12/site-packages/airflow/example_dags/example_dag_decorator.py
[2025-07-16T07:20:51.848+0000] {processor.py:914} INFO - Processing file /home/airflow/.local/lib/python3.12/site-packages/airflow/example_dags/example_dag_decorator.py for tasks to queue
[2025-07-16T07:20:51.851+0000] {logging_mixin.py:190} INFO - [2025-07-16T07:20:51.851+0000] {dagbag.py:587} INFO - Filling up the DagBag from /home/airflow/.local/lib/python3.12/site-packages/airflow/example_dags/example_dag_decorator.py
[2025-07-16T07:20:51.864+0000] {processor.py:925} INFO - DAG(s) 'example_dag_decorator' retrieved from /home/airflow/.local/lib/python3.12/site-packages/airflow/example_dags/example_dag_decorator.py
[2025-07-16T07:20:51.892+0000] {logging_mixin.py:190} INFO - [2025-07-16T07:20:51.892+0000] {dag.py:3229} INFO - Sync 1 DAGs
[2025-07-16T07:20:51.908+0000] {logging_mixin.py:190} INFO - [2025-07-16T07:20:51.908+0000] {dag.py:4156} INFO - Setting next_dagrun for example_dag_decorator to None, run_after=None
[2025-07-16T07:20:51.936+0000] {processor.py:208} INFO - Processing /home/airflow/.local/lib/python3.12/site-packages/airflow/example_dags/example_dag_decorator.py took 0.097 seconds
[2025-07-16T07:21:22.700+0000] {processor.py:186} INFO - Started process (PID=1294) to work on /home/airflow/.local/lib/python3.12/site-packages/airflow/example_dags/example_dag_decorator.py
[2025-07-16T07:21:22.701+0000] {processor.py:914} INFO - Processing file /home/airflow/.local/lib/python3.12/site-packages/airflow/example_dags/example_dag_decorator.py for tasks to queue
[2025-07-16T07:21:22.704+0000] {logging_mixin.py:190} INFO - [2025-07-16T07:21:22.703+0000] {dagbag.py:587} INFO - Filling up the DagBag from /home/airflow/.local/lib/python3.12/site-packages/airflow/example_dags/example_dag_decorator.py
[2025-07-16T07:21:22.722+0000] {processor.py:925} INFO - DAG(s) 'example_dag_decorator' retrieved from /home/airflow/.local/lib/python3.12/site-packages/airflow/example_dags/example_dag_decorator.py
[2025-07-16T07:21:22.888+0000] {logging_mixin.py:190} INFO - [2025-07-16T07:21:22.888+0000] {dag.py:3229} INFO - Sync 1 DAGs
[2025-07-16T07:21:22.903+0000] {logging_mixin.py:190} INFO - [2025-07-16T07:21:22.902+0000] {dag.py:4156} INFO - Setting next_dagrun for example_dag_decorator to None, run_after=None
[2025-07-16T07:21:22.927+0000] {processor.py:208} INFO - Processing /home/airflow/.local/lib/python3.12/site-packages/airflow/example_dags/example_dag_decorator.py took 0.234 seconds
[2025-07-16T07:21:53.497+0000] {processor.py:186} INFO - Started process (PID=1351) to work on /home/airflow/.local/lib/python3.12/site-packages/airflow/example_dags/example_dag_decorator.py
[2025-07-16T07:21:53.498+0000] {processor.py:914} INFO - Processing file /home/airflow/.local/lib/python3.12/site-packages/airflow/example_dags/example_dag_decorator.py for tasks to queue
[2025-07-16T07:21:53.502+0000] {logging_mixin.py:190} INFO - [2025-07-16T07:21:53.501+0000] {dagbag.py:587} INFO - Filling up the DagBag from /home/airflow/.local/lib/python3.12/site-packages/airflow/example_dags/example_dag_decorator.py
[2025-07-16T07:21:53.515+0000] {processor.py:925} INFO - DAG(s) 'example_dag_decorator' retrieved from /home/airflow/.local/lib/python3.12/site-packages/airflow/example_dags/example_dag_decorator.py
[2025-07-16T07:21:53.638+0000] {logging_mixin.py:190} INFO - [2025-07-16T07:21:53.638+0000] {dag.py:3229} INFO - Sync 1 DAGs
[2025-07-16T07:21:53.650+0000] {logging_mixin.py:190} INFO - [2025-07-16T07:21:53.650+0000] {dag.py:4156} INFO - Setting next_dagrun for example_dag_decorator to None, run_after=None
[2025-07-16T07:21:53.675+0000] {processor.py:208} INFO - Processing /home/airflow/.local/lib/python3.12/site-packages/airflow/example_dags/example_dag_decorator.py took 0.185 seconds
[2025-07-16T07:22:24.196+0000] {processor.py:186} INFO - Started process (PID=1408) to work on /home/airflow/.local/lib/python3.12/site-packages/airflow/example_dags/example_dag_decorator.py
[2025-07-16T07:22:24.197+0000] {processor.py:914} INFO - Processing file /home/airflow/.local/lib/python3.12/site-packages/airflow/example_dags/example_dag_decorator.py for tasks to queue
[2025-07-16T07:22:24.200+0000] {logging_mixin.py:190} INFO - [2025-07-16T07:22:24.200+0000] {dagbag.py:587} INFO - Filling up the DagBag from /home/airflow/.local/lib/python3.12/site-packages/airflow/example_dags/example_dag_decorator.py
[2025-07-16T07:22:24.214+0000] {processor.py:925} INFO - DAG(s) 'example_dag_decorator' retrieved from /home/airflow/.local/lib/python3.12/site-packages/airflow/example_dags/example_dag_decorator.py
[2025-07-16T07:22:24.341+0000] {logging_mixin.py:190} INFO - [2025-07-16T07:22:24.340+0000] {dag.py:3229} INFO - Sync 1 DAGs
[2025-07-16T07:22:24.356+0000] {logging_mixin.py:190} INFO - [2025-07-16T07:22:24.355+0000] {dag.py:4156} INFO - Setting next_dagrun for example_dag_decorator to None, run_after=None
[2025-07-16T07:22:24.382+0000] {processor.py:208} INFO - Processing /home/airflow/.local/lib/python3.12/site-packages/airflow/example_dags/example_dag_decorator.py took 0.192 seconds
[2025-07-16T07:22:55.169+0000] {processor.py:186} INFO - Started process (PID=1465) to work on /home/airflow/.local/lib/python3.12/site-packages/airflow/example_dags/example_dag_decorator.py
[2025-07-16T07:22:55.170+0000] {processor.py:914} INFO - Processing file /home/airflow/.local/lib/python3.12/site-packages/airflow/example_dags/example_dag_decorator.py for tasks to queue
[2025-07-16T07:22:55.173+0000] {logging_mixin.py:190} INFO - [2025-07-16T07:22:55.173+0000] {dagbag.py:587} INFO - Filling up the DagBag from /home/airflow/.local/lib/python3.12/site-packages/airflow/example_dags/example_dag_decorator.py
[2025-07-16T07:22:55.185+0000] {processor.py:925} INFO - DAG(s) 'example_dag_decorator' retrieved from /home/airflow/.local/lib/python3.12/site-packages/airflow/example_dags/example_dag_decorator.py
[2025-07-16T07:22:55.210+0000] {logging_mixin.py:190} INFO - [2025-07-16T07:22:55.210+0000] {dag.py:3229} INFO - Sync 1 DAGs
[2025-07-16T07:22:55.226+0000] {logging_mixin.py:190} INFO - [2025-07-16T07:22:55.226+0000] {dag.py:4156} INFO - Setting next_dagrun for example_dag_decorator to None, run_after=None
[2025-07-16T07:22:55.251+0000] {processor.py:208} INFO - Processing /home/airflow/.local/lib/python3.12/site-packages/airflow/example_dags/example_dag_decorator.py took 0.088 seconds
[2025-07-16T07:23:26.238+0000] {processor.py:186} INFO - Started process (PID=1522) to work on /home/airflow/.local/lib/python3.12/site-packages/airflow/example_dags/example_dag_decorator.py
[2025-07-16T07:23:26.240+0000] {processor.py:914} INFO - Processing file /home/airflow/.local/lib/python3.12/site-packages/airflow/example_dags/example_dag_decorator.py for tasks to queue
[2025-07-16T07:23:26.243+0000] {logging_mixin.py:190} INFO - [2025-07-16T07:23:26.242+0000] {dagbag.py:587} INFO - Filling up the DagBag from /home/airflow/.local/lib/python3.12/site-packages/airflow/example_dags/example_dag_decorator.py
[2025-07-16T07:23:26.256+0000] {processor.py:925} INFO - DAG(s) 'example_dag_decorator' retrieved from /home/airflow/.local/lib/python3.12/site-packages/airflow/example_dags/example_dag_decorator.py
[2025-07-16T07:23:26.407+0000] {logging_mixin.py:190} INFO - [2025-07-16T07:23:26.407+0000] {dag.py:3229} INFO - Sync 1 DAGs
[2025-07-16T07:23:26.420+0000] {logging_mixin.py:190} INFO - [2025-07-16T07:23:26.419+0000] {dag.py:4156} INFO - Setting next_dagrun for example_dag_decorator to None, run_after=None
[2025-07-16T07:23:26.443+0000] {processor.py:208} INFO - Processing /home/airflow/.local/lib/python3.12/site-packages/airflow/example_dags/example_dag_decorator.py took 0.211 seconds
[2025-07-16T07:23:57.414+0000] {processor.py:186} INFO - Started process (PID=1579) to work on /home/airflow/.local/lib/python3.12/site-packages/airflow/example_dags/example_dag_decorator.py
[2025-07-16T07:23:57.415+0000] {processor.py:914} INFO - Processing file /home/airflow/.local/lib/python3.12/site-packages/airflow/example_dags/example_dag_decorator.py for tasks to queue
[2025-07-16T07:23:57.418+0000] {logging_mixin.py:190} INFO - [2025-07-16T07:23:57.417+0000] {dagbag.py:587} INFO - Filling up the DagBag from /home/airflow/.local/lib/python3.12/site-packages/airflow/example_dags/example_dag_decorator.py
[2025-07-16T07:23:57.435+0000] {processor.py:925} INFO - DAG(s) 'example_dag_decorator' retrieved from /home/airflow/.local/lib/python3.12/site-packages/airflow/example_dags/example_dag_decorator.py
[2025-07-16T07:23:57.591+0000] {logging_mixin.py:190} INFO - [2025-07-16T07:23:57.590+0000] {dag.py:3229} INFO - Sync 1 DAGs
[2025-07-16T07:23:57.608+0000] {logging_mixin.py:190} INFO - [2025-07-16T07:23:57.607+0000] {dag.py:4156} INFO - Setting next_dagrun for example_dag_decorator to None, run_after=None
[2025-07-16T07:23:57.630+0000] {processor.py:208} INFO - Processing /home/airflow/.local/lib/python3.12/site-packages/airflow/example_dags/example_dag_decorator.py took 0.224 seconds
[2025-07-16T07:24:27.861+0000] {processor.py:186} INFO - Started process (PID=1636) to work on /home/airflow/.local/lib/python3.12/site-packages/airflow/example_dags/example_dag_decorator.py
[2025-07-16T07:24:27.862+0000] {processor.py:914} INFO - Processing file /home/airflow/.local/lib/python3.12/site-packages/airflow/example_dags/example_dag_decorator.py for tasks to queue
[2025-07-16T07:24:27.864+0000] {logging_mixin.py:190} INFO - [2025-07-16T07:24:27.864+0000] {dagbag.py:587} INFO - Filling up the DagBag from /home/airflow/.local/lib/python3.12/site-packages/airflow/example_dags/example_dag_decorator.py
[2025-07-16T07:24:27.876+0000] {processor.py:925} INFO - DAG(s) 'example_dag_decorator' retrieved from /home/airflow/.local/lib/python3.12/site-packages/airflow/example_dags/example_dag_decorator.py
[2025-07-16T07:24:28.014+0000] {logging_mixin.py:190} INFO - [2025-07-16T07:24:28.014+0000] {dag.py:3229} INFO - Sync 1 DAGs
[2025-07-16T07:24:28.031+0000] {logging_mixin.py:190} INFO - [2025-07-16T07:24:28.031+0000] {dag.py:4156} INFO - Setting next_dagrun for example_dag_decorator to None, run_after=None
[2025-07-16T07:24:28.052+0000] {processor.py:208} INFO - Processing /home/airflow/.local/lib/python3.12/site-packages/airflow/example_dags/example_dag_decorator.py took 0.198 seconds
[2025-07-16T07:24:59.005+0000] {processor.py:186} INFO - Started process (PID=1693) to work on /home/airflow/.local/lib/python3.12/site-packages/airflow/example_dags/example_dag_decorator.py
[2025-07-16T07:24:59.006+0000] {processor.py:914} INFO - Processing file /home/airflow/.local/lib/python3.12/site-packages/airflow/example_dags/example_dag_decorator.py for tasks to queue
[2025-07-16T07:24:59.009+0000] {logging_mixin.py:190} INFO - [2025-07-16T07:24:59.009+0000] {dagbag.py:587} INFO - Filling up the DagBag from /home/airflow/.local/lib/python3.12/site-packages/airflow/example_dags/example_dag_decorator.py
[2025-07-16T07:24:59.022+0000] {processor.py:925} INFO - DAG(s) 'example_dag_decorator' retrieved from /home/airflow/.local/lib/python3.12/site-packages/airflow/example_dags/example_dag_decorator.py
[2025-07-16T07:24:59.049+0000] {logging_mixin.py:190} INFO - [2025-07-16T07:24:59.049+0000] {dag.py:3229} INFO - Sync 1 DAGs
[2025-07-16T07:24:59.065+0000] {logging_mixin.py:190} INFO - [2025-07-16T07:24:59.065+0000] {dag.py:4156} INFO - Setting next_dagrun for example_dag_decorator to None, run_after=None
[2025-07-16T07:24:59.086+0000] {processor.py:208} INFO - Processing /home/airflow/.local/lib/python3.12/site-packages/airflow/example_dags/example_dag_decorator.py took 0.087 seconds
[2025-07-16T07:25:29.814+0000] {processor.py:186} INFO - Started process (PID=1750) to work on /home/airflow/.local/lib/python3.12/site-packages/airflow/example_dags/example_dag_decorator.py
[2025-07-16T07:25:29.815+0000] {processor.py:914} INFO - Processing file /home/airflow/.local/lib/python3.12/site-packages/airflow/example_dags/example_dag_decorator.py for tasks to queue
[2025-07-16T07:25:29.817+0000] {logging_mixin.py:190} INFO - [2025-07-16T07:25:29.817+0000] {dagbag.py:587} INFO - Filling up the DagBag from /home/airflow/.local/lib/python3.12/site-packages/airflow/example_dags/example_dag_decorator.py
[2025-07-16T07:25:29.830+0000] {processor.py:925} INFO - DAG(s) 'example_dag_decorator' retrieved from /home/airflow/.local/lib/python3.12/site-packages/airflow/example_dags/example_dag_decorator.py
[2025-07-16T07:25:29.966+0000] {logging_mixin.py:190} INFO - [2025-07-16T07:25:29.966+0000] {dag.py:3229} INFO - Sync 1 DAGs
[2025-07-16T07:25:29.979+0000] {logging_mixin.py:190} INFO - [2025-07-16T07:25:29.978+0000] {dag.py:4156} INFO - Setting next_dagrun for example_dag_decorator to None, run_after=None
[2025-07-16T07:25:30.002+0000] {processor.py:208} INFO - Processing /home/airflow/.local/lib/python3.12/site-packages/airflow/example_dags/example_dag_decorator.py took 0.195 seconds
[2025-07-16T07:26:00.664+0000] {processor.py:186} INFO - Started process (PID=1807) to work on /home/airflow/.local/lib/python3.12/site-packages/airflow/example_dags/example_dag_decorator.py
[2025-07-16T07:26:00.665+0000] {processor.py:914} INFO - Processing file /home/airflow/.local/lib/python3.12/site-packages/airflow/example_dags/example_dag_decorator.py for tasks to queue
[2025-07-16T07:26:00.667+0000] {logging_mixin.py:190} INFO - [2025-07-16T07:26:00.667+0000] {dagbag.py:587} INFO - Filling up the DagBag from /home/airflow/.local/lib/python3.12/site-packages/airflow/example_dags/example_dag_decorator.py
[2025-07-16T07:26:00.681+0000] {processor.py:925} INFO - DAG(s) 'example_dag_decorator' retrieved from /home/airflow/.local/lib/python3.12/site-packages/airflow/example_dags/example_dag_decorator.py
[2025-07-16T07:26:00.813+0000] {logging_mixin.py:190} INFO - [2025-07-16T07:26:00.813+0000] {dag.py:3229} INFO - Sync 1 DAGs
[2025-07-16T07:26:00.826+0000] {logging_mixin.py:190} INFO - [2025-07-16T07:26:00.826+0000] {dag.py:4156} INFO - Setting next_dagrun for example_dag_decorator to None, run_after=None
[2025-07-16T07:26:00.849+0000] {processor.py:208} INFO - Processing /home/airflow/.local/lib/python3.12/site-packages/airflow/example_dags/example_dag_decorator.py took 0.195 seconds
[2025-07-16T07:26:30.949+0000] {processor.py:186} INFO - Started process (PID=1864) to work on /home/airflow/.local/lib/python3.12/site-packages/airflow/example_dags/example_dag_decorator.py
[2025-07-16T07:26:30.950+0000] {processor.py:914} INFO - Processing file /home/airflow/.local/lib/python3.12/site-packages/airflow/example_dags/example_dag_decorator.py for tasks to queue
[2025-07-16T07:26:30.953+0000] {logging_mixin.py:190} INFO - [2025-07-16T07:26:30.953+0000] {dagbag.py:587} INFO - Filling up the DagBag from /home/airflow/.local/lib/python3.12/site-packages/airflow/example_dags/example_dag_decorator.py
[2025-07-16T07:26:30.966+0000] {processor.py:925} INFO - DAG(s) 'example_dag_decorator' retrieved from /home/airflow/.local/lib/python3.12/site-packages/airflow/example_dags/example_dag_decorator.py
[2025-07-16T07:26:31.092+0000] {logging_mixin.py:190} INFO - [2025-07-16T07:26:31.091+0000] {dag.py:3229} INFO - Sync 1 DAGs
[2025-07-16T07:26:31.111+0000] {logging_mixin.py:190} INFO - [2025-07-16T07:26:31.111+0000] {dag.py:4156} INFO - Setting next_dagrun for example_dag_decorator to None, run_after=None
[2025-07-16T07:26:31.135+0000] {processor.py:208} INFO - Processing /home/airflow/.local/lib/python3.12/site-packages/airflow/example_dags/example_dag_decorator.py took 0.193 seconds
[2025-07-16T07:27:02.073+0000] {processor.py:186} INFO - Started process (PID=1921) to work on /home/airflow/.local/lib/python3.12/site-packages/airflow/example_dags/example_dag_decorator.py
[2025-07-16T07:27:02.074+0000] {processor.py:914} INFO - Processing file /home/airflow/.local/lib/python3.12/site-packages/airflow/example_dags/example_dag_decorator.py for tasks to queue
[2025-07-16T07:27:02.078+0000] {logging_mixin.py:190} INFO - [2025-07-16T07:27:02.078+0000] {dagbag.py:587} INFO - Filling up the DagBag from /home/airflow/.local/lib/python3.12/site-packages/airflow/example_dags/example_dag_decorator.py
[2025-07-16T07:27:02.093+0000] {processor.py:925} INFO - DAG(s) 'example_dag_decorator' retrieved from /home/airflow/.local/lib/python3.12/site-packages/airflow/example_dags/example_dag_decorator.py
[2025-07-16T07:27:02.239+0000] {logging_mixin.py:190} INFO - [2025-07-16T07:27:02.239+0000] {dag.py:3229} INFO - Sync 1 DAGs
[2025-07-16T07:27:02.253+0000] {logging_mixin.py:190} INFO - [2025-07-16T07:27:02.253+0000] {dag.py:4156} INFO - Setting next_dagrun for example_dag_decorator to None, run_after=None
[2025-07-16T07:27:02.280+0000] {processor.py:208} INFO - Processing /home/airflow/.local/lib/python3.12/site-packages/airflow/example_dags/example_dag_decorator.py took 0.215 seconds
[2025-07-16T07:27:33.206+0000] {processor.py:186} INFO - Started process (PID=1979) to work on /home/airflow/.local/lib/python3.12/site-packages/airflow/example_dags/example_dag_decorator.py
[2025-07-16T07:27:33.207+0000] {processor.py:914} INFO - Processing file /home/airflow/.local/lib/python3.12/site-packages/airflow/example_dags/example_dag_decorator.py for tasks to queue
[2025-07-16T07:27:33.210+0000] {logging_mixin.py:190} INFO - [2025-07-16T07:27:33.209+0000] {dagbag.py:587} INFO - Filling up the DagBag from /home/airflow/.local/lib/python3.12/site-packages/airflow/example_dags/example_dag_decorator.py
[2025-07-16T07:27:33.222+0000] {processor.py:925} INFO - DAG(s) 'example_dag_decorator' retrieved from /home/airflow/.local/lib/python3.12/site-packages/airflow/example_dags/example_dag_decorator.py
[2025-07-16T07:27:33.342+0000] {logging_mixin.py:190} INFO - [2025-07-16T07:27:33.341+0000] {dag.py:3229} INFO - Sync 1 DAGs
[2025-07-16T07:27:33.355+0000] {logging_mixin.py:190} INFO - [2025-07-16T07:27:33.355+0000] {dag.py:4156} INFO - Setting next_dagrun for example_dag_decorator to None, run_after=None
[2025-07-16T07:27:33.381+0000] {processor.py:208} INFO - Processing /home/airflow/.local/lib/python3.12/site-packages/airflow/example_dags/example_dag_decorator.py took 0.182 seconds
[2025-07-16T07:28:04.526+0000] {processor.py:186} INFO - Started process (PID=2035) to work on /home/airflow/.local/lib/python3.12/site-packages/airflow/example_dags/example_dag_decorator.py
[2025-07-16T07:28:04.527+0000] {processor.py:914} INFO - Processing file /home/airflow/.local/lib/python3.12/site-packages/airflow/example_dags/example_dag_decorator.py for tasks to queue
[2025-07-16T07:28:04.529+0000] {logging_mixin.py:190} INFO - [2025-07-16T07:28:04.529+0000] {dagbag.py:587} INFO - Filling up the DagBag from /home/airflow/.local/lib/python3.12/site-packages/airflow/example_dags/example_dag_decorator.py
[2025-07-16T07:28:04.541+0000] {processor.py:925} INFO - DAG(s) 'example_dag_decorator' retrieved from /home/airflow/.local/lib/python3.12/site-packages/airflow/example_dags/example_dag_decorator.py
[2025-07-16T07:28:04.666+0000] {logging_mixin.py:190} INFO - [2025-07-16T07:28:04.666+0000] {dag.py:3229} INFO - Sync 1 DAGs
[2025-07-16T07:28:04.678+0000] {logging_mixin.py:190} INFO - [2025-07-16T07:28:04.678+0000] {dag.py:4156} INFO - Setting next_dagrun for example_dag_decorator to None, run_after=None
[2025-07-16T07:28:04.707+0000] {processor.py:208} INFO - Processing /home/airflow/.local/lib/python3.12/site-packages/airflow/example_dags/example_dag_decorator.py took 0.188 seconds
[2025-07-16T07:28:35.922+0000] {processor.py:186} INFO - Started process (PID=2092) to work on /home/airflow/.local/lib/python3.12/site-packages/airflow/example_dags/example_dag_decorator.py
[2025-07-16T07:28:35.925+0000] {processor.py:914} INFO - Processing file /home/airflow/.local/lib/python3.12/site-packages/airflow/example_dags/example_dag_decorator.py for tasks to queue
[2025-07-16T07:28:35.936+0000] {logging_mixin.py:190} INFO - [2025-07-16T07:28:35.935+0000] {dagbag.py:587} INFO - Filling up the DagBag from /home/airflow/.local/lib/python3.12/site-packages/airflow/example_dags/example_dag_decorator.py
[2025-07-16T07:28:35.958+0000] {processor.py:925} INFO - DAG(s) 'example_dag_decorator' retrieved from /home/airflow/.local/lib/python3.12/site-packages/airflow/example_dags/example_dag_decorator.py
[2025-07-16T07:28:36.109+0000] {logging_mixin.py:190} INFO - [2025-07-16T07:28:36.109+0000] {dag.py:3229} INFO - Sync 1 DAGs
[2025-07-16T07:28:36.122+0000] {logging_mixin.py:190} INFO - [2025-07-16T07:28:36.122+0000] {dag.py:4156} INFO - Setting next_dagrun for example_dag_decorator to None, run_after=None
[2025-07-16T07:28:36.152+0000] {processor.py:208} INFO - Processing /home/airflow/.local/lib/python3.12/site-packages/airflow/example_dags/example_dag_decorator.py took 0.252 seconds
[2025-07-16T07:29:06.924+0000] {processor.py:186} INFO - Started process (PID=2149) to work on /home/airflow/.local/lib/python3.12/site-packages/airflow/example_dags/example_dag_decorator.py
[2025-07-16T07:29:06.926+0000] {processor.py:914} INFO - Processing file /home/airflow/.local/lib/python3.12/site-packages/airflow/example_dags/example_dag_decorator.py for tasks to queue
[2025-07-16T07:29:06.928+0000] {logging_mixin.py:190} INFO - [2025-07-16T07:29:06.928+0000] {dagbag.py:587} INFO - Filling up the DagBag from /home/airflow/.local/lib/python3.12/site-packages/airflow/example_dags/example_dag_decorator.py
[2025-07-16T07:29:06.941+0000] {processor.py:925} INFO - DAG(s) 'example_dag_decorator' retrieved from /home/airflow/.local/lib/python3.12/site-packages/airflow/example_dags/example_dag_decorator.py
[2025-07-16T07:29:07.085+0000] {logging_mixin.py:190} INFO - [2025-07-16T07:29:07.084+0000] {dag.py:3229} INFO - Sync 1 DAGs
[2025-07-16T07:29:07.097+0000] {logging_mixin.py:190} INFO - [2025-07-16T07:29:07.096+0000] {dag.py:4156} INFO - Setting next_dagrun for example_dag_decorator to None, run_after=None
[2025-07-16T07:29:07.122+0000] {processor.py:208} INFO - Processing /home/airflow/.local/lib/python3.12/site-packages/airflow/example_dags/example_dag_decorator.py took 0.204 seconds
[2025-07-16T07:29:37.326+0000] {processor.py:186} INFO - Started process (PID=2206) to work on /home/airflow/.local/lib/python3.12/site-packages/airflow/example_dags/example_dag_decorator.py
[2025-07-16T07:29:37.327+0000] {processor.py:914} INFO - Processing file /home/airflow/.local/lib/python3.12/site-packages/airflow/example_dags/example_dag_decorator.py for tasks to queue
[2025-07-16T07:29:37.330+0000] {logging_mixin.py:190} INFO - [2025-07-16T07:29:37.329+0000] {dagbag.py:587} INFO - Filling up the DagBag from /home/airflow/.local/lib/python3.12/site-packages/airflow/example_dags/example_dag_decorator.py
[2025-07-16T07:29:37.343+0000] {processor.py:925} INFO - DAG(s) 'example_dag_decorator' retrieved from /home/airflow/.local/lib/python3.12/site-packages/airflow/example_dags/example_dag_decorator.py
[2025-07-16T07:29:37.475+0000] {logging_mixin.py:190} INFO - [2025-07-16T07:29:37.475+0000] {dag.py:3229} INFO - Sync 1 DAGs
[2025-07-16T07:29:37.490+0000] {logging_mixin.py:190} INFO - [2025-07-16T07:29:37.490+0000] {dag.py:4156} INFO - Setting next_dagrun for example_dag_decorator to None, run_after=None
[2025-07-16T07:29:37.518+0000] {processor.py:208} INFO - Processing /home/airflow/.local/lib/python3.12/site-packages/airflow/example_dags/example_dag_decorator.py took 0.198 seconds
[2025-07-16T07:30:07.791+0000] {processor.py:186} INFO - Started process (PID=2263) to work on /home/airflow/.local/lib/python3.12/site-packages/airflow/example_dags/example_dag_decorator.py
[2025-07-16T07:30:07.792+0000] {processor.py:914} INFO - Processing file /home/airflow/.local/lib/python3.12/site-packages/airflow/example_dags/example_dag_decorator.py for tasks to queue
[2025-07-16T07:30:07.795+0000] {logging_mixin.py:190} INFO - [2025-07-16T07:30:07.794+0000] {dagbag.py:587} INFO - Filling up the DagBag from /home/airflow/.local/lib/python3.12/site-packages/airflow/example_dags/example_dag_decorator.py
[2025-07-16T07:30:07.812+0000] {processor.py:925} INFO - DAG(s) 'example_dag_decorator' retrieved from /home/airflow/.local/lib/python3.12/site-packages/airflow/example_dags/example_dag_decorator.py
[2025-07-16T07:30:07.959+0000] {logging_mixin.py:190} INFO - [2025-07-16T07:30:07.958+0000] {dag.py:3229} INFO - Sync 1 DAGs
[2025-07-16T07:30:07.974+0000] {logging_mixin.py:190} INFO - [2025-07-16T07:30:07.974+0000] {dag.py:4156} INFO - Setting next_dagrun for example_dag_decorator to None, run_after=None
[2025-07-16T07:30:08.004+0000] {processor.py:208} INFO - Processing /home/airflow/.local/lib/python3.12/site-packages/airflow/example_dags/example_dag_decorator.py took 0.223 seconds
[2025-07-16T07:30:39.367+0000] {processor.py:186} INFO - Started process (PID=2320) to work on /home/airflow/.local/lib/python3.12/site-packages/airflow/example_dags/example_dag_decorator.py
[2025-07-16T07:30:39.368+0000] {processor.py:914} INFO - Processing file /home/airflow/.local/lib/python3.12/site-packages/airflow/example_dags/example_dag_decorator.py for tasks to queue
[2025-07-16T07:30:39.371+0000] {logging_mixin.py:190} INFO - [2025-07-16T07:30:39.370+0000] {dagbag.py:587} INFO - Filling up the DagBag from /home/airflow/.local/lib/python3.12/site-packages/airflow/example_dags/example_dag_decorator.py
[2025-07-16T07:30:39.383+0000] {processor.py:925} INFO - DAG(s) 'example_dag_decorator' retrieved from /home/airflow/.local/lib/python3.12/site-packages/airflow/example_dags/example_dag_decorator.py
[2025-07-16T07:30:39.525+0000] {logging_mixin.py:190} INFO - [2025-07-16T07:30:39.524+0000] {dag.py:3229} INFO - Sync 1 DAGs
[2025-07-16T07:30:39.540+0000] {logging_mixin.py:190} INFO - [2025-07-16T07:30:39.540+0000] {dag.py:4156} INFO - Setting next_dagrun for example_dag_decorator to None, run_after=None
[2025-07-16T07:30:39.568+0000] {processor.py:208} INFO - Processing /home/airflow/.local/lib/python3.12/site-packages/airflow/example_dags/example_dag_decorator.py took 0.209 seconds
[2025-07-16T07:31:10.094+0000] {processor.py:186} INFO - Started process (PID=2377) to work on /home/airflow/.local/lib/python3.12/site-packages/airflow/example_dags/example_dag_decorator.py
[2025-07-16T07:31:10.095+0000] {processor.py:914} INFO - Processing file /home/airflow/.local/lib/python3.12/site-packages/airflow/example_dags/example_dag_decorator.py for tasks to queue
[2025-07-16T07:31:10.098+0000] {logging_mixin.py:190} INFO - [2025-07-16T07:31:10.097+0000] {dagbag.py:587} INFO - Filling up the DagBag from /home/airflow/.local/lib/python3.12/site-packages/airflow/example_dags/example_dag_decorator.py
[2025-07-16T07:31:10.111+0000] {processor.py:925} INFO - DAG(s) 'example_dag_decorator' retrieved from /home/airflow/.local/lib/python3.12/site-packages/airflow/example_dags/example_dag_decorator.py
[2025-07-16T07:31:10.421+0000] {logging_mixin.py:190} INFO - [2025-07-16T07:31:10.421+0000] {dag.py:3229} INFO - Sync 1 DAGs
[2025-07-16T07:31:10.434+0000] {logging_mixin.py:190} INFO - [2025-07-16T07:31:10.434+0000] {dag.py:4156} INFO - Setting next_dagrun for example_dag_decorator to None, run_after=None
[2025-07-16T07:31:10.457+0000] {processor.py:208} INFO - Processing /home/airflow/.local/lib/python3.12/site-packages/airflow/example_dags/example_dag_decorator.py took 0.370 seconds
[2025-07-16T07:31:41.420+0000] {processor.py:186} INFO - Started process (PID=2434) to work on /home/airflow/.local/lib/python3.12/site-packages/airflow/example_dags/example_dag_decorator.py
[2025-07-16T07:31:41.422+0000] {processor.py:914} INFO - Processing file /home/airflow/.local/lib/python3.12/site-packages/airflow/example_dags/example_dag_decorator.py for tasks to queue
[2025-07-16T07:31:41.425+0000] {logging_mixin.py:190} INFO - [2025-07-16T07:31:41.425+0000] {dagbag.py:587} INFO - Filling up the DagBag from /home/airflow/.local/lib/python3.12/site-packages/airflow/example_dags/example_dag_decorator.py
[2025-07-16T07:31:41.442+0000] {processor.py:925} INFO - DAG(s) 'example_dag_decorator' retrieved from /home/airflow/.local/lib/python3.12/site-packages/airflow/example_dags/example_dag_decorator.py
[2025-07-16T07:31:41.729+0000] {logging_mixin.py:190} INFO - [2025-07-16T07:31:41.729+0000] {dag.py:3229} INFO - Sync 1 DAGs
[2025-07-16T07:31:41.742+0000] {logging_mixin.py:190} INFO - [2025-07-16T07:31:41.742+0000] {dag.py:4156} INFO - Setting next_dagrun for example_dag_decorator to None, run_after=None
[2025-07-16T07:31:41.768+0000] {processor.py:208} INFO - Processing /home/airflow/.local/lib/python3.12/site-packages/airflow/example_dags/example_dag_decorator.py took 0.356 seconds
[2025-07-16T07:33:00.398+0000] {processor.py:186} INFO - Started process (PID=41) to work on /home/airflow/.local/lib/python3.12/site-packages/airflow/example_dags/example_dag_decorator.py
[2025-07-16T07:33:00.399+0000] {processor.py:914} INFO - Processing file /home/airflow/.local/lib/python3.12/site-packages/airflow/example_dags/example_dag_decorator.py for tasks to queue
[2025-07-16T07:33:00.401+0000] {logging_mixin.py:190} INFO - [2025-07-16T07:33:00.401+0000] {dagbag.py:587} INFO - Filling up the DagBag from /home/airflow/.local/lib/python3.12/site-packages/airflow/example_dags/example_dag_decorator.py
[2025-07-16T07:33:00.433+0000] {processor.py:925} INFO - DAG(s) 'example_dag_decorator' retrieved from /home/airflow/.local/lib/python3.12/site-packages/airflow/example_dags/example_dag_decorator.py
[2025-07-16T07:33:00.813+0000] {logging_mixin.py:190} INFO - [2025-07-16T07:33:00.812+0000] {dag.py:3229} INFO - Sync 1 DAGs
[2025-07-16T07:33:00.840+0000] {logging_mixin.py:190} INFO - [2025-07-16T07:33:00.839+0000] {dag.py:4156} INFO - Setting next_dagrun for example_dag_decorator to None, run_after=None
[2025-07-16T07:33:00.880+0000] {processor.py:208} INFO - Processing /home/airflow/.local/lib/python3.12/site-packages/airflow/example_dags/example_dag_decorator.py took 0.491 seconds
[2025-07-16T07:33:31.761+0000] {processor.py:186} INFO - Started process (PID=98) to work on /home/airflow/.local/lib/python3.12/site-packages/airflow/example_dags/example_dag_decorator.py
[2025-07-16T07:33:31.764+0000] {processor.py:914} INFO - Processing file /home/airflow/.local/lib/python3.12/site-packages/airflow/example_dags/example_dag_decorator.py for tasks to queue
[2025-07-16T07:33:31.768+0000] {logging_mixin.py:190} INFO - [2025-07-16T07:33:31.768+0000] {dagbag.py:587} INFO - Filling up the DagBag from /home/airflow/.local/lib/python3.12/site-packages/airflow/example_dags/example_dag_decorator.py
[2025-07-16T07:33:31.784+0000] {processor.py:925} INFO - DAG(s) 'example_dag_decorator' retrieved from /home/airflow/.local/lib/python3.12/site-packages/airflow/example_dags/example_dag_decorator.py
[2025-07-16T07:33:31.915+0000] {logging_mixin.py:190} INFO - [2025-07-16T07:33:31.914+0000] {dag.py:3229} INFO - Sync 1 DAGs
[2025-07-16T07:33:31.929+0000] {logging_mixin.py:190} INFO - [2025-07-16T07:33:31.929+0000] {dag.py:4156} INFO - Setting next_dagrun for example_dag_decorator to None, run_after=None
[2025-07-16T07:33:31.954+0000] {processor.py:208} INFO - Processing /home/airflow/.local/lib/python3.12/site-packages/airflow/example_dags/example_dag_decorator.py took 0.200 seconds
[2025-07-16T07:34:02.810+0000] {processor.py:186} INFO - Started process (PID=155) to work on /home/airflow/.local/lib/python3.12/site-packages/airflow/example_dags/example_dag_decorator.py
[2025-07-16T07:34:02.813+0000] {processor.py:914} INFO - Processing file /home/airflow/.local/lib/python3.12/site-packages/airflow/example_dags/example_dag_decorator.py for tasks to queue
[2025-07-16T07:34:02.816+0000] {logging_mixin.py:190} INFO - [2025-07-16T07:34:02.816+0000] {dagbag.py:587} INFO - Filling up the DagBag from /home/airflow/.local/lib/python3.12/site-packages/airflow/example_dags/example_dag_decorator.py
[2025-07-16T07:34:02.828+0000] {processor.py:925} INFO - DAG(s) 'example_dag_decorator' retrieved from /home/airflow/.local/lib/python3.12/site-packages/airflow/example_dags/example_dag_decorator.py
[2025-07-16T07:34:02.858+0000] {logging_mixin.py:190} INFO - [2025-07-16T07:34:02.858+0000] {dag.py:3229} INFO - Sync 1 DAGs
[2025-07-16T07:34:02.874+0000] {logging_mixin.py:190} INFO - [2025-07-16T07:34:02.874+0000] {dag.py:4156} INFO - Setting next_dagrun for example_dag_decorator to None, run_after=None
[2025-07-16T07:34:02.901+0000] {processor.py:208} INFO - Processing /home/airflow/.local/lib/python3.12/site-packages/airflow/example_dags/example_dag_decorator.py took 0.098 seconds
[2025-07-16T07:34:33.609+0000] {processor.py:186} INFO - Started process (PID=212) to work on /home/airflow/.local/lib/python3.12/site-packages/airflow/example_dags/example_dag_decorator.py
[2025-07-16T07:34:33.610+0000] {processor.py:914} INFO - Processing file /home/airflow/.local/lib/python3.12/site-packages/airflow/example_dags/example_dag_decorator.py for tasks to queue
[2025-07-16T07:34:33.612+0000] {logging_mixin.py:190} INFO - [2025-07-16T07:34:33.612+0000] {dagbag.py:587} INFO - Filling up the DagBag from /home/airflow/.local/lib/python3.12/site-packages/airflow/example_dags/example_dag_decorator.py
[2025-07-16T07:34:33.624+0000] {processor.py:925} INFO - DAG(s) 'example_dag_decorator' retrieved from /home/airflow/.local/lib/python3.12/site-packages/airflow/example_dags/example_dag_decorator.py
[2025-07-16T07:34:33.654+0000] {logging_mixin.py:190} INFO - [2025-07-16T07:34:33.654+0000] {dag.py:3229} INFO - Sync 1 DAGs
[2025-07-16T07:34:33.671+0000] {logging_mixin.py:190} INFO - [2025-07-16T07:34:33.671+0000] {dag.py:4156} INFO - Setting next_dagrun for example_dag_decorator to None, run_after=None
[2025-07-16T07:34:33.698+0000] {processor.py:208} INFO - Processing /home/airflow/.local/lib/python3.12/site-packages/airflow/example_dags/example_dag_decorator.py took 0.096 seconds
[2025-07-16T07:35:04.651+0000] {processor.py:186} INFO - Started process (PID=269) to work on /home/airflow/.local/lib/python3.12/site-packages/airflow/example_dags/example_dag_decorator.py
[2025-07-16T07:35:04.654+0000] {processor.py:914} INFO - Processing file /home/airflow/.local/lib/python3.12/site-packages/airflow/example_dags/example_dag_decorator.py for tasks to queue
[2025-07-16T07:35:04.661+0000] {logging_mixin.py:190} INFO - [2025-07-16T07:35:04.660+0000] {dagbag.py:587} INFO - Filling up the DagBag from /home/airflow/.local/lib/python3.12/site-packages/airflow/example_dags/example_dag_decorator.py
[2025-07-16T07:35:04.680+0000] {processor.py:925} INFO - DAG(s) 'example_dag_decorator' retrieved from /home/airflow/.local/lib/python3.12/site-packages/airflow/example_dags/example_dag_decorator.py
[2025-07-16T07:35:04.713+0000] {logging_mixin.py:190} INFO - [2025-07-16T07:35:04.712+0000] {dag.py:3229} INFO - Sync 1 DAGs
[2025-07-16T07:35:04.731+0000] {logging_mixin.py:190} INFO - [2025-07-16T07:35:04.730+0000] {dag.py:4156} INFO - Setting next_dagrun for example_dag_decorator to None, run_after=None
[2025-07-16T07:35:04.752+0000] {processor.py:208} INFO - Processing /home/airflow/.local/lib/python3.12/site-packages/airflow/example_dags/example_dag_decorator.py took 0.110 seconds
[2025-07-16T07:35:34.937+0000] {processor.py:186} INFO - Started process (PID=326) to work on /home/airflow/.local/lib/python3.12/site-packages/airflow/example_dags/example_dag_decorator.py
[2025-07-16T07:35:34.938+0000] {processor.py:914} INFO - Processing file /home/airflow/.local/lib/python3.12/site-packages/airflow/example_dags/example_dag_decorator.py for tasks to queue
[2025-07-16T07:35:34.941+0000] {logging_mixin.py:190} INFO - [2025-07-16T07:35:34.941+0000] {dagbag.py:587} INFO - Filling up the DagBag from /home/airflow/.local/lib/python3.12/site-packages/airflow/example_dags/example_dag_decorator.py
[2025-07-16T07:35:34.955+0000] {processor.py:925} INFO - DAG(s) 'example_dag_decorator' retrieved from /home/airflow/.local/lib/python3.12/site-packages/airflow/example_dags/example_dag_decorator.py
[2025-07-16T07:35:35.110+0000] {logging_mixin.py:190} INFO - [2025-07-16T07:35:35.110+0000] {dag.py:3229} INFO - Sync 1 DAGs
[2025-07-16T07:35:35.128+0000] {logging_mixin.py:190} INFO - [2025-07-16T07:35:35.128+0000] {dag.py:4156} INFO - Setting next_dagrun for example_dag_decorator to None, run_after=None
[2025-07-16T07:35:35.159+0000] {processor.py:208} INFO - Processing /home/airflow/.local/lib/python3.12/site-packages/airflow/example_dags/example_dag_decorator.py took 0.230 seconds
[2025-07-16T07:36:05.285+0000] {processor.py:186} INFO - Started process (PID=383) to work on /home/airflow/.local/lib/python3.12/site-packages/airflow/example_dags/example_dag_decorator.py
[2025-07-16T07:36:05.286+0000] {processor.py:914} INFO - Processing file /home/airflow/.local/lib/python3.12/site-packages/airflow/example_dags/example_dag_decorator.py for tasks to queue
[2025-07-16T07:36:05.289+0000] {logging_mixin.py:190} INFO - [2025-07-16T07:36:05.289+0000] {dagbag.py:587} INFO - Filling up the DagBag from /home/airflow/.local/lib/python3.12/site-packages/airflow/example_dags/example_dag_decorator.py
[2025-07-16T07:36:05.302+0000] {processor.py:925} INFO - DAG(s) 'example_dag_decorator' retrieved from /home/airflow/.local/lib/python3.12/site-packages/airflow/example_dags/example_dag_decorator.py
[2025-07-16T07:36:05.432+0000] {logging_mixin.py:190} INFO - [2025-07-16T07:36:05.432+0000] {dag.py:3229} INFO - Sync 1 DAGs
[2025-07-16T07:36:05.446+0000] {logging_mixin.py:190} INFO - [2025-07-16T07:36:05.446+0000] {dag.py:4156} INFO - Setting next_dagrun for example_dag_decorator to None, run_after=None
[2025-07-16T07:36:05.470+0000] {processor.py:208} INFO - Processing /home/airflow/.local/lib/python3.12/site-packages/airflow/example_dags/example_dag_decorator.py took 0.192 seconds
[2025-07-16T07:36:36.075+0000] {processor.py:186} INFO - Started process (PID=440) to work on /home/airflow/.local/lib/python3.12/site-packages/airflow/example_dags/example_dag_decorator.py
[2025-07-16T07:36:36.076+0000] {processor.py:914} INFO - Processing file /home/airflow/.local/lib/python3.12/site-packages/airflow/example_dags/example_dag_decorator.py for tasks to queue
[2025-07-16T07:36:36.079+0000] {logging_mixin.py:190} INFO - [2025-07-16T07:36:36.078+0000] {dagbag.py:587} INFO - Filling up the DagBag from /home/airflow/.local/lib/python3.12/site-packages/airflow/example_dags/example_dag_decorator.py
[2025-07-16T07:36:36.093+0000] {processor.py:925} INFO - DAG(s) 'example_dag_decorator' retrieved from /home/airflow/.local/lib/python3.12/site-packages/airflow/example_dags/example_dag_decorator.py
[2025-07-16T07:36:36.219+0000] {logging_mixin.py:190} INFO - [2025-07-16T07:36:36.219+0000] {dag.py:3229} INFO - Sync 1 DAGs
[2025-07-16T07:36:36.236+0000] {logging_mixin.py:190} INFO - [2025-07-16T07:36:36.236+0000] {dag.py:4156} INFO - Setting next_dagrun for example_dag_decorator to None, run_after=None
[2025-07-16T07:36:36.269+0000] {processor.py:208} INFO - Processing /home/airflow/.local/lib/python3.12/site-packages/airflow/example_dags/example_dag_decorator.py took 0.202 seconds
[2025-07-16T07:37:06.520+0000] {processor.py:186} INFO - Started process (PID=497) to work on /home/airflow/.local/lib/python3.12/site-packages/airflow/example_dags/example_dag_decorator.py
[2025-07-16T07:37:06.521+0000] {processor.py:914} INFO - Processing file /home/airflow/.local/lib/python3.12/site-packages/airflow/example_dags/example_dag_decorator.py for tasks to queue
[2025-07-16T07:37:06.524+0000] {logging_mixin.py:190} INFO - [2025-07-16T07:37:06.524+0000] {dagbag.py:587} INFO - Filling up the DagBag from /home/airflow/.local/lib/python3.12/site-packages/airflow/example_dags/example_dag_decorator.py
[2025-07-16T07:37:06.538+0000] {processor.py:925} INFO - DAG(s) 'example_dag_decorator' retrieved from /home/airflow/.local/lib/python3.12/site-packages/airflow/example_dags/example_dag_decorator.py
[2025-07-16T07:37:06.672+0000] {logging_mixin.py:190} INFO - [2025-07-16T07:37:06.672+0000] {dag.py:3229} INFO - Sync 1 DAGs
[2025-07-16T07:37:06.686+0000] {logging_mixin.py:190} INFO - [2025-07-16T07:37:06.686+0000] {dag.py:4156} INFO - Setting next_dagrun for example_dag_decorator to None, run_after=None
[2025-07-16T07:37:06.715+0000] {processor.py:208} INFO - Processing /home/airflow/.local/lib/python3.12/site-packages/airflow/example_dags/example_dag_decorator.py took 0.202 seconds
[2025-07-16T07:37:37.093+0000] {processor.py:186} INFO - Started process (PID=554) to work on /home/airflow/.local/lib/python3.12/site-packages/airflow/example_dags/example_dag_decorator.py
[2025-07-16T07:37:37.094+0000] {processor.py:914} INFO - Processing file /home/airflow/.local/lib/python3.12/site-packages/airflow/example_dags/example_dag_decorator.py for tasks to queue
[2025-07-16T07:37:37.097+0000] {logging_mixin.py:190} INFO - [2025-07-16T07:37:37.096+0000] {dagbag.py:587} INFO - Filling up the DagBag from /home/airflow/.local/lib/python3.12/site-packages/airflow/example_dags/example_dag_decorator.py
[2025-07-16T07:37:37.110+0000] {processor.py:925} INFO - DAG(s) 'example_dag_decorator' retrieved from /home/airflow/.local/lib/python3.12/site-packages/airflow/example_dags/example_dag_decorator.py
[2025-07-16T07:37:37.252+0000] {logging_mixin.py:190} INFO - [2025-07-16T07:37:37.252+0000] {dag.py:3229} INFO - Sync 1 DAGs
[2025-07-16T07:37:37.273+0000] {logging_mixin.py:190} INFO - [2025-07-16T07:37:37.273+0000] {dag.py:4156} INFO - Setting next_dagrun for example_dag_decorator to None, run_after=None
[2025-07-16T07:37:37.296+0000] {processor.py:208} INFO - Processing /home/airflow/.local/lib/python3.12/site-packages/airflow/example_dags/example_dag_decorator.py took 0.211 seconds
[2025-07-16T07:38:07.449+0000] {processor.py:186} INFO - Started process (PID=611) to work on /home/airflow/.local/lib/python3.12/site-packages/airflow/example_dags/example_dag_decorator.py
[2025-07-16T07:38:07.450+0000] {processor.py:914} INFO - Processing file /home/airflow/.local/lib/python3.12/site-packages/airflow/example_dags/example_dag_decorator.py for tasks to queue
[2025-07-16T07:38:07.453+0000] {logging_mixin.py:190} INFO - [2025-07-16T07:38:07.453+0000] {dagbag.py:587} INFO - Filling up the DagBag from /home/airflow/.local/lib/python3.12/site-packages/airflow/example_dags/example_dag_decorator.py
[2025-07-16T07:38:07.466+0000] {processor.py:925} INFO - DAG(s) 'example_dag_decorator' retrieved from /home/airflow/.local/lib/python3.12/site-packages/airflow/example_dags/example_dag_decorator.py
[2025-07-16T07:38:07.602+0000] {logging_mixin.py:190} INFO - [2025-07-16T07:38:07.602+0000] {dag.py:3229} INFO - Sync 1 DAGs
[2025-07-16T07:38:07.618+0000] {logging_mixin.py:190} INFO - [2025-07-16T07:38:07.618+0000] {dag.py:4156} INFO - Setting next_dagrun for example_dag_decorator to None, run_after=None
[2025-07-16T07:38:07.641+0000] {processor.py:208} INFO - Processing /home/airflow/.local/lib/python3.12/site-packages/airflow/example_dags/example_dag_decorator.py took 0.198 seconds
[2025-07-16T07:38:38.489+0000] {processor.py:186} INFO - Started process (PID=668) to work on /home/airflow/.local/lib/python3.12/site-packages/airflow/example_dags/example_dag_decorator.py
[2025-07-16T07:38:38.490+0000] {processor.py:914} INFO - Processing file /home/airflow/.local/lib/python3.12/site-packages/airflow/example_dags/example_dag_decorator.py for tasks to queue
[2025-07-16T07:38:38.493+0000] {logging_mixin.py:190} INFO - [2025-07-16T07:38:38.492+0000] {dagbag.py:587} INFO - Filling up the DagBag from /home/airflow/.local/lib/python3.12/site-packages/airflow/example_dags/example_dag_decorator.py
[2025-07-16T07:38:38.505+0000] {processor.py:925} INFO - DAG(s) 'example_dag_decorator' retrieved from /home/airflow/.local/lib/python3.12/site-packages/airflow/example_dags/example_dag_decorator.py
[2025-07-16T07:38:38.626+0000] {logging_mixin.py:190} INFO - [2025-07-16T07:38:38.626+0000] {dag.py:3229} INFO - Sync 1 DAGs
[2025-07-16T07:38:38.638+0000] {logging_mixin.py:190} INFO - [2025-07-16T07:38:38.638+0000] {dag.py:4156} INFO - Setting next_dagrun for example_dag_decorator to None, run_after=None
[2025-07-16T07:38:38.665+0000] {processor.py:208} INFO - Processing /home/airflow/.local/lib/python3.12/site-packages/airflow/example_dags/example_dag_decorator.py took 0.183 seconds
[2025-07-16T07:39:08.992+0000] {processor.py:186} INFO - Started process (PID=725) to work on /home/airflow/.local/lib/python3.12/site-packages/airflow/example_dags/example_dag_decorator.py
[2025-07-16T07:39:08.993+0000] {processor.py:914} INFO - Processing file /home/airflow/.local/lib/python3.12/site-packages/airflow/example_dags/example_dag_decorator.py for tasks to queue
[2025-07-16T07:39:08.996+0000] {logging_mixin.py:190} INFO - [2025-07-16T07:39:08.996+0000] {dagbag.py:587} INFO - Filling up the DagBag from /home/airflow/.local/lib/python3.12/site-packages/airflow/example_dags/example_dag_decorator.py
[2025-07-16T07:39:09.012+0000] {processor.py:925} INFO - DAG(s) 'example_dag_decorator' retrieved from /home/airflow/.local/lib/python3.12/site-packages/airflow/example_dags/example_dag_decorator.py
[2025-07-16T07:39:09.171+0000] {logging_mixin.py:190} INFO - [2025-07-16T07:39:09.171+0000] {dag.py:3229} INFO - Sync 1 DAGs
[2025-07-16T07:39:09.186+0000] {logging_mixin.py:190} INFO - [2025-07-16T07:39:09.186+0000] {dag.py:4156} INFO - Setting next_dagrun for example_dag_decorator to None, run_after=None
[2025-07-16T07:39:09.211+0000] {processor.py:208} INFO - Processing /home/airflow/.local/lib/python3.12/site-packages/airflow/example_dags/example_dag_decorator.py took 0.230 seconds
[2025-07-16T07:39:39.643+0000] {processor.py:186} INFO - Started process (PID=782) to work on /home/airflow/.local/lib/python3.12/site-packages/airflow/example_dags/example_dag_decorator.py
[2025-07-16T07:39:39.645+0000] {processor.py:914} INFO - Processing file /home/airflow/.local/lib/python3.12/site-packages/airflow/example_dags/example_dag_decorator.py for tasks to queue
[2025-07-16T07:39:39.649+0000] {logging_mixin.py:190} INFO - [2025-07-16T07:39:39.648+0000] {dagbag.py:587} INFO - Filling up the DagBag from /home/airflow/.local/lib/python3.12/site-packages/airflow/example_dags/example_dag_decorator.py
[2025-07-16T07:39:39.665+0000] {processor.py:925} INFO - DAG(s) 'example_dag_decorator' retrieved from /home/airflow/.local/lib/python3.12/site-packages/airflow/example_dags/example_dag_decorator.py
[2025-07-16T07:39:39.696+0000] {logging_mixin.py:190} INFO - [2025-07-16T07:39:39.696+0000] {dag.py:3229} INFO - Sync 1 DAGs
[2025-07-16T07:39:39.718+0000] {logging_mixin.py:190} INFO - [2025-07-16T07:39:39.718+0000] {dag.py:4156} INFO - Setting next_dagrun for example_dag_decorator to None, run_after=None
[2025-07-16T07:39:39.745+0000] {processor.py:208} INFO - Processing /home/airflow/.local/lib/python3.12/site-packages/airflow/example_dags/example_dag_decorator.py took 0.112 seconds
[2025-07-16T07:40:10.195+0000] {processor.py:186} INFO - Started process (PID=839) to work on /home/airflow/.local/lib/python3.12/site-packages/airflow/example_dags/example_dag_decorator.py
[2025-07-16T07:40:10.196+0000] {processor.py:914} INFO - Processing file /home/airflow/.local/lib/python3.12/site-packages/airflow/example_dags/example_dag_decorator.py for tasks to queue
[2025-07-16T07:40:10.199+0000] {logging_mixin.py:190} INFO - [2025-07-16T07:40:10.198+0000] {dagbag.py:587} INFO - Filling up the DagBag from /home/airflow/.local/lib/python3.12/site-packages/airflow/example_dags/example_dag_decorator.py
[2025-07-16T07:40:10.211+0000] {processor.py:925} INFO - DAG(s) 'example_dag_decorator' retrieved from /home/airflow/.local/lib/python3.12/site-packages/airflow/example_dags/example_dag_decorator.py
[2025-07-16T07:40:10.359+0000] {logging_mixin.py:190} INFO - [2025-07-16T07:40:10.359+0000] {dag.py:3229} INFO - Sync 1 DAGs
[2025-07-16T07:40:10.374+0000] {logging_mixin.py:190} INFO - [2025-07-16T07:40:10.374+0000] {dag.py:4156} INFO - Setting next_dagrun for example_dag_decorator to None, run_after=None
[2025-07-16T07:40:10.401+0000] {processor.py:208} INFO - Processing /home/airflow/.local/lib/python3.12/site-packages/airflow/example_dags/example_dag_decorator.py took 0.212 seconds
[2025-07-16T07:40:40.882+0000] {processor.py:186} INFO - Started process (PID=896) to work on /home/airflow/.local/lib/python3.12/site-packages/airflow/example_dags/example_dag_decorator.py
[2025-07-16T07:40:40.883+0000] {processor.py:914} INFO - Processing file /home/airflow/.local/lib/python3.12/site-packages/airflow/example_dags/example_dag_decorator.py for tasks to queue
[2025-07-16T07:40:40.886+0000] {logging_mixin.py:190} INFO - [2025-07-16T07:40:40.885+0000] {dagbag.py:587} INFO - Filling up the DagBag from /home/airflow/.local/lib/python3.12/site-packages/airflow/example_dags/example_dag_decorator.py
[2025-07-16T07:40:40.905+0000] {processor.py:925} INFO - DAG(s) 'example_dag_decorator' retrieved from /home/airflow/.local/lib/python3.12/site-packages/airflow/example_dags/example_dag_decorator.py
[2025-07-16T07:40:41.068+0000] {logging_mixin.py:190} INFO - [2025-07-16T07:40:41.068+0000] {dag.py:3229} INFO - Sync 1 DAGs
[2025-07-16T07:40:41.082+0000] {logging_mixin.py:190} INFO - [2025-07-16T07:40:41.081+0000] {dag.py:4156} INFO - Setting next_dagrun for example_dag_decorator to None, run_after=None
[2025-07-16T07:40:41.106+0000] {processor.py:208} INFO - Processing /home/airflow/.local/lib/python3.12/site-packages/airflow/example_dags/example_dag_decorator.py took 0.231 seconds
