[2025-07-16T07:10:18.164+0000] {processor.py:186} INFO - Started process (PID=78) to work on /home/airflow/.local/lib/python3.12/site-packages/airflow/example_dags/example_bash_operator.py
[2025-07-16T07:10:18.165+0000] {processor.py:914} INFO - Processing file /home/airflow/.local/lib/python3.12/site-packages/airflow/example_dags/example_bash_operator.py for tasks to queue
[2025-07-16T07:10:18.168+0000] {logging_mixin.py:190} INFO - [2025-07-16T07:10:18.167+0000] {dagbag.py:587} INFO - Filling up the DagBag from /home/airflow/.local/lib/python3.12/site-packages/airflow/example_dags/example_bash_operator.py
[2025-07-16T07:10:18.184+0000] {processor.py:925} INFO - DAG(s) 'example_bash_operator' retrieved from /home/airflow/.local/lib/python3.12/site-packages/airflow/example_dags/example_bash_operator.py
[2025-07-16T07:10:18.222+0000] {logging_mixin.py:190} INFO - [2025-07-16T07:10:18.222+0000] {dag.py:3229} INFO - Sync 1 DAGs
[2025-07-16T07:10:18.248+0000] {logging_mixin.py:190} INFO - [2025-07-16T07:10:18.248+0000] {dag.py:4156} INFO - Setting next_dagrun for example_bash_operator to 2025-07-15 00:00:00+00:00, run_after=2025-07-16 00:00:00+00:00
[2025-07-16T07:10:18.269+0000] {processor.py:208} INFO - Processing /home/airflow/.local/lib/python3.12/site-packages/airflow/example_dags/example_bash_operator.py took 0.111 seconds
[2025-07-16T07:10:48.368+0000] {processor.py:186} INFO - Started process (PID=135) to work on /home/airflow/.local/lib/python3.12/site-packages/airflow/example_dags/example_bash_operator.py
[2025-07-16T07:10:48.370+0000] {processor.py:914} INFO - Processing file /home/airflow/.local/lib/python3.12/site-packages/airflow/example_dags/example_bash_operator.py for tasks to queue
[2025-07-16T07:10:48.373+0000] {logging_mixin.py:190} INFO - [2025-07-16T07:10:48.372+0000] {dagbag.py:587} INFO - Filling up the DagBag from /home/airflow/.local/lib/python3.12/site-packages/airflow/example_dags/example_bash_operator.py
[2025-07-16T07:10:48.388+0000] {processor.py:925} INFO - DAG(s) 'example_bash_operator' retrieved from /home/airflow/.local/lib/python3.12/site-packages/airflow/example_dags/example_bash_operator.py
[2025-07-16T07:10:48.422+0000] {logging_mixin.py:190} INFO - [2025-07-16T07:10:48.421+0000] {dag.py:3229} INFO - Sync 1 DAGs
[2025-07-16T07:10:48.447+0000] {logging_mixin.py:190} INFO - [2025-07-16T07:10:48.447+0000] {dag.py:4156} INFO - Setting next_dagrun for example_bash_operator to 2025-07-15 00:00:00+00:00, run_after=2025-07-16 00:00:00+00:00
[2025-07-16T07:10:48.469+0000] {processor.py:208} INFO - Processing /home/airflow/.local/lib/python3.12/site-packages/airflow/example_dags/example_bash_operator.py took 0.107 seconds
[2025-07-16T07:11:19.125+0000] {processor.py:186} INFO - Started process (PID=192) to work on /home/airflow/.local/lib/python3.12/site-packages/airflow/example_dags/example_bash_operator.py
[2025-07-16T07:11:19.126+0000] {processor.py:914} INFO - Processing file /home/airflow/.local/lib/python3.12/site-packages/airflow/example_dags/example_bash_operator.py for tasks to queue
[2025-07-16T07:11:19.131+0000] {logging_mixin.py:190} INFO - [2025-07-16T07:11:19.130+0000] {dagbag.py:587} INFO - Filling up the DagBag from /home/airflow/.local/lib/python3.12/site-packages/airflow/example_dags/example_bash_operator.py
[2025-07-16T07:11:19.150+0000] {processor.py:925} INFO - DAG(s) 'example_bash_operator' retrieved from /home/airflow/.local/lib/python3.12/site-packages/airflow/example_dags/example_bash_operator.py
[2025-07-16T07:11:19.188+0000] {logging_mixin.py:190} INFO - [2025-07-16T07:11:19.188+0000] {dag.py:3229} INFO - Sync 1 DAGs
[2025-07-16T07:11:19.221+0000] {logging_mixin.py:190} INFO - [2025-07-16T07:11:19.221+0000] {dag.py:4156} INFO - Setting next_dagrun for example_bash_operator to 2025-07-15 00:00:00+00:00, run_after=2025-07-16 00:00:00+00:00
[2025-07-16T07:11:19.244+0000] {processor.py:208} INFO - Processing /home/airflow/.local/lib/python3.12/site-packages/airflow/example_dags/example_bash_operator.py took 0.127 seconds
[2025-07-16T07:11:49.727+0000] {processor.py:186} INFO - Started process (PID=249) to work on /home/airflow/.local/lib/python3.12/site-packages/airflow/example_dags/example_bash_operator.py
[2025-07-16T07:11:49.729+0000] {processor.py:914} INFO - Processing file /home/airflow/.local/lib/python3.12/site-packages/airflow/example_dags/example_bash_operator.py for tasks to queue
[2025-07-16T07:11:49.731+0000] {logging_mixin.py:190} INFO - [2025-07-16T07:11:49.731+0000] {dagbag.py:587} INFO - Filling up the DagBag from /home/airflow/.local/lib/python3.12/site-packages/airflow/example_dags/example_bash_operator.py
[2025-07-16T07:11:49.748+0000] {processor.py:925} INFO - DAG(s) 'example_bash_operator' retrieved from /home/airflow/.local/lib/python3.12/site-packages/airflow/example_dags/example_bash_operator.py
[2025-07-16T07:11:49.779+0000] {logging_mixin.py:190} INFO - [2025-07-16T07:11:49.779+0000] {dag.py:3229} INFO - Sync 1 DAGs
[2025-07-16T07:11:49.806+0000] {logging_mixin.py:190} INFO - [2025-07-16T07:11:49.806+0000] {dag.py:4156} INFO - Setting next_dagrun for example_bash_operator to 2025-07-15 00:00:00+00:00, run_after=2025-07-16 00:00:00+00:00
[2025-07-16T07:11:49.831+0000] {processor.py:208} INFO - Processing /home/airflow/.local/lib/python3.12/site-packages/airflow/example_dags/example_bash_operator.py took 0.110 seconds
[2025-07-16T07:12:20.089+0000] {processor.py:186} INFO - Started process (PID=306) to work on /home/airflow/.local/lib/python3.12/site-packages/airflow/example_dags/example_bash_operator.py
[2025-07-16T07:12:20.091+0000] {processor.py:914} INFO - Processing file /home/airflow/.local/lib/python3.12/site-packages/airflow/example_dags/example_bash_operator.py for tasks to queue
[2025-07-16T07:12:20.094+0000] {logging_mixin.py:190} INFO - [2025-07-16T07:12:20.093+0000] {dagbag.py:587} INFO - Filling up the DagBag from /home/airflow/.local/lib/python3.12/site-packages/airflow/example_dags/example_bash_operator.py
[2025-07-16T07:12:20.109+0000] {processor.py:925} INFO - DAG(s) 'example_bash_operator' retrieved from /home/airflow/.local/lib/python3.12/site-packages/airflow/example_dags/example_bash_operator.py
[2025-07-16T07:12:20.143+0000] {logging_mixin.py:190} INFO - [2025-07-16T07:12:20.143+0000] {dag.py:3229} INFO - Sync 1 DAGs
[2025-07-16T07:12:20.172+0000] {logging_mixin.py:190} INFO - [2025-07-16T07:12:20.172+0000] {dag.py:4156} INFO - Setting next_dagrun for example_bash_operator to 2025-07-15 00:00:00+00:00, run_after=2025-07-16 00:00:00+00:00
[2025-07-16T07:12:20.199+0000] {processor.py:208} INFO - Processing /home/airflow/.local/lib/python3.12/site-packages/airflow/example_dags/example_bash_operator.py took 0.116 seconds
[2025-07-16T07:12:51.515+0000] {processor.py:186} INFO - Started process (PID=363) to work on /home/airflow/.local/lib/python3.12/site-packages/airflow/example_dags/example_bash_operator.py
[2025-07-16T07:12:51.516+0000] {processor.py:914} INFO - Processing file /home/airflow/.local/lib/python3.12/site-packages/airflow/example_dags/example_bash_operator.py for tasks to queue
[2025-07-16T07:12:51.519+0000] {logging_mixin.py:190} INFO - [2025-07-16T07:12:51.519+0000] {dagbag.py:587} INFO - Filling up the DagBag from /home/airflow/.local/lib/python3.12/site-packages/airflow/example_dags/example_bash_operator.py
[2025-07-16T07:12:51.537+0000] {processor.py:925} INFO - DAG(s) 'example_bash_operator' retrieved from /home/airflow/.local/lib/python3.12/site-packages/airflow/example_dags/example_bash_operator.py
[2025-07-16T07:12:51.581+0000] {logging_mixin.py:190} INFO - [2025-07-16T07:12:51.581+0000] {dag.py:3229} INFO - Sync 1 DAGs
[2025-07-16T07:12:51.615+0000] {logging_mixin.py:190} INFO - [2025-07-16T07:12:51.614+0000] {dag.py:4156} INFO - Setting next_dagrun for example_bash_operator to 2025-07-15 00:00:00+00:00, run_after=2025-07-16 00:00:00+00:00
[2025-07-16T07:12:51.646+0000] {processor.py:208} INFO - Processing /home/airflow/.local/lib/python3.12/site-packages/airflow/example_dags/example_bash_operator.py took 0.139 seconds
[2025-07-16T07:13:22.296+0000] {processor.py:186} INFO - Started process (PID=420) to work on /home/airflow/.local/lib/python3.12/site-packages/airflow/example_dags/example_bash_operator.py
[2025-07-16T07:13:22.297+0000] {processor.py:914} INFO - Processing file /home/airflow/.local/lib/python3.12/site-packages/airflow/example_dags/example_bash_operator.py for tasks to queue
[2025-07-16T07:13:22.299+0000] {logging_mixin.py:190} INFO - [2025-07-16T07:13:22.299+0000] {dagbag.py:587} INFO - Filling up the DagBag from /home/airflow/.local/lib/python3.12/site-packages/airflow/example_dags/example_bash_operator.py
[2025-07-16T07:13:22.313+0000] {processor.py:925} INFO - DAG(s) 'example_bash_operator' retrieved from /home/airflow/.local/lib/python3.12/site-packages/airflow/example_dags/example_bash_operator.py
[2025-07-16T07:13:22.345+0000] {logging_mixin.py:190} INFO - [2025-07-16T07:13:22.345+0000] {dag.py:3229} INFO - Sync 1 DAGs
[2025-07-16T07:13:22.372+0000] {logging_mixin.py:190} INFO - [2025-07-16T07:13:22.371+0000] {dag.py:4156} INFO - Setting next_dagrun for example_bash_operator to 2025-07-15 00:00:00+00:00, run_after=2025-07-16 00:00:00+00:00
[2025-07-16T07:13:22.395+0000] {processor.py:208} INFO - Processing /home/airflow/.local/lib/python3.12/site-packages/airflow/example_dags/example_bash_operator.py took 0.106 seconds
[2025-07-16T07:13:52.589+0000] {processor.py:186} INFO - Started process (PID=477) to work on /home/airflow/.local/lib/python3.12/site-packages/airflow/example_dags/example_bash_operator.py
[2025-07-16T07:13:52.590+0000] {processor.py:914} INFO - Processing file /home/airflow/.local/lib/python3.12/site-packages/airflow/example_dags/example_bash_operator.py for tasks to queue
[2025-07-16T07:13:52.593+0000] {logging_mixin.py:190} INFO - [2025-07-16T07:13:52.592+0000] {dagbag.py:587} INFO - Filling up the DagBag from /home/airflow/.local/lib/python3.12/site-packages/airflow/example_dags/example_bash_operator.py
[2025-07-16T07:13:52.606+0000] {processor.py:925} INFO - DAG(s) 'example_bash_operator' retrieved from /home/airflow/.local/lib/python3.12/site-packages/airflow/example_dags/example_bash_operator.py
[2025-07-16T07:13:52.637+0000] {logging_mixin.py:190} INFO - [2025-07-16T07:13:52.636+0000] {dag.py:3229} INFO - Sync 1 DAGs
[2025-07-16T07:13:52.665+0000] {logging_mixin.py:190} INFO - [2025-07-16T07:13:52.665+0000] {dag.py:4156} INFO - Setting next_dagrun for example_bash_operator to 2025-07-15 00:00:00+00:00, run_after=2025-07-16 00:00:00+00:00
[2025-07-16T07:13:52.687+0000] {processor.py:208} INFO - Processing /home/airflow/.local/lib/python3.12/site-packages/airflow/example_dags/example_bash_operator.py took 0.105 seconds
[2025-07-16T07:14:22.866+0000] {processor.py:186} INFO - Started process (PID=534) to work on /home/airflow/.local/lib/python3.12/site-packages/airflow/example_dags/example_bash_operator.py
[2025-07-16T07:14:22.867+0000] {processor.py:914} INFO - Processing file /home/airflow/.local/lib/python3.12/site-packages/airflow/example_dags/example_bash_operator.py for tasks to queue
[2025-07-16T07:14:22.869+0000] {logging_mixin.py:190} INFO - [2025-07-16T07:14:22.869+0000] {dagbag.py:587} INFO - Filling up the DagBag from /home/airflow/.local/lib/python3.12/site-packages/airflow/example_dags/example_bash_operator.py
[2025-07-16T07:14:22.885+0000] {processor.py:925} INFO - DAG(s) 'example_bash_operator' retrieved from /home/airflow/.local/lib/python3.12/site-packages/airflow/example_dags/example_bash_operator.py
[2025-07-16T07:14:22.919+0000] {logging_mixin.py:190} INFO - [2025-07-16T07:14:22.919+0000] {dag.py:3229} INFO - Sync 1 DAGs
[2025-07-16T07:14:22.946+0000] {logging_mixin.py:190} INFO - [2025-07-16T07:14:22.946+0000] {dag.py:4156} INFO - Setting next_dagrun for example_bash_operator to 2025-07-15 00:00:00+00:00, run_after=2025-07-16 00:00:00+00:00
[2025-07-16T07:14:22.969+0000] {processor.py:208} INFO - Processing /home/airflow/.local/lib/python3.12/site-packages/airflow/example_dags/example_bash_operator.py took 0.110 seconds
[2025-07-16T07:14:53.423+0000] {processor.py:186} INFO - Started process (PID=591) to work on /home/airflow/.local/lib/python3.12/site-packages/airflow/example_dags/example_bash_operator.py
[2025-07-16T07:14:53.425+0000] {processor.py:914} INFO - Processing file /home/airflow/.local/lib/python3.12/site-packages/airflow/example_dags/example_bash_operator.py for tasks to queue
[2025-07-16T07:14:53.428+0000] {logging_mixin.py:190} INFO - [2025-07-16T07:14:53.427+0000] {dagbag.py:587} INFO - Filling up the DagBag from /home/airflow/.local/lib/python3.12/site-packages/airflow/example_dags/example_bash_operator.py
[2025-07-16T07:14:53.443+0000] {processor.py:925} INFO - DAG(s) 'example_bash_operator' retrieved from /home/airflow/.local/lib/python3.12/site-packages/airflow/example_dags/example_bash_operator.py
[2025-07-16T07:14:53.481+0000] {logging_mixin.py:190} INFO - [2025-07-16T07:14:53.481+0000] {dag.py:3229} INFO - Sync 1 DAGs
[2025-07-16T07:14:53.513+0000] {logging_mixin.py:190} INFO - [2025-07-16T07:14:53.513+0000] {dag.py:4156} INFO - Setting next_dagrun for example_bash_operator to 2025-07-15 00:00:00+00:00, run_after=2025-07-16 00:00:00+00:00
[2025-07-16T07:14:53.537+0000] {processor.py:208} INFO - Processing /home/airflow/.local/lib/python3.12/site-packages/airflow/example_dags/example_bash_operator.py took 0.122 seconds
[2025-07-16T07:15:24.247+0000] {processor.py:186} INFO - Started process (PID=648) to work on /home/airflow/.local/lib/python3.12/site-packages/airflow/example_dags/example_bash_operator.py
[2025-07-16T07:15:24.248+0000] {processor.py:914} INFO - Processing file /home/airflow/.local/lib/python3.12/site-packages/airflow/example_dags/example_bash_operator.py for tasks to queue
[2025-07-16T07:15:24.251+0000] {logging_mixin.py:190} INFO - [2025-07-16T07:15:24.250+0000] {dagbag.py:587} INFO - Filling up the DagBag from /home/airflow/.local/lib/python3.12/site-packages/airflow/example_dags/example_bash_operator.py
[2025-07-16T07:15:24.264+0000] {processor.py:925} INFO - DAG(s) 'example_bash_operator' retrieved from /home/airflow/.local/lib/python3.12/site-packages/airflow/example_dags/example_bash_operator.py
[2025-07-16T07:15:24.295+0000] {logging_mixin.py:190} INFO - [2025-07-16T07:15:24.294+0000] {dag.py:3229} INFO - Sync 1 DAGs
[2025-07-16T07:15:24.322+0000] {logging_mixin.py:190} INFO - [2025-07-16T07:15:24.321+0000] {dag.py:4156} INFO - Setting next_dagrun for example_bash_operator to 2025-07-15 00:00:00+00:00, run_after=2025-07-16 00:00:00+00:00
[2025-07-16T07:15:24.344+0000] {processor.py:208} INFO - Processing /home/airflow/.local/lib/python3.12/site-packages/airflow/example_dags/example_bash_operator.py took 0.104 seconds
[2025-07-16T07:15:54.878+0000] {processor.py:186} INFO - Started process (PID=705) to work on /home/airflow/.local/lib/python3.12/site-packages/airflow/example_dags/example_bash_operator.py
[2025-07-16T07:15:54.879+0000] {processor.py:914} INFO - Processing file /home/airflow/.local/lib/python3.12/site-packages/airflow/example_dags/example_bash_operator.py for tasks to queue
[2025-07-16T07:15:54.881+0000] {logging_mixin.py:190} INFO - [2025-07-16T07:15:54.881+0000] {dagbag.py:587} INFO - Filling up the DagBag from /home/airflow/.local/lib/python3.12/site-packages/airflow/example_dags/example_bash_operator.py
[2025-07-16T07:15:54.895+0000] {processor.py:925} INFO - DAG(s) 'example_bash_operator' retrieved from /home/airflow/.local/lib/python3.12/site-packages/airflow/example_dags/example_bash_operator.py
[2025-07-16T07:15:54.934+0000] {logging_mixin.py:190} INFO - [2025-07-16T07:15:54.934+0000] {dag.py:3229} INFO - Sync 1 DAGs
[2025-07-16T07:15:54.965+0000] {logging_mixin.py:190} INFO - [2025-07-16T07:15:54.965+0000] {dag.py:4156} INFO - Setting next_dagrun for example_bash_operator to 2025-07-15 00:00:00+00:00, run_after=2025-07-16 00:00:00+00:00
[2025-07-16T07:15:54.999+0000] {processor.py:208} INFO - Processing /home/airflow/.local/lib/python3.12/site-packages/airflow/example_dags/example_bash_operator.py took 0.129 seconds
[2025-07-16T07:16:25.544+0000] {processor.py:186} INFO - Started process (PID=762) to work on /home/airflow/.local/lib/python3.12/site-packages/airflow/example_dags/example_bash_operator.py
[2025-07-16T07:16:25.545+0000] {processor.py:914} INFO - Processing file /home/airflow/.local/lib/python3.12/site-packages/airflow/example_dags/example_bash_operator.py for tasks to queue
[2025-07-16T07:16:25.547+0000] {logging_mixin.py:190} INFO - [2025-07-16T07:16:25.547+0000] {dagbag.py:587} INFO - Filling up the DagBag from /home/airflow/.local/lib/python3.12/site-packages/airflow/example_dags/example_bash_operator.py
[2025-07-16T07:16:25.565+0000] {processor.py:925} INFO - DAG(s) 'example_bash_operator' retrieved from /home/airflow/.local/lib/python3.12/site-packages/airflow/example_dags/example_bash_operator.py
[2025-07-16T07:16:25.598+0000] {logging_mixin.py:190} INFO - [2025-07-16T07:16:25.598+0000] {dag.py:3229} INFO - Sync 1 DAGs
[2025-07-16T07:16:25.625+0000] {logging_mixin.py:190} INFO - [2025-07-16T07:16:25.625+0000] {dag.py:4156} INFO - Setting next_dagrun for example_bash_operator to 2025-07-15 00:00:00+00:00, run_after=2025-07-16 00:00:00+00:00
[2025-07-16T07:16:25.651+0000] {processor.py:208} INFO - Processing /home/airflow/.local/lib/python3.12/site-packages/airflow/example_dags/example_bash_operator.py took 0.115 seconds
[2025-07-16T07:16:55.994+0000] {processor.py:186} INFO - Started process (PID=819) to work on /home/airflow/.local/lib/python3.12/site-packages/airflow/example_dags/example_bash_operator.py
[2025-07-16T07:16:55.995+0000] {processor.py:914} INFO - Processing file /home/airflow/.local/lib/python3.12/site-packages/airflow/example_dags/example_bash_operator.py for tasks to queue
[2025-07-16T07:16:55.998+0000] {logging_mixin.py:190} INFO - [2025-07-16T07:16:55.998+0000] {dagbag.py:587} INFO - Filling up the DagBag from /home/airflow/.local/lib/python3.12/site-packages/airflow/example_dags/example_bash_operator.py
[2025-07-16T07:16:56.012+0000] {processor.py:925} INFO - DAG(s) 'example_bash_operator' retrieved from /home/airflow/.local/lib/python3.12/site-packages/airflow/example_dags/example_bash_operator.py
[2025-07-16T07:16:56.046+0000] {logging_mixin.py:190} INFO - [2025-07-16T07:16:56.046+0000] {dag.py:3229} INFO - Sync 1 DAGs
[2025-07-16T07:16:56.073+0000] {logging_mixin.py:190} INFO - [2025-07-16T07:16:56.073+0000] {dag.py:4156} INFO - Setting next_dagrun for example_bash_operator to 2025-07-15 00:00:00+00:00, run_after=2025-07-16 00:00:00+00:00
[2025-07-16T07:16:56.095+0000] {processor.py:208} INFO - Processing /home/airflow/.local/lib/python3.12/site-packages/airflow/example_dags/example_bash_operator.py took 0.110 seconds
[2025-07-16T07:17:26.714+0000] {processor.py:186} INFO - Started process (PID=876) to work on /home/airflow/.local/lib/python3.12/site-packages/airflow/example_dags/example_bash_operator.py
[2025-07-16T07:17:26.715+0000] {processor.py:914} INFO - Processing file /home/airflow/.local/lib/python3.12/site-packages/airflow/example_dags/example_bash_operator.py for tasks to queue
[2025-07-16T07:17:26.718+0000] {logging_mixin.py:190} INFO - [2025-07-16T07:17:26.718+0000] {dagbag.py:587} INFO - Filling up the DagBag from /home/airflow/.local/lib/python3.12/site-packages/airflow/example_dags/example_bash_operator.py
[2025-07-16T07:17:26.732+0000] {processor.py:925} INFO - DAG(s) 'example_bash_operator' retrieved from /home/airflow/.local/lib/python3.12/site-packages/airflow/example_dags/example_bash_operator.py
[2025-07-16T07:17:26.764+0000] {logging_mixin.py:190} INFO - [2025-07-16T07:17:26.764+0000] {dag.py:3229} INFO - Sync 1 DAGs
[2025-07-16T07:17:26.790+0000] {logging_mixin.py:190} INFO - [2025-07-16T07:17:26.790+0000] {dag.py:4156} INFO - Setting next_dagrun for example_bash_operator to 2025-07-15 00:00:00+00:00, run_after=2025-07-16 00:00:00+00:00
[2025-07-16T07:17:26.815+0000] {processor.py:208} INFO - Processing /home/airflow/.local/lib/python3.12/site-packages/airflow/example_dags/example_bash_operator.py took 0.107 seconds
[2025-07-16T07:17:57.473+0000] {processor.py:186} INFO - Started process (PID=933) to work on /home/airflow/.local/lib/python3.12/site-packages/airflow/example_dags/example_bash_operator.py
[2025-07-16T07:17:57.474+0000] {processor.py:914} INFO - Processing file /home/airflow/.local/lib/python3.12/site-packages/airflow/example_dags/example_bash_operator.py for tasks to queue
[2025-07-16T07:17:57.476+0000] {logging_mixin.py:190} INFO - [2025-07-16T07:17:57.476+0000] {dagbag.py:587} INFO - Filling up the DagBag from /home/airflow/.local/lib/python3.12/site-packages/airflow/example_dags/example_bash_operator.py
[2025-07-16T07:17:57.491+0000] {processor.py:925} INFO - DAG(s) 'example_bash_operator' retrieved from /home/airflow/.local/lib/python3.12/site-packages/airflow/example_dags/example_bash_operator.py
[2025-07-16T07:17:57.520+0000] {logging_mixin.py:190} INFO - [2025-07-16T07:17:57.520+0000] {dag.py:3229} INFO - Sync 1 DAGs
[2025-07-16T07:17:57.551+0000] {logging_mixin.py:190} INFO - [2025-07-16T07:17:57.551+0000] {dag.py:4156} INFO - Setting next_dagrun for example_bash_operator to 2025-07-15 00:00:00+00:00, run_after=2025-07-16 00:00:00+00:00
[2025-07-16T07:17:57.579+0000] {processor.py:208} INFO - Processing /home/airflow/.local/lib/python3.12/site-packages/airflow/example_dags/example_bash_operator.py took 0.114 seconds
[2025-07-16T07:18:28.200+0000] {processor.py:186} INFO - Started process (PID=990) to work on /home/airflow/.local/lib/python3.12/site-packages/airflow/example_dags/example_bash_operator.py
[2025-07-16T07:18:28.201+0000] {processor.py:914} INFO - Processing file /home/airflow/.local/lib/python3.12/site-packages/airflow/example_dags/example_bash_operator.py for tasks to queue
[2025-07-16T07:18:28.205+0000] {logging_mixin.py:190} INFO - [2025-07-16T07:18:28.205+0000] {dagbag.py:587} INFO - Filling up the DagBag from /home/airflow/.local/lib/python3.12/site-packages/airflow/example_dags/example_bash_operator.py
[2025-07-16T07:18:28.231+0000] {processor.py:925} INFO - DAG(s) 'example_bash_operator' retrieved from /home/airflow/.local/lib/python3.12/site-packages/airflow/example_dags/example_bash_operator.py
[2025-07-16T07:18:28.288+0000] {logging_mixin.py:190} INFO - [2025-07-16T07:18:28.287+0000] {dag.py:3229} INFO - Sync 1 DAGs
[2025-07-16T07:18:28.324+0000] {logging_mixin.py:190} INFO - [2025-07-16T07:18:28.323+0000] {dag.py:4156} INFO - Setting next_dagrun for example_bash_operator to 2025-07-15 00:00:00+00:00, run_after=2025-07-16 00:00:00+00:00
[2025-07-16T07:18:28.352+0000] {processor.py:208} INFO - Processing /home/airflow/.local/lib/python3.12/site-packages/airflow/example_dags/example_bash_operator.py took 0.159 seconds
[2025-07-16T07:18:58.731+0000] {processor.py:186} INFO - Started process (PID=1047) to work on /home/airflow/.local/lib/python3.12/site-packages/airflow/example_dags/example_bash_operator.py
[2025-07-16T07:18:58.732+0000] {processor.py:914} INFO - Processing file /home/airflow/.local/lib/python3.12/site-packages/airflow/example_dags/example_bash_operator.py for tasks to queue
[2025-07-16T07:18:58.735+0000] {logging_mixin.py:190} INFO - [2025-07-16T07:18:58.735+0000] {dagbag.py:587} INFO - Filling up the DagBag from /home/airflow/.local/lib/python3.12/site-packages/airflow/example_dags/example_bash_operator.py
[2025-07-16T07:18:58.755+0000] {processor.py:925} INFO - DAG(s) 'example_bash_operator' retrieved from /home/airflow/.local/lib/python3.12/site-packages/airflow/example_dags/example_bash_operator.py
[2025-07-16T07:18:58.787+0000] {logging_mixin.py:190} INFO - [2025-07-16T07:18:58.787+0000] {dag.py:3229} INFO - Sync 1 DAGs
[2025-07-16T07:18:58.819+0000] {logging_mixin.py:190} INFO - [2025-07-16T07:18:58.819+0000] {dag.py:4156} INFO - Setting next_dagrun for example_bash_operator to 2025-07-15 00:00:00+00:00, run_after=2025-07-16 00:00:00+00:00
[2025-07-16T07:18:58.848+0000] {processor.py:208} INFO - Processing /home/airflow/.local/lib/python3.12/site-packages/airflow/example_dags/example_bash_operator.py took 0.123 seconds
[2025-07-16T07:19:29.298+0000] {processor.py:186} INFO - Started process (PID=1104) to work on /home/airflow/.local/lib/python3.12/site-packages/airflow/example_dags/example_bash_operator.py
[2025-07-16T07:19:29.299+0000] {processor.py:914} INFO - Processing file /home/airflow/.local/lib/python3.12/site-packages/airflow/example_dags/example_bash_operator.py for tasks to queue
[2025-07-16T07:19:29.302+0000] {logging_mixin.py:190} INFO - [2025-07-16T07:19:29.301+0000] {dagbag.py:587} INFO - Filling up the DagBag from /home/airflow/.local/lib/python3.12/site-packages/airflow/example_dags/example_bash_operator.py
[2025-07-16T07:19:29.315+0000] {processor.py:925} INFO - DAG(s) 'example_bash_operator' retrieved from /home/airflow/.local/lib/python3.12/site-packages/airflow/example_dags/example_bash_operator.py
[2025-07-16T07:19:29.344+0000] {logging_mixin.py:190} INFO - [2025-07-16T07:19:29.344+0000] {dag.py:3229} INFO - Sync 1 DAGs
[2025-07-16T07:19:29.369+0000] {logging_mixin.py:190} INFO - [2025-07-16T07:19:29.369+0000] {dag.py:4156} INFO - Setting next_dagrun for example_bash_operator to 2025-07-15 00:00:00+00:00, run_after=2025-07-16 00:00:00+00:00
[2025-07-16T07:19:29.396+0000] {processor.py:208} INFO - Processing /home/airflow/.local/lib/python3.12/site-packages/airflow/example_dags/example_bash_operator.py took 0.105 seconds
[2025-07-16T07:19:59.689+0000] {processor.py:186} INFO - Started process (PID=1161) to work on /home/airflow/.local/lib/python3.12/site-packages/airflow/example_dags/example_bash_operator.py
[2025-07-16T07:19:59.690+0000] {processor.py:914} INFO - Processing file /home/airflow/.local/lib/python3.12/site-packages/airflow/example_dags/example_bash_operator.py for tasks to queue
[2025-07-16T07:19:59.693+0000] {logging_mixin.py:190} INFO - [2025-07-16T07:19:59.693+0000] {dagbag.py:587} INFO - Filling up the DagBag from /home/airflow/.local/lib/python3.12/site-packages/airflow/example_dags/example_bash_operator.py
[2025-07-16T07:19:59.712+0000] {processor.py:925} INFO - DAG(s) 'example_bash_operator' retrieved from /home/airflow/.local/lib/python3.12/site-packages/airflow/example_dags/example_bash_operator.py
[2025-07-16T07:19:59.740+0000] {logging_mixin.py:190} INFO - [2025-07-16T07:19:59.740+0000] {dag.py:3229} INFO - Sync 1 DAGs
[2025-07-16T07:19:59.765+0000] {logging_mixin.py:190} INFO - [2025-07-16T07:19:59.765+0000] {dag.py:4156} INFO - Setting next_dagrun for example_bash_operator to 2025-07-15 00:00:00+00:00, run_after=2025-07-16 00:00:00+00:00
[2025-07-16T07:19:59.788+0000] {processor.py:208} INFO - Processing /home/airflow/.local/lib/python3.12/site-packages/airflow/example_dags/example_bash_operator.py took 0.106 seconds
[2025-07-16T07:20:30.143+0000] {processor.py:186} INFO - Started process (PID=1218) to work on /home/airflow/.local/lib/python3.12/site-packages/airflow/example_dags/example_bash_operator.py
[2025-07-16T07:20:30.145+0000] {processor.py:914} INFO - Processing file /home/airflow/.local/lib/python3.12/site-packages/airflow/example_dags/example_bash_operator.py for tasks to queue
[2025-07-16T07:20:30.148+0000] {logging_mixin.py:190} INFO - [2025-07-16T07:20:30.147+0000] {dagbag.py:587} INFO - Filling up the DagBag from /home/airflow/.local/lib/python3.12/site-packages/airflow/example_dags/example_bash_operator.py
[2025-07-16T07:20:30.167+0000] {processor.py:925} INFO - DAG(s) 'example_bash_operator' retrieved from /home/airflow/.local/lib/python3.12/site-packages/airflow/example_dags/example_bash_operator.py
[2025-07-16T07:20:30.196+0000] {logging_mixin.py:190} INFO - [2025-07-16T07:20:30.196+0000] {dag.py:3229} INFO - Sync 1 DAGs
[2025-07-16T07:20:30.223+0000] {logging_mixin.py:190} INFO - [2025-07-16T07:20:30.222+0000] {dag.py:4156} INFO - Setting next_dagrun for example_bash_operator to 2025-07-15 00:00:00+00:00, run_after=2025-07-16 00:00:00+00:00
[2025-07-16T07:20:30.248+0000] {processor.py:208} INFO - Processing /home/airflow/.local/lib/python3.12/site-packages/airflow/example_dags/example_bash_operator.py took 0.111 seconds
[2025-07-16T07:21:01.087+0000] {processor.py:186} INFO - Started process (PID=1275) to work on /home/airflow/.local/lib/python3.12/site-packages/airflow/example_dags/example_bash_operator.py
[2025-07-16T07:21:01.088+0000] {processor.py:914} INFO - Processing file /home/airflow/.local/lib/python3.12/site-packages/airflow/example_dags/example_bash_operator.py for tasks to queue
[2025-07-16T07:21:01.091+0000] {logging_mixin.py:190} INFO - [2025-07-16T07:21:01.090+0000] {dagbag.py:587} INFO - Filling up the DagBag from /home/airflow/.local/lib/python3.12/site-packages/airflow/example_dags/example_bash_operator.py
[2025-07-16T07:21:01.107+0000] {processor.py:925} INFO - DAG(s) 'example_bash_operator' retrieved from /home/airflow/.local/lib/python3.12/site-packages/airflow/example_dags/example_bash_operator.py
[2025-07-16T07:21:01.176+0000] {logging_mixin.py:190} INFO - [2025-07-16T07:21:01.175+0000] {dag.py:3229} INFO - Sync 1 DAGs
[2025-07-16T07:21:01.232+0000] {logging_mixin.py:190} INFO - [2025-07-16T07:21:01.231+0000] {dag.py:4156} INFO - Setting next_dagrun for example_bash_operator to 2025-07-15 00:00:00+00:00, run_after=2025-07-16 00:00:00+00:00
[2025-07-16T07:21:01.257+0000] {processor.py:208} INFO - Processing /home/airflow/.local/lib/python3.12/site-packages/airflow/example_dags/example_bash_operator.py took 0.178 seconds
[2025-07-16T07:21:31.916+0000] {processor.py:186} INFO - Started process (PID=1332) to work on /home/airflow/.local/lib/python3.12/site-packages/airflow/example_dags/example_bash_operator.py
[2025-07-16T07:21:31.917+0000] {processor.py:914} INFO - Processing file /home/airflow/.local/lib/python3.12/site-packages/airflow/example_dags/example_bash_operator.py for tasks to queue
[2025-07-16T07:21:31.920+0000] {logging_mixin.py:190} INFO - [2025-07-16T07:21:31.919+0000] {dagbag.py:587} INFO - Filling up the DagBag from /home/airflow/.local/lib/python3.12/site-packages/airflow/example_dags/example_bash_operator.py
[2025-07-16T07:21:31.933+0000] {processor.py:925} INFO - DAG(s) 'example_bash_operator' retrieved from /home/airflow/.local/lib/python3.12/site-packages/airflow/example_dags/example_bash_operator.py
[2025-07-16T07:21:31.964+0000] {logging_mixin.py:190} INFO - [2025-07-16T07:21:31.963+0000] {dag.py:3229} INFO - Sync 1 DAGs
[2025-07-16T07:21:31.987+0000] {logging_mixin.py:190} INFO - [2025-07-16T07:21:31.987+0000] {dag.py:4156} INFO - Setting next_dagrun for example_bash_operator to 2025-07-15 00:00:00+00:00, run_after=2025-07-16 00:00:00+00:00
[2025-07-16T07:21:32.016+0000] {processor.py:208} INFO - Processing /home/airflow/.local/lib/python3.12/site-packages/airflow/example_dags/example_bash_operator.py took 0.106 seconds
[2025-07-16T07:22:02.756+0000] {processor.py:186} INFO - Started process (PID=1389) to work on /home/airflow/.local/lib/python3.12/site-packages/airflow/example_dags/example_bash_operator.py
[2025-07-16T07:22:02.757+0000] {processor.py:914} INFO - Processing file /home/airflow/.local/lib/python3.12/site-packages/airflow/example_dags/example_bash_operator.py for tasks to queue
[2025-07-16T07:22:02.760+0000] {logging_mixin.py:190} INFO - [2025-07-16T07:22:02.759+0000] {dagbag.py:587} INFO - Filling up the DagBag from /home/airflow/.local/lib/python3.12/site-packages/airflow/example_dags/example_bash_operator.py
[2025-07-16T07:22:02.778+0000] {processor.py:925} INFO - DAG(s) 'example_bash_operator' retrieved from /home/airflow/.local/lib/python3.12/site-packages/airflow/example_dags/example_bash_operator.py
[2025-07-16T07:22:02.810+0000] {logging_mixin.py:190} INFO - [2025-07-16T07:22:02.810+0000] {dag.py:3229} INFO - Sync 1 DAGs
[2025-07-16T07:22:02.837+0000] {logging_mixin.py:190} INFO - [2025-07-16T07:22:02.837+0000] {dag.py:4156} INFO - Setting next_dagrun for example_bash_operator to 2025-07-15 00:00:00+00:00, run_after=2025-07-16 00:00:00+00:00
[2025-07-16T07:22:02.860+0000] {processor.py:208} INFO - Processing /home/airflow/.local/lib/python3.12/site-packages/airflow/example_dags/example_bash_operator.py took 0.111 seconds
[2025-07-16T07:22:33.549+0000] {processor.py:186} INFO - Started process (PID=1446) to work on /home/airflow/.local/lib/python3.12/site-packages/airflow/example_dags/example_bash_operator.py
[2025-07-16T07:22:33.551+0000] {processor.py:914} INFO - Processing file /home/airflow/.local/lib/python3.12/site-packages/airflow/example_dags/example_bash_operator.py for tasks to queue
[2025-07-16T07:22:33.553+0000] {logging_mixin.py:190} INFO - [2025-07-16T07:22:33.553+0000] {dagbag.py:587} INFO - Filling up the DagBag from /home/airflow/.local/lib/python3.12/site-packages/airflow/example_dags/example_bash_operator.py
[2025-07-16T07:22:33.567+0000] {processor.py:925} INFO - DAG(s) 'example_bash_operator' retrieved from /home/airflow/.local/lib/python3.12/site-packages/airflow/example_dags/example_bash_operator.py
[2025-07-16T07:22:33.596+0000] {logging_mixin.py:190} INFO - [2025-07-16T07:22:33.596+0000] {dag.py:3229} INFO - Sync 1 DAGs
[2025-07-16T07:22:33.625+0000] {logging_mixin.py:190} INFO - [2025-07-16T07:22:33.625+0000] {dag.py:4156} INFO - Setting next_dagrun for example_bash_operator to 2025-07-15 00:00:00+00:00, run_after=2025-07-16 00:00:00+00:00
[2025-07-16T07:22:33.650+0000] {processor.py:208} INFO - Processing /home/airflow/.local/lib/python3.12/site-packages/airflow/example_dags/example_bash_operator.py took 0.107 seconds
[2025-07-16T07:23:04.579+0000] {processor.py:186} INFO - Started process (PID=1503) to work on /home/airflow/.local/lib/python3.12/site-packages/airflow/example_dags/example_bash_operator.py
[2025-07-16T07:23:04.580+0000] {processor.py:914} INFO - Processing file /home/airflow/.local/lib/python3.12/site-packages/airflow/example_dags/example_bash_operator.py for tasks to queue
[2025-07-16T07:23:04.583+0000] {logging_mixin.py:190} INFO - [2025-07-16T07:23:04.582+0000] {dagbag.py:587} INFO - Filling up the DagBag from /home/airflow/.local/lib/python3.12/site-packages/airflow/example_dags/example_bash_operator.py
[2025-07-16T07:23:04.596+0000] {processor.py:925} INFO - DAG(s) 'example_bash_operator' retrieved from /home/airflow/.local/lib/python3.12/site-packages/airflow/example_dags/example_bash_operator.py
[2025-07-16T07:23:04.627+0000] {logging_mixin.py:190} INFO - [2025-07-16T07:23:04.626+0000] {dag.py:3229} INFO - Sync 1 DAGs
[2025-07-16T07:23:04.652+0000] {logging_mixin.py:190} INFO - [2025-07-16T07:23:04.651+0000] {dag.py:4156} INFO - Setting next_dagrun for example_bash_operator to 2025-07-15 00:00:00+00:00, run_after=2025-07-16 00:00:00+00:00
[2025-07-16T07:23:04.675+0000] {processor.py:208} INFO - Processing /home/airflow/.local/lib/python3.12/site-packages/airflow/example_dags/example_bash_operator.py took 0.102 seconds
[2025-07-16T07:23:35.816+0000] {processor.py:186} INFO - Started process (PID=1560) to work on /home/airflow/.local/lib/python3.12/site-packages/airflow/example_dags/example_bash_operator.py
[2025-07-16T07:23:35.817+0000] {processor.py:914} INFO - Processing file /home/airflow/.local/lib/python3.12/site-packages/airflow/example_dags/example_bash_operator.py for tasks to queue
[2025-07-16T07:23:35.820+0000] {logging_mixin.py:190} INFO - [2025-07-16T07:23:35.820+0000] {dagbag.py:587} INFO - Filling up the DagBag from /home/airflow/.local/lib/python3.12/site-packages/airflow/example_dags/example_bash_operator.py
[2025-07-16T07:23:35.836+0000] {processor.py:925} INFO - DAG(s) 'example_bash_operator' retrieved from /home/airflow/.local/lib/python3.12/site-packages/airflow/example_dags/example_bash_operator.py
[2025-07-16T07:23:35.878+0000] {logging_mixin.py:190} INFO - [2025-07-16T07:23:35.877+0000] {dag.py:3229} INFO - Sync 1 DAGs
[2025-07-16T07:23:35.916+0000] {logging_mixin.py:190} INFO - [2025-07-16T07:23:35.915+0000] {dag.py:4156} INFO - Setting next_dagrun for example_bash_operator to 2025-07-15 00:00:00+00:00, run_after=2025-07-16 00:00:00+00:00
[2025-07-16T07:23:35.953+0000] {processor.py:208} INFO - Processing /home/airflow/.local/lib/python3.12/site-packages/airflow/example_dags/example_bash_operator.py took 0.145 seconds
[2025-07-16T07:24:06.246+0000] {processor.py:186} INFO - Started process (PID=1617) to work on /home/airflow/.local/lib/python3.12/site-packages/airflow/example_dags/example_bash_operator.py
[2025-07-16T07:24:06.247+0000] {processor.py:914} INFO - Processing file /home/airflow/.local/lib/python3.12/site-packages/airflow/example_dags/example_bash_operator.py for tasks to queue
[2025-07-16T07:24:06.250+0000] {logging_mixin.py:190} INFO - [2025-07-16T07:24:06.250+0000] {dagbag.py:587} INFO - Filling up the DagBag from /home/airflow/.local/lib/python3.12/site-packages/airflow/example_dags/example_bash_operator.py
[2025-07-16T07:24:06.266+0000] {processor.py:925} INFO - DAG(s) 'example_bash_operator' retrieved from /home/airflow/.local/lib/python3.12/site-packages/airflow/example_dags/example_bash_operator.py
[2025-07-16T07:24:06.301+0000] {logging_mixin.py:190} INFO - [2025-07-16T07:24:06.300+0000] {dag.py:3229} INFO - Sync 1 DAGs
[2025-07-16T07:24:06.329+0000] {logging_mixin.py:190} INFO - [2025-07-16T07:24:06.329+0000] {dag.py:4156} INFO - Setting next_dagrun for example_bash_operator to 2025-07-15 00:00:00+00:00, run_after=2025-07-16 00:00:00+00:00
[2025-07-16T07:24:06.357+0000] {processor.py:208} INFO - Processing /home/airflow/.local/lib/python3.12/site-packages/airflow/example_dags/example_bash_operator.py took 0.118 seconds
[2025-07-16T07:24:37.214+0000] {processor.py:186} INFO - Started process (PID=1674) to work on /home/airflow/.local/lib/python3.12/site-packages/airflow/example_dags/example_bash_operator.py
[2025-07-16T07:24:37.215+0000] {processor.py:914} INFO - Processing file /home/airflow/.local/lib/python3.12/site-packages/airflow/example_dags/example_bash_operator.py for tasks to queue
[2025-07-16T07:24:37.218+0000] {logging_mixin.py:190} INFO - [2025-07-16T07:24:37.218+0000] {dagbag.py:587} INFO - Filling up the DagBag from /home/airflow/.local/lib/python3.12/site-packages/airflow/example_dags/example_bash_operator.py
[2025-07-16T07:24:37.233+0000] {processor.py:925} INFO - DAG(s) 'example_bash_operator' retrieved from /home/airflow/.local/lib/python3.12/site-packages/airflow/example_dags/example_bash_operator.py
[2025-07-16T07:24:37.263+0000] {logging_mixin.py:190} INFO - [2025-07-16T07:24:37.263+0000] {dag.py:3229} INFO - Sync 1 DAGs
[2025-07-16T07:24:37.289+0000] {logging_mixin.py:190} INFO - [2025-07-16T07:24:37.289+0000] {dag.py:4156} INFO - Setting next_dagrun for example_bash_operator to 2025-07-15 00:00:00+00:00, run_after=2025-07-16 00:00:00+00:00
[2025-07-16T07:24:37.313+0000] {processor.py:208} INFO - Processing /home/airflow/.local/lib/python3.12/site-packages/airflow/example_dags/example_bash_operator.py took 0.105 seconds
[2025-07-16T07:25:08.267+0000] {processor.py:186} INFO - Started process (PID=1731) to work on /home/airflow/.local/lib/python3.12/site-packages/airflow/example_dags/example_bash_operator.py
[2025-07-16T07:25:08.268+0000] {processor.py:914} INFO - Processing file /home/airflow/.local/lib/python3.12/site-packages/airflow/example_dags/example_bash_operator.py for tasks to queue
[2025-07-16T07:25:08.272+0000] {logging_mixin.py:190} INFO - [2025-07-16T07:25:08.272+0000] {dagbag.py:587} INFO - Filling up the DagBag from /home/airflow/.local/lib/python3.12/site-packages/airflow/example_dags/example_bash_operator.py
[2025-07-16T07:25:08.296+0000] {processor.py:925} INFO - DAG(s) 'example_bash_operator' retrieved from /home/airflow/.local/lib/python3.12/site-packages/airflow/example_dags/example_bash_operator.py
[2025-07-16T07:25:08.340+0000] {logging_mixin.py:190} INFO - [2025-07-16T07:25:08.340+0000] {dag.py:3229} INFO - Sync 1 DAGs
[2025-07-16T07:25:08.378+0000] {logging_mixin.py:190} INFO - [2025-07-16T07:25:08.378+0000] {dag.py:4156} INFO - Setting next_dagrun for example_bash_operator to 2025-07-15 00:00:00+00:00, run_after=2025-07-16 00:00:00+00:00
[2025-07-16T07:25:08.411+0000] {processor.py:208} INFO - Processing /home/airflow/.local/lib/python3.12/site-packages/airflow/example_dags/example_bash_operator.py took 0.155 seconds
[2025-07-16T07:25:39.247+0000] {processor.py:186} INFO - Started process (PID=1788) to work on /home/airflow/.local/lib/python3.12/site-packages/airflow/example_dags/example_bash_operator.py
[2025-07-16T07:25:39.248+0000] {processor.py:914} INFO - Processing file /home/airflow/.local/lib/python3.12/site-packages/airflow/example_dags/example_bash_operator.py for tasks to queue
[2025-07-16T07:25:39.250+0000] {logging_mixin.py:190} INFO - [2025-07-16T07:25:39.250+0000] {dagbag.py:587} INFO - Filling up the DagBag from /home/airflow/.local/lib/python3.12/site-packages/airflow/example_dags/example_bash_operator.py
[2025-07-16T07:25:39.266+0000] {processor.py:925} INFO - DAG(s) 'example_bash_operator' retrieved from /home/airflow/.local/lib/python3.12/site-packages/airflow/example_dags/example_bash_operator.py
[2025-07-16T07:25:39.299+0000] {logging_mixin.py:190} INFO - [2025-07-16T07:25:39.299+0000] {dag.py:3229} INFO - Sync 1 DAGs
[2025-07-16T07:25:39.326+0000] {logging_mixin.py:190} INFO - [2025-07-16T07:25:39.326+0000] {dag.py:4156} INFO - Setting next_dagrun for example_bash_operator to 2025-07-15 00:00:00+00:00, run_after=2025-07-16 00:00:00+00:00
[2025-07-16T07:25:39.355+0000] {processor.py:208} INFO - Processing /home/airflow/.local/lib/python3.12/site-packages/airflow/example_dags/example_bash_operator.py took 0.115 seconds
[2025-07-16T07:26:10.083+0000] {processor.py:186} INFO - Started process (PID=1845) to work on /home/airflow/.local/lib/python3.12/site-packages/airflow/example_dags/example_bash_operator.py
[2025-07-16T07:26:10.085+0000] {processor.py:914} INFO - Processing file /home/airflow/.local/lib/python3.12/site-packages/airflow/example_dags/example_bash_operator.py for tasks to queue
[2025-07-16T07:26:10.090+0000] {logging_mixin.py:190} INFO - [2025-07-16T07:26:10.090+0000] {dagbag.py:587} INFO - Filling up the DagBag from /home/airflow/.local/lib/python3.12/site-packages/airflow/example_dags/example_bash_operator.py
[2025-07-16T07:26:10.112+0000] {processor.py:925} INFO - DAG(s) 'example_bash_operator' retrieved from /home/airflow/.local/lib/python3.12/site-packages/airflow/example_dags/example_bash_operator.py
[2025-07-16T07:26:10.185+0000] {logging_mixin.py:190} INFO - [2025-07-16T07:26:10.185+0000] {dag.py:3229} INFO - Sync 1 DAGs
[2025-07-16T07:26:10.228+0000] {logging_mixin.py:190} INFO - [2025-07-16T07:26:10.227+0000] {dag.py:4156} INFO - Setting next_dagrun for example_bash_operator to 2025-07-15 00:00:00+00:00, run_after=2025-07-16 00:00:00+00:00
[2025-07-16T07:26:10.250+0000] {processor.py:208} INFO - Processing /home/airflow/.local/lib/python3.12/site-packages/airflow/example_dags/example_bash_operator.py took 0.177 seconds
[2025-07-16T07:26:41.152+0000] {processor.py:186} INFO - Started process (PID=1902) to work on /home/airflow/.local/lib/python3.12/site-packages/airflow/example_dags/example_bash_operator.py
[2025-07-16T07:26:41.153+0000] {processor.py:914} INFO - Processing file /home/airflow/.local/lib/python3.12/site-packages/airflow/example_dags/example_bash_operator.py for tasks to queue
[2025-07-16T07:26:41.156+0000] {logging_mixin.py:190} INFO - [2025-07-16T07:26:41.156+0000] {dagbag.py:587} INFO - Filling up the DagBag from /home/airflow/.local/lib/python3.12/site-packages/airflow/example_dags/example_bash_operator.py
[2025-07-16T07:26:41.171+0000] {processor.py:925} INFO - DAG(s) 'example_bash_operator' retrieved from /home/airflow/.local/lib/python3.12/site-packages/airflow/example_dags/example_bash_operator.py
[2025-07-16T07:26:41.204+0000] {logging_mixin.py:190} INFO - [2025-07-16T07:26:41.204+0000] {dag.py:3229} INFO - Sync 1 DAGs
[2025-07-16T07:26:41.231+0000] {logging_mixin.py:190} INFO - [2025-07-16T07:26:41.230+0000] {dag.py:4156} INFO - Setting next_dagrun for example_bash_operator to 2025-07-15 00:00:00+00:00, run_after=2025-07-16 00:00:00+00:00
[2025-07-16T07:26:41.252+0000] {processor.py:208} INFO - Processing /home/airflow/.local/lib/python3.12/site-packages/airflow/example_dags/example_bash_operator.py took 0.107 seconds
[2025-07-16T07:27:12.121+0000] {processor.py:186} INFO - Started process (PID=1959) to work on /home/airflow/.local/lib/python3.12/site-packages/airflow/example_dags/example_bash_operator.py
[2025-07-16T07:27:12.122+0000] {processor.py:914} INFO - Processing file /home/airflow/.local/lib/python3.12/site-packages/airflow/example_dags/example_bash_operator.py for tasks to queue
[2025-07-16T07:27:12.125+0000] {logging_mixin.py:190} INFO - [2025-07-16T07:27:12.125+0000] {dagbag.py:587} INFO - Filling up the DagBag from /home/airflow/.local/lib/python3.12/site-packages/airflow/example_dags/example_bash_operator.py
[2025-07-16T07:27:12.138+0000] {processor.py:925} INFO - DAG(s) 'example_bash_operator' retrieved from /home/airflow/.local/lib/python3.12/site-packages/airflow/example_dags/example_bash_operator.py
[2025-07-16T07:27:12.168+0000] {logging_mixin.py:190} INFO - [2025-07-16T07:27:12.167+0000] {dag.py:3229} INFO - Sync 1 DAGs
[2025-07-16T07:27:12.193+0000] {logging_mixin.py:190} INFO - [2025-07-16T07:27:12.193+0000] {dag.py:4156} INFO - Setting next_dagrun for example_bash_operator to 2025-07-15 00:00:00+00:00, run_after=2025-07-16 00:00:00+00:00
[2025-07-16T07:27:12.215+0000] {processor.py:208} INFO - Processing /home/airflow/.local/lib/python3.12/site-packages/airflow/example_dags/example_bash_operator.py took 0.101 seconds
[2025-07-16T07:27:42.626+0000] {processor.py:186} INFO - Started process (PID=2016) to work on /home/airflow/.local/lib/python3.12/site-packages/airflow/example_dags/example_bash_operator.py
[2025-07-16T07:27:42.627+0000] {processor.py:914} INFO - Processing file /home/airflow/.local/lib/python3.12/site-packages/airflow/example_dags/example_bash_operator.py for tasks to queue
[2025-07-16T07:27:42.631+0000] {logging_mixin.py:190} INFO - [2025-07-16T07:27:42.630+0000] {dagbag.py:587} INFO - Filling up the DagBag from /home/airflow/.local/lib/python3.12/site-packages/airflow/example_dags/example_bash_operator.py
[2025-07-16T07:27:42.665+0000] {processor.py:925} INFO - DAG(s) 'example_bash_operator' retrieved from /home/airflow/.local/lib/python3.12/site-packages/airflow/example_dags/example_bash_operator.py
[2025-07-16T07:27:42.717+0000] {logging_mixin.py:190} INFO - [2025-07-16T07:27:42.716+0000] {dag.py:3229} INFO - Sync 1 DAGs
[2025-07-16T07:27:42.750+0000] {logging_mixin.py:190} INFO - [2025-07-16T07:27:42.750+0000] {dag.py:4156} INFO - Setting next_dagrun for example_bash_operator to 2025-07-15 00:00:00+00:00, run_after=2025-07-16 00:00:00+00:00
[2025-07-16T07:27:42.779+0000] {processor.py:208} INFO - Processing /home/airflow/.local/lib/python3.12/site-packages/airflow/example_dags/example_bash_operator.py took 0.170 seconds
[2025-07-16T07:28:13.156+0000] {processor.py:186} INFO - Started process (PID=2073) to work on /home/airflow/.local/lib/python3.12/site-packages/airflow/example_dags/example_bash_operator.py
[2025-07-16T07:28:13.157+0000] {processor.py:914} INFO - Processing file /home/airflow/.local/lib/python3.12/site-packages/airflow/example_dags/example_bash_operator.py for tasks to queue
[2025-07-16T07:28:13.160+0000] {logging_mixin.py:190} INFO - [2025-07-16T07:28:13.160+0000] {dagbag.py:587} INFO - Filling up the DagBag from /home/airflow/.local/lib/python3.12/site-packages/airflow/example_dags/example_bash_operator.py
[2025-07-16T07:28:13.178+0000] {processor.py:925} INFO - DAG(s) 'example_bash_operator' retrieved from /home/airflow/.local/lib/python3.12/site-packages/airflow/example_dags/example_bash_operator.py
[2025-07-16T07:28:13.211+0000] {logging_mixin.py:190} INFO - [2025-07-16T07:28:13.211+0000] {dag.py:3229} INFO - Sync 1 DAGs
[2025-07-16T07:28:13.248+0000] {logging_mixin.py:190} INFO - [2025-07-16T07:28:13.248+0000] {dag.py:4156} INFO - Setting next_dagrun for example_bash_operator to 2025-07-15 00:00:00+00:00, run_after=2025-07-16 00:00:00+00:00
[2025-07-16T07:28:13.269+0000] {processor.py:208} INFO - Processing /home/airflow/.local/lib/python3.12/site-packages/airflow/example_dags/example_bash_operator.py took 0.120 seconds
[2025-07-16T07:28:43.626+0000] {processor.py:186} INFO - Started process (PID=2130) to work on /home/airflow/.local/lib/python3.12/site-packages/airflow/example_dags/example_bash_operator.py
[2025-07-16T07:28:43.627+0000] {processor.py:914} INFO - Processing file /home/airflow/.local/lib/python3.12/site-packages/airflow/example_dags/example_bash_operator.py for tasks to queue
[2025-07-16T07:28:43.630+0000] {logging_mixin.py:190} INFO - [2025-07-16T07:28:43.629+0000] {dagbag.py:587} INFO - Filling up the DagBag from /home/airflow/.local/lib/python3.12/site-packages/airflow/example_dags/example_bash_operator.py
[2025-07-16T07:28:43.661+0000] {processor.py:925} INFO - DAG(s) 'example_bash_operator' retrieved from /home/airflow/.local/lib/python3.12/site-packages/airflow/example_dags/example_bash_operator.py
[2025-07-16T07:28:43.706+0000] {logging_mixin.py:190} INFO - [2025-07-16T07:28:43.705+0000] {dag.py:3229} INFO - Sync 1 DAGs
[2025-07-16T07:28:43.738+0000] {logging_mixin.py:190} INFO - [2025-07-16T07:28:43.737+0000] {dag.py:4156} INFO - Setting next_dagrun for example_bash_operator to 2025-07-15 00:00:00+00:00, run_after=2025-07-16 00:00:00+00:00
[2025-07-16T07:28:43.762+0000] {processor.py:208} INFO - Processing /home/airflow/.local/lib/python3.12/site-packages/airflow/example_dags/example_bash_operator.py took 0.144 seconds
[2025-07-16T07:29:14.376+0000] {processor.py:186} INFO - Started process (PID=2187) to work on /home/airflow/.local/lib/python3.12/site-packages/airflow/example_dags/example_bash_operator.py
[2025-07-16T07:29:14.377+0000] {processor.py:914} INFO - Processing file /home/airflow/.local/lib/python3.12/site-packages/airflow/example_dags/example_bash_operator.py for tasks to queue
[2025-07-16T07:29:14.380+0000] {logging_mixin.py:190} INFO - [2025-07-16T07:29:14.379+0000] {dagbag.py:587} INFO - Filling up the DagBag from /home/airflow/.local/lib/python3.12/site-packages/airflow/example_dags/example_bash_operator.py
[2025-07-16T07:29:14.394+0000] {processor.py:925} INFO - DAG(s) 'example_bash_operator' retrieved from /home/airflow/.local/lib/python3.12/site-packages/airflow/example_dags/example_bash_operator.py
[2025-07-16T07:29:14.425+0000] {logging_mixin.py:190} INFO - [2025-07-16T07:29:14.424+0000] {dag.py:3229} INFO - Sync 1 DAGs
[2025-07-16T07:29:14.450+0000] {logging_mixin.py:190} INFO - [2025-07-16T07:29:14.450+0000] {dag.py:4156} INFO - Setting next_dagrun for example_bash_operator to 2025-07-15 00:00:00+00:00, run_after=2025-07-16 00:00:00+00:00
[2025-07-16T07:29:14.470+0000] {processor.py:208} INFO - Processing /home/airflow/.local/lib/python3.12/site-packages/airflow/example_dags/example_bash_operator.py took 0.101 seconds
[2025-07-16T07:29:45.023+0000] {processor.py:186} INFO - Started process (PID=2244) to work on /home/airflow/.local/lib/python3.12/site-packages/airflow/example_dags/example_bash_operator.py
[2025-07-16T07:29:45.024+0000] {processor.py:914} INFO - Processing file /home/airflow/.local/lib/python3.12/site-packages/airflow/example_dags/example_bash_operator.py for tasks to queue
[2025-07-16T07:29:45.027+0000] {logging_mixin.py:190} INFO - [2025-07-16T07:29:45.027+0000] {dagbag.py:587} INFO - Filling up the DagBag from /home/airflow/.local/lib/python3.12/site-packages/airflow/example_dags/example_bash_operator.py
[2025-07-16T07:29:45.040+0000] {processor.py:925} INFO - DAG(s) 'example_bash_operator' retrieved from /home/airflow/.local/lib/python3.12/site-packages/airflow/example_dags/example_bash_operator.py
[2025-07-16T07:29:45.070+0000] {logging_mixin.py:190} INFO - [2025-07-16T07:29:45.070+0000] {dag.py:3229} INFO - Sync 1 DAGs
[2025-07-16T07:29:45.097+0000] {logging_mixin.py:190} INFO - [2025-07-16T07:29:45.097+0000] {dag.py:4156} INFO - Setting next_dagrun for example_bash_operator to 2025-07-15 00:00:00+00:00, run_after=2025-07-16 00:00:00+00:00
[2025-07-16T07:29:45.125+0000] {processor.py:208} INFO - Processing /home/airflow/.local/lib/python3.12/site-packages/airflow/example_dags/example_bash_operator.py took 0.108 seconds
[2025-07-16T07:30:16.367+0000] {processor.py:186} INFO - Started process (PID=2301) to work on /home/airflow/.local/lib/python3.12/site-packages/airflow/example_dags/example_bash_operator.py
[2025-07-16T07:30:16.368+0000] {processor.py:914} INFO - Processing file /home/airflow/.local/lib/python3.12/site-packages/airflow/example_dags/example_bash_operator.py for tasks to queue
[2025-07-16T07:30:16.371+0000] {logging_mixin.py:190} INFO - [2025-07-16T07:30:16.370+0000] {dagbag.py:587} INFO - Filling up the DagBag from /home/airflow/.local/lib/python3.12/site-packages/airflow/example_dags/example_bash_operator.py
[2025-07-16T07:30:16.386+0000] {processor.py:925} INFO - DAG(s) 'example_bash_operator' retrieved from /home/airflow/.local/lib/python3.12/site-packages/airflow/example_dags/example_bash_operator.py
[2025-07-16T07:30:16.415+0000] {logging_mixin.py:190} INFO - [2025-07-16T07:30:16.415+0000] {dag.py:3229} INFO - Sync 1 DAGs
[2025-07-16T07:30:16.444+0000] {logging_mixin.py:190} INFO - [2025-07-16T07:30:16.444+0000] {dag.py:4156} INFO - Setting next_dagrun for example_bash_operator to 2025-07-15 00:00:00+00:00, run_after=2025-07-16 00:00:00+00:00
[2025-07-16T07:30:16.468+0000] {processor.py:208} INFO - Processing /home/airflow/.local/lib/python3.12/site-packages/airflow/example_dags/example_bash_operator.py took 0.108 seconds
[2025-07-16T07:30:47.951+0000] {processor.py:186} INFO - Started process (PID=2358) to work on /home/airflow/.local/lib/python3.12/site-packages/airflow/example_dags/example_bash_operator.py
[2025-07-16T07:30:47.953+0000] {processor.py:914} INFO - Processing file /home/airflow/.local/lib/python3.12/site-packages/airflow/example_dags/example_bash_operator.py for tasks to queue
[2025-07-16T07:30:47.955+0000] {logging_mixin.py:190} INFO - [2025-07-16T07:30:47.955+0000] {dagbag.py:587} INFO - Filling up the DagBag from /home/airflow/.local/lib/python3.12/site-packages/airflow/example_dags/example_bash_operator.py
[2025-07-16T07:30:47.970+0000] {processor.py:925} INFO - DAG(s) 'example_bash_operator' retrieved from /home/airflow/.local/lib/python3.12/site-packages/airflow/example_dags/example_bash_operator.py
[2025-07-16T07:30:48.005+0000] {logging_mixin.py:190} INFO - [2025-07-16T07:30:48.005+0000] {dag.py:3229} INFO - Sync 1 DAGs
[2025-07-16T07:30:48.037+0000] {logging_mixin.py:190} INFO - [2025-07-16T07:30:48.036+0000] {dag.py:4156} INFO - Setting next_dagrun for example_bash_operator to 2025-07-15 00:00:00+00:00, run_after=2025-07-16 00:00:00+00:00
[2025-07-16T07:30:48.071+0000] {processor.py:208} INFO - Processing /home/airflow/.local/lib/python3.12/site-packages/airflow/example_dags/example_bash_operator.py took 0.127 seconds
[2025-07-16T07:31:18.479+0000] {processor.py:186} INFO - Started process (PID=2415) to work on /home/airflow/.local/lib/python3.12/site-packages/airflow/example_dags/example_bash_operator.py
[2025-07-16T07:31:18.481+0000] {processor.py:914} INFO - Processing file /home/airflow/.local/lib/python3.12/site-packages/airflow/example_dags/example_bash_operator.py for tasks to queue
[2025-07-16T07:31:18.483+0000] {logging_mixin.py:190} INFO - [2025-07-16T07:31:18.483+0000] {dagbag.py:587} INFO - Filling up the DagBag from /home/airflow/.local/lib/python3.12/site-packages/airflow/example_dags/example_bash_operator.py
[2025-07-16T07:31:18.498+0000] {processor.py:925} INFO - DAG(s) 'example_bash_operator' retrieved from /home/airflow/.local/lib/python3.12/site-packages/airflow/example_dags/example_bash_operator.py
[2025-07-16T07:31:18.537+0000] {logging_mixin.py:190} INFO - [2025-07-16T07:31:18.537+0000] {dag.py:3229} INFO - Sync 1 DAGs
[2025-07-16T07:31:18.568+0000] {logging_mixin.py:190} INFO - [2025-07-16T07:31:18.568+0000] {dag.py:4156} INFO - Setting next_dagrun for example_bash_operator to 2025-07-15 00:00:00+00:00, run_after=2025-07-16 00:00:00+00:00
[2025-07-16T07:31:18.631+0000] {processor.py:208} INFO - Processing /home/airflow/.local/lib/python3.12/site-packages/airflow/example_dags/example_bash_operator.py took 0.160 seconds
[2025-07-16T07:33:04.492+0000] {processor.py:186} INFO - Started process (PID=79) to work on /home/airflow/.local/lib/python3.12/site-packages/airflow/example_dags/example_bash_operator.py
[2025-07-16T07:33:04.493+0000] {processor.py:914} INFO - Processing file /home/airflow/.local/lib/python3.12/site-packages/airflow/example_dags/example_bash_operator.py for tasks to queue
[2025-07-16T07:33:04.496+0000] {logging_mixin.py:190} INFO - [2025-07-16T07:33:04.495+0000] {dagbag.py:587} INFO - Filling up the DagBag from /home/airflow/.local/lib/python3.12/site-packages/airflow/example_dags/example_bash_operator.py
[2025-07-16T07:33:04.516+0000] {processor.py:925} INFO - DAG(s) 'example_bash_operator' retrieved from /home/airflow/.local/lib/python3.12/site-packages/airflow/example_dags/example_bash_operator.py
[2025-07-16T07:33:04.549+0000] {logging_mixin.py:190} INFO - [2025-07-16T07:33:04.549+0000] {dag.py:3229} INFO - Sync 1 DAGs
[2025-07-16T07:33:04.576+0000] {logging_mixin.py:190} INFO - [2025-07-16T07:33:04.576+0000] {dag.py:4156} INFO - Setting next_dagrun for example_bash_operator to 2025-07-15 00:00:00+00:00, run_after=2025-07-16 00:00:00+00:00
[2025-07-16T07:33:04.602+0000] {processor.py:208} INFO - Processing /home/airflow/.local/lib/python3.12/site-packages/airflow/example_dags/example_bash_operator.py took 0.116 seconds
[2025-07-16T07:33:35.118+0000] {processor.py:186} INFO - Started process (PID=136) to work on /home/airflow/.local/lib/python3.12/site-packages/airflow/example_dags/example_bash_operator.py
[2025-07-16T07:33:35.125+0000] {processor.py:914} INFO - Processing file /home/airflow/.local/lib/python3.12/site-packages/airflow/example_dags/example_bash_operator.py for tasks to queue
[2025-07-16T07:33:35.127+0000] {logging_mixin.py:190} INFO - [2025-07-16T07:33:35.127+0000] {dagbag.py:587} INFO - Filling up the DagBag from /home/airflow/.local/lib/python3.12/site-packages/airflow/example_dags/example_bash_operator.py
[2025-07-16T07:33:35.142+0000] {processor.py:925} INFO - DAG(s) 'example_bash_operator' retrieved from /home/airflow/.local/lib/python3.12/site-packages/airflow/example_dags/example_bash_operator.py
[2025-07-16T07:33:35.184+0000] {logging_mixin.py:190} INFO - [2025-07-16T07:33:35.184+0000] {dag.py:3229} INFO - Sync 1 DAGs
[2025-07-16T07:33:35.229+0000] {logging_mixin.py:190} INFO - [2025-07-16T07:33:35.229+0000] {dag.py:4156} INFO - Setting next_dagrun for example_bash_operator to 2025-07-15 00:00:00+00:00, run_after=2025-07-16 00:00:00+00:00
[2025-07-16T07:33:35.261+0000] {processor.py:208} INFO - Processing /home/airflow/.local/lib/python3.12/site-packages/airflow/example_dags/example_bash_operator.py took 0.151 seconds
[2025-07-16T07:34:05.964+0000] {processor.py:186} INFO - Started process (PID=193) to work on /home/airflow/.local/lib/python3.12/site-packages/airflow/example_dags/example_bash_operator.py
[2025-07-16T07:34:05.966+0000] {processor.py:914} INFO - Processing file /home/airflow/.local/lib/python3.12/site-packages/airflow/example_dags/example_bash_operator.py for tasks to queue
[2025-07-16T07:34:05.969+0000] {logging_mixin.py:190} INFO - [2025-07-16T07:34:05.969+0000] {dagbag.py:587} INFO - Filling up the DagBag from /home/airflow/.local/lib/python3.12/site-packages/airflow/example_dags/example_bash_operator.py
[2025-07-16T07:34:05.983+0000] {processor.py:925} INFO - DAG(s) 'example_bash_operator' retrieved from /home/airflow/.local/lib/python3.12/site-packages/airflow/example_dags/example_bash_operator.py
[2025-07-16T07:34:06.020+0000] {logging_mixin.py:190} INFO - [2025-07-16T07:34:06.020+0000] {dag.py:3229} INFO - Sync 1 DAGs
[2025-07-16T07:34:06.055+0000] {logging_mixin.py:190} INFO - [2025-07-16T07:34:06.054+0000] {dag.py:4156} INFO - Setting next_dagrun for example_bash_operator to 2025-07-15 00:00:00+00:00, run_after=2025-07-16 00:00:00+00:00
[2025-07-16T07:34:06.085+0000] {processor.py:208} INFO - Processing /home/airflow/.local/lib/python3.12/site-packages/airflow/example_dags/example_bash_operator.py took 0.128 seconds
[2025-07-16T07:34:36.843+0000] {processor.py:186} INFO - Started process (PID=250) to work on /home/airflow/.local/lib/python3.12/site-packages/airflow/example_dags/example_bash_operator.py
[2025-07-16T07:34:36.844+0000] {processor.py:914} INFO - Processing file /home/airflow/.local/lib/python3.12/site-packages/airflow/example_dags/example_bash_operator.py for tasks to queue
[2025-07-16T07:34:36.847+0000] {logging_mixin.py:190} INFO - [2025-07-16T07:34:36.847+0000] {dagbag.py:587} INFO - Filling up the DagBag from /home/airflow/.local/lib/python3.12/site-packages/airflow/example_dags/example_bash_operator.py
[2025-07-16T07:34:36.861+0000] {processor.py:925} INFO - DAG(s) 'example_bash_operator' retrieved from /home/airflow/.local/lib/python3.12/site-packages/airflow/example_dags/example_bash_operator.py
[2025-07-16T07:34:36.890+0000] {logging_mixin.py:190} INFO - [2025-07-16T07:34:36.890+0000] {dag.py:3229} INFO - Sync 1 DAGs
[2025-07-16T07:34:36.915+0000] {logging_mixin.py:190} INFO - [2025-07-16T07:34:36.914+0000] {dag.py:4156} INFO - Setting next_dagrun for example_bash_operator to 2025-07-15 00:00:00+00:00, run_after=2025-07-16 00:00:00+00:00
[2025-07-16T07:34:36.939+0000] {processor.py:208} INFO - Processing /home/airflow/.local/lib/python3.12/site-packages/airflow/example_dags/example_bash_operator.py took 0.103 seconds
[2025-07-16T07:35:07.347+0000] {processor.py:186} INFO - Started process (PID=307) to work on /home/airflow/.local/lib/python3.12/site-packages/airflow/example_dags/example_bash_operator.py
[2025-07-16T07:35:07.348+0000] {processor.py:914} INFO - Processing file /home/airflow/.local/lib/python3.12/site-packages/airflow/example_dags/example_bash_operator.py for tasks to queue
[2025-07-16T07:35:07.350+0000] {logging_mixin.py:190} INFO - [2025-07-16T07:35:07.350+0000] {dagbag.py:587} INFO - Filling up the DagBag from /home/airflow/.local/lib/python3.12/site-packages/airflow/example_dags/example_bash_operator.py
[2025-07-16T07:35:07.364+0000] {processor.py:925} INFO - DAG(s) 'example_bash_operator' retrieved from /home/airflow/.local/lib/python3.12/site-packages/airflow/example_dags/example_bash_operator.py
[2025-07-16T07:35:07.395+0000] {logging_mixin.py:190} INFO - [2025-07-16T07:35:07.395+0000] {dag.py:3229} INFO - Sync 1 DAGs
[2025-07-16T07:35:07.422+0000] {logging_mixin.py:190} INFO - [2025-07-16T07:35:07.422+0000] {dag.py:4156} INFO - Setting next_dagrun for example_bash_operator to 2025-07-15 00:00:00+00:00, run_after=2025-07-16 00:00:00+00:00
[2025-07-16T07:35:07.446+0000] {processor.py:208} INFO - Processing /home/airflow/.local/lib/python3.12/site-packages/airflow/example_dags/example_bash_operator.py took 0.106 seconds
[2025-07-16T07:35:37.807+0000] {processor.py:186} INFO - Started process (PID=364) to work on /home/airflow/.local/lib/python3.12/site-packages/airflow/example_dags/example_bash_operator.py
[2025-07-16T07:35:37.808+0000] {processor.py:914} INFO - Processing file /home/airflow/.local/lib/python3.12/site-packages/airflow/example_dags/example_bash_operator.py for tasks to queue
[2025-07-16T07:35:37.811+0000] {logging_mixin.py:190} INFO - [2025-07-16T07:35:37.810+0000] {dagbag.py:587} INFO - Filling up the DagBag from /home/airflow/.local/lib/python3.12/site-packages/airflow/example_dags/example_bash_operator.py
[2025-07-16T07:35:37.826+0000] {processor.py:925} INFO - DAG(s) 'example_bash_operator' retrieved from /home/airflow/.local/lib/python3.12/site-packages/airflow/example_dags/example_bash_operator.py
[2025-07-16T07:35:37.860+0000] {logging_mixin.py:190} INFO - [2025-07-16T07:35:37.860+0000] {dag.py:3229} INFO - Sync 1 DAGs
[2025-07-16T07:35:37.887+0000] {logging_mixin.py:190} INFO - [2025-07-16T07:35:37.887+0000] {dag.py:4156} INFO - Setting next_dagrun for example_bash_operator to 2025-07-15 00:00:00+00:00, run_after=2025-07-16 00:00:00+00:00
[2025-07-16T07:35:37.911+0000] {processor.py:208} INFO - Processing /home/airflow/.local/lib/python3.12/site-packages/airflow/example_dags/example_bash_operator.py took 0.111 seconds
[2025-07-16T07:36:08.213+0000] {processor.py:186} INFO - Started process (PID=421) to work on /home/airflow/.local/lib/python3.12/site-packages/airflow/example_dags/example_bash_operator.py
[2025-07-16T07:36:08.214+0000] {processor.py:914} INFO - Processing file /home/airflow/.local/lib/python3.12/site-packages/airflow/example_dags/example_bash_operator.py for tasks to queue
[2025-07-16T07:36:08.218+0000] {logging_mixin.py:190} INFO - [2025-07-16T07:36:08.218+0000] {dagbag.py:587} INFO - Filling up the DagBag from /home/airflow/.local/lib/python3.12/site-packages/airflow/example_dags/example_bash_operator.py
[2025-07-16T07:36:08.236+0000] {processor.py:925} INFO - DAG(s) 'example_bash_operator' retrieved from /home/airflow/.local/lib/python3.12/site-packages/airflow/example_dags/example_bash_operator.py
[2025-07-16T07:36:08.265+0000] {logging_mixin.py:190} INFO - [2025-07-16T07:36:08.264+0000] {dag.py:3229} INFO - Sync 1 DAGs
[2025-07-16T07:36:08.294+0000] {logging_mixin.py:190} INFO - [2025-07-16T07:36:08.294+0000] {dag.py:4156} INFO - Setting next_dagrun for example_bash_operator to 2025-07-15 00:00:00+00:00, run_after=2025-07-16 00:00:00+00:00
[2025-07-16T07:36:08.321+0000] {processor.py:208} INFO - Processing /home/airflow/.local/lib/python3.12/site-packages/airflow/example_dags/example_bash_operator.py took 0.115 seconds
[2025-07-16T07:36:39.975+0000] {processor.py:186} INFO - Started process (PID=478) to work on /home/airflow/.local/lib/python3.12/site-packages/airflow/example_dags/example_bash_operator.py
[2025-07-16T07:36:39.976+0000] {processor.py:914} INFO - Processing file /home/airflow/.local/lib/python3.12/site-packages/airflow/example_dags/example_bash_operator.py for tasks to queue
[2025-07-16T07:36:39.979+0000] {logging_mixin.py:190} INFO - [2025-07-16T07:36:39.979+0000] {dagbag.py:587} INFO - Filling up the DagBag from /home/airflow/.local/lib/python3.12/site-packages/airflow/example_dags/example_bash_operator.py
[2025-07-16T07:36:39.995+0000] {processor.py:925} INFO - DAG(s) 'example_bash_operator' retrieved from /home/airflow/.local/lib/python3.12/site-packages/airflow/example_dags/example_bash_operator.py
[2025-07-16T07:36:40.029+0000] {logging_mixin.py:190} INFO - [2025-07-16T07:36:40.029+0000] {dag.py:3229} INFO - Sync 1 DAGs
[2025-07-16T07:36:40.069+0000] {logging_mixin.py:190} INFO - [2025-07-16T07:36:40.069+0000] {dag.py:4156} INFO - Setting next_dagrun for example_bash_operator to 2025-07-15 00:00:00+00:00, run_after=2025-07-16 00:00:00+00:00
[2025-07-16T07:36:40.102+0000] {processor.py:208} INFO - Processing /home/airflow/.local/lib/python3.12/site-packages/airflow/example_dags/example_bash_operator.py took 0.136 seconds
[2025-07-16T07:37:10.624+0000] {processor.py:186} INFO - Started process (PID=535) to work on /home/airflow/.local/lib/python3.12/site-packages/airflow/example_dags/example_bash_operator.py
[2025-07-16T07:37:10.625+0000] {processor.py:914} INFO - Processing file /home/airflow/.local/lib/python3.12/site-packages/airflow/example_dags/example_bash_operator.py for tasks to queue
[2025-07-16T07:37:10.628+0000] {logging_mixin.py:190} INFO - [2025-07-16T07:37:10.627+0000] {dagbag.py:587} INFO - Filling up the DagBag from /home/airflow/.local/lib/python3.12/site-packages/airflow/example_dags/example_bash_operator.py
[2025-07-16T07:37:10.643+0000] {processor.py:925} INFO - DAG(s) 'example_bash_operator' retrieved from /home/airflow/.local/lib/python3.12/site-packages/airflow/example_dags/example_bash_operator.py
[2025-07-16T07:37:10.676+0000] {logging_mixin.py:190} INFO - [2025-07-16T07:37:10.676+0000] {dag.py:3229} INFO - Sync 1 DAGs
[2025-07-16T07:37:10.702+0000] {logging_mixin.py:190} INFO - [2025-07-16T07:37:10.702+0000] {dag.py:4156} INFO - Setting next_dagrun for example_bash_operator to 2025-07-15 00:00:00+00:00, run_after=2025-07-16 00:00:00+00:00
[2025-07-16T07:37:10.729+0000] {processor.py:208} INFO - Processing /home/airflow/.local/lib/python3.12/site-packages/airflow/example_dags/example_bash_operator.py took 0.112 seconds
[2025-07-16T07:37:41.569+0000] {processor.py:186} INFO - Started process (PID=592) to work on /home/airflow/.local/lib/python3.12/site-packages/airflow/example_dags/example_bash_operator.py
[2025-07-16T07:37:41.571+0000] {processor.py:914} INFO - Processing file /home/airflow/.local/lib/python3.12/site-packages/airflow/example_dags/example_bash_operator.py for tasks to queue
[2025-07-16T07:37:41.575+0000] {logging_mixin.py:190} INFO - [2025-07-16T07:37:41.574+0000] {dagbag.py:587} INFO - Filling up the DagBag from /home/airflow/.local/lib/python3.12/site-packages/airflow/example_dags/example_bash_operator.py
[2025-07-16T07:37:41.592+0000] {processor.py:925} INFO - DAG(s) 'example_bash_operator' retrieved from /home/airflow/.local/lib/python3.12/site-packages/airflow/example_dags/example_bash_operator.py
[2025-07-16T07:37:41.631+0000] {logging_mixin.py:190} INFO - [2025-07-16T07:37:41.630+0000] {dag.py:3229} INFO - Sync 1 DAGs
[2025-07-16T07:37:41.685+0000] {logging_mixin.py:190} INFO - [2025-07-16T07:37:41.684+0000] {dag.py:4156} INFO - Setting next_dagrun for example_bash_operator to 2025-07-15 00:00:00+00:00, run_after=2025-07-16 00:00:00+00:00
[2025-07-16T07:37:41.714+0000] {processor.py:208} INFO - Processing /home/airflow/.local/lib/python3.12/site-packages/airflow/example_dags/example_bash_operator.py took 0.154 seconds
[2025-07-16T07:38:12.760+0000] {processor.py:186} INFO - Started process (PID=649) to work on /home/airflow/.local/lib/python3.12/site-packages/airflow/example_dags/example_bash_operator.py
[2025-07-16T07:38:12.761+0000] {processor.py:914} INFO - Processing file /home/airflow/.local/lib/python3.12/site-packages/airflow/example_dags/example_bash_operator.py for tasks to queue
[2025-07-16T07:38:12.764+0000] {logging_mixin.py:190} INFO - [2025-07-16T07:38:12.763+0000] {dagbag.py:587} INFO - Filling up the DagBag from /home/airflow/.local/lib/python3.12/site-packages/airflow/example_dags/example_bash_operator.py
[2025-07-16T07:38:12.781+0000] {processor.py:925} INFO - DAG(s) 'example_bash_operator' retrieved from /home/airflow/.local/lib/python3.12/site-packages/airflow/example_dags/example_bash_operator.py
[2025-07-16T07:38:12.813+0000] {logging_mixin.py:190} INFO - [2025-07-16T07:38:12.812+0000] {dag.py:3229} INFO - Sync 1 DAGs
[2025-07-16T07:38:12.840+0000] {logging_mixin.py:190} INFO - [2025-07-16T07:38:12.840+0000] {dag.py:4156} INFO - Setting next_dagrun for example_bash_operator to 2025-07-15 00:00:00+00:00, run_after=2025-07-16 00:00:00+00:00
[2025-07-16T07:38:12.864+0000] {processor.py:208} INFO - Processing /home/airflow/.local/lib/python3.12/site-packages/airflow/example_dags/example_bash_operator.py took 0.111 seconds
[2025-07-16T07:38:43.296+0000] {processor.py:186} INFO - Started process (PID=706) to work on /home/airflow/.local/lib/python3.12/site-packages/airflow/example_dags/example_bash_operator.py
[2025-07-16T07:38:43.297+0000] {processor.py:914} INFO - Processing file /home/airflow/.local/lib/python3.12/site-packages/airflow/example_dags/example_bash_operator.py for tasks to queue
[2025-07-16T07:38:43.300+0000] {logging_mixin.py:190} INFO - [2025-07-16T07:38:43.299+0000] {dagbag.py:587} INFO - Filling up the DagBag from /home/airflow/.local/lib/python3.12/site-packages/airflow/example_dags/example_bash_operator.py
[2025-07-16T07:38:43.313+0000] {processor.py:925} INFO - DAG(s) 'example_bash_operator' retrieved from /home/airflow/.local/lib/python3.12/site-packages/airflow/example_dags/example_bash_operator.py
[2025-07-16T07:38:43.342+0000] {logging_mixin.py:190} INFO - [2025-07-16T07:38:43.342+0000] {dag.py:3229} INFO - Sync 1 DAGs
[2025-07-16T07:38:43.369+0000] {logging_mixin.py:190} INFO - [2025-07-16T07:38:43.368+0000] {dag.py:4156} INFO - Setting next_dagrun for example_bash_operator to 2025-07-15 00:00:00+00:00, run_after=2025-07-16 00:00:00+00:00
[2025-07-16T07:38:43.393+0000] {processor.py:208} INFO - Processing /home/airflow/.local/lib/python3.12/site-packages/airflow/example_dags/example_bash_operator.py took 0.104 seconds
[2025-07-16T07:39:14.052+0000] {processor.py:186} INFO - Started process (PID=763) to work on /home/airflow/.local/lib/python3.12/site-packages/airflow/example_dags/example_bash_operator.py
[2025-07-16T07:39:14.054+0000] {processor.py:914} INFO - Processing file /home/airflow/.local/lib/python3.12/site-packages/airflow/example_dags/example_bash_operator.py for tasks to queue
[2025-07-16T07:39:14.056+0000] {logging_mixin.py:190} INFO - [2025-07-16T07:39:14.056+0000] {dagbag.py:587} INFO - Filling up the DagBag from /home/airflow/.local/lib/python3.12/site-packages/airflow/example_dags/example_bash_operator.py
[2025-07-16T07:39:14.069+0000] {processor.py:925} INFO - DAG(s) 'example_bash_operator' retrieved from /home/airflow/.local/lib/python3.12/site-packages/airflow/example_dags/example_bash_operator.py
[2025-07-16T07:39:14.098+0000] {logging_mixin.py:190} INFO - [2025-07-16T07:39:14.098+0000] {dag.py:3229} INFO - Sync 1 DAGs
[2025-07-16T07:39:14.127+0000] {logging_mixin.py:190} INFO - [2025-07-16T07:39:14.127+0000] {dag.py:4156} INFO - Setting next_dagrun for example_bash_operator to 2025-07-15 00:00:00+00:00, run_after=2025-07-16 00:00:00+00:00
[2025-07-16T07:39:14.156+0000] {processor.py:208} INFO - Processing /home/airflow/.local/lib/python3.12/site-packages/airflow/example_dags/example_bash_operator.py took 0.110 seconds
[2025-07-16T07:39:44.510+0000] {processor.py:186} INFO - Started process (PID=820) to work on /home/airflow/.local/lib/python3.12/site-packages/airflow/example_dags/example_bash_operator.py
[2025-07-16T07:39:44.511+0000] {processor.py:914} INFO - Processing file /home/airflow/.local/lib/python3.12/site-packages/airflow/example_dags/example_bash_operator.py for tasks to queue
[2025-07-16T07:39:44.514+0000] {logging_mixin.py:190} INFO - [2025-07-16T07:39:44.513+0000] {dagbag.py:587} INFO - Filling up the DagBag from /home/airflow/.local/lib/python3.12/site-packages/airflow/example_dags/example_bash_operator.py
[2025-07-16T07:39:44.527+0000] {processor.py:925} INFO - DAG(s) 'example_bash_operator' retrieved from /home/airflow/.local/lib/python3.12/site-packages/airflow/example_dags/example_bash_operator.py
[2025-07-16T07:39:44.556+0000] {logging_mixin.py:190} INFO - [2025-07-16T07:39:44.556+0000] {dag.py:3229} INFO - Sync 1 DAGs
[2025-07-16T07:39:44.582+0000] {logging_mixin.py:190} INFO - [2025-07-16T07:39:44.582+0000] {dag.py:4156} INFO - Setting next_dagrun for example_bash_operator to 2025-07-15 00:00:00+00:00, run_after=2025-07-16 00:00:00+00:00
[2025-07-16T07:39:44.604+0000] {processor.py:208} INFO - Processing /home/airflow/.local/lib/python3.12/site-packages/airflow/example_dags/example_bash_operator.py took 0.101 seconds
[2025-07-16T07:40:15.214+0000] {processor.py:186} INFO - Started process (PID=877) to work on /home/airflow/.local/lib/python3.12/site-packages/airflow/example_dags/example_bash_operator.py
[2025-07-16T07:40:15.216+0000] {processor.py:914} INFO - Processing file /home/airflow/.local/lib/python3.12/site-packages/airflow/example_dags/example_bash_operator.py for tasks to queue
[2025-07-16T07:40:15.219+0000] {logging_mixin.py:190} INFO - [2025-07-16T07:40:15.218+0000] {dagbag.py:587} INFO - Filling up the DagBag from /home/airflow/.local/lib/python3.12/site-packages/airflow/example_dags/example_bash_operator.py
[2025-07-16T07:40:15.233+0000] {processor.py:925} INFO - DAG(s) 'example_bash_operator' retrieved from /home/airflow/.local/lib/python3.12/site-packages/airflow/example_dags/example_bash_operator.py
[2025-07-16T07:40:15.265+0000] {logging_mixin.py:190} INFO - [2025-07-16T07:40:15.264+0000] {dag.py:3229} INFO - Sync 1 DAGs
[2025-07-16T07:40:15.297+0000] {logging_mixin.py:190} INFO - [2025-07-16T07:40:15.296+0000] {dag.py:4156} INFO - Setting next_dagrun for example_bash_operator to 2025-07-15 00:00:00+00:00, run_after=2025-07-16 00:00:00+00:00
[2025-07-16T07:40:15.325+0000] {processor.py:208} INFO - Processing /home/airflow/.local/lib/python3.12/site-packages/airflow/example_dags/example_bash_operator.py took 0.119 seconds
[2025-07-16T07:40:45.983+0000] {processor.py:186} INFO - Started process (PID=934) to work on /home/airflow/.local/lib/python3.12/site-packages/airflow/example_dags/example_bash_operator.py
[2025-07-16T07:40:45.984+0000] {processor.py:914} INFO - Processing file /home/airflow/.local/lib/python3.12/site-packages/airflow/example_dags/example_bash_operator.py for tasks to queue
[2025-07-16T07:40:45.987+0000] {logging_mixin.py:190} INFO - [2025-07-16T07:40:45.987+0000] {dagbag.py:587} INFO - Filling up the DagBag from /home/airflow/.local/lib/python3.12/site-packages/airflow/example_dags/example_bash_operator.py
[2025-07-16T07:40:46.002+0000] {processor.py:925} INFO - DAG(s) 'example_bash_operator' retrieved from /home/airflow/.local/lib/python3.12/site-packages/airflow/example_dags/example_bash_operator.py
[2025-07-16T07:40:46.034+0000] {logging_mixin.py:190} INFO - [2025-07-16T07:40:46.034+0000] {dag.py:3229} INFO - Sync 1 DAGs
[2025-07-16T07:40:46.072+0000] {logging_mixin.py:190} INFO - [2025-07-16T07:40:46.071+0000] {dag.py:4156} INFO - Setting next_dagrun for example_bash_operator to 2025-07-15 00:00:00+00:00, run_after=2025-07-16 00:00:00+00:00
[2025-07-16T07:40:46.100+0000] {processor.py:208} INFO - Processing /home/airflow/.local/lib/python3.12/site-packages/airflow/example_dags/example_bash_operator.py took 0.125 seconds
