[2025-07-16T07:10:16.744+0000] {processor.py:186} INFO - Started process (PID=63) to work on /home/airflow/.local/lib/python3.12/site-packages/airflow/example_dags/example_display_name.py
[2025-07-16T07:10:16.745+0000] {processor.py:914} INFO - Processing file /home/airflow/.local/lib/python3.12/site-packages/airflow/example_dags/example_display_name.py for tasks to queue
[2025-07-16T07:10:16.747+0000] {logging_mixin.py:190} INFO - [2025-07-16T07:10:16.747+0000] {dagbag.py:587} INFO - Filling up the DagBag from /home/airflow/.local/lib/python3.12/site-packages/airflow/example_dags/example_display_name.py
[2025-07-16T07:10:16.756+0000] {processor.py:925} INFO - DAG(s) 'example_display_name' retrieved from /home/airflow/.local/lib/python3.12/site-packages/airflow/example_dags/example_display_name.py
[2025-07-16T07:10:16.788+0000] {logging_mixin.py:190} INFO - [2025-07-16T07:10:16.788+0000] {dag.py:3229} INFO - Sync 1 DAGs
[2025-07-16T07:10:16.814+0000] {logging_mixin.py:190} INFO - [2025-07-16T07:10:16.814+0000] {dag.py:4156} INFO - Setting next_dagrun for example_display_name to None, run_after=None
[2025-07-16T07:10:16.838+0000] {processor.py:208} INFO - Processing /home/airflow/.local/lib/python3.12/site-packages/airflow/example_dags/example_display_name.py took 0.101 seconds
[2025-07-16T07:10:47.329+0000] {processor.py:186} INFO - Started process (PID=120) to work on /home/airflow/.local/lib/python3.12/site-packages/airflow/example_dags/example_display_name.py
[2025-07-16T07:10:47.331+0000] {processor.py:914} INFO - Processing file /home/airflow/.local/lib/python3.12/site-packages/airflow/example_dags/example_display_name.py for tasks to queue
[2025-07-16T07:10:47.333+0000] {logging_mixin.py:190} INFO - [2025-07-16T07:10:47.333+0000] {dagbag.py:587} INFO - Filling up the DagBag from /home/airflow/.local/lib/python3.12/site-packages/airflow/example_dags/example_display_name.py
[2025-07-16T07:10:47.342+0000] {processor.py:925} INFO - DAG(s) 'example_display_name' retrieved from /home/airflow/.local/lib/python3.12/site-packages/airflow/example_dags/example_display_name.py
[2025-07-16T07:10:47.363+0000] {logging_mixin.py:190} INFO - [2025-07-16T07:10:47.363+0000] {dag.py:3229} INFO - Sync 1 DAGs
[2025-07-16T07:10:47.380+0000] {logging_mixin.py:190} INFO - [2025-07-16T07:10:47.379+0000] {dag.py:4156} INFO - Setting next_dagrun for example_display_name to None, run_after=None
[2025-07-16T07:10:47.403+0000] {processor.py:208} INFO - Processing /home/airflow/.local/lib/python3.12/site-packages/airflow/example_dags/example_display_name.py took 0.080 seconds
[2025-07-16T07:11:17.927+0000] {processor.py:186} INFO - Started process (PID=177) to work on /home/airflow/.local/lib/python3.12/site-packages/airflow/example_dags/example_display_name.py
[2025-07-16T07:11:17.929+0000] {processor.py:914} INFO - Processing file /home/airflow/.local/lib/python3.12/site-packages/airflow/example_dags/example_display_name.py for tasks to queue
[2025-07-16T07:11:17.932+0000] {logging_mixin.py:190} INFO - [2025-07-16T07:11:17.932+0000] {dagbag.py:587} INFO - Filling up the DagBag from /home/airflow/.local/lib/python3.12/site-packages/airflow/example_dags/example_display_name.py
[2025-07-16T07:11:17.950+0000] {processor.py:925} INFO - DAG(s) 'example_display_name' retrieved from /home/airflow/.local/lib/python3.12/site-packages/airflow/example_dags/example_display_name.py
[2025-07-16T07:11:17.992+0000] {logging_mixin.py:190} INFO - [2025-07-16T07:11:17.989+0000] {dag.py:3229} INFO - Sync 1 DAGs
[2025-07-16T07:11:18.018+0000] {logging_mixin.py:190} INFO - [2025-07-16T07:11:18.018+0000] {dag.py:4156} INFO - Setting next_dagrun for example_display_name to None, run_after=None
[2025-07-16T07:11:18.053+0000] {processor.py:208} INFO - Processing /home/airflow/.local/lib/python3.12/site-packages/airflow/example_dags/example_display_name.py took 0.140 seconds
[2025-07-16T07:11:48.751+0000] {processor.py:186} INFO - Started process (PID=234) to work on /home/airflow/.local/lib/python3.12/site-packages/airflow/example_dags/example_display_name.py
[2025-07-16T07:11:48.753+0000] {processor.py:914} INFO - Processing file /home/airflow/.local/lib/python3.12/site-packages/airflow/example_dags/example_display_name.py for tasks to queue
[2025-07-16T07:11:48.755+0000] {logging_mixin.py:190} INFO - [2025-07-16T07:11:48.755+0000] {dagbag.py:587} INFO - Filling up the DagBag from /home/airflow/.local/lib/python3.12/site-packages/airflow/example_dags/example_display_name.py
[2025-07-16T07:11:48.764+0000] {processor.py:925} INFO - DAG(s) 'example_display_name' retrieved from /home/airflow/.local/lib/python3.12/site-packages/airflow/example_dags/example_display_name.py
[2025-07-16T07:11:48.785+0000] {logging_mixin.py:190} INFO - [2025-07-16T07:11:48.785+0000] {dag.py:3229} INFO - Sync 1 DAGs
[2025-07-16T07:11:48.803+0000] {logging_mixin.py:190} INFO - [2025-07-16T07:11:48.803+0000] {dag.py:4156} INFO - Setting next_dagrun for example_display_name to None, run_after=None
[2025-07-16T07:11:48.830+0000] {processor.py:208} INFO - Processing /home/airflow/.local/lib/python3.12/site-packages/airflow/example_dags/example_display_name.py took 0.085 seconds
[2025-07-16T07:12:19.117+0000] {processor.py:186} INFO - Started process (PID=291) to work on /home/airflow/.local/lib/python3.12/site-packages/airflow/example_dags/example_display_name.py
[2025-07-16T07:12:19.118+0000] {processor.py:914} INFO - Processing file /home/airflow/.local/lib/python3.12/site-packages/airflow/example_dags/example_display_name.py for tasks to queue
[2025-07-16T07:12:19.121+0000] {logging_mixin.py:190} INFO - [2025-07-16T07:12:19.121+0000] {dagbag.py:587} INFO - Filling up the DagBag from /home/airflow/.local/lib/python3.12/site-packages/airflow/example_dags/example_display_name.py
[2025-07-16T07:12:19.132+0000] {processor.py:925} INFO - DAG(s) 'example_display_name' retrieved from /home/airflow/.local/lib/python3.12/site-packages/airflow/example_dags/example_display_name.py
[2025-07-16T07:12:19.154+0000] {logging_mixin.py:190} INFO - [2025-07-16T07:12:19.154+0000] {dag.py:3229} INFO - Sync 1 DAGs
[2025-07-16T07:12:19.172+0000] {logging_mixin.py:190} INFO - [2025-07-16T07:12:19.171+0000] {dag.py:4156} INFO - Setting next_dagrun for example_display_name to None, run_after=None
[2025-07-16T07:12:19.196+0000] {processor.py:208} INFO - Processing /home/airflow/.local/lib/python3.12/site-packages/airflow/example_dags/example_display_name.py took 0.085 seconds
[2025-07-16T07:12:50.310+0000] {processor.py:186} INFO - Started process (PID=348) to work on /home/airflow/.local/lib/python3.12/site-packages/airflow/example_dags/example_display_name.py
[2025-07-16T07:12:50.312+0000] {processor.py:914} INFO - Processing file /home/airflow/.local/lib/python3.12/site-packages/airflow/example_dags/example_display_name.py for tasks to queue
[2025-07-16T07:12:50.315+0000] {logging_mixin.py:190} INFO - [2025-07-16T07:12:50.314+0000] {dagbag.py:587} INFO - Filling up the DagBag from /home/airflow/.local/lib/python3.12/site-packages/airflow/example_dags/example_display_name.py
[2025-07-16T07:12:50.324+0000] {processor.py:925} INFO - DAG(s) 'example_display_name' retrieved from /home/airflow/.local/lib/python3.12/site-packages/airflow/example_dags/example_display_name.py
[2025-07-16T07:12:50.348+0000] {logging_mixin.py:190} INFO - [2025-07-16T07:12:50.347+0000] {dag.py:3229} INFO - Sync 1 DAGs
[2025-07-16T07:12:50.368+0000] {logging_mixin.py:190} INFO - [2025-07-16T07:12:50.368+0000] {dag.py:4156} INFO - Setting next_dagrun for example_display_name to None, run_after=None
[2025-07-16T07:12:50.395+0000] {processor.py:208} INFO - Processing /home/airflow/.local/lib/python3.12/site-packages/airflow/example_dags/example_display_name.py took 0.094 seconds
[2025-07-16T07:13:21.315+0000] {processor.py:186} INFO - Started process (PID=405) to work on /home/airflow/.local/lib/python3.12/site-packages/airflow/example_dags/example_display_name.py
[2025-07-16T07:13:21.316+0000] {processor.py:914} INFO - Processing file /home/airflow/.local/lib/python3.12/site-packages/airflow/example_dags/example_display_name.py for tasks to queue
[2025-07-16T07:13:21.319+0000] {logging_mixin.py:190} INFO - [2025-07-16T07:13:21.319+0000] {dagbag.py:587} INFO - Filling up the DagBag from /home/airflow/.local/lib/python3.12/site-packages/airflow/example_dags/example_display_name.py
[2025-07-16T07:13:21.330+0000] {processor.py:925} INFO - DAG(s) 'example_display_name' retrieved from /home/airflow/.local/lib/python3.12/site-packages/airflow/example_dags/example_display_name.py
[2025-07-16T07:13:21.352+0000] {logging_mixin.py:190} INFO - [2025-07-16T07:13:21.352+0000] {dag.py:3229} INFO - Sync 1 DAGs
[2025-07-16T07:13:21.369+0000] {logging_mixin.py:190} INFO - [2025-07-16T07:13:21.369+0000] {dag.py:4156} INFO - Setting next_dagrun for example_display_name to None, run_after=None
[2025-07-16T07:13:21.393+0000] {processor.py:208} INFO - Processing /home/airflow/.local/lib/python3.12/site-packages/airflow/example_dags/example_display_name.py took 0.085 seconds
[2025-07-16T07:13:51.643+0000] {processor.py:186} INFO - Started process (PID=462) to work on /home/airflow/.local/lib/python3.12/site-packages/airflow/example_dags/example_display_name.py
[2025-07-16T07:13:51.645+0000] {processor.py:914} INFO - Processing file /home/airflow/.local/lib/python3.12/site-packages/airflow/example_dags/example_display_name.py for tasks to queue
[2025-07-16T07:13:51.647+0000] {logging_mixin.py:190} INFO - [2025-07-16T07:13:51.647+0000] {dagbag.py:587} INFO - Filling up the DagBag from /home/airflow/.local/lib/python3.12/site-packages/airflow/example_dags/example_display_name.py
[2025-07-16T07:13:51.656+0000] {processor.py:925} INFO - DAG(s) 'example_display_name' retrieved from /home/airflow/.local/lib/python3.12/site-packages/airflow/example_dags/example_display_name.py
[2025-07-16T07:13:51.676+0000] {logging_mixin.py:190} INFO - [2025-07-16T07:13:51.676+0000] {dag.py:3229} INFO - Sync 1 DAGs
[2025-07-16T07:13:51.694+0000] {logging_mixin.py:190} INFO - [2025-07-16T07:13:51.694+0000] {dag.py:4156} INFO - Setting next_dagrun for example_display_name to None, run_after=None
[2025-07-16T07:13:51.720+0000] {processor.py:208} INFO - Processing /home/airflow/.local/lib/python3.12/site-packages/airflow/example_dags/example_display_name.py took 0.083 seconds
[2025-07-16T07:14:21.917+0000] {processor.py:186} INFO - Started process (PID=519) to work on /home/airflow/.local/lib/python3.12/site-packages/airflow/example_dags/example_display_name.py
[2025-07-16T07:14:21.918+0000] {processor.py:914} INFO - Processing file /home/airflow/.local/lib/python3.12/site-packages/airflow/example_dags/example_display_name.py for tasks to queue
[2025-07-16T07:14:21.921+0000] {logging_mixin.py:190} INFO - [2025-07-16T07:14:21.921+0000] {dagbag.py:587} INFO - Filling up the DagBag from /home/airflow/.local/lib/python3.12/site-packages/airflow/example_dags/example_display_name.py
[2025-07-16T07:14:21.929+0000] {processor.py:925} INFO - DAG(s) 'example_display_name' retrieved from /home/airflow/.local/lib/python3.12/site-packages/airflow/example_dags/example_display_name.py
[2025-07-16T07:14:21.949+0000] {logging_mixin.py:190} INFO - [2025-07-16T07:14:21.949+0000] {dag.py:3229} INFO - Sync 1 DAGs
[2025-07-16T07:14:21.965+0000] {logging_mixin.py:190} INFO - [2025-07-16T07:14:21.964+0000] {dag.py:4156} INFO - Setting next_dagrun for example_display_name to None, run_after=None
[2025-07-16T07:14:21.986+0000] {processor.py:208} INFO - Processing /home/airflow/.local/lib/python3.12/site-packages/airflow/example_dags/example_display_name.py took 0.075 seconds
[2025-07-16T07:14:52.383+0000] {processor.py:186} INFO - Started process (PID=576) to work on /home/airflow/.local/lib/python3.12/site-packages/airflow/example_dags/example_display_name.py
[2025-07-16T07:14:52.384+0000] {processor.py:914} INFO - Processing file /home/airflow/.local/lib/python3.12/site-packages/airflow/example_dags/example_display_name.py for tasks to queue
[2025-07-16T07:14:52.387+0000] {logging_mixin.py:190} INFO - [2025-07-16T07:14:52.387+0000] {dagbag.py:587} INFO - Filling up the DagBag from /home/airflow/.local/lib/python3.12/site-packages/airflow/example_dags/example_display_name.py
[2025-07-16T07:14:52.395+0000] {processor.py:925} INFO - DAG(s) 'example_display_name' retrieved from /home/airflow/.local/lib/python3.12/site-packages/airflow/example_dags/example_display_name.py
[2025-07-16T07:14:52.421+0000] {logging_mixin.py:190} INFO - [2025-07-16T07:14:52.420+0000] {dag.py:3229} INFO - Sync 1 DAGs
[2025-07-16T07:14:52.437+0000] {logging_mixin.py:190} INFO - [2025-07-16T07:14:52.437+0000] {dag.py:4156} INFO - Setting next_dagrun for example_display_name to None, run_after=None
[2025-07-16T07:14:52.461+0000] {processor.py:208} INFO - Processing /home/airflow/.local/lib/python3.12/site-packages/airflow/example_dags/example_display_name.py took 0.084 seconds
[2025-07-16T07:15:23.305+0000] {processor.py:186} INFO - Started process (PID=633) to work on /home/airflow/.local/lib/python3.12/site-packages/airflow/example_dags/example_display_name.py
[2025-07-16T07:15:23.306+0000] {processor.py:914} INFO - Processing file /home/airflow/.local/lib/python3.12/site-packages/airflow/example_dags/example_display_name.py for tasks to queue
[2025-07-16T07:15:23.309+0000] {logging_mixin.py:190} INFO - [2025-07-16T07:15:23.309+0000] {dagbag.py:587} INFO - Filling up the DagBag from /home/airflow/.local/lib/python3.12/site-packages/airflow/example_dags/example_display_name.py
[2025-07-16T07:15:23.318+0000] {processor.py:925} INFO - DAG(s) 'example_display_name' retrieved from /home/airflow/.local/lib/python3.12/site-packages/airflow/example_dags/example_display_name.py
[2025-07-16T07:15:23.338+0000] {logging_mixin.py:190} INFO - [2025-07-16T07:15:23.338+0000] {dag.py:3229} INFO - Sync 1 DAGs
[2025-07-16T07:15:23.355+0000] {logging_mixin.py:190} INFO - [2025-07-16T07:15:23.355+0000] {dag.py:4156} INFO - Setting next_dagrun for example_display_name to None, run_after=None
[2025-07-16T07:15:23.378+0000] {processor.py:208} INFO - Processing /home/airflow/.local/lib/python3.12/site-packages/airflow/example_dags/example_display_name.py took 0.081 seconds
[2025-07-16T07:15:53.903+0000] {processor.py:186} INFO - Started process (PID=690) to work on /home/airflow/.local/lib/python3.12/site-packages/airflow/example_dags/example_display_name.py
[2025-07-16T07:15:53.904+0000] {processor.py:914} INFO - Processing file /home/airflow/.local/lib/python3.12/site-packages/airflow/example_dags/example_display_name.py for tasks to queue
[2025-07-16T07:15:53.908+0000] {logging_mixin.py:190} INFO - [2025-07-16T07:15:53.907+0000] {dagbag.py:587} INFO - Filling up the DagBag from /home/airflow/.local/lib/python3.12/site-packages/airflow/example_dags/example_display_name.py
[2025-07-16T07:15:53.916+0000] {processor.py:925} INFO - DAG(s) 'example_display_name' retrieved from /home/airflow/.local/lib/python3.12/site-packages/airflow/example_dags/example_display_name.py
[2025-07-16T07:15:53.938+0000] {logging_mixin.py:190} INFO - [2025-07-16T07:15:53.938+0000] {dag.py:3229} INFO - Sync 1 DAGs
[2025-07-16T07:15:53.954+0000] {logging_mixin.py:190} INFO - [2025-07-16T07:15:53.954+0000] {dag.py:4156} INFO - Setting next_dagrun for example_display_name to None, run_after=None
[2025-07-16T07:15:53.980+0000] {processor.py:208} INFO - Processing /home/airflow/.local/lib/python3.12/site-packages/airflow/example_dags/example_display_name.py took 0.085 seconds
[2025-07-16T07:16:24.487+0000] {processor.py:186} INFO - Started process (PID=747) to work on /home/airflow/.local/lib/python3.12/site-packages/airflow/example_dags/example_display_name.py
[2025-07-16T07:16:24.488+0000] {processor.py:914} INFO - Processing file /home/airflow/.local/lib/python3.12/site-packages/airflow/example_dags/example_display_name.py for tasks to queue
[2025-07-16T07:16:24.490+0000] {logging_mixin.py:190} INFO - [2025-07-16T07:16:24.490+0000] {dagbag.py:587} INFO - Filling up the DagBag from /home/airflow/.local/lib/python3.12/site-packages/airflow/example_dags/example_display_name.py
[2025-07-16T07:16:24.500+0000] {processor.py:925} INFO - DAG(s) 'example_display_name' retrieved from /home/airflow/.local/lib/python3.12/site-packages/airflow/example_dags/example_display_name.py
[2025-07-16T07:16:24.521+0000] {logging_mixin.py:190} INFO - [2025-07-16T07:16:24.521+0000] {dag.py:3229} INFO - Sync 1 DAGs
[2025-07-16T07:16:24.537+0000] {logging_mixin.py:190} INFO - [2025-07-16T07:16:24.537+0000] {dag.py:4156} INFO - Setting next_dagrun for example_display_name to None, run_after=None
[2025-07-16T07:16:24.561+0000] {processor.py:208} INFO - Processing /home/airflow/.local/lib/python3.12/site-packages/airflow/example_dags/example_display_name.py took 0.083 seconds
[2025-07-16T07:16:54.796+0000] {processor.py:186} INFO - Started process (PID=804) to work on /home/airflow/.local/lib/python3.12/site-packages/airflow/example_dags/example_display_name.py
[2025-07-16T07:16:54.797+0000] {processor.py:914} INFO - Processing file /home/airflow/.local/lib/python3.12/site-packages/airflow/example_dags/example_display_name.py for tasks to queue
[2025-07-16T07:16:54.800+0000] {logging_mixin.py:190} INFO - [2025-07-16T07:16:54.800+0000] {dagbag.py:587} INFO - Filling up the DagBag from /home/airflow/.local/lib/python3.12/site-packages/airflow/example_dags/example_display_name.py
[2025-07-16T07:16:54.810+0000] {processor.py:925} INFO - DAG(s) 'example_display_name' retrieved from /home/airflow/.local/lib/python3.12/site-packages/airflow/example_dags/example_display_name.py
[2025-07-16T07:16:54.833+0000] {logging_mixin.py:190} INFO - [2025-07-16T07:16:54.832+0000] {dag.py:3229} INFO - Sync 1 DAGs
[2025-07-16T07:16:54.851+0000] {logging_mixin.py:190} INFO - [2025-07-16T07:16:54.851+0000] {dag.py:4156} INFO - Setting next_dagrun for example_display_name to None, run_after=None
[2025-07-16T07:16:54.883+0000] {processor.py:208} INFO - Processing /home/airflow/.local/lib/python3.12/site-packages/airflow/example_dags/example_display_name.py took 0.095 seconds
[2025-07-16T07:17:25.713+0000] {processor.py:186} INFO - Started process (PID=861) to work on /home/airflow/.local/lib/python3.12/site-packages/airflow/example_dags/example_display_name.py
[2025-07-16T07:17:25.714+0000] {processor.py:914} INFO - Processing file /home/airflow/.local/lib/python3.12/site-packages/airflow/example_dags/example_display_name.py for tasks to queue
[2025-07-16T07:17:25.716+0000] {logging_mixin.py:190} INFO - [2025-07-16T07:17:25.716+0000] {dagbag.py:587} INFO - Filling up the DagBag from /home/airflow/.local/lib/python3.12/site-packages/airflow/example_dags/example_display_name.py
[2025-07-16T07:17:25.724+0000] {processor.py:925} INFO - DAG(s) 'example_display_name' retrieved from /home/airflow/.local/lib/python3.12/site-packages/airflow/example_dags/example_display_name.py
[2025-07-16T07:17:25.745+0000] {logging_mixin.py:190} INFO - [2025-07-16T07:17:25.744+0000] {dag.py:3229} INFO - Sync 1 DAGs
[2025-07-16T07:17:25.760+0000] {logging_mixin.py:190} INFO - [2025-07-16T07:17:25.760+0000] {dag.py:4156} INFO - Setting next_dagrun for example_display_name to None, run_after=None
[2025-07-16T07:17:25.783+0000] {processor.py:208} INFO - Processing /home/airflow/.local/lib/python3.12/site-packages/airflow/example_dags/example_display_name.py took 0.077 seconds
[2025-07-16T07:17:56.205+0000] {processor.py:186} INFO - Started process (PID=918) to work on /home/airflow/.local/lib/python3.12/site-packages/airflow/example_dags/example_display_name.py
[2025-07-16T07:17:56.206+0000] {processor.py:914} INFO - Processing file /home/airflow/.local/lib/python3.12/site-packages/airflow/example_dags/example_display_name.py for tasks to queue
[2025-07-16T07:17:56.209+0000] {logging_mixin.py:190} INFO - [2025-07-16T07:17:56.209+0000] {dagbag.py:587} INFO - Filling up the DagBag from /home/airflow/.local/lib/python3.12/site-packages/airflow/example_dags/example_display_name.py
[2025-07-16T07:17:56.217+0000] {processor.py:925} INFO - DAG(s) 'example_display_name' retrieved from /home/airflow/.local/lib/python3.12/site-packages/airflow/example_dags/example_display_name.py
[2025-07-16T07:17:56.239+0000] {logging_mixin.py:190} INFO - [2025-07-16T07:17:56.239+0000] {dag.py:3229} INFO - Sync 1 DAGs
[2025-07-16T07:17:56.255+0000] {logging_mixin.py:190} INFO - [2025-07-16T07:17:56.255+0000] {dag.py:4156} INFO - Setting next_dagrun for example_display_name to None, run_after=None
[2025-07-16T07:17:56.284+0000] {processor.py:208} INFO - Processing /home/airflow/.local/lib/python3.12/site-packages/airflow/example_dags/example_display_name.py took 0.087 seconds
[2025-07-16T07:18:27.029+0000] {processor.py:186} INFO - Started process (PID=975) to work on /home/airflow/.local/lib/python3.12/site-packages/airflow/example_dags/example_display_name.py
[2025-07-16T07:18:27.031+0000] {processor.py:914} INFO - Processing file /home/airflow/.local/lib/python3.12/site-packages/airflow/example_dags/example_display_name.py for tasks to queue
[2025-07-16T07:18:27.036+0000] {logging_mixin.py:190} INFO - [2025-07-16T07:18:27.035+0000] {dagbag.py:587} INFO - Filling up the DagBag from /home/airflow/.local/lib/python3.12/site-packages/airflow/example_dags/example_display_name.py
[2025-07-16T07:18:27.047+0000] {processor.py:925} INFO - DAG(s) 'example_display_name' retrieved from /home/airflow/.local/lib/python3.12/site-packages/airflow/example_dags/example_display_name.py
[2025-07-16T07:18:27.071+0000] {logging_mixin.py:190} INFO - [2025-07-16T07:18:27.070+0000] {dag.py:3229} INFO - Sync 1 DAGs
[2025-07-16T07:18:27.087+0000] {logging_mixin.py:190} INFO - [2025-07-16T07:18:27.087+0000] {dag.py:4156} INFO - Setting next_dagrun for example_display_name to None, run_after=None
[2025-07-16T07:18:27.112+0000] {processor.py:208} INFO - Processing /home/airflow/.local/lib/python3.12/site-packages/airflow/example_dags/example_display_name.py took 0.090 seconds
[2025-07-16T07:18:57.741+0000] {processor.py:186} INFO - Started process (PID=1032) to work on /home/airflow/.local/lib/python3.12/site-packages/airflow/example_dags/example_display_name.py
[2025-07-16T07:18:57.742+0000] {processor.py:914} INFO - Processing file /home/airflow/.local/lib/python3.12/site-packages/airflow/example_dags/example_display_name.py for tasks to queue
[2025-07-16T07:18:57.744+0000] {logging_mixin.py:190} INFO - [2025-07-16T07:18:57.744+0000] {dagbag.py:587} INFO - Filling up the DagBag from /home/airflow/.local/lib/python3.12/site-packages/airflow/example_dags/example_display_name.py
[2025-07-16T07:18:57.753+0000] {processor.py:925} INFO - DAG(s) 'example_display_name' retrieved from /home/airflow/.local/lib/python3.12/site-packages/airflow/example_dags/example_display_name.py
[2025-07-16T07:18:57.775+0000] {logging_mixin.py:190} INFO - [2025-07-16T07:18:57.775+0000] {dag.py:3229} INFO - Sync 1 DAGs
[2025-07-16T07:18:57.796+0000] {logging_mixin.py:190} INFO - [2025-07-16T07:18:57.796+0000] {dag.py:4156} INFO - Setting next_dagrun for example_display_name to None, run_after=None
[2025-07-16T07:18:57.827+0000] {processor.py:208} INFO - Processing /home/airflow/.local/lib/python3.12/site-packages/airflow/example_dags/example_display_name.py took 0.094 seconds
[2025-07-16T07:19:28.269+0000] {processor.py:186} INFO - Started process (PID=1089) to work on /home/airflow/.local/lib/python3.12/site-packages/airflow/example_dags/example_display_name.py
[2025-07-16T07:19:28.271+0000] {processor.py:914} INFO - Processing file /home/airflow/.local/lib/python3.12/site-packages/airflow/example_dags/example_display_name.py for tasks to queue
[2025-07-16T07:19:28.273+0000] {logging_mixin.py:190} INFO - [2025-07-16T07:19:28.273+0000] {dagbag.py:587} INFO - Filling up the DagBag from /home/airflow/.local/lib/python3.12/site-packages/airflow/example_dags/example_display_name.py
[2025-07-16T07:19:28.281+0000] {processor.py:925} INFO - DAG(s) 'example_display_name' retrieved from /home/airflow/.local/lib/python3.12/site-packages/airflow/example_dags/example_display_name.py
[2025-07-16T07:19:28.302+0000] {logging_mixin.py:190} INFO - [2025-07-16T07:19:28.302+0000] {dag.py:3229} INFO - Sync 1 DAGs
[2025-07-16T07:19:28.317+0000] {logging_mixin.py:190} INFO - [2025-07-16T07:19:28.317+0000] {dag.py:4156} INFO - Setting next_dagrun for example_display_name to None, run_after=None
[2025-07-16T07:19:28.340+0000] {processor.py:208} INFO - Processing /home/airflow/.local/lib/python3.12/site-packages/airflow/example_dags/example_display_name.py took 0.077 seconds
[2025-07-16T07:19:58.655+0000] {processor.py:186} INFO - Started process (PID=1146) to work on /home/airflow/.local/lib/python3.12/site-packages/airflow/example_dags/example_display_name.py
[2025-07-16T07:19:58.657+0000] {processor.py:914} INFO - Processing file /home/airflow/.local/lib/python3.12/site-packages/airflow/example_dags/example_display_name.py for tasks to queue
[2025-07-16T07:19:58.659+0000] {logging_mixin.py:190} INFO - [2025-07-16T07:19:58.659+0000] {dagbag.py:587} INFO - Filling up the DagBag from /home/airflow/.local/lib/python3.12/site-packages/airflow/example_dags/example_display_name.py
[2025-07-16T07:19:58.667+0000] {processor.py:925} INFO - DAG(s) 'example_display_name' retrieved from /home/airflow/.local/lib/python3.12/site-packages/airflow/example_dags/example_display_name.py
[2025-07-16T07:19:58.688+0000] {logging_mixin.py:190} INFO - [2025-07-16T07:19:58.688+0000] {dag.py:3229} INFO - Sync 1 DAGs
[2025-07-16T07:19:58.703+0000] {logging_mixin.py:190} INFO - [2025-07-16T07:19:58.702+0000] {dag.py:4156} INFO - Setting next_dagrun for example_display_name to None, run_after=None
[2025-07-16T07:19:58.726+0000] {processor.py:208} INFO - Processing /home/airflow/.local/lib/python3.12/site-packages/airflow/example_dags/example_display_name.py took 0.077 seconds
[2025-07-16T07:20:29.089+0000] {processor.py:186} INFO - Started process (PID=1203) to work on /home/airflow/.local/lib/python3.12/site-packages/airflow/example_dags/example_display_name.py
[2025-07-16T07:20:29.090+0000] {processor.py:914} INFO - Processing file /home/airflow/.local/lib/python3.12/site-packages/airflow/example_dags/example_display_name.py for tasks to queue
[2025-07-16T07:20:29.094+0000] {logging_mixin.py:190} INFO - [2025-07-16T07:20:29.094+0000] {dagbag.py:587} INFO - Filling up the DagBag from /home/airflow/.local/lib/python3.12/site-packages/airflow/example_dags/example_display_name.py
[2025-07-16T07:20:29.104+0000] {processor.py:925} INFO - DAG(s) 'example_display_name' retrieved from /home/airflow/.local/lib/python3.12/site-packages/airflow/example_dags/example_display_name.py
[2025-07-16T07:20:29.130+0000] {logging_mixin.py:190} INFO - [2025-07-16T07:20:29.130+0000] {dag.py:3229} INFO - Sync 1 DAGs
[2025-07-16T07:20:29.150+0000] {logging_mixin.py:190} INFO - [2025-07-16T07:20:29.150+0000] {dag.py:4156} INFO - Setting next_dagrun for example_display_name to None, run_after=None
[2025-07-16T07:20:29.179+0000] {processor.py:208} INFO - Processing /home/airflow/.local/lib/python3.12/site-packages/airflow/example_dags/example_display_name.py took 0.097 seconds
[2025-07-16T07:20:59.855+0000] {processor.py:186} INFO - Started process (PID=1260) to work on /home/airflow/.local/lib/python3.12/site-packages/airflow/example_dags/example_display_name.py
[2025-07-16T07:20:59.857+0000] {processor.py:914} INFO - Processing file /home/airflow/.local/lib/python3.12/site-packages/airflow/example_dags/example_display_name.py for tasks to queue
[2025-07-16T07:20:59.860+0000] {logging_mixin.py:190} INFO - [2025-07-16T07:20:59.860+0000] {dagbag.py:587} INFO - Filling up the DagBag from /home/airflow/.local/lib/python3.12/site-packages/airflow/example_dags/example_display_name.py
[2025-07-16T07:20:59.871+0000] {processor.py:925} INFO - DAG(s) 'example_display_name' retrieved from /home/airflow/.local/lib/python3.12/site-packages/airflow/example_dags/example_display_name.py
[2025-07-16T07:20:59.900+0000] {logging_mixin.py:190} INFO - [2025-07-16T07:20:59.900+0000] {dag.py:3229} INFO - Sync 1 DAGs
[2025-07-16T07:20:59.932+0000] {logging_mixin.py:190} INFO - [2025-07-16T07:20:59.932+0000] {dag.py:4156} INFO - Setting next_dagrun for example_display_name to None, run_after=None
[2025-07-16T07:20:59.965+0000] {processor.py:208} INFO - Processing /home/airflow/.local/lib/python3.12/site-packages/airflow/example_dags/example_display_name.py took 0.118 seconds
[2025-07-16T07:21:30.679+0000] {processor.py:186} INFO - Started process (PID=1317) to work on /home/airflow/.local/lib/python3.12/site-packages/airflow/example_dags/example_display_name.py
[2025-07-16T07:21:30.681+0000] {processor.py:914} INFO - Processing file /home/airflow/.local/lib/python3.12/site-packages/airflow/example_dags/example_display_name.py for tasks to queue
[2025-07-16T07:21:30.684+0000] {logging_mixin.py:190} INFO - [2025-07-16T07:21:30.683+0000] {dagbag.py:587} INFO - Filling up the DagBag from /home/airflow/.local/lib/python3.12/site-packages/airflow/example_dags/example_display_name.py
[2025-07-16T07:21:30.692+0000] {processor.py:925} INFO - DAG(s) 'example_display_name' retrieved from /home/airflow/.local/lib/python3.12/site-packages/airflow/example_dags/example_display_name.py
[2025-07-16T07:21:30.713+0000] {logging_mixin.py:190} INFO - [2025-07-16T07:21:30.713+0000] {dag.py:3229} INFO - Sync 1 DAGs
[2025-07-16T07:21:30.730+0000] {logging_mixin.py:190} INFO - [2025-07-16T07:21:30.730+0000] {dag.py:4156} INFO - Setting next_dagrun for example_display_name to None, run_after=None
[2025-07-16T07:21:30.754+0000] {processor.py:208} INFO - Processing /home/airflow/.local/lib/python3.12/site-packages/airflow/example_dags/example_display_name.py took 0.084 seconds
[2025-07-16T07:22:01.605+0000] {processor.py:186} INFO - Started process (PID=1374) to work on /home/airflow/.local/lib/python3.12/site-packages/airflow/example_dags/example_display_name.py
[2025-07-16T07:22:01.607+0000] {processor.py:914} INFO - Processing file /home/airflow/.local/lib/python3.12/site-packages/airflow/example_dags/example_display_name.py for tasks to queue
[2025-07-16T07:22:01.609+0000] {logging_mixin.py:190} INFO - [2025-07-16T07:22:01.609+0000] {dagbag.py:587} INFO - Filling up the DagBag from /home/airflow/.local/lib/python3.12/site-packages/airflow/example_dags/example_display_name.py
[2025-07-16T07:22:01.617+0000] {processor.py:925} INFO - DAG(s) 'example_display_name' retrieved from /home/airflow/.local/lib/python3.12/site-packages/airflow/example_dags/example_display_name.py
[2025-07-16T07:22:01.638+0000] {logging_mixin.py:190} INFO - [2025-07-16T07:22:01.638+0000] {dag.py:3229} INFO - Sync 1 DAGs
[2025-07-16T07:22:01.654+0000] {logging_mixin.py:190} INFO - [2025-07-16T07:22:01.654+0000] {dag.py:4156} INFO - Setting next_dagrun for example_display_name to None, run_after=None
[2025-07-16T07:22:01.675+0000] {processor.py:208} INFO - Processing /home/airflow/.local/lib/python3.12/site-packages/airflow/example_dags/example_display_name.py took 0.076 seconds
[2025-07-16T07:22:32.498+0000] {processor.py:186} INFO - Started process (PID=1431) to work on /home/airflow/.local/lib/python3.12/site-packages/airflow/example_dags/example_display_name.py
[2025-07-16T07:22:32.499+0000] {processor.py:914} INFO - Processing file /home/airflow/.local/lib/python3.12/site-packages/airflow/example_dags/example_display_name.py for tasks to queue
[2025-07-16T07:22:32.502+0000] {logging_mixin.py:190} INFO - [2025-07-16T07:22:32.501+0000] {dagbag.py:587} INFO - Filling up the DagBag from /home/airflow/.local/lib/python3.12/site-packages/airflow/example_dags/example_display_name.py
[2025-07-16T07:22:32.511+0000] {processor.py:925} INFO - DAG(s) 'example_display_name' retrieved from /home/airflow/.local/lib/python3.12/site-packages/airflow/example_dags/example_display_name.py
[2025-07-16T07:22:32.531+0000] {logging_mixin.py:190} INFO - [2025-07-16T07:22:32.531+0000] {dag.py:3229} INFO - Sync 1 DAGs
[2025-07-16T07:22:32.547+0000] {logging_mixin.py:190} INFO - [2025-07-16T07:22:32.547+0000] {dag.py:4156} INFO - Setting next_dagrun for example_display_name to None, run_after=None
[2025-07-16T07:22:32.572+0000] {processor.py:208} INFO - Processing /home/airflow/.local/lib/python3.12/site-packages/airflow/example_dags/example_display_name.py took 0.082 seconds
[2025-07-16T07:23:03.307+0000] {processor.py:186} INFO - Started process (PID=1488) to work on /home/airflow/.local/lib/python3.12/site-packages/airflow/example_dags/example_display_name.py
[2025-07-16T07:23:03.309+0000] {processor.py:914} INFO - Processing file /home/airflow/.local/lib/python3.12/site-packages/airflow/example_dags/example_display_name.py for tasks to queue
[2025-07-16T07:23:03.312+0000] {logging_mixin.py:190} INFO - [2025-07-16T07:23:03.311+0000] {dagbag.py:587} INFO - Filling up the DagBag from /home/airflow/.local/lib/python3.12/site-packages/airflow/example_dags/example_display_name.py
[2025-07-16T07:23:03.320+0000] {processor.py:925} INFO - DAG(s) 'example_display_name' retrieved from /home/airflow/.local/lib/python3.12/site-packages/airflow/example_dags/example_display_name.py
[2025-07-16T07:23:03.340+0000] {logging_mixin.py:190} INFO - [2025-07-16T07:23:03.340+0000] {dag.py:3229} INFO - Sync 1 DAGs
[2025-07-16T07:23:03.357+0000] {logging_mixin.py:190} INFO - [2025-07-16T07:23:03.356+0000] {dag.py:4156} INFO - Setting next_dagrun for example_display_name to None, run_after=None
[2025-07-16T07:23:03.382+0000] {processor.py:208} INFO - Processing /home/airflow/.local/lib/python3.12/site-packages/airflow/example_dags/example_display_name.py took 0.081 seconds
[2025-07-16T07:23:34.540+0000] {processor.py:186} INFO - Started process (PID=1545) to work on /home/airflow/.local/lib/python3.12/site-packages/airflow/example_dags/example_display_name.py
[2025-07-16T07:23:34.542+0000] {processor.py:914} INFO - Processing file /home/airflow/.local/lib/python3.12/site-packages/airflow/example_dags/example_display_name.py for tasks to queue
[2025-07-16T07:23:34.544+0000] {logging_mixin.py:190} INFO - [2025-07-16T07:23:34.544+0000] {dagbag.py:587} INFO - Filling up the DagBag from /home/airflow/.local/lib/python3.12/site-packages/airflow/example_dags/example_display_name.py
[2025-07-16T07:23:34.553+0000] {processor.py:925} INFO - DAG(s) 'example_display_name' retrieved from /home/airflow/.local/lib/python3.12/site-packages/airflow/example_dags/example_display_name.py
[2025-07-16T07:23:34.574+0000] {logging_mixin.py:190} INFO - [2025-07-16T07:23:34.574+0000] {dag.py:3229} INFO - Sync 1 DAGs
[2025-07-16T07:23:34.589+0000] {logging_mixin.py:190} INFO - [2025-07-16T07:23:34.589+0000] {dag.py:4156} INFO - Setting next_dagrun for example_display_name to None, run_after=None
[2025-07-16T07:23:34.613+0000] {processor.py:208} INFO - Processing /home/airflow/.local/lib/python3.12/site-packages/airflow/example_dags/example_display_name.py took 0.080 seconds
[2025-07-16T07:24:05.025+0000] {processor.py:186} INFO - Started process (PID=1602) to work on /home/airflow/.local/lib/python3.12/site-packages/airflow/example_dags/example_display_name.py
[2025-07-16T07:24:05.026+0000] {processor.py:914} INFO - Processing file /home/airflow/.local/lib/python3.12/site-packages/airflow/example_dags/example_display_name.py for tasks to queue
[2025-07-16T07:24:05.028+0000] {logging_mixin.py:190} INFO - [2025-07-16T07:24:05.028+0000] {dagbag.py:587} INFO - Filling up the DagBag from /home/airflow/.local/lib/python3.12/site-packages/airflow/example_dags/example_display_name.py
[2025-07-16T07:24:05.037+0000] {processor.py:925} INFO - DAG(s) 'example_display_name' retrieved from /home/airflow/.local/lib/python3.12/site-packages/airflow/example_dags/example_display_name.py
[2025-07-16T07:24:05.058+0000] {logging_mixin.py:190} INFO - [2025-07-16T07:24:05.058+0000] {dag.py:3229} INFO - Sync 1 DAGs
[2025-07-16T07:24:05.079+0000] {logging_mixin.py:190} INFO - [2025-07-16T07:24:05.078+0000] {dag.py:4156} INFO - Setting next_dagrun for example_display_name to None, run_after=None
[2025-07-16T07:24:05.103+0000] {processor.py:208} INFO - Processing /home/airflow/.local/lib/python3.12/site-packages/airflow/example_dags/example_display_name.py took 0.086 seconds
[2025-07-16T07:24:35.974+0000] {processor.py:186} INFO - Started process (PID=1659) to work on /home/airflow/.local/lib/python3.12/site-packages/airflow/example_dags/example_display_name.py
[2025-07-16T07:24:35.975+0000] {processor.py:914} INFO - Processing file /home/airflow/.local/lib/python3.12/site-packages/airflow/example_dags/example_display_name.py for tasks to queue
[2025-07-16T07:24:35.977+0000] {logging_mixin.py:190} INFO - [2025-07-16T07:24:35.977+0000] {dagbag.py:587} INFO - Filling up the DagBag from /home/airflow/.local/lib/python3.12/site-packages/airflow/example_dags/example_display_name.py
[2025-07-16T07:24:35.984+0000] {processor.py:925} INFO - DAG(s) 'example_display_name' retrieved from /home/airflow/.local/lib/python3.12/site-packages/airflow/example_dags/example_display_name.py
[2025-07-16T07:24:36.007+0000] {logging_mixin.py:190} INFO - [2025-07-16T07:24:36.007+0000] {dag.py:3229} INFO - Sync 1 DAGs
[2025-07-16T07:24:36.022+0000] {logging_mixin.py:190} INFO - [2025-07-16T07:24:36.022+0000] {dag.py:4156} INFO - Setting next_dagrun for example_display_name to None, run_after=None
[2025-07-16T07:24:36.046+0000] {processor.py:208} INFO - Processing /home/airflow/.local/lib/python3.12/site-packages/airflow/example_dags/example_display_name.py took 0.080 seconds
[2025-07-16T07:25:07.053+0000] {processor.py:186} INFO - Started process (PID=1716) to work on /home/airflow/.local/lib/python3.12/site-packages/airflow/example_dags/example_display_name.py
[2025-07-16T07:25:07.054+0000] {processor.py:914} INFO - Processing file /home/airflow/.local/lib/python3.12/site-packages/airflow/example_dags/example_display_name.py for tasks to queue
[2025-07-16T07:25:07.058+0000] {logging_mixin.py:190} INFO - [2025-07-16T07:25:07.057+0000] {dagbag.py:587} INFO - Filling up the DagBag from /home/airflow/.local/lib/python3.12/site-packages/airflow/example_dags/example_display_name.py
[2025-07-16T07:25:07.066+0000] {processor.py:925} INFO - DAG(s) 'example_display_name' retrieved from /home/airflow/.local/lib/python3.12/site-packages/airflow/example_dags/example_display_name.py
[2025-07-16T07:25:07.088+0000] {logging_mixin.py:190} INFO - [2025-07-16T07:25:07.088+0000] {dag.py:3229} INFO - Sync 1 DAGs
[2025-07-16T07:25:07.109+0000] {logging_mixin.py:190} INFO - [2025-07-16T07:25:07.109+0000] {dag.py:4156} INFO - Setting next_dagrun for example_display_name to None, run_after=None
[2025-07-16T07:25:07.131+0000] {processor.py:208} INFO - Processing /home/airflow/.local/lib/python3.12/site-packages/airflow/example_dags/example_display_name.py took 0.085 seconds
[2025-07-16T07:25:37.227+0000] {processor.py:186} INFO - Started process (PID=1772) to work on /home/airflow/.local/lib/python3.12/site-packages/airflow/example_dags/example_display_name.py
[2025-07-16T07:25:37.228+0000] {processor.py:914} INFO - Processing file /home/airflow/.local/lib/python3.12/site-packages/airflow/example_dags/example_display_name.py for tasks to queue
[2025-07-16T07:25:37.232+0000] {logging_mixin.py:190} INFO - [2025-07-16T07:25:37.232+0000] {dagbag.py:587} INFO - Filling up the DagBag from /home/airflow/.local/lib/python3.12/site-packages/airflow/example_dags/example_display_name.py
[2025-07-16T07:25:37.244+0000] {processor.py:925} INFO - DAG(s) 'example_display_name' retrieved from /home/airflow/.local/lib/python3.12/site-packages/airflow/example_dags/example_display_name.py
[2025-07-16T07:25:37.273+0000] {logging_mixin.py:190} INFO - [2025-07-16T07:25:37.272+0000] {dag.py:3229} INFO - Sync 1 DAGs
[2025-07-16T07:25:37.288+0000] {logging_mixin.py:190} INFO - [2025-07-16T07:25:37.287+0000] {dag.py:4156} INFO - Setting next_dagrun for example_display_name to None, run_after=None
[2025-07-16T07:25:37.310+0000] {processor.py:208} INFO - Processing /home/airflow/.local/lib/python3.12/site-packages/airflow/example_dags/example_display_name.py took 0.091 seconds
[2025-07-16T07:26:07.580+0000] {processor.py:186} INFO - Started process (PID=1829) to work on /home/airflow/.local/lib/python3.12/site-packages/airflow/example_dags/example_display_name.py
[2025-07-16T07:26:07.581+0000] {processor.py:914} INFO - Processing file /home/airflow/.local/lib/python3.12/site-packages/airflow/example_dags/example_display_name.py for tasks to queue
[2025-07-16T07:26:07.584+0000] {logging_mixin.py:190} INFO - [2025-07-16T07:26:07.584+0000] {dagbag.py:587} INFO - Filling up the DagBag from /home/airflow/.local/lib/python3.12/site-packages/airflow/example_dags/example_display_name.py
[2025-07-16T07:26:07.592+0000] {processor.py:925} INFO - DAG(s) 'example_display_name' retrieved from /home/airflow/.local/lib/python3.12/site-packages/airflow/example_dags/example_display_name.py
[2025-07-16T07:26:07.612+0000] {logging_mixin.py:190} INFO - [2025-07-16T07:26:07.612+0000] {dag.py:3229} INFO - Sync 1 DAGs
[2025-07-16T07:26:07.628+0000] {logging_mixin.py:190} INFO - [2025-07-16T07:26:07.628+0000] {dag.py:4156} INFO - Setting next_dagrun for example_display_name to None, run_after=None
[2025-07-16T07:26:07.653+0000] {processor.py:208} INFO - Processing /home/airflow/.local/lib/python3.12/site-packages/airflow/example_dags/example_display_name.py took 0.079 seconds
[2025-07-16T07:26:38.899+0000] {processor.py:186} INFO - Started process (PID=1886) to work on /home/airflow/.local/lib/python3.12/site-packages/airflow/example_dags/example_display_name.py
[2025-07-16T07:26:38.901+0000] {processor.py:914} INFO - Processing file /home/airflow/.local/lib/python3.12/site-packages/airflow/example_dags/example_display_name.py for tasks to queue
[2025-07-16T07:26:38.904+0000] {logging_mixin.py:190} INFO - [2025-07-16T07:26:38.903+0000] {dagbag.py:587} INFO - Filling up the DagBag from /home/airflow/.local/lib/python3.12/site-packages/airflow/example_dags/example_display_name.py
[2025-07-16T07:26:38.912+0000] {processor.py:925} INFO - DAG(s) 'example_display_name' retrieved from /home/airflow/.local/lib/python3.12/site-packages/airflow/example_dags/example_display_name.py
[2025-07-16T07:26:38.935+0000] {logging_mixin.py:190} INFO - [2025-07-16T07:26:38.935+0000] {dag.py:3229} INFO - Sync 1 DAGs
[2025-07-16T07:26:38.952+0000] {logging_mixin.py:190} INFO - [2025-07-16T07:26:38.951+0000] {dag.py:4156} INFO - Setting next_dagrun for example_display_name to None, run_after=None
[2025-07-16T07:26:38.977+0000] {processor.py:208} INFO - Processing /home/airflow/.local/lib/python3.12/site-packages/airflow/example_dags/example_display_name.py took 0.085 seconds
[2025-07-16T07:27:09.855+0000] {processor.py:186} INFO - Started process (PID=1943) to work on /home/airflow/.local/lib/python3.12/site-packages/airflow/example_dags/example_display_name.py
[2025-07-16T07:27:09.856+0000] {processor.py:914} INFO - Processing file /home/airflow/.local/lib/python3.12/site-packages/airflow/example_dags/example_display_name.py for tasks to queue
[2025-07-16T07:27:09.859+0000] {logging_mixin.py:190} INFO - [2025-07-16T07:27:09.859+0000] {dagbag.py:587} INFO - Filling up the DagBag from /home/airflow/.local/lib/python3.12/site-packages/airflow/example_dags/example_display_name.py
[2025-07-16T07:27:09.866+0000] {processor.py:925} INFO - DAG(s) 'example_display_name' retrieved from /home/airflow/.local/lib/python3.12/site-packages/airflow/example_dags/example_display_name.py
[2025-07-16T07:27:09.886+0000] {logging_mixin.py:190} INFO - [2025-07-16T07:27:09.886+0000] {dag.py:3229} INFO - Sync 1 DAGs
[2025-07-16T07:27:09.900+0000] {logging_mixin.py:190} INFO - [2025-07-16T07:27:09.900+0000] {dag.py:4156} INFO - Setting next_dagrun for example_display_name to None, run_after=None
[2025-07-16T07:27:09.922+0000] {processor.py:208} INFO - Processing /home/airflow/.local/lib/python3.12/site-packages/airflow/example_dags/example_display_name.py took 0.074 seconds
[2025-07-16T07:27:41.066+0000] {processor.py:186} INFO - Started process (PID=2000) to work on /home/airflow/.local/lib/python3.12/site-packages/airflow/example_dags/example_display_name.py
[2025-07-16T07:27:41.067+0000] {processor.py:914} INFO - Processing file /home/airflow/.local/lib/python3.12/site-packages/airflow/example_dags/example_display_name.py for tasks to queue
[2025-07-16T07:27:41.070+0000] {logging_mixin.py:190} INFO - [2025-07-16T07:27:41.070+0000] {dagbag.py:587} INFO - Filling up the DagBag from /home/airflow/.local/lib/python3.12/site-packages/airflow/example_dags/example_display_name.py
[2025-07-16T07:27:41.078+0000] {processor.py:925} INFO - DAG(s) 'example_display_name' retrieved from /home/airflow/.local/lib/python3.12/site-packages/airflow/example_dags/example_display_name.py
[2025-07-16T07:27:41.100+0000] {logging_mixin.py:190} INFO - [2025-07-16T07:27:41.099+0000] {dag.py:3229} INFO - Sync 1 DAGs
[2025-07-16T07:27:41.115+0000] {logging_mixin.py:190} INFO - [2025-07-16T07:27:41.115+0000] {dag.py:4156} INFO - Setting next_dagrun for example_display_name to None, run_after=None
[2025-07-16T07:27:41.137+0000] {processor.py:208} INFO - Processing /home/airflow/.local/lib/python3.12/site-packages/airflow/example_dags/example_display_name.py took 0.078 seconds
[2025-07-16T07:28:11.568+0000] {processor.py:186} INFO - Started process (PID=2057) to work on /home/airflow/.local/lib/python3.12/site-packages/airflow/example_dags/example_display_name.py
[2025-07-16T07:28:11.569+0000] {processor.py:914} INFO - Processing file /home/airflow/.local/lib/python3.12/site-packages/airflow/example_dags/example_display_name.py for tasks to queue
[2025-07-16T07:28:11.572+0000] {logging_mixin.py:190} INFO - [2025-07-16T07:28:11.572+0000] {dagbag.py:587} INFO - Filling up the DagBag from /home/airflow/.local/lib/python3.12/site-packages/airflow/example_dags/example_display_name.py
[2025-07-16T07:28:11.581+0000] {processor.py:925} INFO - DAG(s) 'example_display_name' retrieved from /home/airflow/.local/lib/python3.12/site-packages/airflow/example_dags/example_display_name.py
[2025-07-16T07:28:11.604+0000] {logging_mixin.py:190} INFO - [2025-07-16T07:28:11.604+0000] {dag.py:3229} INFO - Sync 1 DAGs
[2025-07-16T07:28:11.620+0000] {logging_mixin.py:190} INFO - [2025-07-16T07:28:11.620+0000] {dag.py:4156} INFO - Setting next_dagrun for example_display_name to None, run_after=None
[2025-07-16T07:28:11.645+0000] {processor.py:208} INFO - Processing /home/airflow/.local/lib/python3.12/site-packages/airflow/example_dags/example_display_name.py took 0.083 seconds
[2025-07-16T07:28:42.246+0000] {processor.py:186} INFO - Started process (PID=2114) to work on /home/airflow/.local/lib/python3.12/site-packages/airflow/example_dags/example_display_name.py
[2025-07-16T07:28:42.248+0000] {processor.py:914} INFO - Processing file /home/airflow/.local/lib/python3.12/site-packages/airflow/example_dags/example_display_name.py for tasks to queue
[2025-07-16T07:28:42.251+0000] {logging_mixin.py:190} INFO - [2025-07-16T07:28:42.250+0000] {dagbag.py:587} INFO - Filling up the DagBag from /home/airflow/.local/lib/python3.12/site-packages/airflow/example_dags/example_display_name.py
[2025-07-16T07:28:42.259+0000] {processor.py:925} INFO - DAG(s) 'example_display_name' retrieved from /home/airflow/.local/lib/python3.12/site-packages/airflow/example_dags/example_display_name.py
[2025-07-16T07:28:42.283+0000] {logging_mixin.py:190} INFO - [2025-07-16T07:28:42.283+0000] {dag.py:3229} INFO - Sync 1 DAGs
[2025-07-16T07:28:42.309+0000] {logging_mixin.py:190} INFO - [2025-07-16T07:28:42.309+0000] {dag.py:4156} INFO - Setting next_dagrun for example_display_name to None, run_after=None
[2025-07-16T07:28:42.340+0000] {processor.py:208} INFO - Processing /home/airflow/.local/lib/python3.12/site-packages/airflow/example_dags/example_display_name.py took 0.102 seconds
[2025-07-16T07:29:13.061+0000] {processor.py:186} INFO - Started process (PID=2171) to work on /home/airflow/.local/lib/python3.12/site-packages/airflow/example_dags/example_display_name.py
[2025-07-16T07:29:13.062+0000] {processor.py:914} INFO - Processing file /home/airflow/.local/lib/python3.12/site-packages/airflow/example_dags/example_display_name.py for tasks to queue
[2025-07-16T07:29:13.065+0000] {logging_mixin.py:190} INFO - [2025-07-16T07:29:13.064+0000] {dagbag.py:587} INFO - Filling up the DagBag from /home/airflow/.local/lib/python3.12/site-packages/airflow/example_dags/example_display_name.py
[2025-07-16T07:29:13.073+0000] {processor.py:925} INFO - DAG(s) 'example_display_name' retrieved from /home/airflow/.local/lib/python3.12/site-packages/airflow/example_dags/example_display_name.py
[2025-07-16T07:29:13.093+0000] {logging_mixin.py:190} INFO - [2025-07-16T07:29:13.093+0000] {dag.py:3229} INFO - Sync 1 DAGs
[2025-07-16T07:29:13.108+0000] {logging_mixin.py:190} INFO - [2025-07-16T07:29:13.107+0000] {dag.py:4156} INFO - Setting next_dagrun for example_display_name to None, run_after=None
[2025-07-16T07:29:13.132+0000] {processor.py:208} INFO - Processing /home/airflow/.local/lib/python3.12/site-packages/airflow/example_dags/example_display_name.py took 0.077 seconds
[2025-07-16T07:29:43.691+0000] {processor.py:186} INFO - Started process (PID=2228) to work on /home/airflow/.local/lib/python3.12/site-packages/airflow/example_dags/example_display_name.py
[2025-07-16T07:29:43.692+0000] {processor.py:914} INFO - Processing file /home/airflow/.local/lib/python3.12/site-packages/airflow/example_dags/example_display_name.py for tasks to queue
[2025-07-16T07:29:43.694+0000] {logging_mixin.py:190} INFO - [2025-07-16T07:29:43.694+0000] {dagbag.py:587} INFO - Filling up the DagBag from /home/airflow/.local/lib/python3.12/site-packages/airflow/example_dags/example_display_name.py
[2025-07-16T07:29:43.702+0000] {processor.py:925} INFO - DAG(s) 'example_display_name' retrieved from /home/airflow/.local/lib/python3.12/site-packages/airflow/example_dags/example_display_name.py
[2025-07-16T07:29:43.723+0000] {logging_mixin.py:190} INFO - [2025-07-16T07:29:43.723+0000] {dag.py:3229} INFO - Sync 1 DAGs
[2025-07-16T07:29:43.738+0000] {logging_mixin.py:190} INFO - [2025-07-16T07:29:43.737+0000] {dag.py:4156} INFO - Setting next_dagrun for example_display_name to None, run_after=None
[2025-07-16T07:29:43.759+0000] {processor.py:208} INFO - Processing /home/airflow/.local/lib/python3.12/site-packages/airflow/example_dags/example_display_name.py took 0.075 seconds
[2025-07-16T07:30:15.000+0000] {processor.py:186} INFO - Started process (PID=2285) to work on /home/airflow/.local/lib/python3.12/site-packages/airflow/example_dags/example_display_name.py
[2025-07-16T07:30:15.001+0000] {processor.py:914} INFO - Processing file /home/airflow/.local/lib/python3.12/site-packages/airflow/example_dags/example_display_name.py for tasks to queue
[2025-07-16T07:30:15.004+0000] {logging_mixin.py:190} INFO - [2025-07-16T07:30:15.004+0000] {dagbag.py:587} INFO - Filling up the DagBag from /home/airflow/.local/lib/python3.12/site-packages/airflow/example_dags/example_display_name.py
[2025-07-16T07:30:15.013+0000] {processor.py:925} INFO - DAG(s) 'example_display_name' retrieved from /home/airflow/.local/lib/python3.12/site-packages/airflow/example_dags/example_display_name.py
[2025-07-16T07:30:15.035+0000] {logging_mixin.py:190} INFO - [2025-07-16T07:30:15.035+0000] {dag.py:3229} INFO - Sync 1 DAGs
[2025-07-16T07:30:15.054+0000] {logging_mixin.py:190} INFO - [2025-07-16T07:30:15.053+0000] {dag.py:4156} INFO - Setting next_dagrun for example_display_name to None, run_after=None
[2025-07-16T07:30:15.081+0000] {processor.py:208} INFO - Processing /home/airflow/.local/lib/python3.12/site-packages/airflow/example_dags/example_display_name.py took 0.087 seconds
[2025-07-16T07:30:46.444+0000] {processor.py:186} INFO - Started process (PID=2342) to work on /home/airflow/.local/lib/python3.12/site-packages/airflow/example_dags/example_display_name.py
[2025-07-16T07:30:46.445+0000] {processor.py:914} INFO - Processing file /home/airflow/.local/lib/python3.12/site-packages/airflow/example_dags/example_display_name.py for tasks to queue
[2025-07-16T07:30:46.448+0000] {logging_mixin.py:190} INFO - [2025-07-16T07:30:46.448+0000] {dagbag.py:587} INFO - Filling up the DagBag from /home/airflow/.local/lib/python3.12/site-packages/airflow/example_dags/example_display_name.py
[2025-07-16T07:30:46.457+0000] {processor.py:925} INFO - DAG(s) 'example_display_name' retrieved from /home/airflow/.local/lib/python3.12/site-packages/airflow/example_dags/example_display_name.py
[2025-07-16T07:30:46.478+0000] {logging_mixin.py:190} INFO - [2025-07-16T07:30:46.477+0000] {dag.py:3229} INFO - Sync 1 DAGs
[2025-07-16T07:30:46.494+0000] {logging_mixin.py:190} INFO - [2025-07-16T07:30:46.494+0000] {dag.py:4156} INFO - Setting next_dagrun for example_display_name to None, run_after=None
[2025-07-16T07:30:46.519+0000] {processor.py:208} INFO - Processing /home/airflow/.local/lib/python3.12/site-packages/airflow/example_dags/example_display_name.py took 0.082 seconds
[2025-07-16T07:31:17.013+0000] {processor.py:186} INFO - Started process (PID=2399) to work on /home/airflow/.local/lib/python3.12/site-packages/airflow/example_dags/example_display_name.py
[2025-07-16T07:31:17.014+0000] {processor.py:914} INFO - Processing file /home/airflow/.local/lib/python3.12/site-packages/airflow/example_dags/example_display_name.py for tasks to queue
[2025-07-16T07:31:17.016+0000] {logging_mixin.py:190} INFO - [2025-07-16T07:31:17.016+0000] {dagbag.py:587} INFO - Filling up the DagBag from /home/airflow/.local/lib/python3.12/site-packages/airflow/example_dags/example_display_name.py
[2025-07-16T07:31:17.024+0000] {processor.py:925} INFO - DAG(s) 'example_display_name' retrieved from /home/airflow/.local/lib/python3.12/site-packages/airflow/example_dags/example_display_name.py
[2025-07-16T07:31:17.045+0000] {logging_mixin.py:190} INFO - [2025-07-16T07:31:17.045+0000] {dag.py:3229} INFO - Sync 1 DAGs
[2025-07-16T07:31:17.060+0000] {logging_mixin.py:190} INFO - [2025-07-16T07:31:17.060+0000] {dag.py:4156} INFO - Setting next_dagrun for example_display_name to None, run_after=None
[2025-07-16T07:31:17.085+0000] {processor.py:208} INFO - Processing /home/airflow/.local/lib/python3.12/site-packages/airflow/example_dags/example_display_name.py took 0.078 seconds
[2025-07-16T07:33:03.188+0000] {processor.py:186} INFO - Started process (PID=64) to work on /home/airflow/.local/lib/python3.12/site-packages/airflow/example_dags/example_display_name.py
[2025-07-16T07:33:03.190+0000] {processor.py:914} INFO - Processing file /home/airflow/.local/lib/python3.12/site-packages/airflow/example_dags/example_display_name.py for tasks to queue
[2025-07-16T07:33:03.194+0000] {logging_mixin.py:190} INFO - [2025-07-16T07:33:03.193+0000] {dagbag.py:587} INFO - Filling up the DagBag from /home/airflow/.local/lib/python3.12/site-packages/airflow/example_dags/example_display_name.py
[2025-07-16T07:33:03.207+0000] {processor.py:925} INFO - DAG(s) 'example_display_name' retrieved from /home/airflow/.local/lib/python3.12/site-packages/airflow/example_dags/example_display_name.py
[2025-07-16T07:33:03.230+0000] {logging_mixin.py:190} INFO - [2025-07-16T07:33:03.229+0000] {dag.py:3229} INFO - Sync 1 DAGs
[2025-07-16T07:33:03.250+0000] {logging_mixin.py:190} INFO - [2025-07-16T07:33:03.250+0000] {dag.py:4156} INFO - Setting next_dagrun for example_display_name to None, run_after=None
[2025-07-16T07:33:03.273+0000] {processor.py:208} INFO - Processing /home/airflow/.local/lib/python3.12/site-packages/airflow/example_dags/example_display_name.py took 0.094 seconds
[2025-07-16T07:33:34.012+0000] {processor.py:186} INFO - Started process (PID=121) to work on /home/airflow/.local/lib/python3.12/site-packages/airflow/example_dags/example_display_name.py
[2025-07-16T07:33:34.015+0000] {processor.py:914} INFO - Processing file /home/airflow/.local/lib/python3.12/site-packages/airflow/example_dags/example_display_name.py for tasks to queue
[2025-07-16T07:33:34.017+0000] {logging_mixin.py:190} INFO - [2025-07-16T07:33:34.017+0000] {dagbag.py:587} INFO - Filling up the DagBag from /home/airflow/.local/lib/python3.12/site-packages/airflow/example_dags/example_display_name.py
[2025-07-16T07:33:34.025+0000] {processor.py:925} INFO - DAG(s) 'example_display_name' retrieved from /home/airflow/.local/lib/python3.12/site-packages/airflow/example_dags/example_display_name.py
[2025-07-16T07:33:34.048+0000] {logging_mixin.py:190} INFO - [2025-07-16T07:33:34.048+0000] {dag.py:3229} INFO - Sync 1 DAGs
[2025-07-16T07:33:34.068+0000] {logging_mixin.py:190} INFO - [2025-07-16T07:33:34.068+0000] {dag.py:4156} INFO - Setting next_dagrun for example_display_name to None, run_after=None
[2025-07-16T07:33:34.094+0000] {processor.py:208} INFO - Processing /home/airflow/.local/lib/python3.12/site-packages/airflow/example_dags/example_display_name.py took 0.089 seconds
[2025-07-16T07:34:04.919+0000] {processor.py:186} INFO - Started process (PID=178) to work on /home/airflow/.local/lib/python3.12/site-packages/airflow/example_dags/example_display_name.py
[2025-07-16T07:34:04.920+0000] {processor.py:914} INFO - Processing file /home/airflow/.local/lib/python3.12/site-packages/airflow/example_dags/example_display_name.py for tasks to queue
[2025-07-16T07:34:04.923+0000] {logging_mixin.py:190} INFO - [2025-07-16T07:34:04.922+0000] {dagbag.py:587} INFO - Filling up the DagBag from /home/airflow/.local/lib/python3.12/site-packages/airflow/example_dags/example_display_name.py
[2025-07-16T07:34:04.930+0000] {processor.py:925} INFO - DAG(s) 'example_display_name' retrieved from /home/airflow/.local/lib/python3.12/site-packages/airflow/example_dags/example_display_name.py
[2025-07-16T07:34:04.952+0000] {logging_mixin.py:190} INFO - [2025-07-16T07:34:04.952+0000] {dag.py:3229} INFO - Sync 1 DAGs
[2025-07-16T07:34:04.968+0000] {logging_mixin.py:190} INFO - [2025-07-16T07:34:04.967+0000] {dag.py:4156} INFO - Setting next_dagrun for example_display_name to None, run_after=None
[2025-07-16T07:34:04.993+0000] {processor.py:208} INFO - Processing /home/airflow/.local/lib/python3.12/site-packages/airflow/example_dags/example_display_name.py took 0.081 seconds
[2025-07-16T07:34:35.660+0000] {processor.py:186} INFO - Started process (PID=235) to work on /home/airflow/.local/lib/python3.12/site-packages/airflow/example_dags/example_display_name.py
[2025-07-16T07:34:35.661+0000] {processor.py:914} INFO - Processing file /home/airflow/.local/lib/python3.12/site-packages/airflow/example_dags/example_display_name.py for tasks to queue
[2025-07-16T07:34:35.664+0000] {logging_mixin.py:190} INFO - [2025-07-16T07:34:35.664+0000] {dagbag.py:587} INFO - Filling up the DagBag from /home/airflow/.local/lib/python3.12/site-packages/airflow/example_dags/example_display_name.py
[2025-07-16T07:34:35.672+0000] {processor.py:925} INFO - DAG(s) 'example_display_name' retrieved from /home/airflow/.local/lib/python3.12/site-packages/airflow/example_dags/example_display_name.py
[2025-07-16T07:34:35.699+0000] {logging_mixin.py:190} INFO - [2025-07-16T07:34:35.699+0000] {dag.py:3229} INFO - Sync 1 DAGs
[2025-07-16T07:34:35.721+0000] {logging_mixin.py:190} INFO - [2025-07-16T07:34:35.721+0000] {dag.py:4156} INFO - Setting next_dagrun for example_display_name to None, run_after=None
[2025-07-16T07:34:35.746+0000] {processor.py:208} INFO - Processing /home/airflow/.local/lib/python3.12/site-packages/airflow/example_dags/example_display_name.py took 0.093 seconds
[2025-07-16T07:35:06.406+0000] {processor.py:186} INFO - Started process (PID=292) to work on /home/airflow/.local/lib/python3.12/site-packages/airflow/example_dags/example_display_name.py
[2025-07-16T07:35:06.408+0000] {processor.py:914} INFO - Processing file /home/airflow/.local/lib/python3.12/site-packages/airflow/example_dags/example_display_name.py for tasks to queue
[2025-07-16T07:35:06.410+0000] {logging_mixin.py:190} INFO - [2025-07-16T07:35:06.410+0000] {dagbag.py:587} INFO - Filling up the DagBag from /home/airflow/.local/lib/python3.12/site-packages/airflow/example_dags/example_display_name.py
[2025-07-16T07:35:06.421+0000] {processor.py:925} INFO - DAG(s) 'example_display_name' retrieved from /home/airflow/.local/lib/python3.12/site-packages/airflow/example_dags/example_display_name.py
[2025-07-16T07:35:06.447+0000] {logging_mixin.py:190} INFO - [2025-07-16T07:35:06.447+0000] {dag.py:3229} INFO - Sync 1 DAGs
[2025-07-16T07:35:06.468+0000] {logging_mixin.py:190} INFO - [2025-07-16T07:35:06.468+0000] {dag.py:4156} INFO - Setting next_dagrun for example_display_name to None, run_after=None
[2025-07-16T07:35:06.490+0000] {processor.py:208} INFO - Processing /home/airflow/.local/lib/python3.12/site-packages/airflow/example_dags/example_display_name.py took 0.090 seconds
[2025-07-16T07:35:36.819+0000] {processor.py:186} INFO - Started process (PID=349) to work on /home/airflow/.local/lib/python3.12/site-packages/airflow/example_dags/example_display_name.py
[2025-07-16T07:35:36.820+0000] {processor.py:914} INFO - Processing file /home/airflow/.local/lib/python3.12/site-packages/airflow/example_dags/example_display_name.py for tasks to queue
[2025-07-16T07:35:36.824+0000] {logging_mixin.py:190} INFO - [2025-07-16T07:35:36.823+0000] {dagbag.py:587} INFO - Filling up the DagBag from /home/airflow/.local/lib/python3.12/site-packages/airflow/example_dags/example_display_name.py
[2025-07-16T07:35:36.833+0000] {processor.py:925} INFO - DAG(s) 'example_display_name' retrieved from /home/airflow/.local/lib/python3.12/site-packages/airflow/example_dags/example_display_name.py
[2025-07-16T07:35:36.857+0000] {logging_mixin.py:190} INFO - [2025-07-16T07:35:36.857+0000] {dag.py:3229} INFO - Sync 1 DAGs
[2025-07-16T07:35:36.875+0000] {logging_mixin.py:190} INFO - [2025-07-16T07:35:36.875+0000] {dag.py:4156} INFO - Setting next_dagrun for example_display_name to None, run_after=None
[2025-07-16T07:35:36.900+0000] {processor.py:208} INFO - Processing /home/airflow/.local/lib/python3.12/site-packages/airflow/example_dags/example_display_name.py took 0.089 seconds
[2025-07-16T07:36:07.181+0000] {processor.py:186} INFO - Started process (PID=406) to work on /home/airflow/.local/lib/python3.12/site-packages/airflow/example_dags/example_display_name.py
[2025-07-16T07:36:07.182+0000] {processor.py:914} INFO - Processing file /home/airflow/.local/lib/python3.12/site-packages/airflow/example_dags/example_display_name.py for tasks to queue
[2025-07-16T07:36:07.184+0000] {logging_mixin.py:190} INFO - [2025-07-16T07:36:07.184+0000] {dagbag.py:587} INFO - Filling up the DagBag from /home/airflow/.local/lib/python3.12/site-packages/airflow/example_dags/example_display_name.py
[2025-07-16T07:36:07.193+0000] {processor.py:925} INFO - DAG(s) 'example_display_name' retrieved from /home/airflow/.local/lib/python3.12/site-packages/airflow/example_dags/example_display_name.py
[2025-07-16T07:36:07.212+0000] {logging_mixin.py:190} INFO - [2025-07-16T07:36:07.212+0000] {dag.py:3229} INFO - Sync 1 DAGs
[2025-07-16T07:36:07.227+0000] {logging_mixin.py:190} INFO - [2025-07-16T07:36:07.227+0000] {dag.py:4156} INFO - Setting next_dagrun for example_display_name to None, run_after=None
[2025-07-16T07:36:07.250+0000] {processor.py:208} INFO - Processing /home/airflow/.local/lib/python3.12/site-packages/airflow/example_dags/example_display_name.py took 0.076 seconds
[2025-07-16T07:36:39.001+0000] {processor.py:186} INFO - Started process (PID=463) to work on /home/airflow/.local/lib/python3.12/site-packages/airflow/example_dags/example_display_name.py
[2025-07-16T07:36:39.002+0000] {processor.py:914} INFO - Processing file /home/airflow/.local/lib/python3.12/site-packages/airflow/example_dags/example_display_name.py for tasks to queue
[2025-07-16T07:36:39.007+0000] {logging_mixin.py:190} INFO - [2025-07-16T07:36:39.006+0000] {dagbag.py:587} INFO - Filling up the DagBag from /home/airflow/.local/lib/python3.12/site-packages/airflow/example_dags/example_display_name.py
[2025-07-16T07:36:39.015+0000] {processor.py:925} INFO - DAG(s) 'example_display_name' retrieved from /home/airflow/.local/lib/python3.12/site-packages/airflow/example_dags/example_display_name.py
[2025-07-16T07:36:39.039+0000] {logging_mixin.py:190} INFO - [2025-07-16T07:36:39.038+0000] {dag.py:3229} INFO - Sync 1 DAGs
[2025-07-16T07:36:39.057+0000] {logging_mixin.py:190} INFO - [2025-07-16T07:36:39.057+0000] {dag.py:4156} INFO - Setting next_dagrun for example_display_name to None, run_after=None
[2025-07-16T07:36:39.088+0000] {processor.py:208} INFO - Processing /home/airflow/.local/lib/python3.12/site-packages/airflow/example_dags/example_display_name.py took 0.094 seconds
[2025-07-16T07:37:09.631+0000] {processor.py:186} INFO - Started process (PID=520) to work on /home/airflow/.local/lib/python3.12/site-packages/airflow/example_dags/example_display_name.py
[2025-07-16T07:37:09.632+0000] {processor.py:914} INFO - Processing file /home/airflow/.local/lib/python3.12/site-packages/airflow/example_dags/example_display_name.py for tasks to queue
[2025-07-16T07:37:09.635+0000] {logging_mixin.py:190} INFO - [2025-07-16T07:37:09.634+0000] {dagbag.py:587} INFO - Filling up the DagBag from /home/airflow/.local/lib/python3.12/site-packages/airflow/example_dags/example_display_name.py
[2025-07-16T07:37:09.643+0000] {processor.py:925} INFO - DAG(s) 'example_display_name' retrieved from /home/airflow/.local/lib/python3.12/site-packages/airflow/example_dags/example_display_name.py
[2025-07-16T07:37:09.662+0000] {logging_mixin.py:190} INFO - [2025-07-16T07:37:09.662+0000] {dag.py:3229} INFO - Sync 1 DAGs
[2025-07-16T07:37:09.678+0000] {logging_mixin.py:190} INFO - [2025-07-16T07:37:09.678+0000] {dag.py:4156} INFO - Setting next_dagrun for example_display_name to None, run_after=None
[2025-07-16T07:37:09.703+0000] {processor.py:208} INFO - Processing /home/airflow/.local/lib/python3.12/site-packages/airflow/example_dags/example_display_name.py took 0.079 seconds
[2025-07-16T07:37:40.335+0000] {processor.py:186} INFO - Started process (PID=577) to work on /home/airflow/.local/lib/python3.12/site-packages/airflow/example_dags/example_display_name.py
[2025-07-16T07:37:40.337+0000] {processor.py:914} INFO - Processing file /home/airflow/.local/lib/python3.12/site-packages/airflow/example_dags/example_display_name.py for tasks to queue
[2025-07-16T07:37:40.340+0000] {logging_mixin.py:190} INFO - [2025-07-16T07:37:40.339+0000] {dagbag.py:587} INFO - Filling up the DagBag from /home/airflow/.local/lib/python3.12/site-packages/airflow/example_dags/example_display_name.py
[2025-07-16T07:37:40.347+0000] {processor.py:925} INFO - DAG(s) 'example_display_name' retrieved from /home/airflow/.local/lib/python3.12/site-packages/airflow/example_dags/example_display_name.py
[2025-07-16T07:37:40.369+0000] {logging_mixin.py:190} INFO - [2025-07-16T07:37:40.369+0000] {dag.py:3229} INFO - Sync 1 DAGs
[2025-07-16T07:37:40.385+0000] {logging_mixin.py:190} INFO - [2025-07-16T07:37:40.384+0000] {dag.py:4156} INFO - Setting next_dagrun for example_display_name to None, run_after=None
[2025-07-16T07:37:40.408+0000] {processor.py:208} INFO - Processing /home/airflow/.local/lib/python3.12/site-packages/airflow/example_dags/example_display_name.py took 0.079 seconds
[2025-07-16T07:38:11.664+0000] {processor.py:186} INFO - Started process (PID=634) to work on /home/airflow/.local/lib/python3.12/site-packages/airflow/example_dags/example_display_name.py
[2025-07-16T07:38:11.665+0000] {processor.py:914} INFO - Processing file /home/airflow/.local/lib/python3.12/site-packages/airflow/example_dags/example_display_name.py for tasks to queue
[2025-07-16T07:38:11.667+0000] {logging_mixin.py:190} INFO - [2025-07-16T07:38:11.667+0000] {dagbag.py:587} INFO - Filling up the DagBag from /home/airflow/.local/lib/python3.12/site-packages/airflow/example_dags/example_display_name.py
[2025-07-16T07:38:11.675+0000] {processor.py:925} INFO - DAG(s) 'example_display_name' retrieved from /home/airflow/.local/lib/python3.12/site-packages/airflow/example_dags/example_display_name.py
[2025-07-16T07:38:11.694+0000] {logging_mixin.py:190} INFO - [2025-07-16T07:38:11.694+0000] {dag.py:3229} INFO - Sync 1 DAGs
[2025-07-16T07:38:11.708+0000] {logging_mixin.py:190} INFO - [2025-07-16T07:38:11.708+0000] {dag.py:4156} INFO - Setting next_dagrun for example_display_name to None, run_after=None
[2025-07-16T07:38:11.728+0000] {processor.py:208} INFO - Processing /home/airflow/.local/lib/python3.12/site-packages/airflow/example_dags/example_display_name.py took 0.071 seconds
[2025-07-16T07:38:42.372+0000] {processor.py:186} INFO - Started process (PID=691) to work on /home/airflow/.local/lib/python3.12/site-packages/airflow/example_dags/example_display_name.py
[2025-07-16T07:38:42.374+0000] {processor.py:914} INFO - Processing file /home/airflow/.local/lib/python3.12/site-packages/airflow/example_dags/example_display_name.py for tasks to queue
[2025-07-16T07:38:42.376+0000] {logging_mixin.py:190} INFO - [2025-07-16T07:38:42.376+0000] {dagbag.py:587} INFO - Filling up the DagBag from /home/airflow/.local/lib/python3.12/site-packages/airflow/example_dags/example_display_name.py
[2025-07-16T07:38:42.385+0000] {processor.py:925} INFO - DAG(s) 'example_display_name' retrieved from /home/airflow/.local/lib/python3.12/site-packages/airflow/example_dags/example_display_name.py
[2025-07-16T07:38:42.407+0000] {logging_mixin.py:190} INFO - [2025-07-16T07:38:42.406+0000] {dag.py:3229} INFO - Sync 1 DAGs
[2025-07-16T07:38:42.422+0000] {logging_mixin.py:190} INFO - [2025-07-16T07:38:42.421+0000] {dag.py:4156} INFO - Setting next_dagrun for example_display_name to None, run_after=None
[2025-07-16T07:38:42.446+0000] {processor.py:208} INFO - Processing /home/airflow/.local/lib/python3.12/site-packages/airflow/example_dags/example_display_name.py took 0.080 seconds
[2025-07-16T07:39:12.962+0000] {processor.py:186} INFO - Started process (PID=748) to work on /home/airflow/.local/lib/python3.12/site-packages/airflow/example_dags/example_display_name.py
[2025-07-16T07:39:12.963+0000] {processor.py:914} INFO - Processing file /home/airflow/.local/lib/python3.12/site-packages/airflow/example_dags/example_display_name.py for tasks to queue
[2025-07-16T07:39:12.966+0000] {logging_mixin.py:190} INFO - [2025-07-16T07:39:12.965+0000] {dagbag.py:587} INFO - Filling up the DagBag from /home/airflow/.local/lib/python3.12/site-packages/airflow/example_dags/example_display_name.py
[2025-07-16T07:39:12.976+0000] {processor.py:925} INFO - DAG(s) 'example_display_name' retrieved from /home/airflow/.local/lib/python3.12/site-packages/airflow/example_dags/example_display_name.py
[2025-07-16T07:39:12.999+0000] {logging_mixin.py:190} INFO - [2025-07-16T07:39:12.999+0000] {dag.py:3229} INFO - Sync 1 DAGs
[2025-07-16T07:39:13.017+0000] {logging_mixin.py:190} INFO - [2025-07-16T07:39:13.017+0000] {dag.py:4156} INFO - Setting next_dagrun for example_display_name to None, run_after=None
[2025-07-16T07:39:13.043+0000] {processor.py:208} INFO - Processing /home/airflow/.local/lib/python3.12/site-packages/airflow/example_dags/example_display_name.py took 0.088 seconds
[2025-07-16T07:39:43.433+0000] {processor.py:186} INFO - Started process (PID=805) to work on /home/airflow/.local/lib/python3.12/site-packages/airflow/example_dags/example_display_name.py
[2025-07-16T07:39:43.434+0000] {processor.py:914} INFO - Processing file /home/airflow/.local/lib/python3.12/site-packages/airflow/example_dags/example_display_name.py for tasks to queue
[2025-07-16T07:39:43.436+0000] {logging_mixin.py:190} INFO - [2025-07-16T07:39:43.436+0000] {dagbag.py:587} INFO - Filling up the DagBag from /home/airflow/.local/lib/python3.12/site-packages/airflow/example_dags/example_display_name.py
[2025-07-16T07:39:43.445+0000] {processor.py:925} INFO - DAG(s) 'example_display_name' retrieved from /home/airflow/.local/lib/python3.12/site-packages/airflow/example_dags/example_display_name.py
[2025-07-16T07:39:43.465+0000] {logging_mixin.py:190} INFO - [2025-07-16T07:39:43.464+0000] {dag.py:3229} INFO - Sync 1 DAGs
[2025-07-16T07:39:43.480+0000] {logging_mixin.py:190} INFO - [2025-07-16T07:39:43.480+0000] {dag.py:4156} INFO - Setting next_dagrun for example_display_name to None, run_after=None
[2025-07-16T07:39:43.502+0000] {processor.py:208} INFO - Processing /home/airflow/.local/lib/python3.12/site-packages/airflow/example_dags/example_display_name.py took 0.076 seconds
[2025-07-16T07:40:13.971+0000] {processor.py:186} INFO - Started process (PID=862) to work on /home/airflow/.local/lib/python3.12/site-packages/airflow/example_dags/example_display_name.py
[2025-07-16T07:40:13.973+0000] {processor.py:914} INFO - Processing file /home/airflow/.local/lib/python3.12/site-packages/airflow/example_dags/example_display_name.py for tasks to queue
[2025-07-16T07:40:13.976+0000] {logging_mixin.py:190} INFO - [2025-07-16T07:40:13.975+0000] {dagbag.py:587} INFO - Filling up the DagBag from /home/airflow/.local/lib/python3.12/site-packages/airflow/example_dags/example_display_name.py
[2025-07-16T07:40:13.984+0000] {processor.py:925} INFO - DAG(s) 'example_display_name' retrieved from /home/airflow/.local/lib/python3.12/site-packages/airflow/example_dags/example_display_name.py
[2025-07-16T07:40:14.005+0000] {logging_mixin.py:190} INFO - [2025-07-16T07:40:14.005+0000] {dag.py:3229} INFO - Sync 1 DAGs
[2025-07-16T07:40:14.020+0000] {logging_mixin.py:190} INFO - [2025-07-16T07:40:14.019+0000] {dag.py:4156} INFO - Setting next_dagrun for example_display_name to None, run_after=None
[2025-07-16T07:40:14.043+0000] {processor.py:208} INFO - Processing /home/airflow/.local/lib/python3.12/site-packages/airflow/example_dags/example_display_name.py took 0.078 seconds
[2025-07-16T07:40:45.055+0000] {processor.py:186} INFO - Started process (PID=919) to work on /home/airflow/.local/lib/python3.12/site-packages/airflow/example_dags/example_display_name.py
[2025-07-16T07:40:45.056+0000] {processor.py:914} INFO - Processing file /home/airflow/.local/lib/python3.12/site-packages/airflow/example_dags/example_display_name.py for tasks to queue
[2025-07-16T07:40:45.059+0000] {logging_mixin.py:190} INFO - [2025-07-16T07:40:45.058+0000] {dagbag.py:587} INFO - Filling up the DagBag from /home/airflow/.local/lib/python3.12/site-packages/airflow/example_dags/example_display_name.py
[2025-07-16T07:40:45.067+0000] {processor.py:925} INFO - DAG(s) 'example_display_name' retrieved from /home/airflow/.local/lib/python3.12/site-packages/airflow/example_dags/example_display_name.py
[2025-07-16T07:40:45.087+0000] {logging_mixin.py:190} INFO - [2025-07-16T07:40:45.087+0000] {dag.py:3229} INFO - Sync 1 DAGs
[2025-07-16T07:40:45.103+0000] {logging_mixin.py:190} INFO - [2025-07-16T07:40:45.103+0000] {dag.py:4156} INFO - Setting next_dagrun for example_display_name to None, run_after=None
[2025-07-16T07:40:45.125+0000] {processor.py:208} INFO - Processing /home/airflow/.local/lib/python3.12/site-packages/airflow/example_dags/example_display_name.py took 0.076 seconds
