[2025-07-16T07:10:13.000+0000] {processor.py:186} INFO - Started process (PID=51) to work on /home/airflow/.local/lib/python3.12/site-packages/airflow/example_dags/example_latest_only_with_trigger.py
[2025-07-16T07:10:13.011+0000] {processor.py:914} INFO - Processing file /home/airflow/.local/lib/python3.12/site-packages/airflow/example_dags/example_latest_only_with_trigger.py for tasks to queue
[2025-07-16T07:10:13.058+0000] {logging_mixin.py:190} INFO - [2025-07-16T07:10:13.054+0000] {dagbag.py:587} INFO - Filling up the DagBag from /home/airflow/.local/lib/python3.12/site-packages/airflow/example_dags/example_latest_only_with_trigger.py
[2025-07-16T07:10:13.124+0000] {processor.py:925} INFO - DAG(s) 'latest_only_with_trigger' retrieved from /home/airflow/.local/lib/python3.12/site-packages/airflow/example_dags/example_latest_only_with_trigger.py
[2025-07-16T07:10:13.242+0000] {logging_mixin.py:190} INFO - [2025-07-16T07:10:13.242+0000] {dag.py:3229} INFO - Sync 1 DAGs
[2025-07-16T07:10:13.344+0000] {logging_mixin.py:190} INFO - [2025-07-16T07:10:13.344+0000] {dag.py:4156} INFO - Setting next_dagrun for latest_only_with_trigger to 2025-07-16 00:00:00+00:00, run_after=2025-07-16 04:00:00+00:00
[2025-07-16T07:10:13.420+0000] {processor.py:208} INFO - Processing /home/airflow/.local/lib/python3.12/site-packages/airflow/example_dags/example_latest_only_with_trigger.py took 0.476 seconds
[2025-07-16T07:10:43.825+0000] {processor.py:186} INFO - Started process (PID=108) to work on /home/airflow/.local/lib/python3.12/site-packages/airflow/example_dags/example_latest_only_with_trigger.py
[2025-07-16T07:10:43.828+0000] {processor.py:914} INFO - Processing file /home/airflow/.local/lib/python3.12/site-packages/airflow/example_dags/example_latest_only_with_trigger.py for tasks to queue
[2025-07-16T07:10:43.830+0000] {logging_mixin.py:190} INFO - [2025-07-16T07:10:43.830+0000] {dagbag.py:587} INFO - Filling up the DagBag from /home/airflow/.local/lib/python3.12/site-packages/airflow/example_dags/example_latest_only_with_trigger.py
[2025-07-16T07:10:43.838+0000] {processor.py:925} INFO - DAG(s) 'latest_only_with_trigger' retrieved from /home/airflow/.local/lib/python3.12/site-packages/airflow/example_dags/example_latest_only_with_trigger.py
[2025-07-16T07:10:43.861+0000] {logging_mixin.py:190} INFO - [2025-07-16T07:10:43.861+0000] {dag.py:3229} INFO - Sync 1 DAGs
[2025-07-16T07:10:43.884+0000] {logging_mixin.py:190} INFO - [2025-07-16T07:10:43.884+0000] {dag.py:4156} INFO - Setting next_dagrun for latest_only_with_trigger to 2025-07-16 00:00:00+00:00, run_after=2025-07-16 04:00:00+00:00
[2025-07-16T07:10:43.904+0000] {processor.py:208} INFO - Processing /home/airflow/.local/lib/python3.12/site-packages/airflow/example_dags/example_latest_only_with_trigger.py took 0.086 seconds
[2025-07-16T07:11:14.021+0000] {processor.py:186} INFO - Started process (PID=165) to work on /home/airflow/.local/lib/python3.12/site-packages/airflow/example_dags/example_latest_only_with_trigger.py
[2025-07-16T07:11:14.022+0000] {processor.py:914} INFO - Processing file /home/airflow/.local/lib/python3.12/site-packages/airflow/example_dags/example_latest_only_with_trigger.py for tasks to queue
[2025-07-16T07:11:14.025+0000] {logging_mixin.py:190} INFO - [2025-07-16T07:11:14.024+0000] {dagbag.py:587} INFO - Filling up the DagBag from /home/airflow/.local/lib/python3.12/site-packages/airflow/example_dags/example_latest_only_with_trigger.py
[2025-07-16T07:11:14.036+0000] {processor.py:925} INFO - DAG(s) 'latest_only_with_trigger' retrieved from /home/airflow/.local/lib/python3.12/site-packages/airflow/example_dags/example_latest_only_with_trigger.py
[2025-07-16T07:11:14.060+0000] {logging_mixin.py:190} INFO - [2025-07-16T07:11:14.059+0000] {dag.py:3229} INFO - Sync 1 DAGs
[2025-07-16T07:11:14.086+0000] {logging_mixin.py:190} INFO - [2025-07-16T07:11:14.085+0000] {dag.py:4156} INFO - Setting next_dagrun for latest_only_with_trigger to 2025-07-16 00:00:00+00:00, run_after=2025-07-16 04:00:00+00:00
[2025-07-16T07:11:14.110+0000] {processor.py:208} INFO - Processing /home/airflow/.local/lib/python3.12/site-packages/airflow/example_dags/example_latest_only_with_trigger.py took 0.096 seconds
[2025-07-16T07:11:44.474+0000] {processor.py:186} INFO - Started process (PID=222) to work on /home/airflow/.local/lib/python3.12/site-packages/airflow/example_dags/example_latest_only_with_trigger.py
[2025-07-16T07:11:44.475+0000] {processor.py:914} INFO - Processing file /home/airflow/.local/lib/python3.12/site-packages/airflow/example_dags/example_latest_only_with_trigger.py for tasks to queue
[2025-07-16T07:11:44.478+0000] {logging_mixin.py:190} INFO - [2025-07-16T07:11:44.478+0000] {dagbag.py:587} INFO - Filling up the DagBag from /home/airflow/.local/lib/python3.12/site-packages/airflow/example_dags/example_latest_only_with_trigger.py
[2025-07-16T07:11:44.487+0000] {processor.py:925} INFO - DAG(s) 'latest_only_with_trigger' retrieved from /home/airflow/.local/lib/python3.12/site-packages/airflow/example_dags/example_latest_only_with_trigger.py
[2025-07-16T07:11:44.512+0000] {logging_mixin.py:190} INFO - [2025-07-16T07:11:44.512+0000] {dag.py:3229} INFO - Sync 1 DAGs
[2025-07-16T07:11:44.541+0000] {logging_mixin.py:190} INFO - [2025-07-16T07:11:44.541+0000] {dag.py:4156} INFO - Setting next_dagrun for latest_only_with_trigger to 2025-07-16 00:00:00+00:00, run_after=2025-07-16 04:00:00+00:00
[2025-07-16T07:11:44.570+0000] {processor.py:208} INFO - Processing /home/airflow/.local/lib/python3.12/site-packages/airflow/example_dags/example_latest_only_with_trigger.py took 0.103 seconds
[2025-07-16T07:12:15.053+0000] {processor.py:186} INFO - Started process (PID=279) to work on /home/airflow/.local/lib/python3.12/site-packages/airflow/example_dags/example_latest_only_with_trigger.py
[2025-07-16T07:12:15.055+0000] {processor.py:914} INFO - Processing file /home/airflow/.local/lib/python3.12/site-packages/airflow/example_dags/example_latest_only_with_trigger.py for tasks to queue
[2025-07-16T07:12:15.062+0000] {logging_mixin.py:190} INFO - [2025-07-16T07:12:15.061+0000] {dagbag.py:587} INFO - Filling up the DagBag from /home/airflow/.local/lib/python3.12/site-packages/airflow/example_dags/example_latest_only_with_trigger.py
[2025-07-16T07:12:15.073+0000] {processor.py:925} INFO - DAG(s) 'latest_only_with_trigger' retrieved from /home/airflow/.local/lib/python3.12/site-packages/airflow/example_dags/example_latest_only_with_trigger.py
[2025-07-16T07:12:15.099+0000] {logging_mixin.py:190} INFO - [2025-07-16T07:12:15.099+0000] {dag.py:3229} INFO - Sync 1 DAGs
[2025-07-16T07:12:15.125+0000] {logging_mixin.py:190} INFO - [2025-07-16T07:12:15.125+0000] {dag.py:4156} INFO - Setting next_dagrun for latest_only_with_trigger to 2025-07-16 00:00:00+00:00, run_after=2025-07-16 04:00:00+00:00
[2025-07-16T07:12:15.154+0000] {processor.py:208} INFO - Processing /home/airflow/.local/lib/python3.12/site-packages/airflow/example_dags/example_latest_only_with_trigger.py took 0.121 seconds
[2025-07-16T07:12:45.875+0000] {processor.py:186} INFO - Started process (PID=336) to work on /home/airflow/.local/lib/python3.12/site-packages/airflow/example_dags/example_latest_only_with_trigger.py
[2025-07-16T07:12:45.876+0000] {processor.py:914} INFO - Processing file /home/airflow/.local/lib/python3.12/site-packages/airflow/example_dags/example_latest_only_with_trigger.py for tasks to queue
[2025-07-16T07:12:45.880+0000] {logging_mixin.py:190} INFO - [2025-07-16T07:12:45.879+0000] {dagbag.py:587} INFO - Filling up the DagBag from /home/airflow/.local/lib/python3.12/site-packages/airflow/example_dags/example_latest_only_with_trigger.py
[2025-07-16T07:12:45.890+0000] {processor.py:925} INFO - DAG(s) 'latest_only_with_trigger' retrieved from /home/airflow/.local/lib/python3.12/site-packages/airflow/example_dags/example_latest_only_with_trigger.py
[2025-07-16T07:12:45.912+0000] {logging_mixin.py:190} INFO - [2025-07-16T07:12:45.912+0000] {dag.py:3229} INFO - Sync 1 DAGs
[2025-07-16T07:12:45.941+0000] {logging_mixin.py:190} INFO - [2025-07-16T07:12:45.940+0000] {dag.py:4156} INFO - Setting next_dagrun for latest_only_with_trigger to 2025-07-16 00:00:00+00:00, run_after=2025-07-16 04:00:00+00:00
[2025-07-16T07:12:45.967+0000] {processor.py:208} INFO - Processing /home/airflow/.local/lib/python3.12/site-packages/airflow/example_dags/example_latest_only_with_trigger.py took 0.101 seconds
[2025-07-16T07:13:16.159+0000] {processor.py:186} INFO - Started process (PID=393) to work on /home/airflow/.local/lib/python3.12/site-packages/airflow/example_dags/example_latest_only_with_trigger.py
[2025-07-16T07:13:16.160+0000] {processor.py:914} INFO - Processing file /home/airflow/.local/lib/python3.12/site-packages/airflow/example_dags/example_latest_only_with_trigger.py for tasks to queue
[2025-07-16T07:13:16.163+0000] {logging_mixin.py:190} INFO - [2025-07-16T07:13:16.163+0000] {dagbag.py:587} INFO - Filling up the DagBag from /home/airflow/.local/lib/python3.12/site-packages/airflow/example_dags/example_latest_only_with_trigger.py
[2025-07-16T07:13:16.172+0000] {processor.py:925} INFO - DAG(s) 'latest_only_with_trigger' retrieved from /home/airflow/.local/lib/python3.12/site-packages/airflow/example_dags/example_latest_only_with_trigger.py
[2025-07-16T07:13:16.198+0000] {logging_mixin.py:190} INFO - [2025-07-16T07:13:16.198+0000] {dag.py:3229} INFO - Sync 1 DAGs
[2025-07-16T07:13:16.225+0000] {logging_mixin.py:190} INFO - [2025-07-16T07:13:16.225+0000] {dag.py:4156} INFO - Setting next_dagrun for latest_only_with_trigger to 2025-07-16 00:00:00+00:00, run_after=2025-07-16 04:00:00+00:00
[2025-07-16T07:13:16.247+0000] {processor.py:208} INFO - Processing /home/airflow/.local/lib/python3.12/site-packages/airflow/example_dags/example_latest_only_with_trigger.py took 0.095 seconds
[2025-07-16T07:13:46.472+0000] {processor.py:186} INFO - Started process (PID=450) to work on /home/airflow/.local/lib/python3.12/site-packages/airflow/example_dags/example_latest_only_with_trigger.py
[2025-07-16T07:13:46.474+0000] {processor.py:914} INFO - Processing file /home/airflow/.local/lib/python3.12/site-packages/airflow/example_dags/example_latest_only_with_trigger.py for tasks to queue
[2025-07-16T07:13:46.476+0000] {logging_mixin.py:190} INFO - [2025-07-16T07:13:46.476+0000] {dagbag.py:587} INFO - Filling up the DagBag from /home/airflow/.local/lib/python3.12/site-packages/airflow/example_dags/example_latest_only_with_trigger.py
[2025-07-16T07:13:46.485+0000] {processor.py:925} INFO - DAG(s) 'latest_only_with_trigger' retrieved from /home/airflow/.local/lib/python3.12/site-packages/airflow/example_dags/example_latest_only_with_trigger.py
[2025-07-16T07:13:46.507+0000] {logging_mixin.py:190} INFO - [2025-07-16T07:13:46.507+0000] {dag.py:3229} INFO - Sync 1 DAGs
[2025-07-16T07:13:46.531+0000] {logging_mixin.py:190} INFO - [2025-07-16T07:13:46.531+0000] {dag.py:4156} INFO - Setting next_dagrun for latest_only_with_trigger to 2025-07-16 00:00:00+00:00, run_after=2025-07-16 04:00:00+00:00
[2025-07-16T07:13:46.556+0000] {processor.py:208} INFO - Processing /home/airflow/.local/lib/python3.12/site-packages/airflow/example_dags/example_latest_only_with_trigger.py took 0.090 seconds
[2025-07-16T07:14:16.738+0000] {processor.py:186} INFO - Started process (PID=507) to work on /home/airflow/.local/lib/python3.12/site-packages/airflow/example_dags/example_latest_only_with_trigger.py
[2025-07-16T07:14:16.739+0000] {processor.py:914} INFO - Processing file /home/airflow/.local/lib/python3.12/site-packages/airflow/example_dags/example_latest_only_with_trigger.py for tasks to queue
[2025-07-16T07:14:16.742+0000] {logging_mixin.py:190} INFO - [2025-07-16T07:14:16.742+0000] {dagbag.py:587} INFO - Filling up the DagBag from /home/airflow/.local/lib/python3.12/site-packages/airflow/example_dags/example_latest_only_with_trigger.py
[2025-07-16T07:14:16.750+0000] {processor.py:925} INFO - DAG(s) 'latest_only_with_trigger' retrieved from /home/airflow/.local/lib/python3.12/site-packages/airflow/example_dags/example_latest_only_with_trigger.py
[2025-07-16T07:14:16.772+0000] {logging_mixin.py:190} INFO - [2025-07-16T07:14:16.772+0000] {dag.py:3229} INFO - Sync 1 DAGs
[2025-07-16T07:14:16.799+0000] {logging_mixin.py:190} INFO - [2025-07-16T07:14:16.799+0000] {dag.py:4156} INFO - Setting next_dagrun for latest_only_with_trigger to 2025-07-16 00:00:00+00:00, run_after=2025-07-16 04:00:00+00:00
[2025-07-16T07:14:16.824+0000] {processor.py:208} INFO - Processing /home/airflow/.local/lib/python3.12/site-packages/airflow/example_dags/example_latest_only_with_trigger.py took 0.092 seconds
[2025-07-16T07:14:47.267+0000] {processor.py:186} INFO - Started process (PID=564) to work on /home/airflow/.local/lib/python3.12/site-packages/airflow/example_dags/example_latest_only_with_trigger.py
[2025-07-16T07:14:47.268+0000] {processor.py:914} INFO - Processing file /home/airflow/.local/lib/python3.12/site-packages/airflow/example_dags/example_latest_only_with_trigger.py for tasks to queue
[2025-07-16T07:14:47.270+0000] {logging_mixin.py:190} INFO - [2025-07-16T07:14:47.270+0000] {dagbag.py:587} INFO - Filling up the DagBag from /home/airflow/.local/lib/python3.12/site-packages/airflow/example_dags/example_latest_only_with_trigger.py
[2025-07-16T07:14:47.279+0000] {processor.py:925} INFO - DAG(s) 'latest_only_with_trigger' retrieved from /home/airflow/.local/lib/python3.12/site-packages/airflow/example_dags/example_latest_only_with_trigger.py
[2025-07-16T07:14:47.302+0000] {logging_mixin.py:190} INFO - [2025-07-16T07:14:47.302+0000] {dag.py:3229} INFO - Sync 1 DAGs
[2025-07-16T07:14:47.327+0000] {logging_mixin.py:190} INFO - [2025-07-16T07:14:47.326+0000] {dag.py:4156} INFO - Setting next_dagrun for latest_only_with_trigger to 2025-07-16 00:00:00+00:00, run_after=2025-07-16 04:00:00+00:00
[2025-07-16T07:14:47.350+0000] {processor.py:208} INFO - Processing /home/airflow/.local/lib/python3.12/site-packages/airflow/example_dags/example_latest_only_with_trigger.py took 0.090 seconds
[2025-07-16T07:15:18.180+0000] {processor.py:186} INFO - Started process (PID=621) to work on /home/airflow/.local/lib/python3.12/site-packages/airflow/example_dags/example_latest_only_with_trigger.py
[2025-07-16T07:15:18.181+0000] {processor.py:914} INFO - Processing file /home/airflow/.local/lib/python3.12/site-packages/airflow/example_dags/example_latest_only_with_trigger.py for tasks to queue
[2025-07-16T07:15:18.183+0000] {logging_mixin.py:190} INFO - [2025-07-16T07:15:18.183+0000] {dagbag.py:587} INFO - Filling up the DagBag from /home/airflow/.local/lib/python3.12/site-packages/airflow/example_dags/example_latest_only_with_trigger.py
[2025-07-16T07:15:18.191+0000] {processor.py:925} INFO - DAG(s) 'latest_only_with_trigger' retrieved from /home/airflow/.local/lib/python3.12/site-packages/airflow/example_dags/example_latest_only_with_trigger.py
[2025-07-16T07:15:18.212+0000] {logging_mixin.py:190} INFO - [2025-07-16T07:15:18.212+0000] {dag.py:3229} INFO - Sync 1 DAGs
[2025-07-16T07:15:18.237+0000] {logging_mixin.py:190} INFO - [2025-07-16T07:15:18.237+0000] {dag.py:4156} INFO - Setting next_dagrun for latest_only_with_trigger to 2025-07-16 00:00:00+00:00, run_after=2025-07-16 04:00:00+00:00
[2025-07-16T07:15:18.262+0000] {processor.py:208} INFO - Processing /home/airflow/.local/lib/python3.12/site-packages/airflow/example_dags/example_latest_only_with_trigger.py took 0.089 seconds
[2025-07-16T07:15:48.590+0000] {processor.py:186} INFO - Started process (PID=678) to work on /home/airflow/.local/lib/python3.12/site-packages/airflow/example_dags/example_latest_only_with_trigger.py
[2025-07-16T07:15:48.591+0000] {processor.py:914} INFO - Processing file /home/airflow/.local/lib/python3.12/site-packages/airflow/example_dags/example_latest_only_with_trigger.py for tasks to queue
[2025-07-16T07:15:48.594+0000] {logging_mixin.py:190} INFO - [2025-07-16T07:15:48.593+0000] {dagbag.py:587} INFO - Filling up the DagBag from /home/airflow/.local/lib/python3.12/site-packages/airflow/example_dags/example_latest_only_with_trigger.py
[2025-07-16T07:15:48.602+0000] {processor.py:925} INFO - DAG(s) 'latest_only_with_trigger' retrieved from /home/airflow/.local/lib/python3.12/site-packages/airflow/example_dags/example_latest_only_with_trigger.py
[2025-07-16T07:15:48.623+0000] {logging_mixin.py:190} INFO - [2025-07-16T07:15:48.623+0000] {dag.py:3229} INFO - Sync 1 DAGs
[2025-07-16T07:15:48.646+0000] {logging_mixin.py:190} INFO - [2025-07-16T07:15:48.646+0000] {dag.py:4156} INFO - Setting next_dagrun for latest_only_with_trigger to 2025-07-16 00:00:00+00:00, run_after=2025-07-16 04:00:00+00:00
[2025-07-16T07:15:48.669+0000] {processor.py:208} INFO - Processing /home/airflow/.local/lib/python3.12/site-packages/airflow/example_dags/example_latest_only_with_trigger.py took 0.085 seconds
[2025-07-16T07:16:19.269+0000] {processor.py:186} INFO - Started process (PID=735) to work on /home/airflow/.local/lib/python3.12/site-packages/airflow/example_dags/example_latest_only_with_trigger.py
[2025-07-16T07:16:19.271+0000] {processor.py:914} INFO - Processing file /home/airflow/.local/lib/python3.12/site-packages/airflow/example_dags/example_latest_only_with_trigger.py for tasks to queue
[2025-07-16T07:16:19.275+0000] {logging_mixin.py:190} INFO - [2025-07-16T07:16:19.274+0000] {dagbag.py:587} INFO - Filling up the DagBag from /home/airflow/.local/lib/python3.12/site-packages/airflow/example_dags/example_latest_only_with_trigger.py
[2025-07-16T07:16:19.286+0000] {processor.py:925} INFO - DAG(s) 'latest_only_with_trigger' retrieved from /home/airflow/.local/lib/python3.12/site-packages/airflow/example_dags/example_latest_only_with_trigger.py
[2025-07-16T07:16:19.329+0000] {logging_mixin.py:190} INFO - [2025-07-16T07:16:19.328+0000] {dag.py:3229} INFO - Sync 1 DAGs
[2025-07-16T07:16:19.377+0000] {logging_mixin.py:190} INFO - [2025-07-16T07:16:19.377+0000] {dag.py:4156} INFO - Setting next_dagrun for latest_only_with_trigger to 2025-07-16 00:00:00+00:00, run_after=2025-07-16 04:00:00+00:00
[2025-07-16T07:16:19.412+0000] {processor.py:208} INFO - Processing /home/airflow/.local/lib/python3.12/site-packages/airflow/example_dags/example_latest_only_with_trigger.py took 0.154 seconds
[2025-07-16T07:16:49.718+0000] {processor.py:186} INFO - Started process (PID=792) to work on /home/airflow/.local/lib/python3.12/site-packages/airflow/example_dags/example_latest_only_with_trigger.py
[2025-07-16T07:16:49.720+0000] {processor.py:914} INFO - Processing file /home/airflow/.local/lib/python3.12/site-packages/airflow/example_dags/example_latest_only_with_trigger.py for tasks to queue
[2025-07-16T07:16:49.722+0000] {logging_mixin.py:190} INFO - [2025-07-16T07:16:49.722+0000] {dagbag.py:587} INFO - Filling up the DagBag from /home/airflow/.local/lib/python3.12/site-packages/airflow/example_dags/example_latest_only_with_trigger.py
[2025-07-16T07:16:49.731+0000] {processor.py:925} INFO - DAG(s) 'latest_only_with_trigger' retrieved from /home/airflow/.local/lib/python3.12/site-packages/airflow/example_dags/example_latest_only_with_trigger.py
[2025-07-16T07:16:49.753+0000] {logging_mixin.py:190} INFO - [2025-07-16T07:16:49.753+0000] {dag.py:3229} INFO - Sync 1 DAGs
[2025-07-16T07:16:49.777+0000] {logging_mixin.py:190} INFO - [2025-07-16T07:16:49.777+0000] {dag.py:4156} INFO - Setting next_dagrun for latest_only_with_trigger to 2025-07-16 00:00:00+00:00, run_after=2025-07-16 04:00:00+00:00
[2025-07-16T07:16:49.802+0000] {processor.py:208} INFO - Processing /home/airflow/.local/lib/python3.12/site-packages/airflow/example_dags/example_latest_only_with_trigger.py took 0.091 seconds
[2025-07-16T07:17:20.486+0000] {processor.py:186} INFO - Started process (PID=849) to work on /home/airflow/.local/lib/python3.12/site-packages/airflow/example_dags/example_latest_only_with_trigger.py
[2025-07-16T07:17:20.487+0000] {processor.py:914} INFO - Processing file /home/airflow/.local/lib/python3.12/site-packages/airflow/example_dags/example_latest_only_with_trigger.py for tasks to queue
[2025-07-16T07:17:20.490+0000] {logging_mixin.py:190} INFO - [2025-07-16T07:17:20.490+0000] {dagbag.py:587} INFO - Filling up the DagBag from /home/airflow/.local/lib/python3.12/site-packages/airflow/example_dags/example_latest_only_with_trigger.py
[2025-07-16T07:17:20.499+0000] {processor.py:925} INFO - DAG(s) 'latest_only_with_trigger' retrieved from /home/airflow/.local/lib/python3.12/site-packages/airflow/example_dags/example_latest_only_with_trigger.py
[2025-07-16T07:17:20.523+0000] {logging_mixin.py:190} INFO - [2025-07-16T07:17:20.523+0000] {dag.py:3229} INFO - Sync 1 DAGs
[2025-07-16T07:17:20.548+0000] {logging_mixin.py:190} INFO - [2025-07-16T07:17:20.548+0000] {dag.py:4156} INFO - Setting next_dagrun for latest_only_with_trigger to 2025-07-16 00:00:00+00:00, run_after=2025-07-16 04:00:00+00:00
[2025-07-16T07:17:20.573+0000] {processor.py:208} INFO - Processing /home/airflow/.local/lib/python3.12/site-packages/airflow/example_dags/example_latest_only_with_trigger.py took 0.094 seconds
[2025-07-16T07:17:50.956+0000] {processor.py:186} INFO - Started process (PID=906) to work on /home/airflow/.local/lib/python3.12/site-packages/airflow/example_dags/example_latest_only_with_trigger.py
[2025-07-16T07:17:50.957+0000] {processor.py:914} INFO - Processing file /home/airflow/.local/lib/python3.12/site-packages/airflow/example_dags/example_latest_only_with_trigger.py for tasks to queue
[2025-07-16T07:17:50.959+0000] {logging_mixin.py:190} INFO - [2025-07-16T07:17:50.959+0000] {dagbag.py:587} INFO - Filling up the DagBag from /home/airflow/.local/lib/python3.12/site-packages/airflow/example_dags/example_latest_only_with_trigger.py
[2025-07-16T07:17:50.969+0000] {processor.py:925} INFO - DAG(s) 'latest_only_with_trigger' retrieved from /home/airflow/.local/lib/python3.12/site-packages/airflow/example_dags/example_latest_only_with_trigger.py
[2025-07-16T07:17:50.995+0000] {logging_mixin.py:190} INFO - [2025-07-16T07:17:50.995+0000] {dag.py:3229} INFO - Sync 1 DAGs
[2025-07-16T07:17:51.019+0000] {logging_mixin.py:190} INFO - [2025-07-16T07:17:51.018+0000] {dag.py:4156} INFO - Setting next_dagrun for latest_only_with_trigger to 2025-07-16 00:00:00+00:00, run_after=2025-07-16 04:00:00+00:00
[2025-07-16T07:17:51.041+0000] {processor.py:208} INFO - Processing /home/airflow/.local/lib/python3.12/site-packages/airflow/example_dags/example_latest_only_with_trigger.py took 0.092 seconds
[2025-07-16T07:18:21.735+0000] {processor.py:186} INFO - Started process (PID=963) to work on /home/airflow/.local/lib/python3.12/site-packages/airflow/example_dags/example_latest_only_with_trigger.py
[2025-07-16T07:18:21.736+0000] {processor.py:914} INFO - Processing file /home/airflow/.local/lib/python3.12/site-packages/airflow/example_dags/example_latest_only_with_trigger.py for tasks to queue
[2025-07-16T07:18:21.740+0000] {logging_mixin.py:190} INFO - [2025-07-16T07:18:21.740+0000] {dagbag.py:587} INFO - Filling up the DagBag from /home/airflow/.local/lib/python3.12/site-packages/airflow/example_dags/example_latest_only_with_trigger.py
[2025-07-16T07:18:21.755+0000] {processor.py:925} INFO - DAG(s) 'latest_only_with_trigger' retrieved from /home/airflow/.local/lib/python3.12/site-packages/airflow/example_dags/example_latest_only_with_trigger.py
[2025-07-16T07:18:21.794+0000] {logging_mixin.py:190} INFO - [2025-07-16T07:18:21.793+0000] {dag.py:3229} INFO - Sync 1 DAGs
[2025-07-16T07:18:21.848+0000] {logging_mixin.py:190} INFO - [2025-07-16T07:18:21.847+0000] {dag.py:4156} INFO - Setting next_dagrun for latest_only_with_trigger to 2025-07-16 00:00:00+00:00, run_after=2025-07-16 04:00:00+00:00
[2025-07-16T07:18:21.877+0000] {processor.py:208} INFO - Processing /home/airflow/.local/lib/python3.12/site-packages/airflow/example_dags/example_latest_only_with_trigger.py took 0.152 seconds
[2025-07-16T07:18:52.563+0000] {processor.py:186} INFO - Started process (PID=1020) to work on /home/airflow/.local/lib/python3.12/site-packages/airflow/example_dags/example_latest_only_with_trigger.py
[2025-07-16T07:18:52.564+0000] {processor.py:914} INFO - Processing file /home/airflow/.local/lib/python3.12/site-packages/airflow/example_dags/example_latest_only_with_trigger.py for tasks to queue
[2025-07-16T07:18:52.568+0000] {logging_mixin.py:190} INFO - [2025-07-16T07:18:52.567+0000] {dagbag.py:587} INFO - Filling up the DagBag from /home/airflow/.local/lib/python3.12/site-packages/airflow/example_dags/example_latest_only_with_trigger.py
[2025-07-16T07:18:52.576+0000] {processor.py:925} INFO - DAG(s) 'latest_only_with_trigger' retrieved from /home/airflow/.local/lib/python3.12/site-packages/airflow/example_dags/example_latest_only_with_trigger.py
[2025-07-16T07:18:52.598+0000] {logging_mixin.py:190} INFO - [2025-07-16T07:18:52.597+0000] {dag.py:3229} INFO - Sync 1 DAGs
[2025-07-16T07:18:52.620+0000] {logging_mixin.py:190} INFO - [2025-07-16T07:18:52.620+0000] {dag.py:4156} INFO - Setting next_dagrun for latest_only_with_trigger to 2025-07-16 00:00:00+00:00, run_after=2025-07-16 04:00:00+00:00
[2025-07-16T07:18:52.641+0000] {processor.py:208} INFO - Processing /home/airflow/.local/lib/python3.12/site-packages/airflow/example_dags/example_latest_only_with_trigger.py took 0.088 seconds
[2025-07-16T07:19:22.968+0000] {processor.py:186} INFO - Started process (PID=1077) to work on /home/airflow/.local/lib/python3.12/site-packages/airflow/example_dags/example_latest_only_with_trigger.py
[2025-07-16T07:19:22.970+0000] {processor.py:914} INFO - Processing file /home/airflow/.local/lib/python3.12/site-packages/airflow/example_dags/example_latest_only_with_trigger.py for tasks to queue
[2025-07-16T07:19:22.972+0000] {logging_mixin.py:190} INFO - [2025-07-16T07:19:22.972+0000] {dagbag.py:587} INFO - Filling up the DagBag from /home/airflow/.local/lib/python3.12/site-packages/airflow/example_dags/example_latest_only_with_trigger.py
[2025-07-16T07:19:22.981+0000] {processor.py:925} INFO - DAG(s) 'latest_only_with_trigger' retrieved from /home/airflow/.local/lib/python3.12/site-packages/airflow/example_dags/example_latest_only_with_trigger.py
[2025-07-16T07:19:23.005+0000] {logging_mixin.py:190} INFO - [2025-07-16T07:19:23.004+0000] {dag.py:3229} INFO - Sync 1 DAGs
[2025-07-16T07:19:23.029+0000] {logging_mixin.py:190} INFO - [2025-07-16T07:19:23.029+0000] {dag.py:4156} INFO - Setting next_dagrun for latest_only_with_trigger to 2025-07-16 00:00:00+00:00, run_after=2025-07-16 04:00:00+00:00
[2025-07-16T07:19:23.056+0000] {processor.py:208} INFO - Processing /home/airflow/.local/lib/python3.12/site-packages/airflow/example_dags/example_latest_only_with_trigger.py took 0.095 seconds
[2025-07-16T07:19:53.416+0000] {processor.py:186} INFO - Started process (PID=1134) to work on /home/airflow/.local/lib/python3.12/site-packages/airflow/example_dags/example_latest_only_with_trigger.py
[2025-07-16T07:19:53.417+0000] {processor.py:914} INFO - Processing file /home/airflow/.local/lib/python3.12/site-packages/airflow/example_dags/example_latest_only_with_trigger.py for tasks to queue
[2025-07-16T07:19:53.420+0000] {logging_mixin.py:190} INFO - [2025-07-16T07:19:53.420+0000] {dagbag.py:587} INFO - Filling up the DagBag from /home/airflow/.local/lib/python3.12/site-packages/airflow/example_dags/example_latest_only_with_trigger.py
[2025-07-16T07:19:53.428+0000] {processor.py:925} INFO - DAG(s) 'latest_only_with_trigger' retrieved from /home/airflow/.local/lib/python3.12/site-packages/airflow/example_dags/example_latest_only_with_trigger.py
[2025-07-16T07:19:53.448+0000] {logging_mixin.py:190} INFO - [2025-07-16T07:19:53.448+0000] {dag.py:3229} INFO - Sync 1 DAGs
[2025-07-16T07:19:53.471+0000] {logging_mixin.py:190} INFO - [2025-07-16T07:19:53.471+0000] {dag.py:4156} INFO - Setting next_dagrun for latest_only_with_trigger to 2025-07-16 00:00:00+00:00, run_after=2025-07-16 04:00:00+00:00
[2025-07-16T07:19:53.493+0000] {processor.py:208} INFO - Processing /home/airflow/.local/lib/python3.12/site-packages/airflow/example_dags/example_latest_only_with_trigger.py took 0.084 seconds
[2025-07-16T07:20:23.898+0000] {processor.py:186} INFO - Started process (PID=1191) to work on /home/airflow/.local/lib/python3.12/site-packages/airflow/example_dags/example_latest_only_with_trigger.py
[2025-07-16T07:20:23.899+0000] {processor.py:914} INFO - Processing file /home/airflow/.local/lib/python3.12/site-packages/airflow/example_dags/example_latest_only_with_trigger.py for tasks to queue
[2025-07-16T07:20:23.903+0000] {logging_mixin.py:190} INFO - [2025-07-16T07:20:23.902+0000] {dagbag.py:587} INFO - Filling up the DagBag from /home/airflow/.local/lib/python3.12/site-packages/airflow/example_dags/example_latest_only_with_trigger.py
[2025-07-16T07:20:23.913+0000] {processor.py:925} INFO - DAG(s) 'latest_only_with_trigger' retrieved from /home/airflow/.local/lib/python3.12/site-packages/airflow/example_dags/example_latest_only_with_trigger.py
[2025-07-16T07:20:23.942+0000] {logging_mixin.py:190} INFO - [2025-07-16T07:20:23.941+0000] {dag.py:3229} INFO - Sync 1 DAGs
[2025-07-16T07:20:23.972+0000] {logging_mixin.py:190} INFO - [2025-07-16T07:20:23.971+0000] {dag.py:4156} INFO - Setting next_dagrun for latest_only_with_trigger to 2025-07-16 00:00:00+00:00, run_after=2025-07-16 04:00:00+00:00
[2025-07-16T07:20:23.999+0000] {processor.py:208} INFO - Processing /home/airflow/.local/lib/python3.12/site-packages/airflow/example_dags/example_latest_only_with_trigger.py took 0.108 seconds
[2025-07-16T07:20:54.822+0000] {processor.py:186} INFO - Started process (PID=1248) to work on /home/airflow/.local/lib/python3.12/site-packages/airflow/example_dags/example_latest_only_with_trigger.py
[2025-07-16T07:20:54.824+0000] {processor.py:914} INFO - Processing file /home/airflow/.local/lib/python3.12/site-packages/airflow/example_dags/example_latest_only_with_trigger.py for tasks to queue
[2025-07-16T07:20:54.828+0000] {logging_mixin.py:190} INFO - [2025-07-16T07:20:54.827+0000] {dagbag.py:587} INFO - Filling up the DagBag from /home/airflow/.local/lib/python3.12/site-packages/airflow/example_dags/example_latest_only_with_trigger.py
[2025-07-16T07:20:54.836+0000] {processor.py:925} INFO - DAG(s) 'latest_only_with_trigger' retrieved from /home/airflow/.local/lib/python3.12/site-packages/airflow/example_dags/example_latest_only_with_trigger.py
[2025-07-16T07:20:54.858+0000] {logging_mixin.py:190} INFO - [2025-07-16T07:20:54.857+0000] {dag.py:3229} INFO - Sync 1 DAGs
[2025-07-16T07:20:54.881+0000] {logging_mixin.py:190} INFO - [2025-07-16T07:20:54.881+0000] {dag.py:4156} INFO - Setting next_dagrun for latest_only_with_trigger to 2025-07-16 00:00:00+00:00, run_after=2025-07-16 04:00:00+00:00
[2025-07-16T07:20:54.911+0000] {processor.py:208} INFO - Processing /home/airflow/.local/lib/python3.12/site-packages/airflow/example_dags/example_latest_only_with_trigger.py took 0.097 seconds
[2025-07-16T07:21:25.565+0000] {processor.py:186} INFO - Started process (PID=1305) to work on /home/airflow/.local/lib/python3.12/site-packages/airflow/example_dags/example_latest_only_with_trigger.py
[2025-07-16T07:21:25.568+0000] {processor.py:914} INFO - Processing file /home/airflow/.local/lib/python3.12/site-packages/airflow/example_dags/example_latest_only_with_trigger.py for tasks to queue
[2025-07-16T07:21:25.571+0000] {logging_mixin.py:190} INFO - [2025-07-16T07:21:25.570+0000] {dagbag.py:587} INFO - Filling up the DagBag from /home/airflow/.local/lib/python3.12/site-packages/airflow/example_dags/example_latest_only_with_trigger.py
[2025-07-16T07:21:25.585+0000] {processor.py:925} INFO - DAG(s) 'latest_only_with_trigger' retrieved from /home/airflow/.local/lib/python3.12/site-packages/airflow/example_dags/example_latest_only_with_trigger.py
[2025-07-16T07:21:25.619+0000] {logging_mixin.py:190} INFO - [2025-07-16T07:21:25.619+0000] {dag.py:3229} INFO - Sync 1 DAGs
[2025-07-16T07:21:25.663+0000] {logging_mixin.py:190} INFO - [2025-07-16T07:21:25.663+0000] {dag.py:4156} INFO - Setting next_dagrun for latest_only_with_trigger to 2025-07-16 00:00:00+00:00, run_after=2025-07-16 04:00:00+00:00
[2025-07-16T07:21:25.695+0000] {processor.py:208} INFO - Processing /home/airflow/.local/lib/python3.12/site-packages/airflow/example_dags/example_latest_only_with_trigger.py took 0.138 seconds
[2025-07-16T07:21:56.419+0000] {processor.py:186} INFO - Started process (PID=1362) to work on /home/airflow/.local/lib/python3.12/site-packages/airflow/example_dags/example_latest_only_with_trigger.py
[2025-07-16T07:21:56.421+0000] {processor.py:914} INFO - Processing file /home/airflow/.local/lib/python3.12/site-packages/airflow/example_dags/example_latest_only_with_trigger.py for tasks to queue
[2025-07-16T07:21:56.425+0000] {logging_mixin.py:190} INFO - [2025-07-16T07:21:56.425+0000] {dagbag.py:587} INFO - Filling up the DagBag from /home/airflow/.local/lib/python3.12/site-packages/airflow/example_dags/example_latest_only_with_trigger.py
[2025-07-16T07:21:56.435+0000] {processor.py:925} INFO - DAG(s) 'latest_only_with_trigger' retrieved from /home/airflow/.local/lib/python3.12/site-packages/airflow/example_dags/example_latest_only_with_trigger.py
[2025-07-16T07:21:56.456+0000] {logging_mixin.py:190} INFO - [2025-07-16T07:21:56.455+0000] {dag.py:3229} INFO - Sync 1 DAGs
[2025-07-16T07:21:56.484+0000] {logging_mixin.py:190} INFO - [2025-07-16T07:21:56.484+0000] {dag.py:4156} INFO - Setting next_dagrun for latest_only_with_trigger to 2025-07-16 00:00:00+00:00, run_after=2025-07-16 04:00:00+00:00
[2025-07-16T07:21:56.506+0000] {processor.py:208} INFO - Processing /home/airflow/.local/lib/python3.12/site-packages/airflow/example_dags/example_latest_only_with_trigger.py took 0.094 seconds
[2025-07-16T07:22:26.957+0000] {processor.py:186} INFO - Started process (PID=1419) to work on /home/airflow/.local/lib/python3.12/site-packages/airflow/example_dags/example_latest_only_with_trigger.py
[2025-07-16T07:22:26.958+0000] {processor.py:914} INFO - Processing file /home/airflow/.local/lib/python3.12/site-packages/airflow/example_dags/example_latest_only_with_trigger.py for tasks to queue
[2025-07-16T07:22:26.962+0000] {logging_mixin.py:190} INFO - [2025-07-16T07:22:26.961+0000] {dagbag.py:587} INFO - Filling up the DagBag from /home/airflow/.local/lib/python3.12/site-packages/airflow/example_dags/example_latest_only_with_trigger.py
[2025-07-16T07:22:26.970+0000] {processor.py:925} INFO - DAG(s) 'latest_only_with_trigger' retrieved from /home/airflow/.local/lib/python3.12/site-packages/airflow/example_dags/example_latest_only_with_trigger.py
[2025-07-16T07:22:26.999+0000] {logging_mixin.py:190} INFO - [2025-07-16T07:22:26.998+0000] {dag.py:3229} INFO - Sync 1 DAGs
[2025-07-16T07:22:27.029+0000] {logging_mixin.py:190} INFO - [2025-07-16T07:22:27.029+0000] {dag.py:4156} INFO - Setting next_dagrun for latest_only_with_trigger to 2025-07-16 00:00:00+00:00, run_after=2025-07-16 04:00:00+00:00
[2025-07-16T07:22:27.054+0000] {processor.py:208} INFO - Processing /home/airflow/.local/lib/python3.12/site-packages/airflow/example_dags/example_latest_only_with_trigger.py took 0.104 seconds
[2025-07-16T07:22:57.115+0000] {processor.py:186} INFO - Started process (PID=1476) to work on /home/airflow/.local/lib/python3.12/site-packages/airflow/example_dags/example_latest_only_with_trigger.py
[2025-07-16T07:22:57.116+0000] {processor.py:914} INFO - Processing file /home/airflow/.local/lib/python3.12/site-packages/airflow/example_dags/example_latest_only_with_trigger.py for tasks to queue
[2025-07-16T07:22:57.119+0000] {logging_mixin.py:190} INFO - [2025-07-16T07:22:57.119+0000] {dagbag.py:587} INFO - Filling up the DagBag from /home/airflow/.local/lib/python3.12/site-packages/airflow/example_dags/example_latest_only_with_trigger.py
[2025-07-16T07:22:57.128+0000] {processor.py:925} INFO - DAG(s) 'latest_only_with_trigger' retrieved from /home/airflow/.local/lib/python3.12/site-packages/airflow/example_dags/example_latest_only_with_trigger.py
[2025-07-16T07:22:57.149+0000] {logging_mixin.py:190} INFO - [2025-07-16T07:22:57.149+0000] {dag.py:3229} INFO - Sync 1 DAGs
[2025-07-16T07:22:57.173+0000] {logging_mixin.py:190} INFO - [2025-07-16T07:22:57.173+0000] {dag.py:4156} INFO - Setting next_dagrun for latest_only_with_trigger to 2025-07-16 00:00:00+00:00, run_after=2025-07-16 04:00:00+00:00
[2025-07-16T07:22:57.199+0000] {processor.py:208} INFO - Processing /home/airflow/.local/lib/python3.12/site-packages/airflow/example_dags/example_latest_only_with_trigger.py took 0.091 seconds
[2025-07-16T07:23:27.989+0000] {processor.py:186} INFO - Started process (PID=1533) to work on /home/airflow/.local/lib/python3.12/site-packages/airflow/example_dags/example_latest_only_with_trigger.py
[2025-07-16T07:23:27.991+0000] {processor.py:914} INFO - Processing file /home/airflow/.local/lib/python3.12/site-packages/airflow/example_dags/example_latest_only_with_trigger.py for tasks to queue
[2025-07-16T07:23:27.994+0000] {logging_mixin.py:190} INFO - [2025-07-16T07:23:27.993+0000] {dagbag.py:587} INFO - Filling up the DagBag from /home/airflow/.local/lib/python3.12/site-packages/airflow/example_dags/example_latest_only_with_trigger.py
[2025-07-16T07:23:28.002+0000] {processor.py:925} INFO - DAG(s) 'latest_only_with_trigger' retrieved from /home/airflow/.local/lib/python3.12/site-packages/airflow/example_dags/example_latest_only_with_trigger.py
[2025-07-16T07:23:28.024+0000] {logging_mixin.py:190} INFO - [2025-07-16T07:23:28.024+0000] {dag.py:3229} INFO - Sync 1 DAGs
[2025-07-16T07:23:28.048+0000] {logging_mixin.py:190} INFO - [2025-07-16T07:23:28.047+0000] {dag.py:4156} INFO - Setting next_dagrun for latest_only_with_trigger to 2025-07-16 00:00:00+00:00, run_after=2025-07-16 04:00:00+00:00
[2025-07-16T07:23:28.078+0000] {processor.py:208} INFO - Processing /home/airflow/.local/lib/python3.12/site-packages/airflow/example_dags/example_latest_only_with_trigger.py took 0.096 seconds
[2025-07-16T07:23:58.456+0000] {processor.py:186} INFO - Started process (PID=1590) to work on /home/airflow/.local/lib/python3.12/site-packages/airflow/example_dags/example_latest_only_with_trigger.py
[2025-07-16T07:23:58.458+0000] {processor.py:914} INFO - Processing file /home/airflow/.local/lib/python3.12/site-packages/airflow/example_dags/example_latest_only_with_trigger.py for tasks to queue
[2025-07-16T07:23:58.461+0000] {logging_mixin.py:190} INFO - [2025-07-16T07:23:58.461+0000] {dagbag.py:587} INFO - Filling up the DagBag from /home/airflow/.local/lib/python3.12/site-packages/airflow/example_dags/example_latest_only_with_trigger.py
[2025-07-16T07:23:58.473+0000] {processor.py:925} INFO - DAG(s) 'latest_only_with_trigger' retrieved from /home/airflow/.local/lib/python3.12/site-packages/airflow/example_dags/example_latest_only_with_trigger.py
[2025-07-16T07:23:58.496+0000] {logging_mixin.py:190} INFO - [2025-07-16T07:23:58.495+0000] {dag.py:3229} INFO - Sync 1 DAGs
[2025-07-16T07:23:58.527+0000] {logging_mixin.py:190} INFO - [2025-07-16T07:23:58.527+0000] {dag.py:4156} INFO - Setting next_dagrun for latest_only_with_trigger to 2025-07-16 00:00:00+00:00, run_after=2025-07-16 04:00:00+00:00
[2025-07-16T07:23:58.549+0000] {processor.py:208} INFO - Processing /home/airflow/.local/lib/python3.12/site-packages/airflow/example_dags/example_latest_only_with_trigger.py took 0.101 seconds
[2025-07-16T07:24:28.967+0000] {processor.py:186} INFO - Started process (PID=1647) to work on /home/airflow/.local/lib/python3.12/site-packages/airflow/example_dags/example_latest_only_with_trigger.py
[2025-07-16T07:24:28.968+0000] {processor.py:914} INFO - Processing file /home/airflow/.local/lib/python3.12/site-packages/airflow/example_dags/example_latest_only_with_trigger.py for tasks to queue
[2025-07-16T07:24:28.971+0000] {logging_mixin.py:190} INFO - [2025-07-16T07:24:28.971+0000] {dagbag.py:587} INFO - Filling up the DagBag from /home/airflow/.local/lib/python3.12/site-packages/airflow/example_dags/example_latest_only_with_trigger.py
[2025-07-16T07:24:28.979+0000] {processor.py:925} INFO - DAG(s) 'latest_only_with_trigger' retrieved from /home/airflow/.local/lib/python3.12/site-packages/airflow/example_dags/example_latest_only_with_trigger.py
[2025-07-16T07:24:29.001+0000] {logging_mixin.py:190} INFO - [2025-07-16T07:24:29.001+0000] {dag.py:3229} INFO - Sync 1 DAGs
[2025-07-16T07:24:29.026+0000] {logging_mixin.py:190} INFO - [2025-07-16T07:24:29.025+0000] {dag.py:4156} INFO - Setting next_dagrun for latest_only_with_trigger to 2025-07-16 00:00:00+00:00, run_after=2025-07-16 04:00:00+00:00
[2025-07-16T07:24:29.051+0000] {processor.py:208} INFO - Processing /home/airflow/.local/lib/python3.12/site-packages/airflow/example_dags/example_latest_only_with_trigger.py took 0.090 seconds
[2025-07-16T07:24:59.680+0000] {processor.py:186} INFO - Started process (PID=1704) to work on /home/airflow/.local/lib/python3.12/site-packages/airflow/example_dags/example_latest_only_with_trigger.py
[2025-07-16T07:24:59.681+0000] {processor.py:914} INFO - Processing file /home/airflow/.local/lib/python3.12/site-packages/airflow/example_dags/example_latest_only_with_trigger.py for tasks to queue
[2025-07-16T07:24:59.684+0000] {logging_mixin.py:190} INFO - [2025-07-16T07:24:59.683+0000] {dagbag.py:587} INFO - Filling up the DagBag from /home/airflow/.local/lib/python3.12/site-packages/airflow/example_dags/example_latest_only_with_trigger.py
[2025-07-16T07:24:59.692+0000] {processor.py:925} INFO - DAG(s) 'latest_only_with_trigger' retrieved from /home/airflow/.local/lib/python3.12/site-packages/airflow/example_dags/example_latest_only_with_trigger.py
[2025-07-16T07:24:59.714+0000] {logging_mixin.py:190} INFO - [2025-07-16T07:24:59.714+0000] {dag.py:3229} INFO - Sync 1 DAGs
[2025-07-16T07:24:59.739+0000] {logging_mixin.py:190} INFO - [2025-07-16T07:24:59.738+0000] {dag.py:4156} INFO - Setting next_dagrun for latest_only_with_trigger to 2025-07-16 00:00:00+00:00, run_after=2025-07-16 04:00:00+00:00
[2025-07-16T07:24:59.762+0000] {processor.py:208} INFO - Processing /home/airflow/.local/lib/python3.12/site-packages/airflow/example_dags/example_latest_only_with_trigger.py took 0.089 seconds
[2025-07-16T07:25:30.796+0000] {processor.py:186} INFO - Started process (PID=1761) to work on /home/airflow/.local/lib/python3.12/site-packages/airflow/example_dags/example_latest_only_with_trigger.py
[2025-07-16T07:25:30.797+0000] {processor.py:914} INFO - Processing file /home/airflow/.local/lib/python3.12/site-packages/airflow/example_dags/example_latest_only_with_trigger.py for tasks to queue
[2025-07-16T07:25:30.799+0000] {logging_mixin.py:190} INFO - [2025-07-16T07:25:30.799+0000] {dagbag.py:587} INFO - Filling up the DagBag from /home/airflow/.local/lib/python3.12/site-packages/airflow/example_dags/example_latest_only_with_trigger.py
[2025-07-16T07:25:30.807+0000] {processor.py:925} INFO - DAG(s) 'latest_only_with_trigger' retrieved from /home/airflow/.local/lib/python3.12/site-packages/airflow/example_dags/example_latest_only_with_trigger.py
[2025-07-16T07:25:30.831+0000] {logging_mixin.py:190} INFO - [2025-07-16T07:25:30.831+0000] {dag.py:3229} INFO - Sync 1 DAGs
[2025-07-16T07:25:30.858+0000] {logging_mixin.py:190} INFO - [2025-07-16T07:25:30.858+0000] {dag.py:4156} INFO - Setting next_dagrun for latest_only_with_trigger to 2025-07-16 00:00:00+00:00, run_after=2025-07-16 04:00:00+00:00
[2025-07-16T07:25:30.881+0000] {processor.py:208} INFO - Processing /home/airflow/.local/lib/python3.12/site-packages/airflow/example_dags/example_latest_only_with_trigger.py took 0.092 seconds
[2025-07-16T07:26:01.438+0000] {processor.py:186} INFO - Started process (PID=1818) to work on /home/airflow/.local/lib/python3.12/site-packages/airflow/example_dags/example_latest_only_with_trigger.py
[2025-07-16T07:26:01.439+0000] {processor.py:914} INFO - Processing file /home/airflow/.local/lib/python3.12/site-packages/airflow/example_dags/example_latest_only_with_trigger.py for tasks to queue
[2025-07-16T07:26:01.442+0000] {logging_mixin.py:190} INFO - [2025-07-16T07:26:01.441+0000] {dagbag.py:587} INFO - Filling up the DagBag from /home/airflow/.local/lib/python3.12/site-packages/airflow/example_dags/example_latest_only_with_trigger.py
[2025-07-16T07:26:01.450+0000] {processor.py:925} INFO - DAG(s) 'latest_only_with_trigger' retrieved from /home/airflow/.local/lib/python3.12/site-packages/airflow/example_dags/example_latest_only_with_trigger.py
[2025-07-16T07:26:01.472+0000] {logging_mixin.py:190} INFO - [2025-07-16T07:26:01.471+0000] {dag.py:3229} INFO - Sync 1 DAGs
[2025-07-16T07:26:01.497+0000] {logging_mixin.py:190} INFO - [2025-07-16T07:26:01.497+0000] {dag.py:4156} INFO - Setting next_dagrun for latest_only_with_trigger to 2025-07-16 00:00:00+00:00, run_after=2025-07-16 04:00:00+00:00
[2025-07-16T07:26:01.527+0000] {processor.py:208} INFO - Processing /home/airflow/.local/lib/python3.12/site-packages/airflow/example_dags/example_latest_only_with_trigger.py took 0.095 seconds
[2025-07-16T07:26:31.917+0000] {processor.py:186} INFO - Started process (PID=1875) to work on /home/airflow/.local/lib/python3.12/site-packages/airflow/example_dags/example_latest_only_with_trigger.py
[2025-07-16T07:26:31.919+0000] {processor.py:914} INFO - Processing file /home/airflow/.local/lib/python3.12/site-packages/airflow/example_dags/example_latest_only_with_trigger.py for tasks to queue
[2025-07-16T07:26:31.921+0000] {logging_mixin.py:190} INFO - [2025-07-16T07:26:31.921+0000] {dagbag.py:587} INFO - Filling up the DagBag from /home/airflow/.local/lib/python3.12/site-packages/airflow/example_dags/example_latest_only_with_trigger.py
[2025-07-16T07:26:31.929+0000] {processor.py:925} INFO - DAG(s) 'latest_only_with_trigger' retrieved from /home/airflow/.local/lib/python3.12/site-packages/airflow/example_dags/example_latest_only_with_trigger.py
[2025-07-16T07:26:31.951+0000] {logging_mixin.py:190} INFO - [2025-07-16T07:26:31.951+0000] {dag.py:3229} INFO - Sync 1 DAGs
[2025-07-16T07:26:31.976+0000] {logging_mixin.py:190} INFO - [2025-07-16T07:26:31.976+0000] {dag.py:4156} INFO - Setting next_dagrun for latest_only_with_trigger to 2025-07-16 00:00:00+00:00, run_after=2025-07-16 04:00:00+00:00
[2025-07-16T07:26:32.003+0000] {processor.py:208} INFO - Processing /home/airflow/.local/lib/python3.12/site-packages/airflow/example_dags/example_latest_only_with_trigger.py took 0.092 seconds
[2025-07-16T07:27:02.805+0000] {processor.py:186} INFO - Started process (PID=1932) to work on /home/airflow/.local/lib/python3.12/site-packages/airflow/example_dags/example_latest_only_with_trigger.py
[2025-07-16T07:27:02.806+0000] {processor.py:914} INFO - Processing file /home/airflow/.local/lib/python3.12/site-packages/airflow/example_dags/example_latest_only_with_trigger.py for tasks to queue
[2025-07-16T07:27:02.809+0000] {logging_mixin.py:190} INFO - [2025-07-16T07:27:02.809+0000] {dagbag.py:587} INFO - Filling up the DagBag from /home/airflow/.local/lib/python3.12/site-packages/airflow/example_dags/example_latest_only_with_trigger.py
[2025-07-16T07:27:02.819+0000] {processor.py:925} INFO - DAG(s) 'latest_only_with_trigger' retrieved from /home/airflow/.local/lib/python3.12/site-packages/airflow/example_dags/example_latest_only_with_trigger.py
[2025-07-16T07:27:02.845+0000] {logging_mixin.py:190} INFO - [2025-07-16T07:27:02.844+0000] {dag.py:3229} INFO - Sync 1 DAGs
[2025-07-16T07:27:02.873+0000] {logging_mixin.py:190} INFO - [2025-07-16T07:27:02.873+0000] {dag.py:4156} INFO - Setting next_dagrun for latest_only_with_trigger to 2025-07-16 00:00:00+00:00, run_after=2025-07-16 04:00:00+00:00
[2025-07-16T07:27:02.902+0000] {processor.py:208} INFO - Processing /home/airflow/.local/lib/python3.12/site-packages/airflow/example_dags/example_latest_only_with_trigger.py took 0.104 seconds
[2025-07-16T07:27:33.866+0000] {processor.py:186} INFO - Started process (PID=1989) to work on /home/airflow/.local/lib/python3.12/site-packages/airflow/example_dags/example_latest_only_with_trigger.py
[2025-07-16T07:27:33.867+0000] {processor.py:914} INFO - Processing file /home/airflow/.local/lib/python3.12/site-packages/airflow/example_dags/example_latest_only_with_trigger.py for tasks to queue
[2025-07-16T07:27:33.870+0000] {logging_mixin.py:190} INFO - [2025-07-16T07:27:33.869+0000] {dagbag.py:587} INFO - Filling up the DagBag from /home/airflow/.local/lib/python3.12/site-packages/airflow/example_dags/example_latest_only_with_trigger.py
[2025-07-16T07:27:33.878+0000] {processor.py:925} INFO - DAG(s) 'latest_only_with_trigger' retrieved from /home/airflow/.local/lib/python3.12/site-packages/airflow/example_dags/example_latest_only_with_trigger.py
[2025-07-16T07:27:33.900+0000] {logging_mixin.py:190} INFO - [2025-07-16T07:27:33.899+0000] {dag.py:3229} INFO - Sync 1 DAGs
[2025-07-16T07:27:33.925+0000] {logging_mixin.py:190} INFO - [2025-07-16T07:27:33.925+0000] {dag.py:4156} INFO - Setting next_dagrun for latest_only_with_trigger to 2025-07-16 00:00:00+00:00, run_after=2025-07-16 04:00:00+00:00
[2025-07-16T07:27:33.949+0000] {processor.py:208} INFO - Processing /home/airflow/.local/lib/python3.12/site-packages/airflow/example_dags/example_latest_only_with_trigger.py took 0.090 seconds
[2025-07-16T07:28:05.383+0000] {processor.py:186} INFO - Started process (PID=2046) to work on /home/airflow/.local/lib/python3.12/site-packages/airflow/example_dags/example_latest_only_with_trigger.py
[2025-07-16T07:28:05.385+0000] {processor.py:914} INFO - Processing file /home/airflow/.local/lib/python3.12/site-packages/airflow/example_dags/example_latest_only_with_trigger.py for tasks to queue
[2025-07-16T07:28:05.388+0000] {logging_mixin.py:190} INFO - [2025-07-16T07:28:05.387+0000] {dagbag.py:587} INFO - Filling up the DagBag from /home/airflow/.local/lib/python3.12/site-packages/airflow/example_dags/example_latest_only_with_trigger.py
[2025-07-16T07:28:05.395+0000] {processor.py:925} INFO - DAG(s) 'latest_only_with_trigger' retrieved from /home/airflow/.local/lib/python3.12/site-packages/airflow/example_dags/example_latest_only_with_trigger.py
[2025-07-16T07:28:05.421+0000] {logging_mixin.py:190} INFO - [2025-07-16T07:28:05.421+0000] {dag.py:3229} INFO - Sync 1 DAGs
[2025-07-16T07:28:05.451+0000] {logging_mixin.py:190} INFO - [2025-07-16T07:28:05.450+0000] {dag.py:4156} INFO - Setting next_dagrun for latest_only_with_trigger to 2025-07-16 00:00:00+00:00, run_after=2025-07-16 04:00:00+00:00
[2025-07-16T07:28:05.480+0000] {processor.py:208} INFO - Processing /home/airflow/.local/lib/python3.12/site-packages/airflow/example_dags/example_latest_only_with_trigger.py took 0.103 seconds
[2025-07-16T07:28:36.891+0000] {processor.py:186} INFO - Started process (PID=2103) to work on /home/airflow/.local/lib/python3.12/site-packages/airflow/example_dags/example_latest_only_with_trigger.py
[2025-07-16T07:28:36.892+0000] {processor.py:914} INFO - Processing file /home/airflow/.local/lib/python3.12/site-packages/airflow/example_dags/example_latest_only_with_trigger.py for tasks to queue
[2025-07-16T07:28:36.895+0000] {logging_mixin.py:190} INFO - [2025-07-16T07:28:36.894+0000] {dagbag.py:587} INFO - Filling up the DagBag from /home/airflow/.local/lib/python3.12/site-packages/airflow/example_dags/example_latest_only_with_trigger.py
[2025-07-16T07:28:36.904+0000] {processor.py:925} INFO - DAG(s) 'latest_only_with_trigger' retrieved from /home/airflow/.local/lib/python3.12/site-packages/airflow/example_dags/example_latest_only_with_trigger.py
[2025-07-16T07:28:36.930+0000] {logging_mixin.py:190} INFO - [2025-07-16T07:28:36.930+0000] {dag.py:3229} INFO - Sync 1 DAGs
[2025-07-16T07:28:36.958+0000] {logging_mixin.py:190} INFO - [2025-07-16T07:28:36.958+0000] {dag.py:4156} INFO - Setting next_dagrun for latest_only_with_trigger to 2025-07-16 00:00:00+00:00, run_after=2025-07-16 04:00:00+00:00
[2025-07-16T07:28:36.985+0000] {processor.py:208} INFO - Processing /home/airflow/.local/lib/python3.12/site-packages/airflow/example_dags/example_latest_only_with_trigger.py took 0.101 seconds
[2025-07-16T07:29:07.862+0000] {processor.py:186} INFO - Started process (PID=2160) to work on /home/airflow/.local/lib/python3.12/site-packages/airflow/example_dags/example_latest_only_with_trigger.py
[2025-07-16T07:29:07.864+0000] {processor.py:914} INFO - Processing file /home/airflow/.local/lib/python3.12/site-packages/airflow/example_dags/example_latest_only_with_trigger.py for tasks to queue
[2025-07-16T07:29:07.867+0000] {logging_mixin.py:190} INFO - [2025-07-16T07:29:07.866+0000] {dagbag.py:587} INFO - Filling up the DagBag from /home/airflow/.local/lib/python3.12/site-packages/airflow/example_dags/example_latest_only_with_trigger.py
[2025-07-16T07:29:07.877+0000] {processor.py:925} INFO - DAG(s) 'latest_only_with_trigger' retrieved from /home/airflow/.local/lib/python3.12/site-packages/airflow/example_dags/example_latest_only_with_trigger.py
[2025-07-16T07:29:07.901+0000] {logging_mixin.py:190} INFO - [2025-07-16T07:29:07.901+0000] {dag.py:3229} INFO - Sync 1 DAGs
[2025-07-16T07:29:07.927+0000] {logging_mixin.py:190} INFO - [2025-07-16T07:29:07.927+0000] {dag.py:4156} INFO - Setting next_dagrun for latest_only_with_trigger to 2025-07-16 00:00:00+00:00, run_after=2025-07-16 04:00:00+00:00
[2025-07-16T07:29:07.949+0000] {processor.py:208} INFO - Processing /home/airflow/.local/lib/python3.12/site-packages/airflow/example_dags/example_latest_only_with_trigger.py took 0.094 seconds
[2025-07-16T07:29:38.224+0000] {processor.py:186} INFO - Started process (PID=2217) to work on /home/airflow/.local/lib/python3.12/site-packages/airflow/example_dags/example_latest_only_with_trigger.py
[2025-07-16T07:29:38.225+0000] {processor.py:914} INFO - Processing file /home/airflow/.local/lib/python3.12/site-packages/airflow/example_dags/example_latest_only_with_trigger.py for tasks to queue
[2025-07-16T07:29:38.228+0000] {logging_mixin.py:190} INFO - [2025-07-16T07:29:38.228+0000] {dagbag.py:587} INFO - Filling up the DagBag from /home/airflow/.local/lib/python3.12/site-packages/airflow/example_dags/example_latest_only_with_trigger.py
[2025-07-16T07:29:38.235+0000] {processor.py:925} INFO - DAG(s) 'latest_only_with_trigger' retrieved from /home/airflow/.local/lib/python3.12/site-packages/airflow/example_dags/example_latest_only_with_trigger.py
[2025-07-16T07:29:38.261+0000] {logging_mixin.py:190} INFO - [2025-07-16T07:29:38.260+0000] {dag.py:3229} INFO - Sync 1 DAGs
[2025-07-16T07:29:38.287+0000] {logging_mixin.py:190} INFO - [2025-07-16T07:29:38.287+0000] {dag.py:4156} INFO - Setting next_dagrun for latest_only_with_trigger to 2025-07-16 00:00:00+00:00, run_after=2025-07-16 04:00:00+00:00
[2025-07-16T07:29:38.315+0000] {processor.py:208} INFO - Processing /home/airflow/.local/lib/python3.12/site-packages/airflow/example_dags/example_latest_only_with_trigger.py took 0.098 seconds
[2025-07-16T07:30:08.744+0000] {processor.py:186} INFO - Started process (PID=2274) to work on /home/airflow/.local/lib/python3.12/site-packages/airflow/example_dags/example_latest_only_with_trigger.py
[2025-07-16T07:30:08.745+0000] {processor.py:914} INFO - Processing file /home/airflow/.local/lib/python3.12/site-packages/airflow/example_dags/example_latest_only_with_trigger.py for tasks to queue
[2025-07-16T07:30:08.748+0000] {logging_mixin.py:190} INFO - [2025-07-16T07:30:08.748+0000] {dagbag.py:587} INFO - Filling up the DagBag from /home/airflow/.local/lib/python3.12/site-packages/airflow/example_dags/example_latest_only_with_trigger.py
[2025-07-16T07:30:08.759+0000] {processor.py:925} INFO - DAG(s) 'latest_only_with_trigger' retrieved from /home/airflow/.local/lib/python3.12/site-packages/airflow/example_dags/example_latest_only_with_trigger.py
[2025-07-16T07:30:08.786+0000] {logging_mixin.py:190} INFO - [2025-07-16T07:30:08.786+0000] {dag.py:3229} INFO - Sync 1 DAGs
[2025-07-16T07:30:08.814+0000] {logging_mixin.py:190} INFO - [2025-07-16T07:30:08.814+0000] {dag.py:4156} INFO - Setting next_dagrun for latest_only_with_trigger to 2025-07-16 00:00:00+00:00, run_after=2025-07-16 04:00:00+00:00
[2025-07-16T07:30:08.842+0000] {processor.py:208} INFO - Processing /home/airflow/.local/lib/python3.12/site-packages/airflow/example_dags/example_latest_only_with_trigger.py took 0.107 seconds
[2025-07-16T07:30:40.103+0000] {processor.py:186} INFO - Started process (PID=2331) to work on /home/airflow/.local/lib/python3.12/site-packages/airflow/example_dags/example_latest_only_with_trigger.py
[2025-07-16T07:30:40.104+0000] {processor.py:914} INFO - Processing file /home/airflow/.local/lib/python3.12/site-packages/airflow/example_dags/example_latest_only_with_trigger.py for tasks to queue
[2025-07-16T07:30:40.107+0000] {logging_mixin.py:190} INFO - [2025-07-16T07:30:40.106+0000] {dagbag.py:587} INFO - Filling up the DagBag from /home/airflow/.local/lib/python3.12/site-packages/airflow/example_dags/example_latest_only_with_trigger.py
[2025-07-16T07:30:40.115+0000] {processor.py:925} INFO - DAG(s) 'latest_only_with_trigger' retrieved from /home/airflow/.local/lib/python3.12/site-packages/airflow/example_dags/example_latest_only_with_trigger.py
[2025-07-16T07:30:40.139+0000] {logging_mixin.py:190} INFO - [2025-07-16T07:30:40.138+0000] {dag.py:3229} INFO - Sync 1 DAGs
[2025-07-16T07:30:40.166+0000] {logging_mixin.py:190} INFO - [2025-07-16T07:30:40.166+0000] {dag.py:4156} INFO - Setting next_dagrun for latest_only_with_trigger to 2025-07-16 00:00:00+00:00, run_after=2025-07-16 04:00:00+00:00
[2025-07-16T07:30:40.195+0000] {processor.py:208} INFO - Processing /home/airflow/.local/lib/python3.12/site-packages/airflow/example_dags/example_latest_only_with_trigger.py took 0.099 seconds
[2025-07-16T07:31:10.923+0000] {processor.py:186} INFO - Started process (PID=2388) to work on /home/airflow/.local/lib/python3.12/site-packages/airflow/example_dags/example_latest_only_with_trigger.py
[2025-07-16T07:31:10.924+0000] {processor.py:914} INFO - Processing file /home/airflow/.local/lib/python3.12/site-packages/airflow/example_dags/example_latest_only_with_trigger.py for tasks to queue
[2025-07-16T07:31:10.927+0000] {logging_mixin.py:190} INFO - [2025-07-16T07:31:10.927+0000] {dagbag.py:587} INFO - Filling up the DagBag from /home/airflow/.local/lib/python3.12/site-packages/airflow/example_dags/example_latest_only_with_trigger.py
[2025-07-16T07:31:10.935+0000] {processor.py:925} INFO - DAG(s) 'latest_only_with_trigger' retrieved from /home/airflow/.local/lib/python3.12/site-packages/airflow/example_dags/example_latest_only_with_trigger.py
[2025-07-16T07:31:10.959+0000] {logging_mixin.py:190} INFO - [2025-07-16T07:31:10.958+0000] {dag.py:3229} INFO - Sync 1 DAGs
[2025-07-16T07:31:10.986+0000] {logging_mixin.py:190} INFO - [2025-07-16T07:31:10.986+0000] {dag.py:4156} INFO - Setting next_dagrun for latest_only_with_trigger to 2025-07-16 00:00:00+00:00, run_after=2025-07-16 04:00:00+00:00
[2025-07-16T07:31:11.009+0000] {processor.py:208} INFO - Processing /home/airflow/.local/lib/python3.12/site-packages/airflow/example_dags/example_latest_only_with_trigger.py took 0.092 seconds
[2025-07-16T07:31:42.324+0000] {processor.py:186} INFO - Started process (PID=2445) to work on /home/airflow/.local/lib/python3.12/site-packages/airflow/example_dags/example_latest_only_with_trigger.py
[2025-07-16T07:31:42.325+0000] {processor.py:914} INFO - Processing file /home/airflow/.local/lib/python3.12/site-packages/airflow/example_dags/example_latest_only_with_trigger.py for tasks to queue
[2025-07-16T07:31:42.327+0000] {logging_mixin.py:190} INFO - [2025-07-16T07:31:42.327+0000] {dagbag.py:587} INFO - Filling up the DagBag from /home/airflow/.local/lib/python3.12/site-packages/airflow/example_dags/example_latest_only_with_trigger.py
[2025-07-16T07:31:42.335+0000] {processor.py:925} INFO - DAG(s) 'latest_only_with_trigger' retrieved from /home/airflow/.local/lib/python3.12/site-packages/airflow/example_dags/example_latest_only_with_trigger.py
[2025-07-16T07:31:42.359+0000] {logging_mixin.py:190} INFO - [2025-07-16T07:31:42.359+0000] {dag.py:3229} INFO - Sync 1 DAGs
[2025-07-16T07:31:42.385+0000] {logging_mixin.py:190} INFO - [2025-07-16T07:31:42.385+0000] {dag.py:4156} INFO - Setting next_dagrun for latest_only_with_trigger to 2025-07-16 00:00:00+00:00, run_after=2025-07-16 04:00:00+00:00
[2025-07-16T07:31:42.409+0000] {processor.py:208} INFO - Processing /home/airflow/.local/lib/python3.12/site-packages/airflow/example_dags/example_latest_only_with_trigger.py took 0.092 seconds
[2025-07-16T07:33:01.831+0000] {processor.py:186} INFO - Started process (PID=52) to work on /home/airflow/.local/lib/python3.12/site-packages/airflow/example_dags/example_latest_only_with_trigger.py
[2025-07-16T07:33:01.832+0000] {processor.py:914} INFO - Processing file /home/airflow/.local/lib/python3.12/site-packages/airflow/example_dags/example_latest_only_with_trigger.py for tasks to queue
[2025-07-16T07:33:01.835+0000] {logging_mixin.py:190} INFO - [2025-07-16T07:33:01.834+0000] {dagbag.py:587} INFO - Filling up the DagBag from /home/airflow/.local/lib/python3.12/site-packages/airflow/example_dags/example_latest_only_with_trigger.py
[2025-07-16T07:33:01.846+0000] {processor.py:925} INFO - DAG(s) 'latest_only_with_trigger' retrieved from /home/airflow/.local/lib/python3.12/site-packages/airflow/example_dags/example_latest_only_with_trigger.py
[2025-07-16T07:33:01.870+0000] {logging_mixin.py:190} INFO - [2025-07-16T07:33:01.870+0000] {dag.py:3229} INFO - Sync 1 DAGs
[2025-07-16T07:33:01.918+0000] {logging_mixin.py:190} INFO - [2025-07-16T07:33:01.918+0000] {dag.py:4156} INFO - Setting next_dagrun for latest_only_with_trigger to 2025-07-16 00:00:00+00:00, run_after=2025-07-16 04:00:00+00:00
[2025-07-16T07:33:01.950+0000] {processor.py:208} INFO - Processing /home/airflow/.local/lib/python3.12/site-packages/airflow/example_dags/example_latest_only_with_trigger.py took 0.126 seconds
[2025-07-16T07:33:32.509+0000] {processor.py:186} INFO - Started process (PID=109) to work on /home/airflow/.local/lib/python3.12/site-packages/airflow/example_dags/example_latest_only_with_trigger.py
[2025-07-16T07:33:32.512+0000] {processor.py:914} INFO - Processing file /home/airflow/.local/lib/python3.12/site-packages/airflow/example_dags/example_latest_only_with_trigger.py for tasks to queue
[2025-07-16T07:33:32.515+0000] {logging_mixin.py:190} INFO - [2025-07-16T07:33:32.515+0000] {dagbag.py:587} INFO - Filling up the DagBag from /home/airflow/.local/lib/python3.12/site-packages/airflow/example_dags/example_latest_only_with_trigger.py
[2025-07-16T07:33:32.525+0000] {processor.py:925} INFO - DAG(s) 'latest_only_with_trigger' retrieved from /home/airflow/.local/lib/python3.12/site-packages/airflow/example_dags/example_latest_only_with_trigger.py
[2025-07-16T07:33:32.547+0000] {logging_mixin.py:190} INFO - [2025-07-16T07:33:32.547+0000] {dag.py:3229} INFO - Sync 1 DAGs
[2025-07-16T07:33:32.576+0000] {logging_mixin.py:190} INFO - [2025-07-16T07:33:32.576+0000] {dag.py:4156} INFO - Setting next_dagrun for latest_only_with_trigger to 2025-07-16 00:00:00+00:00, run_after=2025-07-16 04:00:00+00:00
[2025-07-16T07:33:32.599+0000] {processor.py:208} INFO - Processing /home/airflow/.local/lib/python3.12/site-packages/airflow/example_dags/example_latest_only_with_trigger.py took 0.096 seconds
[2025-07-16T07:34:03.597+0000] {processor.py:186} INFO - Started process (PID=166) to work on /home/airflow/.local/lib/python3.12/site-packages/airflow/example_dags/example_latest_only_with_trigger.py
[2025-07-16T07:34:03.600+0000] {processor.py:914} INFO - Processing file /home/airflow/.local/lib/python3.12/site-packages/airflow/example_dags/example_latest_only_with_trigger.py for tasks to queue
[2025-07-16T07:34:03.602+0000] {logging_mixin.py:190} INFO - [2025-07-16T07:34:03.602+0000] {dagbag.py:587} INFO - Filling up the DagBag from /home/airflow/.local/lib/python3.12/site-packages/airflow/example_dags/example_latest_only_with_trigger.py
[2025-07-16T07:34:03.610+0000] {processor.py:925} INFO - DAG(s) 'latest_only_with_trigger' retrieved from /home/airflow/.local/lib/python3.12/site-packages/airflow/example_dags/example_latest_only_with_trigger.py
[2025-07-16T07:34:03.635+0000] {logging_mixin.py:190} INFO - [2025-07-16T07:34:03.635+0000] {dag.py:3229} INFO - Sync 1 DAGs
[2025-07-16T07:34:03.661+0000] {logging_mixin.py:190} INFO - [2025-07-16T07:34:03.661+0000] {dag.py:4156} INFO - Setting next_dagrun for latest_only_with_trigger to 2025-07-16 00:00:00+00:00, run_after=2025-07-16 04:00:00+00:00
[2025-07-16T07:34:03.690+0000] {processor.py:208} INFO - Processing /home/airflow/.local/lib/python3.12/site-packages/airflow/example_dags/example_latest_only_with_trigger.py took 0.100 seconds
[2025-07-16T07:34:34.273+0000] {processor.py:186} INFO - Started process (PID=223) to work on /home/airflow/.local/lib/python3.12/site-packages/airflow/example_dags/example_latest_only_with_trigger.py
[2025-07-16T07:34:34.274+0000] {processor.py:914} INFO - Processing file /home/airflow/.local/lib/python3.12/site-packages/airflow/example_dags/example_latest_only_with_trigger.py for tasks to queue
[2025-07-16T07:34:34.277+0000] {logging_mixin.py:190} INFO - [2025-07-16T07:34:34.277+0000] {dagbag.py:587} INFO - Filling up the DagBag from /home/airflow/.local/lib/python3.12/site-packages/airflow/example_dags/example_latest_only_with_trigger.py
[2025-07-16T07:34:34.285+0000] {processor.py:925} INFO - DAG(s) 'latest_only_with_trigger' retrieved from /home/airflow/.local/lib/python3.12/site-packages/airflow/example_dags/example_latest_only_with_trigger.py
[2025-07-16T07:34:34.307+0000] {logging_mixin.py:190} INFO - [2025-07-16T07:34:34.307+0000] {dag.py:3229} INFO - Sync 1 DAGs
[2025-07-16T07:34:34.332+0000] {logging_mixin.py:190} INFO - [2025-07-16T07:34:34.332+0000] {dag.py:4156} INFO - Setting next_dagrun for latest_only_with_trigger to 2025-07-16 00:00:00+00:00, run_after=2025-07-16 04:00:00+00:00
[2025-07-16T07:34:34.353+0000] {processor.py:208} INFO - Processing /home/airflow/.local/lib/python3.12/site-packages/airflow/example_dags/example_latest_only_with_trigger.py took 0.087 seconds
[2025-07-16T07:35:05.322+0000] {processor.py:186} INFO - Started process (PID=280) to work on /home/airflow/.local/lib/python3.12/site-packages/airflow/example_dags/example_latest_only_with_trigger.py
[2025-07-16T07:35:05.323+0000] {processor.py:914} INFO - Processing file /home/airflow/.local/lib/python3.12/site-packages/airflow/example_dags/example_latest_only_with_trigger.py for tasks to queue
[2025-07-16T07:35:05.326+0000] {logging_mixin.py:190} INFO - [2025-07-16T07:35:05.326+0000] {dagbag.py:587} INFO - Filling up the DagBag from /home/airflow/.local/lib/python3.12/site-packages/airflow/example_dags/example_latest_only_with_trigger.py
[2025-07-16T07:35:05.335+0000] {processor.py:925} INFO - DAG(s) 'latest_only_with_trigger' retrieved from /home/airflow/.local/lib/python3.12/site-packages/airflow/example_dags/example_latest_only_with_trigger.py
[2025-07-16T07:35:05.360+0000] {logging_mixin.py:190} INFO - [2025-07-16T07:35:05.359+0000] {dag.py:3229} INFO - Sync 1 DAGs
[2025-07-16T07:35:05.386+0000] {logging_mixin.py:190} INFO - [2025-07-16T07:35:05.385+0000] {dag.py:4156} INFO - Setting next_dagrun for latest_only_with_trigger to 2025-07-16 00:00:00+00:00, run_after=2025-07-16 04:00:00+00:00
[2025-07-16T07:35:05.410+0000] {processor.py:208} INFO - Processing /home/airflow/.local/lib/python3.12/site-packages/airflow/example_dags/example_latest_only_with_trigger.py took 0.096 seconds
[2025-07-16T07:35:35.722+0000] {processor.py:186} INFO - Started process (PID=337) to work on /home/airflow/.local/lib/python3.12/site-packages/airflow/example_dags/example_latest_only_with_trigger.py
[2025-07-16T07:35:35.724+0000] {processor.py:914} INFO - Processing file /home/airflow/.local/lib/python3.12/site-packages/airflow/example_dags/example_latest_only_with_trigger.py for tasks to queue
[2025-07-16T07:35:35.727+0000] {logging_mixin.py:190} INFO - [2025-07-16T07:35:35.726+0000] {dagbag.py:587} INFO - Filling up the DagBag from /home/airflow/.local/lib/python3.12/site-packages/airflow/example_dags/example_latest_only_with_trigger.py
[2025-07-16T07:35:35.735+0000] {processor.py:925} INFO - DAG(s) 'latest_only_with_trigger' retrieved from /home/airflow/.local/lib/python3.12/site-packages/airflow/example_dags/example_latest_only_with_trigger.py
[2025-07-16T07:35:35.759+0000] {logging_mixin.py:190} INFO - [2025-07-16T07:35:35.758+0000] {dag.py:3229} INFO - Sync 1 DAGs
[2025-07-16T07:35:35.788+0000] {logging_mixin.py:190} INFO - [2025-07-16T07:35:35.788+0000] {dag.py:4156} INFO - Setting next_dagrun for latest_only_with_trigger to 2025-07-16 00:00:00+00:00, run_after=2025-07-16 04:00:00+00:00
[2025-07-16T07:35:35.813+0000] {processor.py:208} INFO - Processing /home/airflow/.local/lib/python3.12/site-packages/airflow/example_dags/example_latest_only_with_trigger.py took 0.098 seconds
[2025-07-16T07:36:06.003+0000] {processor.py:186} INFO - Started process (PID=394) to work on /home/airflow/.local/lib/python3.12/site-packages/airflow/example_dags/example_latest_only_with_trigger.py
[2025-07-16T07:36:06.005+0000] {processor.py:914} INFO - Processing file /home/airflow/.local/lib/python3.12/site-packages/airflow/example_dags/example_latest_only_with_trigger.py for tasks to queue
[2025-07-16T07:36:06.008+0000] {logging_mixin.py:190} INFO - [2025-07-16T07:36:06.007+0000] {dagbag.py:587} INFO - Filling up the DagBag from /home/airflow/.local/lib/python3.12/site-packages/airflow/example_dags/example_latest_only_with_trigger.py
[2025-07-16T07:36:06.018+0000] {processor.py:925} INFO - DAG(s) 'latest_only_with_trigger' retrieved from /home/airflow/.local/lib/python3.12/site-packages/airflow/example_dags/example_latest_only_with_trigger.py
[2025-07-16T07:36:06.046+0000] {logging_mixin.py:190} INFO - [2025-07-16T07:36:06.046+0000] {dag.py:3229} INFO - Sync 1 DAGs
[2025-07-16T07:36:06.073+0000] {logging_mixin.py:190} INFO - [2025-07-16T07:36:06.073+0000] {dag.py:4156} INFO - Setting next_dagrun for latest_only_with_trigger to 2025-07-16 00:00:00+00:00, run_after=2025-07-16 04:00:00+00:00
[2025-07-16T07:36:06.102+0000] {processor.py:208} INFO - Processing /home/airflow/.local/lib/python3.12/site-packages/airflow/example_dags/example_latest_only_with_trigger.py took 0.106 seconds
[2025-07-16T07:36:37.915+0000] {processor.py:186} INFO - Started process (PID=451) to work on /home/airflow/.local/lib/python3.12/site-packages/airflow/example_dags/example_latest_only_with_trigger.py
[2025-07-16T07:36:37.917+0000] {processor.py:914} INFO - Processing file /home/airflow/.local/lib/python3.12/site-packages/airflow/example_dags/example_latest_only_with_trigger.py for tasks to queue
[2025-07-16T07:36:37.920+0000] {logging_mixin.py:190} INFO - [2025-07-16T07:36:37.920+0000] {dagbag.py:587} INFO - Filling up the DagBag from /home/airflow/.local/lib/python3.12/site-packages/airflow/example_dags/example_latest_only_with_trigger.py
[2025-07-16T07:36:37.929+0000] {processor.py:925} INFO - DAG(s) 'latest_only_with_trigger' retrieved from /home/airflow/.local/lib/python3.12/site-packages/airflow/example_dags/example_latest_only_with_trigger.py
[2025-07-16T07:36:37.955+0000] {logging_mixin.py:190} INFO - [2025-07-16T07:36:37.955+0000] {dag.py:3229} INFO - Sync 1 DAGs
[2025-07-16T07:36:37.983+0000] {logging_mixin.py:190} INFO - [2025-07-16T07:36:37.983+0000] {dag.py:4156} INFO - Setting next_dagrun for latest_only_with_trigger to 2025-07-16 00:00:00+00:00, run_after=2025-07-16 04:00:00+00:00
[2025-07-16T07:36:38.017+0000] {processor.py:208} INFO - Processing /home/airflow/.local/lib/python3.12/site-packages/airflow/example_dags/example_latest_only_with_trigger.py took 0.108 seconds
[2025-07-16T07:37:08.403+0000] {processor.py:186} INFO - Started process (PID=508) to work on /home/airflow/.local/lib/python3.12/site-packages/airflow/example_dags/example_latest_only_with_trigger.py
[2025-07-16T07:37:08.404+0000] {processor.py:914} INFO - Processing file /home/airflow/.local/lib/python3.12/site-packages/airflow/example_dags/example_latest_only_with_trigger.py for tasks to queue
[2025-07-16T07:37:08.407+0000] {logging_mixin.py:190} INFO - [2025-07-16T07:37:08.407+0000] {dagbag.py:587} INFO - Filling up the DagBag from /home/airflow/.local/lib/python3.12/site-packages/airflow/example_dags/example_latest_only_with_trigger.py
[2025-07-16T07:37:08.414+0000] {processor.py:925} INFO - DAG(s) 'latest_only_with_trigger' retrieved from /home/airflow/.local/lib/python3.12/site-packages/airflow/example_dags/example_latest_only_with_trigger.py
[2025-07-16T07:37:08.434+0000] {logging_mixin.py:190} INFO - [2025-07-16T07:37:08.434+0000] {dag.py:3229} INFO - Sync 1 DAGs
[2025-07-16T07:37:08.456+0000] {logging_mixin.py:190} INFO - [2025-07-16T07:37:08.456+0000] {dag.py:4156} INFO - Setting next_dagrun for latest_only_with_trigger to 2025-07-16 00:00:00+00:00, run_after=2025-07-16 04:00:00+00:00
[2025-07-16T07:37:08.479+0000] {processor.py:208} INFO - Processing /home/airflow/.local/lib/python3.12/site-packages/airflow/example_dags/example_latest_only_with_trigger.py took 0.082 seconds
[2025-07-16T07:37:39.094+0000] {processor.py:186} INFO - Started process (PID=565) to work on /home/airflow/.local/lib/python3.12/site-packages/airflow/example_dags/example_latest_only_with_trigger.py
[2025-07-16T07:37:39.095+0000] {processor.py:914} INFO - Processing file /home/airflow/.local/lib/python3.12/site-packages/airflow/example_dags/example_latest_only_with_trigger.py for tasks to queue
[2025-07-16T07:37:39.098+0000] {logging_mixin.py:190} INFO - [2025-07-16T07:37:39.098+0000] {dagbag.py:587} INFO - Filling up the DagBag from /home/airflow/.local/lib/python3.12/site-packages/airflow/example_dags/example_latest_only_with_trigger.py
[2025-07-16T07:37:39.108+0000] {processor.py:925} INFO - DAG(s) 'latest_only_with_trigger' retrieved from /home/airflow/.local/lib/python3.12/site-packages/airflow/example_dags/example_latest_only_with_trigger.py
[2025-07-16T07:37:39.132+0000] {logging_mixin.py:190} INFO - [2025-07-16T07:37:39.132+0000] {dag.py:3229} INFO - Sync 1 DAGs
[2025-07-16T07:37:39.157+0000] {logging_mixin.py:190} INFO - [2025-07-16T07:37:39.157+0000] {dag.py:4156} INFO - Setting next_dagrun for latest_only_with_trigger to 2025-07-16 00:00:00+00:00, run_after=2025-07-16 04:00:00+00:00
[2025-07-16T07:37:39.187+0000] {processor.py:208} INFO - Processing /home/airflow/.local/lib/python3.12/site-packages/airflow/example_dags/example_latest_only_with_trigger.py took 0.103 seconds
[2025-07-16T07:38:09.410+0000] {processor.py:186} INFO - Started process (PID=622) to work on /home/airflow/.local/lib/python3.12/site-packages/airflow/example_dags/example_latest_only_with_trigger.py
[2025-07-16T07:38:09.411+0000] {processor.py:914} INFO - Processing file /home/airflow/.local/lib/python3.12/site-packages/airflow/example_dags/example_latest_only_with_trigger.py for tasks to queue
[2025-07-16T07:38:09.414+0000] {logging_mixin.py:190} INFO - [2025-07-16T07:38:09.414+0000] {dagbag.py:587} INFO - Filling up the DagBag from /home/airflow/.local/lib/python3.12/site-packages/airflow/example_dags/example_latest_only_with_trigger.py
[2025-07-16T07:38:09.421+0000] {processor.py:925} INFO - DAG(s) 'latest_only_with_trigger' retrieved from /home/airflow/.local/lib/python3.12/site-packages/airflow/example_dags/example_latest_only_with_trigger.py
[2025-07-16T07:38:09.444+0000] {logging_mixin.py:190} INFO - [2025-07-16T07:38:09.443+0000] {dag.py:3229} INFO - Sync 1 DAGs
[2025-07-16T07:38:09.466+0000] {logging_mixin.py:190} INFO - [2025-07-16T07:38:09.465+0000] {dag.py:4156} INFO - Setting next_dagrun for latest_only_with_trigger to 2025-07-16 00:00:00+00:00, run_after=2025-07-16 04:00:00+00:00
[2025-07-16T07:38:09.490+0000] {processor.py:208} INFO - Processing /home/airflow/.local/lib/python3.12/site-packages/airflow/example_dags/example_latest_only_with_trigger.py took 0.086 seconds
[2025-07-16T07:38:40.348+0000] {processor.py:186} INFO - Started process (PID=679) to work on /home/airflow/.local/lib/python3.12/site-packages/airflow/example_dags/example_latest_only_with_trigger.py
[2025-07-16T07:38:40.349+0000] {processor.py:914} INFO - Processing file /home/airflow/.local/lib/python3.12/site-packages/airflow/example_dags/example_latest_only_with_trigger.py for tasks to queue
[2025-07-16T07:38:40.352+0000] {logging_mixin.py:190} INFO - [2025-07-16T07:38:40.351+0000] {dagbag.py:587} INFO - Filling up the DagBag from /home/airflow/.local/lib/python3.12/site-packages/airflow/example_dags/example_latest_only_with_trigger.py
[2025-07-16T07:38:40.360+0000] {processor.py:925} INFO - DAG(s) 'latest_only_with_trigger' retrieved from /home/airflow/.local/lib/python3.12/site-packages/airflow/example_dags/example_latest_only_with_trigger.py
[2025-07-16T07:38:40.381+0000] {logging_mixin.py:190} INFO - [2025-07-16T07:38:40.381+0000] {dag.py:3229} INFO - Sync 1 DAGs
[2025-07-16T07:38:40.404+0000] {logging_mixin.py:190} INFO - [2025-07-16T07:38:40.403+0000] {dag.py:4156} INFO - Setting next_dagrun for latest_only_with_trigger to 2025-07-16 00:00:00+00:00, run_after=2025-07-16 04:00:00+00:00
[2025-07-16T07:38:40.428+0000] {processor.py:208} INFO - Processing /home/airflow/.local/lib/python3.12/site-packages/airflow/example_dags/example_latest_only_with_trigger.py took 0.087 seconds
[2025-07-16T07:39:10.897+0000] {processor.py:186} INFO - Started process (PID=736) to work on /home/airflow/.local/lib/python3.12/site-packages/airflow/example_dags/example_latest_only_with_trigger.py
[2025-07-16T07:39:10.899+0000] {processor.py:914} INFO - Processing file /home/airflow/.local/lib/python3.12/site-packages/airflow/example_dags/example_latest_only_with_trigger.py for tasks to queue
[2025-07-16T07:39:10.905+0000] {logging_mixin.py:190} INFO - [2025-07-16T07:39:10.904+0000] {dagbag.py:587} INFO - Filling up the DagBag from /home/airflow/.local/lib/python3.12/site-packages/airflow/example_dags/example_latest_only_with_trigger.py
[2025-07-16T07:39:10.916+0000] {processor.py:925} INFO - DAG(s) 'latest_only_with_trigger' retrieved from /home/airflow/.local/lib/python3.12/site-packages/airflow/example_dags/example_latest_only_with_trigger.py
[2025-07-16T07:39:10.944+0000] {logging_mixin.py:190} INFO - [2025-07-16T07:39:10.943+0000] {dag.py:3229} INFO - Sync 1 DAGs
[2025-07-16T07:39:10.974+0000] {logging_mixin.py:190} INFO - [2025-07-16T07:39:10.974+0000] {dag.py:4156} INFO - Setting next_dagrun for latest_only_with_trigger to 2025-07-16 00:00:00+00:00, run_after=2025-07-16 04:00:00+00:00
[2025-07-16T07:39:10.995+0000] {processor.py:208} INFO - Processing /home/airflow/.local/lib/python3.12/site-packages/airflow/example_dags/example_latest_only_with_trigger.py took 0.118 seconds
[2025-07-16T07:39:41.449+0000] {processor.py:186} INFO - Started process (PID=793) to work on /home/airflow/.local/lib/python3.12/site-packages/airflow/example_dags/example_latest_only_with_trigger.py
[2025-07-16T07:39:41.451+0000] {processor.py:914} INFO - Processing file /home/airflow/.local/lib/python3.12/site-packages/airflow/example_dags/example_latest_only_with_trigger.py for tasks to queue
[2025-07-16T07:39:41.453+0000] {logging_mixin.py:190} INFO - [2025-07-16T07:39:41.453+0000] {dagbag.py:587} INFO - Filling up the DagBag from /home/airflow/.local/lib/python3.12/site-packages/airflow/example_dags/example_latest_only_with_trigger.py
[2025-07-16T07:39:41.465+0000] {processor.py:925} INFO - DAG(s) 'latest_only_with_trigger' retrieved from /home/airflow/.local/lib/python3.12/site-packages/airflow/example_dags/example_latest_only_with_trigger.py
[2025-07-16T07:39:41.486+0000] {logging_mixin.py:190} INFO - [2025-07-16T07:39:41.486+0000] {dag.py:3229} INFO - Sync 1 DAGs
[2025-07-16T07:39:41.512+0000] {logging_mixin.py:190} INFO - [2025-07-16T07:39:41.511+0000] {dag.py:4156} INFO - Setting next_dagrun for latest_only_with_trigger to 2025-07-16 00:00:00+00:00, run_after=2025-07-16 04:00:00+00:00
[2025-07-16T07:39:41.534+0000] {processor.py:208} INFO - Processing /home/airflow/.local/lib/python3.12/site-packages/airflow/example_dags/example_latest_only_with_trigger.py took 0.090 seconds
[2025-07-16T07:40:11.993+0000] {processor.py:186} INFO - Started process (PID=850) to work on /home/airflow/.local/lib/python3.12/site-packages/airflow/example_dags/example_latest_only_with_trigger.py
[2025-07-16T07:40:11.995+0000] {processor.py:914} INFO - Processing file /home/airflow/.local/lib/python3.12/site-packages/airflow/example_dags/example_latest_only_with_trigger.py for tasks to queue
[2025-07-16T07:40:11.997+0000] {logging_mixin.py:190} INFO - [2025-07-16T07:40:11.997+0000] {dagbag.py:587} INFO - Filling up the DagBag from /home/airflow/.local/lib/python3.12/site-packages/airflow/example_dags/example_latest_only_with_trigger.py
[2025-07-16T07:40:12.005+0000] {processor.py:925} INFO - DAG(s) 'latest_only_with_trigger' retrieved from /home/airflow/.local/lib/python3.12/site-packages/airflow/example_dags/example_latest_only_with_trigger.py
[2025-07-16T07:40:12.026+0000] {logging_mixin.py:190} INFO - [2025-07-16T07:40:12.026+0000] {dag.py:3229} INFO - Sync 1 DAGs
[2025-07-16T07:40:12.049+0000] {logging_mixin.py:190} INFO - [2025-07-16T07:40:12.049+0000] {dag.py:4156} INFO - Setting next_dagrun for latest_only_with_trigger to 2025-07-16 00:00:00+00:00, run_after=2025-07-16 04:00:00+00:00
[2025-07-16T07:40:12.069+0000] {processor.py:208} INFO - Processing /home/airflow/.local/lib/python3.12/site-packages/airflow/example_dags/example_latest_only_with_trigger.py took 0.082 seconds
[2025-07-16T07:40:42.801+0000] {processor.py:186} INFO - Started process (PID=907) to work on /home/airflow/.local/lib/python3.12/site-packages/airflow/example_dags/example_latest_only_with_trigger.py
[2025-07-16T07:40:42.802+0000] {processor.py:914} INFO - Processing file /home/airflow/.local/lib/python3.12/site-packages/airflow/example_dags/example_latest_only_with_trigger.py for tasks to queue
[2025-07-16T07:40:42.804+0000] {logging_mixin.py:190} INFO - [2025-07-16T07:40:42.804+0000] {dagbag.py:587} INFO - Filling up the DagBag from /home/airflow/.local/lib/python3.12/site-packages/airflow/example_dags/example_latest_only_with_trigger.py
[2025-07-16T07:40:42.813+0000] {processor.py:925} INFO - DAG(s) 'latest_only_with_trigger' retrieved from /home/airflow/.local/lib/python3.12/site-packages/airflow/example_dags/example_latest_only_with_trigger.py
[2025-07-16T07:40:42.837+0000] {logging_mixin.py:190} INFO - [2025-07-16T07:40:42.837+0000] {dag.py:3229} INFO - Sync 1 DAGs
[2025-07-16T07:40:42.860+0000] {logging_mixin.py:190} INFO - [2025-07-16T07:40:42.860+0000] {dag.py:4156} INFO - Setting next_dagrun for latest_only_with_trigger to 2025-07-16 00:00:00+00:00, run_after=2025-07-16 04:00:00+00:00
[2025-07-16T07:40:42.880+0000] {processor.py:208} INFO - Processing /home/airflow/.local/lib/python3.12/site-packages/airflow/example_dags/example_latest_only_with_trigger.py took 0.087 seconds
