[2025-07-16T07:10:10.711+0000] {processor.py:186} INFO - Started process (PID=43) to work on /home/airflow/.local/lib/python3.12/site-packages/airflow/example_dags/example_latest_only.py
[2025-07-16T07:10:10.712+0000] {processor.py:914} INFO - Processing file /home/airflow/.local/lib/python3.12/site-packages/airflow/example_dags/example_latest_only.py for tasks to queue
[2025-07-16T07:10:10.715+0000] {logging_mixin.py:190} INFO - [2025-07-16T07:10:10.714+0000] {dagbag.py:587} INFO - Filling up the DagBag from /home/airflow/.local/lib/python3.12/site-packages/airflow/example_dags/example_latest_only.py
[2025-07-16T07:10:10.726+0000] {processor.py:925} INFO - DAG(s) 'latest_only' retrieved from /home/airflow/.local/lib/python3.12/site-packages/airflow/example_dags/example_latest_only.py
[2025-07-16T07:10:10.764+0000] {logging_mixin.py:190} INFO - [2025-07-16T07:10:10.764+0000] {dag.py:3229} INFO - Sync 1 DAGs
[2025-07-16T07:10:10.823+0000] {logging_mixin.py:190} INFO - [2025-07-16T07:10:10.821+0000] {dag.py:4156} INFO - Setting next_dagrun for latest_only to 2025-07-16 00:00:00+00:00, run_after=2025-07-16 04:00:00+00:00
[2025-07-16T07:10:10.897+0000] {processor.py:208} INFO - Processing /home/airflow/.local/lib/python3.12/site-packages/airflow/example_dags/example_latest_only.py took 0.196 seconds
[2025-07-16T07:10:41.308+0000] {processor.py:186} INFO - Started process (PID=100) to work on /home/airflow/.local/lib/python3.12/site-packages/airflow/example_dags/example_latest_only.py
[2025-07-16T07:10:41.313+0000] {processor.py:914} INFO - Processing file /home/airflow/.local/lib/python3.12/site-packages/airflow/example_dags/example_latest_only.py for tasks to queue
[2025-07-16T07:10:41.316+0000] {logging_mixin.py:190} INFO - [2025-07-16T07:10:41.316+0000] {dagbag.py:587} INFO - Filling up the DagBag from /home/airflow/.local/lib/python3.12/site-packages/airflow/example_dags/example_latest_only.py
[2025-07-16T07:10:41.324+0000] {processor.py:925} INFO - DAG(s) 'latest_only' retrieved from /home/airflow/.local/lib/python3.12/site-packages/airflow/example_dags/example_latest_only.py
[2025-07-16T07:10:41.347+0000] {logging_mixin.py:190} INFO - [2025-07-16T07:10:41.346+0000] {dag.py:3229} INFO - Sync 1 DAGs
[2025-07-16T07:10:41.371+0000] {logging_mixin.py:190} INFO - [2025-07-16T07:10:41.371+0000] {dag.py:4156} INFO - Setting next_dagrun for latest_only to 2025-07-16 00:00:00+00:00, run_after=2025-07-16 04:00:00+00:00
[2025-07-16T07:10:41.394+0000] {processor.py:208} INFO - Processing /home/airflow/.local/lib/python3.12/site-packages/airflow/example_dags/example_latest_only.py took 0.092 seconds
[2025-07-16T07:11:11.538+0000] {processor.py:186} INFO - Started process (PID=157) to work on /home/airflow/.local/lib/python3.12/site-packages/airflow/example_dags/example_latest_only.py
[2025-07-16T07:11:11.539+0000] {processor.py:914} INFO - Processing file /home/airflow/.local/lib/python3.12/site-packages/airflow/example_dags/example_latest_only.py for tasks to queue
[2025-07-16T07:11:11.542+0000] {logging_mixin.py:190} INFO - [2025-07-16T07:11:11.542+0000] {dagbag.py:587} INFO - Filling up the DagBag from /home/airflow/.local/lib/python3.12/site-packages/airflow/example_dags/example_latest_only.py
[2025-07-16T07:11:11.551+0000] {processor.py:925} INFO - DAG(s) 'latest_only' retrieved from /home/airflow/.local/lib/python3.12/site-packages/airflow/example_dags/example_latest_only.py
[2025-07-16T07:11:11.582+0000] {logging_mixin.py:190} INFO - [2025-07-16T07:11:11.582+0000] {dag.py:3229} INFO - Sync 1 DAGs
[2025-07-16T07:11:11.613+0000] {logging_mixin.py:190} INFO - [2025-07-16T07:11:11.613+0000] {dag.py:4156} INFO - Setting next_dagrun for latest_only to 2025-07-16 00:00:00+00:00, run_after=2025-07-16 04:00:00+00:00
[2025-07-16T07:11:11.639+0000] {processor.py:208} INFO - Processing /home/airflow/.local/lib/python3.12/site-packages/airflow/example_dags/example_latest_only.py took 0.108 seconds
[2025-07-16T07:11:41.967+0000] {processor.py:186} INFO - Started process (PID=214) to work on /home/airflow/.local/lib/python3.12/site-packages/airflow/example_dags/example_latest_only.py
[2025-07-16T07:11:41.968+0000] {processor.py:914} INFO - Processing file /home/airflow/.local/lib/python3.12/site-packages/airflow/example_dags/example_latest_only.py for tasks to queue
[2025-07-16T07:11:41.971+0000] {logging_mixin.py:190} INFO - [2025-07-16T07:11:41.970+0000] {dagbag.py:587} INFO - Filling up the DagBag from /home/airflow/.local/lib/python3.12/site-packages/airflow/example_dags/example_latest_only.py
[2025-07-16T07:11:41.982+0000] {processor.py:925} INFO - DAG(s) 'latest_only' retrieved from /home/airflow/.local/lib/python3.12/site-packages/airflow/example_dags/example_latest_only.py
[2025-07-16T07:11:42.012+0000] {logging_mixin.py:190} INFO - [2025-07-16T07:11:42.011+0000] {dag.py:3229} INFO - Sync 1 DAGs
[2025-07-16T07:11:42.037+0000] {logging_mixin.py:190} INFO - [2025-07-16T07:11:42.037+0000] {dag.py:4156} INFO - Setting next_dagrun for latest_only to 2025-07-16 00:00:00+00:00, run_after=2025-07-16 04:00:00+00:00
[2025-07-16T07:11:42.060+0000] {processor.py:208} INFO - Processing /home/airflow/.local/lib/python3.12/site-packages/airflow/example_dags/example_latest_only.py took 0.102 seconds
[2025-07-16T07:12:12.473+0000] {processor.py:186} INFO - Started process (PID=271) to work on /home/airflow/.local/lib/python3.12/site-packages/airflow/example_dags/example_latest_only.py
[2025-07-16T07:12:12.475+0000] {processor.py:914} INFO - Processing file /home/airflow/.local/lib/python3.12/site-packages/airflow/example_dags/example_latest_only.py for tasks to queue
[2025-07-16T07:12:12.477+0000] {logging_mixin.py:190} INFO - [2025-07-16T07:12:12.477+0000] {dagbag.py:587} INFO - Filling up the DagBag from /home/airflow/.local/lib/python3.12/site-packages/airflow/example_dags/example_latest_only.py
[2025-07-16T07:12:12.485+0000] {processor.py:925} INFO - DAG(s) 'latest_only' retrieved from /home/airflow/.local/lib/python3.12/site-packages/airflow/example_dags/example_latest_only.py
[2025-07-16T07:12:12.506+0000] {logging_mixin.py:190} INFO - [2025-07-16T07:12:12.506+0000] {dag.py:3229} INFO - Sync 1 DAGs
[2025-07-16T07:12:12.533+0000] {logging_mixin.py:190} INFO - [2025-07-16T07:12:12.533+0000] {dag.py:4156} INFO - Setting next_dagrun for latest_only to 2025-07-16 00:00:00+00:00, run_after=2025-07-16 04:00:00+00:00
[2025-07-16T07:12:12.564+0000] {processor.py:208} INFO - Processing /home/airflow/.local/lib/python3.12/site-packages/airflow/example_dags/example_latest_only.py took 0.099 seconds
[2025-07-16T07:12:43.225+0000] {processor.py:186} INFO - Started process (PID=328) to work on /home/airflow/.local/lib/python3.12/site-packages/airflow/example_dags/example_latest_only.py
[2025-07-16T07:12:43.226+0000] {processor.py:914} INFO - Processing file /home/airflow/.local/lib/python3.12/site-packages/airflow/example_dags/example_latest_only.py for tasks to queue
[2025-07-16T07:12:43.229+0000] {logging_mixin.py:190} INFO - [2025-07-16T07:12:43.229+0000] {dagbag.py:587} INFO - Filling up the DagBag from /home/airflow/.local/lib/python3.12/site-packages/airflow/example_dags/example_latest_only.py
[2025-07-16T07:12:43.239+0000] {processor.py:925} INFO - DAG(s) 'latest_only' retrieved from /home/airflow/.local/lib/python3.12/site-packages/airflow/example_dags/example_latest_only.py
[2025-07-16T07:12:43.269+0000] {logging_mixin.py:190} INFO - [2025-07-16T07:12:43.268+0000] {dag.py:3229} INFO - Sync 1 DAGs
[2025-07-16T07:12:43.307+0000] {logging_mixin.py:190} INFO - [2025-07-16T07:12:43.306+0000] {dag.py:4156} INFO - Setting next_dagrun for latest_only to 2025-07-16 00:00:00+00:00, run_after=2025-07-16 04:00:00+00:00
[2025-07-16T07:12:43.335+0000] {processor.py:208} INFO - Processing /home/airflow/.local/lib/python3.12/site-packages/airflow/example_dags/example_latest_only.py took 0.120 seconds
[2025-07-16T07:13:13.466+0000] {processor.py:186} INFO - Started process (PID=385) to work on /home/airflow/.local/lib/python3.12/site-packages/airflow/example_dags/example_latest_only.py
[2025-07-16T07:13:13.467+0000] {processor.py:914} INFO - Processing file /home/airflow/.local/lib/python3.12/site-packages/airflow/example_dags/example_latest_only.py for tasks to queue
[2025-07-16T07:13:13.470+0000] {logging_mixin.py:190} INFO - [2025-07-16T07:13:13.470+0000] {dagbag.py:587} INFO - Filling up the DagBag from /home/airflow/.local/lib/python3.12/site-packages/airflow/example_dags/example_latest_only.py
[2025-07-16T07:13:13.479+0000] {processor.py:925} INFO - DAG(s) 'latest_only' retrieved from /home/airflow/.local/lib/python3.12/site-packages/airflow/example_dags/example_latest_only.py
[2025-07-16T07:13:13.506+0000] {logging_mixin.py:190} INFO - [2025-07-16T07:13:13.506+0000] {dag.py:3229} INFO - Sync 1 DAGs
[2025-07-16T07:13:13.537+0000] {logging_mixin.py:190} INFO - [2025-07-16T07:13:13.537+0000] {dag.py:4156} INFO - Setting next_dagrun for latest_only to 2025-07-16 00:00:00+00:00, run_after=2025-07-16 04:00:00+00:00
[2025-07-16T07:13:13.565+0000] {processor.py:208} INFO - Processing /home/airflow/.local/lib/python3.12/site-packages/airflow/example_dags/example_latest_only.py took 0.107 seconds
[2025-07-16T07:13:44.090+0000] {processor.py:186} INFO - Started process (PID=442) to work on /home/airflow/.local/lib/python3.12/site-packages/airflow/example_dags/example_latest_only.py
[2025-07-16T07:13:44.091+0000] {processor.py:914} INFO - Processing file /home/airflow/.local/lib/python3.12/site-packages/airflow/example_dags/example_latest_only.py for tasks to queue
[2025-07-16T07:13:44.094+0000] {logging_mixin.py:190} INFO - [2025-07-16T07:13:44.094+0000] {dagbag.py:587} INFO - Filling up the DagBag from /home/airflow/.local/lib/python3.12/site-packages/airflow/example_dags/example_latest_only.py
[2025-07-16T07:13:44.102+0000] {processor.py:925} INFO - DAG(s) 'latest_only' retrieved from /home/airflow/.local/lib/python3.12/site-packages/airflow/example_dags/example_latest_only.py
[2025-07-16T07:13:44.126+0000] {logging_mixin.py:190} INFO - [2025-07-16T07:13:44.126+0000] {dag.py:3229} INFO - Sync 1 DAGs
[2025-07-16T07:13:44.150+0000] {logging_mixin.py:190} INFO - [2025-07-16T07:13:44.150+0000] {dag.py:4156} INFO - Setting next_dagrun for latest_only to 2025-07-16 00:00:00+00:00, run_after=2025-07-16 04:00:00+00:00
[2025-07-16T07:13:44.171+0000] {processor.py:208} INFO - Processing /home/airflow/.local/lib/python3.12/site-packages/airflow/example_dags/example_latest_only.py took 0.087 seconds
[2025-07-16T07:14:14.347+0000] {processor.py:186} INFO - Started process (PID=499) to work on /home/airflow/.local/lib/python3.12/site-packages/airflow/example_dags/example_latest_only.py
[2025-07-16T07:14:14.348+0000] {processor.py:914} INFO - Processing file /home/airflow/.local/lib/python3.12/site-packages/airflow/example_dags/example_latest_only.py for tasks to queue
[2025-07-16T07:14:14.352+0000] {logging_mixin.py:190} INFO - [2025-07-16T07:14:14.351+0000] {dagbag.py:587} INFO - Filling up the DagBag from /home/airflow/.local/lib/python3.12/site-packages/airflow/example_dags/example_latest_only.py
[2025-07-16T07:14:14.361+0000] {processor.py:925} INFO - DAG(s) 'latest_only' retrieved from /home/airflow/.local/lib/python3.12/site-packages/airflow/example_dags/example_latest_only.py
[2025-07-16T07:14:14.388+0000] {logging_mixin.py:190} INFO - [2025-07-16T07:14:14.388+0000] {dag.py:3229} INFO - Sync 1 DAGs
[2025-07-16T07:14:14.418+0000] {logging_mixin.py:190} INFO - [2025-07-16T07:14:14.418+0000] {dag.py:4156} INFO - Setting next_dagrun for latest_only to 2025-07-16 00:00:00+00:00, run_after=2025-07-16 04:00:00+00:00
[2025-07-16T07:14:14.441+0000] {processor.py:208} INFO - Processing /home/airflow/.local/lib/python3.12/site-packages/airflow/example_dags/example_latest_only.py took 0.103 seconds
[2025-07-16T07:14:44.698+0000] {processor.py:186} INFO - Started process (PID=556) to work on /home/airflow/.local/lib/python3.12/site-packages/airflow/example_dags/example_latest_only.py
[2025-07-16T07:14:44.699+0000] {processor.py:914} INFO - Processing file /home/airflow/.local/lib/python3.12/site-packages/airflow/example_dags/example_latest_only.py for tasks to queue
[2025-07-16T07:14:44.702+0000] {logging_mixin.py:190} INFO - [2025-07-16T07:14:44.702+0000] {dagbag.py:587} INFO - Filling up the DagBag from /home/airflow/.local/lib/python3.12/site-packages/airflow/example_dags/example_latest_only.py
[2025-07-16T07:14:44.711+0000] {processor.py:925} INFO - DAG(s) 'latest_only' retrieved from /home/airflow/.local/lib/python3.12/site-packages/airflow/example_dags/example_latest_only.py
[2025-07-16T07:14:44.733+0000] {logging_mixin.py:190} INFO - [2025-07-16T07:14:44.733+0000] {dag.py:3229} INFO - Sync 1 DAGs
[2025-07-16T07:14:44.758+0000] {logging_mixin.py:190} INFO - [2025-07-16T07:14:44.758+0000] {dag.py:4156} INFO - Setting next_dagrun for latest_only to 2025-07-16 00:00:00+00:00, run_after=2025-07-16 04:00:00+00:00
[2025-07-16T07:14:44.788+0000] {processor.py:208} INFO - Processing /home/airflow/.local/lib/python3.12/site-packages/airflow/example_dags/example_latest_only.py took 0.099 seconds
[2025-07-16T07:15:15.625+0000] {processor.py:186} INFO - Started process (PID=613) to work on /home/airflow/.local/lib/python3.12/site-packages/airflow/example_dags/example_latest_only.py
[2025-07-16T07:15:15.626+0000] {processor.py:914} INFO - Processing file /home/airflow/.local/lib/python3.12/site-packages/airflow/example_dags/example_latest_only.py for tasks to queue
[2025-07-16T07:15:15.629+0000] {logging_mixin.py:190} INFO - [2025-07-16T07:15:15.629+0000] {dagbag.py:587} INFO - Filling up the DagBag from /home/airflow/.local/lib/python3.12/site-packages/airflow/example_dags/example_latest_only.py
[2025-07-16T07:15:15.637+0000] {processor.py:925} INFO - DAG(s) 'latest_only' retrieved from /home/airflow/.local/lib/python3.12/site-packages/airflow/example_dags/example_latest_only.py
[2025-07-16T07:15:15.657+0000] {logging_mixin.py:190} INFO - [2025-07-16T07:15:15.657+0000] {dag.py:3229} INFO - Sync 1 DAGs
[2025-07-16T07:15:15.681+0000] {logging_mixin.py:190} INFO - [2025-07-16T07:15:15.681+0000] {dag.py:4156} INFO - Setting next_dagrun for latest_only to 2025-07-16 00:00:00+00:00, run_after=2025-07-16 04:00:00+00:00
[2025-07-16T07:15:15.705+0000] {processor.py:208} INFO - Processing /home/airflow/.local/lib/python3.12/site-packages/airflow/example_dags/example_latest_only.py took 0.087 seconds
[2025-07-16T07:15:46.181+0000] {processor.py:186} INFO - Started process (PID=670) to work on /home/airflow/.local/lib/python3.12/site-packages/airflow/example_dags/example_latest_only.py
[2025-07-16T07:15:46.182+0000] {processor.py:914} INFO - Processing file /home/airflow/.local/lib/python3.12/site-packages/airflow/example_dags/example_latest_only.py for tasks to queue
[2025-07-16T07:15:46.185+0000] {logging_mixin.py:190} INFO - [2025-07-16T07:15:46.185+0000] {dagbag.py:587} INFO - Filling up the DagBag from /home/airflow/.local/lib/python3.12/site-packages/airflow/example_dags/example_latest_only.py
[2025-07-16T07:15:46.194+0000] {processor.py:925} INFO - DAG(s) 'latest_only' retrieved from /home/airflow/.local/lib/python3.12/site-packages/airflow/example_dags/example_latest_only.py
[2025-07-16T07:15:46.216+0000] {logging_mixin.py:190} INFO - [2025-07-16T07:15:46.215+0000] {dag.py:3229} INFO - Sync 1 DAGs
[2025-07-16T07:15:46.243+0000] {logging_mixin.py:190} INFO - [2025-07-16T07:15:46.243+0000] {dag.py:4156} INFO - Setting next_dagrun for latest_only to 2025-07-16 00:00:00+00:00, run_after=2025-07-16 04:00:00+00:00
[2025-07-16T07:15:46.266+0000] {processor.py:208} INFO - Processing /home/airflow/.local/lib/python3.12/site-packages/airflow/example_dags/example_latest_only.py took 0.095 seconds
[2025-07-16T07:16:16.817+0000] {processor.py:186} INFO - Started process (PID=727) to work on /home/airflow/.local/lib/python3.12/site-packages/airflow/example_dags/example_latest_only.py
[2025-07-16T07:16:16.818+0000] {processor.py:914} INFO - Processing file /home/airflow/.local/lib/python3.12/site-packages/airflow/example_dags/example_latest_only.py for tasks to queue
[2025-07-16T07:16:16.821+0000] {logging_mixin.py:190} INFO - [2025-07-16T07:16:16.820+0000] {dagbag.py:587} INFO - Filling up the DagBag from /home/airflow/.local/lib/python3.12/site-packages/airflow/example_dags/example_latest_only.py
[2025-07-16T07:16:16.827+0000] {processor.py:925} INFO - DAG(s) 'latest_only' retrieved from /home/airflow/.local/lib/python3.12/site-packages/airflow/example_dags/example_latest_only.py
[2025-07-16T07:16:16.847+0000] {logging_mixin.py:190} INFO - [2025-07-16T07:16:16.847+0000] {dag.py:3229} INFO - Sync 1 DAGs
[2025-07-16T07:16:16.872+0000] {logging_mixin.py:190} INFO - [2025-07-16T07:16:16.872+0000] {dag.py:4156} INFO - Setting next_dagrun for latest_only to 2025-07-16 00:00:00+00:00, run_after=2025-07-16 04:00:00+00:00
[2025-07-16T07:16:16.893+0000] {processor.py:208} INFO - Processing /home/airflow/.local/lib/python3.12/site-packages/airflow/example_dags/example_latest_only.py took 0.083 seconds
[2025-07-16T07:16:47.201+0000] {processor.py:186} INFO - Started process (PID=784) to work on /home/airflow/.local/lib/python3.12/site-packages/airflow/example_dags/example_latest_only.py
[2025-07-16T07:16:47.202+0000] {processor.py:914} INFO - Processing file /home/airflow/.local/lib/python3.12/site-packages/airflow/example_dags/example_latest_only.py for tasks to queue
[2025-07-16T07:16:47.205+0000] {logging_mixin.py:190} INFO - [2025-07-16T07:16:47.205+0000] {dagbag.py:587} INFO - Filling up the DagBag from /home/airflow/.local/lib/python3.12/site-packages/airflow/example_dags/example_latest_only.py
[2025-07-16T07:16:47.215+0000] {processor.py:925} INFO - DAG(s) 'latest_only' retrieved from /home/airflow/.local/lib/python3.12/site-packages/airflow/example_dags/example_latest_only.py
[2025-07-16T07:16:47.246+0000] {logging_mixin.py:190} INFO - [2025-07-16T07:16:47.246+0000] {dag.py:3229} INFO - Sync 1 DAGs
[2025-07-16T07:16:47.272+0000] {logging_mixin.py:190} INFO - [2025-07-16T07:16:47.272+0000] {dag.py:4156} INFO - Setting next_dagrun for latest_only to 2025-07-16 00:00:00+00:00, run_after=2025-07-16 04:00:00+00:00
[2025-07-16T07:16:47.304+0000] {processor.py:208} INFO - Processing /home/airflow/.local/lib/python3.12/site-packages/airflow/example_dags/example_latest_only.py took 0.110 seconds
[2025-07-16T07:17:18.094+0000] {processor.py:186} INFO - Started process (PID=841) to work on /home/airflow/.local/lib/python3.12/site-packages/airflow/example_dags/example_latest_only.py
[2025-07-16T07:17:18.095+0000] {processor.py:914} INFO - Processing file /home/airflow/.local/lib/python3.12/site-packages/airflow/example_dags/example_latest_only.py for tasks to queue
[2025-07-16T07:17:18.098+0000] {logging_mixin.py:190} INFO - [2025-07-16T07:17:18.098+0000] {dagbag.py:587} INFO - Filling up the DagBag from /home/airflow/.local/lib/python3.12/site-packages/airflow/example_dags/example_latest_only.py
[2025-07-16T07:17:18.107+0000] {processor.py:925} INFO - DAG(s) 'latest_only' retrieved from /home/airflow/.local/lib/python3.12/site-packages/airflow/example_dags/example_latest_only.py
[2025-07-16T07:17:18.134+0000] {logging_mixin.py:190} INFO - [2025-07-16T07:17:18.133+0000] {dag.py:3229} INFO - Sync 1 DAGs
[2025-07-16T07:17:18.157+0000] {logging_mixin.py:190} INFO - [2025-07-16T07:17:18.157+0000] {dag.py:4156} INFO - Setting next_dagrun for latest_only to 2025-07-16 00:00:00+00:00, run_after=2025-07-16 04:00:00+00:00
[2025-07-16T07:17:18.182+0000] {processor.py:208} INFO - Processing /home/airflow/.local/lib/python3.12/site-packages/airflow/example_dags/example_latest_only.py took 0.096 seconds
[2025-07-16T07:17:48.536+0000] {processor.py:186} INFO - Started process (PID=898) to work on /home/airflow/.local/lib/python3.12/site-packages/airflow/example_dags/example_latest_only.py
[2025-07-16T07:17:48.537+0000] {processor.py:914} INFO - Processing file /home/airflow/.local/lib/python3.12/site-packages/airflow/example_dags/example_latest_only.py for tasks to queue
[2025-07-16T07:17:48.540+0000] {logging_mixin.py:190} INFO - [2025-07-16T07:17:48.540+0000] {dagbag.py:587} INFO - Filling up the DagBag from /home/airflow/.local/lib/python3.12/site-packages/airflow/example_dags/example_latest_only.py
[2025-07-16T07:17:48.547+0000] {processor.py:925} INFO - DAG(s) 'latest_only' retrieved from /home/airflow/.local/lib/python3.12/site-packages/airflow/example_dags/example_latest_only.py
[2025-07-16T07:17:48.567+0000] {logging_mixin.py:190} INFO - [2025-07-16T07:17:48.567+0000] {dag.py:3229} INFO - Sync 1 DAGs
[2025-07-16T07:17:48.591+0000] {logging_mixin.py:190} INFO - [2025-07-16T07:17:48.591+0000] {dag.py:4156} INFO - Setting next_dagrun for latest_only to 2025-07-16 00:00:00+00:00, run_after=2025-07-16 04:00:00+00:00
[2025-07-16T07:17:48.616+0000] {processor.py:208} INFO - Processing /home/airflow/.local/lib/python3.12/site-packages/airflow/example_dags/example_latest_only.py took 0.087 seconds
[2025-07-16T07:18:19.267+0000] {processor.py:186} INFO - Started process (PID=955) to work on /home/airflow/.local/lib/python3.12/site-packages/airflow/example_dags/example_latest_only.py
[2025-07-16T07:18:19.269+0000] {processor.py:914} INFO - Processing file /home/airflow/.local/lib/python3.12/site-packages/airflow/example_dags/example_latest_only.py for tasks to queue
[2025-07-16T07:18:19.272+0000] {logging_mixin.py:190} INFO - [2025-07-16T07:18:19.271+0000] {dagbag.py:587} INFO - Filling up the DagBag from /home/airflow/.local/lib/python3.12/site-packages/airflow/example_dags/example_latest_only.py
[2025-07-16T07:18:19.279+0000] {processor.py:925} INFO - DAG(s) 'latest_only' retrieved from /home/airflow/.local/lib/python3.12/site-packages/airflow/example_dags/example_latest_only.py
[2025-07-16T07:18:19.299+0000] {logging_mixin.py:190} INFO - [2025-07-16T07:18:19.298+0000] {dag.py:3229} INFO - Sync 1 DAGs
[2025-07-16T07:18:19.323+0000] {logging_mixin.py:190} INFO - [2025-07-16T07:18:19.323+0000] {dag.py:4156} INFO - Setting next_dagrun for latest_only to 2025-07-16 00:00:00+00:00, run_after=2025-07-16 04:00:00+00:00
[2025-07-16T07:18:19.353+0000] {processor.py:208} INFO - Processing /home/airflow/.local/lib/python3.12/site-packages/airflow/example_dags/example_latest_only.py took 0.093 seconds
[2025-07-16T07:18:50.161+0000] {processor.py:186} INFO - Started process (PID=1012) to work on /home/airflow/.local/lib/python3.12/site-packages/airflow/example_dags/example_latest_only.py
[2025-07-16T07:18:50.163+0000] {processor.py:914} INFO - Processing file /home/airflow/.local/lib/python3.12/site-packages/airflow/example_dags/example_latest_only.py for tasks to queue
[2025-07-16T07:18:50.165+0000] {logging_mixin.py:190} INFO - [2025-07-16T07:18:50.165+0000] {dagbag.py:587} INFO - Filling up the DagBag from /home/airflow/.local/lib/python3.12/site-packages/airflow/example_dags/example_latest_only.py
[2025-07-16T07:18:50.173+0000] {processor.py:925} INFO - DAG(s) 'latest_only' retrieved from /home/airflow/.local/lib/python3.12/site-packages/airflow/example_dags/example_latest_only.py
[2025-07-16T07:18:50.196+0000] {logging_mixin.py:190} INFO - [2025-07-16T07:18:50.195+0000] {dag.py:3229} INFO - Sync 1 DAGs
[2025-07-16T07:18:50.220+0000] {logging_mixin.py:190} INFO - [2025-07-16T07:18:50.220+0000] {dag.py:4156} INFO - Setting next_dagrun for latest_only to 2025-07-16 00:00:00+00:00, run_after=2025-07-16 04:00:00+00:00
[2025-07-16T07:18:50.245+0000] {processor.py:208} INFO - Processing /home/airflow/.local/lib/python3.12/site-packages/airflow/example_dags/example_latest_only.py took 0.090 seconds
[2025-07-16T07:19:20.589+0000] {processor.py:186} INFO - Started process (PID=1069) to work on /home/airflow/.local/lib/python3.12/site-packages/airflow/example_dags/example_latest_only.py
[2025-07-16T07:19:20.590+0000] {processor.py:914} INFO - Processing file /home/airflow/.local/lib/python3.12/site-packages/airflow/example_dags/example_latest_only.py for tasks to queue
[2025-07-16T07:19:20.592+0000] {logging_mixin.py:190} INFO - [2025-07-16T07:19:20.592+0000] {dagbag.py:587} INFO - Filling up the DagBag from /home/airflow/.local/lib/python3.12/site-packages/airflow/example_dags/example_latest_only.py
[2025-07-16T07:19:20.599+0000] {processor.py:925} INFO - DAG(s) 'latest_only' retrieved from /home/airflow/.local/lib/python3.12/site-packages/airflow/example_dags/example_latest_only.py
[2025-07-16T07:19:20.622+0000] {logging_mixin.py:190} INFO - [2025-07-16T07:19:20.621+0000] {dag.py:3229} INFO - Sync 1 DAGs
[2025-07-16T07:19:20.645+0000] {logging_mixin.py:190} INFO - [2025-07-16T07:19:20.645+0000] {dag.py:4156} INFO - Setting next_dagrun for latest_only to 2025-07-16 00:00:00+00:00, run_after=2025-07-16 04:00:00+00:00
[2025-07-16T07:19:20.670+0000] {processor.py:208} INFO - Processing /home/airflow/.local/lib/python3.12/site-packages/airflow/example_dags/example_latest_only.py took 0.088 seconds
[2025-07-16T07:19:51.045+0000] {processor.py:186} INFO - Started process (PID=1126) to work on /home/airflow/.local/lib/python3.12/site-packages/airflow/example_dags/example_latest_only.py
[2025-07-16T07:19:51.047+0000] {processor.py:914} INFO - Processing file /home/airflow/.local/lib/python3.12/site-packages/airflow/example_dags/example_latest_only.py for tasks to queue
[2025-07-16T07:19:51.049+0000] {logging_mixin.py:190} INFO - [2025-07-16T07:19:51.049+0000] {dagbag.py:587} INFO - Filling up the DagBag from /home/airflow/.local/lib/python3.12/site-packages/airflow/example_dags/example_latest_only.py
[2025-07-16T07:19:51.059+0000] {processor.py:925} INFO - DAG(s) 'latest_only' retrieved from /home/airflow/.local/lib/python3.12/site-packages/airflow/example_dags/example_latest_only.py
[2025-07-16T07:19:51.082+0000] {logging_mixin.py:190} INFO - [2025-07-16T07:19:51.082+0000] {dag.py:3229} INFO - Sync 1 DAGs
[2025-07-16T07:19:51.109+0000] {logging_mixin.py:190} INFO - [2025-07-16T07:19:51.109+0000] {dag.py:4156} INFO - Setting next_dagrun for latest_only to 2025-07-16 00:00:00+00:00, run_after=2025-07-16 04:00:00+00:00
[2025-07-16T07:19:51.135+0000] {processor.py:208} INFO - Processing /home/airflow/.local/lib/python3.12/site-packages/airflow/example_dags/example_latest_only.py took 0.098 seconds
[2025-07-16T07:20:21.515+0000] {processor.py:186} INFO - Started process (PID=1183) to work on /home/airflow/.local/lib/python3.12/site-packages/airflow/example_dags/example_latest_only.py
[2025-07-16T07:20:21.517+0000] {processor.py:914} INFO - Processing file /home/airflow/.local/lib/python3.12/site-packages/airflow/example_dags/example_latest_only.py for tasks to queue
[2025-07-16T07:20:21.520+0000] {logging_mixin.py:190} INFO - [2025-07-16T07:20:21.520+0000] {dagbag.py:587} INFO - Filling up the DagBag from /home/airflow/.local/lib/python3.12/site-packages/airflow/example_dags/example_latest_only.py
[2025-07-16T07:20:21.528+0000] {processor.py:925} INFO - DAG(s) 'latest_only' retrieved from /home/airflow/.local/lib/python3.12/site-packages/airflow/example_dags/example_latest_only.py
[2025-07-16T07:20:21.549+0000] {logging_mixin.py:190} INFO - [2025-07-16T07:20:21.548+0000] {dag.py:3229} INFO - Sync 1 DAGs
[2025-07-16T07:20:21.571+0000] {logging_mixin.py:190} INFO - [2025-07-16T07:20:21.571+0000] {dag.py:4156} INFO - Setting next_dagrun for latest_only to 2025-07-16 00:00:00+00:00, run_after=2025-07-16 04:00:00+00:00
[2025-07-16T07:20:21.594+0000] {processor.py:208} INFO - Processing /home/airflow/.local/lib/python3.12/site-packages/airflow/example_dags/example_latest_only.py took 0.086 seconds
[2025-07-16T07:20:52.106+0000] {processor.py:186} INFO - Started process (PID=1240) to work on /home/airflow/.local/lib/python3.12/site-packages/airflow/example_dags/example_latest_only.py
[2025-07-16T07:20:52.108+0000] {processor.py:914} INFO - Processing file /home/airflow/.local/lib/python3.12/site-packages/airflow/example_dags/example_latest_only.py for tasks to queue
[2025-07-16T07:20:52.110+0000] {logging_mixin.py:190} INFO - [2025-07-16T07:20:52.110+0000] {dagbag.py:587} INFO - Filling up the DagBag from /home/airflow/.local/lib/python3.12/site-packages/airflow/example_dags/example_latest_only.py
[2025-07-16T07:20:52.118+0000] {processor.py:925} INFO - DAG(s) 'latest_only' retrieved from /home/airflow/.local/lib/python3.12/site-packages/airflow/example_dags/example_latest_only.py
[2025-07-16T07:20:52.142+0000] {logging_mixin.py:190} INFO - [2025-07-16T07:20:52.141+0000] {dag.py:3229} INFO - Sync 1 DAGs
[2025-07-16T07:20:52.169+0000] {logging_mixin.py:190} INFO - [2025-07-16T07:20:52.169+0000] {dag.py:4156} INFO - Setting next_dagrun for latest_only to 2025-07-16 00:00:00+00:00, run_after=2025-07-16 04:00:00+00:00
[2025-07-16T07:20:52.193+0000] {processor.py:208} INFO - Processing /home/airflow/.local/lib/python3.12/site-packages/airflow/example_dags/example_latest_only.py took 0.095 seconds
[2025-07-16T07:21:22.980+0000] {processor.py:186} INFO - Started process (PID=1297) to work on /home/airflow/.local/lib/python3.12/site-packages/airflow/example_dags/example_latest_only.py
[2025-07-16T07:21:22.981+0000] {processor.py:914} INFO - Processing file /home/airflow/.local/lib/python3.12/site-packages/airflow/example_dags/example_latest_only.py for tasks to queue
[2025-07-16T07:21:22.984+0000] {logging_mixin.py:190} INFO - [2025-07-16T07:21:22.984+0000] {dagbag.py:587} INFO - Filling up the DagBag from /home/airflow/.local/lib/python3.12/site-packages/airflow/example_dags/example_latest_only.py
[2025-07-16T07:21:22.991+0000] {processor.py:925} INFO - DAG(s) 'latest_only' retrieved from /home/airflow/.local/lib/python3.12/site-packages/airflow/example_dags/example_latest_only.py
[2025-07-16T07:21:23.011+0000] {logging_mixin.py:190} INFO - [2025-07-16T07:21:23.011+0000] {dag.py:3229} INFO - Sync 1 DAGs
[2025-07-16T07:21:23.035+0000] {logging_mixin.py:190} INFO - [2025-07-16T07:21:23.035+0000] {dag.py:4156} INFO - Setting next_dagrun for latest_only to 2025-07-16 00:00:00+00:00, run_after=2025-07-16 04:00:00+00:00
[2025-07-16T07:21:23.056+0000] {processor.py:208} INFO - Processing /home/airflow/.local/lib/python3.12/site-packages/airflow/example_dags/example_latest_only.py took 0.083 seconds
[2025-07-16T07:21:53.720+0000] {processor.py:186} INFO - Started process (PID=1354) to work on /home/airflow/.local/lib/python3.12/site-packages/airflow/example_dags/example_latest_only.py
[2025-07-16T07:21:53.721+0000] {processor.py:914} INFO - Processing file /home/airflow/.local/lib/python3.12/site-packages/airflow/example_dags/example_latest_only.py for tasks to queue
[2025-07-16T07:21:53.724+0000] {logging_mixin.py:190} INFO - [2025-07-16T07:21:53.724+0000] {dagbag.py:587} INFO - Filling up the DagBag from /home/airflow/.local/lib/python3.12/site-packages/airflow/example_dags/example_latest_only.py
[2025-07-16T07:21:53.732+0000] {processor.py:925} INFO - DAG(s) 'latest_only' retrieved from /home/airflow/.local/lib/python3.12/site-packages/airflow/example_dags/example_latest_only.py
[2025-07-16T07:21:53.751+0000] {logging_mixin.py:190} INFO - [2025-07-16T07:21:53.751+0000] {dag.py:3229} INFO - Sync 1 DAGs
[2025-07-16T07:21:53.777+0000] {logging_mixin.py:190} INFO - [2025-07-16T07:21:53.777+0000] {dag.py:4156} INFO - Setting next_dagrun for latest_only to 2025-07-16 00:00:00+00:00, run_after=2025-07-16 04:00:00+00:00
[2025-07-16T07:21:53.799+0000] {processor.py:208} INFO - Processing /home/airflow/.local/lib/python3.12/site-packages/airflow/example_dags/example_latest_only.py took 0.085 seconds
[2025-07-16T07:22:24.558+0000] {processor.py:186} INFO - Started process (PID=1411) to work on /home/airflow/.local/lib/python3.12/site-packages/airflow/example_dags/example_latest_only.py
[2025-07-16T07:22:24.559+0000] {processor.py:914} INFO - Processing file /home/airflow/.local/lib/python3.12/site-packages/airflow/example_dags/example_latest_only.py for tasks to queue
[2025-07-16T07:22:24.562+0000] {logging_mixin.py:190} INFO - [2025-07-16T07:22:24.562+0000] {dagbag.py:587} INFO - Filling up the DagBag from /home/airflow/.local/lib/python3.12/site-packages/airflow/example_dags/example_latest_only.py
[2025-07-16T07:22:24.570+0000] {processor.py:925} INFO - DAG(s) 'latest_only' retrieved from /home/airflow/.local/lib/python3.12/site-packages/airflow/example_dags/example_latest_only.py
[2025-07-16T07:22:24.594+0000] {logging_mixin.py:190} INFO - [2025-07-16T07:22:24.593+0000] {dag.py:3229} INFO - Sync 1 DAGs
[2025-07-16T07:22:24.618+0000] {logging_mixin.py:190} INFO - [2025-07-16T07:22:24.617+0000] {dag.py:4156} INFO - Setting next_dagrun for latest_only to 2025-07-16 00:00:00+00:00, run_after=2025-07-16 04:00:00+00:00
[2025-07-16T07:22:24.644+0000] {processor.py:208} INFO - Processing /home/airflow/.local/lib/python3.12/site-packages/airflow/example_dags/example_latest_only.py took 0.092 seconds
[2025-07-16T07:22:55.455+0000] {processor.py:186} INFO - Started process (PID=1468) to work on /home/airflow/.local/lib/python3.12/site-packages/airflow/example_dags/example_latest_only.py
[2025-07-16T07:22:55.456+0000] {processor.py:914} INFO - Processing file /home/airflow/.local/lib/python3.12/site-packages/airflow/example_dags/example_latest_only.py for tasks to queue
[2025-07-16T07:22:55.460+0000] {logging_mixin.py:190} INFO - [2025-07-16T07:22:55.459+0000] {dagbag.py:587} INFO - Filling up the DagBag from /home/airflow/.local/lib/python3.12/site-packages/airflow/example_dags/example_latest_only.py
[2025-07-16T07:22:55.472+0000] {processor.py:925} INFO - DAG(s) 'latest_only' retrieved from /home/airflow/.local/lib/python3.12/site-packages/airflow/example_dags/example_latest_only.py
[2025-07-16T07:22:55.505+0000] {logging_mixin.py:190} INFO - [2025-07-16T07:22:55.505+0000] {dag.py:3229} INFO - Sync 1 DAGs
[2025-07-16T07:22:55.553+0000] {logging_mixin.py:190} INFO - [2025-07-16T07:22:55.552+0000] {dag.py:4156} INFO - Setting next_dagrun for latest_only to 2025-07-16 00:00:00+00:00, run_after=2025-07-16 04:00:00+00:00
[2025-07-16T07:22:55.632+0000] {processor.py:208} INFO - Processing /home/airflow/.local/lib/python3.12/site-packages/airflow/example_dags/example_latest_only.py took 0.186 seconds
[2025-07-16T07:23:26.480+0000] {processor.py:186} INFO - Started process (PID=1525) to work on /home/airflow/.local/lib/python3.12/site-packages/airflow/example_dags/example_latest_only.py
[2025-07-16T07:23:26.481+0000] {processor.py:914} INFO - Processing file /home/airflow/.local/lib/python3.12/site-packages/airflow/example_dags/example_latest_only.py for tasks to queue
[2025-07-16T07:23:26.484+0000] {logging_mixin.py:190} INFO - [2025-07-16T07:23:26.483+0000] {dagbag.py:587} INFO - Filling up the DagBag from /home/airflow/.local/lib/python3.12/site-packages/airflow/example_dags/example_latest_only.py
[2025-07-16T07:23:26.491+0000] {processor.py:925} INFO - DAG(s) 'latest_only' retrieved from /home/airflow/.local/lib/python3.12/site-packages/airflow/example_dags/example_latest_only.py
[2025-07-16T07:23:26.518+0000] {logging_mixin.py:190} INFO - [2025-07-16T07:23:26.517+0000] {dag.py:3229} INFO - Sync 1 DAGs
[2025-07-16T07:23:26.543+0000] {logging_mixin.py:190} INFO - [2025-07-16T07:23:26.543+0000] {dag.py:4156} INFO - Setting next_dagrun for latest_only to 2025-07-16 00:00:00+00:00, run_after=2025-07-16 04:00:00+00:00
[2025-07-16T07:23:26.568+0000] {processor.py:208} INFO - Processing /home/airflow/.local/lib/python3.12/site-packages/airflow/example_dags/example_latest_only.py took 0.095 seconds
[2025-07-16T07:23:57.679+0000] {processor.py:186} INFO - Started process (PID=1582) to work on /home/airflow/.local/lib/python3.12/site-packages/airflow/example_dags/example_latest_only.py
[2025-07-16T07:23:57.680+0000] {processor.py:914} INFO - Processing file /home/airflow/.local/lib/python3.12/site-packages/airflow/example_dags/example_latest_only.py for tasks to queue
[2025-07-16T07:23:57.683+0000] {logging_mixin.py:190} INFO - [2025-07-16T07:23:57.683+0000] {dagbag.py:587} INFO - Filling up the DagBag from /home/airflow/.local/lib/python3.12/site-packages/airflow/example_dags/example_latest_only.py
[2025-07-16T07:23:57.691+0000] {processor.py:925} INFO - DAG(s) 'latest_only' retrieved from /home/airflow/.local/lib/python3.12/site-packages/airflow/example_dags/example_latest_only.py
[2025-07-16T07:23:57.713+0000] {logging_mixin.py:190} INFO - [2025-07-16T07:23:57.713+0000] {dag.py:3229} INFO - Sync 1 DAGs
[2025-07-16T07:23:57.737+0000] {logging_mixin.py:190} INFO - [2025-07-16T07:23:57.737+0000] {dag.py:4156} INFO - Setting next_dagrun for latest_only to 2025-07-16 00:00:00+00:00, run_after=2025-07-16 04:00:00+00:00
[2025-07-16T07:23:57.766+0000] {processor.py:208} INFO - Processing /home/airflow/.local/lib/python3.12/site-packages/airflow/example_dags/example_latest_only.py took 0.094 seconds
[2025-07-16T07:24:28.217+0000] {processor.py:186} INFO - Started process (PID=1639) to work on /home/airflow/.local/lib/python3.12/site-packages/airflow/example_dags/example_latest_only.py
[2025-07-16T07:24:28.218+0000] {processor.py:914} INFO - Processing file /home/airflow/.local/lib/python3.12/site-packages/airflow/example_dags/example_latest_only.py for tasks to queue
[2025-07-16T07:24:28.222+0000] {logging_mixin.py:190} INFO - [2025-07-16T07:24:28.221+0000] {dagbag.py:587} INFO - Filling up the DagBag from /home/airflow/.local/lib/python3.12/site-packages/airflow/example_dags/example_latest_only.py
[2025-07-16T07:24:28.229+0000] {processor.py:925} INFO - DAG(s) 'latest_only' retrieved from /home/airflow/.local/lib/python3.12/site-packages/airflow/example_dags/example_latest_only.py
[2025-07-16T07:24:28.249+0000] {logging_mixin.py:190} INFO - [2025-07-16T07:24:28.249+0000] {dag.py:3229} INFO - Sync 1 DAGs
[2025-07-16T07:24:28.274+0000] {logging_mixin.py:190} INFO - [2025-07-16T07:24:28.274+0000] {dag.py:4156} INFO - Setting next_dagrun for latest_only to 2025-07-16 00:00:00+00:00, run_after=2025-07-16 04:00:00+00:00
[2025-07-16T07:24:28.299+0000] {processor.py:208} INFO - Processing /home/airflow/.local/lib/python3.12/site-packages/airflow/example_dags/example_latest_only.py took 0.090 seconds
[2025-07-16T07:24:59.225+0000] {processor.py:186} INFO - Started process (PID=1696) to work on /home/airflow/.local/lib/python3.12/site-packages/airflow/example_dags/example_latest_only.py
[2025-07-16T07:24:59.226+0000] {processor.py:914} INFO - Processing file /home/airflow/.local/lib/python3.12/site-packages/airflow/example_dags/example_latest_only.py for tasks to queue
[2025-07-16T07:24:59.229+0000] {logging_mixin.py:190} INFO - [2025-07-16T07:24:59.229+0000] {dagbag.py:587} INFO - Filling up the DagBag from /home/airflow/.local/lib/python3.12/site-packages/airflow/example_dags/example_latest_only.py
[2025-07-16T07:24:59.237+0000] {processor.py:925} INFO - DAG(s) 'latest_only' retrieved from /home/airflow/.local/lib/python3.12/site-packages/airflow/example_dags/example_latest_only.py
[2025-07-16T07:24:59.259+0000] {logging_mixin.py:190} INFO - [2025-07-16T07:24:59.259+0000] {dag.py:3229} INFO - Sync 1 DAGs
[2025-07-16T07:24:59.282+0000] {logging_mixin.py:190} INFO - [2025-07-16T07:24:59.282+0000] {dag.py:4156} INFO - Setting next_dagrun for latest_only to 2025-07-16 00:00:00+00:00, run_after=2025-07-16 04:00:00+00:00
[2025-07-16T07:24:59.305+0000] {processor.py:208} INFO - Processing /home/airflow/.local/lib/python3.12/site-packages/airflow/example_dags/example_latest_only.py took 0.088 seconds
[2025-07-16T07:25:30.175+0000] {processor.py:186} INFO - Started process (PID=1753) to work on /home/airflow/.local/lib/python3.12/site-packages/airflow/example_dags/example_latest_only.py
[2025-07-16T07:25:30.176+0000] {processor.py:914} INFO - Processing file /home/airflow/.local/lib/python3.12/site-packages/airflow/example_dags/example_latest_only.py for tasks to queue
[2025-07-16T07:25:30.180+0000] {logging_mixin.py:190} INFO - [2025-07-16T07:25:30.179+0000] {dagbag.py:587} INFO - Filling up the DagBag from /home/airflow/.local/lib/python3.12/site-packages/airflow/example_dags/example_latest_only.py
[2025-07-16T07:25:30.195+0000] {processor.py:925} INFO - DAG(s) 'latest_only' retrieved from /home/airflow/.local/lib/python3.12/site-packages/airflow/example_dags/example_latest_only.py
[2025-07-16T07:25:30.223+0000] {logging_mixin.py:190} INFO - [2025-07-16T07:25:30.223+0000] {dag.py:3229} INFO - Sync 1 DAGs
[2025-07-16T07:25:30.250+0000] {logging_mixin.py:190} INFO - [2025-07-16T07:25:30.250+0000] {dag.py:4156} INFO - Setting next_dagrun for latest_only to 2025-07-16 00:00:00+00:00, run_after=2025-07-16 04:00:00+00:00
[2025-07-16T07:25:30.272+0000] {processor.py:208} INFO - Processing /home/airflow/.local/lib/python3.12/site-packages/airflow/example_dags/example_latest_only.py took 0.104 seconds
[2025-07-16T07:26:00.949+0000] {processor.py:186} INFO - Started process (PID=1810) to work on /home/airflow/.local/lib/python3.12/site-packages/airflow/example_dags/example_latest_only.py
[2025-07-16T07:26:00.950+0000] {processor.py:914} INFO - Processing file /home/airflow/.local/lib/python3.12/site-packages/airflow/example_dags/example_latest_only.py for tasks to queue
[2025-07-16T07:26:00.953+0000] {logging_mixin.py:190} INFO - [2025-07-16T07:26:00.952+0000] {dagbag.py:587} INFO - Filling up the DagBag from /home/airflow/.local/lib/python3.12/site-packages/airflow/example_dags/example_latest_only.py
[2025-07-16T07:26:00.960+0000] {processor.py:925} INFO - DAG(s) 'latest_only' retrieved from /home/airflow/.local/lib/python3.12/site-packages/airflow/example_dags/example_latest_only.py
[2025-07-16T07:26:00.980+0000] {logging_mixin.py:190} INFO - [2025-07-16T07:26:00.980+0000] {dag.py:3229} INFO - Sync 1 DAGs
[2025-07-16T07:26:01.007+0000] {logging_mixin.py:190} INFO - [2025-07-16T07:26:01.007+0000] {dag.py:4156} INFO - Setting next_dagrun for latest_only to 2025-07-16 00:00:00+00:00, run_after=2025-07-16 04:00:00+00:00
[2025-07-16T07:26:01.032+0000] {processor.py:208} INFO - Processing /home/airflow/.local/lib/python3.12/site-packages/airflow/example_dags/example_latest_only.py took 0.089 seconds
[2025-07-16T07:26:31.303+0000] {processor.py:186} INFO - Started process (PID=1867) to work on /home/airflow/.local/lib/python3.12/site-packages/airflow/example_dags/example_latest_only.py
[2025-07-16T07:26:31.305+0000] {processor.py:914} INFO - Processing file /home/airflow/.local/lib/python3.12/site-packages/airflow/example_dags/example_latest_only.py for tasks to queue
[2025-07-16T07:26:31.307+0000] {logging_mixin.py:190} INFO - [2025-07-16T07:26:31.307+0000] {dagbag.py:587} INFO - Filling up the DagBag from /home/airflow/.local/lib/python3.12/site-packages/airflow/example_dags/example_latest_only.py
[2025-07-16T07:26:31.315+0000] {processor.py:925} INFO - DAG(s) 'latest_only' retrieved from /home/airflow/.local/lib/python3.12/site-packages/airflow/example_dags/example_latest_only.py
[2025-07-16T07:26:31.339+0000] {logging_mixin.py:190} INFO - [2025-07-16T07:26:31.338+0000] {dag.py:3229} INFO - Sync 1 DAGs
[2025-07-16T07:26:31.364+0000] {logging_mixin.py:190} INFO - [2025-07-16T07:26:31.363+0000] {dag.py:4156} INFO - Setting next_dagrun for latest_only to 2025-07-16 00:00:00+00:00, run_after=2025-07-16 04:00:00+00:00
[2025-07-16T07:26:31.388+0000] {processor.py:208} INFO - Processing /home/airflow/.local/lib/python3.12/site-packages/airflow/example_dags/example_latest_only.py took 0.092 seconds
[2025-07-16T07:27:02.317+0000] {processor.py:186} INFO - Started process (PID=1924) to work on /home/airflow/.local/lib/python3.12/site-packages/airflow/example_dags/example_latest_only.py
[2025-07-16T07:27:02.318+0000] {processor.py:914} INFO - Processing file /home/airflow/.local/lib/python3.12/site-packages/airflow/example_dags/example_latest_only.py for tasks to queue
[2025-07-16T07:27:02.321+0000] {logging_mixin.py:190} INFO - [2025-07-16T07:27:02.320+0000] {dagbag.py:587} INFO - Filling up the DagBag from /home/airflow/.local/lib/python3.12/site-packages/airflow/example_dags/example_latest_only.py
[2025-07-16T07:27:02.328+0000] {processor.py:925} INFO - DAG(s) 'latest_only' retrieved from /home/airflow/.local/lib/python3.12/site-packages/airflow/example_dags/example_latest_only.py
[2025-07-16T07:27:02.348+0000] {logging_mixin.py:190} INFO - [2025-07-16T07:27:02.348+0000] {dag.py:3229} INFO - Sync 1 DAGs
[2025-07-16T07:27:02.375+0000] {logging_mixin.py:190} INFO - [2025-07-16T07:27:02.375+0000] {dag.py:4156} INFO - Setting next_dagrun for latest_only to 2025-07-16 00:00:00+00:00, run_after=2025-07-16 04:00:00+00:00
[2025-07-16T07:27:02.399+0000] {processor.py:208} INFO - Processing /home/airflow/.local/lib/python3.12/site-packages/airflow/example_dags/example_latest_only.py took 0.090 seconds
[2025-07-16T07:27:33.373+0000] {processor.py:186} INFO - Started process (PID=1981) to work on /home/airflow/.local/lib/python3.12/site-packages/airflow/example_dags/example_latest_only.py
[2025-07-16T07:27:33.374+0000] {processor.py:914} INFO - Processing file /home/airflow/.local/lib/python3.12/site-packages/airflow/example_dags/example_latest_only.py for tasks to queue
[2025-07-16T07:27:33.377+0000] {logging_mixin.py:190} INFO - [2025-07-16T07:27:33.377+0000] {dagbag.py:587} INFO - Filling up the DagBag from /home/airflow/.local/lib/python3.12/site-packages/airflow/example_dags/example_latest_only.py
[2025-07-16T07:27:33.385+0000] {processor.py:925} INFO - DAG(s) 'latest_only' retrieved from /home/airflow/.local/lib/python3.12/site-packages/airflow/example_dags/example_latest_only.py
[2025-07-16T07:27:33.406+0000] {logging_mixin.py:190} INFO - [2025-07-16T07:27:33.406+0000] {dag.py:3229} INFO - Sync 1 DAGs
[2025-07-16T07:27:33.431+0000] {logging_mixin.py:190} INFO - [2025-07-16T07:27:33.431+0000] {dag.py:4156} INFO - Setting next_dagrun for latest_only to 2025-07-16 00:00:00+00:00, run_after=2025-07-16 04:00:00+00:00
[2025-07-16T07:27:33.455+0000] {processor.py:208} INFO - Processing /home/airflow/.local/lib/python3.12/site-packages/airflow/example_dags/example_latest_only.py took 0.089 seconds
[2025-07-16T07:28:04.769+0000] {processor.py:186} INFO - Started process (PID=2038) to work on /home/airflow/.local/lib/python3.12/site-packages/airflow/example_dags/example_latest_only.py
[2025-07-16T07:28:04.771+0000] {processor.py:914} INFO - Processing file /home/airflow/.local/lib/python3.12/site-packages/airflow/example_dags/example_latest_only.py for tasks to queue
[2025-07-16T07:28:04.774+0000] {logging_mixin.py:190} INFO - [2025-07-16T07:28:04.774+0000] {dagbag.py:587} INFO - Filling up the DagBag from /home/airflow/.local/lib/python3.12/site-packages/airflow/example_dags/example_latest_only.py
[2025-07-16T07:28:04.783+0000] {processor.py:925} INFO - DAG(s) 'latest_only' retrieved from /home/airflow/.local/lib/python3.12/site-packages/airflow/example_dags/example_latest_only.py
[2025-07-16T07:28:04.804+0000] {logging_mixin.py:190} INFO - [2025-07-16T07:28:04.804+0000] {dag.py:3229} INFO - Sync 1 DAGs
[2025-07-16T07:28:04.827+0000] {logging_mixin.py:190} INFO - [2025-07-16T07:28:04.827+0000] {dag.py:4156} INFO - Setting next_dagrun for latest_only to 2025-07-16 00:00:00+00:00, run_after=2025-07-16 04:00:00+00:00
[2025-07-16T07:28:04.850+0000] {processor.py:208} INFO - Processing /home/airflow/.local/lib/python3.12/site-packages/airflow/example_dags/example_latest_only.py took 0.090 seconds
[2025-07-16T07:28:36.211+0000] {processor.py:186} INFO - Started process (PID=2095) to work on /home/airflow/.local/lib/python3.12/site-packages/airflow/example_dags/example_latest_only.py
[2025-07-16T07:28:36.212+0000] {processor.py:914} INFO - Processing file /home/airflow/.local/lib/python3.12/site-packages/airflow/example_dags/example_latest_only.py for tasks to queue
[2025-07-16T07:28:36.216+0000] {logging_mixin.py:190} INFO - [2025-07-16T07:28:36.215+0000] {dagbag.py:587} INFO - Filling up the DagBag from /home/airflow/.local/lib/python3.12/site-packages/airflow/example_dags/example_latest_only.py
[2025-07-16T07:28:36.226+0000] {processor.py:925} INFO - DAG(s) 'latest_only' retrieved from /home/airflow/.local/lib/python3.12/site-packages/airflow/example_dags/example_latest_only.py
[2025-07-16T07:28:36.249+0000] {logging_mixin.py:190} INFO - [2025-07-16T07:28:36.249+0000] {dag.py:3229} INFO - Sync 1 DAGs
[2025-07-16T07:28:36.275+0000] {logging_mixin.py:190} INFO - [2025-07-16T07:28:36.275+0000] {dag.py:4156} INFO - Setting next_dagrun for latest_only to 2025-07-16 00:00:00+00:00, run_after=2025-07-16 04:00:00+00:00
[2025-07-16T07:28:36.302+0000] {processor.py:208} INFO - Processing /home/airflow/.local/lib/python3.12/site-packages/airflow/example_dags/example_latest_only.py took 0.099 seconds
[2025-07-16T07:29:07.154+0000] {processor.py:186} INFO - Started process (PID=2152) to work on /home/airflow/.local/lib/python3.12/site-packages/airflow/example_dags/example_latest_only.py
[2025-07-16T07:29:07.156+0000] {processor.py:914} INFO - Processing file /home/airflow/.local/lib/python3.12/site-packages/airflow/example_dags/example_latest_only.py for tasks to queue
[2025-07-16T07:29:07.158+0000] {logging_mixin.py:190} INFO - [2025-07-16T07:29:07.158+0000] {dagbag.py:587} INFO - Filling up the DagBag from /home/airflow/.local/lib/python3.12/site-packages/airflow/example_dags/example_latest_only.py
[2025-07-16T07:29:07.166+0000] {processor.py:925} INFO - DAG(s) 'latest_only' retrieved from /home/airflow/.local/lib/python3.12/site-packages/airflow/example_dags/example_latest_only.py
[2025-07-16T07:29:07.185+0000] {logging_mixin.py:190} INFO - [2025-07-16T07:29:07.185+0000] {dag.py:3229} INFO - Sync 1 DAGs
[2025-07-16T07:29:07.210+0000] {logging_mixin.py:190} INFO - [2025-07-16T07:29:07.210+0000] {dag.py:4156} INFO - Setting next_dagrun for latest_only to 2025-07-16 00:00:00+00:00, run_after=2025-07-16 04:00:00+00:00
[2025-07-16T07:29:07.245+0000] {processor.py:208} INFO - Processing /home/airflow/.local/lib/python3.12/site-packages/airflow/example_dags/example_latest_only.py took 0.097 seconds
[2025-07-16T07:29:37.557+0000] {processor.py:186} INFO - Started process (PID=2209) to work on /home/airflow/.local/lib/python3.12/site-packages/airflow/example_dags/example_latest_only.py
[2025-07-16T07:29:37.558+0000] {processor.py:914} INFO - Processing file /home/airflow/.local/lib/python3.12/site-packages/airflow/example_dags/example_latest_only.py for tasks to queue
[2025-07-16T07:29:37.561+0000] {logging_mixin.py:190} INFO - [2025-07-16T07:29:37.561+0000] {dagbag.py:587} INFO - Filling up the DagBag from /home/airflow/.local/lib/python3.12/site-packages/airflow/example_dags/example_latest_only.py
[2025-07-16T07:29:37.569+0000] {processor.py:925} INFO - DAG(s) 'latest_only' retrieved from /home/airflow/.local/lib/python3.12/site-packages/airflow/example_dags/example_latest_only.py
[2025-07-16T07:29:37.594+0000] {logging_mixin.py:190} INFO - [2025-07-16T07:29:37.594+0000] {dag.py:3229} INFO - Sync 1 DAGs
[2025-07-16T07:29:37.620+0000] {logging_mixin.py:190} INFO - [2025-07-16T07:29:37.619+0000] {dag.py:4156} INFO - Setting next_dagrun for latest_only to 2025-07-16 00:00:00+00:00, run_after=2025-07-16 04:00:00+00:00
[2025-07-16T07:29:37.643+0000] {processor.py:208} INFO - Processing /home/airflow/.local/lib/python3.12/site-packages/airflow/example_dags/example_latest_only.py took 0.094 seconds
[2025-07-16T07:30:08.077+0000] {processor.py:186} INFO - Started process (PID=2266) to work on /home/airflow/.local/lib/python3.12/site-packages/airflow/example_dags/example_latest_only.py
[2025-07-16T07:30:08.078+0000] {processor.py:914} INFO - Processing file /home/airflow/.local/lib/python3.12/site-packages/airflow/example_dags/example_latest_only.py for tasks to queue
[2025-07-16T07:30:08.080+0000] {logging_mixin.py:190} INFO - [2025-07-16T07:30:08.080+0000] {dagbag.py:587} INFO - Filling up the DagBag from /home/airflow/.local/lib/python3.12/site-packages/airflow/example_dags/example_latest_only.py
[2025-07-16T07:30:08.087+0000] {processor.py:925} INFO - DAG(s) 'latest_only' retrieved from /home/airflow/.local/lib/python3.12/site-packages/airflow/example_dags/example_latest_only.py
[2025-07-16T07:30:08.110+0000] {logging_mixin.py:190} INFO - [2025-07-16T07:30:08.110+0000] {dag.py:3229} INFO - Sync 1 DAGs
[2025-07-16T07:30:08.137+0000] {logging_mixin.py:190} INFO - [2025-07-16T07:30:08.137+0000] {dag.py:4156} INFO - Setting next_dagrun for latest_only to 2025-07-16 00:00:00+00:00, run_after=2025-07-16 04:00:00+00:00
[2025-07-16T07:30:08.163+0000] {processor.py:208} INFO - Processing /home/airflow/.local/lib/python3.12/site-packages/airflow/example_dags/example_latest_only.py took 0.093 seconds
[2025-07-16T07:30:39.602+0000] {processor.py:186} INFO - Started process (PID=2323) to work on /home/airflow/.local/lib/python3.12/site-packages/airflow/example_dags/example_latest_only.py
[2025-07-16T07:30:39.604+0000] {processor.py:914} INFO - Processing file /home/airflow/.local/lib/python3.12/site-packages/airflow/example_dags/example_latest_only.py for tasks to queue
[2025-07-16T07:30:39.607+0000] {logging_mixin.py:190} INFO - [2025-07-16T07:30:39.607+0000] {dagbag.py:587} INFO - Filling up the DagBag from /home/airflow/.local/lib/python3.12/site-packages/airflow/example_dags/example_latest_only.py
[2025-07-16T07:30:39.619+0000] {processor.py:925} INFO - DAG(s) 'latest_only' retrieved from /home/airflow/.local/lib/python3.12/site-packages/airflow/example_dags/example_latest_only.py
[2025-07-16T07:30:39.646+0000] {logging_mixin.py:190} INFO - [2025-07-16T07:30:39.645+0000] {dag.py:3229} INFO - Sync 1 DAGs
[2025-07-16T07:30:39.671+0000] {logging_mixin.py:190} INFO - [2025-07-16T07:30:39.671+0000] {dag.py:4156} INFO - Setting next_dagrun for latest_only to 2025-07-16 00:00:00+00:00, run_after=2025-07-16 04:00:00+00:00
[2025-07-16T07:30:39.696+0000] {processor.py:208} INFO - Processing /home/airflow/.local/lib/python3.12/site-packages/airflow/example_dags/example_latest_only.py took 0.103 seconds
[2025-07-16T07:31:10.435+0000] {processor.py:186} INFO - Started process (PID=2380) to work on /home/airflow/.local/lib/python3.12/site-packages/airflow/example_dags/example_latest_only.py
[2025-07-16T07:31:10.436+0000] {processor.py:914} INFO - Processing file /home/airflow/.local/lib/python3.12/site-packages/airflow/example_dags/example_latest_only.py for tasks to queue
[2025-07-16T07:31:10.439+0000] {logging_mixin.py:190} INFO - [2025-07-16T07:31:10.438+0000] {dagbag.py:587} INFO - Filling up the DagBag from /home/airflow/.local/lib/python3.12/site-packages/airflow/example_dags/example_latest_only.py
[2025-07-16T07:31:10.446+0000] {processor.py:925} INFO - DAG(s) 'latest_only' retrieved from /home/airflow/.local/lib/python3.12/site-packages/airflow/example_dags/example_latest_only.py
[2025-07-16T07:31:10.467+0000] {logging_mixin.py:190} INFO - [2025-07-16T07:31:10.467+0000] {dag.py:3229} INFO - Sync 1 DAGs
[2025-07-16T07:31:10.491+0000] {logging_mixin.py:190} INFO - [2025-07-16T07:31:10.491+0000] {dag.py:4156} INFO - Setting next_dagrun for latest_only to 2025-07-16 00:00:00+00:00, run_after=2025-07-16 04:00:00+00:00
[2025-07-16T07:31:10.514+0000] {processor.py:208} INFO - Processing /home/airflow/.local/lib/python3.12/site-packages/airflow/example_dags/example_latest_only.py took 0.085 seconds
[2025-07-16T07:31:41.760+0000] {processor.py:186} INFO - Started process (PID=2437) to work on /home/airflow/.local/lib/python3.12/site-packages/airflow/example_dags/example_latest_only.py
[2025-07-16T07:31:41.761+0000] {processor.py:914} INFO - Processing file /home/airflow/.local/lib/python3.12/site-packages/airflow/example_dags/example_latest_only.py for tasks to queue
[2025-07-16T07:31:41.764+0000] {logging_mixin.py:190} INFO - [2025-07-16T07:31:41.764+0000] {dagbag.py:587} INFO - Filling up the DagBag from /home/airflow/.local/lib/python3.12/site-packages/airflow/example_dags/example_latest_only.py
[2025-07-16T07:31:41.773+0000] {processor.py:925} INFO - DAG(s) 'latest_only' retrieved from /home/airflow/.local/lib/python3.12/site-packages/airflow/example_dags/example_latest_only.py
[2025-07-16T07:31:41.795+0000] {logging_mixin.py:190} INFO - [2025-07-16T07:31:41.794+0000] {dag.py:3229} INFO - Sync 1 DAGs
[2025-07-16T07:31:41.820+0000] {logging_mixin.py:190} INFO - [2025-07-16T07:31:41.819+0000] {dag.py:4156} INFO - Setting next_dagrun for latest_only to 2025-07-16 00:00:00+00:00, run_after=2025-07-16 04:00:00+00:00
[2025-07-16T07:31:41.841+0000] {processor.py:208} INFO - Processing /home/airflow/.local/lib/python3.12/site-packages/airflow/example_dags/example_latest_only.py took 0.087 seconds
[2025-07-16T07:33:00.976+0000] {processor.py:186} INFO - Started process (PID=44) to work on /home/airflow/.local/lib/python3.12/site-packages/airflow/example_dags/example_latest_only.py
[2025-07-16T07:33:00.978+0000] {processor.py:914} INFO - Processing file /home/airflow/.local/lib/python3.12/site-packages/airflow/example_dags/example_latest_only.py for tasks to queue
[2025-07-16T07:33:00.981+0000] {logging_mixin.py:190} INFO - [2025-07-16T07:33:00.980+0000] {dagbag.py:587} INFO - Filling up the DagBag from /home/airflow/.local/lib/python3.12/site-packages/airflow/example_dags/example_latest_only.py
[2025-07-16T07:33:00.997+0000] {processor.py:925} INFO - DAG(s) 'latest_only' retrieved from /home/airflow/.local/lib/python3.12/site-packages/airflow/example_dags/example_latest_only.py
[2025-07-16T07:33:01.044+0000] {logging_mixin.py:190} INFO - [2025-07-16T07:33:01.043+0000] {dag.py:3229} INFO - Sync 1 DAGs
[2025-07-16T07:33:01.088+0000] {logging_mixin.py:190} INFO - [2025-07-16T07:33:01.088+0000] {dag.py:4156} INFO - Setting next_dagrun for latest_only to 2025-07-16 00:00:00+00:00, run_after=2025-07-16 04:00:00+00:00
[2025-07-16T07:33:01.128+0000] {processor.py:208} INFO - Processing /home/airflow/.local/lib/python3.12/site-packages/airflow/example_dags/example_latest_only.py took 0.162 seconds
[2025-07-16T07:33:31.990+0000] {processor.py:186} INFO - Started process (PID=101) to work on /home/airflow/.local/lib/python3.12/site-packages/airflow/example_dags/example_latest_only.py
[2025-07-16T07:33:31.993+0000] {processor.py:914} INFO - Processing file /home/airflow/.local/lib/python3.12/site-packages/airflow/example_dags/example_latest_only.py for tasks to queue
[2025-07-16T07:33:31.996+0000] {logging_mixin.py:190} INFO - [2025-07-16T07:33:31.995+0000] {dagbag.py:587} INFO - Filling up the DagBag from /home/airflow/.local/lib/python3.12/site-packages/airflow/example_dags/example_latest_only.py
[2025-07-16T07:33:32.004+0000] {processor.py:925} INFO - DAG(s) 'latest_only' retrieved from /home/airflow/.local/lib/python3.12/site-packages/airflow/example_dags/example_latest_only.py
[2025-07-16T07:33:32.028+0000] {logging_mixin.py:190} INFO - [2025-07-16T07:33:32.028+0000] {dag.py:3229} INFO - Sync 1 DAGs
[2025-07-16T07:33:32.057+0000] {logging_mixin.py:190} INFO - [2025-07-16T07:33:32.057+0000] {dag.py:4156} INFO - Setting next_dagrun for latest_only to 2025-07-16 00:00:00+00:00, run_after=2025-07-16 04:00:00+00:00
[2025-07-16T07:33:32.080+0000] {processor.py:208} INFO - Processing /home/airflow/.local/lib/python3.12/site-packages/airflow/example_dags/example_latest_only.py took 0.097 seconds
[2025-07-16T07:34:02.961+0000] {processor.py:186} INFO - Started process (PID=158) to work on /home/airflow/.local/lib/python3.12/site-packages/airflow/example_dags/example_latest_only.py
[2025-07-16T07:34:02.963+0000] {processor.py:914} INFO - Processing file /home/airflow/.local/lib/python3.12/site-packages/airflow/example_dags/example_latest_only.py for tasks to queue
[2025-07-16T07:34:02.966+0000] {logging_mixin.py:190} INFO - [2025-07-16T07:34:02.965+0000] {dagbag.py:587} INFO - Filling up the DagBag from /home/airflow/.local/lib/python3.12/site-packages/airflow/example_dags/example_latest_only.py
[2025-07-16T07:34:02.973+0000] {processor.py:925} INFO - DAG(s) 'latest_only' retrieved from /home/airflow/.local/lib/python3.12/site-packages/airflow/example_dags/example_latest_only.py
[2025-07-16T07:34:02.997+0000] {logging_mixin.py:190} INFO - [2025-07-16T07:34:02.997+0000] {dag.py:3229} INFO - Sync 1 DAGs
[2025-07-16T07:34:03.024+0000] {logging_mixin.py:190} INFO - [2025-07-16T07:34:03.024+0000] {dag.py:4156} INFO - Setting next_dagrun for latest_only to 2025-07-16 00:00:00+00:00, run_after=2025-07-16 04:00:00+00:00
[2025-07-16T07:34:03.053+0000] {processor.py:208} INFO - Processing /home/airflow/.local/lib/python3.12/site-packages/airflow/example_dags/example_latest_only.py took 0.099 seconds
[2025-07-16T07:34:33.770+0000] {processor.py:186} INFO - Started process (PID=215) to work on /home/airflow/.local/lib/python3.12/site-packages/airflow/example_dags/example_latest_only.py
[2025-07-16T07:34:33.771+0000] {processor.py:914} INFO - Processing file /home/airflow/.local/lib/python3.12/site-packages/airflow/example_dags/example_latest_only.py for tasks to queue
[2025-07-16T07:34:33.774+0000] {logging_mixin.py:190} INFO - [2025-07-16T07:34:33.773+0000] {dagbag.py:587} INFO - Filling up the DagBag from /home/airflow/.local/lib/python3.12/site-packages/airflow/example_dags/example_latest_only.py
[2025-07-16T07:34:33.781+0000] {processor.py:925} INFO - DAG(s) 'latest_only' retrieved from /home/airflow/.local/lib/python3.12/site-packages/airflow/example_dags/example_latest_only.py
[2025-07-16T07:34:33.807+0000] {logging_mixin.py:190} INFO - [2025-07-16T07:34:33.806+0000] {dag.py:3229} INFO - Sync 1 DAGs
[2025-07-16T07:34:33.864+0000] {logging_mixin.py:190} INFO - [2025-07-16T07:34:33.863+0000] {dag.py:4156} INFO - Setting next_dagrun for latest_only to 2025-07-16 00:00:00+00:00, run_after=2025-07-16 04:00:00+00:00
[2025-07-16T07:34:33.884+0000] {processor.py:208} INFO - Processing /home/airflow/.local/lib/python3.12/site-packages/airflow/example_dags/example_latest_only.py took 0.120 seconds
[2025-07-16T07:35:04.814+0000] {processor.py:186} INFO - Started process (PID=272) to work on /home/airflow/.local/lib/python3.12/site-packages/airflow/example_dags/example_latest_only.py
[2025-07-16T07:35:04.815+0000] {processor.py:914} INFO - Processing file /home/airflow/.local/lib/python3.12/site-packages/airflow/example_dags/example_latest_only.py for tasks to queue
[2025-07-16T07:35:04.818+0000] {logging_mixin.py:190} INFO - [2025-07-16T07:35:04.817+0000] {dagbag.py:587} INFO - Filling up the DagBag from /home/airflow/.local/lib/python3.12/site-packages/airflow/example_dags/example_latest_only.py
[2025-07-16T07:35:04.825+0000] {processor.py:925} INFO - DAG(s) 'latest_only' retrieved from /home/airflow/.local/lib/python3.12/site-packages/airflow/example_dags/example_latest_only.py
[2025-07-16T07:35:04.849+0000] {logging_mixin.py:190} INFO - [2025-07-16T07:35:04.849+0000] {dag.py:3229} INFO - Sync 1 DAGs
[2025-07-16T07:35:04.877+0000] {logging_mixin.py:190} INFO - [2025-07-16T07:35:04.877+0000] {dag.py:4156} INFO - Setting next_dagrun for latest_only to 2025-07-16 00:00:00+00:00, run_after=2025-07-16 04:00:00+00:00
[2025-07-16T07:35:04.909+0000] {processor.py:208} INFO - Processing /home/airflow/.local/lib/python3.12/site-packages/airflow/example_dags/example_latest_only.py took 0.103 seconds
[2025-07-16T07:35:35.202+0000] {processor.py:186} INFO - Started process (PID=329) to work on /home/airflow/.local/lib/python3.12/site-packages/airflow/example_dags/example_latest_only.py
[2025-07-16T07:35:35.204+0000] {processor.py:914} INFO - Processing file /home/airflow/.local/lib/python3.12/site-packages/airflow/example_dags/example_latest_only.py for tasks to queue
[2025-07-16T07:35:35.207+0000] {logging_mixin.py:190} INFO - [2025-07-16T07:35:35.206+0000] {dagbag.py:587} INFO - Filling up the DagBag from /home/airflow/.local/lib/python3.12/site-packages/airflow/example_dags/example_latest_only.py
[2025-07-16T07:35:35.217+0000] {processor.py:925} INFO - DAG(s) 'latest_only' retrieved from /home/airflow/.local/lib/python3.12/site-packages/airflow/example_dags/example_latest_only.py
[2025-07-16T07:35:35.246+0000] {logging_mixin.py:190} INFO - [2025-07-16T07:35:35.246+0000] {dag.py:3229} INFO - Sync 1 DAGs
[2025-07-16T07:35:35.281+0000] {logging_mixin.py:190} INFO - [2025-07-16T07:35:35.281+0000] {dag.py:4156} INFO - Setting next_dagrun for latest_only to 2025-07-16 00:00:00+00:00, run_after=2025-07-16 04:00:00+00:00
[2025-07-16T07:35:35.305+0000] {processor.py:208} INFO - Processing /home/airflow/.local/lib/python3.12/site-packages/airflow/example_dags/example_latest_only.py took 0.111 seconds
[2025-07-16T07:36:05.502+0000] {processor.py:186} INFO - Started process (PID=386) to work on /home/airflow/.local/lib/python3.12/site-packages/airflow/example_dags/example_latest_only.py
[2025-07-16T07:36:05.503+0000] {processor.py:914} INFO - Processing file /home/airflow/.local/lib/python3.12/site-packages/airflow/example_dags/example_latest_only.py for tasks to queue
[2025-07-16T07:36:05.506+0000] {logging_mixin.py:190} INFO - [2025-07-16T07:36:05.505+0000] {dagbag.py:587} INFO - Filling up the DagBag from /home/airflow/.local/lib/python3.12/site-packages/airflow/example_dags/example_latest_only.py
[2025-07-16T07:36:05.514+0000] {processor.py:925} INFO - DAG(s) 'latest_only' retrieved from /home/airflow/.local/lib/python3.12/site-packages/airflow/example_dags/example_latest_only.py
[2025-07-16T07:36:05.538+0000] {logging_mixin.py:190} INFO - [2025-07-16T07:36:05.538+0000] {dag.py:3229} INFO - Sync 1 DAGs
[2025-07-16T07:36:05.566+0000] {logging_mixin.py:190} INFO - [2025-07-16T07:36:05.566+0000] {dag.py:4156} INFO - Setting next_dagrun for latest_only to 2025-07-16 00:00:00+00:00, run_after=2025-07-16 04:00:00+00:00
[2025-07-16T07:36:05.596+0000] {processor.py:208} INFO - Processing /home/airflow/.local/lib/python3.12/site-packages/airflow/example_dags/example_latest_only.py took 0.101 seconds
[2025-07-16T07:36:36.308+0000] {processor.py:186} INFO - Started process (PID=443) to work on /home/airflow/.local/lib/python3.12/site-packages/airflow/example_dags/example_latest_only.py
[2025-07-16T07:36:36.310+0000] {processor.py:914} INFO - Processing file /home/airflow/.local/lib/python3.12/site-packages/airflow/example_dags/example_latest_only.py for tasks to queue
[2025-07-16T07:36:36.312+0000] {logging_mixin.py:190} INFO - [2025-07-16T07:36:36.312+0000] {dagbag.py:587} INFO - Filling up the DagBag from /home/airflow/.local/lib/python3.12/site-packages/airflow/example_dags/example_latest_only.py
[2025-07-16T07:36:36.321+0000] {processor.py:925} INFO - DAG(s) 'latest_only' retrieved from /home/airflow/.local/lib/python3.12/site-packages/airflow/example_dags/example_latest_only.py
[2025-07-16T07:36:36.344+0000] {logging_mixin.py:190} INFO - [2025-07-16T07:36:36.344+0000] {dag.py:3229} INFO - Sync 1 DAGs
[2025-07-16T07:36:36.373+0000] {logging_mixin.py:190} INFO - [2025-07-16T07:36:36.373+0000] {dag.py:4156} INFO - Setting next_dagrun for latest_only to 2025-07-16 00:00:00+00:00, run_after=2025-07-16 04:00:00+00:00
[2025-07-16T07:36:37.137+0000] {processor.py:208} INFO - Processing /home/airflow/.local/lib/python3.12/site-packages/airflow/example_dags/example_latest_only.py took 0.836 seconds
[2025-07-16T07:37:07.772+0000] {processor.py:186} INFO - Started process (PID=500) to work on /home/airflow/.local/lib/python3.12/site-packages/airflow/example_dags/example_latest_only.py
[2025-07-16T07:37:07.774+0000] {processor.py:914} INFO - Processing file /home/airflow/.local/lib/python3.12/site-packages/airflow/example_dags/example_latest_only.py for tasks to queue
[2025-07-16T07:37:07.778+0000] {logging_mixin.py:190} INFO - [2025-07-16T07:37:07.777+0000] {dagbag.py:587} INFO - Filling up the DagBag from /home/airflow/.local/lib/python3.12/site-packages/airflow/example_dags/example_latest_only.py
[2025-07-16T07:37:07.787+0000] {processor.py:925} INFO - DAG(s) 'latest_only' retrieved from /home/airflow/.local/lib/python3.12/site-packages/airflow/example_dags/example_latest_only.py
[2025-07-16T07:37:07.816+0000] {logging_mixin.py:190} INFO - [2025-07-16T07:37:07.815+0000] {dag.py:3229} INFO - Sync 1 DAGs
[2025-07-16T07:37:07.845+0000] {logging_mixin.py:190} INFO - [2025-07-16T07:37:07.845+0000] {dag.py:4156} INFO - Setting next_dagrun for latest_only to 2025-07-16 00:00:00+00:00, run_after=2025-07-16 04:00:00+00:00
[2025-07-16T07:37:07.868+0000] {processor.py:208} INFO - Processing /home/airflow/.local/lib/python3.12/site-packages/airflow/example_dags/example_latest_only.py took 0.104 seconds
[2025-07-16T07:37:38.349+0000] {processor.py:186} INFO - Started process (PID=557) to work on /home/airflow/.local/lib/python3.12/site-packages/airflow/example_dags/example_latest_only.py
[2025-07-16T07:37:38.351+0000] {processor.py:914} INFO - Processing file /home/airflow/.local/lib/python3.12/site-packages/airflow/example_dags/example_latest_only.py for tasks to queue
[2025-07-16T07:37:38.353+0000] {logging_mixin.py:190} INFO - [2025-07-16T07:37:38.353+0000] {dagbag.py:587} INFO - Filling up the DagBag from /home/airflow/.local/lib/python3.12/site-packages/airflow/example_dags/example_latest_only.py
[2025-07-16T07:37:38.361+0000] {processor.py:925} INFO - DAG(s) 'latest_only' retrieved from /home/airflow/.local/lib/python3.12/site-packages/airflow/example_dags/example_latest_only.py
[2025-07-16T07:37:38.384+0000] {logging_mixin.py:190} INFO - [2025-07-16T07:37:38.384+0000] {dag.py:3229} INFO - Sync 1 DAGs
[2025-07-16T07:37:38.411+0000] {logging_mixin.py:190} INFO - [2025-07-16T07:37:38.410+0000] {dag.py:4156} INFO - Setting next_dagrun for latest_only to 2025-07-16 00:00:00+00:00, run_after=2025-07-16 04:00:00+00:00
[2025-07-16T07:37:38.444+0000] {processor.py:208} INFO - Processing /home/airflow/.local/lib/python3.12/site-packages/airflow/example_dags/example_latest_only.py took 0.102 seconds
[2025-07-16T07:38:08.695+0000] {processor.py:186} INFO - Started process (PID=614) to work on /home/airflow/.local/lib/python3.12/site-packages/airflow/example_dags/example_latest_only.py
[2025-07-16T07:38:08.696+0000] {processor.py:914} INFO - Processing file /home/airflow/.local/lib/python3.12/site-packages/airflow/example_dags/example_latest_only.py for tasks to queue
[2025-07-16T07:38:08.699+0000] {logging_mixin.py:190} INFO - [2025-07-16T07:38:08.699+0000] {dagbag.py:587} INFO - Filling up the DagBag from /home/airflow/.local/lib/python3.12/site-packages/airflow/example_dags/example_latest_only.py
[2025-07-16T07:38:08.711+0000] {processor.py:925} INFO - DAG(s) 'latest_only' retrieved from /home/airflow/.local/lib/python3.12/site-packages/airflow/example_dags/example_latest_only.py
[2025-07-16T07:38:08.739+0000] {logging_mixin.py:190} INFO - [2025-07-16T07:38:08.738+0000] {dag.py:3229} INFO - Sync 1 DAGs
[2025-07-16T07:38:08.779+0000] {logging_mixin.py:190} INFO - [2025-07-16T07:38:08.779+0000] {dag.py:4156} INFO - Setting next_dagrun for latest_only to 2025-07-16 00:00:00+00:00, run_after=2025-07-16 04:00:00+00:00
[2025-07-16T07:38:08.818+0000] {processor.py:208} INFO - Processing /home/airflow/.local/lib/python3.12/site-packages/airflow/example_dags/example_latest_only.py took 0.131 seconds
[2025-07-16T07:38:39.735+0000] {processor.py:186} INFO - Started process (PID=671) to work on /home/airflow/.local/lib/python3.12/site-packages/airflow/example_dags/example_latest_only.py
[2025-07-16T07:38:39.736+0000] {processor.py:914} INFO - Processing file /home/airflow/.local/lib/python3.12/site-packages/airflow/example_dags/example_latest_only.py for tasks to queue
[2025-07-16T07:38:39.739+0000] {logging_mixin.py:190} INFO - [2025-07-16T07:38:39.739+0000] {dagbag.py:587} INFO - Filling up the DagBag from /home/airflow/.local/lib/python3.12/site-packages/airflow/example_dags/example_latest_only.py
[2025-07-16T07:38:39.748+0000] {processor.py:925} INFO - DAG(s) 'latest_only' retrieved from /home/airflow/.local/lib/python3.12/site-packages/airflow/example_dags/example_latest_only.py
[2025-07-16T07:38:39.769+0000] {logging_mixin.py:190} INFO - [2025-07-16T07:38:39.768+0000] {dag.py:3229} INFO - Sync 1 DAGs
[2025-07-16T07:38:39.792+0000] {logging_mixin.py:190} INFO - [2025-07-16T07:38:39.791+0000] {dag.py:4156} INFO - Setting next_dagrun for latest_only to 2025-07-16 00:00:00+00:00, run_after=2025-07-16 04:00:00+00:00
[2025-07-16T07:38:39.815+0000] {processor.py:208} INFO - Processing /home/airflow/.local/lib/python3.12/site-packages/airflow/example_dags/example_latest_only.py took 0.086 seconds
[2025-07-16T07:39:10.261+0000] {processor.py:186} INFO - Started process (PID=728) to work on /home/airflow/.local/lib/python3.12/site-packages/airflow/example_dags/example_latest_only.py
[2025-07-16T07:39:10.263+0000] {processor.py:914} INFO - Processing file /home/airflow/.local/lib/python3.12/site-packages/airflow/example_dags/example_latest_only.py for tasks to queue
[2025-07-16T07:39:10.265+0000] {logging_mixin.py:190} INFO - [2025-07-16T07:39:10.265+0000] {dagbag.py:587} INFO - Filling up the DagBag from /home/airflow/.local/lib/python3.12/site-packages/airflow/example_dags/example_latest_only.py
[2025-07-16T07:39:10.273+0000] {processor.py:925} INFO - DAG(s) 'latest_only' retrieved from /home/airflow/.local/lib/python3.12/site-packages/airflow/example_dags/example_latest_only.py
[2025-07-16T07:39:10.296+0000] {logging_mixin.py:190} INFO - [2025-07-16T07:39:10.295+0000] {dag.py:3229} INFO - Sync 1 DAGs
[2025-07-16T07:39:10.319+0000] {logging_mixin.py:190} INFO - [2025-07-16T07:39:10.319+0000] {dag.py:4156} INFO - Setting next_dagrun for latest_only to 2025-07-16 00:00:00+00:00, run_after=2025-07-16 04:00:00+00:00
[2025-07-16T07:39:10.343+0000] {processor.py:208} INFO - Processing /home/airflow/.local/lib/python3.12/site-packages/airflow/example_dags/example_latest_only.py took 0.089 seconds
[2025-07-16T07:39:40.835+0000] {processor.py:186} INFO - Started process (PID=785) to work on /home/airflow/.local/lib/python3.12/site-packages/airflow/example_dags/example_latest_only.py
[2025-07-16T07:39:40.836+0000] {processor.py:914} INFO - Processing file /home/airflow/.local/lib/python3.12/site-packages/airflow/example_dags/example_latest_only.py for tasks to queue
[2025-07-16T07:39:40.838+0000] {logging_mixin.py:190} INFO - [2025-07-16T07:39:40.838+0000] {dagbag.py:587} INFO - Filling up the DagBag from /home/airflow/.local/lib/python3.12/site-packages/airflow/example_dags/example_latest_only.py
[2025-07-16T07:39:40.846+0000] {processor.py:925} INFO - DAG(s) 'latest_only' retrieved from /home/airflow/.local/lib/python3.12/site-packages/airflow/example_dags/example_latest_only.py
[2025-07-16T07:39:40.869+0000] {logging_mixin.py:190} INFO - [2025-07-16T07:39:40.868+0000] {dag.py:3229} INFO - Sync 1 DAGs
[2025-07-16T07:39:40.907+0000] {logging_mixin.py:190} INFO - [2025-07-16T07:39:40.907+0000] {dag.py:4156} INFO - Setting next_dagrun for latest_only to 2025-07-16 00:00:00+00:00, run_after=2025-07-16 04:00:00+00:00
[2025-07-16T07:39:40.933+0000] {processor.py:208} INFO - Processing /home/airflow/.local/lib/python3.12/site-packages/airflow/example_dags/example_latest_only.py took 0.105 seconds
[2025-07-16T07:40:11.474+0000] {processor.py:186} INFO - Started process (PID=842) to work on /home/airflow/.local/lib/python3.12/site-packages/airflow/example_dags/example_latest_only.py
[2025-07-16T07:40:11.475+0000] {processor.py:914} INFO - Processing file /home/airflow/.local/lib/python3.12/site-packages/airflow/example_dags/example_latest_only.py for tasks to queue
[2025-07-16T07:40:11.478+0000] {logging_mixin.py:190} INFO - [2025-07-16T07:40:11.478+0000] {dagbag.py:587} INFO - Filling up the DagBag from /home/airflow/.local/lib/python3.12/site-packages/airflow/example_dags/example_latest_only.py
[2025-07-16T07:40:11.485+0000] {processor.py:925} INFO - DAG(s) 'latest_only' retrieved from /home/airflow/.local/lib/python3.12/site-packages/airflow/example_dags/example_latest_only.py
[2025-07-16T07:40:11.512+0000] {logging_mixin.py:190} INFO - [2025-07-16T07:40:11.511+0000] {dag.py:3229} INFO - Sync 1 DAGs
[2025-07-16T07:40:11.537+0000] {logging_mixin.py:190} INFO - [2025-07-16T07:40:11.536+0000] {dag.py:4156} INFO - Setting next_dagrun for latest_only to 2025-07-16 00:00:00+00:00, run_after=2025-07-16 04:00:00+00:00
[2025-07-16T07:40:11.561+0000] {processor.py:208} INFO - Processing /home/airflow/.local/lib/python3.12/site-packages/airflow/example_dags/example_latest_only.py took 0.094 seconds
[2025-07-16T07:40:42.160+0000] {processor.py:186} INFO - Started process (PID=899) to work on /home/airflow/.local/lib/python3.12/site-packages/airflow/example_dags/example_latest_only.py
[2025-07-16T07:40:42.161+0000] {processor.py:914} INFO - Processing file /home/airflow/.local/lib/python3.12/site-packages/airflow/example_dags/example_latest_only.py for tasks to queue
[2025-07-16T07:40:42.164+0000] {logging_mixin.py:190} INFO - [2025-07-16T07:40:42.164+0000] {dagbag.py:587} INFO - Filling up the DagBag from /home/airflow/.local/lib/python3.12/site-packages/airflow/example_dags/example_latest_only.py
[2025-07-16T07:40:42.174+0000] {processor.py:925} INFO - DAG(s) 'latest_only' retrieved from /home/airflow/.local/lib/python3.12/site-packages/airflow/example_dags/example_latest_only.py
[2025-07-16T07:40:42.196+0000] {logging_mixin.py:190} INFO - [2025-07-16T07:40:42.196+0000] {dag.py:3229} INFO - Sync 1 DAGs
[2025-07-16T07:40:42.224+0000] {logging_mixin.py:190} INFO - [2025-07-16T07:40:42.224+0000] {dag.py:4156} INFO - Setting next_dagrun for latest_only to 2025-07-16 00:00:00+00:00, run_after=2025-07-16 04:00:00+00:00
[2025-07-16T07:40:42.247+0000] {processor.py:208} INFO - Processing /home/airflow/.local/lib/python3.12/site-packages/airflow/example_dags/example_latest_only.py took 0.094 seconds
