[2025-07-16T07:10:16.343+0000] {processor.py:186} INFO - Started process (PID=62) to work on /home/airflow/.local/lib/python3.12/site-packages/airflow/example_dags/example_nested_branch_dag.py
[2025-07-16T07:10:16.344+0000] {processor.py:914} INFO - Processing file /home/airflow/.local/lib/python3.12/site-packages/airflow/example_dags/example_nested_branch_dag.py for tasks to queue
[2025-07-16T07:10:16.347+0000] {logging_mixin.py:190} INFO - [2025-07-16T07:10:16.347+0000] {dagbag.py:587} INFO - Filling up the DagBag from /home/airflow/.local/lib/python3.12/site-packages/airflow/example_dags/example_nested_branch_dag.py
[2025-07-16T07:10:16.429+0000] {processor.py:925} INFO - DAG(s) 'example_nested_branch_dag' retrieved from /home/airflow/.local/lib/python3.12/site-packages/airflow/example_dags/example_nested_branch_dag.py
[2025-07-16T07:10:16.573+0000] {logging_mixin.py:190} INFO - [2025-07-16T07:10:16.572+0000] {dag.py:3229} INFO - Sync 1 DAGs
[2025-07-16T07:10:16.655+0000] {logging_mixin.py:190} INFO - [2025-07-16T07:10:16.654+0000] {dag.py:4156} INFO - Setting next_dagrun for example_nested_branch_dag to 2025-07-15 00:00:00+00:00, run_after=2025-07-16 00:00:00+00:00
[2025-07-16T07:10:16.704+0000] {processor.py:208} INFO - Processing /home/airflow/.local/lib/python3.12/site-packages/airflow/example_dags/example_nested_branch_dag.py took 0.368 seconds
[2025-07-16T07:10:47.203+0000] {processor.py:186} INFO - Started process (PID=118) to work on /home/airflow/.local/lib/python3.12/site-packages/airflow/example_dags/example_nested_branch_dag.py
[2025-07-16T07:10:47.204+0000] {processor.py:914} INFO - Processing file /home/airflow/.local/lib/python3.12/site-packages/airflow/example_dags/example_nested_branch_dag.py for tasks to queue
[2025-07-16T07:10:47.207+0000] {logging_mixin.py:190} INFO - [2025-07-16T07:10:47.207+0000] {dagbag.py:587} INFO - Filling up the DagBag from /home/airflow/.local/lib/python3.12/site-packages/airflow/example_dags/example_nested_branch_dag.py
[2025-07-16T07:10:47.220+0000] {processor.py:925} INFO - DAG(s) 'example_nested_branch_dag' retrieved from /home/airflow/.local/lib/python3.12/site-packages/airflow/example_dags/example_nested_branch_dag.py
[2025-07-16T07:10:47.244+0000] {logging_mixin.py:190} INFO - [2025-07-16T07:10:47.244+0000] {dag.py:3229} INFO - Sync 1 DAGs
[2025-07-16T07:10:47.271+0000] {logging_mixin.py:190} INFO - [2025-07-16T07:10:47.271+0000] {dag.py:4156} INFO - Setting next_dagrun for example_nested_branch_dag to 2025-07-15 00:00:00+00:00, run_after=2025-07-16 00:00:00+00:00
[2025-07-16T07:10:47.294+0000] {processor.py:208} INFO - Processing /home/airflow/.local/lib/python3.12/site-packages/airflow/example_dags/example_nested_branch_dag.py took 0.097 seconds
[2025-07-16T07:11:17.812+0000] {processor.py:186} INFO - Started process (PID=176) to work on /home/airflow/.local/lib/python3.12/site-packages/airflow/example_dags/example_nested_branch_dag.py
[2025-07-16T07:11:17.813+0000] {processor.py:914} INFO - Processing file /home/airflow/.local/lib/python3.12/site-packages/airflow/example_dags/example_nested_branch_dag.py for tasks to queue
[2025-07-16T07:11:17.817+0000] {logging_mixin.py:190} INFO - [2025-07-16T07:11:17.817+0000] {dagbag.py:587} INFO - Filling up the DagBag from /home/airflow/.local/lib/python3.12/site-packages/airflow/example_dags/example_nested_branch_dag.py
[2025-07-16T07:11:17.855+0000] {processor.py:925} INFO - DAG(s) 'example_nested_branch_dag' retrieved from /home/airflow/.local/lib/python3.12/site-packages/airflow/example_dags/example_nested_branch_dag.py
[2025-07-16T07:11:17.900+0000] {logging_mixin.py:190} INFO - [2025-07-16T07:11:17.899+0000] {dag.py:3229} INFO - Sync 1 DAGs
[2025-07-16T07:11:17.956+0000] {logging_mixin.py:190} INFO - [2025-07-16T07:11:17.956+0000] {dag.py:4156} INFO - Setting next_dagrun for example_nested_branch_dag to 2025-07-15 00:00:00+00:00, run_after=2025-07-16 00:00:00+00:00
[2025-07-16T07:11:18.022+0000] {processor.py:208} INFO - Processing /home/airflow/.local/lib/python3.12/site-packages/airflow/example_dags/example_nested_branch_dag.py took 0.223 seconds
[2025-07-16T07:11:48.676+0000] {processor.py:186} INFO - Started process (PID=233) to work on /home/airflow/.local/lib/python3.12/site-packages/airflow/example_dags/example_nested_branch_dag.py
[2025-07-16T07:11:48.677+0000] {processor.py:914} INFO - Processing file /home/airflow/.local/lib/python3.12/site-packages/airflow/example_dags/example_nested_branch_dag.py for tasks to queue
[2025-07-16T07:11:48.680+0000] {logging_mixin.py:190} INFO - [2025-07-16T07:11:48.679+0000] {dagbag.py:587} INFO - Filling up the DagBag from /home/airflow/.local/lib/python3.12/site-packages/airflow/example_dags/example_nested_branch_dag.py
[2025-07-16T07:11:48.693+0000] {processor.py:925} INFO - DAG(s) 'example_nested_branch_dag' retrieved from /home/airflow/.local/lib/python3.12/site-packages/airflow/example_dags/example_nested_branch_dag.py
[2025-07-16T07:11:48.717+0000] {logging_mixin.py:190} INFO - [2025-07-16T07:11:48.717+0000] {dag.py:3229} INFO - Sync 1 DAGs
[2025-07-16T07:11:48.745+0000] {logging_mixin.py:190} INFO - [2025-07-16T07:11:48.745+0000] {dag.py:4156} INFO - Setting next_dagrun for example_nested_branch_dag to 2025-07-15 00:00:00+00:00, run_after=2025-07-16 00:00:00+00:00
[2025-07-16T07:11:48.770+0000] {processor.py:208} INFO - Processing /home/airflow/.local/lib/python3.12/site-packages/airflow/example_dags/example_nested_branch_dag.py took 0.100 seconds
[2025-07-16T07:12:19.051+0000] {processor.py:186} INFO - Started process (PID=290) to work on /home/airflow/.local/lib/python3.12/site-packages/airflow/example_dags/example_nested_branch_dag.py
[2025-07-16T07:12:19.052+0000] {processor.py:914} INFO - Processing file /home/airflow/.local/lib/python3.12/site-packages/airflow/example_dags/example_nested_branch_dag.py for tasks to queue
[2025-07-16T07:12:19.055+0000] {logging_mixin.py:190} INFO - [2025-07-16T07:12:19.055+0000] {dagbag.py:587} INFO - Filling up the DagBag from /home/airflow/.local/lib/python3.12/site-packages/airflow/example_dags/example_nested_branch_dag.py
[2025-07-16T07:12:19.068+0000] {processor.py:925} INFO - DAG(s) 'example_nested_branch_dag' retrieved from /home/airflow/.local/lib/python3.12/site-packages/airflow/example_dags/example_nested_branch_dag.py
[2025-07-16T07:12:19.093+0000] {logging_mixin.py:190} INFO - [2025-07-16T07:12:19.093+0000] {dag.py:3229} INFO - Sync 1 DAGs
[2025-07-16T07:12:19.120+0000] {logging_mixin.py:190} INFO - [2025-07-16T07:12:19.120+0000] {dag.py:4156} INFO - Setting next_dagrun for example_nested_branch_dag to 2025-07-15 00:00:00+00:00, run_after=2025-07-16 00:00:00+00:00
[2025-07-16T07:12:19.149+0000] {processor.py:208} INFO - Processing /home/airflow/.local/lib/python3.12/site-packages/airflow/example_dags/example_nested_branch_dag.py took 0.105 seconds
[2025-07-16T07:12:50.216+0000] {processor.py:186} INFO - Started process (PID=347) to work on /home/airflow/.local/lib/python3.12/site-packages/airflow/example_dags/example_nested_branch_dag.py
[2025-07-16T07:12:50.218+0000] {processor.py:914} INFO - Processing file /home/airflow/.local/lib/python3.12/site-packages/airflow/example_dags/example_nested_branch_dag.py for tasks to queue
[2025-07-16T07:12:50.221+0000] {logging_mixin.py:190} INFO - [2025-07-16T07:12:50.221+0000] {dagbag.py:587} INFO - Filling up the DagBag from /home/airflow/.local/lib/python3.12/site-packages/airflow/example_dags/example_nested_branch_dag.py
[2025-07-16T07:12:50.240+0000] {processor.py:925} INFO - DAG(s) 'example_nested_branch_dag' retrieved from /home/airflow/.local/lib/python3.12/site-packages/airflow/example_dags/example_nested_branch_dag.py
[2025-07-16T07:12:50.271+0000] {logging_mixin.py:190} INFO - [2025-07-16T07:12:50.271+0000] {dag.py:3229} INFO - Sync 1 DAGs
[2025-07-16T07:12:50.308+0000] {logging_mixin.py:190} INFO - [2025-07-16T07:12:50.308+0000] {dag.py:4156} INFO - Setting next_dagrun for example_nested_branch_dag to 2025-07-15 00:00:00+00:00, run_after=2025-07-16 00:00:00+00:00
[2025-07-16T07:12:50.337+0000] {processor.py:208} INFO - Processing /home/airflow/.local/lib/python3.12/site-packages/airflow/example_dags/example_nested_branch_dag.py took 0.132 seconds
[2025-07-16T07:13:21.218+0000] {processor.py:186} INFO - Started process (PID=404) to work on /home/airflow/.local/lib/python3.12/site-packages/airflow/example_dags/example_nested_branch_dag.py
[2025-07-16T07:13:21.219+0000] {processor.py:914} INFO - Processing file /home/airflow/.local/lib/python3.12/site-packages/airflow/example_dags/example_nested_branch_dag.py for tasks to queue
[2025-07-16T07:13:21.224+0000] {logging_mixin.py:190} INFO - [2025-07-16T07:13:21.223+0000] {dagbag.py:587} INFO - Filling up the DagBag from /home/airflow/.local/lib/python3.12/site-packages/airflow/example_dags/example_nested_branch_dag.py
[2025-07-16T07:13:21.248+0000] {processor.py:925} INFO - DAG(s) 'example_nested_branch_dag' retrieved from /home/airflow/.local/lib/python3.12/site-packages/airflow/example_dags/example_nested_branch_dag.py
[2025-07-16T07:13:21.282+0000] {logging_mixin.py:190} INFO - [2025-07-16T07:13:21.282+0000] {dag.py:3229} INFO - Sync 1 DAGs
[2025-07-16T07:13:21.317+0000] {logging_mixin.py:190} INFO - [2025-07-16T07:13:21.316+0000] {dag.py:4156} INFO - Setting next_dagrun for example_nested_branch_dag to 2025-07-15 00:00:00+00:00, run_after=2025-07-16 00:00:00+00:00
[2025-07-16T07:13:21.345+0000] {processor.py:208} INFO - Processing /home/airflow/.local/lib/python3.12/site-packages/airflow/example_dags/example_nested_branch_dag.py took 0.139 seconds
[2025-07-16T07:13:51.565+0000] {processor.py:186} INFO - Started process (PID=461) to work on /home/airflow/.local/lib/python3.12/site-packages/airflow/example_dags/example_nested_branch_dag.py
[2025-07-16T07:13:51.567+0000] {processor.py:914} INFO - Processing file /home/airflow/.local/lib/python3.12/site-packages/airflow/example_dags/example_nested_branch_dag.py for tasks to queue
[2025-07-16T07:13:51.569+0000] {logging_mixin.py:190} INFO - [2025-07-16T07:13:51.569+0000] {dagbag.py:587} INFO - Filling up the DagBag from /home/airflow/.local/lib/python3.12/site-packages/airflow/example_dags/example_nested_branch_dag.py
[2025-07-16T07:13:51.581+0000] {processor.py:925} INFO - DAG(s) 'example_nested_branch_dag' retrieved from /home/airflow/.local/lib/python3.12/site-packages/airflow/example_dags/example_nested_branch_dag.py
[2025-07-16T07:13:51.603+0000] {logging_mixin.py:190} INFO - [2025-07-16T07:13:51.603+0000] {dag.py:3229} INFO - Sync 1 DAGs
[2025-07-16T07:13:51.629+0000] {logging_mixin.py:190} INFO - [2025-07-16T07:13:51.629+0000] {dag.py:4156} INFO - Setting next_dagrun for example_nested_branch_dag to 2025-07-15 00:00:00+00:00, run_after=2025-07-16 00:00:00+00:00
[2025-07-16T07:13:51.654+0000] {processor.py:208} INFO - Processing /home/airflow/.local/lib/python3.12/site-packages/airflow/example_dags/example_nested_branch_dag.py took 0.095 seconds
[2025-07-16T07:14:21.854+0000] {processor.py:186} INFO - Started process (PID=518) to work on /home/airflow/.local/lib/python3.12/site-packages/airflow/example_dags/example_nested_branch_dag.py
[2025-07-16T07:14:21.856+0000] {processor.py:914} INFO - Processing file /home/airflow/.local/lib/python3.12/site-packages/airflow/example_dags/example_nested_branch_dag.py for tasks to queue
[2025-07-16T07:14:21.858+0000] {logging_mixin.py:190} INFO - [2025-07-16T07:14:21.858+0000] {dagbag.py:587} INFO - Filling up the DagBag from /home/airflow/.local/lib/python3.12/site-packages/airflow/example_dags/example_nested_branch_dag.py
[2025-07-16T07:14:21.870+0000] {processor.py:925} INFO - DAG(s) 'example_nested_branch_dag' retrieved from /home/airflow/.local/lib/python3.12/site-packages/airflow/example_dags/example_nested_branch_dag.py
[2025-07-16T07:14:21.894+0000] {logging_mixin.py:190} INFO - [2025-07-16T07:14:21.894+0000] {dag.py:3229} INFO - Sync 1 DAGs
[2025-07-16T07:14:21.921+0000] {logging_mixin.py:190} INFO - [2025-07-16T07:14:21.921+0000] {dag.py:4156} INFO - Setting next_dagrun for example_nested_branch_dag to 2025-07-15 00:00:00+00:00, run_after=2025-07-16 00:00:00+00:00
[2025-07-16T07:14:21.946+0000] {processor.py:208} INFO - Processing /home/airflow/.local/lib/python3.12/site-packages/airflow/example_dags/example_nested_branch_dag.py took 0.098 seconds
[2025-07-16T07:14:52.383+0000] {processor.py:186} INFO - Started process (PID=575) to work on /home/airflow/.local/lib/python3.12/site-packages/airflow/example_dags/example_nested_branch_dag.py
[2025-07-16T07:14:52.384+0000] {processor.py:914} INFO - Processing file /home/airflow/.local/lib/python3.12/site-packages/airflow/example_dags/example_nested_branch_dag.py for tasks to queue
[2025-07-16T07:14:52.387+0000] {logging_mixin.py:190} INFO - [2025-07-16T07:14:52.387+0000] {dagbag.py:587} INFO - Filling up the DagBag from /home/airflow/.local/lib/python3.12/site-packages/airflow/example_dags/example_nested_branch_dag.py
[2025-07-16T07:14:52.401+0000] {processor.py:925} INFO - DAG(s) 'example_nested_branch_dag' retrieved from /home/airflow/.local/lib/python3.12/site-packages/airflow/example_dags/example_nested_branch_dag.py
[2025-07-16T07:14:52.429+0000] {logging_mixin.py:190} INFO - [2025-07-16T07:14:52.429+0000] {dag.py:3229} INFO - Sync 1 DAGs
[2025-07-16T07:14:52.454+0000] {logging_mixin.py:190} INFO - [2025-07-16T07:14:52.454+0000] {dag.py:4156} INFO - Setting next_dagrun for example_nested_branch_dag to 2025-07-15 00:00:00+00:00, run_after=2025-07-16 00:00:00+00:00
[2025-07-16T07:14:52.484+0000] {processor.py:208} INFO - Processing /home/airflow/.local/lib/python3.12/site-packages/airflow/example_dags/example_nested_branch_dag.py took 0.107 seconds
[2025-07-16T07:15:23.227+0000] {processor.py:186} INFO - Started process (PID=632) to work on /home/airflow/.local/lib/python3.12/site-packages/airflow/example_dags/example_nested_branch_dag.py
[2025-07-16T07:15:23.228+0000] {processor.py:914} INFO - Processing file /home/airflow/.local/lib/python3.12/site-packages/airflow/example_dags/example_nested_branch_dag.py for tasks to queue
[2025-07-16T07:15:23.230+0000] {logging_mixin.py:190} INFO - [2025-07-16T07:15:23.230+0000] {dagbag.py:587} INFO - Filling up the DagBag from /home/airflow/.local/lib/python3.12/site-packages/airflow/example_dags/example_nested_branch_dag.py
[2025-07-16T07:15:23.242+0000] {processor.py:925} INFO - DAG(s) 'example_nested_branch_dag' retrieved from /home/airflow/.local/lib/python3.12/site-packages/airflow/example_dags/example_nested_branch_dag.py
[2025-07-16T07:15:23.264+0000] {logging_mixin.py:190} INFO - [2025-07-16T07:15:23.264+0000] {dag.py:3229} INFO - Sync 1 DAGs
[2025-07-16T07:15:23.293+0000] {logging_mixin.py:190} INFO - [2025-07-16T07:15:23.292+0000] {dag.py:4156} INFO - Setting next_dagrun for example_nested_branch_dag to 2025-07-15 00:00:00+00:00, run_after=2025-07-16 00:00:00+00:00
[2025-07-16T07:15:23.317+0000] {processor.py:208} INFO - Processing /home/airflow/.local/lib/python3.12/site-packages/airflow/example_dags/example_nested_branch_dag.py took 0.097 seconds
[2025-07-16T07:15:53.801+0000] {processor.py:186} INFO - Started process (PID=689) to work on /home/airflow/.local/lib/python3.12/site-packages/airflow/example_dags/example_nested_branch_dag.py
[2025-07-16T07:15:53.802+0000] {processor.py:914} INFO - Processing file /home/airflow/.local/lib/python3.12/site-packages/airflow/example_dags/example_nested_branch_dag.py for tasks to queue
[2025-07-16T07:15:53.806+0000] {logging_mixin.py:190} INFO - [2025-07-16T07:15:53.805+0000] {dagbag.py:587} INFO - Filling up the DagBag from /home/airflow/.local/lib/python3.12/site-packages/airflow/example_dags/example_nested_branch_dag.py
[2025-07-16T07:15:53.819+0000] {processor.py:925} INFO - DAG(s) 'example_nested_branch_dag' retrieved from /home/airflow/.local/lib/python3.12/site-packages/airflow/example_dags/example_nested_branch_dag.py
[2025-07-16T07:15:53.843+0000] {logging_mixin.py:190} INFO - [2025-07-16T07:15:53.843+0000] {dag.py:3229} INFO - Sync 1 DAGs
[2025-07-16T07:15:53.874+0000] {logging_mixin.py:190} INFO - [2025-07-16T07:15:53.874+0000] {dag.py:4156} INFO - Setting next_dagrun for example_nested_branch_dag to 2025-07-15 00:00:00+00:00, run_after=2025-07-16 00:00:00+00:00
[2025-07-16T07:15:53.903+0000] {processor.py:208} INFO - Processing /home/airflow/.local/lib/python3.12/site-packages/airflow/example_dags/example_nested_branch_dag.py took 0.109 seconds
[2025-07-16T07:16:24.356+0000] {processor.py:186} INFO - Started process (PID=746) to work on /home/airflow/.local/lib/python3.12/site-packages/airflow/example_dags/example_nested_branch_dag.py
[2025-07-16T07:16:24.358+0000] {processor.py:914} INFO - Processing file /home/airflow/.local/lib/python3.12/site-packages/airflow/example_dags/example_nested_branch_dag.py for tasks to queue
[2025-07-16T07:16:24.360+0000] {logging_mixin.py:190} INFO - [2025-07-16T07:16:24.360+0000] {dagbag.py:587} INFO - Filling up the DagBag from /home/airflow/.local/lib/python3.12/site-packages/airflow/example_dags/example_nested_branch_dag.py
[2025-07-16T07:16:24.373+0000] {processor.py:925} INFO - DAG(s) 'example_nested_branch_dag' retrieved from /home/airflow/.local/lib/python3.12/site-packages/airflow/example_dags/example_nested_branch_dag.py
[2025-07-16T07:16:24.397+0000] {logging_mixin.py:190} INFO - [2025-07-16T07:16:24.396+0000] {dag.py:3229} INFO - Sync 1 DAGs
[2025-07-16T07:16:24.422+0000] {logging_mixin.py:190} INFO - [2025-07-16T07:16:24.422+0000] {dag.py:4156} INFO - Setting next_dagrun for example_nested_branch_dag to 2025-07-15 00:00:00+00:00, run_after=2025-07-16 00:00:00+00:00
[2025-07-16T07:16:24.445+0000] {processor.py:208} INFO - Processing /home/airflow/.local/lib/python3.12/site-packages/airflow/example_dags/example_nested_branch_dag.py took 0.095 seconds
[2025-07-16T07:16:54.777+0000] {processor.py:186} INFO - Started process (PID=803) to work on /home/airflow/.local/lib/python3.12/site-packages/airflow/example_dags/example_nested_branch_dag.py
[2025-07-16T07:16:54.778+0000] {processor.py:914} INFO - Processing file /home/airflow/.local/lib/python3.12/site-packages/airflow/example_dags/example_nested_branch_dag.py for tasks to queue
[2025-07-16T07:16:54.782+0000] {logging_mixin.py:190} INFO - [2025-07-16T07:16:54.781+0000] {dagbag.py:587} INFO - Filling up the DagBag from /home/airflow/.local/lib/python3.12/site-packages/airflow/example_dags/example_nested_branch_dag.py
[2025-07-16T07:16:54.796+0000] {processor.py:925} INFO - DAG(s) 'example_nested_branch_dag' retrieved from /home/airflow/.local/lib/python3.12/site-packages/airflow/example_dags/example_nested_branch_dag.py
[2025-07-16T07:16:54.821+0000] {logging_mixin.py:190} INFO - [2025-07-16T07:16:54.821+0000] {dag.py:3229} INFO - Sync 1 DAGs
[2025-07-16T07:16:54.849+0000] {logging_mixin.py:190} INFO - [2025-07-16T07:16:54.849+0000] {dag.py:4156} INFO - Setting next_dagrun for example_nested_branch_dag to 2025-07-15 00:00:00+00:00, run_after=2025-07-16 00:00:00+00:00
[2025-07-16T07:16:54.877+0000] {processor.py:208} INFO - Processing /home/airflow/.local/lib/python3.12/site-packages/airflow/example_dags/example_nested_branch_dag.py took 0.108 seconds
[2025-07-16T07:17:25.711+0000] {processor.py:186} INFO - Started process (PID=860) to work on /home/airflow/.local/lib/python3.12/site-packages/airflow/example_dags/example_nested_branch_dag.py
[2025-07-16T07:17:25.712+0000] {processor.py:914} INFO - Processing file /home/airflow/.local/lib/python3.12/site-packages/airflow/example_dags/example_nested_branch_dag.py for tasks to queue
[2025-07-16T07:17:25.715+0000] {logging_mixin.py:190} INFO - [2025-07-16T07:17:25.714+0000] {dagbag.py:587} INFO - Filling up the DagBag from /home/airflow/.local/lib/python3.12/site-packages/airflow/example_dags/example_nested_branch_dag.py
[2025-07-16T07:17:25.726+0000] {processor.py:925} INFO - DAG(s) 'example_nested_branch_dag' retrieved from /home/airflow/.local/lib/python3.12/site-packages/airflow/example_dags/example_nested_branch_dag.py
[2025-07-16T07:17:25.749+0000] {logging_mixin.py:190} INFO - [2025-07-16T07:17:25.749+0000] {dag.py:3229} INFO - Sync 1 DAGs
[2025-07-16T07:17:25.774+0000] {logging_mixin.py:190} INFO - [2025-07-16T07:17:25.774+0000] {dag.py:4156} INFO - Setting next_dagrun for example_nested_branch_dag to 2025-07-15 00:00:00+00:00, run_after=2025-07-16 00:00:00+00:00
[2025-07-16T07:17:25.796+0000] {processor.py:208} INFO - Processing /home/airflow/.local/lib/python3.12/site-packages/airflow/example_dags/example_nested_branch_dag.py took 0.092 seconds
[2025-07-16T07:17:56.178+0000] {processor.py:186} INFO - Started process (PID=917) to work on /home/airflow/.local/lib/python3.12/site-packages/airflow/example_dags/example_nested_branch_dag.py
[2025-07-16T07:17:56.179+0000] {processor.py:914} INFO - Processing file /home/airflow/.local/lib/python3.12/site-packages/airflow/example_dags/example_nested_branch_dag.py for tasks to queue
[2025-07-16T07:17:56.182+0000] {logging_mixin.py:190} INFO - [2025-07-16T07:17:56.181+0000] {dagbag.py:587} INFO - Filling up the DagBag from /home/airflow/.local/lib/python3.12/site-packages/airflow/example_dags/example_nested_branch_dag.py
[2025-07-16T07:17:56.194+0000] {processor.py:925} INFO - DAG(s) 'example_nested_branch_dag' retrieved from /home/airflow/.local/lib/python3.12/site-packages/airflow/example_dags/example_nested_branch_dag.py
[2025-07-16T07:17:56.218+0000] {logging_mixin.py:190} INFO - [2025-07-16T07:17:56.218+0000] {dag.py:3229} INFO - Sync 1 DAGs
[2025-07-16T07:17:56.245+0000] {logging_mixin.py:190} INFO - [2025-07-16T07:17:56.245+0000] {dag.py:4156} INFO - Setting next_dagrun for example_nested_branch_dag to 2025-07-15 00:00:00+00:00, run_after=2025-07-16 00:00:00+00:00
[2025-07-16T07:17:56.272+0000] {processor.py:208} INFO - Processing /home/airflow/.local/lib/python3.12/site-packages/airflow/example_dags/example_nested_branch_dag.py took 0.101 seconds
[2025-07-16T07:18:26.885+0000] {processor.py:186} INFO - Started process (PID=974) to work on /home/airflow/.local/lib/python3.12/site-packages/airflow/example_dags/example_nested_branch_dag.py
[2025-07-16T07:18:26.886+0000] {processor.py:914} INFO - Processing file /home/airflow/.local/lib/python3.12/site-packages/airflow/example_dags/example_nested_branch_dag.py for tasks to queue
[2025-07-16T07:18:26.890+0000] {logging_mixin.py:190} INFO - [2025-07-16T07:18:26.889+0000] {dagbag.py:587} INFO - Filling up the DagBag from /home/airflow/.local/lib/python3.12/site-packages/airflow/example_dags/example_nested_branch_dag.py
[2025-07-16T07:18:26.905+0000] {processor.py:925} INFO - DAG(s) 'example_nested_branch_dag' retrieved from /home/airflow/.local/lib/python3.12/site-packages/airflow/example_dags/example_nested_branch_dag.py
[2025-07-16T07:18:26.931+0000] {logging_mixin.py:190} INFO - [2025-07-16T07:18:26.931+0000] {dag.py:3229} INFO - Sync 1 DAGs
[2025-07-16T07:18:26.960+0000] {logging_mixin.py:190} INFO - [2025-07-16T07:18:26.959+0000] {dag.py:4156} INFO - Setting next_dagrun for example_nested_branch_dag to 2025-07-15 00:00:00+00:00, run_after=2025-07-16 00:00:00+00:00
[2025-07-16T07:18:26.989+0000] {processor.py:208} INFO - Processing /home/airflow/.local/lib/python3.12/site-packages/airflow/example_dags/example_nested_branch_dag.py took 0.112 seconds
[2025-07-16T07:18:57.655+0000] {processor.py:186} INFO - Started process (PID=1031) to work on /home/airflow/.local/lib/python3.12/site-packages/airflow/example_dags/example_nested_branch_dag.py
[2025-07-16T07:18:57.656+0000] {processor.py:914} INFO - Processing file /home/airflow/.local/lib/python3.12/site-packages/airflow/example_dags/example_nested_branch_dag.py for tasks to queue
[2025-07-16T07:18:57.658+0000] {logging_mixin.py:190} INFO - [2025-07-16T07:18:57.658+0000] {dagbag.py:587} INFO - Filling up the DagBag from /home/airflow/.local/lib/python3.12/site-packages/airflow/example_dags/example_nested_branch_dag.py
[2025-07-16T07:18:57.670+0000] {processor.py:925} INFO - DAG(s) 'example_nested_branch_dag' retrieved from /home/airflow/.local/lib/python3.12/site-packages/airflow/example_dags/example_nested_branch_dag.py
[2025-07-16T07:18:57.694+0000] {logging_mixin.py:190} INFO - [2025-07-16T07:18:57.694+0000] {dag.py:3229} INFO - Sync 1 DAGs
[2025-07-16T07:18:57.723+0000] {logging_mixin.py:190} INFO - [2025-07-16T07:18:57.723+0000] {dag.py:4156} INFO - Setting next_dagrun for example_nested_branch_dag to 2025-07-15 00:00:00+00:00, run_after=2025-07-16 00:00:00+00:00
[2025-07-16T07:18:57.751+0000] {processor.py:208} INFO - Processing /home/airflow/.local/lib/python3.12/site-packages/airflow/example_dags/example_nested_branch_dag.py took 0.103 seconds
[2025-07-16T07:19:28.130+0000] {processor.py:186} INFO - Started process (PID=1088) to work on /home/airflow/.local/lib/python3.12/site-packages/airflow/example_dags/example_nested_branch_dag.py
[2025-07-16T07:19:28.131+0000] {processor.py:914} INFO - Processing file /home/airflow/.local/lib/python3.12/site-packages/airflow/example_dags/example_nested_branch_dag.py for tasks to queue
[2025-07-16T07:19:28.133+0000] {logging_mixin.py:190} INFO - [2025-07-16T07:19:28.133+0000] {dagbag.py:587} INFO - Filling up the DagBag from /home/airflow/.local/lib/python3.12/site-packages/airflow/example_dags/example_nested_branch_dag.py
[2025-07-16T07:19:28.145+0000] {processor.py:925} INFO - DAG(s) 'example_nested_branch_dag' retrieved from /home/airflow/.local/lib/python3.12/site-packages/airflow/example_dags/example_nested_branch_dag.py
[2025-07-16T07:19:28.169+0000] {logging_mixin.py:190} INFO - [2025-07-16T07:19:28.168+0000] {dag.py:3229} INFO - Sync 1 DAGs
[2025-07-16T07:19:28.205+0000] {logging_mixin.py:190} INFO - [2025-07-16T07:19:28.205+0000] {dag.py:4156} INFO - Setting next_dagrun for example_nested_branch_dag to 2025-07-15 00:00:00+00:00, run_after=2025-07-16 00:00:00+00:00
[2025-07-16T07:19:28.230+0000] {processor.py:208} INFO - Processing /home/airflow/.local/lib/python3.12/site-packages/airflow/example_dags/example_nested_branch_dag.py took 0.107 seconds
[2025-07-16T07:19:58.532+0000] {processor.py:186} INFO - Started process (PID=1145) to work on /home/airflow/.local/lib/python3.12/site-packages/airflow/example_dags/example_nested_branch_dag.py
[2025-07-16T07:19:58.533+0000] {processor.py:914} INFO - Processing file /home/airflow/.local/lib/python3.12/site-packages/airflow/example_dags/example_nested_branch_dag.py for tasks to queue
[2025-07-16T07:19:58.536+0000] {logging_mixin.py:190} INFO - [2025-07-16T07:19:58.535+0000] {dagbag.py:587} INFO - Filling up the DagBag from /home/airflow/.local/lib/python3.12/site-packages/airflow/example_dags/example_nested_branch_dag.py
[2025-07-16T07:19:58.547+0000] {processor.py:925} INFO - DAG(s) 'example_nested_branch_dag' retrieved from /home/airflow/.local/lib/python3.12/site-packages/airflow/example_dags/example_nested_branch_dag.py
[2025-07-16T07:19:58.569+0000] {logging_mixin.py:190} INFO - [2025-07-16T07:19:58.568+0000] {dag.py:3229} INFO - Sync 1 DAGs
[2025-07-16T07:19:58.591+0000] {logging_mixin.py:190} INFO - [2025-07-16T07:19:58.591+0000] {dag.py:4156} INFO - Setting next_dagrun for example_nested_branch_dag to 2025-07-15 00:00:00+00:00, run_after=2025-07-16 00:00:00+00:00
[2025-07-16T07:19:58.613+0000] {processor.py:208} INFO - Processing /home/airflow/.local/lib/python3.12/site-packages/airflow/example_dags/example_nested_branch_dag.py took 0.087 seconds
[2025-07-16T07:20:29.088+0000] {processor.py:186} INFO - Started process (PID=1202) to work on /home/airflow/.local/lib/python3.12/site-packages/airflow/example_dags/example_nested_branch_dag.py
[2025-07-16T07:20:29.090+0000] {processor.py:914} INFO - Processing file /home/airflow/.local/lib/python3.12/site-packages/airflow/example_dags/example_nested_branch_dag.py for tasks to queue
[2025-07-16T07:20:29.093+0000] {logging_mixin.py:190} INFO - [2025-07-16T07:20:29.092+0000] {dagbag.py:587} INFO - Filling up the DagBag from /home/airflow/.local/lib/python3.12/site-packages/airflow/example_dags/example_nested_branch_dag.py
[2025-07-16T07:20:29.107+0000] {processor.py:925} INFO - DAG(s) 'example_nested_branch_dag' retrieved from /home/airflow/.local/lib/python3.12/site-packages/airflow/example_dags/example_nested_branch_dag.py
[2025-07-16T07:20:29.138+0000] {logging_mixin.py:190} INFO - [2025-07-16T07:20:29.138+0000] {dag.py:3229} INFO - Sync 1 DAGs
[2025-07-16T07:20:29.168+0000] {logging_mixin.py:190} INFO - [2025-07-16T07:20:29.168+0000] {dag.py:4156} INFO - Setting next_dagrun for example_nested_branch_dag to 2025-07-15 00:00:00+00:00, run_after=2025-07-16 00:00:00+00:00
[2025-07-16T07:20:29.192+0000] {processor.py:208} INFO - Processing /home/airflow/.local/lib/python3.12/site-packages/airflow/example_dags/example_nested_branch_dag.py took 0.112 seconds
[2025-07-16T07:20:59.755+0000] {processor.py:186} INFO - Started process (PID=1259) to work on /home/airflow/.local/lib/python3.12/site-packages/airflow/example_dags/example_nested_branch_dag.py
[2025-07-16T07:20:59.756+0000] {processor.py:914} INFO - Processing file /home/airflow/.local/lib/python3.12/site-packages/airflow/example_dags/example_nested_branch_dag.py for tasks to queue
[2025-07-16T07:20:59.759+0000] {logging_mixin.py:190} INFO - [2025-07-16T07:20:59.758+0000] {dagbag.py:587} INFO - Filling up the DagBag from /home/airflow/.local/lib/python3.12/site-packages/airflow/example_dags/example_nested_branch_dag.py
[2025-07-16T07:20:59.772+0000] {processor.py:925} INFO - DAG(s) 'example_nested_branch_dag' retrieved from /home/airflow/.local/lib/python3.12/site-packages/airflow/example_dags/example_nested_branch_dag.py
[2025-07-16T07:20:59.796+0000] {logging_mixin.py:190} INFO - [2025-07-16T07:20:59.796+0000] {dag.py:3229} INFO - Sync 1 DAGs
[2025-07-16T07:20:59.824+0000] {logging_mixin.py:190} INFO - [2025-07-16T07:20:59.823+0000] {dag.py:4156} INFO - Setting next_dagrun for example_nested_branch_dag to 2025-07-15 00:00:00+00:00, run_after=2025-07-16 00:00:00+00:00
[2025-07-16T07:20:59.854+0000] {processor.py:208} INFO - Processing /home/airflow/.local/lib/python3.12/site-packages/airflow/example_dags/example_nested_branch_dag.py took 0.106 seconds
[2025-07-16T07:21:30.681+0000] {processor.py:186} INFO - Started process (PID=1316) to work on /home/airflow/.local/lib/python3.12/site-packages/airflow/example_dags/example_nested_branch_dag.py
[2025-07-16T07:21:30.682+0000] {processor.py:914} INFO - Processing file /home/airflow/.local/lib/python3.12/site-packages/airflow/example_dags/example_nested_branch_dag.py for tasks to queue
[2025-07-16T07:21:30.685+0000] {logging_mixin.py:190} INFO - [2025-07-16T07:21:30.684+0000] {dagbag.py:587} INFO - Filling up the DagBag from /home/airflow/.local/lib/python3.12/site-packages/airflow/example_dags/example_nested_branch_dag.py
[2025-07-16T07:21:30.698+0000] {processor.py:925} INFO - DAG(s) 'example_nested_branch_dag' retrieved from /home/airflow/.local/lib/python3.12/site-packages/airflow/example_dags/example_nested_branch_dag.py
[2025-07-16T07:21:30.721+0000] {logging_mixin.py:190} INFO - [2025-07-16T07:21:30.721+0000] {dag.py:3229} INFO - Sync 1 DAGs
[2025-07-16T07:21:30.752+0000] {logging_mixin.py:190} INFO - [2025-07-16T07:21:30.752+0000] {dag.py:4156} INFO - Setting next_dagrun for example_nested_branch_dag to 2025-07-15 00:00:00+00:00, run_after=2025-07-16 00:00:00+00:00
[2025-07-16T07:21:30.775+0000] {processor.py:208} INFO - Processing /home/airflow/.local/lib/python3.12/site-packages/airflow/example_dags/example_nested_branch_dag.py took 0.105 seconds
[2025-07-16T07:22:01.496+0000] {processor.py:186} INFO - Started process (PID=1373) to work on /home/airflow/.local/lib/python3.12/site-packages/airflow/example_dags/example_nested_branch_dag.py
[2025-07-16T07:22:01.497+0000] {processor.py:914} INFO - Processing file /home/airflow/.local/lib/python3.12/site-packages/airflow/example_dags/example_nested_branch_dag.py for tasks to queue
[2025-07-16T07:22:01.499+0000] {logging_mixin.py:190} INFO - [2025-07-16T07:22:01.499+0000] {dagbag.py:587} INFO - Filling up the DagBag from /home/airflow/.local/lib/python3.12/site-packages/airflow/example_dags/example_nested_branch_dag.py
[2025-07-16T07:22:01.511+0000] {processor.py:925} INFO - DAG(s) 'example_nested_branch_dag' retrieved from /home/airflow/.local/lib/python3.12/site-packages/airflow/example_dags/example_nested_branch_dag.py
[2025-07-16T07:22:01.532+0000] {logging_mixin.py:190} INFO - [2025-07-16T07:22:01.532+0000] {dag.py:3229} INFO - Sync 1 DAGs
[2025-07-16T07:22:01.555+0000] {logging_mixin.py:190} INFO - [2025-07-16T07:22:01.555+0000] {dag.py:4156} INFO - Setting next_dagrun for example_nested_branch_dag to 2025-07-15 00:00:00+00:00, run_after=2025-07-16 00:00:00+00:00
[2025-07-16T07:22:01.578+0000] {processor.py:208} INFO - Processing /home/airflow/.local/lib/python3.12/site-packages/airflow/example_dags/example_nested_branch_dag.py took 0.089 seconds
[2025-07-16T07:22:32.472+0000] {processor.py:186} INFO - Started process (PID=1430) to work on /home/airflow/.local/lib/python3.12/site-packages/airflow/example_dags/example_nested_branch_dag.py
[2025-07-16T07:22:32.473+0000] {processor.py:914} INFO - Processing file /home/airflow/.local/lib/python3.12/site-packages/airflow/example_dags/example_nested_branch_dag.py for tasks to queue
[2025-07-16T07:22:32.476+0000] {logging_mixin.py:190} INFO - [2025-07-16T07:22:32.476+0000] {dagbag.py:587} INFO - Filling up the DagBag from /home/airflow/.local/lib/python3.12/site-packages/airflow/example_dags/example_nested_branch_dag.py
[2025-07-16T07:22:32.491+0000] {processor.py:925} INFO - DAG(s) 'example_nested_branch_dag' retrieved from /home/airflow/.local/lib/python3.12/site-packages/airflow/example_dags/example_nested_branch_dag.py
[2025-07-16T07:22:32.514+0000] {logging_mixin.py:190} INFO - [2025-07-16T07:22:32.514+0000] {dag.py:3229} INFO - Sync 1 DAGs
[2025-07-16T07:22:32.541+0000] {logging_mixin.py:190} INFO - [2025-07-16T07:22:32.540+0000] {dag.py:4156} INFO - Setting next_dagrun for example_nested_branch_dag to 2025-07-15 00:00:00+00:00, run_after=2025-07-16 00:00:00+00:00
[2025-07-16T07:22:32.565+0000] {processor.py:208} INFO - Processing /home/airflow/.local/lib/python3.12/site-packages/airflow/example_dags/example_nested_branch_dag.py took 0.100 seconds
[2025-07-16T07:23:03.174+0000] {processor.py:186} INFO - Started process (PID=1487) to work on /home/airflow/.local/lib/python3.12/site-packages/airflow/example_dags/example_nested_branch_dag.py
[2025-07-16T07:23:03.175+0000] {processor.py:914} INFO - Processing file /home/airflow/.local/lib/python3.12/site-packages/airflow/example_dags/example_nested_branch_dag.py for tasks to queue
[2025-07-16T07:23:03.177+0000] {logging_mixin.py:190} INFO - [2025-07-16T07:23:03.177+0000] {dagbag.py:587} INFO - Filling up the DagBag from /home/airflow/.local/lib/python3.12/site-packages/airflow/example_dags/example_nested_branch_dag.py
[2025-07-16T07:23:03.190+0000] {processor.py:925} INFO - DAG(s) 'example_nested_branch_dag' retrieved from /home/airflow/.local/lib/python3.12/site-packages/airflow/example_dags/example_nested_branch_dag.py
[2025-07-16T07:23:03.217+0000] {logging_mixin.py:190} INFO - [2025-07-16T07:23:03.216+0000] {dag.py:3229} INFO - Sync 1 DAGs
[2025-07-16T07:23:03.246+0000] {logging_mixin.py:190} INFO - [2025-07-16T07:23:03.246+0000] {dag.py:4156} INFO - Setting next_dagrun for example_nested_branch_dag to 2025-07-15 00:00:00+00:00, run_after=2025-07-16 00:00:00+00:00
[2025-07-16T07:23:03.271+0000] {processor.py:208} INFO - Processing /home/airflow/.local/lib/python3.12/site-packages/airflow/example_dags/example_nested_branch_dag.py took 0.104 seconds
[2025-07-16T07:23:34.541+0000] {processor.py:186} INFO - Started process (PID=1544) to work on /home/airflow/.local/lib/python3.12/site-packages/airflow/example_dags/example_nested_branch_dag.py
[2025-07-16T07:23:34.542+0000] {processor.py:914} INFO - Processing file /home/airflow/.local/lib/python3.12/site-packages/airflow/example_dags/example_nested_branch_dag.py for tasks to queue
[2025-07-16T07:23:34.545+0000] {logging_mixin.py:190} INFO - [2025-07-16T07:23:34.544+0000] {dagbag.py:587} INFO - Filling up the DagBag from /home/airflow/.local/lib/python3.12/site-packages/airflow/example_dags/example_nested_branch_dag.py
[2025-07-16T07:23:34.557+0000] {processor.py:925} INFO - DAG(s) 'example_nested_branch_dag' retrieved from /home/airflow/.local/lib/python3.12/site-packages/airflow/example_dags/example_nested_branch_dag.py
[2025-07-16T07:23:34.581+0000] {logging_mixin.py:190} INFO - [2025-07-16T07:23:34.580+0000] {dag.py:3229} INFO - Sync 1 DAGs
[2025-07-16T07:23:34.607+0000] {logging_mixin.py:190} INFO - [2025-07-16T07:23:34.606+0000] {dag.py:4156} INFO - Setting next_dagrun for example_nested_branch_dag to 2025-07-15 00:00:00+00:00, run_after=2025-07-16 00:00:00+00:00
[2025-07-16T07:23:34.631+0000] {processor.py:208} INFO - Processing /home/airflow/.local/lib/python3.12/site-packages/airflow/example_dags/example_nested_branch_dag.py took 0.099 seconds
[2025-07-16T07:24:05.024+0000] {processor.py:186} INFO - Started process (PID=1601) to work on /home/airflow/.local/lib/python3.12/site-packages/airflow/example_dags/example_nested_branch_dag.py
[2025-07-16T07:24:05.025+0000] {processor.py:914} INFO - Processing file /home/airflow/.local/lib/python3.12/site-packages/airflow/example_dags/example_nested_branch_dag.py for tasks to queue
[2025-07-16T07:24:05.027+0000] {logging_mixin.py:190} INFO - [2025-07-16T07:24:05.027+0000] {dagbag.py:587} INFO - Filling up the DagBag from /home/airflow/.local/lib/python3.12/site-packages/airflow/example_dags/example_nested_branch_dag.py
[2025-07-16T07:24:05.040+0000] {processor.py:925} INFO - DAG(s) 'example_nested_branch_dag' retrieved from /home/airflow/.local/lib/python3.12/site-packages/airflow/example_dags/example_nested_branch_dag.py
[2025-07-16T07:24:05.065+0000] {logging_mixin.py:190} INFO - [2025-07-16T07:24:05.065+0000] {dag.py:3229} INFO - Sync 1 DAGs
[2025-07-16T07:24:05.095+0000] {logging_mixin.py:190} INFO - [2025-07-16T07:24:05.095+0000] {dag.py:4156} INFO - Setting next_dagrun for example_nested_branch_dag to 2025-07-15 00:00:00+00:00, run_after=2025-07-16 00:00:00+00:00
[2025-07-16T07:24:05.121+0000] {processor.py:208} INFO - Processing /home/airflow/.local/lib/python3.12/site-packages/airflow/example_dags/example_nested_branch_dag.py took 0.105 seconds
[2025-07-16T07:24:35.844+0000] {processor.py:186} INFO - Started process (PID=1658) to work on /home/airflow/.local/lib/python3.12/site-packages/airflow/example_dags/example_nested_branch_dag.py
[2025-07-16T07:24:35.845+0000] {processor.py:914} INFO - Processing file /home/airflow/.local/lib/python3.12/site-packages/airflow/example_dags/example_nested_branch_dag.py for tasks to queue
[2025-07-16T07:24:35.849+0000] {logging_mixin.py:190} INFO - [2025-07-16T07:24:35.848+0000] {dagbag.py:587} INFO - Filling up the DagBag from /home/airflow/.local/lib/python3.12/site-packages/airflow/example_dags/example_nested_branch_dag.py
[2025-07-16T07:24:35.862+0000] {processor.py:925} INFO - DAG(s) 'example_nested_branch_dag' retrieved from /home/airflow/.local/lib/python3.12/site-packages/airflow/example_dags/example_nested_branch_dag.py
[2025-07-16T07:24:35.893+0000] {logging_mixin.py:190} INFO - [2025-07-16T07:24:35.893+0000] {dag.py:3229} INFO - Sync 1 DAGs
[2025-07-16T07:24:35.919+0000] {logging_mixin.py:190} INFO - [2025-07-16T07:24:35.918+0000] {dag.py:4156} INFO - Setting next_dagrun for example_nested_branch_dag to 2025-07-15 00:00:00+00:00, run_after=2025-07-16 00:00:00+00:00
[2025-07-16T07:24:35.941+0000] {processor.py:208} INFO - Processing /home/airflow/.local/lib/python3.12/site-packages/airflow/example_dags/example_nested_branch_dag.py took 0.104 seconds
[2025-07-16T07:25:06.923+0000] {processor.py:186} INFO - Started process (PID=1715) to work on /home/airflow/.local/lib/python3.12/site-packages/airflow/example_dags/example_nested_branch_dag.py
[2025-07-16T07:25:06.924+0000] {processor.py:914} INFO - Processing file /home/airflow/.local/lib/python3.12/site-packages/airflow/example_dags/example_nested_branch_dag.py for tasks to queue
[2025-07-16T07:25:06.927+0000] {logging_mixin.py:190} INFO - [2025-07-16T07:25:06.926+0000] {dagbag.py:587} INFO - Filling up the DagBag from /home/airflow/.local/lib/python3.12/site-packages/airflow/example_dags/example_nested_branch_dag.py
[2025-07-16T07:25:06.938+0000] {processor.py:925} INFO - DAG(s) 'example_nested_branch_dag' retrieved from /home/airflow/.local/lib/python3.12/site-packages/airflow/example_dags/example_nested_branch_dag.py
[2025-07-16T07:25:06.962+0000] {logging_mixin.py:190} INFO - [2025-07-16T07:25:06.961+0000] {dag.py:3229} INFO - Sync 1 DAGs
[2025-07-16T07:25:06.986+0000] {logging_mixin.py:190} INFO - [2025-07-16T07:25:06.986+0000] {dag.py:4156} INFO - Setting next_dagrun for example_nested_branch_dag to 2025-07-15 00:00:00+00:00, run_after=2025-07-16 00:00:00+00:00
[2025-07-16T07:25:07.014+0000] {processor.py:208} INFO - Processing /home/airflow/.local/lib/python3.12/site-packages/airflow/example_dags/example_nested_branch_dag.py took 0.097 seconds
[2025-07-16T07:25:37.103+0000] {processor.py:186} INFO - Started process (PID=1771) to work on /home/airflow/.local/lib/python3.12/site-packages/airflow/example_dags/example_nested_branch_dag.py
[2025-07-16T07:25:37.105+0000] {processor.py:914} INFO - Processing file /home/airflow/.local/lib/python3.12/site-packages/airflow/example_dags/example_nested_branch_dag.py for tasks to queue
[2025-07-16T07:25:37.107+0000] {logging_mixin.py:190} INFO - [2025-07-16T07:25:37.107+0000] {dagbag.py:587} INFO - Filling up the DagBag from /home/airflow/.local/lib/python3.12/site-packages/airflow/example_dags/example_nested_branch_dag.py
[2025-07-16T07:25:37.122+0000] {processor.py:925} INFO - DAG(s) 'example_nested_branch_dag' retrieved from /home/airflow/.local/lib/python3.12/site-packages/airflow/example_dags/example_nested_branch_dag.py
[2025-07-16T07:25:37.144+0000] {logging_mixin.py:190} INFO - [2025-07-16T07:25:37.144+0000] {dag.py:3229} INFO - Sync 1 DAGs
[2025-07-16T07:25:37.169+0000] {logging_mixin.py:190} INFO - [2025-07-16T07:25:37.168+0000] {dag.py:4156} INFO - Setting next_dagrun for example_nested_branch_dag to 2025-07-15 00:00:00+00:00, run_after=2025-07-16 00:00:00+00:00
[2025-07-16T07:25:37.187+0000] {processor.py:208} INFO - Processing /home/airflow/.local/lib/python3.12/site-packages/airflow/example_dags/example_nested_branch_dag.py took 0.091 seconds
[2025-07-16T07:26:07.548+0000] {processor.py:186} INFO - Started process (PID=1828) to work on /home/airflow/.local/lib/python3.12/site-packages/airflow/example_dags/example_nested_branch_dag.py
[2025-07-16T07:26:07.549+0000] {processor.py:914} INFO - Processing file /home/airflow/.local/lib/python3.12/site-packages/airflow/example_dags/example_nested_branch_dag.py for tasks to queue
[2025-07-16T07:26:07.551+0000] {logging_mixin.py:190} INFO - [2025-07-16T07:26:07.551+0000] {dagbag.py:587} INFO - Filling up the DagBag from /home/airflow/.local/lib/python3.12/site-packages/airflow/example_dags/example_nested_branch_dag.py
[2025-07-16T07:26:07.563+0000] {processor.py:925} INFO - DAG(s) 'example_nested_branch_dag' retrieved from /home/airflow/.local/lib/python3.12/site-packages/airflow/example_dags/example_nested_branch_dag.py
[2025-07-16T07:26:07.588+0000] {logging_mixin.py:190} INFO - [2025-07-16T07:26:07.587+0000] {dag.py:3229} INFO - Sync 1 DAGs
[2025-07-16T07:26:07.612+0000] {logging_mixin.py:190} INFO - [2025-07-16T07:26:07.612+0000] {dag.py:4156} INFO - Setting next_dagrun for example_nested_branch_dag to 2025-07-15 00:00:00+00:00, run_after=2025-07-16 00:00:00+00:00
[2025-07-16T07:26:07.638+0000] {processor.py:208} INFO - Processing /home/airflow/.local/lib/python3.12/site-packages/airflow/example_dags/example_nested_branch_dag.py took 0.097 seconds
[2025-07-16T07:26:38.856+0000] {processor.py:186} INFO - Started process (PID=1885) to work on /home/airflow/.local/lib/python3.12/site-packages/airflow/example_dags/example_nested_branch_dag.py
[2025-07-16T07:26:38.858+0000] {processor.py:914} INFO - Processing file /home/airflow/.local/lib/python3.12/site-packages/airflow/example_dags/example_nested_branch_dag.py for tasks to queue
[2025-07-16T07:26:38.860+0000] {logging_mixin.py:190} INFO - [2025-07-16T07:26:38.860+0000] {dagbag.py:587} INFO - Filling up the DagBag from /home/airflow/.local/lib/python3.12/site-packages/airflow/example_dags/example_nested_branch_dag.py
[2025-07-16T07:26:38.873+0000] {processor.py:925} INFO - DAG(s) 'example_nested_branch_dag' retrieved from /home/airflow/.local/lib/python3.12/site-packages/airflow/example_dags/example_nested_branch_dag.py
[2025-07-16T07:26:38.899+0000] {logging_mixin.py:190} INFO - [2025-07-16T07:26:38.899+0000] {dag.py:3229} INFO - Sync 1 DAGs
[2025-07-16T07:26:38.927+0000] {logging_mixin.py:190} INFO - [2025-07-16T07:26:38.927+0000] {dag.py:4156} INFO - Setting next_dagrun for example_nested_branch_dag to 2025-07-15 00:00:00+00:00, run_after=2025-07-16 00:00:00+00:00
[2025-07-16T07:26:38.950+0000] {processor.py:208} INFO - Processing /home/airflow/.local/lib/python3.12/site-packages/airflow/example_dags/example_nested_branch_dag.py took 0.101 seconds
[2025-07-16T07:27:09.819+0000] {processor.py:186} INFO - Started process (PID=1942) to work on /home/airflow/.local/lib/python3.12/site-packages/airflow/example_dags/example_nested_branch_dag.py
[2025-07-16T07:27:09.820+0000] {processor.py:914} INFO - Processing file /home/airflow/.local/lib/python3.12/site-packages/airflow/example_dags/example_nested_branch_dag.py for tasks to queue
[2025-07-16T07:27:09.823+0000] {logging_mixin.py:190} INFO - [2025-07-16T07:27:09.823+0000] {dagbag.py:587} INFO - Filling up the DagBag from /home/airflow/.local/lib/python3.12/site-packages/airflow/example_dags/example_nested_branch_dag.py
[2025-07-16T07:27:09.835+0000] {processor.py:925} INFO - DAG(s) 'example_nested_branch_dag' retrieved from /home/airflow/.local/lib/python3.12/site-packages/airflow/example_dags/example_nested_branch_dag.py
[2025-07-16T07:27:09.858+0000] {logging_mixin.py:190} INFO - [2025-07-16T07:27:09.857+0000] {dag.py:3229} INFO - Sync 1 DAGs
[2025-07-16T07:27:09.882+0000] {logging_mixin.py:190} INFO - [2025-07-16T07:27:09.882+0000] {dag.py:4156} INFO - Setting next_dagrun for example_nested_branch_dag to 2025-07-15 00:00:00+00:00, run_after=2025-07-16 00:00:00+00:00
[2025-07-16T07:27:09.901+0000] {processor.py:208} INFO - Processing /home/airflow/.local/lib/python3.12/site-packages/airflow/example_dags/example_nested_branch_dag.py took 0.089 seconds
[2025-07-16T07:27:40.941+0000] {processor.py:186} INFO - Started process (PID=1999) to work on /home/airflow/.local/lib/python3.12/site-packages/airflow/example_dags/example_nested_branch_dag.py
[2025-07-16T07:27:40.942+0000] {processor.py:914} INFO - Processing file /home/airflow/.local/lib/python3.12/site-packages/airflow/example_dags/example_nested_branch_dag.py for tasks to queue
[2025-07-16T07:27:40.945+0000] {logging_mixin.py:190} INFO - [2025-07-16T07:27:40.944+0000] {dagbag.py:587} INFO - Filling up the DagBag from /home/airflow/.local/lib/python3.12/site-packages/airflow/example_dags/example_nested_branch_dag.py
[2025-07-16T07:27:40.956+0000] {processor.py:925} INFO - DAG(s) 'example_nested_branch_dag' retrieved from /home/airflow/.local/lib/python3.12/site-packages/airflow/example_dags/example_nested_branch_dag.py
[2025-07-16T07:27:40.978+0000] {logging_mixin.py:190} INFO - [2025-07-16T07:27:40.978+0000] {dag.py:3229} INFO - Sync 1 DAGs
[2025-07-16T07:27:41.002+0000] {logging_mixin.py:190} INFO - [2025-07-16T07:27:41.001+0000] {dag.py:4156} INFO - Setting next_dagrun for example_nested_branch_dag to 2025-07-15 00:00:00+00:00, run_after=2025-07-16 00:00:00+00:00
[2025-07-16T07:27:41.022+0000] {processor.py:208} INFO - Processing /home/airflow/.local/lib/python3.12/site-packages/airflow/example_dags/example_nested_branch_dag.py took 0.087 seconds
[2025-07-16T07:28:11.567+0000] {processor.py:186} INFO - Started process (PID=2056) to work on /home/airflow/.local/lib/python3.12/site-packages/airflow/example_dags/example_nested_branch_dag.py
[2025-07-16T07:28:11.569+0000] {processor.py:914} INFO - Processing file /home/airflow/.local/lib/python3.12/site-packages/airflow/example_dags/example_nested_branch_dag.py for tasks to queue
[2025-07-16T07:28:11.572+0000] {logging_mixin.py:190} INFO - [2025-07-16T07:28:11.571+0000] {dagbag.py:587} INFO - Filling up the DagBag from /home/airflow/.local/lib/python3.12/site-packages/airflow/example_dags/example_nested_branch_dag.py
[2025-07-16T07:28:11.587+0000] {processor.py:925} INFO - DAG(s) 'example_nested_branch_dag' retrieved from /home/airflow/.local/lib/python3.12/site-packages/airflow/example_dags/example_nested_branch_dag.py
[2025-07-16T07:28:11.611+0000] {logging_mixin.py:190} INFO - [2025-07-16T07:28:11.611+0000] {dag.py:3229} INFO - Sync 1 DAGs
[2025-07-16T07:28:11.637+0000] {logging_mixin.py:190} INFO - [2025-07-16T07:28:11.637+0000] {dag.py:4156} INFO - Setting next_dagrun for example_nested_branch_dag to 2025-07-15 00:00:00+00:00, run_after=2025-07-16 00:00:00+00:00
[2025-07-16T07:28:11.663+0000] {processor.py:208} INFO - Processing /home/airflow/.local/lib/python3.12/site-packages/airflow/example_dags/example_nested_branch_dag.py took 0.102 seconds
[2025-07-16T07:28:42.149+0000] {processor.py:186} INFO - Started process (PID=2113) to work on /home/airflow/.local/lib/python3.12/site-packages/airflow/example_dags/example_nested_branch_dag.py
[2025-07-16T07:28:42.151+0000] {processor.py:914} INFO - Processing file /home/airflow/.local/lib/python3.12/site-packages/airflow/example_dags/example_nested_branch_dag.py for tasks to queue
[2025-07-16T07:28:42.154+0000] {logging_mixin.py:190} INFO - [2025-07-16T07:28:42.154+0000] {dagbag.py:587} INFO - Filling up the DagBag from /home/airflow/.local/lib/python3.12/site-packages/airflow/example_dags/example_nested_branch_dag.py
[2025-07-16T07:28:42.176+0000] {processor.py:925} INFO - DAG(s) 'example_nested_branch_dag' retrieved from /home/airflow/.local/lib/python3.12/site-packages/airflow/example_dags/example_nested_branch_dag.py
[2025-07-16T07:28:42.204+0000] {logging_mixin.py:190} INFO - [2025-07-16T07:28:42.204+0000] {dag.py:3229} INFO - Sync 1 DAGs
[2025-07-16T07:28:42.235+0000] {logging_mixin.py:190} INFO - [2025-07-16T07:28:42.235+0000] {dag.py:4156} INFO - Setting next_dagrun for example_nested_branch_dag to 2025-07-15 00:00:00+00:00, run_after=2025-07-16 00:00:00+00:00
[2025-07-16T07:28:42.264+0000] {processor.py:208} INFO - Processing /home/airflow/.local/lib/python3.12/site-packages/airflow/example_dags/example_nested_branch_dag.py took 0.126 seconds
[2025-07-16T07:29:13.018+0000] {processor.py:186} INFO - Started process (PID=2170) to work on /home/airflow/.local/lib/python3.12/site-packages/airflow/example_dags/example_nested_branch_dag.py
[2025-07-16T07:29:13.020+0000] {processor.py:914} INFO - Processing file /home/airflow/.local/lib/python3.12/site-packages/airflow/example_dags/example_nested_branch_dag.py for tasks to queue
[2025-07-16T07:29:13.022+0000] {logging_mixin.py:190} INFO - [2025-07-16T07:29:13.022+0000] {dagbag.py:587} INFO - Filling up the DagBag from /home/airflow/.local/lib/python3.12/site-packages/airflow/example_dags/example_nested_branch_dag.py
[2025-07-16T07:29:13.035+0000] {processor.py:925} INFO - DAG(s) 'example_nested_branch_dag' retrieved from /home/airflow/.local/lib/python3.12/site-packages/airflow/example_dags/example_nested_branch_dag.py
[2025-07-16T07:29:13.060+0000] {logging_mixin.py:190} INFO - [2025-07-16T07:29:13.060+0000] {dag.py:3229} INFO - Sync 1 DAGs
[2025-07-16T07:29:13.087+0000] {logging_mixin.py:190} INFO - [2025-07-16T07:29:13.086+0000] {dag.py:4156} INFO - Setting next_dagrun for example_nested_branch_dag to 2025-07-15 00:00:00+00:00, run_after=2025-07-16 00:00:00+00:00
[2025-07-16T07:29:13.111+0000] {processor.py:208} INFO - Processing /home/airflow/.local/lib/python3.12/site-packages/airflow/example_dags/example_nested_branch_dag.py took 0.099 seconds
[2025-07-16T07:29:43.543+0000] {processor.py:186} INFO - Started process (PID=2227) to work on /home/airflow/.local/lib/python3.12/site-packages/airflow/example_dags/example_nested_branch_dag.py
[2025-07-16T07:29:43.545+0000] {processor.py:914} INFO - Processing file /home/airflow/.local/lib/python3.12/site-packages/airflow/example_dags/example_nested_branch_dag.py for tasks to queue
[2025-07-16T07:29:43.547+0000] {logging_mixin.py:190} INFO - [2025-07-16T07:29:43.547+0000] {dagbag.py:587} INFO - Filling up the DagBag from /home/airflow/.local/lib/python3.12/site-packages/airflow/example_dags/example_nested_branch_dag.py
[2025-07-16T07:29:43.558+0000] {processor.py:925} INFO - DAG(s) 'example_nested_branch_dag' retrieved from /home/airflow/.local/lib/python3.12/site-packages/airflow/example_dags/example_nested_branch_dag.py
[2025-07-16T07:29:43.593+0000] {logging_mixin.py:190} INFO - [2025-07-16T07:29:43.593+0000] {dag.py:3229} INFO - Sync 1 DAGs
[2025-07-16T07:29:43.631+0000] {logging_mixin.py:190} INFO - [2025-07-16T07:29:43.631+0000] {dag.py:4156} INFO - Setting next_dagrun for example_nested_branch_dag to 2025-07-15 00:00:00+00:00, run_after=2025-07-16 00:00:00+00:00
[2025-07-16T07:29:43.657+0000] {processor.py:208} INFO - Processing /home/airflow/.local/lib/python3.12/site-packages/airflow/example_dags/example_nested_branch_dag.py took 0.120 seconds
[2025-07-16T07:30:14.882+0000] {processor.py:186} INFO - Started process (PID=2284) to work on /home/airflow/.local/lib/python3.12/site-packages/airflow/example_dags/example_nested_branch_dag.py
[2025-07-16T07:30:14.883+0000] {processor.py:914} INFO - Processing file /home/airflow/.local/lib/python3.12/site-packages/airflow/example_dags/example_nested_branch_dag.py for tasks to queue
[2025-07-16T07:30:14.885+0000] {logging_mixin.py:190} INFO - [2025-07-16T07:30:14.885+0000] {dagbag.py:587} INFO - Filling up the DagBag from /home/airflow/.local/lib/python3.12/site-packages/airflow/example_dags/example_nested_branch_dag.py
[2025-07-16T07:30:14.897+0000] {processor.py:925} INFO - DAG(s) 'example_nested_branch_dag' retrieved from /home/airflow/.local/lib/python3.12/site-packages/airflow/example_dags/example_nested_branch_dag.py
[2025-07-16T07:30:14.919+0000] {logging_mixin.py:190} INFO - [2025-07-16T07:30:14.918+0000] {dag.py:3229} INFO - Sync 1 DAGs
[2025-07-16T07:30:14.941+0000] {logging_mixin.py:190} INFO - [2025-07-16T07:30:14.941+0000] {dag.py:4156} INFO - Setting next_dagrun for example_nested_branch_dag to 2025-07-15 00:00:00+00:00, run_after=2025-07-16 00:00:00+00:00
[2025-07-16T07:30:14.962+0000] {processor.py:208} INFO - Processing /home/airflow/.local/lib/python3.12/site-packages/airflow/example_dags/example_nested_branch_dag.py took 0.086 seconds
[2025-07-16T07:30:46.398+0000] {processor.py:186} INFO - Started process (PID=2341) to work on /home/airflow/.local/lib/python3.12/site-packages/airflow/example_dags/example_nested_branch_dag.py
[2025-07-16T07:30:46.399+0000] {processor.py:914} INFO - Processing file /home/airflow/.local/lib/python3.12/site-packages/airflow/example_dags/example_nested_branch_dag.py for tasks to queue
[2025-07-16T07:30:46.403+0000] {logging_mixin.py:190} INFO - [2025-07-16T07:30:46.402+0000] {dagbag.py:587} INFO - Filling up the DagBag from /home/airflow/.local/lib/python3.12/site-packages/airflow/example_dags/example_nested_branch_dag.py
[2025-07-16T07:30:46.417+0000] {processor.py:925} INFO - DAG(s) 'example_nested_branch_dag' retrieved from /home/airflow/.local/lib/python3.12/site-packages/airflow/example_dags/example_nested_branch_dag.py
[2025-07-16T07:30:46.443+0000] {logging_mixin.py:190} INFO - [2025-07-16T07:30:46.443+0000] {dag.py:3229} INFO - Sync 1 DAGs
[2025-07-16T07:30:46.470+0000] {logging_mixin.py:190} INFO - [2025-07-16T07:30:46.469+0000] {dag.py:4156} INFO - Setting next_dagrun for example_nested_branch_dag to 2025-07-15 00:00:00+00:00, run_after=2025-07-16 00:00:00+00:00
[2025-07-16T07:30:46.492+0000] {processor.py:208} INFO - Processing /home/airflow/.local/lib/python3.12/site-packages/airflow/example_dags/example_nested_branch_dag.py took 0.102 seconds
[2025-07-16T07:31:17.012+0000] {processor.py:186} INFO - Started process (PID=2398) to work on /home/airflow/.local/lib/python3.12/site-packages/airflow/example_dags/example_nested_branch_dag.py
[2025-07-16T07:31:17.013+0000] {processor.py:914} INFO - Processing file /home/airflow/.local/lib/python3.12/site-packages/airflow/example_dags/example_nested_branch_dag.py for tasks to queue
[2025-07-16T07:31:17.016+0000] {logging_mixin.py:190} INFO - [2025-07-16T07:31:17.015+0000] {dagbag.py:587} INFO - Filling up the DagBag from /home/airflow/.local/lib/python3.12/site-packages/airflow/example_dags/example_nested_branch_dag.py
[2025-07-16T07:31:17.028+0000] {processor.py:925} INFO - DAG(s) 'example_nested_branch_dag' retrieved from /home/airflow/.local/lib/python3.12/site-packages/airflow/example_dags/example_nested_branch_dag.py
[2025-07-16T07:31:17.052+0000] {logging_mixin.py:190} INFO - [2025-07-16T07:31:17.052+0000] {dag.py:3229} INFO - Sync 1 DAGs
[2025-07-16T07:31:17.077+0000] {logging_mixin.py:190} INFO - [2025-07-16T07:31:17.077+0000] {dag.py:4156} INFO - Setting next_dagrun for example_nested_branch_dag to 2025-07-15 00:00:00+00:00, run_after=2025-07-16 00:00:00+00:00
[2025-07-16T07:31:17.102+0000] {processor.py:208} INFO - Processing /home/airflow/.local/lib/python3.12/site-packages/airflow/example_dags/example_nested_branch_dag.py took 0.096 seconds
[2025-07-16T07:33:03.183+0000] {processor.py:186} INFO - Started process (PID=63) to work on /home/airflow/.local/lib/python3.12/site-packages/airflow/example_dags/example_nested_branch_dag.py
[2025-07-16T07:33:03.184+0000] {processor.py:914} INFO - Processing file /home/airflow/.local/lib/python3.12/site-packages/airflow/example_dags/example_nested_branch_dag.py for tasks to queue
[2025-07-16T07:33:03.187+0000] {logging_mixin.py:190} INFO - [2025-07-16T07:33:03.187+0000] {dagbag.py:587} INFO - Filling up the DagBag from /home/airflow/.local/lib/python3.12/site-packages/airflow/example_dags/example_nested_branch_dag.py
[2025-07-16T07:33:03.205+0000] {processor.py:925} INFO - DAG(s) 'example_nested_branch_dag' retrieved from /home/airflow/.local/lib/python3.12/site-packages/airflow/example_dags/example_nested_branch_dag.py
[2025-07-16T07:33:03.233+0000] {logging_mixin.py:190} INFO - [2025-07-16T07:33:03.233+0000] {dag.py:3229} INFO - Sync 1 DAGs
[2025-07-16T07:33:03.259+0000] {logging_mixin.py:190} INFO - [2025-07-16T07:33:03.259+0000] {dag.py:4156} INFO - Setting next_dagrun for example_nested_branch_dag to 2025-07-15 00:00:00+00:00, run_after=2025-07-16 00:00:00+00:00
[2025-07-16T07:33:03.283+0000] {processor.py:208} INFO - Processing /home/airflow/.local/lib/python3.12/site-packages/airflow/example_dags/example_nested_branch_dag.py took 0.109 seconds
[2025-07-16T07:33:33.968+0000] {processor.py:186} INFO - Started process (PID=120) to work on /home/airflow/.local/lib/python3.12/site-packages/airflow/example_dags/example_nested_branch_dag.py
[2025-07-16T07:33:33.969+0000] {processor.py:914} INFO - Processing file /home/airflow/.local/lib/python3.12/site-packages/airflow/example_dags/example_nested_branch_dag.py for tasks to queue
[2025-07-16T07:33:33.972+0000] {logging_mixin.py:190} INFO - [2025-07-16T07:33:33.971+0000] {dagbag.py:587} INFO - Filling up the DagBag from /home/airflow/.local/lib/python3.12/site-packages/airflow/example_dags/example_nested_branch_dag.py
[2025-07-16T07:33:33.986+0000] {processor.py:925} INFO - DAG(s) 'example_nested_branch_dag' retrieved from /home/airflow/.local/lib/python3.12/site-packages/airflow/example_dags/example_nested_branch_dag.py
[2025-07-16T07:33:34.010+0000] {logging_mixin.py:190} INFO - [2025-07-16T07:33:34.009+0000] {dag.py:3229} INFO - Sync 1 DAGs
[2025-07-16T07:33:34.036+0000] {logging_mixin.py:190} INFO - [2025-07-16T07:33:34.036+0000] {dag.py:4156} INFO - Setting next_dagrun for example_nested_branch_dag to 2025-07-15 00:00:00+00:00, run_after=2025-07-16 00:00:00+00:00
[2025-07-16T07:33:34.061+0000] {processor.py:208} INFO - Processing /home/airflow/.local/lib/python3.12/site-packages/airflow/example_dags/example_nested_branch_dag.py took 0.103 seconds
[2025-07-16T07:34:04.792+0000] {processor.py:186} INFO - Started process (PID=177) to work on /home/airflow/.local/lib/python3.12/site-packages/airflow/example_dags/example_nested_branch_dag.py
[2025-07-16T07:34:04.794+0000] {processor.py:914} INFO - Processing file /home/airflow/.local/lib/python3.12/site-packages/airflow/example_dags/example_nested_branch_dag.py for tasks to queue
[2025-07-16T07:34:04.797+0000] {logging_mixin.py:190} INFO - [2025-07-16T07:34:04.797+0000] {dagbag.py:587} INFO - Filling up the DagBag from /home/airflow/.local/lib/python3.12/site-packages/airflow/example_dags/example_nested_branch_dag.py
[2025-07-16T07:34:04.809+0000] {processor.py:925} INFO - DAG(s) 'example_nested_branch_dag' retrieved from /home/airflow/.local/lib/python3.12/site-packages/airflow/example_dags/example_nested_branch_dag.py
[2025-07-16T07:34:04.833+0000] {logging_mixin.py:190} INFO - [2025-07-16T07:34:04.832+0000] {dag.py:3229} INFO - Sync 1 DAGs
[2025-07-16T07:34:04.857+0000] {logging_mixin.py:190} INFO - [2025-07-16T07:34:04.857+0000] {dag.py:4156} INFO - Setting next_dagrun for example_nested_branch_dag to 2025-07-15 00:00:00+00:00, run_after=2025-07-16 00:00:00+00:00
[2025-07-16T07:34:04.879+0000] {processor.py:208} INFO - Processing /home/airflow/.local/lib/python3.12/site-packages/airflow/example_dags/example_nested_branch_dag.py took 0.093 seconds
[2025-07-16T07:34:35.528+0000] {processor.py:186} INFO - Started process (PID=234) to work on /home/airflow/.local/lib/python3.12/site-packages/airflow/example_dags/example_nested_branch_dag.py
[2025-07-16T07:34:35.529+0000] {processor.py:914} INFO - Processing file /home/airflow/.local/lib/python3.12/site-packages/airflow/example_dags/example_nested_branch_dag.py for tasks to queue
[2025-07-16T07:34:35.532+0000] {logging_mixin.py:190} INFO - [2025-07-16T07:34:35.532+0000] {dagbag.py:587} INFO - Filling up the DagBag from /home/airflow/.local/lib/python3.12/site-packages/airflow/example_dags/example_nested_branch_dag.py
[2025-07-16T07:34:35.544+0000] {processor.py:925} INFO - DAG(s) 'example_nested_branch_dag' retrieved from /home/airflow/.local/lib/python3.12/site-packages/airflow/example_dags/example_nested_branch_dag.py
[2025-07-16T07:34:35.569+0000] {logging_mixin.py:190} INFO - [2025-07-16T07:34:35.568+0000] {dag.py:3229} INFO - Sync 1 DAGs
[2025-07-16T07:34:35.597+0000] {logging_mixin.py:190} INFO - [2025-07-16T07:34:35.597+0000] {dag.py:4156} INFO - Setting next_dagrun for example_nested_branch_dag to 2025-07-15 00:00:00+00:00, run_after=2025-07-16 00:00:00+00:00
[2025-07-16T07:34:35.620+0000] {processor.py:208} INFO - Processing /home/airflow/.local/lib/python3.12/site-packages/airflow/example_dags/example_nested_branch_dag.py took 0.099 seconds
[2025-07-16T07:35:06.329+0000] {processor.py:186} INFO - Started process (PID=291) to work on /home/airflow/.local/lib/python3.12/site-packages/airflow/example_dags/example_nested_branch_dag.py
[2025-07-16T07:35:06.330+0000] {processor.py:914} INFO - Processing file /home/airflow/.local/lib/python3.12/site-packages/airflow/example_dags/example_nested_branch_dag.py for tasks to queue
[2025-07-16T07:35:06.333+0000] {logging_mixin.py:190} INFO - [2025-07-16T07:35:06.333+0000] {dagbag.py:587} INFO - Filling up the DagBag from /home/airflow/.local/lib/python3.12/site-packages/airflow/example_dags/example_nested_branch_dag.py
[2025-07-16T07:35:06.345+0000] {processor.py:925} INFO - DAG(s) 'example_nested_branch_dag' retrieved from /home/airflow/.local/lib/python3.12/site-packages/airflow/example_dags/example_nested_branch_dag.py
[2025-07-16T07:35:06.370+0000] {logging_mixin.py:190} INFO - [2025-07-16T07:35:06.370+0000] {dag.py:3229} INFO - Sync 1 DAGs
[2025-07-16T07:35:06.397+0000] {logging_mixin.py:190} INFO - [2025-07-16T07:35:06.397+0000] {dag.py:4156} INFO - Setting next_dagrun for example_nested_branch_dag to 2025-07-15 00:00:00+00:00, run_after=2025-07-16 00:00:00+00:00
[2025-07-16T07:35:06.424+0000] {processor.py:208} INFO - Processing /home/airflow/.local/lib/python3.12/site-packages/airflow/example_dags/example_nested_branch_dag.py took 0.102 seconds
[2025-07-16T07:35:36.730+0000] {processor.py:186} INFO - Started process (PID=348) to work on /home/airflow/.local/lib/python3.12/site-packages/airflow/example_dags/example_nested_branch_dag.py
[2025-07-16T07:35:36.731+0000] {processor.py:914} INFO - Processing file /home/airflow/.local/lib/python3.12/site-packages/airflow/example_dags/example_nested_branch_dag.py for tasks to queue
[2025-07-16T07:35:36.734+0000] {logging_mixin.py:190} INFO - [2025-07-16T07:35:36.733+0000] {dagbag.py:587} INFO - Filling up the DagBag from /home/airflow/.local/lib/python3.12/site-packages/airflow/example_dags/example_nested_branch_dag.py
[2025-07-16T07:35:36.750+0000] {processor.py:925} INFO - DAG(s) 'example_nested_branch_dag' retrieved from /home/airflow/.local/lib/python3.12/site-packages/airflow/example_dags/example_nested_branch_dag.py
[2025-07-16T07:35:36.774+0000] {logging_mixin.py:190} INFO - [2025-07-16T07:35:36.774+0000] {dag.py:3229} INFO - Sync 1 DAGs
[2025-07-16T07:35:36.802+0000] {logging_mixin.py:190} INFO - [2025-07-16T07:35:36.802+0000] {dag.py:4156} INFO - Setting next_dagrun for example_nested_branch_dag to 2025-07-15 00:00:00+00:00, run_after=2025-07-16 00:00:00+00:00
[2025-07-16T07:35:36.831+0000] {processor.py:208} INFO - Processing /home/airflow/.local/lib/python3.12/site-packages/airflow/example_dags/example_nested_branch_dag.py took 0.108 seconds
[2025-07-16T07:36:07.159+0000] {processor.py:186} INFO - Started process (PID=405) to work on /home/airflow/.local/lib/python3.12/site-packages/airflow/example_dags/example_nested_branch_dag.py
[2025-07-16T07:36:07.160+0000] {processor.py:914} INFO - Processing file /home/airflow/.local/lib/python3.12/site-packages/airflow/example_dags/example_nested_branch_dag.py for tasks to queue
[2025-07-16T07:36:07.163+0000] {logging_mixin.py:190} INFO - [2025-07-16T07:36:07.162+0000] {dagbag.py:587} INFO - Filling up the DagBag from /home/airflow/.local/lib/python3.12/site-packages/airflow/example_dags/example_nested_branch_dag.py
[2025-07-16T07:36:07.175+0000] {processor.py:925} INFO - DAG(s) 'example_nested_branch_dag' retrieved from /home/airflow/.local/lib/python3.12/site-packages/airflow/example_dags/example_nested_branch_dag.py
[2025-07-16T07:36:07.198+0000] {logging_mixin.py:190} INFO - [2025-07-16T07:36:07.197+0000] {dag.py:3229} INFO - Sync 1 DAGs
[2025-07-16T07:36:07.223+0000] {logging_mixin.py:190} INFO - [2025-07-16T07:36:07.223+0000] {dag.py:4156} INFO - Setting next_dagrun for example_nested_branch_dag to 2025-07-15 00:00:00+00:00, run_after=2025-07-16 00:00:00+00:00
[2025-07-16T07:36:07.246+0000] {processor.py:208} INFO - Processing /home/airflow/.local/lib/python3.12/site-packages/airflow/example_dags/example_nested_branch_dag.py took 0.095 seconds
[2025-07-16T07:36:38.927+0000] {processor.py:186} INFO - Started process (PID=462) to work on /home/airflow/.local/lib/python3.12/site-packages/airflow/example_dags/example_nested_branch_dag.py
[2025-07-16T07:36:38.929+0000] {processor.py:914} INFO - Processing file /home/airflow/.local/lib/python3.12/site-packages/airflow/example_dags/example_nested_branch_dag.py for tasks to queue
[2025-07-16T07:36:38.933+0000] {logging_mixin.py:190} INFO - [2025-07-16T07:36:38.933+0000] {dagbag.py:587} INFO - Filling up the DagBag from /home/airflow/.local/lib/python3.12/site-packages/airflow/example_dags/example_nested_branch_dag.py
[2025-07-16T07:36:38.948+0000] {processor.py:925} INFO - DAG(s) 'example_nested_branch_dag' retrieved from /home/airflow/.local/lib/python3.12/site-packages/airflow/example_dags/example_nested_branch_dag.py
[2025-07-16T07:36:38.978+0000] {logging_mixin.py:190} INFO - [2025-07-16T07:36:38.978+0000] {dag.py:3229} INFO - Sync 1 DAGs
[2025-07-16T07:36:39.009+0000] {logging_mixin.py:190} INFO - [2025-07-16T07:36:39.009+0000] {dag.py:4156} INFO - Setting next_dagrun for example_nested_branch_dag to 2025-07-15 00:00:00+00:00, run_after=2025-07-16 00:00:00+00:00
[2025-07-16T07:36:39.035+0000] {processor.py:208} INFO - Processing /home/airflow/.local/lib/python3.12/site-packages/airflow/example_dags/example_nested_branch_dag.py took 0.117 seconds
[2025-07-16T07:37:09.589+0000] {processor.py:186} INFO - Started process (PID=519) to work on /home/airflow/.local/lib/python3.12/site-packages/airflow/example_dags/example_nested_branch_dag.py
[2025-07-16T07:37:09.590+0000] {processor.py:914} INFO - Processing file /home/airflow/.local/lib/python3.12/site-packages/airflow/example_dags/example_nested_branch_dag.py for tasks to queue
[2025-07-16T07:37:09.592+0000] {logging_mixin.py:190} INFO - [2025-07-16T07:37:09.592+0000] {dagbag.py:587} INFO - Filling up the DagBag from /home/airflow/.local/lib/python3.12/site-packages/airflow/example_dags/example_nested_branch_dag.py
[2025-07-16T07:37:09.606+0000] {processor.py:925} INFO - DAG(s) 'example_nested_branch_dag' retrieved from /home/airflow/.local/lib/python3.12/site-packages/airflow/example_dags/example_nested_branch_dag.py
[2025-07-16T07:37:09.631+0000] {logging_mixin.py:190} INFO - [2025-07-16T07:37:09.630+0000] {dag.py:3229} INFO - Sync 1 DAGs
[2025-07-16T07:37:09.656+0000] {logging_mixin.py:190} INFO - [2025-07-16T07:37:09.656+0000] {dag.py:4156} INFO - Setting next_dagrun for example_nested_branch_dag to 2025-07-15 00:00:00+00:00, run_after=2025-07-16 00:00:00+00:00
[2025-07-16T07:37:09.680+0000] {processor.py:208} INFO - Processing /home/airflow/.local/lib/python3.12/site-packages/airflow/example_dags/example_nested_branch_dag.py took 0.099 seconds
[2025-07-16T07:37:40.217+0000] {processor.py:186} INFO - Started process (PID=576) to work on /home/airflow/.local/lib/python3.12/site-packages/airflow/example_dags/example_nested_branch_dag.py
[2025-07-16T07:37:40.218+0000] {processor.py:914} INFO - Processing file /home/airflow/.local/lib/python3.12/site-packages/airflow/example_dags/example_nested_branch_dag.py for tasks to queue
[2025-07-16T07:37:40.222+0000] {logging_mixin.py:190} INFO - [2025-07-16T07:37:40.221+0000] {dagbag.py:587} INFO - Filling up the DagBag from /home/airflow/.local/lib/python3.12/site-packages/airflow/example_dags/example_nested_branch_dag.py
[2025-07-16T07:37:40.234+0000] {processor.py:925} INFO - DAG(s) 'example_nested_branch_dag' retrieved from /home/airflow/.local/lib/python3.12/site-packages/airflow/example_dags/example_nested_branch_dag.py
[2025-07-16T07:37:40.258+0000] {logging_mixin.py:190} INFO - [2025-07-16T07:37:40.257+0000] {dag.py:3229} INFO - Sync 1 DAGs
[2025-07-16T07:37:40.283+0000] {logging_mixin.py:190} INFO - [2025-07-16T07:37:40.283+0000] {dag.py:4156} INFO - Setting next_dagrun for example_nested_branch_dag to 2025-07-15 00:00:00+00:00, run_after=2025-07-16 00:00:00+00:00
[2025-07-16T07:37:40.306+0000] {processor.py:208} INFO - Processing /home/airflow/.local/lib/python3.12/site-packages/airflow/example_dags/example_nested_branch_dag.py took 0.096 seconds
[2025-07-16T07:38:11.524+0000] {processor.py:186} INFO - Started process (PID=633) to work on /home/airflow/.local/lib/python3.12/site-packages/airflow/example_dags/example_nested_branch_dag.py
[2025-07-16T07:38:11.525+0000] {processor.py:914} INFO - Processing file /home/airflow/.local/lib/python3.12/site-packages/airflow/example_dags/example_nested_branch_dag.py for tasks to queue
[2025-07-16T07:38:11.528+0000] {logging_mixin.py:190} INFO - [2025-07-16T07:38:11.527+0000] {dagbag.py:587} INFO - Filling up the DagBag from /home/airflow/.local/lib/python3.12/site-packages/airflow/example_dags/example_nested_branch_dag.py
[2025-07-16T07:38:11.540+0000] {processor.py:925} INFO - DAG(s) 'example_nested_branch_dag' retrieved from /home/airflow/.local/lib/python3.12/site-packages/airflow/example_dags/example_nested_branch_dag.py
[2025-07-16T07:38:11.563+0000] {logging_mixin.py:190} INFO - [2025-07-16T07:38:11.562+0000] {dag.py:3229} INFO - Sync 1 DAGs
[2025-07-16T07:38:11.591+0000] {logging_mixin.py:190} INFO - [2025-07-16T07:38:11.591+0000] {dag.py:4156} INFO - Setting next_dagrun for example_nested_branch_dag to 2025-07-15 00:00:00+00:00, run_after=2025-07-16 00:00:00+00:00
[2025-07-16T07:38:11.629+0000] {processor.py:208} INFO - Processing /home/airflow/.local/lib/python3.12/site-packages/airflow/example_dags/example_nested_branch_dag.py took 0.112 seconds
[2025-07-16T07:38:42.280+0000] {processor.py:186} INFO - Started process (PID=690) to work on /home/airflow/.local/lib/python3.12/site-packages/airflow/example_dags/example_nested_branch_dag.py
[2025-07-16T07:38:42.282+0000] {processor.py:914} INFO - Processing file /home/airflow/.local/lib/python3.12/site-packages/airflow/example_dags/example_nested_branch_dag.py for tasks to queue
[2025-07-16T07:38:42.284+0000] {logging_mixin.py:190} INFO - [2025-07-16T07:38:42.284+0000] {dagbag.py:587} INFO - Filling up the DagBag from /home/airflow/.local/lib/python3.12/site-packages/airflow/example_dags/example_nested_branch_dag.py
[2025-07-16T07:38:42.297+0000] {processor.py:925} INFO - DAG(s) 'example_nested_branch_dag' retrieved from /home/airflow/.local/lib/python3.12/site-packages/airflow/example_dags/example_nested_branch_dag.py
[2025-07-16T07:38:42.321+0000] {logging_mixin.py:190} INFO - [2025-07-16T07:38:42.320+0000] {dag.py:3229} INFO - Sync 1 DAGs
[2025-07-16T07:38:42.346+0000] {logging_mixin.py:190} INFO - [2025-07-16T07:38:42.346+0000] {dag.py:4156} INFO - Setting next_dagrun for example_nested_branch_dag to 2025-07-15 00:00:00+00:00, run_after=2025-07-16 00:00:00+00:00
[2025-07-16T07:38:42.370+0000] {processor.py:208} INFO - Processing /home/airflow/.local/lib/python3.12/site-packages/airflow/example_dags/example_nested_branch_dag.py took 0.096 seconds
[2025-07-16T07:39:12.949+0000] {processor.py:186} INFO - Started process (PID=747) to work on /home/airflow/.local/lib/python3.12/site-packages/airflow/example_dags/example_nested_branch_dag.py
[2025-07-16T07:39:12.950+0000] {processor.py:914} INFO - Processing file /home/airflow/.local/lib/python3.12/site-packages/airflow/example_dags/example_nested_branch_dag.py for tasks to queue
[2025-07-16T07:39:12.953+0000] {logging_mixin.py:190} INFO - [2025-07-16T07:39:12.953+0000] {dagbag.py:587} INFO - Filling up the DagBag from /home/airflow/.local/lib/python3.12/site-packages/airflow/example_dags/example_nested_branch_dag.py
[2025-07-16T07:39:12.965+0000] {processor.py:925} INFO - DAG(s) 'example_nested_branch_dag' retrieved from /home/airflow/.local/lib/python3.12/site-packages/airflow/example_dags/example_nested_branch_dag.py
[2025-07-16T07:39:12.994+0000] {logging_mixin.py:190} INFO - [2025-07-16T07:39:12.993+0000] {dag.py:3229} INFO - Sync 1 DAGs
[2025-07-16T07:39:13.024+0000] {logging_mixin.py:190} INFO - [2025-07-16T07:39:13.023+0000] {dag.py:4156} INFO - Setting next_dagrun for example_nested_branch_dag to 2025-07-15 00:00:00+00:00, run_after=2025-07-16 00:00:00+00:00
[2025-07-16T07:39:13.050+0000] {processor.py:208} INFO - Processing /home/airflow/.local/lib/python3.12/site-packages/airflow/example_dags/example_nested_branch_dag.py took 0.109 seconds
[2025-07-16T07:39:43.417+0000] {processor.py:186} INFO - Started process (PID=804) to work on /home/airflow/.local/lib/python3.12/site-packages/airflow/example_dags/example_nested_branch_dag.py
[2025-07-16T07:39:43.418+0000] {processor.py:914} INFO - Processing file /home/airflow/.local/lib/python3.12/site-packages/airflow/example_dags/example_nested_branch_dag.py for tasks to queue
[2025-07-16T07:39:43.421+0000] {logging_mixin.py:190} INFO - [2025-07-16T07:39:43.421+0000] {dagbag.py:587} INFO - Filling up the DagBag from /home/airflow/.local/lib/python3.12/site-packages/airflow/example_dags/example_nested_branch_dag.py
[2025-07-16T07:39:43.434+0000] {processor.py:925} INFO - DAG(s) 'example_nested_branch_dag' retrieved from /home/airflow/.local/lib/python3.12/site-packages/airflow/example_dags/example_nested_branch_dag.py
[2025-07-16T07:39:43.459+0000] {logging_mixin.py:190} INFO - [2025-07-16T07:39:43.458+0000] {dag.py:3229} INFO - Sync 1 DAGs
[2025-07-16T07:39:43.484+0000] {logging_mixin.py:190} INFO - [2025-07-16T07:39:43.484+0000] {dag.py:4156} INFO - Setting next_dagrun for example_nested_branch_dag to 2025-07-15 00:00:00+00:00, run_after=2025-07-16 00:00:00+00:00
[2025-07-16T07:39:43.507+0000] {processor.py:208} INFO - Processing /home/airflow/.local/lib/python3.12/site-packages/airflow/example_dags/example_nested_branch_dag.py took 0.096 seconds
[2025-07-16T07:40:13.954+0000] {processor.py:186} INFO - Started process (PID=861) to work on /home/airflow/.local/lib/python3.12/site-packages/airflow/example_dags/example_nested_branch_dag.py
[2025-07-16T07:40:13.955+0000] {processor.py:914} INFO - Processing file /home/airflow/.local/lib/python3.12/site-packages/airflow/example_dags/example_nested_branch_dag.py for tasks to queue
[2025-07-16T07:40:13.958+0000] {logging_mixin.py:190} INFO - [2025-07-16T07:40:13.958+0000] {dagbag.py:587} INFO - Filling up the DagBag from /home/airflow/.local/lib/python3.12/site-packages/airflow/example_dags/example_nested_branch_dag.py
[2025-07-16T07:40:13.971+0000] {processor.py:925} INFO - DAG(s) 'example_nested_branch_dag' retrieved from /home/airflow/.local/lib/python3.12/site-packages/airflow/example_dags/example_nested_branch_dag.py
[2025-07-16T07:40:13.995+0000] {logging_mixin.py:190} INFO - [2025-07-16T07:40:13.995+0000] {dag.py:3229} INFO - Sync 1 DAGs
[2025-07-16T07:40:14.019+0000] {logging_mixin.py:190} INFO - [2025-07-16T07:40:14.019+0000] {dag.py:4156} INFO - Setting next_dagrun for example_nested_branch_dag to 2025-07-15 00:00:00+00:00, run_after=2025-07-16 00:00:00+00:00
[2025-07-16T07:40:14.047+0000] {processor.py:208} INFO - Processing /home/airflow/.local/lib/python3.12/site-packages/airflow/example_dags/example_nested_branch_dag.py took 0.099 seconds
[2025-07-16T07:40:44.909+0000] {processor.py:186} INFO - Started process (PID=918) to work on /home/airflow/.local/lib/python3.12/site-packages/airflow/example_dags/example_nested_branch_dag.py
[2025-07-16T07:40:44.910+0000] {processor.py:914} INFO - Processing file /home/airflow/.local/lib/python3.12/site-packages/airflow/example_dags/example_nested_branch_dag.py for tasks to queue
[2025-07-16T07:40:44.912+0000] {logging_mixin.py:190} INFO - [2025-07-16T07:40:44.912+0000] {dagbag.py:587} INFO - Filling up the DagBag from /home/airflow/.local/lib/python3.12/site-packages/airflow/example_dags/example_nested_branch_dag.py
[2025-07-16T07:40:44.925+0000] {processor.py:925} INFO - DAG(s) 'example_nested_branch_dag' retrieved from /home/airflow/.local/lib/python3.12/site-packages/airflow/example_dags/example_nested_branch_dag.py
[2025-07-16T07:40:44.952+0000] {logging_mixin.py:190} INFO - [2025-07-16T07:40:44.952+0000] {dag.py:3229} INFO - Sync 1 DAGs
[2025-07-16T07:40:44.990+0000] {logging_mixin.py:190} INFO - [2025-07-16T07:40:44.989+0000] {dag.py:4156} INFO - Setting next_dagrun for example_nested_branch_dag to 2025-07-15 00:00:00+00:00, run_after=2025-07-16 00:00:00+00:00
[2025-07-16T07:40:45.016+0000] {processor.py:208} INFO - Processing /home/airflow/.local/lib/python3.12/site-packages/airflow/example_dags/example_nested_branch_dag.py took 0.114 seconds
