[2025-07-16T07:10:18.049+0000] {processor.py:186} INFO - Started process (PID=76) to work on /home/airflow/.local/lib/python3.12/site-packages/airflow/example_dags/example_setup_teardown.py
[2025-07-16T07:10:18.051+0000] {processor.py:914} INFO - Processing file /home/airflow/.local/lib/python3.12/site-packages/airflow/example_dags/example_setup_teardown.py for tasks to queue
[2025-07-16T07:10:18.053+0000] {logging_mixin.py:190} INFO - [2025-07-16T07:10:18.053+0000] {dagbag.py:587} INFO - Filling up the DagBag from /home/airflow/.local/lib/python3.12/site-packages/airflow/example_dags/example_setup_teardown.py
[2025-07-16T07:10:18.063+0000] {processor.py:925} INFO - DAG(s) 'example_setup_teardown' retrieved from /home/airflow/.local/lib/python3.12/site-packages/airflow/example_dags/example_setup_teardown.py
[2025-07-16T07:10:18.089+0000] {logging_mixin.py:190} INFO - [2025-07-16T07:10:18.088+0000] {dag.py:3229} INFO - Sync 1 DAGs
[2025-07-16T07:10:18.104+0000] {logging_mixin.py:190} INFO - [2025-07-16T07:10:18.103+0000] {dag.py:4156} INFO - Setting next_dagrun for example_setup_teardown to None, run_after=None
[2025-07-16T07:10:18.125+0000] {processor.py:208} INFO - Processing /home/airflow/.local/lib/python3.12/site-packages/airflow/example_dags/example_setup_teardown.py took 0.083 seconds
[2025-07-16T07:10:48.254+0000] {processor.py:186} INFO - Started process (PID=133) to work on /home/airflow/.local/lib/python3.12/site-packages/airflow/example_dags/example_setup_teardown.py
[2025-07-16T07:10:48.255+0000] {processor.py:914} INFO - Processing file /home/airflow/.local/lib/python3.12/site-packages/airflow/example_dags/example_setup_teardown.py for tasks to queue
[2025-07-16T07:10:48.258+0000] {logging_mixin.py:190} INFO - [2025-07-16T07:10:48.257+0000] {dagbag.py:587} INFO - Filling up the DagBag from /home/airflow/.local/lib/python3.12/site-packages/airflow/example_dags/example_setup_teardown.py
[2025-07-16T07:10:48.268+0000] {processor.py:925} INFO - DAG(s) 'example_setup_teardown' retrieved from /home/airflow/.local/lib/python3.12/site-packages/airflow/example_dags/example_setup_teardown.py
[2025-07-16T07:10:48.292+0000] {logging_mixin.py:190} INFO - [2025-07-16T07:10:48.291+0000] {dag.py:3229} INFO - Sync 1 DAGs
[2025-07-16T07:10:48.307+0000] {logging_mixin.py:190} INFO - [2025-07-16T07:10:48.307+0000] {dag.py:4156} INFO - Setting next_dagrun for example_setup_teardown to None, run_after=None
[2025-07-16T07:10:48.331+0000] {processor.py:208} INFO - Processing /home/airflow/.local/lib/python3.12/site-packages/airflow/example_dags/example_setup_teardown.py took 0.084 seconds
[2025-07-16T07:11:18.965+0000] {processor.py:186} INFO - Started process (PID=190) to work on /home/airflow/.local/lib/python3.12/site-packages/airflow/example_dags/example_setup_teardown.py
[2025-07-16T07:11:18.966+0000] {processor.py:914} INFO - Processing file /home/airflow/.local/lib/python3.12/site-packages/airflow/example_dags/example_setup_teardown.py for tasks to queue
[2025-07-16T07:11:18.969+0000] {logging_mixin.py:190} INFO - [2025-07-16T07:11:18.968+0000] {dagbag.py:587} INFO - Filling up the DagBag from /home/airflow/.local/lib/python3.12/site-packages/airflow/example_dags/example_setup_teardown.py
[2025-07-16T07:11:18.978+0000] {processor.py:925} INFO - DAG(s) 'example_setup_teardown' retrieved from /home/airflow/.local/lib/python3.12/site-packages/airflow/example_dags/example_setup_teardown.py
[2025-07-16T07:11:19.005+0000] {logging_mixin.py:190} INFO - [2025-07-16T07:11:19.005+0000] {dag.py:3229} INFO - Sync 1 DAGs
[2025-07-16T07:11:19.032+0000] {logging_mixin.py:190} INFO - [2025-07-16T07:11:19.032+0000] {dag.py:4156} INFO - Setting next_dagrun for example_setup_teardown to None, run_after=None
[2025-07-16T07:11:19.071+0000] {processor.py:208} INFO - Processing /home/airflow/.local/lib/python3.12/site-packages/airflow/example_dags/example_setup_teardown.py took 0.115 seconds
[2025-07-16T07:11:49.610+0000] {processor.py:186} INFO - Started process (PID=247) to work on /home/airflow/.local/lib/python3.12/site-packages/airflow/example_dags/example_setup_teardown.py
[2025-07-16T07:11:49.612+0000] {processor.py:914} INFO - Processing file /home/airflow/.local/lib/python3.12/site-packages/airflow/example_dags/example_setup_teardown.py for tasks to queue
[2025-07-16T07:11:49.614+0000] {logging_mixin.py:190} INFO - [2025-07-16T07:11:49.614+0000] {dagbag.py:587} INFO - Filling up the DagBag from /home/airflow/.local/lib/python3.12/site-packages/airflow/example_dags/example_setup_teardown.py
[2025-07-16T07:11:49.623+0000] {processor.py:925} INFO - DAG(s) 'example_setup_teardown' retrieved from /home/airflow/.local/lib/python3.12/site-packages/airflow/example_dags/example_setup_teardown.py
[2025-07-16T07:11:49.648+0000] {logging_mixin.py:190} INFO - [2025-07-16T07:11:49.648+0000] {dag.py:3229} INFO - Sync 1 DAGs
[2025-07-16T07:11:49.666+0000] {logging_mixin.py:190} INFO - [2025-07-16T07:11:49.666+0000] {dag.py:4156} INFO - Setting next_dagrun for example_setup_teardown to None, run_after=None
[2025-07-16T07:11:49.691+0000] {processor.py:208} INFO - Processing /home/airflow/.local/lib/python3.12/site-packages/airflow/example_dags/example_setup_teardown.py took 0.087 seconds
[2025-07-16T07:12:19.977+0000] {processor.py:186} INFO - Started process (PID=304) to work on /home/airflow/.local/lib/python3.12/site-packages/airflow/example_dags/example_setup_teardown.py
[2025-07-16T07:12:19.978+0000] {processor.py:914} INFO - Processing file /home/airflow/.local/lib/python3.12/site-packages/airflow/example_dags/example_setup_teardown.py for tasks to queue
[2025-07-16T07:12:19.980+0000] {logging_mixin.py:190} INFO - [2025-07-16T07:12:19.980+0000] {dagbag.py:587} INFO - Filling up the DagBag from /home/airflow/.local/lib/python3.12/site-packages/airflow/example_dags/example_setup_teardown.py
[2025-07-16T07:12:19.989+0000] {processor.py:925} INFO - DAG(s) 'example_setup_teardown' retrieved from /home/airflow/.local/lib/python3.12/site-packages/airflow/example_dags/example_setup_teardown.py
[2025-07-16T07:12:20.015+0000] {logging_mixin.py:190} INFO - [2025-07-16T07:12:20.015+0000] {dag.py:3229} INFO - Sync 1 DAGs
[2025-07-16T07:12:20.031+0000] {logging_mixin.py:190} INFO - [2025-07-16T07:12:20.031+0000] {dag.py:4156} INFO - Setting next_dagrun for example_setup_teardown to None, run_after=None
[2025-07-16T07:12:20.056+0000] {processor.py:208} INFO - Processing /home/airflow/.local/lib/python3.12/site-packages/airflow/example_dags/example_setup_teardown.py took 0.086 seconds
[2025-07-16T07:12:51.387+0000] {processor.py:186} INFO - Started process (PID=361) to work on /home/airflow/.local/lib/python3.12/site-packages/airflow/example_dags/example_setup_teardown.py
[2025-07-16T07:12:51.388+0000] {processor.py:914} INFO - Processing file /home/airflow/.local/lib/python3.12/site-packages/airflow/example_dags/example_setup_teardown.py for tasks to queue
[2025-07-16T07:12:51.390+0000] {logging_mixin.py:190} INFO - [2025-07-16T07:12:51.390+0000] {dagbag.py:587} INFO - Filling up the DagBag from /home/airflow/.local/lib/python3.12/site-packages/airflow/example_dags/example_setup_teardown.py
[2025-07-16T07:12:51.401+0000] {processor.py:925} INFO - DAG(s) 'example_setup_teardown' retrieved from /home/airflow/.local/lib/python3.12/site-packages/airflow/example_dags/example_setup_teardown.py
[2025-07-16T07:12:51.434+0000] {logging_mixin.py:190} INFO - [2025-07-16T07:12:51.434+0000] {dag.py:3229} INFO - Sync 1 DAGs
[2025-07-16T07:12:51.452+0000] {logging_mixin.py:190} INFO - [2025-07-16T07:12:51.451+0000] {dag.py:4156} INFO - Setting next_dagrun for example_setup_teardown to None, run_after=None
[2025-07-16T07:12:51.481+0000] {processor.py:208} INFO - Processing /home/airflow/.local/lib/python3.12/site-packages/airflow/example_dags/example_setup_teardown.py took 0.102 seconds
[2025-07-16T07:13:22.190+0000] {processor.py:186} INFO - Started process (PID=418) to work on /home/airflow/.local/lib/python3.12/site-packages/airflow/example_dags/example_setup_teardown.py
[2025-07-16T07:13:22.191+0000] {processor.py:914} INFO - Processing file /home/airflow/.local/lib/python3.12/site-packages/airflow/example_dags/example_setup_teardown.py for tasks to queue
[2025-07-16T07:13:22.194+0000] {logging_mixin.py:190} INFO - [2025-07-16T07:13:22.194+0000] {dagbag.py:587} INFO - Filling up the DagBag from /home/airflow/.local/lib/python3.12/site-packages/airflow/example_dags/example_setup_teardown.py
[2025-07-16T07:13:22.203+0000] {processor.py:925} INFO - DAG(s) 'example_setup_teardown' retrieved from /home/airflow/.local/lib/python3.12/site-packages/airflow/example_dags/example_setup_teardown.py
[2025-07-16T07:13:22.226+0000] {logging_mixin.py:190} INFO - [2025-07-16T07:13:22.225+0000] {dag.py:3229} INFO - Sync 1 DAGs
[2025-07-16T07:13:22.241+0000] {logging_mixin.py:190} INFO - [2025-07-16T07:13:22.241+0000] {dag.py:4156} INFO - Setting next_dagrun for example_setup_teardown to None, run_after=None
[2025-07-16T07:13:22.264+0000] {processor.py:208} INFO - Processing /home/airflow/.local/lib/python3.12/site-packages/airflow/example_dags/example_setup_teardown.py took 0.080 seconds
[2025-07-16T07:13:52.474+0000] {processor.py:186} INFO - Started process (PID=475) to work on /home/airflow/.local/lib/python3.12/site-packages/airflow/example_dags/example_setup_teardown.py
[2025-07-16T07:13:52.475+0000] {processor.py:914} INFO - Processing file /home/airflow/.local/lib/python3.12/site-packages/airflow/example_dags/example_setup_teardown.py for tasks to queue
[2025-07-16T07:13:52.477+0000] {logging_mixin.py:190} INFO - [2025-07-16T07:13:52.477+0000] {dagbag.py:587} INFO - Filling up the DagBag from /home/airflow/.local/lib/python3.12/site-packages/airflow/example_dags/example_setup_teardown.py
[2025-07-16T07:13:52.486+0000] {processor.py:925} INFO - DAG(s) 'example_setup_teardown' retrieved from /home/airflow/.local/lib/python3.12/site-packages/airflow/example_dags/example_setup_teardown.py
[2025-07-16T07:13:52.509+0000] {logging_mixin.py:190} INFO - [2025-07-16T07:13:52.509+0000] {dag.py:3229} INFO - Sync 1 DAGs
[2025-07-16T07:13:52.525+0000] {logging_mixin.py:190} INFO - [2025-07-16T07:13:52.524+0000] {dag.py:4156} INFO - Setting next_dagrun for example_setup_teardown to None, run_after=None
[2025-07-16T07:13:52.552+0000] {processor.py:208} INFO - Processing /home/airflow/.local/lib/python3.12/site-packages/airflow/example_dags/example_setup_teardown.py took 0.085 seconds
[2025-07-16T07:14:22.736+0000] {processor.py:186} INFO - Started process (PID=532) to work on /home/airflow/.local/lib/python3.12/site-packages/airflow/example_dags/example_setup_teardown.py
[2025-07-16T07:14:22.738+0000] {processor.py:914} INFO - Processing file /home/airflow/.local/lib/python3.12/site-packages/airflow/example_dags/example_setup_teardown.py for tasks to queue
[2025-07-16T07:14:22.742+0000] {logging_mixin.py:190} INFO - [2025-07-16T07:14:22.741+0000] {dagbag.py:587} INFO - Filling up the DagBag from /home/airflow/.local/lib/python3.12/site-packages/airflow/example_dags/example_setup_teardown.py
[2025-07-16T07:14:22.754+0000] {processor.py:925} INFO - DAG(s) 'example_setup_teardown' retrieved from /home/airflow/.local/lib/python3.12/site-packages/airflow/example_dags/example_setup_teardown.py
[2025-07-16T07:14:22.777+0000] {logging_mixin.py:190} INFO - [2025-07-16T07:14:22.776+0000] {dag.py:3229} INFO - Sync 1 DAGs
[2025-07-16T07:14:22.798+0000] {logging_mixin.py:190} INFO - [2025-07-16T07:14:22.797+0000] {dag.py:4156} INFO - Setting next_dagrun for example_setup_teardown to None, run_after=None
[2025-07-16T07:14:22.827+0000] {processor.py:208} INFO - Processing /home/airflow/.local/lib/python3.12/site-packages/airflow/example_dags/example_setup_teardown.py took 0.099 seconds
[2025-07-16T07:14:53.297+0000] {processor.py:186} INFO - Started process (PID=589) to work on /home/airflow/.local/lib/python3.12/site-packages/airflow/example_dags/example_setup_teardown.py
[2025-07-16T07:14:53.299+0000] {processor.py:914} INFO - Processing file /home/airflow/.local/lib/python3.12/site-packages/airflow/example_dags/example_setup_teardown.py for tasks to queue
[2025-07-16T07:14:53.302+0000] {logging_mixin.py:190} INFO - [2025-07-16T07:14:53.302+0000] {dagbag.py:587} INFO - Filling up the DagBag from /home/airflow/.local/lib/python3.12/site-packages/airflow/example_dags/example_setup_teardown.py
[2025-07-16T07:14:53.314+0000] {processor.py:925} INFO - DAG(s) 'example_setup_teardown' retrieved from /home/airflow/.local/lib/python3.12/site-packages/airflow/example_dags/example_setup_teardown.py
[2025-07-16T07:14:53.339+0000] {logging_mixin.py:190} INFO - [2025-07-16T07:14:53.339+0000] {dag.py:3229} INFO - Sync 1 DAGs
[2025-07-16T07:14:53.360+0000] {logging_mixin.py:190} INFO - [2025-07-16T07:14:53.360+0000] {dag.py:4156} INFO - Setting next_dagrun for example_setup_teardown to None, run_after=None
[2025-07-16T07:14:53.385+0000] {processor.py:208} INFO - Processing /home/airflow/.local/lib/python3.12/site-packages/airflow/example_dags/example_setup_teardown.py took 0.099 seconds
[2025-07-16T07:15:24.138+0000] {processor.py:186} INFO - Started process (PID=646) to work on /home/airflow/.local/lib/python3.12/site-packages/airflow/example_dags/example_setup_teardown.py
[2025-07-16T07:15:24.139+0000] {processor.py:914} INFO - Processing file /home/airflow/.local/lib/python3.12/site-packages/airflow/example_dags/example_setup_teardown.py for tasks to queue
[2025-07-16T07:15:24.142+0000] {logging_mixin.py:190} INFO - [2025-07-16T07:15:24.142+0000] {dagbag.py:587} INFO - Filling up the DagBag from /home/airflow/.local/lib/python3.12/site-packages/airflow/example_dags/example_setup_teardown.py
[2025-07-16T07:15:24.150+0000] {processor.py:925} INFO - DAG(s) 'example_setup_teardown' retrieved from /home/airflow/.local/lib/python3.12/site-packages/airflow/example_dags/example_setup_teardown.py
[2025-07-16T07:15:24.173+0000] {logging_mixin.py:190} INFO - [2025-07-16T07:15:24.172+0000] {dag.py:3229} INFO - Sync 1 DAGs
[2025-07-16T07:15:24.189+0000] {logging_mixin.py:190} INFO - [2025-07-16T07:15:24.189+0000] {dag.py:4156} INFO - Setting next_dagrun for example_setup_teardown to None, run_after=None
[2025-07-16T07:15:24.214+0000] {processor.py:208} INFO - Processing /home/airflow/.local/lib/python3.12/site-packages/airflow/example_dags/example_setup_teardown.py took 0.082 seconds
[2025-07-16T07:15:54.760+0000] {processor.py:186} INFO - Started process (PID=703) to work on /home/airflow/.local/lib/python3.12/site-packages/airflow/example_dags/example_setup_teardown.py
[2025-07-16T07:15:54.761+0000] {processor.py:914} INFO - Processing file /home/airflow/.local/lib/python3.12/site-packages/airflow/example_dags/example_setup_teardown.py for tasks to queue
[2025-07-16T07:15:54.763+0000] {logging_mixin.py:190} INFO - [2025-07-16T07:15:54.763+0000] {dagbag.py:587} INFO - Filling up the DagBag from /home/airflow/.local/lib/python3.12/site-packages/airflow/example_dags/example_setup_teardown.py
[2025-07-16T07:15:54.772+0000] {processor.py:925} INFO - DAG(s) 'example_setup_teardown' retrieved from /home/airflow/.local/lib/python3.12/site-packages/airflow/example_dags/example_setup_teardown.py
[2025-07-16T07:15:54.796+0000] {logging_mixin.py:190} INFO - [2025-07-16T07:15:54.796+0000] {dag.py:3229} INFO - Sync 1 DAGs
[2025-07-16T07:15:54.814+0000] {logging_mixin.py:190} INFO - [2025-07-16T07:15:54.813+0000] {dag.py:4156} INFO - Setting next_dagrun for example_setup_teardown to None, run_after=None
[2025-07-16T07:15:54.839+0000] {processor.py:208} INFO - Processing /home/airflow/.local/lib/python3.12/site-packages/airflow/example_dags/example_setup_teardown.py took 0.087 seconds
[2025-07-16T07:16:25.422+0000] {processor.py:186} INFO - Started process (PID=760) to work on /home/airflow/.local/lib/python3.12/site-packages/airflow/example_dags/example_setup_teardown.py
[2025-07-16T07:16:25.423+0000] {processor.py:914} INFO - Processing file /home/airflow/.local/lib/python3.12/site-packages/airflow/example_dags/example_setup_teardown.py for tasks to queue
[2025-07-16T07:16:25.426+0000] {logging_mixin.py:190} INFO - [2025-07-16T07:16:25.425+0000] {dagbag.py:587} INFO - Filling up the DagBag from /home/airflow/.local/lib/python3.12/site-packages/airflow/example_dags/example_setup_teardown.py
[2025-07-16T07:16:25.436+0000] {processor.py:925} INFO - DAG(s) 'example_setup_teardown' retrieved from /home/airflow/.local/lib/python3.12/site-packages/airflow/example_dags/example_setup_teardown.py
[2025-07-16T07:16:25.461+0000] {logging_mixin.py:190} INFO - [2025-07-16T07:16:25.461+0000] {dag.py:3229} INFO - Sync 1 DAGs
[2025-07-16T07:16:25.480+0000] {logging_mixin.py:190} INFO - [2025-07-16T07:16:25.479+0000] {dag.py:4156} INFO - Setting next_dagrun for example_setup_teardown to None, run_after=None
[2025-07-16T07:16:25.505+0000] {processor.py:208} INFO - Processing /home/airflow/.local/lib/python3.12/site-packages/airflow/example_dags/example_setup_teardown.py took 0.090 seconds
[2025-07-16T07:16:55.882+0000] {processor.py:186} INFO - Started process (PID=817) to work on /home/airflow/.local/lib/python3.12/site-packages/airflow/example_dags/example_setup_teardown.py
[2025-07-16T07:16:55.883+0000] {processor.py:914} INFO - Processing file /home/airflow/.local/lib/python3.12/site-packages/airflow/example_dags/example_setup_teardown.py for tasks to queue
[2025-07-16T07:16:55.886+0000] {logging_mixin.py:190} INFO - [2025-07-16T07:16:55.885+0000] {dagbag.py:587} INFO - Filling up the DagBag from /home/airflow/.local/lib/python3.12/site-packages/airflow/example_dags/example_setup_teardown.py
[2025-07-16T07:16:55.895+0000] {processor.py:925} INFO - DAG(s) 'example_setup_teardown' retrieved from /home/airflow/.local/lib/python3.12/site-packages/airflow/example_dags/example_setup_teardown.py
[2025-07-16T07:16:55.918+0000] {logging_mixin.py:190} INFO - [2025-07-16T07:16:55.918+0000] {dag.py:3229} INFO - Sync 1 DAGs
[2025-07-16T07:16:55.936+0000] {logging_mixin.py:190} INFO - [2025-07-16T07:16:55.936+0000] {dag.py:4156} INFO - Setting next_dagrun for example_setup_teardown to None, run_after=None
[2025-07-16T07:16:55.959+0000] {processor.py:208} INFO - Processing /home/airflow/.local/lib/python3.12/site-packages/airflow/example_dags/example_setup_teardown.py took 0.083 seconds
[2025-07-16T07:17:26.611+0000] {processor.py:186} INFO - Started process (PID=874) to work on /home/airflow/.local/lib/python3.12/site-packages/airflow/example_dags/example_setup_teardown.py
[2025-07-16T07:17:26.612+0000] {processor.py:914} INFO - Processing file /home/airflow/.local/lib/python3.12/site-packages/airflow/example_dags/example_setup_teardown.py for tasks to queue
[2025-07-16T07:17:26.614+0000] {logging_mixin.py:190} INFO - [2025-07-16T07:17:26.614+0000] {dagbag.py:587} INFO - Filling up the DagBag from /home/airflow/.local/lib/python3.12/site-packages/airflow/example_dags/example_setup_teardown.py
[2025-07-16T07:17:26.624+0000] {processor.py:925} INFO - DAG(s) 'example_setup_teardown' retrieved from /home/airflow/.local/lib/python3.12/site-packages/airflow/example_dags/example_setup_teardown.py
[2025-07-16T07:17:26.647+0000] {logging_mixin.py:190} INFO - [2025-07-16T07:17:26.647+0000] {dag.py:3229} INFO - Sync 1 DAGs
[2025-07-16T07:17:26.663+0000] {logging_mixin.py:190} INFO - [2025-07-16T07:17:26.663+0000] {dag.py:4156} INFO - Setting next_dagrun for example_setup_teardown to None, run_after=None
[2025-07-16T07:17:26.683+0000] {processor.py:208} INFO - Processing /home/airflow/.local/lib/python3.12/site-packages/airflow/example_dags/example_setup_teardown.py took 0.082 seconds
[2025-07-16T07:17:57.345+0000] {processor.py:186} INFO - Started process (PID=931) to work on /home/airflow/.local/lib/python3.12/site-packages/airflow/example_dags/example_setup_teardown.py
[2025-07-16T07:17:57.347+0000] {processor.py:914} INFO - Processing file /home/airflow/.local/lib/python3.12/site-packages/airflow/example_dags/example_setup_teardown.py for tasks to queue
[2025-07-16T07:17:57.350+0000] {logging_mixin.py:190} INFO - [2025-07-16T07:17:57.350+0000] {dagbag.py:587} INFO - Filling up the DagBag from /home/airflow/.local/lib/python3.12/site-packages/airflow/example_dags/example_setup_teardown.py
[2025-07-16T07:17:57.361+0000] {processor.py:925} INFO - DAG(s) 'example_setup_teardown' retrieved from /home/airflow/.local/lib/python3.12/site-packages/airflow/example_dags/example_setup_teardown.py
[2025-07-16T07:17:57.389+0000] {logging_mixin.py:190} INFO - [2025-07-16T07:17:57.389+0000] {dag.py:3229} INFO - Sync 1 DAGs
[2025-07-16T07:17:57.408+0000] {logging_mixin.py:190} INFO - [2025-07-16T07:17:57.408+0000] {dag.py:4156} INFO - Setting next_dagrun for example_setup_teardown to None, run_after=None
[2025-07-16T07:17:57.440+0000] {processor.py:208} INFO - Processing /home/airflow/.local/lib/python3.12/site-packages/airflow/example_dags/example_setup_teardown.py took 0.105 seconds
[2025-07-16T07:18:28.026+0000] {processor.py:186} INFO - Started process (PID=988) to work on /home/airflow/.local/lib/python3.12/site-packages/airflow/example_dags/example_setup_teardown.py
[2025-07-16T07:18:28.028+0000] {processor.py:914} INFO - Processing file /home/airflow/.local/lib/python3.12/site-packages/airflow/example_dags/example_setup_teardown.py for tasks to queue
[2025-07-16T07:18:28.031+0000] {logging_mixin.py:190} INFO - [2025-07-16T07:18:28.031+0000] {dagbag.py:587} INFO - Filling up the DagBag from /home/airflow/.local/lib/python3.12/site-packages/airflow/example_dags/example_setup_teardown.py
[2025-07-16T07:18:28.042+0000] {processor.py:925} INFO - DAG(s) 'example_setup_teardown' retrieved from /home/airflow/.local/lib/python3.12/site-packages/airflow/example_dags/example_setup_teardown.py
[2025-07-16T07:18:28.082+0000] {logging_mixin.py:190} INFO - [2025-07-16T07:18:28.082+0000] {dag.py:3229} INFO - Sync 1 DAGs
[2025-07-16T07:18:28.105+0000] {logging_mixin.py:190} INFO - [2025-07-16T07:18:28.104+0000] {dag.py:4156} INFO - Setting next_dagrun for example_setup_teardown to None, run_after=None
[2025-07-16T07:18:28.141+0000] {processor.py:208} INFO - Processing /home/airflow/.local/lib/python3.12/site-packages/airflow/example_dags/example_setup_teardown.py took 0.125 seconds
[2025-07-16T07:18:58.619+0000] {processor.py:186} INFO - Started process (PID=1045) to work on /home/airflow/.local/lib/python3.12/site-packages/airflow/example_dags/example_setup_teardown.py
[2025-07-16T07:18:58.620+0000] {processor.py:914} INFO - Processing file /home/airflow/.local/lib/python3.12/site-packages/airflow/example_dags/example_setup_teardown.py for tasks to queue
[2025-07-16T07:18:58.622+0000] {logging_mixin.py:190} INFO - [2025-07-16T07:18:58.622+0000] {dagbag.py:587} INFO - Filling up the DagBag from /home/airflow/.local/lib/python3.12/site-packages/airflow/example_dags/example_setup_teardown.py
[2025-07-16T07:18:58.631+0000] {processor.py:925} INFO - DAG(s) 'example_setup_teardown' retrieved from /home/airflow/.local/lib/python3.12/site-packages/airflow/example_dags/example_setup_teardown.py
[2025-07-16T07:18:58.654+0000] {logging_mixin.py:190} INFO - [2025-07-16T07:18:58.654+0000] {dag.py:3229} INFO - Sync 1 DAGs
[2025-07-16T07:18:58.672+0000] {logging_mixin.py:190} INFO - [2025-07-16T07:18:58.671+0000] {dag.py:4156} INFO - Setting next_dagrun for example_setup_teardown to None, run_after=None
[2025-07-16T07:18:58.698+0000] {processor.py:208} INFO - Processing /home/airflow/.local/lib/python3.12/site-packages/airflow/example_dags/example_setup_teardown.py took 0.086 seconds
[2025-07-16T07:19:29.178+0000] {processor.py:186} INFO - Started process (PID=1102) to work on /home/airflow/.local/lib/python3.12/site-packages/airflow/example_dags/example_setup_teardown.py
[2025-07-16T07:19:29.179+0000] {processor.py:914} INFO - Processing file /home/airflow/.local/lib/python3.12/site-packages/airflow/example_dags/example_setup_teardown.py for tasks to queue
[2025-07-16T07:19:29.181+0000] {logging_mixin.py:190} INFO - [2025-07-16T07:19:29.181+0000] {dagbag.py:587} INFO - Filling up the DagBag from /home/airflow/.local/lib/python3.12/site-packages/airflow/example_dags/example_setup_teardown.py
[2025-07-16T07:19:29.190+0000] {processor.py:925} INFO - DAG(s) 'example_setup_teardown' retrieved from /home/airflow/.local/lib/python3.12/site-packages/airflow/example_dags/example_setup_teardown.py
[2025-07-16T07:19:29.214+0000] {logging_mixin.py:190} INFO - [2025-07-16T07:19:29.213+0000] {dag.py:3229} INFO - Sync 1 DAGs
[2025-07-16T07:19:29.232+0000] {logging_mixin.py:190} INFO - [2025-07-16T07:19:29.232+0000] {dag.py:4156} INFO - Setting next_dagrun for example_setup_teardown to None, run_after=None
[2025-07-16T07:19:29.260+0000] {processor.py:208} INFO - Processing /home/airflow/.local/lib/python3.12/site-packages/airflow/example_dags/example_setup_teardown.py took 0.089 seconds
[2025-07-16T07:19:59.564+0000] {processor.py:186} INFO - Started process (PID=1159) to work on /home/airflow/.local/lib/python3.12/site-packages/airflow/example_dags/example_setup_teardown.py
[2025-07-16T07:19:59.565+0000] {processor.py:914} INFO - Processing file /home/airflow/.local/lib/python3.12/site-packages/airflow/example_dags/example_setup_teardown.py for tasks to queue
[2025-07-16T07:19:59.569+0000] {logging_mixin.py:190} INFO - [2025-07-16T07:19:59.568+0000] {dagbag.py:587} INFO - Filling up the DagBag from /home/airflow/.local/lib/python3.12/site-packages/airflow/example_dags/example_setup_teardown.py
[2025-07-16T07:19:59.579+0000] {processor.py:925} INFO - DAG(s) 'example_setup_teardown' retrieved from /home/airflow/.local/lib/python3.12/site-packages/airflow/example_dags/example_setup_teardown.py
[2025-07-16T07:19:59.608+0000] {logging_mixin.py:190} INFO - [2025-07-16T07:19:59.607+0000] {dag.py:3229} INFO - Sync 1 DAGs
[2025-07-16T07:19:59.623+0000] {logging_mixin.py:190} INFO - [2025-07-16T07:19:59.623+0000] {dag.py:4156} INFO - Setting next_dagrun for example_setup_teardown to None, run_after=None
[2025-07-16T07:19:59.652+0000] {processor.py:208} INFO - Processing /home/airflow/.local/lib/python3.12/site-packages/airflow/example_dags/example_setup_teardown.py took 0.097 seconds
[2025-07-16T07:20:30.018+0000] {processor.py:186} INFO - Started process (PID=1216) to work on /home/airflow/.local/lib/python3.12/site-packages/airflow/example_dags/example_setup_teardown.py
[2025-07-16T07:20:30.020+0000] {processor.py:914} INFO - Processing file /home/airflow/.local/lib/python3.12/site-packages/airflow/example_dags/example_setup_teardown.py for tasks to queue
[2025-07-16T07:20:30.023+0000] {logging_mixin.py:190} INFO - [2025-07-16T07:20:30.023+0000] {dagbag.py:587} INFO - Filling up the DagBag from /home/airflow/.local/lib/python3.12/site-packages/airflow/example_dags/example_setup_teardown.py
[2025-07-16T07:20:30.036+0000] {processor.py:925} INFO - DAG(s) 'example_setup_teardown' retrieved from /home/airflow/.local/lib/python3.12/site-packages/airflow/example_dags/example_setup_teardown.py
[2025-07-16T07:20:30.065+0000] {logging_mixin.py:190} INFO - [2025-07-16T07:20:30.064+0000] {dag.py:3229} INFO - Sync 1 DAGs
[2025-07-16T07:20:30.080+0000] {logging_mixin.py:190} INFO - [2025-07-16T07:20:30.079+0000] {dag.py:4156} INFO - Setting next_dagrun for example_setup_teardown to None, run_after=None
[2025-07-16T07:20:30.106+0000] {processor.py:208} INFO - Processing /home/airflow/.local/lib/python3.12/site-packages/airflow/example_dags/example_setup_teardown.py took 0.099 seconds
[2025-07-16T07:21:00.957+0000] {processor.py:186} INFO - Started process (PID=1273) to work on /home/airflow/.local/lib/python3.12/site-packages/airflow/example_dags/example_setup_teardown.py
[2025-07-16T07:21:00.958+0000] {processor.py:914} INFO - Processing file /home/airflow/.local/lib/python3.12/site-packages/airflow/example_dags/example_setup_teardown.py for tasks to queue
[2025-07-16T07:21:00.962+0000] {logging_mixin.py:190} INFO - [2025-07-16T07:21:00.961+0000] {dagbag.py:587} INFO - Filling up the DagBag from /home/airflow/.local/lib/python3.12/site-packages/airflow/example_dags/example_setup_teardown.py
[2025-07-16T07:21:00.972+0000] {processor.py:925} INFO - DAG(s) 'example_setup_teardown' retrieved from /home/airflow/.local/lib/python3.12/site-packages/airflow/example_dags/example_setup_teardown.py
[2025-07-16T07:21:00.998+0000] {logging_mixin.py:190} INFO - [2025-07-16T07:21:00.998+0000] {dag.py:3229} INFO - Sync 1 DAGs
[2025-07-16T07:21:01.020+0000] {logging_mixin.py:190} INFO - [2025-07-16T07:21:01.020+0000] {dag.py:4156} INFO - Setting next_dagrun for example_setup_teardown to None, run_after=None
[2025-07-16T07:21:01.046+0000] {processor.py:208} INFO - Processing /home/airflow/.local/lib/python3.12/site-packages/airflow/example_dags/example_setup_teardown.py took 0.097 seconds
[2025-07-16T07:21:31.674+0000] {processor.py:186} INFO - Started process (PID=1330) to work on /home/airflow/.local/lib/python3.12/site-packages/airflow/example_dags/example_setup_teardown.py
[2025-07-16T07:21:31.675+0000] {processor.py:914} INFO - Processing file /home/airflow/.local/lib/python3.12/site-packages/airflow/example_dags/example_setup_teardown.py for tasks to queue
[2025-07-16T07:21:31.678+0000] {logging_mixin.py:190} INFO - [2025-07-16T07:21:31.678+0000] {dagbag.py:587} INFO - Filling up the DagBag from /home/airflow/.local/lib/python3.12/site-packages/airflow/example_dags/example_setup_teardown.py
[2025-07-16T07:21:31.687+0000] {processor.py:925} INFO - DAG(s) 'example_setup_teardown' retrieved from /home/airflow/.local/lib/python3.12/site-packages/airflow/example_dags/example_setup_teardown.py
[2025-07-16T07:21:31.711+0000] {logging_mixin.py:190} INFO - [2025-07-16T07:21:31.710+0000] {dag.py:3229} INFO - Sync 1 DAGs
[2025-07-16T07:21:31.727+0000] {logging_mixin.py:190} INFO - [2025-07-16T07:21:31.727+0000] {dag.py:4156} INFO - Setting next_dagrun for example_setup_teardown to None, run_after=None
[2025-07-16T07:21:31.753+0000] {processor.py:208} INFO - Processing /home/airflow/.local/lib/python3.12/site-packages/airflow/example_dags/example_setup_teardown.py took 0.086 seconds
[2025-07-16T07:22:02.653+0000] {processor.py:186} INFO - Started process (PID=1387) to work on /home/airflow/.local/lib/python3.12/site-packages/airflow/example_dags/example_setup_teardown.py
[2025-07-16T07:22:02.654+0000] {processor.py:914} INFO - Processing file /home/airflow/.local/lib/python3.12/site-packages/airflow/example_dags/example_setup_teardown.py for tasks to queue
[2025-07-16T07:22:02.657+0000] {logging_mixin.py:190} INFO - [2025-07-16T07:22:02.657+0000] {dagbag.py:587} INFO - Filling up the DagBag from /home/airflow/.local/lib/python3.12/site-packages/airflow/example_dags/example_setup_teardown.py
[2025-07-16T07:22:02.666+0000] {processor.py:925} INFO - DAG(s) 'example_setup_teardown' retrieved from /home/airflow/.local/lib/python3.12/site-packages/airflow/example_dags/example_setup_teardown.py
[2025-07-16T07:22:02.688+0000] {logging_mixin.py:190} INFO - [2025-07-16T07:22:02.688+0000] {dag.py:3229} INFO - Sync 1 DAGs
[2025-07-16T07:22:02.703+0000] {logging_mixin.py:190} INFO - [2025-07-16T07:22:02.702+0000] {dag.py:4156} INFO - Setting next_dagrun for example_setup_teardown to None, run_after=None
[2025-07-16T07:22:02.726+0000] {processor.py:208} INFO - Processing /home/airflow/.local/lib/python3.12/site-packages/airflow/example_dags/example_setup_teardown.py took 0.080 seconds
[2025-07-16T07:22:33.423+0000] {processor.py:186} INFO - Started process (PID=1444) to work on /home/airflow/.local/lib/python3.12/site-packages/airflow/example_dags/example_setup_teardown.py
[2025-07-16T07:22:33.424+0000] {processor.py:914} INFO - Processing file /home/airflow/.local/lib/python3.12/site-packages/airflow/example_dags/example_setup_teardown.py for tasks to queue
[2025-07-16T07:22:33.427+0000] {logging_mixin.py:190} INFO - [2025-07-16T07:22:33.427+0000] {dagbag.py:587} INFO - Filling up the DagBag from /home/airflow/.local/lib/python3.12/site-packages/airflow/example_dags/example_setup_teardown.py
[2025-07-16T07:22:33.439+0000] {processor.py:925} INFO - DAG(s) 'example_setup_teardown' retrieved from /home/airflow/.local/lib/python3.12/site-packages/airflow/example_dags/example_setup_teardown.py
[2025-07-16T07:22:33.465+0000] {logging_mixin.py:190} INFO - [2025-07-16T07:22:33.465+0000] {dag.py:3229} INFO - Sync 1 DAGs
[2025-07-16T07:22:33.487+0000] {logging_mixin.py:190} INFO - [2025-07-16T07:22:33.486+0000] {dag.py:4156} INFO - Setting next_dagrun for example_setup_teardown to None, run_after=None
[2025-07-16T07:22:33.514+0000] {processor.py:208} INFO - Processing /home/airflow/.local/lib/python3.12/site-packages/airflow/example_dags/example_setup_teardown.py took 0.099 seconds
[2025-07-16T07:23:04.461+0000] {processor.py:186} INFO - Started process (PID=1501) to work on /home/airflow/.local/lib/python3.12/site-packages/airflow/example_dags/example_setup_teardown.py
[2025-07-16T07:23:04.463+0000] {processor.py:914} INFO - Processing file /home/airflow/.local/lib/python3.12/site-packages/airflow/example_dags/example_setup_teardown.py for tasks to queue
[2025-07-16T07:23:04.465+0000] {logging_mixin.py:190} INFO - [2025-07-16T07:23:04.465+0000] {dagbag.py:587} INFO - Filling up the DagBag from /home/airflow/.local/lib/python3.12/site-packages/airflow/example_dags/example_setup_teardown.py
[2025-07-16T07:23:04.474+0000] {processor.py:925} INFO - DAG(s) 'example_setup_teardown' retrieved from /home/airflow/.local/lib/python3.12/site-packages/airflow/example_dags/example_setup_teardown.py
[2025-07-16T07:23:04.496+0000] {logging_mixin.py:190} INFO - [2025-07-16T07:23:04.496+0000] {dag.py:3229} INFO - Sync 1 DAGs
[2025-07-16T07:23:04.515+0000] {logging_mixin.py:190} INFO - [2025-07-16T07:23:04.514+0000] {dag.py:4156} INFO - Setting next_dagrun for example_setup_teardown to None, run_after=None
[2025-07-16T07:23:04.537+0000] {processor.py:208} INFO - Processing /home/airflow/.local/lib/python3.12/site-packages/airflow/example_dags/example_setup_teardown.py took 0.082 seconds
[2025-07-16T07:23:35.478+0000] {processor.py:186} INFO - Started process (PID=1558) to work on /home/airflow/.local/lib/python3.12/site-packages/airflow/example_dags/example_setup_teardown.py
[2025-07-16T07:23:35.479+0000] {processor.py:914} INFO - Processing file /home/airflow/.local/lib/python3.12/site-packages/airflow/example_dags/example_setup_teardown.py for tasks to queue
[2025-07-16T07:23:35.483+0000] {logging_mixin.py:190} INFO - [2025-07-16T07:23:35.483+0000] {dagbag.py:587} INFO - Filling up the DagBag from /home/airflow/.local/lib/python3.12/site-packages/airflow/example_dags/example_setup_teardown.py
[2025-07-16T07:23:35.498+0000] {processor.py:925} INFO - DAG(s) 'example_setup_teardown' retrieved from /home/airflow/.local/lib/python3.12/site-packages/airflow/example_dags/example_setup_teardown.py
[2025-07-16T07:23:35.537+0000] {logging_mixin.py:190} INFO - [2025-07-16T07:23:35.537+0000] {dag.py:3229} INFO - Sync 1 DAGs
[2025-07-16T07:23:35.564+0000] {logging_mixin.py:190} INFO - [2025-07-16T07:23:35.564+0000] {dag.py:4156} INFO - Setting next_dagrun for example_setup_teardown to None, run_after=None
[2025-07-16T07:23:35.625+0000] {processor.py:208} INFO - Processing /home/airflow/.local/lib/python3.12/site-packages/airflow/example_dags/example_setup_teardown.py took 0.154 seconds
[2025-07-16T07:24:06.138+0000] {processor.py:186} INFO - Started process (PID=1615) to work on /home/airflow/.local/lib/python3.12/site-packages/airflow/example_dags/example_setup_teardown.py
[2025-07-16T07:24:06.139+0000] {processor.py:914} INFO - Processing file /home/airflow/.local/lib/python3.12/site-packages/airflow/example_dags/example_setup_teardown.py for tasks to queue
[2025-07-16T07:24:06.141+0000] {logging_mixin.py:190} INFO - [2025-07-16T07:24:06.141+0000] {dagbag.py:587} INFO - Filling up the DagBag from /home/airflow/.local/lib/python3.12/site-packages/airflow/example_dags/example_setup_teardown.py
[2025-07-16T07:24:06.151+0000] {processor.py:925} INFO - DAG(s) 'example_setup_teardown' retrieved from /home/airflow/.local/lib/python3.12/site-packages/airflow/example_dags/example_setup_teardown.py
[2025-07-16T07:24:06.172+0000] {logging_mixin.py:190} INFO - [2025-07-16T07:24:06.171+0000] {dag.py:3229} INFO - Sync 1 DAGs
[2025-07-16T07:24:06.188+0000] {logging_mixin.py:190} INFO - [2025-07-16T07:24:06.188+0000] {dag.py:4156} INFO - Setting next_dagrun for example_setup_teardown to None, run_after=None
[2025-07-16T07:24:06.213+0000] {processor.py:208} INFO - Processing /home/airflow/.local/lib/python3.12/site-packages/airflow/example_dags/example_setup_teardown.py took 0.085 seconds
[2025-07-16T07:24:37.112+0000] {processor.py:186} INFO - Started process (PID=1672) to work on /home/airflow/.local/lib/python3.12/site-packages/airflow/example_dags/example_setup_teardown.py
[2025-07-16T07:24:37.113+0000] {processor.py:914} INFO - Processing file /home/airflow/.local/lib/python3.12/site-packages/airflow/example_dags/example_setup_teardown.py for tasks to queue
[2025-07-16T07:24:37.115+0000] {logging_mixin.py:190} INFO - [2025-07-16T07:24:37.115+0000] {dagbag.py:587} INFO - Filling up the DagBag from /home/airflow/.local/lib/python3.12/site-packages/airflow/example_dags/example_setup_teardown.py
[2025-07-16T07:24:37.124+0000] {processor.py:925} INFO - DAG(s) 'example_setup_teardown' retrieved from /home/airflow/.local/lib/python3.12/site-packages/airflow/example_dags/example_setup_teardown.py
[2025-07-16T07:24:37.146+0000] {logging_mixin.py:190} INFO - [2025-07-16T07:24:37.145+0000] {dag.py:3229} INFO - Sync 1 DAGs
[2025-07-16T07:24:37.161+0000] {logging_mixin.py:190} INFO - [2025-07-16T07:24:37.160+0000] {dag.py:4156} INFO - Setting next_dagrun for example_setup_teardown to None, run_after=None
[2025-07-16T07:24:37.182+0000] {processor.py:208} INFO - Processing /home/airflow/.local/lib/python3.12/site-packages/airflow/example_dags/example_setup_teardown.py took 0.077 seconds
[2025-07-16T07:25:08.135+0000] {processor.py:186} INFO - Started process (PID=1729) to work on /home/airflow/.local/lib/python3.12/site-packages/airflow/example_dags/example_setup_teardown.py
[2025-07-16T07:25:08.136+0000] {processor.py:914} INFO - Processing file /home/airflow/.local/lib/python3.12/site-packages/airflow/example_dags/example_setup_teardown.py for tasks to queue
[2025-07-16T07:25:08.138+0000] {logging_mixin.py:190} INFO - [2025-07-16T07:25:08.138+0000] {dagbag.py:587} INFO - Filling up the DagBag from /home/airflow/.local/lib/python3.12/site-packages/airflow/example_dags/example_setup_teardown.py
[2025-07-16T07:25:08.147+0000] {processor.py:925} INFO - DAG(s) 'example_setup_teardown' retrieved from /home/airflow/.local/lib/python3.12/site-packages/airflow/example_dags/example_setup_teardown.py
[2025-07-16T07:25:08.174+0000] {logging_mixin.py:190} INFO - [2025-07-16T07:25:08.174+0000] {dag.py:3229} INFO - Sync 1 DAGs
[2025-07-16T07:25:08.199+0000] {logging_mixin.py:190} INFO - [2025-07-16T07:25:08.199+0000] {dag.py:4156} INFO - Setting next_dagrun for example_setup_teardown to None, run_after=None
[2025-07-16T07:25:08.222+0000] {processor.py:208} INFO - Processing /home/airflow/.local/lib/python3.12/site-packages/airflow/example_dags/example_setup_teardown.py took 0.095 seconds
[2025-07-16T07:25:38.643+0000] {processor.py:186} INFO - Started process (PID=1786) to work on /home/airflow/.local/lib/python3.12/site-packages/airflow/example_dags/example_setup_teardown.py
[2025-07-16T07:25:38.644+0000] {processor.py:914} INFO - Processing file /home/airflow/.local/lib/python3.12/site-packages/airflow/example_dags/example_setup_teardown.py for tasks to queue
[2025-07-16T07:25:38.647+0000] {logging_mixin.py:190} INFO - [2025-07-16T07:25:38.647+0000] {dagbag.py:587} INFO - Filling up the DagBag from /home/airflow/.local/lib/python3.12/site-packages/airflow/example_dags/example_setup_teardown.py
[2025-07-16T07:25:38.656+0000] {processor.py:925} INFO - DAG(s) 'example_setup_teardown' retrieved from /home/airflow/.local/lib/python3.12/site-packages/airflow/example_dags/example_setup_teardown.py
[2025-07-16T07:25:38.679+0000] {logging_mixin.py:190} INFO - [2025-07-16T07:25:38.679+0000] {dag.py:3229} INFO - Sync 1 DAGs
[2025-07-16T07:25:38.699+0000] {logging_mixin.py:190} INFO - [2025-07-16T07:25:38.699+0000] {dag.py:4156} INFO - Setting next_dagrun for example_setup_teardown to None, run_after=None
[2025-07-16T07:25:39.205+0000] {processor.py:208} INFO - Processing /home/airflow/.local/lib/python3.12/site-packages/airflow/example_dags/example_setup_teardown.py took 0.568 seconds
[2025-07-16T07:26:09.760+0000] {processor.py:186} INFO - Started process (PID=1843) to work on /home/airflow/.local/lib/python3.12/site-packages/airflow/example_dags/example_setup_teardown.py
[2025-07-16T07:26:09.761+0000] {processor.py:914} INFO - Processing file /home/airflow/.local/lib/python3.12/site-packages/airflow/example_dags/example_setup_teardown.py for tasks to queue
[2025-07-16T07:26:09.763+0000] {logging_mixin.py:190} INFO - [2025-07-16T07:26:09.763+0000] {dagbag.py:587} INFO - Filling up the DagBag from /home/airflow/.local/lib/python3.12/site-packages/airflow/example_dags/example_setup_teardown.py
[2025-07-16T07:26:09.775+0000] {processor.py:925} INFO - DAG(s) 'example_setup_teardown' retrieved from /home/airflow/.local/lib/python3.12/site-packages/airflow/example_dags/example_setup_teardown.py
[2025-07-16T07:26:09.800+0000] {logging_mixin.py:190} INFO - [2025-07-16T07:26:09.800+0000] {dag.py:3229} INFO - Sync 1 DAGs
[2025-07-16T07:26:09.821+0000] {logging_mixin.py:190} INFO - [2025-07-16T07:26:09.821+0000] {dag.py:4156} INFO - Setting next_dagrun for example_setup_teardown to None, run_after=None
[2025-07-16T07:26:09.844+0000] {processor.py:208} INFO - Processing /home/airflow/.local/lib/python3.12/site-packages/airflow/example_dags/example_setup_teardown.py took 0.092 seconds
[2025-07-16T07:26:40.019+0000] {processor.py:186} INFO - Started process (PID=1900) to work on /home/airflow/.local/lib/python3.12/site-packages/airflow/example_dags/example_setup_teardown.py
[2025-07-16T07:26:40.020+0000] {processor.py:914} INFO - Processing file /home/airflow/.local/lib/python3.12/site-packages/airflow/example_dags/example_setup_teardown.py for tasks to queue
[2025-07-16T07:26:40.023+0000] {logging_mixin.py:190} INFO - [2025-07-16T07:26:40.023+0000] {dagbag.py:587} INFO - Filling up the DagBag from /home/airflow/.local/lib/python3.12/site-packages/airflow/example_dags/example_setup_teardown.py
[2025-07-16T07:26:40.032+0000] {processor.py:925} INFO - DAG(s) 'example_setup_teardown' retrieved from /home/airflow/.local/lib/python3.12/site-packages/airflow/example_dags/example_setup_teardown.py
[2025-07-16T07:26:40.054+0000] {logging_mixin.py:190} INFO - [2025-07-16T07:26:40.054+0000] {dag.py:3229} INFO - Sync 1 DAGs
[2025-07-16T07:26:40.071+0000] {logging_mixin.py:190} INFO - [2025-07-16T07:26:40.071+0000] {dag.py:4156} INFO - Setting next_dagrun for example_setup_teardown to None, run_after=None
[2025-07-16T07:26:40.093+0000] {processor.py:208} INFO - Processing /home/airflow/.local/lib/python3.12/site-packages/airflow/example_dags/example_setup_teardown.py took 0.081 seconds
[2025-07-16T07:27:10.984+0000] {processor.py:186} INFO - Started process (PID=1957) to work on /home/airflow/.local/lib/python3.12/site-packages/airflow/example_dags/example_setup_teardown.py
[2025-07-16T07:27:10.985+0000] {processor.py:914} INFO - Processing file /home/airflow/.local/lib/python3.12/site-packages/airflow/example_dags/example_setup_teardown.py for tasks to queue
[2025-07-16T07:27:10.989+0000] {logging_mixin.py:190} INFO - [2025-07-16T07:27:10.988+0000] {dagbag.py:587} INFO - Filling up the DagBag from /home/airflow/.local/lib/python3.12/site-packages/airflow/example_dags/example_setup_teardown.py
[2025-07-16T07:27:11.000+0000] {processor.py:925} INFO - DAG(s) 'example_setup_teardown' retrieved from /home/airflow/.local/lib/python3.12/site-packages/airflow/example_dags/example_setup_teardown.py
[2025-07-16T07:27:11.026+0000] {logging_mixin.py:190} INFO - [2025-07-16T07:27:11.025+0000] {dag.py:3229} INFO - Sync 1 DAGs
[2025-07-16T07:27:11.043+0000] {logging_mixin.py:190} INFO - [2025-07-16T07:27:11.043+0000] {dag.py:4156} INFO - Setting next_dagrun for example_setup_teardown to None, run_after=None
[2025-07-16T07:27:11.069+0000] {processor.py:208} INFO - Processing /home/airflow/.local/lib/python3.12/site-packages/airflow/example_dags/example_setup_teardown.py took 0.092 seconds
[2025-07-16T07:27:42.489+0000] {processor.py:186} INFO - Started process (PID=2014) to work on /home/airflow/.local/lib/python3.12/site-packages/airflow/example_dags/example_setup_teardown.py
[2025-07-16T07:27:42.491+0000] {processor.py:914} INFO - Processing file /home/airflow/.local/lib/python3.12/site-packages/airflow/example_dags/example_setup_teardown.py for tasks to queue
[2025-07-16T07:27:42.494+0000] {logging_mixin.py:190} INFO - [2025-07-16T07:27:42.493+0000] {dagbag.py:587} INFO - Filling up the DagBag from /home/airflow/.local/lib/python3.12/site-packages/airflow/example_dags/example_setup_teardown.py
[2025-07-16T07:27:42.504+0000] {processor.py:925} INFO - DAG(s) 'example_setup_teardown' retrieved from /home/airflow/.local/lib/python3.12/site-packages/airflow/example_dags/example_setup_teardown.py
[2025-07-16T07:27:42.528+0000] {logging_mixin.py:190} INFO - [2025-07-16T07:27:42.528+0000] {dag.py:3229} INFO - Sync 1 DAGs
[2025-07-16T07:27:42.545+0000] {logging_mixin.py:190} INFO - [2025-07-16T07:27:42.545+0000] {dag.py:4156} INFO - Setting next_dagrun for example_setup_teardown to None, run_after=None
[2025-07-16T07:27:42.576+0000] {processor.py:208} INFO - Processing /home/airflow/.local/lib/python3.12/site-packages/airflow/example_dags/example_setup_teardown.py took 0.094 seconds
[2025-07-16T07:28:13.035+0000] {processor.py:186} INFO - Started process (PID=2071) to work on /home/airflow/.local/lib/python3.12/site-packages/airflow/example_dags/example_setup_teardown.py
[2025-07-16T07:28:13.036+0000] {processor.py:914} INFO - Processing file /home/airflow/.local/lib/python3.12/site-packages/airflow/example_dags/example_setup_teardown.py for tasks to queue
[2025-07-16T07:28:13.039+0000] {logging_mixin.py:190} INFO - [2025-07-16T07:28:13.039+0000] {dagbag.py:587} INFO - Filling up the DagBag from /home/airflow/.local/lib/python3.12/site-packages/airflow/example_dags/example_setup_teardown.py
[2025-07-16T07:28:13.048+0000] {processor.py:925} INFO - DAG(s) 'example_setup_teardown' retrieved from /home/airflow/.local/lib/python3.12/site-packages/airflow/example_dags/example_setup_teardown.py
[2025-07-16T07:28:13.071+0000] {logging_mixin.py:190} INFO - [2025-07-16T07:28:13.071+0000] {dag.py:3229} INFO - Sync 1 DAGs
[2025-07-16T07:28:13.089+0000] {logging_mixin.py:190} INFO - [2025-07-16T07:28:13.088+0000] {dag.py:4156} INFO - Setting next_dagrun for example_setup_teardown to None, run_after=None
[2025-07-16T07:28:13.114+0000] {processor.py:208} INFO - Processing /home/airflow/.local/lib/python3.12/site-packages/airflow/example_dags/example_setup_teardown.py took 0.085 seconds
[2025-07-16T07:28:43.507+0000] {processor.py:186} INFO - Started process (PID=2128) to work on /home/airflow/.local/lib/python3.12/site-packages/airflow/example_dags/example_setup_teardown.py
[2025-07-16T07:28:43.508+0000] {processor.py:914} INFO - Processing file /home/airflow/.local/lib/python3.12/site-packages/airflow/example_dags/example_setup_teardown.py for tasks to queue
[2025-07-16T07:28:43.511+0000] {logging_mixin.py:190} INFO - [2025-07-16T07:28:43.511+0000] {dagbag.py:587} INFO - Filling up the DagBag from /home/airflow/.local/lib/python3.12/site-packages/airflow/example_dags/example_setup_teardown.py
[2025-07-16T07:28:43.522+0000] {processor.py:925} INFO - DAG(s) 'example_setup_teardown' retrieved from /home/airflow/.local/lib/python3.12/site-packages/airflow/example_dags/example_setup_teardown.py
[2025-07-16T07:28:43.549+0000] {logging_mixin.py:190} INFO - [2025-07-16T07:28:43.549+0000] {dag.py:3229} INFO - Sync 1 DAGs
[2025-07-16T07:28:43.566+0000] {logging_mixin.py:190} INFO - [2025-07-16T07:28:43.566+0000] {dag.py:4156} INFO - Setting next_dagrun for example_setup_teardown to None, run_after=None
[2025-07-16T07:28:43.592+0000] {processor.py:208} INFO - Processing /home/airflow/.local/lib/python3.12/site-packages/airflow/example_dags/example_setup_teardown.py took 0.093 seconds
[2025-07-16T07:29:14.265+0000] {processor.py:186} INFO - Started process (PID=2185) to work on /home/airflow/.local/lib/python3.12/site-packages/airflow/example_dags/example_setup_teardown.py
[2025-07-16T07:29:14.266+0000] {processor.py:914} INFO - Processing file /home/airflow/.local/lib/python3.12/site-packages/airflow/example_dags/example_setup_teardown.py for tasks to queue
[2025-07-16T07:29:14.269+0000] {logging_mixin.py:190} INFO - [2025-07-16T07:29:14.268+0000] {dagbag.py:587} INFO - Filling up the DagBag from /home/airflow/.local/lib/python3.12/site-packages/airflow/example_dags/example_setup_teardown.py
[2025-07-16T07:29:14.278+0000] {processor.py:925} INFO - DAG(s) 'example_setup_teardown' retrieved from /home/airflow/.local/lib/python3.12/site-packages/airflow/example_dags/example_setup_teardown.py
[2025-07-16T07:29:14.302+0000] {logging_mixin.py:190} INFO - [2025-07-16T07:29:14.302+0000] {dag.py:3229} INFO - Sync 1 DAGs
[2025-07-16T07:29:14.318+0000] {logging_mixin.py:190} INFO - [2025-07-16T07:29:14.318+0000] {dag.py:4156} INFO - Setting next_dagrun for example_setup_teardown to None, run_after=None
[2025-07-16T07:29:14.343+0000] {processor.py:208} INFO - Processing /home/airflow/.local/lib/python3.12/site-packages/airflow/example_dags/example_setup_teardown.py took 0.085 seconds
[2025-07-16T07:29:44.912+0000] {processor.py:186} INFO - Started process (PID=2242) to work on /home/airflow/.local/lib/python3.12/site-packages/airflow/example_dags/example_setup_teardown.py
[2025-07-16T07:29:44.913+0000] {processor.py:914} INFO - Processing file /home/airflow/.local/lib/python3.12/site-packages/airflow/example_dags/example_setup_teardown.py for tasks to queue
[2025-07-16T07:29:44.916+0000] {logging_mixin.py:190} INFO - [2025-07-16T07:29:44.915+0000] {dagbag.py:587} INFO - Filling up the DagBag from /home/airflow/.local/lib/python3.12/site-packages/airflow/example_dags/example_setup_teardown.py
[2025-07-16T07:29:44.924+0000] {processor.py:925} INFO - DAG(s) 'example_setup_teardown' retrieved from /home/airflow/.local/lib/python3.12/site-packages/airflow/example_dags/example_setup_teardown.py
[2025-07-16T07:29:44.948+0000] {logging_mixin.py:190} INFO - [2025-07-16T07:29:44.948+0000] {dag.py:3229} INFO - Sync 1 DAGs
[2025-07-16T07:29:44.965+0000] {logging_mixin.py:190} INFO - [2025-07-16T07:29:44.965+0000] {dag.py:4156} INFO - Setting next_dagrun for example_setup_teardown to None, run_after=None
[2025-07-16T07:29:44.989+0000] {processor.py:208} INFO - Processing /home/airflow/.local/lib/python3.12/site-packages/airflow/example_dags/example_setup_teardown.py took 0.084 seconds
[2025-07-16T07:30:16.255+0000] {processor.py:186} INFO - Started process (PID=2299) to work on /home/airflow/.local/lib/python3.12/site-packages/airflow/example_dags/example_setup_teardown.py
[2025-07-16T07:30:16.256+0000] {processor.py:914} INFO - Processing file /home/airflow/.local/lib/python3.12/site-packages/airflow/example_dags/example_setup_teardown.py for tasks to queue
[2025-07-16T07:30:16.258+0000] {logging_mixin.py:190} INFO - [2025-07-16T07:30:16.258+0000] {dagbag.py:587} INFO - Filling up the DagBag from /home/airflow/.local/lib/python3.12/site-packages/airflow/example_dags/example_setup_teardown.py
[2025-07-16T07:30:16.268+0000] {processor.py:925} INFO - DAG(s) 'example_setup_teardown' retrieved from /home/airflow/.local/lib/python3.12/site-packages/airflow/example_dags/example_setup_teardown.py
[2025-07-16T07:30:16.293+0000] {logging_mixin.py:190} INFO - [2025-07-16T07:30:16.292+0000] {dag.py:3229} INFO - Sync 1 DAGs
[2025-07-16T07:30:16.309+0000] {logging_mixin.py:190} INFO - [2025-07-16T07:30:16.309+0000] {dag.py:4156} INFO - Setting next_dagrun for example_setup_teardown to None, run_after=None
[2025-07-16T07:30:16.332+0000] {processor.py:208} INFO - Processing /home/airflow/.local/lib/python3.12/site-packages/airflow/example_dags/example_setup_teardown.py took 0.085 seconds
[2025-07-16T07:30:47.677+0000] {processor.py:186} INFO - Started process (PID=2356) to work on /home/airflow/.local/lib/python3.12/site-packages/airflow/example_dags/example_setup_teardown.py
[2025-07-16T07:30:47.678+0000] {processor.py:914} INFO - Processing file /home/airflow/.local/lib/python3.12/site-packages/airflow/example_dags/example_setup_teardown.py for tasks to queue
[2025-07-16T07:30:47.681+0000] {logging_mixin.py:190} INFO - [2025-07-16T07:30:47.681+0000] {dagbag.py:587} INFO - Filling up the DagBag from /home/airflow/.local/lib/python3.12/site-packages/airflow/example_dags/example_setup_teardown.py
[2025-07-16T07:30:47.690+0000] {processor.py:925} INFO - DAG(s) 'example_setup_teardown' retrieved from /home/airflow/.local/lib/python3.12/site-packages/airflow/example_dags/example_setup_teardown.py
[2025-07-16T07:30:47.714+0000] {logging_mixin.py:190} INFO - [2025-07-16T07:30:47.714+0000] {dag.py:3229} INFO - Sync 1 DAGs
[2025-07-16T07:30:47.731+0000] {logging_mixin.py:190} INFO - [2025-07-16T07:30:47.731+0000] {dag.py:4156} INFO - Setting next_dagrun for example_setup_teardown to None, run_after=None
[2025-07-16T07:30:47.759+0000] {processor.py:208} INFO - Processing /home/airflow/.local/lib/python3.12/site-packages/airflow/example_dags/example_setup_teardown.py took 0.088 seconds
[2025-07-16T07:31:18.345+0000] {processor.py:186} INFO - Started process (PID=2413) to work on /home/airflow/.local/lib/python3.12/site-packages/airflow/example_dags/example_setup_teardown.py
[2025-07-16T07:31:18.346+0000] {processor.py:914} INFO - Processing file /home/airflow/.local/lib/python3.12/site-packages/airflow/example_dags/example_setup_teardown.py for tasks to queue
[2025-07-16T07:31:18.349+0000] {logging_mixin.py:190} INFO - [2025-07-16T07:31:18.349+0000] {dagbag.py:587} INFO - Filling up the DagBag from /home/airflow/.local/lib/python3.12/site-packages/airflow/example_dags/example_setup_teardown.py
[2025-07-16T07:31:18.365+0000] {processor.py:925} INFO - DAG(s) 'example_setup_teardown' retrieved from /home/airflow/.local/lib/python3.12/site-packages/airflow/example_dags/example_setup_teardown.py
[2025-07-16T07:31:18.397+0000] {logging_mixin.py:190} INFO - [2025-07-16T07:31:18.397+0000] {dag.py:3229} INFO - Sync 1 DAGs
[2025-07-16T07:31:18.418+0000] {logging_mixin.py:190} INFO - [2025-07-16T07:31:18.417+0000] {dag.py:4156} INFO - Setting next_dagrun for example_setup_teardown to None, run_after=None
[2025-07-16T07:31:18.440+0000] {processor.py:208} INFO - Processing /home/airflow/.local/lib/python3.12/site-packages/airflow/example_dags/example_setup_teardown.py took 0.103 seconds
[2025-07-16T07:33:04.371+0000] {processor.py:186} INFO - Started process (PID=77) to work on /home/airflow/.local/lib/python3.12/site-packages/airflow/example_dags/example_setup_teardown.py
[2025-07-16T07:33:04.372+0000] {processor.py:914} INFO - Processing file /home/airflow/.local/lib/python3.12/site-packages/airflow/example_dags/example_setup_teardown.py for tasks to queue
[2025-07-16T07:33:04.375+0000] {logging_mixin.py:190} INFO - [2025-07-16T07:33:04.374+0000] {dagbag.py:587} INFO - Filling up the DagBag from /home/airflow/.local/lib/python3.12/site-packages/airflow/example_dags/example_setup_teardown.py
[2025-07-16T07:33:04.390+0000] {processor.py:925} INFO - DAG(s) 'example_setup_teardown' retrieved from /home/airflow/.local/lib/python3.12/site-packages/airflow/example_dags/example_setup_teardown.py
[2025-07-16T07:33:04.418+0000] {logging_mixin.py:190} INFO - [2025-07-16T07:33:04.418+0000] {dag.py:3229} INFO - Sync 1 DAGs
[2025-07-16T07:33:04.434+0000] {logging_mixin.py:190} INFO - [2025-07-16T07:33:04.434+0000] {dag.py:4156} INFO - Setting next_dagrun for example_setup_teardown to None, run_after=None
[2025-07-16T07:33:04.457+0000] {processor.py:208} INFO - Processing /home/airflow/.local/lib/python3.12/site-packages/airflow/example_dags/example_setup_teardown.py took 0.098 seconds
[2025-07-16T07:33:34.973+0000] {processor.py:186} INFO - Started process (PID=134) to work on /home/airflow/.local/lib/python3.12/site-packages/airflow/example_dags/example_setup_teardown.py
[2025-07-16T07:33:34.976+0000] {processor.py:914} INFO - Processing file /home/airflow/.local/lib/python3.12/site-packages/airflow/example_dags/example_setup_teardown.py for tasks to queue
[2025-07-16T07:33:34.980+0000] {logging_mixin.py:190} INFO - [2025-07-16T07:33:34.979+0000] {dagbag.py:587} INFO - Filling up the DagBag from /home/airflow/.local/lib/python3.12/site-packages/airflow/example_dags/example_setup_teardown.py
[2025-07-16T07:33:34.992+0000] {processor.py:925} INFO - DAG(s) 'example_setup_teardown' retrieved from /home/airflow/.local/lib/python3.12/site-packages/airflow/example_dags/example_setup_teardown.py
[2025-07-16T07:33:35.026+0000] {logging_mixin.py:190} INFO - [2025-07-16T07:33:35.026+0000] {dag.py:3229} INFO - Sync 1 DAGs
[2025-07-16T07:33:35.054+0000] {logging_mixin.py:190} INFO - [2025-07-16T07:33:35.054+0000] {dag.py:4156} INFO - Setting next_dagrun for example_setup_teardown to None, run_after=None
[2025-07-16T07:33:35.082+0000] {processor.py:208} INFO - Processing /home/airflow/.local/lib/python3.12/site-packages/airflow/example_dags/example_setup_teardown.py took 0.116 seconds
[2025-07-16T07:34:05.856+0000] {processor.py:186} INFO - Started process (PID=191) to work on /home/airflow/.local/lib/python3.12/site-packages/airflow/example_dags/example_setup_teardown.py
[2025-07-16T07:34:05.857+0000] {processor.py:914} INFO - Processing file /home/airflow/.local/lib/python3.12/site-packages/airflow/example_dags/example_setup_teardown.py for tasks to queue
[2025-07-16T07:34:05.859+0000] {logging_mixin.py:190} INFO - [2025-07-16T07:34:05.859+0000] {dagbag.py:587} INFO - Filling up the DagBag from /home/airflow/.local/lib/python3.12/site-packages/airflow/example_dags/example_setup_teardown.py
[2025-07-16T07:34:05.868+0000] {processor.py:925} INFO - DAG(s) 'example_setup_teardown' retrieved from /home/airflow/.local/lib/python3.12/site-packages/airflow/example_dags/example_setup_teardown.py
[2025-07-16T07:34:05.891+0000] {logging_mixin.py:190} INFO - [2025-07-16T07:34:05.890+0000] {dag.py:3229} INFO - Sync 1 DAGs
[2025-07-16T07:34:05.906+0000] {logging_mixin.py:190} INFO - [2025-07-16T07:34:05.905+0000] {dag.py:4156} INFO - Setting next_dagrun for example_setup_teardown to None, run_after=None
[2025-07-16T07:34:05.929+0000] {processor.py:208} INFO - Processing /home/airflow/.local/lib/python3.12/site-packages/airflow/example_dags/example_setup_teardown.py took 0.080 seconds
[2025-07-16T07:34:36.735+0000] {processor.py:186} INFO - Started process (PID=248) to work on /home/airflow/.local/lib/python3.12/site-packages/airflow/example_dags/example_setup_teardown.py
[2025-07-16T07:34:36.736+0000] {processor.py:914} INFO - Processing file /home/airflow/.local/lib/python3.12/site-packages/airflow/example_dags/example_setup_teardown.py for tasks to queue
[2025-07-16T07:34:36.738+0000] {logging_mixin.py:190} INFO - [2025-07-16T07:34:36.738+0000] {dagbag.py:587} INFO - Filling up the DagBag from /home/airflow/.local/lib/python3.12/site-packages/airflow/example_dags/example_setup_teardown.py
[2025-07-16T07:34:36.747+0000] {processor.py:925} INFO - DAG(s) 'example_setup_teardown' retrieved from /home/airflow/.local/lib/python3.12/site-packages/airflow/example_dags/example_setup_teardown.py
[2025-07-16T07:34:36.769+0000] {logging_mixin.py:190} INFO - [2025-07-16T07:34:36.769+0000] {dag.py:3229} INFO - Sync 1 DAGs
[2025-07-16T07:34:36.785+0000] {logging_mixin.py:190} INFO - [2025-07-16T07:34:36.785+0000] {dag.py:4156} INFO - Setting next_dagrun for example_setup_teardown to None, run_after=None
[2025-07-16T07:34:36.810+0000] {processor.py:208} INFO - Processing /home/airflow/.local/lib/python3.12/site-packages/airflow/example_dags/example_setup_teardown.py took 0.083 seconds
[2025-07-16T07:35:07.239+0000] {processor.py:186} INFO - Started process (PID=305) to work on /home/airflow/.local/lib/python3.12/site-packages/airflow/example_dags/example_setup_teardown.py
[2025-07-16T07:35:07.240+0000] {processor.py:914} INFO - Processing file /home/airflow/.local/lib/python3.12/site-packages/airflow/example_dags/example_setup_teardown.py for tasks to queue
[2025-07-16T07:35:07.243+0000] {logging_mixin.py:190} INFO - [2025-07-16T07:35:07.242+0000] {dagbag.py:587} INFO - Filling up the DagBag from /home/airflow/.local/lib/python3.12/site-packages/airflow/example_dags/example_setup_teardown.py
[2025-07-16T07:35:07.251+0000] {processor.py:925} INFO - DAG(s) 'example_setup_teardown' retrieved from /home/airflow/.local/lib/python3.12/site-packages/airflow/example_dags/example_setup_teardown.py
[2025-07-16T07:35:07.274+0000] {logging_mixin.py:190} INFO - [2025-07-16T07:35:07.274+0000] {dag.py:3229} INFO - Sync 1 DAGs
[2025-07-16T07:35:07.291+0000] {logging_mixin.py:190} INFO - [2025-07-16T07:35:07.291+0000] {dag.py:4156} INFO - Setting next_dagrun for example_setup_teardown to None, run_after=None
[2025-07-16T07:35:07.314+0000] {processor.py:208} INFO - Processing /home/airflow/.local/lib/python3.12/site-packages/airflow/example_dags/example_setup_teardown.py took 0.081 seconds
[2025-07-16T07:35:37.692+0000] {processor.py:186} INFO - Started process (PID=362) to work on /home/airflow/.local/lib/python3.12/site-packages/airflow/example_dags/example_setup_teardown.py
[2025-07-16T07:35:37.694+0000] {processor.py:914} INFO - Processing file /home/airflow/.local/lib/python3.12/site-packages/airflow/example_dags/example_setup_teardown.py for tasks to queue
[2025-07-16T07:35:37.697+0000] {logging_mixin.py:190} INFO - [2025-07-16T07:35:37.696+0000] {dagbag.py:587} INFO - Filling up the DagBag from /home/airflow/.local/lib/python3.12/site-packages/airflow/example_dags/example_setup_teardown.py
[2025-07-16T07:35:37.706+0000] {processor.py:925} INFO - DAG(s) 'example_setup_teardown' retrieved from /home/airflow/.local/lib/python3.12/site-packages/airflow/example_dags/example_setup_teardown.py
[2025-07-16T07:35:37.731+0000] {logging_mixin.py:190} INFO - [2025-07-16T07:35:37.731+0000] {dag.py:3229} INFO - Sync 1 DAGs
[2025-07-16T07:35:37.746+0000] {logging_mixin.py:190} INFO - [2025-07-16T07:35:37.746+0000] {dag.py:4156} INFO - Setting next_dagrun for example_setup_teardown to None, run_after=None
[2025-07-16T07:35:37.770+0000] {processor.py:208} INFO - Processing /home/airflow/.local/lib/python3.12/site-packages/airflow/example_dags/example_setup_teardown.py took 0.086 seconds
[2025-07-16T07:36:08.094+0000] {processor.py:186} INFO - Started process (PID=419) to work on /home/airflow/.local/lib/python3.12/site-packages/airflow/example_dags/example_setup_teardown.py
[2025-07-16T07:36:08.095+0000] {processor.py:914} INFO - Processing file /home/airflow/.local/lib/python3.12/site-packages/airflow/example_dags/example_setup_teardown.py for tasks to queue
[2025-07-16T07:36:08.098+0000] {logging_mixin.py:190} INFO - [2025-07-16T07:36:08.097+0000] {dagbag.py:587} INFO - Filling up the DagBag from /home/airflow/.local/lib/python3.12/site-packages/airflow/example_dags/example_setup_teardown.py
[2025-07-16T07:36:08.107+0000] {processor.py:925} INFO - DAG(s) 'example_setup_teardown' retrieved from /home/airflow/.local/lib/python3.12/site-packages/airflow/example_dags/example_setup_teardown.py
[2025-07-16T07:36:08.131+0000] {logging_mixin.py:190} INFO - [2025-07-16T07:36:08.131+0000] {dag.py:3229} INFO - Sync 1 DAGs
[2025-07-16T07:36:08.149+0000] {logging_mixin.py:190} INFO - [2025-07-16T07:36:08.149+0000] {dag.py:4156} INFO - Setting next_dagrun for example_setup_teardown to None, run_after=None
[2025-07-16T07:36:08.176+0000] {processor.py:208} INFO - Processing /home/airflow/.local/lib/python3.12/site-packages/airflow/example_dags/example_setup_teardown.py took 0.089 seconds
[2025-07-16T07:36:39.858+0000] {processor.py:186} INFO - Started process (PID=476) to work on /home/airflow/.local/lib/python3.12/site-packages/airflow/example_dags/example_setup_teardown.py
[2025-07-16T07:36:39.860+0000] {processor.py:914} INFO - Processing file /home/airflow/.local/lib/python3.12/site-packages/airflow/example_dags/example_setup_teardown.py for tasks to queue
[2025-07-16T07:36:39.862+0000] {logging_mixin.py:190} INFO - [2025-07-16T07:36:39.862+0000] {dagbag.py:587} INFO - Filling up the DagBag from /home/airflow/.local/lib/python3.12/site-packages/airflow/example_dags/example_setup_teardown.py
[2025-07-16T07:36:39.871+0000] {processor.py:925} INFO - DAG(s) 'example_setup_teardown' retrieved from /home/airflow/.local/lib/python3.12/site-packages/airflow/example_dags/example_setup_teardown.py
[2025-07-16T07:36:39.897+0000] {logging_mixin.py:190} INFO - [2025-07-16T07:36:39.897+0000] {dag.py:3229} INFO - Sync 1 DAGs
[2025-07-16T07:36:39.913+0000] {logging_mixin.py:190} INFO - [2025-07-16T07:36:39.913+0000] {dag.py:4156} INFO - Setting next_dagrun for example_setup_teardown to None, run_after=None
[2025-07-16T07:36:39.938+0000] {processor.py:208} INFO - Processing /home/airflow/.local/lib/python3.12/site-packages/airflow/example_dags/example_setup_teardown.py took 0.087 seconds
[2025-07-16T07:37:10.505+0000] {processor.py:186} INFO - Started process (PID=533) to work on /home/airflow/.local/lib/python3.12/site-packages/airflow/example_dags/example_setup_teardown.py
[2025-07-16T07:37:10.506+0000] {processor.py:914} INFO - Processing file /home/airflow/.local/lib/python3.12/site-packages/airflow/example_dags/example_setup_teardown.py for tasks to queue
[2025-07-16T07:37:10.509+0000] {logging_mixin.py:190} INFO - [2025-07-16T07:37:10.509+0000] {dagbag.py:587} INFO - Filling up the DagBag from /home/airflow/.local/lib/python3.12/site-packages/airflow/example_dags/example_setup_teardown.py
[2025-07-16T07:37:10.518+0000] {processor.py:925} INFO - DAG(s) 'example_setup_teardown' retrieved from /home/airflow/.local/lib/python3.12/site-packages/airflow/example_dags/example_setup_teardown.py
[2025-07-16T07:37:10.541+0000] {logging_mixin.py:190} INFO - [2025-07-16T07:37:10.541+0000] {dag.py:3229} INFO - Sync 1 DAGs
[2025-07-16T07:37:10.561+0000] {logging_mixin.py:190} INFO - [2025-07-16T07:37:10.561+0000] {dag.py:4156} INFO - Setting next_dagrun for example_setup_teardown to None, run_after=None
[2025-07-16T07:37:10.590+0000] {processor.py:208} INFO - Processing /home/airflow/.local/lib/python3.12/site-packages/airflow/example_dags/example_setup_teardown.py took 0.092 seconds
[2025-07-16T07:37:41.301+0000] {processor.py:186} INFO - Started process (PID=590) to work on /home/airflow/.local/lib/python3.12/site-packages/airflow/example_dags/example_setup_teardown.py
[2025-07-16T07:37:41.303+0000] {processor.py:914} INFO - Processing file /home/airflow/.local/lib/python3.12/site-packages/airflow/example_dags/example_setup_teardown.py for tasks to queue
[2025-07-16T07:37:41.306+0000] {logging_mixin.py:190} INFO - [2025-07-16T07:37:41.305+0000] {dagbag.py:587} INFO - Filling up the DagBag from /home/airflow/.local/lib/python3.12/site-packages/airflow/example_dags/example_setup_teardown.py
[2025-07-16T07:37:41.314+0000] {processor.py:925} INFO - DAG(s) 'example_setup_teardown' retrieved from /home/airflow/.local/lib/python3.12/site-packages/airflow/example_dags/example_setup_teardown.py
[2025-07-16T07:37:41.339+0000] {logging_mixin.py:190} INFO - [2025-07-16T07:37:41.339+0000] {dag.py:3229} INFO - Sync 1 DAGs
[2025-07-16T07:37:41.355+0000] {logging_mixin.py:190} INFO - [2025-07-16T07:37:41.354+0000] {dag.py:4156} INFO - Setting next_dagrun for example_setup_teardown to None, run_after=None
[2025-07-16T07:37:41.383+0000] {processor.py:208} INFO - Processing /home/airflow/.local/lib/python3.12/site-packages/airflow/example_dags/example_setup_teardown.py took 0.089 seconds
[2025-07-16T07:38:12.527+0000] {processor.py:186} INFO - Started process (PID=647) to work on /home/airflow/.local/lib/python3.12/site-packages/airflow/example_dags/example_setup_teardown.py
[2025-07-16T07:38:12.528+0000] {processor.py:914} INFO - Processing file /home/airflow/.local/lib/python3.12/site-packages/airflow/example_dags/example_setup_teardown.py for tasks to queue
[2025-07-16T07:38:12.531+0000] {logging_mixin.py:190} INFO - [2025-07-16T07:38:12.531+0000] {dagbag.py:587} INFO - Filling up the DagBag from /home/airflow/.local/lib/python3.12/site-packages/airflow/example_dags/example_setup_teardown.py
[2025-07-16T07:38:12.540+0000] {processor.py:925} INFO - DAG(s) 'example_setup_teardown' retrieved from /home/airflow/.local/lib/python3.12/site-packages/airflow/example_dags/example_setup_teardown.py
[2025-07-16T07:38:12.562+0000] {logging_mixin.py:190} INFO - [2025-07-16T07:38:12.562+0000] {dag.py:3229} INFO - Sync 1 DAGs
[2025-07-16T07:38:12.577+0000] {logging_mixin.py:190} INFO - [2025-07-16T07:38:12.577+0000] {dag.py:4156} INFO - Setting next_dagrun for example_setup_teardown to None, run_after=None
[2025-07-16T07:38:12.600+0000] {processor.py:208} INFO - Processing /home/airflow/.local/lib/python3.12/site-packages/airflow/example_dags/example_setup_teardown.py took 0.079 seconds
[2025-07-16T07:38:43.173+0000] {processor.py:186} INFO - Started process (PID=704) to work on /home/airflow/.local/lib/python3.12/site-packages/airflow/example_dags/example_setup_teardown.py
[2025-07-16T07:38:43.174+0000] {processor.py:914} INFO - Processing file /home/airflow/.local/lib/python3.12/site-packages/airflow/example_dags/example_setup_teardown.py for tasks to queue
[2025-07-16T07:38:43.177+0000] {logging_mixin.py:190} INFO - [2025-07-16T07:38:43.176+0000] {dagbag.py:587} INFO - Filling up the DagBag from /home/airflow/.local/lib/python3.12/site-packages/airflow/example_dags/example_setup_teardown.py
[2025-07-16T07:38:43.188+0000] {processor.py:925} INFO - DAG(s) 'example_setup_teardown' retrieved from /home/airflow/.local/lib/python3.12/site-packages/airflow/example_dags/example_setup_teardown.py
[2025-07-16T07:38:43.212+0000] {logging_mixin.py:190} INFO - [2025-07-16T07:38:43.212+0000] {dag.py:3229} INFO - Sync 1 DAGs
[2025-07-16T07:38:43.229+0000] {logging_mixin.py:190} INFO - [2025-07-16T07:38:43.229+0000] {dag.py:4156} INFO - Setting next_dagrun for example_setup_teardown to None, run_after=None
[2025-07-16T07:38:43.258+0000] {processor.py:208} INFO - Processing /home/airflow/.local/lib/python3.12/site-packages/airflow/example_dags/example_setup_teardown.py took 0.094 seconds
[2025-07-16T07:39:13.942+0000] {processor.py:186} INFO - Started process (PID=761) to work on /home/airflow/.local/lib/python3.12/site-packages/airflow/example_dags/example_setup_teardown.py
[2025-07-16T07:39:13.943+0000] {processor.py:914} INFO - Processing file /home/airflow/.local/lib/python3.12/site-packages/airflow/example_dags/example_setup_teardown.py for tasks to queue
[2025-07-16T07:39:13.946+0000] {logging_mixin.py:190} INFO - [2025-07-16T07:39:13.945+0000] {dagbag.py:587} INFO - Filling up the DagBag from /home/airflow/.local/lib/python3.12/site-packages/airflow/example_dags/example_setup_teardown.py
[2025-07-16T07:39:13.955+0000] {processor.py:925} INFO - DAG(s) 'example_setup_teardown' retrieved from /home/airflow/.local/lib/python3.12/site-packages/airflow/example_dags/example_setup_teardown.py
[2025-07-16T07:39:13.977+0000] {logging_mixin.py:190} INFO - [2025-07-16T07:39:13.977+0000] {dag.py:3229} INFO - Sync 1 DAGs
[2025-07-16T07:39:13.994+0000] {logging_mixin.py:190} INFO - [2025-07-16T07:39:13.994+0000] {dag.py:4156} INFO - Setting next_dagrun for example_setup_teardown to None, run_after=None
[2025-07-16T07:39:14.018+0000] {processor.py:208} INFO - Processing /home/airflow/.local/lib/python3.12/site-packages/airflow/example_dags/example_setup_teardown.py took 0.083 seconds
[2025-07-16T07:39:44.398+0000] {processor.py:186} INFO - Started process (PID=818) to work on /home/airflow/.local/lib/python3.12/site-packages/airflow/example_dags/example_setup_teardown.py
[2025-07-16T07:39:44.399+0000] {processor.py:914} INFO - Processing file /home/airflow/.local/lib/python3.12/site-packages/airflow/example_dags/example_setup_teardown.py for tasks to queue
[2025-07-16T07:39:44.402+0000] {logging_mixin.py:190} INFO - [2025-07-16T07:39:44.402+0000] {dagbag.py:587} INFO - Filling up the DagBag from /home/airflow/.local/lib/python3.12/site-packages/airflow/example_dags/example_setup_teardown.py
[2025-07-16T07:39:44.411+0000] {processor.py:925} INFO - DAG(s) 'example_setup_teardown' retrieved from /home/airflow/.local/lib/python3.12/site-packages/airflow/example_dags/example_setup_teardown.py
[2025-07-16T07:39:44.433+0000] {logging_mixin.py:190} INFO - [2025-07-16T07:39:44.433+0000] {dag.py:3229} INFO - Sync 1 DAGs
[2025-07-16T07:39:44.449+0000] {logging_mixin.py:190} INFO - [2025-07-16T07:39:44.448+0000] {dag.py:4156} INFO - Setting next_dagrun for example_setup_teardown to None, run_after=None
[2025-07-16T07:39:44.471+0000] {processor.py:208} INFO - Processing /home/airflow/.local/lib/python3.12/site-packages/airflow/example_dags/example_setup_teardown.py took 0.079 seconds
[2025-07-16T07:40:15.053+0000] {processor.py:186} INFO - Started process (PID=875) to work on /home/airflow/.local/lib/python3.12/site-packages/airflow/example_dags/example_setup_teardown.py
[2025-07-16T07:40:15.054+0000] {processor.py:914} INFO - Processing file /home/airflow/.local/lib/python3.12/site-packages/airflow/example_dags/example_setup_teardown.py for tasks to queue
[2025-07-16T07:40:15.057+0000] {logging_mixin.py:190} INFO - [2025-07-16T07:40:15.056+0000] {dagbag.py:587} INFO - Filling up the DagBag from /home/airflow/.local/lib/python3.12/site-packages/airflow/example_dags/example_setup_teardown.py
[2025-07-16T07:40:15.065+0000] {processor.py:925} INFO - DAG(s) 'example_setup_teardown' retrieved from /home/airflow/.local/lib/python3.12/site-packages/airflow/example_dags/example_setup_teardown.py
[2025-07-16T07:40:15.089+0000] {logging_mixin.py:190} INFO - [2025-07-16T07:40:15.089+0000] {dag.py:3229} INFO - Sync 1 DAGs
[2025-07-16T07:40:15.119+0000] {logging_mixin.py:190} INFO - [2025-07-16T07:40:15.119+0000] {dag.py:4156} INFO - Setting next_dagrun for example_setup_teardown to None, run_after=None
[2025-07-16T07:40:15.178+0000] {processor.py:208} INFO - Processing /home/airflow/.local/lib/python3.12/site-packages/airflow/example_dags/example_setup_teardown.py took 0.135 seconds
[2025-07-16T07:40:45.863+0000] {processor.py:186} INFO - Started process (PID=932) to work on /home/airflow/.local/lib/python3.12/site-packages/airflow/example_dags/example_setup_teardown.py
[2025-07-16T07:40:45.864+0000] {processor.py:914} INFO - Processing file /home/airflow/.local/lib/python3.12/site-packages/airflow/example_dags/example_setup_teardown.py for tasks to queue
[2025-07-16T07:40:45.867+0000] {logging_mixin.py:190} INFO - [2025-07-16T07:40:45.866+0000] {dagbag.py:587} INFO - Filling up the DagBag from /home/airflow/.local/lib/python3.12/site-packages/airflow/example_dags/example_setup_teardown.py
[2025-07-16T07:40:45.875+0000] {processor.py:925} INFO - DAG(s) 'example_setup_teardown' retrieved from /home/airflow/.local/lib/python3.12/site-packages/airflow/example_dags/example_setup_teardown.py
[2025-07-16T07:40:45.899+0000] {logging_mixin.py:190} INFO - [2025-07-16T07:40:45.899+0000] {dag.py:3229} INFO - Sync 1 DAGs
[2025-07-16T07:40:45.916+0000] {logging_mixin.py:190} INFO - [2025-07-16T07:40:45.915+0000] {dag.py:4156} INFO - Setting next_dagrun for example_setup_teardown to None, run_after=None
[2025-07-16T07:40:45.944+0000] {processor.py:208} INFO - Processing /home/airflow/.local/lib/python3.12/site-packages/airflow/example_dags/example_setup_teardown.py took 0.088 seconds
