[2025-07-16T07:10:15.219+0000] {processor.py:186} INFO - Started process (PID=57) to work on /home/airflow/.local/lib/python3.12/site-packages/airflow/example_dags/example_skip_dag.py
[2025-07-16T07:10:15.222+0000] {processor.py:914} INFO - Processing file /home/airflow/.local/lib/python3.12/site-packages/airflow/example_dags/example_skip_dag.py for tasks to queue
[2025-07-16T07:10:15.246+0000] {logging_mixin.py:190} INFO - [2025-07-16T07:10:15.244+0000] {dagbag.py:587} INFO - Filling up the DagBag from /home/airflow/.local/lib/python3.12/site-packages/airflow/example_dags/example_skip_dag.py
[2025-07-16T07:10:15.292+0000] {processor.py:925} INFO - DAG(s) 'example_skip_dag' retrieved from /home/airflow/.local/lib/python3.12/site-packages/airflow/example_dags/example_skip_dag.py
[2025-07-16T07:10:15.379+0000] {logging_mixin.py:190} INFO - [2025-07-16T07:10:15.379+0000] {dag.py:3229} INFO - Sync 1 DAGs
[2025-07-16T07:10:15.464+0000] {logging_mixin.py:190} INFO - [2025-07-16T07:10:15.463+0000] {dag.py:4156} INFO - Setting next_dagrun for example_skip_dag to 2025-07-15 00:00:00+00:00, run_after=2025-07-16 00:00:00+00:00
[2025-07-16T07:10:15.547+0000] {processor.py:208} INFO - Processing /home/airflow/.local/lib/python3.12/site-packages/airflow/example_dags/example_skip_dag.py took 0.353 seconds
[2025-07-16T07:10:45.744+0000] {processor.py:186} INFO - Started process (PID=113) to work on /home/airflow/.local/lib/python3.12/site-packages/airflow/example_dags/example_skip_dag.py
[2025-07-16T07:10:45.746+0000] {processor.py:914} INFO - Processing file /home/airflow/.local/lib/python3.12/site-packages/airflow/example_dags/example_skip_dag.py for tasks to queue
[2025-07-16T07:10:45.748+0000] {logging_mixin.py:190} INFO - [2025-07-16T07:10:45.748+0000] {dagbag.py:587} INFO - Filling up the DagBag from /home/airflow/.local/lib/python3.12/site-packages/airflow/example_dags/example_skip_dag.py
[2025-07-16T07:10:45.756+0000] {processor.py:925} INFO - DAG(s) 'example_skip_dag' retrieved from /home/airflow/.local/lib/python3.12/site-packages/airflow/example_dags/example_skip_dag.py
[2025-07-16T07:10:45.780+0000] {logging_mixin.py:190} INFO - [2025-07-16T07:10:45.780+0000] {dag.py:3229} INFO - Sync 1 DAGs
[2025-07-16T07:10:45.804+0000] {logging_mixin.py:190} INFO - [2025-07-16T07:10:45.803+0000] {dag.py:4156} INFO - Setting next_dagrun for example_skip_dag to 2025-07-15 00:00:00+00:00, run_after=2025-07-16 00:00:00+00:00
[2025-07-16T07:10:45.826+0000] {processor.py:208} INFO - Processing /home/airflow/.local/lib/python3.12/site-packages/airflow/example_dags/example_skip_dag.py took 0.088 seconds
[2025-07-16T07:11:16.775+0000] {processor.py:186} INFO - Started process (PID=170) to work on /home/airflow/.local/lib/python3.12/site-packages/airflow/example_dags/example_skip_dag.py
[2025-07-16T07:11:16.777+0000] {processor.py:914} INFO - Processing file /home/airflow/.local/lib/python3.12/site-packages/airflow/example_dags/example_skip_dag.py for tasks to queue
[2025-07-16T07:11:16.780+0000] {logging_mixin.py:190} INFO - [2025-07-16T07:11:16.779+0000] {dagbag.py:587} INFO - Filling up the DagBag from /home/airflow/.local/lib/python3.12/site-packages/airflow/example_dags/example_skip_dag.py
[2025-07-16T07:11:16.790+0000] {processor.py:925} INFO - DAG(s) 'example_skip_dag' retrieved from /home/airflow/.local/lib/python3.12/site-packages/airflow/example_dags/example_skip_dag.py
[2025-07-16T07:11:16.818+0000] {logging_mixin.py:190} INFO - [2025-07-16T07:11:16.818+0000] {dag.py:3229} INFO - Sync 1 DAGs
[2025-07-16T07:11:16.890+0000] {logging_mixin.py:190} INFO - [2025-07-16T07:11:16.889+0000] {dag.py:4156} INFO - Setting next_dagrun for example_skip_dag to 2025-07-15 00:00:00+00:00, run_after=2025-07-16 00:00:00+00:00
[2025-07-16T07:11:16.966+0000] {processor.py:208} INFO - Processing /home/airflow/.local/lib/python3.12/site-packages/airflow/example_dags/example_skip_dag.py took 0.201 seconds
[2025-07-16T07:11:47.111+0000] {processor.py:186} INFO - Started process (PID=227) to work on /home/airflow/.local/lib/python3.12/site-packages/airflow/example_dags/example_skip_dag.py
[2025-07-16T07:11:47.112+0000] {processor.py:914} INFO - Processing file /home/airflow/.local/lib/python3.12/site-packages/airflow/example_dags/example_skip_dag.py for tasks to queue
[2025-07-16T07:11:47.116+0000] {logging_mixin.py:190} INFO - [2025-07-16T07:11:47.115+0000] {dagbag.py:587} INFO - Filling up the DagBag from /home/airflow/.local/lib/python3.12/site-packages/airflow/example_dags/example_skip_dag.py
[2025-07-16T07:11:47.124+0000] {processor.py:925} INFO - DAG(s) 'example_skip_dag' retrieved from /home/airflow/.local/lib/python3.12/site-packages/airflow/example_dags/example_skip_dag.py
[2025-07-16T07:11:47.154+0000] {logging_mixin.py:190} INFO - [2025-07-16T07:11:47.154+0000] {dag.py:3229} INFO - Sync 1 DAGs
[2025-07-16T07:11:47.189+0000] {logging_mixin.py:190} INFO - [2025-07-16T07:11:47.189+0000] {dag.py:4156} INFO - Setting next_dagrun for example_skip_dag to 2025-07-15 00:00:00+00:00, run_after=2025-07-16 00:00:00+00:00
[2025-07-16T07:11:47.224+0000] {processor.py:208} INFO - Processing /home/airflow/.local/lib/python3.12/site-packages/airflow/example_dags/example_skip_dag.py took 0.121 seconds
[2025-07-16T07:12:17.311+0000] {processor.py:186} INFO - Started process (PID=283) to work on /home/airflow/.local/lib/python3.12/site-packages/airflow/example_dags/example_skip_dag.py
[2025-07-16T07:12:17.312+0000] {processor.py:914} INFO - Processing file /home/airflow/.local/lib/python3.12/site-packages/airflow/example_dags/example_skip_dag.py for tasks to queue
[2025-07-16T07:12:17.315+0000] {logging_mixin.py:190} INFO - [2025-07-16T07:12:17.315+0000] {dagbag.py:587} INFO - Filling up the DagBag from /home/airflow/.local/lib/python3.12/site-packages/airflow/example_dags/example_skip_dag.py
[2025-07-16T07:12:17.323+0000] {processor.py:925} INFO - DAG(s) 'example_skip_dag' retrieved from /home/airflow/.local/lib/python3.12/site-packages/airflow/example_dags/example_skip_dag.py
[2025-07-16T07:12:17.349+0000] {logging_mixin.py:190} INFO - [2025-07-16T07:12:17.349+0000] {dag.py:3229} INFO - Sync 1 DAGs
[2025-07-16T07:12:17.373+0000] {logging_mixin.py:190} INFO - [2025-07-16T07:12:17.372+0000] {dag.py:4156} INFO - Setting next_dagrun for example_skip_dag to 2025-07-15 00:00:00+00:00, run_after=2025-07-16 00:00:00+00:00
[2025-07-16T07:12:17.396+0000] {processor.py:208} INFO - Processing /home/airflow/.local/lib/python3.12/site-packages/airflow/example_dags/example_skip_dag.py took 0.093 seconds
[2025-07-16T07:12:48.588+0000] {processor.py:186} INFO - Started process (PID=341) to work on /home/airflow/.local/lib/python3.12/site-packages/airflow/example_dags/example_skip_dag.py
[2025-07-16T07:12:48.590+0000] {processor.py:914} INFO - Processing file /home/airflow/.local/lib/python3.12/site-packages/airflow/example_dags/example_skip_dag.py for tasks to queue
[2025-07-16T07:12:48.593+0000] {logging_mixin.py:190} INFO - [2025-07-16T07:12:48.593+0000] {dagbag.py:587} INFO - Filling up the DagBag from /home/airflow/.local/lib/python3.12/site-packages/airflow/example_dags/example_skip_dag.py
[2025-07-16T07:12:48.606+0000] {processor.py:925} INFO - DAG(s) 'example_skip_dag' retrieved from /home/airflow/.local/lib/python3.12/site-packages/airflow/example_dags/example_skip_dag.py
[2025-07-16T07:12:48.646+0000] {logging_mixin.py:190} INFO - [2025-07-16T07:12:48.645+0000] {dag.py:3229} INFO - Sync 1 DAGs
[2025-07-16T07:12:48.682+0000] {logging_mixin.py:190} INFO - [2025-07-16T07:12:48.682+0000] {dag.py:4156} INFO - Setting next_dagrun for example_skip_dag to 2025-07-15 00:00:00+00:00, run_after=2025-07-16 00:00:00+00:00
[2025-07-16T07:12:48.714+0000] {processor.py:208} INFO - Processing /home/airflow/.local/lib/python3.12/site-packages/airflow/example_dags/example_skip_dag.py took 0.139 seconds
[2025-07-16T07:13:19.729+0000] {processor.py:186} INFO - Started process (PID=398) to work on /home/airflow/.local/lib/python3.12/site-packages/airflow/example_dags/example_skip_dag.py
[2025-07-16T07:13:19.730+0000] {processor.py:914} INFO - Processing file /home/airflow/.local/lib/python3.12/site-packages/airflow/example_dags/example_skip_dag.py for tasks to queue
[2025-07-16T07:13:19.733+0000] {logging_mixin.py:190} INFO - [2025-07-16T07:13:19.733+0000] {dagbag.py:587} INFO - Filling up the DagBag from /home/airflow/.local/lib/python3.12/site-packages/airflow/example_dags/example_skip_dag.py
[2025-07-16T07:13:19.742+0000] {processor.py:925} INFO - DAG(s) 'example_skip_dag' retrieved from /home/airflow/.local/lib/python3.12/site-packages/airflow/example_dags/example_skip_dag.py
[2025-07-16T07:13:19.766+0000] {logging_mixin.py:190} INFO - [2025-07-16T07:13:19.766+0000] {dag.py:3229} INFO - Sync 1 DAGs
[2025-07-16T07:13:19.793+0000] {logging_mixin.py:190} INFO - [2025-07-16T07:13:19.793+0000] {dag.py:4156} INFO - Setting next_dagrun for example_skip_dag to 2025-07-15 00:00:00+00:00, run_after=2025-07-16 00:00:00+00:00
[2025-07-16T07:13:19.821+0000] {processor.py:208} INFO - Processing /home/airflow/.local/lib/python3.12/site-packages/airflow/example_dags/example_skip_dag.py took 0.100 seconds
[2025-07-16T07:13:50.044+0000] {processor.py:186} INFO - Started process (PID=455) to work on /home/airflow/.local/lib/python3.12/site-packages/airflow/example_dags/example_skip_dag.py
[2025-07-16T07:13:50.046+0000] {processor.py:914} INFO - Processing file /home/airflow/.local/lib/python3.12/site-packages/airflow/example_dags/example_skip_dag.py for tasks to queue
[2025-07-16T07:13:50.048+0000] {logging_mixin.py:190} INFO - [2025-07-16T07:13:50.048+0000] {dagbag.py:587} INFO - Filling up the DagBag from /home/airflow/.local/lib/python3.12/site-packages/airflow/example_dags/example_skip_dag.py
[2025-07-16T07:13:50.056+0000] {processor.py:925} INFO - DAG(s) 'example_skip_dag' retrieved from /home/airflow/.local/lib/python3.12/site-packages/airflow/example_dags/example_skip_dag.py
[2025-07-16T07:13:50.080+0000] {logging_mixin.py:190} INFO - [2025-07-16T07:13:50.080+0000] {dag.py:3229} INFO - Sync 1 DAGs
[2025-07-16T07:13:50.103+0000] {logging_mixin.py:190} INFO - [2025-07-16T07:13:50.103+0000] {dag.py:4156} INFO - Setting next_dagrun for example_skip_dag to 2025-07-15 00:00:00+00:00, run_after=2025-07-16 00:00:00+00:00
[2025-07-16T07:13:50.124+0000] {processor.py:208} INFO - Processing /home/airflow/.local/lib/python3.12/site-packages/airflow/example_dags/example_skip_dag.py took 0.087 seconds
[2025-07-16T07:14:21.304+0000] {processor.py:186} INFO - Started process (PID=512) to work on /home/airflow/.local/lib/python3.12/site-packages/airflow/example_dags/example_skip_dag.py
[2025-07-16T07:14:21.306+0000] {processor.py:914} INFO - Processing file /home/airflow/.local/lib/python3.12/site-packages/airflow/example_dags/example_skip_dag.py for tasks to queue
[2025-07-16T07:14:21.308+0000] {logging_mixin.py:190} INFO - [2025-07-16T07:14:21.308+0000] {dagbag.py:587} INFO - Filling up the DagBag from /home/airflow/.local/lib/python3.12/site-packages/airflow/example_dags/example_skip_dag.py
[2025-07-16T07:14:21.317+0000] {processor.py:925} INFO - DAG(s) 'example_skip_dag' retrieved from /home/airflow/.local/lib/python3.12/site-packages/airflow/example_dags/example_skip_dag.py
[2025-07-16T07:14:21.342+0000] {logging_mixin.py:190} INFO - [2025-07-16T07:14:21.342+0000] {dag.py:3229} INFO - Sync 1 DAGs
[2025-07-16T07:14:21.369+0000] {logging_mixin.py:190} INFO - [2025-07-16T07:14:21.369+0000] {dag.py:4156} INFO - Setting next_dagrun for example_skip_dag to 2025-07-15 00:00:00+00:00, run_after=2025-07-16 00:00:00+00:00
[2025-07-16T07:14:21.393+0000] {processor.py:208} INFO - Processing /home/airflow/.local/lib/python3.12/site-packages/airflow/example_dags/example_skip_dag.py took 0.096 seconds
[2025-07-16T07:14:51.840+0000] {processor.py:186} INFO - Started process (PID=569) to work on /home/airflow/.local/lib/python3.12/site-packages/airflow/example_dags/example_skip_dag.py
[2025-07-16T07:14:51.842+0000] {processor.py:914} INFO - Processing file /home/airflow/.local/lib/python3.12/site-packages/airflow/example_dags/example_skip_dag.py for tasks to queue
[2025-07-16T07:14:51.844+0000] {logging_mixin.py:190} INFO - [2025-07-16T07:14:51.844+0000] {dagbag.py:587} INFO - Filling up the DagBag from /home/airflow/.local/lib/python3.12/site-packages/airflow/example_dags/example_skip_dag.py
[2025-07-16T07:14:51.853+0000] {processor.py:925} INFO - DAG(s) 'example_skip_dag' retrieved from /home/airflow/.local/lib/python3.12/site-packages/airflow/example_dags/example_skip_dag.py
[2025-07-16T07:14:51.878+0000] {logging_mixin.py:190} INFO - [2025-07-16T07:14:51.878+0000] {dag.py:3229} INFO - Sync 1 DAGs
[2025-07-16T07:14:51.904+0000] {logging_mixin.py:190} INFO - [2025-07-16T07:14:51.903+0000] {dag.py:4156} INFO - Setting next_dagrun for example_skip_dag to 2025-07-15 00:00:00+00:00, run_after=2025-07-16 00:00:00+00:00
[2025-07-16T07:14:51.929+0000] {processor.py:208} INFO - Processing /home/airflow/.local/lib/python3.12/site-packages/airflow/example_dags/example_skip_dag.py took 0.096 seconds
[2025-07-16T07:15:22.829+0000] {processor.py:186} INFO - Started process (PID=627) to work on /home/airflow/.local/lib/python3.12/site-packages/airflow/example_dags/example_skip_dag.py
[2025-07-16T07:15:22.831+0000] {processor.py:914} INFO - Processing file /home/airflow/.local/lib/python3.12/site-packages/airflow/example_dags/example_skip_dag.py for tasks to queue
[2025-07-16T07:15:22.834+0000] {logging_mixin.py:190} INFO - [2025-07-16T07:15:22.834+0000] {dagbag.py:587} INFO - Filling up the DagBag from /home/airflow/.local/lib/python3.12/site-packages/airflow/example_dags/example_skip_dag.py
[2025-07-16T07:15:22.844+0000] {processor.py:925} INFO - DAG(s) 'example_skip_dag' retrieved from /home/airflow/.local/lib/python3.12/site-packages/airflow/example_dags/example_skip_dag.py
[2025-07-16T07:15:22.869+0000] {logging_mixin.py:190} INFO - [2025-07-16T07:15:22.869+0000] {dag.py:3229} INFO - Sync 1 DAGs
[2025-07-16T07:15:22.895+0000] {logging_mixin.py:190} INFO - [2025-07-16T07:15:22.894+0000] {dag.py:4156} INFO - Setting next_dagrun for example_skip_dag to 2025-07-15 00:00:00+00:00, run_after=2025-07-16 00:00:00+00:00
[2025-07-16T07:15:22.919+0000] {processor.py:208} INFO - Processing /home/airflow/.local/lib/python3.12/site-packages/airflow/example_dags/example_skip_dag.py took 0.097 seconds
[2025-07-16T07:15:53.317+0000] {processor.py:186} INFO - Started process (PID=684) to work on /home/airflow/.local/lib/python3.12/site-packages/airflow/example_dags/example_skip_dag.py
[2025-07-16T07:15:53.319+0000] {processor.py:914} INFO - Processing file /home/airflow/.local/lib/python3.12/site-packages/airflow/example_dags/example_skip_dag.py for tasks to queue
[2025-07-16T07:15:53.321+0000] {logging_mixin.py:190} INFO - [2025-07-16T07:15:53.321+0000] {dagbag.py:587} INFO - Filling up the DagBag from /home/airflow/.local/lib/python3.12/site-packages/airflow/example_dags/example_skip_dag.py
[2025-07-16T07:15:53.336+0000] {processor.py:925} INFO - DAG(s) 'example_skip_dag' retrieved from /home/airflow/.local/lib/python3.12/site-packages/airflow/example_dags/example_skip_dag.py
[2025-07-16T07:15:53.372+0000] {logging_mixin.py:190} INFO - [2025-07-16T07:15:53.372+0000] {dag.py:3229} INFO - Sync 1 DAGs
[2025-07-16T07:15:53.413+0000] {logging_mixin.py:190} INFO - [2025-07-16T07:15:53.413+0000] {dag.py:4156} INFO - Setting next_dagrun for example_skip_dag to 2025-07-15 00:00:00+00:00, run_after=2025-07-16 00:00:00+00:00
[2025-07-16T07:15:53.440+0000] {processor.py:208} INFO - Processing /home/airflow/.local/lib/python3.12/site-packages/airflow/example_dags/example_skip_dag.py took 0.130 seconds
[2025-07-16T07:16:23.873+0000] {processor.py:186} INFO - Started process (PID=740) to work on /home/airflow/.local/lib/python3.12/site-packages/airflow/example_dags/example_skip_dag.py
[2025-07-16T07:16:23.874+0000] {processor.py:914} INFO - Processing file /home/airflow/.local/lib/python3.12/site-packages/airflow/example_dags/example_skip_dag.py for tasks to queue
[2025-07-16T07:16:23.876+0000] {logging_mixin.py:190} INFO - [2025-07-16T07:16:23.876+0000] {dagbag.py:587} INFO - Filling up the DagBag from /home/airflow/.local/lib/python3.12/site-packages/airflow/example_dags/example_skip_dag.py
[2025-07-16T07:16:23.885+0000] {processor.py:925} INFO - DAG(s) 'example_skip_dag' retrieved from /home/airflow/.local/lib/python3.12/site-packages/airflow/example_dags/example_skip_dag.py
[2025-07-16T07:16:23.910+0000] {logging_mixin.py:190} INFO - [2025-07-16T07:16:23.910+0000] {dag.py:3229} INFO - Sync 1 DAGs
[2025-07-16T07:16:23.936+0000] {logging_mixin.py:190} INFO - [2025-07-16T07:16:23.936+0000] {dag.py:4156} INFO - Setting next_dagrun for example_skip_dag to 2025-07-15 00:00:00+00:00, run_after=2025-07-16 00:00:00+00:00
[2025-07-16T07:16:23.961+0000] {processor.py:208} INFO - Processing /home/airflow/.local/lib/python3.12/site-packages/airflow/example_dags/example_skip_dag.py took 0.096 seconds
[2025-07-16T07:16:54.286+0000] {processor.py:186} INFO - Started process (PID=797) to work on /home/airflow/.local/lib/python3.12/site-packages/airflow/example_dags/example_skip_dag.py
[2025-07-16T07:16:54.288+0000] {processor.py:914} INFO - Processing file /home/airflow/.local/lib/python3.12/site-packages/airflow/example_dags/example_skip_dag.py for tasks to queue
[2025-07-16T07:16:54.291+0000] {logging_mixin.py:190} INFO - [2025-07-16T07:16:54.290+0000] {dagbag.py:587} INFO - Filling up the DagBag from /home/airflow/.local/lib/python3.12/site-packages/airflow/example_dags/example_skip_dag.py
[2025-07-16T07:16:54.299+0000] {processor.py:925} INFO - DAG(s) 'example_skip_dag' retrieved from /home/airflow/.local/lib/python3.12/site-packages/airflow/example_dags/example_skip_dag.py
[2025-07-16T07:16:54.325+0000] {logging_mixin.py:190} INFO - [2025-07-16T07:16:54.325+0000] {dag.py:3229} INFO - Sync 1 DAGs
[2025-07-16T07:16:54.355+0000] {logging_mixin.py:190} INFO - [2025-07-16T07:16:54.354+0000] {dag.py:4156} INFO - Setting next_dagrun for example_skip_dag to 2025-07-15 00:00:00+00:00, run_after=2025-07-16 00:00:00+00:00
[2025-07-16T07:16:54.379+0000] {processor.py:208} INFO - Processing /home/airflow/.local/lib/python3.12/site-packages/airflow/example_dags/example_skip_dag.py took 0.103 seconds
[2025-07-16T07:17:25.141+0000] {processor.py:186} INFO - Started process (PID=855) to work on /home/airflow/.local/lib/python3.12/site-packages/airflow/example_dags/example_skip_dag.py
[2025-07-16T07:17:25.142+0000] {processor.py:914} INFO - Processing file /home/airflow/.local/lib/python3.12/site-packages/airflow/example_dags/example_skip_dag.py for tasks to queue
[2025-07-16T07:17:25.145+0000] {logging_mixin.py:190} INFO - [2025-07-16T07:17:25.145+0000] {dagbag.py:587} INFO - Filling up the DagBag from /home/airflow/.local/lib/python3.12/site-packages/airflow/example_dags/example_skip_dag.py
[2025-07-16T07:17:25.154+0000] {processor.py:925} INFO - DAG(s) 'example_skip_dag' retrieved from /home/airflow/.local/lib/python3.12/site-packages/airflow/example_dags/example_skip_dag.py
[2025-07-16T07:17:25.182+0000] {logging_mixin.py:190} INFO - [2025-07-16T07:17:25.182+0000] {dag.py:3229} INFO - Sync 1 DAGs
[2025-07-16T07:17:25.218+0000] {logging_mixin.py:190} INFO - [2025-07-16T07:17:25.216+0000] {dag.py:4156} INFO - Setting next_dagrun for example_skip_dag to 2025-07-15 00:00:00+00:00, run_after=2025-07-16 00:00:00+00:00
[2025-07-16T07:17:25.268+0000] {processor.py:208} INFO - Processing /home/airflow/.local/lib/python3.12/site-packages/airflow/example_dags/example_skip_dag.py took 0.135 seconds
[2025-07-16T07:17:55.679+0000] {processor.py:186} INFO - Started process (PID=912) to work on /home/airflow/.local/lib/python3.12/site-packages/airflow/example_dags/example_skip_dag.py
[2025-07-16T07:17:55.680+0000] {processor.py:914} INFO - Processing file /home/airflow/.local/lib/python3.12/site-packages/airflow/example_dags/example_skip_dag.py for tasks to queue
[2025-07-16T07:17:55.683+0000] {logging_mixin.py:190} INFO - [2025-07-16T07:17:55.682+0000] {dagbag.py:587} INFO - Filling up the DagBag from /home/airflow/.local/lib/python3.12/site-packages/airflow/example_dags/example_skip_dag.py
[2025-07-16T07:17:55.691+0000] {processor.py:925} INFO - DAG(s) 'example_skip_dag' retrieved from /home/airflow/.local/lib/python3.12/site-packages/airflow/example_dags/example_skip_dag.py
[2025-07-16T07:17:55.715+0000] {logging_mixin.py:190} INFO - [2025-07-16T07:17:55.715+0000] {dag.py:3229} INFO - Sync 1 DAGs
[2025-07-16T07:17:55.741+0000] {logging_mixin.py:190} INFO - [2025-07-16T07:17:55.741+0000] {dag.py:4156} INFO - Setting next_dagrun for example_skip_dag to 2025-07-15 00:00:00+00:00, run_after=2025-07-16 00:00:00+00:00
[2025-07-16T07:17:55.764+0000] {processor.py:208} INFO - Processing /home/airflow/.local/lib/python3.12/site-packages/airflow/example_dags/example_skip_dag.py took 0.092 seconds
[2025-07-16T07:18:26.368+0000] {processor.py:186} INFO - Started process (PID=969) to work on /home/airflow/.local/lib/python3.12/site-packages/airflow/example_dags/example_skip_dag.py
[2025-07-16T07:18:26.369+0000] {processor.py:914} INFO - Processing file /home/airflow/.local/lib/python3.12/site-packages/airflow/example_dags/example_skip_dag.py for tasks to queue
[2025-07-16T07:18:26.372+0000] {logging_mixin.py:190} INFO - [2025-07-16T07:18:26.372+0000] {dagbag.py:587} INFO - Filling up the DagBag from /home/airflow/.local/lib/python3.12/site-packages/airflow/example_dags/example_skip_dag.py
[2025-07-16T07:18:26.380+0000] {processor.py:925} INFO - DAG(s) 'example_skip_dag' retrieved from /home/airflow/.local/lib/python3.12/site-packages/airflow/example_dags/example_skip_dag.py
[2025-07-16T07:18:26.406+0000] {logging_mixin.py:190} INFO - [2025-07-16T07:18:26.405+0000] {dag.py:3229} INFO - Sync 1 DAGs
[2025-07-16T07:18:26.431+0000] {logging_mixin.py:190} INFO - [2025-07-16T07:18:26.431+0000] {dag.py:4156} INFO - Setting next_dagrun for example_skip_dag to 2025-07-15 00:00:00+00:00, run_after=2025-07-16 00:00:00+00:00
[2025-07-16T07:18:26.457+0000] {processor.py:208} INFO - Processing /home/airflow/.local/lib/python3.12/site-packages/airflow/example_dags/example_skip_dag.py took 0.095 seconds
[2025-07-16T07:18:57.257+0000] {processor.py:186} INFO - Started process (PID=1026) to work on /home/airflow/.local/lib/python3.12/site-packages/airflow/example_dags/example_skip_dag.py
[2025-07-16T07:18:57.258+0000] {processor.py:914} INFO - Processing file /home/airflow/.local/lib/python3.12/site-packages/airflow/example_dags/example_skip_dag.py for tasks to queue
[2025-07-16T07:18:57.260+0000] {logging_mixin.py:190} INFO - [2025-07-16T07:18:57.260+0000] {dagbag.py:587} INFO - Filling up the DagBag from /home/airflow/.local/lib/python3.12/site-packages/airflow/example_dags/example_skip_dag.py
[2025-07-16T07:18:57.269+0000] {processor.py:925} INFO - DAG(s) 'example_skip_dag' retrieved from /home/airflow/.local/lib/python3.12/site-packages/airflow/example_dags/example_skip_dag.py
[2025-07-16T07:18:57.293+0000] {logging_mixin.py:190} INFO - [2025-07-16T07:18:57.293+0000] {dag.py:3229} INFO - Sync 1 DAGs
[2025-07-16T07:18:57.335+0000] {logging_mixin.py:190} INFO - [2025-07-16T07:18:57.334+0000] {dag.py:4156} INFO - Setting next_dagrun for example_skip_dag to 2025-07-15 00:00:00+00:00, run_after=2025-07-16 00:00:00+00:00
[2025-07-16T07:18:57.360+0000] {processor.py:208} INFO - Processing /home/airflow/.local/lib/python3.12/site-packages/airflow/example_dags/example_skip_dag.py took 0.110 seconds
[2025-07-16T07:19:27.609+0000] {processor.py:186} INFO - Started process (PID=1083) to work on /home/airflow/.local/lib/python3.12/site-packages/airflow/example_dags/example_skip_dag.py
[2025-07-16T07:19:27.610+0000] {processor.py:914} INFO - Processing file /home/airflow/.local/lib/python3.12/site-packages/airflow/example_dags/example_skip_dag.py for tasks to queue
[2025-07-16T07:19:27.612+0000] {logging_mixin.py:190} INFO - [2025-07-16T07:19:27.612+0000] {dagbag.py:587} INFO - Filling up the DagBag from /home/airflow/.local/lib/python3.12/site-packages/airflow/example_dags/example_skip_dag.py
[2025-07-16T07:19:27.621+0000] {processor.py:925} INFO - DAG(s) 'example_skip_dag' retrieved from /home/airflow/.local/lib/python3.12/site-packages/airflow/example_dags/example_skip_dag.py
[2025-07-16T07:19:27.644+0000] {logging_mixin.py:190} INFO - [2025-07-16T07:19:27.644+0000] {dag.py:3229} INFO - Sync 1 DAGs
[2025-07-16T07:19:27.667+0000] {logging_mixin.py:190} INFO - [2025-07-16T07:19:27.667+0000] {dag.py:4156} INFO - Setting next_dagrun for example_skip_dag to 2025-07-15 00:00:00+00:00, run_after=2025-07-16 00:00:00+00:00
[2025-07-16T07:19:27.690+0000] {processor.py:208} INFO - Processing /home/airflow/.local/lib/python3.12/site-packages/airflow/example_dags/example_skip_dag.py took 0.087 seconds
[2025-07-16T07:19:58.031+0000] {processor.py:186} INFO - Started process (PID=1140) to work on /home/airflow/.local/lib/python3.12/site-packages/airflow/example_dags/example_skip_dag.py
[2025-07-16T07:19:58.032+0000] {processor.py:914} INFO - Processing file /home/airflow/.local/lib/python3.12/site-packages/airflow/example_dags/example_skip_dag.py for tasks to queue
[2025-07-16T07:19:58.035+0000] {logging_mixin.py:190} INFO - [2025-07-16T07:19:58.034+0000] {dagbag.py:587} INFO - Filling up the DagBag from /home/airflow/.local/lib/python3.12/site-packages/airflow/example_dags/example_skip_dag.py
[2025-07-16T07:19:58.043+0000] {processor.py:925} INFO - DAG(s) 'example_skip_dag' retrieved from /home/airflow/.local/lib/python3.12/site-packages/airflow/example_dags/example_skip_dag.py
[2025-07-16T07:19:58.066+0000] {logging_mixin.py:190} INFO - [2025-07-16T07:19:58.066+0000] {dag.py:3229} INFO - Sync 1 DAGs
[2025-07-16T07:19:58.103+0000] {logging_mixin.py:190} INFO - [2025-07-16T07:19:58.103+0000] {dag.py:4156} INFO - Setting next_dagrun for example_skip_dag to 2025-07-15 00:00:00+00:00, run_after=2025-07-16 00:00:00+00:00
[2025-07-16T07:19:58.124+0000] {processor.py:208} INFO - Processing /home/airflow/.local/lib/python3.12/site-packages/airflow/example_dags/example_skip_dag.py took 0.100 seconds
[2025-07-16T07:20:28.480+0000] {processor.py:186} INFO - Started process (PID=1196) to work on /home/airflow/.local/lib/python3.12/site-packages/airflow/example_dags/example_skip_dag.py
[2025-07-16T07:20:28.481+0000] {processor.py:914} INFO - Processing file /home/airflow/.local/lib/python3.12/site-packages/airflow/example_dags/example_skip_dag.py for tasks to queue
[2025-07-16T07:20:28.483+0000] {logging_mixin.py:190} INFO - [2025-07-16T07:20:28.483+0000] {dagbag.py:587} INFO - Filling up the DagBag from /home/airflow/.local/lib/python3.12/site-packages/airflow/example_dags/example_skip_dag.py
[2025-07-16T07:20:28.492+0000] {processor.py:925} INFO - DAG(s) 'example_skip_dag' retrieved from /home/airflow/.local/lib/python3.12/site-packages/airflow/example_dags/example_skip_dag.py
[2025-07-16T07:20:28.515+0000] {logging_mixin.py:190} INFO - [2025-07-16T07:20:28.514+0000] {dag.py:3229} INFO - Sync 1 DAGs
[2025-07-16T07:20:28.543+0000] {logging_mixin.py:190} INFO - [2025-07-16T07:20:28.542+0000] {dag.py:4156} INFO - Setting next_dagrun for example_skip_dag to 2025-07-15 00:00:00+00:00, run_after=2025-07-16 00:00:00+00:00
[2025-07-16T07:20:28.565+0000] {processor.py:208} INFO - Processing /home/airflow/.local/lib/python3.12/site-packages/airflow/example_dags/example_skip_dag.py took 0.092 seconds
[2025-07-16T07:20:59.380+0000] {processor.py:186} INFO - Started process (PID=1254) to work on /home/airflow/.local/lib/python3.12/site-packages/airflow/example_dags/example_skip_dag.py
[2025-07-16T07:20:59.382+0000] {processor.py:914} INFO - Processing file /home/airflow/.local/lib/python3.12/site-packages/airflow/example_dags/example_skip_dag.py for tasks to queue
[2025-07-16T07:20:59.385+0000] {logging_mixin.py:190} INFO - [2025-07-16T07:20:59.384+0000] {dagbag.py:587} INFO - Filling up the DagBag from /home/airflow/.local/lib/python3.12/site-packages/airflow/example_dags/example_skip_dag.py
[2025-07-16T07:20:59.393+0000] {processor.py:925} INFO - DAG(s) 'example_skip_dag' retrieved from /home/airflow/.local/lib/python3.12/site-packages/airflow/example_dags/example_skip_dag.py
[2025-07-16T07:20:59.420+0000] {logging_mixin.py:190} INFO - [2025-07-16T07:20:59.420+0000] {dag.py:3229} INFO - Sync 1 DAGs
[2025-07-16T07:20:59.444+0000] {logging_mixin.py:190} INFO - [2025-07-16T07:20:59.444+0000] {dag.py:4156} INFO - Setting next_dagrun for example_skip_dag to 2025-07-15 00:00:00+00:00, run_after=2025-07-16 00:00:00+00:00
[2025-07-16T07:20:59.467+0000] {processor.py:208} INFO - Processing /home/airflow/.local/lib/python3.12/site-packages/airflow/example_dags/example_skip_dag.py took 0.095 seconds
[2025-07-16T07:21:30.181+0000] {processor.py:186} INFO - Started process (PID=1311) to work on /home/airflow/.local/lib/python3.12/site-packages/airflow/example_dags/example_skip_dag.py
[2025-07-16T07:21:30.182+0000] {processor.py:914} INFO - Processing file /home/airflow/.local/lib/python3.12/site-packages/airflow/example_dags/example_skip_dag.py for tasks to queue
[2025-07-16T07:21:30.185+0000] {logging_mixin.py:190} INFO - [2025-07-16T07:21:30.185+0000] {dagbag.py:587} INFO - Filling up the DagBag from /home/airflow/.local/lib/python3.12/site-packages/airflow/example_dags/example_skip_dag.py
[2025-07-16T07:21:30.196+0000] {processor.py:925} INFO - DAG(s) 'example_skip_dag' retrieved from /home/airflow/.local/lib/python3.12/site-packages/airflow/example_dags/example_skip_dag.py
[2025-07-16T07:21:30.220+0000] {logging_mixin.py:190} INFO - [2025-07-16T07:21:30.220+0000] {dag.py:3229} INFO - Sync 1 DAGs
[2025-07-16T07:21:30.245+0000] {logging_mixin.py:190} INFO - [2025-07-16T07:21:30.245+0000] {dag.py:4156} INFO - Setting next_dagrun for example_skip_dag to 2025-07-15 00:00:00+00:00, run_after=2025-07-16 00:00:00+00:00
[2025-07-16T07:21:30.271+0000] {processor.py:208} INFO - Processing /home/airflow/.local/lib/python3.12/site-packages/airflow/example_dags/example_skip_dag.py took 0.099 seconds
[2025-07-16T07:22:00.959+0000] {processor.py:186} INFO - Started process (PID=1368) to work on /home/airflow/.local/lib/python3.12/site-packages/airflow/example_dags/example_skip_dag.py
[2025-07-16T07:22:00.960+0000] {processor.py:914} INFO - Processing file /home/airflow/.local/lib/python3.12/site-packages/airflow/example_dags/example_skip_dag.py for tasks to queue
[2025-07-16T07:22:00.963+0000] {logging_mixin.py:190} INFO - [2025-07-16T07:22:00.962+0000] {dagbag.py:587} INFO - Filling up the DagBag from /home/airflow/.local/lib/python3.12/site-packages/airflow/example_dags/example_skip_dag.py
[2025-07-16T07:22:00.970+0000] {processor.py:925} INFO - DAG(s) 'example_skip_dag' retrieved from /home/airflow/.local/lib/python3.12/site-packages/airflow/example_dags/example_skip_dag.py
[2025-07-16T07:22:00.995+0000] {logging_mixin.py:190} INFO - [2025-07-16T07:22:00.994+0000] {dag.py:3229} INFO - Sync 1 DAGs
[2025-07-16T07:22:01.019+0000] {logging_mixin.py:190} INFO - [2025-07-16T07:22:01.019+0000] {dag.py:4156} INFO - Setting next_dagrun for example_skip_dag to 2025-07-15 00:00:00+00:00, run_after=2025-07-16 00:00:00+00:00
[2025-07-16T07:22:01.051+0000] {processor.py:208} INFO - Processing /home/airflow/.local/lib/python3.12/site-packages/airflow/example_dags/example_skip_dag.py took 0.098 seconds
[2025-07-16T07:22:31.844+0000] {processor.py:186} INFO - Started process (PID=1425) to work on /home/airflow/.local/lib/python3.12/site-packages/airflow/example_dags/example_skip_dag.py
[2025-07-16T07:22:31.846+0000] {processor.py:914} INFO - Processing file /home/airflow/.local/lib/python3.12/site-packages/airflow/example_dags/example_skip_dag.py for tasks to queue
[2025-07-16T07:22:31.850+0000] {logging_mixin.py:190} INFO - [2025-07-16T07:22:31.850+0000] {dagbag.py:587} INFO - Filling up the DagBag from /home/airflow/.local/lib/python3.12/site-packages/airflow/example_dags/example_skip_dag.py
[2025-07-16T07:22:31.862+0000] {processor.py:925} INFO - DAG(s) 'example_skip_dag' retrieved from /home/airflow/.local/lib/python3.12/site-packages/airflow/example_dags/example_skip_dag.py
[2025-07-16T07:22:31.891+0000] {logging_mixin.py:190} INFO - [2025-07-16T07:22:31.891+0000] {dag.py:3229} INFO - Sync 1 DAGs
[2025-07-16T07:22:31.920+0000] {logging_mixin.py:190} INFO - [2025-07-16T07:22:31.920+0000] {dag.py:4156} INFO - Setting next_dagrun for example_skip_dag to 2025-07-15 00:00:00+00:00, run_after=2025-07-16 00:00:00+00:00
[2025-07-16T07:22:31.943+0000] {processor.py:208} INFO - Processing /home/airflow/.local/lib/python3.12/site-packages/airflow/example_dags/example_skip_dag.py took 0.108 seconds
[2025-07-16T07:23:02.705+0000] {processor.py:186} INFO - Started process (PID=1481) to work on /home/airflow/.local/lib/python3.12/site-packages/airflow/example_dags/example_skip_dag.py
[2025-07-16T07:23:02.706+0000] {processor.py:914} INFO - Processing file /home/airflow/.local/lib/python3.12/site-packages/airflow/example_dags/example_skip_dag.py for tasks to queue
[2025-07-16T07:23:02.710+0000] {logging_mixin.py:190} INFO - [2025-07-16T07:23:02.709+0000] {dagbag.py:587} INFO - Filling up the DagBag from /home/airflow/.local/lib/python3.12/site-packages/airflow/example_dags/example_skip_dag.py
[2025-07-16T07:23:02.718+0000] {processor.py:925} INFO - DAG(s) 'example_skip_dag' retrieved from /home/airflow/.local/lib/python3.12/site-packages/airflow/example_dags/example_skip_dag.py
[2025-07-16T07:23:02.741+0000] {logging_mixin.py:190} INFO - [2025-07-16T07:23:02.741+0000] {dag.py:3229} INFO - Sync 1 DAGs
[2025-07-16T07:23:02.768+0000] {logging_mixin.py:190} INFO - [2025-07-16T07:23:02.767+0000] {dag.py:4156} INFO - Setting next_dagrun for example_skip_dag to 2025-07-15 00:00:00+00:00, run_after=2025-07-16 00:00:00+00:00
[2025-07-16T07:23:02.792+0000] {processor.py:208} INFO - Processing /home/airflow/.local/lib/python3.12/site-packages/airflow/example_dags/example_skip_dag.py took 0.094 seconds
[2025-07-16T07:23:33.592+0000] {processor.py:186} INFO - Started process (PID=1538) to work on /home/airflow/.local/lib/python3.12/site-packages/airflow/example_dags/example_skip_dag.py
[2025-07-16T07:23:33.593+0000] {processor.py:914} INFO - Processing file /home/airflow/.local/lib/python3.12/site-packages/airflow/example_dags/example_skip_dag.py for tasks to queue
[2025-07-16T07:23:33.596+0000] {logging_mixin.py:190} INFO - [2025-07-16T07:23:33.596+0000] {dagbag.py:587} INFO - Filling up the DagBag from /home/airflow/.local/lib/python3.12/site-packages/airflow/example_dags/example_skip_dag.py
[2025-07-16T07:23:33.604+0000] {processor.py:925} INFO - DAG(s) 'example_skip_dag' retrieved from /home/airflow/.local/lib/python3.12/site-packages/airflow/example_dags/example_skip_dag.py
[2025-07-16T07:23:33.629+0000] {logging_mixin.py:190} INFO - [2025-07-16T07:23:33.629+0000] {dag.py:3229} INFO - Sync 1 DAGs
[2025-07-16T07:23:33.653+0000] {logging_mixin.py:190} INFO - [2025-07-16T07:23:33.652+0000] {dag.py:4156} INFO - Setting next_dagrun for example_skip_dag to 2025-07-15 00:00:00+00:00, run_after=2025-07-16 00:00:00+00:00
[2025-07-16T07:23:33.683+0000] {processor.py:208} INFO - Processing /home/airflow/.local/lib/python3.12/site-packages/airflow/example_dags/example_skip_dag.py took 0.097 seconds
[2025-07-16T07:24:04.108+0000] {processor.py:186} INFO - Started process (PID=1595) to work on /home/airflow/.local/lib/python3.12/site-packages/airflow/example_dags/example_skip_dag.py
[2025-07-16T07:24:04.110+0000] {processor.py:914} INFO - Processing file /home/airflow/.local/lib/python3.12/site-packages/airflow/example_dags/example_skip_dag.py for tasks to queue
[2025-07-16T07:24:04.114+0000] {logging_mixin.py:190} INFO - [2025-07-16T07:24:04.113+0000] {dagbag.py:587} INFO - Filling up the DagBag from /home/airflow/.local/lib/python3.12/site-packages/airflow/example_dags/example_skip_dag.py
[2025-07-16T07:24:04.125+0000] {processor.py:925} INFO - DAG(s) 'example_skip_dag' retrieved from /home/airflow/.local/lib/python3.12/site-packages/airflow/example_dags/example_skip_dag.py
[2025-07-16T07:24:04.157+0000] {logging_mixin.py:190} INFO - [2025-07-16T07:24:04.156+0000] {dag.py:3229} INFO - Sync 1 DAGs
[2025-07-16T07:24:04.189+0000] {logging_mixin.py:190} INFO - [2025-07-16T07:24:04.189+0000] {dag.py:4156} INFO - Setting next_dagrun for example_skip_dag to 2025-07-15 00:00:00+00:00, run_after=2025-07-16 00:00:00+00:00
[2025-07-16T07:24:04.224+0000] {processor.py:208} INFO - Processing /home/airflow/.local/lib/python3.12/site-packages/airflow/example_dags/example_skip_dag.py took 0.123 seconds
[2025-07-16T07:24:34.457+0000] {processor.py:186} INFO - Started process (PID=1652) to work on /home/airflow/.local/lib/python3.12/site-packages/airflow/example_dags/example_skip_dag.py
[2025-07-16T07:24:34.459+0000] {processor.py:914} INFO - Processing file /home/airflow/.local/lib/python3.12/site-packages/airflow/example_dags/example_skip_dag.py for tasks to queue
[2025-07-16T07:24:34.461+0000] {logging_mixin.py:190} INFO - [2025-07-16T07:24:34.461+0000] {dagbag.py:587} INFO - Filling up the DagBag from /home/airflow/.local/lib/python3.12/site-packages/airflow/example_dags/example_skip_dag.py
[2025-07-16T07:24:34.470+0000] {processor.py:925} INFO - DAG(s) 'example_skip_dag' retrieved from /home/airflow/.local/lib/python3.12/site-packages/airflow/example_dags/example_skip_dag.py
[2025-07-16T07:24:34.493+0000] {logging_mixin.py:190} INFO - [2025-07-16T07:24:34.493+0000] {dag.py:3229} INFO - Sync 1 DAGs
[2025-07-16T07:24:34.518+0000] {logging_mixin.py:190} INFO - [2025-07-16T07:24:34.518+0000] {dag.py:4156} INFO - Setting next_dagrun for example_skip_dag to 2025-07-15 00:00:00+00:00, run_after=2025-07-16 00:00:00+00:00
[2025-07-16T07:24:34.541+0000] {processor.py:208} INFO - Processing /home/airflow/.local/lib/python3.12/site-packages/airflow/example_dags/example_skip_dag.py took 0.089 seconds
[2025-07-16T07:25:05.396+0000] {processor.py:186} INFO - Started process (PID=1709) to work on /home/airflow/.local/lib/python3.12/site-packages/airflow/example_dags/example_skip_dag.py
[2025-07-16T07:25:05.397+0000] {processor.py:914} INFO - Processing file /home/airflow/.local/lib/python3.12/site-packages/airflow/example_dags/example_skip_dag.py for tasks to queue
[2025-07-16T07:25:05.400+0000] {logging_mixin.py:190} INFO - [2025-07-16T07:25:05.399+0000] {dagbag.py:587} INFO - Filling up the DagBag from /home/airflow/.local/lib/python3.12/site-packages/airflow/example_dags/example_skip_dag.py
[2025-07-16T07:25:05.408+0000] {processor.py:925} INFO - DAG(s) 'example_skip_dag' retrieved from /home/airflow/.local/lib/python3.12/site-packages/airflow/example_dags/example_skip_dag.py
[2025-07-16T07:25:05.436+0000] {logging_mixin.py:190} INFO - [2025-07-16T07:25:05.436+0000] {dag.py:3229} INFO - Sync 1 DAGs
[2025-07-16T07:25:05.467+0000] {logging_mixin.py:190} INFO - [2025-07-16T07:25:05.467+0000] {dag.py:4156} INFO - Setting next_dagrun for example_skip_dag to 2025-07-15 00:00:00+00:00, run_after=2025-07-16 00:00:00+00:00
[2025-07-16T07:25:05.501+0000] {processor.py:208} INFO - Processing /home/airflow/.local/lib/python3.12/site-packages/airflow/example_dags/example_skip_dag.py took 0.112 seconds
[2025-07-16T07:25:36.739+0000] {processor.py:186} INFO - Started process (PID=1766) to work on /home/airflow/.local/lib/python3.12/site-packages/airflow/example_dags/example_skip_dag.py
[2025-07-16T07:25:36.741+0000] {processor.py:914} INFO - Processing file /home/airflow/.local/lib/python3.12/site-packages/airflow/example_dags/example_skip_dag.py for tasks to queue
[2025-07-16T07:25:36.745+0000] {logging_mixin.py:190} INFO - [2025-07-16T07:25:36.744+0000] {dagbag.py:587} INFO - Filling up the DagBag from /home/airflow/.local/lib/python3.12/site-packages/airflow/example_dags/example_skip_dag.py
[2025-07-16T07:25:36.756+0000] {processor.py:925} INFO - DAG(s) 'example_skip_dag' retrieved from /home/airflow/.local/lib/python3.12/site-packages/airflow/example_dags/example_skip_dag.py
[2025-07-16T07:25:36.779+0000] {logging_mixin.py:190} INFO - [2025-07-16T07:25:36.779+0000] {dag.py:3229} INFO - Sync 1 DAGs
[2025-07-16T07:25:36.806+0000] {logging_mixin.py:190} INFO - [2025-07-16T07:25:36.806+0000] {dag.py:4156} INFO - Setting next_dagrun for example_skip_dag to 2025-07-15 00:00:00+00:00, run_after=2025-07-16 00:00:00+00:00
[2025-07-16T07:25:36.836+0000] {processor.py:208} INFO - Processing /home/airflow/.local/lib/python3.12/site-packages/airflow/example_dags/example_skip_dag.py took 0.115 seconds
[2025-07-16T07:26:07.200+0000] {processor.py:186} INFO - Started process (PID=1823) to work on /home/airflow/.local/lib/python3.12/site-packages/airflow/example_dags/example_skip_dag.py
[2025-07-16T07:26:07.202+0000] {processor.py:914} INFO - Processing file /home/airflow/.local/lib/python3.12/site-packages/airflow/example_dags/example_skip_dag.py for tasks to queue
[2025-07-16T07:26:07.204+0000] {logging_mixin.py:190} INFO - [2025-07-16T07:26:07.204+0000] {dagbag.py:587} INFO - Filling up the DagBag from /home/airflow/.local/lib/python3.12/site-packages/airflow/example_dags/example_skip_dag.py
[2025-07-16T07:26:07.212+0000] {processor.py:925} INFO - DAG(s) 'example_skip_dag' retrieved from /home/airflow/.local/lib/python3.12/site-packages/airflow/example_dags/example_skip_dag.py
[2025-07-16T07:26:07.235+0000] {logging_mixin.py:190} INFO - [2025-07-16T07:26:07.235+0000] {dag.py:3229} INFO - Sync 1 DAGs
[2025-07-16T07:26:07.257+0000] {logging_mixin.py:190} INFO - [2025-07-16T07:26:07.257+0000] {dag.py:4156} INFO - Setting next_dagrun for example_skip_dag to 2025-07-15 00:00:00+00:00, run_after=2025-07-16 00:00:00+00:00
[2025-07-16T07:26:07.279+0000] {processor.py:208} INFO - Processing /home/airflow/.local/lib/python3.12/site-packages/airflow/example_dags/example_skip_dag.py took 0.085 seconds
[2025-07-16T07:26:38.494+0000] {processor.py:186} INFO - Started process (PID=1880) to work on /home/airflow/.local/lib/python3.12/site-packages/airflow/example_dags/example_skip_dag.py
[2025-07-16T07:26:38.495+0000] {processor.py:914} INFO - Processing file /home/airflow/.local/lib/python3.12/site-packages/airflow/example_dags/example_skip_dag.py for tasks to queue
[2025-07-16T07:26:38.499+0000] {logging_mixin.py:190} INFO - [2025-07-16T07:26:38.498+0000] {dagbag.py:587} INFO - Filling up the DagBag from /home/airflow/.local/lib/python3.12/site-packages/airflow/example_dags/example_skip_dag.py
[2025-07-16T07:26:38.509+0000] {processor.py:925} INFO - DAG(s) 'example_skip_dag' retrieved from /home/airflow/.local/lib/python3.12/site-packages/airflow/example_dags/example_skip_dag.py
[2025-07-16T07:26:38.536+0000] {logging_mixin.py:190} INFO - [2025-07-16T07:26:38.536+0000] {dag.py:3229} INFO - Sync 1 DAGs
[2025-07-16T07:26:38.570+0000] {logging_mixin.py:190} INFO - [2025-07-16T07:26:38.569+0000] {dag.py:4156} INFO - Setting next_dagrun for example_skip_dag to 2025-07-15 00:00:00+00:00, run_after=2025-07-16 00:00:00+00:00
[2025-07-16T07:26:38.594+0000] {processor.py:208} INFO - Processing /home/airflow/.local/lib/python3.12/site-packages/airflow/example_dags/example_skip_dag.py took 0.108 seconds
[2025-07-16T07:27:09.445+0000] {processor.py:186} INFO - Started process (PID=1937) to work on /home/airflow/.local/lib/python3.12/site-packages/airflow/example_dags/example_skip_dag.py
[2025-07-16T07:27:09.446+0000] {processor.py:914} INFO - Processing file /home/airflow/.local/lib/python3.12/site-packages/airflow/example_dags/example_skip_dag.py for tasks to queue
[2025-07-16T07:27:09.448+0000] {logging_mixin.py:190} INFO - [2025-07-16T07:27:09.448+0000] {dagbag.py:587} INFO - Filling up the DagBag from /home/airflow/.local/lib/python3.12/site-packages/airflow/example_dags/example_skip_dag.py
[2025-07-16T07:27:09.456+0000] {processor.py:925} INFO - DAG(s) 'example_skip_dag' retrieved from /home/airflow/.local/lib/python3.12/site-packages/airflow/example_dags/example_skip_dag.py
[2025-07-16T07:27:09.477+0000] {logging_mixin.py:190} INFO - [2025-07-16T07:27:09.477+0000] {dag.py:3229} INFO - Sync 1 DAGs
[2025-07-16T07:27:09.505+0000] {logging_mixin.py:190} INFO - [2025-07-16T07:27:09.504+0000] {dag.py:4156} INFO - Setting next_dagrun for example_skip_dag to 2025-07-15 00:00:00+00:00, run_after=2025-07-16 00:00:00+00:00
[2025-07-16T07:27:09.531+0000] {processor.py:208} INFO - Processing /home/airflow/.local/lib/python3.12/site-packages/airflow/example_dags/example_skip_dag.py took 0.093 seconds
[2025-07-16T07:27:40.561+0000] {processor.py:186} INFO - Started process (PID=1994) to work on /home/airflow/.local/lib/python3.12/site-packages/airflow/example_dags/example_skip_dag.py
[2025-07-16T07:27:40.562+0000] {processor.py:914} INFO - Processing file /home/airflow/.local/lib/python3.12/site-packages/airflow/example_dags/example_skip_dag.py for tasks to queue
[2025-07-16T07:27:40.565+0000] {logging_mixin.py:190} INFO - [2025-07-16T07:27:40.565+0000] {dagbag.py:587} INFO - Filling up the DagBag from /home/airflow/.local/lib/python3.12/site-packages/airflow/example_dags/example_skip_dag.py
[2025-07-16T07:27:40.574+0000] {processor.py:925} INFO - DAG(s) 'example_skip_dag' retrieved from /home/airflow/.local/lib/python3.12/site-packages/airflow/example_dags/example_skip_dag.py
[2025-07-16T07:27:40.596+0000] {logging_mixin.py:190} INFO - [2025-07-16T07:27:40.596+0000] {dag.py:3229} INFO - Sync 1 DAGs
[2025-07-16T07:27:40.620+0000] {logging_mixin.py:190} INFO - [2025-07-16T07:27:40.620+0000] {dag.py:4156} INFO - Setting next_dagrun for example_skip_dag to 2025-07-15 00:00:00+00:00, run_after=2025-07-16 00:00:00+00:00
[2025-07-16T07:27:40.643+0000] {processor.py:208} INFO - Processing /home/airflow/.local/lib/python3.12/site-packages/airflow/example_dags/example_skip_dag.py took 0.088 seconds
[2025-07-16T07:28:11.170+0000] {processor.py:186} INFO - Started process (PID=2051) to work on /home/airflow/.local/lib/python3.12/site-packages/airflow/example_dags/example_skip_dag.py
[2025-07-16T07:28:11.171+0000] {processor.py:914} INFO - Processing file /home/airflow/.local/lib/python3.12/site-packages/airflow/example_dags/example_skip_dag.py for tasks to queue
[2025-07-16T07:28:11.174+0000] {logging_mixin.py:190} INFO - [2025-07-16T07:28:11.174+0000] {dagbag.py:587} INFO - Filling up the DagBag from /home/airflow/.local/lib/python3.12/site-packages/airflow/example_dags/example_skip_dag.py
[2025-07-16T07:28:11.183+0000] {processor.py:925} INFO - DAG(s) 'example_skip_dag' retrieved from /home/airflow/.local/lib/python3.12/site-packages/airflow/example_dags/example_skip_dag.py
[2025-07-16T07:28:11.206+0000] {logging_mixin.py:190} INFO - [2025-07-16T07:28:11.206+0000] {dag.py:3229} INFO - Sync 1 DAGs
[2025-07-16T07:28:11.231+0000] {logging_mixin.py:190} INFO - [2025-07-16T07:28:11.231+0000] {dag.py:4156} INFO - Setting next_dagrun for example_skip_dag to 2025-07-15 00:00:00+00:00, run_after=2025-07-16 00:00:00+00:00
[2025-07-16T07:28:11.255+0000] {processor.py:208} INFO - Processing /home/airflow/.local/lib/python3.12/site-packages/airflow/example_dags/example_skip_dag.py took 0.092 seconds
[2025-07-16T07:28:41.659+0000] {processor.py:186} INFO - Started process (PID=2108) to work on /home/airflow/.local/lib/python3.12/site-packages/airflow/example_dags/example_skip_dag.py
[2025-07-16T07:28:41.660+0000] {processor.py:914} INFO - Processing file /home/airflow/.local/lib/python3.12/site-packages/airflow/example_dags/example_skip_dag.py for tasks to queue
[2025-07-16T07:28:41.664+0000] {logging_mixin.py:190} INFO - [2025-07-16T07:28:41.664+0000] {dagbag.py:587} INFO - Filling up the DagBag from /home/airflow/.local/lib/python3.12/site-packages/airflow/example_dags/example_skip_dag.py
[2025-07-16T07:28:41.672+0000] {processor.py:925} INFO - DAG(s) 'example_skip_dag' retrieved from /home/airflow/.local/lib/python3.12/site-packages/airflow/example_dags/example_skip_dag.py
[2025-07-16T07:28:41.695+0000] {logging_mixin.py:190} INFO - [2025-07-16T07:28:41.694+0000] {dag.py:3229} INFO - Sync 1 DAGs
[2025-07-16T07:28:41.719+0000] {logging_mixin.py:190} INFO - [2025-07-16T07:28:41.719+0000] {dag.py:4156} INFO - Setting next_dagrun for example_skip_dag to 2025-07-15 00:00:00+00:00, run_after=2025-07-16 00:00:00+00:00
[2025-07-16T07:28:41.744+0000] {processor.py:208} INFO - Processing /home/airflow/.local/lib/python3.12/site-packages/airflow/example_dags/example_skip_dag.py took 0.091 seconds
[2025-07-16T07:29:12.650+0000] {processor.py:186} INFO - Started process (PID=2165) to work on /home/airflow/.local/lib/python3.12/site-packages/airflow/example_dags/example_skip_dag.py
[2025-07-16T07:29:12.651+0000] {processor.py:914} INFO - Processing file /home/airflow/.local/lib/python3.12/site-packages/airflow/example_dags/example_skip_dag.py for tasks to queue
[2025-07-16T07:29:12.655+0000] {logging_mixin.py:190} INFO - [2025-07-16T07:29:12.655+0000] {dagbag.py:587} INFO - Filling up the DagBag from /home/airflow/.local/lib/python3.12/site-packages/airflow/example_dags/example_skip_dag.py
[2025-07-16T07:29:12.664+0000] {processor.py:925} INFO - DAG(s) 'example_skip_dag' retrieved from /home/airflow/.local/lib/python3.12/site-packages/airflow/example_dags/example_skip_dag.py
[2025-07-16T07:29:12.688+0000] {logging_mixin.py:190} INFO - [2025-07-16T07:29:12.688+0000] {dag.py:3229} INFO - Sync 1 DAGs
[2025-07-16T07:29:12.714+0000] {logging_mixin.py:190} INFO - [2025-07-16T07:29:12.713+0000] {dag.py:4156} INFO - Setting next_dagrun for example_skip_dag to 2025-07-15 00:00:00+00:00, run_after=2025-07-16 00:00:00+00:00
[2025-07-16T07:29:12.743+0000] {processor.py:208} INFO - Processing /home/airflow/.local/lib/python3.12/site-packages/airflow/example_dags/example_skip_dag.py took 0.100 seconds
[2025-07-16T07:29:43.152+0000] {processor.py:186} INFO - Started process (PID=2222) to work on /home/airflow/.local/lib/python3.12/site-packages/airflow/example_dags/example_skip_dag.py
[2025-07-16T07:29:43.153+0000] {processor.py:914} INFO - Processing file /home/airflow/.local/lib/python3.12/site-packages/airflow/example_dags/example_skip_dag.py for tasks to queue
[2025-07-16T07:29:43.157+0000] {logging_mixin.py:190} INFO - [2025-07-16T07:29:43.156+0000] {dagbag.py:587} INFO - Filling up the DagBag from /home/airflow/.local/lib/python3.12/site-packages/airflow/example_dags/example_skip_dag.py
[2025-07-16T07:29:43.166+0000] {processor.py:925} INFO - DAG(s) 'example_skip_dag' retrieved from /home/airflow/.local/lib/python3.12/site-packages/airflow/example_dags/example_skip_dag.py
[2025-07-16T07:29:43.192+0000] {logging_mixin.py:190} INFO - [2025-07-16T07:29:43.191+0000] {dag.py:3229} INFO - Sync 1 DAGs
[2025-07-16T07:29:43.227+0000] {logging_mixin.py:190} INFO - [2025-07-16T07:29:43.227+0000] {dag.py:4156} INFO - Setting next_dagrun for example_skip_dag to 2025-07-15 00:00:00+00:00, run_after=2025-07-16 00:00:00+00:00
[2025-07-16T07:29:43.251+0000] {processor.py:208} INFO - Processing /home/airflow/.local/lib/python3.12/site-packages/airflow/example_dags/example_skip_dag.py took 0.106 seconds
[2025-07-16T07:30:14.494+0000] {processor.py:186} INFO - Started process (PID=2279) to work on /home/airflow/.local/lib/python3.12/site-packages/airflow/example_dags/example_skip_dag.py
[2025-07-16T07:30:14.496+0000] {processor.py:914} INFO - Processing file /home/airflow/.local/lib/python3.12/site-packages/airflow/example_dags/example_skip_dag.py for tasks to queue
[2025-07-16T07:30:14.499+0000] {logging_mixin.py:190} INFO - [2025-07-16T07:30:14.498+0000] {dagbag.py:587} INFO - Filling up the DagBag from /home/airflow/.local/lib/python3.12/site-packages/airflow/example_dags/example_skip_dag.py
[2025-07-16T07:30:14.508+0000] {processor.py:925} INFO - DAG(s) 'example_skip_dag' retrieved from /home/airflow/.local/lib/python3.12/site-packages/airflow/example_dags/example_skip_dag.py
[2025-07-16T07:30:14.531+0000] {logging_mixin.py:190} INFO - [2025-07-16T07:30:14.530+0000] {dag.py:3229} INFO - Sync 1 DAGs
[2025-07-16T07:30:14.556+0000] {logging_mixin.py:190} INFO - [2025-07-16T07:30:14.556+0000] {dag.py:4156} INFO - Setting next_dagrun for example_skip_dag to 2025-07-15 00:00:00+00:00, run_after=2025-07-16 00:00:00+00:00
[2025-07-16T07:30:14.579+0000] {processor.py:208} INFO - Processing /home/airflow/.local/lib/python3.12/site-packages/airflow/example_dags/example_skip_dag.py took 0.092 seconds
[2025-07-16T07:30:46.044+0000] {processor.py:186} INFO - Started process (PID=2336) to work on /home/airflow/.local/lib/python3.12/site-packages/airflow/example_dags/example_skip_dag.py
[2025-07-16T07:30:46.045+0000] {processor.py:914} INFO - Processing file /home/airflow/.local/lib/python3.12/site-packages/airflow/example_dags/example_skip_dag.py for tasks to queue
[2025-07-16T07:30:46.048+0000] {logging_mixin.py:190} INFO - [2025-07-16T07:30:46.048+0000] {dagbag.py:587} INFO - Filling up the DagBag from /home/airflow/.local/lib/python3.12/site-packages/airflow/example_dags/example_skip_dag.py
[2025-07-16T07:30:46.056+0000] {processor.py:925} INFO - DAG(s) 'example_skip_dag' retrieved from /home/airflow/.local/lib/python3.12/site-packages/airflow/example_dags/example_skip_dag.py
[2025-07-16T07:30:46.079+0000] {logging_mixin.py:190} INFO - [2025-07-16T07:30:46.078+0000] {dag.py:3229} INFO - Sync 1 DAGs
[2025-07-16T07:30:46.107+0000] {logging_mixin.py:190} INFO - [2025-07-16T07:30:46.106+0000] {dag.py:4156} INFO - Setting next_dagrun for example_skip_dag to 2025-07-15 00:00:00+00:00, run_after=2025-07-16 00:00:00+00:00
[2025-07-16T07:30:46.132+0000] {processor.py:208} INFO - Processing /home/airflow/.local/lib/python3.12/site-packages/airflow/example_dags/example_skip_dag.py took 0.094 seconds
[2025-07-16T07:31:16.630+0000] {processor.py:186} INFO - Started process (PID=2393) to work on /home/airflow/.local/lib/python3.12/site-packages/airflow/example_dags/example_skip_dag.py
[2025-07-16T07:31:16.631+0000] {processor.py:914} INFO - Processing file /home/airflow/.local/lib/python3.12/site-packages/airflow/example_dags/example_skip_dag.py for tasks to queue
[2025-07-16T07:31:16.634+0000] {logging_mixin.py:190} INFO - [2025-07-16T07:31:16.633+0000] {dagbag.py:587} INFO - Filling up the DagBag from /home/airflow/.local/lib/python3.12/site-packages/airflow/example_dags/example_skip_dag.py
[2025-07-16T07:31:16.642+0000] {processor.py:925} INFO - DAG(s) 'example_skip_dag' retrieved from /home/airflow/.local/lib/python3.12/site-packages/airflow/example_dags/example_skip_dag.py
[2025-07-16T07:31:16.665+0000] {logging_mixin.py:190} INFO - [2025-07-16T07:31:16.665+0000] {dag.py:3229} INFO - Sync 1 DAGs
[2025-07-16T07:31:16.690+0000] {logging_mixin.py:190} INFO - [2025-07-16T07:31:16.690+0000] {dag.py:4156} INFO - Setting next_dagrun for example_skip_dag to 2025-07-15 00:00:00+00:00, run_after=2025-07-16 00:00:00+00:00
[2025-07-16T07:31:16.713+0000] {processor.py:208} INFO - Processing /home/airflow/.local/lib/python3.12/site-packages/airflow/example_dags/example_skip_dag.py took 0.090 seconds
[2025-07-16T07:33:02.549+0000] {processor.py:186} INFO - Started process (PID=58) to work on /home/airflow/.local/lib/python3.12/site-packages/airflow/example_dags/example_skip_dag.py
[2025-07-16T07:33:02.551+0000] {processor.py:914} INFO - Processing file /home/airflow/.local/lib/python3.12/site-packages/airflow/example_dags/example_skip_dag.py for tasks to queue
[2025-07-16T07:33:02.553+0000] {logging_mixin.py:190} INFO - [2025-07-16T07:33:02.553+0000] {dagbag.py:587} INFO - Filling up the DagBag from /home/airflow/.local/lib/python3.12/site-packages/airflow/example_dags/example_skip_dag.py
[2025-07-16T07:33:02.563+0000] {processor.py:925} INFO - DAG(s) 'example_skip_dag' retrieved from /home/airflow/.local/lib/python3.12/site-packages/airflow/example_dags/example_skip_dag.py
[2025-07-16T07:33:02.590+0000] {logging_mixin.py:190} INFO - [2025-07-16T07:33:02.589+0000] {dag.py:3229} INFO - Sync 1 DAGs
[2025-07-16T07:33:02.617+0000] {logging_mixin.py:190} INFO - [2025-07-16T07:33:02.616+0000] {dag.py:4156} INFO - Setting next_dagrun for example_skip_dag to 2025-07-15 00:00:00+00:00, run_after=2025-07-16 00:00:00+00:00
[2025-07-16T07:33:02.638+0000] {processor.py:208} INFO - Processing /home/airflow/.local/lib/python3.12/site-packages/airflow/example_dags/example_skip_dag.py took 0.096 seconds
[2025-07-16T07:33:33.016+0000] {processor.py:186} INFO - Started process (PID=114) to work on /home/airflow/.local/lib/python3.12/site-packages/airflow/example_dags/example_skip_dag.py
[2025-07-16T07:33:33.018+0000] {processor.py:914} INFO - Processing file /home/airflow/.local/lib/python3.12/site-packages/airflow/example_dags/example_skip_dag.py for tasks to queue
[2025-07-16T07:33:33.021+0000] {logging_mixin.py:190} INFO - [2025-07-16T07:33:33.021+0000] {dagbag.py:587} INFO - Filling up the DagBag from /home/airflow/.local/lib/python3.12/site-packages/airflow/example_dags/example_skip_dag.py
[2025-07-16T07:33:33.032+0000] {processor.py:925} INFO - DAG(s) 'example_skip_dag' retrieved from /home/airflow/.local/lib/python3.12/site-packages/airflow/example_dags/example_skip_dag.py
[2025-07-16T07:33:33.073+0000] {logging_mixin.py:190} INFO - [2025-07-16T07:33:33.072+0000] {dag.py:3229} INFO - Sync 1 DAGs
[2025-07-16T07:33:33.120+0000] {logging_mixin.py:190} INFO - [2025-07-16T07:33:33.120+0000] {dag.py:4156} INFO - Setting next_dagrun for example_skip_dag to 2025-07-15 00:00:00+00:00, run_after=2025-07-16 00:00:00+00:00
[2025-07-16T07:33:33.207+0000] {processor.py:208} INFO - Processing /home/airflow/.local/lib/python3.12/site-packages/airflow/example_dags/example_skip_dag.py took 0.200 seconds
[2025-07-16T07:34:04.304+0000] {processor.py:186} INFO - Started process (PID=172) to work on /home/airflow/.local/lib/python3.12/site-packages/airflow/example_dags/example_skip_dag.py
[2025-07-16T07:34:04.305+0000] {processor.py:914} INFO - Processing file /home/airflow/.local/lib/python3.12/site-packages/airflow/example_dags/example_skip_dag.py for tasks to queue
[2025-07-16T07:34:04.308+0000] {logging_mixin.py:190} INFO - [2025-07-16T07:34:04.307+0000] {dagbag.py:587} INFO - Filling up the DagBag from /home/airflow/.local/lib/python3.12/site-packages/airflow/example_dags/example_skip_dag.py
[2025-07-16T07:34:04.316+0000] {processor.py:925} INFO - DAG(s) 'example_skip_dag' retrieved from /home/airflow/.local/lib/python3.12/site-packages/airflow/example_dags/example_skip_dag.py
[2025-07-16T07:34:04.338+0000] {logging_mixin.py:190} INFO - [2025-07-16T07:34:04.338+0000] {dag.py:3229} INFO - Sync 1 DAGs
[2025-07-16T07:34:04.361+0000] {logging_mixin.py:190} INFO - [2025-07-16T07:34:04.361+0000] {dag.py:4156} INFO - Setting next_dagrun for example_skip_dag to 2025-07-15 00:00:00+00:00, run_after=2025-07-16 00:00:00+00:00
[2025-07-16T07:34:04.384+0000] {processor.py:208} INFO - Processing /home/airflow/.local/lib/python3.12/site-packages/airflow/example_dags/example_skip_dag.py took 0.087 seconds
[2025-07-16T07:34:35.121+0000] {processor.py:186} INFO - Started process (PID=229) to work on /home/airflow/.local/lib/python3.12/site-packages/airflow/example_dags/example_skip_dag.py
[2025-07-16T07:34:35.123+0000] {processor.py:914} INFO - Processing file /home/airflow/.local/lib/python3.12/site-packages/airflow/example_dags/example_skip_dag.py for tasks to queue
[2025-07-16T07:34:35.125+0000] {logging_mixin.py:190} INFO - [2025-07-16T07:34:35.125+0000] {dagbag.py:587} INFO - Filling up the DagBag from /home/airflow/.local/lib/python3.12/site-packages/airflow/example_dags/example_skip_dag.py
[2025-07-16T07:34:35.133+0000] {processor.py:925} INFO - DAG(s) 'example_skip_dag' retrieved from /home/airflow/.local/lib/python3.12/site-packages/airflow/example_dags/example_skip_dag.py
[2025-07-16T07:34:35.157+0000] {logging_mixin.py:190} INFO - [2025-07-16T07:34:35.157+0000] {dag.py:3229} INFO - Sync 1 DAGs
[2025-07-16T07:34:35.179+0000] {logging_mixin.py:190} INFO - [2025-07-16T07:34:35.179+0000] {dag.py:4156} INFO - Setting next_dagrun for example_skip_dag to 2025-07-15 00:00:00+00:00, run_after=2025-07-16 00:00:00+00:00
[2025-07-16T07:34:35.202+0000] {processor.py:208} INFO - Processing /home/airflow/.local/lib/python3.12/site-packages/airflow/example_dags/example_skip_dag.py took 0.088 seconds
[2025-07-16T07:35:05.913+0000] {processor.py:186} INFO - Started process (PID=286) to work on /home/airflow/.local/lib/python3.12/site-packages/airflow/example_dags/example_skip_dag.py
[2025-07-16T07:35:05.914+0000] {processor.py:914} INFO - Processing file /home/airflow/.local/lib/python3.12/site-packages/airflow/example_dags/example_skip_dag.py for tasks to queue
[2025-07-16T07:35:05.917+0000] {logging_mixin.py:190} INFO - [2025-07-16T07:35:05.917+0000] {dagbag.py:587} INFO - Filling up the DagBag from /home/airflow/.local/lib/python3.12/site-packages/airflow/example_dags/example_skip_dag.py
[2025-07-16T07:35:05.926+0000] {processor.py:925} INFO - DAG(s) 'example_skip_dag' retrieved from /home/airflow/.local/lib/python3.12/site-packages/airflow/example_dags/example_skip_dag.py
[2025-07-16T07:35:05.951+0000] {logging_mixin.py:190} INFO - [2025-07-16T07:35:05.951+0000] {dag.py:3229} INFO - Sync 1 DAGs
[2025-07-16T07:35:05.977+0000] {logging_mixin.py:190} INFO - [2025-07-16T07:35:05.977+0000] {dag.py:4156} INFO - Setting next_dagrun for example_skip_dag to 2025-07-15 00:00:00+00:00, run_after=2025-07-16 00:00:00+00:00
[2025-07-16T07:35:06.002+0000] {processor.py:208} INFO - Processing /home/airflow/.local/lib/python3.12/site-packages/airflow/example_dags/example_skip_dag.py took 0.096 seconds
[2025-07-16T07:35:36.153+0000] {processor.py:186} INFO - Started process (PID=342) to work on /home/airflow/.local/lib/python3.12/site-packages/airflow/example_dags/example_skip_dag.py
[2025-07-16T07:35:36.154+0000] {processor.py:914} INFO - Processing file /home/airflow/.local/lib/python3.12/site-packages/airflow/example_dags/example_skip_dag.py for tasks to queue
[2025-07-16T07:35:36.157+0000] {logging_mixin.py:190} INFO - [2025-07-16T07:35:36.156+0000] {dagbag.py:587} INFO - Filling up the DagBag from /home/airflow/.local/lib/python3.12/site-packages/airflow/example_dags/example_skip_dag.py
[2025-07-16T07:35:36.169+0000] {processor.py:925} INFO - DAG(s) 'example_skip_dag' retrieved from /home/airflow/.local/lib/python3.12/site-packages/airflow/example_dags/example_skip_dag.py
[2025-07-16T07:35:36.193+0000] {logging_mixin.py:190} INFO - [2025-07-16T07:35:36.192+0000] {dag.py:3229} INFO - Sync 1 DAGs
[2025-07-16T07:35:36.220+0000] {logging_mixin.py:190} INFO - [2025-07-16T07:35:36.220+0000] {dag.py:4156} INFO - Setting next_dagrun for example_skip_dag to 2025-07-15 00:00:00+00:00, run_after=2025-07-16 00:00:00+00:00
[2025-07-16T07:35:36.244+0000] {processor.py:208} INFO - Processing /home/airflow/.local/lib/python3.12/site-packages/airflow/example_dags/example_skip_dag.py took 0.097 seconds
[2025-07-16T07:36:06.450+0000] {processor.py:186} INFO - Started process (PID=399) to work on /home/airflow/.local/lib/python3.12/site-packages/airflow/example_dags/example_skip_dag.py
[2025-07-16T07:36:06.451+0000] {processor.py:914} INFO - Processing file /home/airflow/.local/lib/python3.12/site-packages/airflow/example_dags/example_skip_dag.py for tasks to queue
[2025-07-16T07:36:06.453+0000] {logging_mixin.py:190} INFO - [2025-07-16T07:36:06.453+0000] {dagbag.py:587} INFO - Filling up the DagBag from /home/airflow/.local/lib/python3.12/site-packages/airflow/example_dags/example_skip_dag.py
[2025-07-16T07:36:06.461+0000] {processor.py:925} INFO - DAG(s) 'example_skip_dag' retrieved from /home/airflow/.local/lib/python3.12/site-packages/airflow/example_dags/example_skip_dag.py
[2025-07-16T07:36:06.484+0000] {logging_mixin.py:190} INFO - [2025-07-16T07:36:06.484+0000] {dag.py:3229} INFO - Sync 1 DAGs
[2025-07-16T07:36:06.510+0000] {logging_mixin.py:190} INFO - [2025-07-16T07:36:06.509+0000] {dag.py:4156} INFO - Setting next_dagrun for example_skip_dag to 2025-07-15 00:00:00+00:00, run_after=2025-07-16 00:00:00+00:00
[2025-07-16T07:36:06.533+0000] {processor.py:208} INFO - Processing /home/airflow/.local/lib/python3.12/site-packages/airflow/example_dags/example_skip_dag.py took 0.090 seconds
[2025-07-16T07:36:38.497+0000] {processor.py:186} INFO - Started process (PID=457) to work on /home/airflow/.local/lib/python3.12/site-packages/airflow/example_dags/example_skip_dag.py
[2025-07-16T07:36:38.498+0000] {processor.py:914} INFO - Processing file /home/airflow/.local/lib/python3.12/site-packages/airflow/example_dags/example_skip_dag.py for tasks to queue
[2025-07-16T07:36:38.500+0000] {logging_mixin.py:190} INFO - [2025-07-16T07:36:38.500+0000] {dagbag.py:587} INFO - Filling up the DagBag from /home/airflow/.local/lib/python3.12/site-packages/airflow/example_dags/example_skip_dag.py
[2025-07-16T07:36:38.509+0000] {processor.py:925} INFO - DAG(s) 'example_skip_dag' retrieved from /home/airflow/.local/lib/python3.12/site-packages/airflow/example_dags/example_skip_dag.py
[2025-07-16T07:36:38.532+0000] {logging_mixin.py:190} INFO - [2025-07-16T07:36:38.532+0000] {dag.py:3229} INFO - Sync 1 DAGs
[2025-07-16T07:36:38.556+0000] {logging_mixin.py:190} INFO - [2025-07-16T07:36:38.556+0000] {dag.py:4156} INFO - Setting next_dagrun for example_skip_dag to 2025-07-15 00:00:00+00:00, run_after=2025-07-16 00:00:00+00:00
[2025-07-16T07:36:38.582+0000] {processor.py:208} INFO - Processing /home/airflow/.local/lib/python3.12/site-packages/airflow/example_dags/example_skip_dag.py took 0.092 seconds
[2025-07-16T07:37:09.132+0000] {processor.py:186} INFO - Started process (PID=513) to work on /home/airflow/.local/lib/python3.12/site-packages/airflow/example_dags/example_skip_dag.py
[2025-07-16T07:37:09.133+0000] {processor.py:914} INFO - Processing file /home/airflow/.local/lib/python3.12/site-packages/airflow/example_dags/example_skip_dag.py for tasks to queue
[2025-07-16T07:37:09.136+0000] {logging_mixin.py:190} INFO - [2025-07-16T07:37:09.136+0000] {dagbag.py:587} INFO - Filling up the DagBag from /home/airflow/.local/lib/python3.12/site-packages/airflow/example_dags/example_skip_dag.py
[2025-07-16T07:37:09.145+0000] {processor.py:925} INFO - DAG(s) 'example_skip_dag' retrieved from /home/airflow/.local/lib/python3.12/site-packages/airflow/example_dags/example_skip_dag.py
[2025-07-16T07:37:09.169+0000] {logging_mixin.py:190} INFO - [2025-07-16T07:37:09.169+0000] {dag.py:3229} INFO - Sync 1 DAGs
[2025-07-16T07:37:09.199+0000] {logging_mixin.py:190} INFO - [2025-07-16T07:37:09.199+0000] {dag.py:4156} INFO - Setting next_dagrun for example_skip_dag to 2025-07-15 00:00:00+00:00, run_after=2025-07-16 00:00:00+00:00
[2025-07-16T07:37:09.221+0000] {processor.py:208} INFO - Processing /home/airflow/.local/lib/python3.12/site-packages/airflow/example_dags/example_skip_dag.py took 0.097 seconds
[2025-07-16T07:37:39.709+0000] {processor.py:186} INFO - Started process (PID=570) to work on /home/airflow/.local/lib/python3.12/site-packages/airflow/example_dags/example_skip_dag.py
[2025-07-16T07:37:39.711+0000] {processor.py:914} INFO - Processing file /home/airflow/.local/lib/python3.12/site-packages/airflow/example_dags/example_skip_dag.py for tasks to queue
[2025-07-16T07:37:39.713+0000] {logging_mixin.py:190} INFO - [2025-07-16T07:37:39.713+0000] {dagbag.py:587} INFO - Filling up the DagBag from /home/airflow/.local/lib/python3.12/site-packages/airflow/example_dags/example_skip_dag.py
[2025-07-16T07:37:39.723+0000] {processor.py:925} INFO - DAG(s) 'example_skip_dag' retrieved from /home/airflow/.local/lib/python3.12/site-packages/airflow/example_dags/example_skip_dag.py
[2025-07-16T07:37:39.748+0000] {logging_mixin.py:190} INFO - [2025-07-16T07:37:39.748+0000] {dag.py:3229} INFO - Sync 1 DAGs
[2025-07-16T07:37:39.774+0000] {logging_mixin.py:190} INFO - [2025-07-16T07:37:39.774+0000] {dag.py:4156} INFO - Setting next_dagrun for example_skip_dag to 2025-07-15 00:00:00+00:00, run_after=2025-07-16 00:00:00+00:00
[2025-07-16T07:37:39.799+0000] {processor.py:208} INFO - Processing /home/airflow/.local/lib/python3.12/site-packages/airflow/example_dags/example_skip_dag.py took 0.101 seconds
[2025-07-16T07:38:10.966+0000] {processor.py:186} INFO - Started process (PID=628) to work on /home/airflow/.local/lib/python3.12/site-packages/airflow/example_dags/example_skip_dag.py
[2025-07-16T07:38:10.967+0000] {processor.py:914} INFO - Processing file /home/airflow/.local/lib/python3.12/site-packages/airflow/example_dags/example_skip_dag.py for tasks to queue
[2025-07-16T07:38:10.970+0000] {logging_mixin.py:190} INFO - [2025-07-16T07:38:10.970+0000] {dagbag.py:587} INFO - Filling up the DagBag from /home/airflow/.local/lib/python3.12/site-packages/airflow/example_dags/example_skip_dag.py
[2025-07-16T07:38:10.985+0000] {processor.py:925} INFO - DAG(s) 'example_skip_dag' retrieved from /home/airflow/.local/lib/python3.12/site-packages/airflow/example_dags/example_skip_dag.py
[2025-07-16T07:38:11.017+0000] {logging_mixin.py:190} INFO - [2025-07-16T07:38:11.017+0000] {dag.py:3229} INFO - Sync 1 DAGs
[2025-07-16T07:38:11.045+0000] {logging_mixin.py:190} INFO - [2025-07-16T07:38:11.045+0000] {dag.py:4156} INFO - Setting next_dagrun for example_skip_dag to 2025-07-15 00:00:00+00:00, run_after=2025-07-16 00:00:00+00:00
[2025-07-16T07:38:11.066+0000] {processor.py:208} INFO - Processing /home/airflow/.local/lib/python3.12/site-packages/airflow/example_dags/example_skip_dag.py took 0.107 seconds
[2025-07-16T07:38:41.903+0000] {processor.py:186} INFO - Started process (PID=685) to work on /home/airflow/.local/lib/python3.12/site-packages/airflow/example_dags/example_skip_dag.py
[2025-07-16T07:38:41.905+0000] {processor.py:914} INFO - Processing file /home/airflow/.local/lib/python3.12/site-packages/airflow/example_dags/example_skip_dag.py for tasks to queue
[2025-07-16T07:38:41.907+0000] {logging_mixin.py:190} INFO - [2025-07-16T07:38:41.907+0000] {dagbag.py:587} INFO - Filling up the DagBag from /home/airflow/.local/lib/python3.12/site-packages/airflow/example_dags/example_skip_dag.py
[2025-07-16T07:38:41.918+0000] {processor.py:925} INFO - DAG(s) 'example_skip_dag' retrieved from /home/airflow/.local/lib/python3.12/site-packages/airflow/example_dags/example_skip_dag.py
[2025-07-16T07:38:41.942+0000] {logging_mixin.py:190} INFO - [2025-07-16T07:38:41.942+0000] {dag.py:3229} INFO - Sync 1 DAGs
[2025-07-16T07:38:41.965+0000] {logging_mixin.py:190} INFO - [2025-07-16T07:38:41.965+0000] {dag.py:4156} INFO - Setting next_dagrun for example_skip_dag to 2025-07-15 00:00:00+00:00, run_after=2025-07-16 00:00:00+00:00
[2025-07-16T07:38:41.988+0000] {processor.py:208} INFO - Processing /home/airflow/.local/lib/python3.12/site-packages/airflow/example_dags/example_skip_dag.py took 0.091 seconds
[2025-07-16T07:39:12.447+0000] {processor.py:186} INFO - Started process (PID=741) to work on /home/airflow/.local/lib/python3.12/site-packages/airflow/example_dags/example_skip_dag.py
[2025-07-16T07:39:12.448+0000] {processor.py:914} INFO - Processing file /home/airflow/.local/lib/python3.12/site-packages/airflow/example_dags/example_skip_dag.py for tasks to queue
[2025-07-16T07:39:12.451+0000] {logging_mixin.py:190} INFO - [2025-07-16T07:39:12.451+0000] {dagbag.py:587} INFO - Filling up the DagBag from /home/airflow/.local/lib/python3.12/site-packages/airflow/example_dags/example_skip_dag.py
[2025-07-16T07:39:12.459+0000] {processor.py:925} INFO - DAG(s) 'example_skip_dag' retrieved from /home/airflow/.local/lib/python3.12/site-packages/airflow/example_dags/example_skip_dag.py
[2025-07-16T07:39:12.482+0000] {logging_mixin.py:190} INFO - [2025-07-16T07:39:12.482+0000] {dag.py:3229} INFO - Sync 1 DAGs
[2025-07-16T07:39:12.510+0000] {logging_mixin.py:190} INFO - [2025-07-16T07:39:12.509+0000] {dag.py:4156} INFO - Setting next_dagrun for example_skip_dag to 2025-07-15 00:00:00+00:00, run_after=2025-07-16 00:00:00+00:00
[2025-07-16T07:39:12.534+0000] {processor.py:208} INFO - Processing /home/airflow/.local/lib/python3.12/site-packages/airflow/example_dags/example_skip_dag.py took 0.093 seconds
[2025-07-16T07:39:42.947+0000] {processor.py:186} INFO - Started process (PID=798) to work on /home/airflow/.local/lib/python3.12/site-packages/airflow/example_dags/example_skip_dag.py
[2025-07-16T07:39:42.949+0000] {processor.py:914} INFO - Processing file /home/airflow/.local/lib/python3.12/site-packages/airflow/example_dags/example_skip_dag.py for tasks to queue
[2025-07-16T07:39:42.951+0000] {logging_mixin.py:190} INFO - [2025-07-16T07:39:42.951+0000] {dagbag.py:587} INFO - Filling up the DagBag from /home/airflow/.local/lib/python3.12/site-packages/airflow/example_dags/example_skip_dag.py
[2025-07-16T07:39:42.960+0000] {processor.py:925} INFO - DAG(s) 'example_skip_dag' retrieved from /home/airflow/.local/lib/python3.12/site-packages/airflow/example_dags/example_skip_dag.py
[2025-07-16T07:39:42.983+0000] {logging_mixin.py:190} INFO - [2025-07-16T07:39:42.983+0000] {dag.py:3229} INFO - Sync 1 DAGs
[2025-07-16T07:39:43.008+0000] {logging_mixin.py:190} INFO - [2025-07-16T07:39:43.008+0000] {dag.py:4156} INFO - Setting next_dagrun for example_skip_dag to 2025-07-15 00:00:00+00:00, run_after=2025-07-16 00:00:00+00:00
[2025-07-16T07:39:43.030+0000] {processor.py:208} INFO - Processing /home/airflow/.local/lib/python3.12/site-packages/airflow/example_dags/example_skip_dag.py took 0.089 seconds
[2025-07-16T07:40:13.463+0000] {processor.py:186} INFO - Started process (PID=855) to work on /home/airflow/.local/lib/python3.12/site-packages/airflow/example_dags/example_skip_dag.py
[2025-07-16T07:40:13.464+0000] {processor.py:914} INFO - Processing file /home/airflow/.local/lib/python3.12/site-packages/airflow/example_dags/example_skip_dag.py for tasks to queue
[2025-07-16T07:40:13.467+0000] {logging_mixin.py:190} INFO - [2025-07-16T07:40:13.467+0000] {dagbag.py:587} INFO - Filling up the DagBag from /home/airflow/.local/lib/python3.12/site-packages/airflow/example_dags/example_skip_dag.py
[2025-07-16T07:40:13.476+0000] {processor.py:925} INFO - DAG(s) 'example_skip_dag' retrieved from /home/airflow/.local/lib/python3.12/site-packages/airflow/example_dags/example_skip_dag.py
[2025-07-16T07:40:13.501+0000] {logging_mixin.py:190} INFO - [2025-07-16T07:40:13.501+0000] {dag.py:3229} INFO - Sync 1 DAGs
[2025-07-16T07:40:13.527+0000] {logging_mixin.py:190} INFO - [2025-07-16T07:40:13.527+0000] {dag.py:4156} INFO - Setting next_dagrun for example_skip_dag to 2025-07-15 00:00:00+00:00, run_after=2025-07-16 00:00:00+00:00
[2025-07-16T07:40:13.550+0000] {processor.py:208} INFO - Processing /home/airflow/.local/lib/python3.12/site-packages/airflow/example_dags/example_skip_dag.py took 0.094 seconds
[2025-07-16T07:40:44.368+0000] {processor.py:186} INFO - Started process (PID=913) to work on /home/airflow/.local/lib/python3.12/site-packages/airflow/example_dags/example_skip_dag.py
[2025-07-16T07:40:44.369+0000] {processor.py:914} INFO - Processing file /home/airflow/.local/lib/python3.12/site-packages/airflow/example_dags/example_skip_dag.py for tasks to queue
[2025-07-16T07:40:44.372+0000] {logging_mixin.py:190} INFO - [2025-07-16T07:40:44.372+0000] {dagbag.py:587} INFO - Filling up the DagBag from /home/airflow/.local/lib/python3.12/site-packages/airflow/example_dags/example_skip_dag.py
[2025-07-16T07:40:44.382+0000] {processor.py:925} INFO - DAG(s) 'example_skip_dag' retrieved from /home/airflow/.local/lib/python3.12/site-packages/airflow/example_dags/example_skip_dag.py
[2025-07-16T07:40:44.410+0000] {logging_mixin.py:190} INFO - [2025-07-16T07:40:44.410+0000] {dag.py:3229} INFO - Sync 1 DAGs
[2025-07-16T07:40:44.441+0000] {logging_mixin.py:190} INFO - [2025-07-16T07:40:44.440+0000] {dag.py:4156} INFO - Setting next_dagrun for example_skip_dag to 2025-07-15 00:00:00+00:00, run_after=2025-07-16 00:00:00+00:00
[2025-07-16T07:40:44.470+0000] {processor.py:208} INFO - Processing /home/airflow/.local/lib/python3.12/site-packages/airflow/example_dags/example_skip_dag.py took 0.109 seconds
