[2025-07-16T07:10:12.829+0000] {processor.py:186} INFO - Started process (PID=50) to work on /home/airflow/.local/lib/python3.12/site-packages/airflow/example_dags/example_bash_decorator.py
[2025-07-16T07:10:12.838+0000] {processor.py:914} INFO - Processing file /home/airflow/.local/lib/python3.12/site-packages/airflow/example_dags/example_bash_decorator.py for tasks to queue
[2025-07-16T07:10:12.870+0000] {logging_mixin.py:190} INFO - [2025-07-16T07:10:12.867+0000] {dagbag.py:587} INFO - Filling up the DagBag from /home/airflow/.local/lib/python3.12/site-packages/airflow/example_dags/example_bash_decorator.py
[2025-07-16T07:10:12.917+0000] {processor.py:925} INFO - DAG(s) 'example_bash_decorator' retrieved from /home/airflow/.local/lib/python3.12/site-packages/airflow/example_dags/example_bash_decorator.py
[2025-07-16T07:10:13.329+0000] {logging_mixin.py:190} INFO - [2025-07-16T07:10:13.329+0000] {dag.py:3229} INFO - Sync 1 DAGs
[2025-07-16T07:10:13.384+0000] {logging_mixin.py:190} INFO - [2025-07-16T07:10:13.384+0000] {dag.py:4156} INFO - Setting next_dagrun for example_bash_decorator to None, run_after=None
[2025-07-16T07:10:13.442+0000] {processor.py:208} INFO - Processing /home/airflow/.local/lib/python3.12/site-packages/airflow/example_dags/example_bash_decorator.py took 0.673 seconds
[2025-07-16T07:10:43.703+0000] {processor.py:186} INFO - Started process (PID=107) to work on /home/airflow/.local/lib/python3.12/site-packages/airflow/example_dags/example_bash_decorator.py
[2025-07-16T07:10:43.706+0000] {processor.py:914} INFO - Processing file /home/airflow/.local/lib/python3.12/site-packages/airflow/example_dags/example_bash_decorator.py for tasks to queue
[2025-07-16T07:10:43.708+0000] {logging_mixin.py:190} INFO - [2025-07-16T07:10:43.708+0000] {dagbag.py:587} INFO - Filling up the DagBag from /home/airflow/.local/lib/python3.12/site-packages/airflow/example_dags/example_bash_decorator.py
[2025-07-16T07:10:43.723+0000] {processor.py:925} INFO - DAG(s) 'example_bash_decorator' retrieved from /home/airflow/.local/lib/python3.12/site-packages/airflow/example_dags/example_bash_decorator.py
[2025-07-16T07:10:43.748+0000] {logging_mixin.py:190} INFO - [2025-07-16T07:10:43.748+0000] {dag.py:3229} INFO - Sync 1 DAGs
[2025-07-16T07:10:43.763+0000] {logging_mixin.py:190} INFO - [2025-07-16T07:10:43.763+0000] {dag.py:4156} INFO - Setting next_dagrun for example_bash_decorator to None, run_after=None
[2025-07-16T07:10:43.784+0000] {processor.py:208} INFO - Processing /home/airflow/.local/lib/python3.12/site-packages/airflow/example_dags/example_bash_decorator.py took 0.087 seconds
[2025-07-16T07:11:14.004+0000] {processor.py:186} INFO - Started process (PID=164) to work on /home/airflow/.local/lib/python3.12/site-packages/airflow/example_dags/example_bash_decorator.py
[2025-07-16T07:11:14.005+0000] {processor.py:914} INFO - Processing file /home/airflow/.local/lib/python3.12/site-packages/airflow/example_dags/example_bash_decorator.py for tasks to queue
[2025-07-16T07:11:14.008+0000] {logging_mixin.py:190} INFO - [2025-07-16T07:11:14.007+0000] {dagbag.py:587} INFO - Filling up the DagBag from /home/airflow/.local/lib/python3.12/site-packages/airflow/example_dags/example_bash_decorator.py
[2025-07-16T07:11:14.025+0000] {processor.py:925} INFO - DAG(s) 'example_bash_decorator' retrieved from /home/airflow/.local/lib/python3.12/site-packages/airflow/example_dags/example_bash_decorator.py
[2025-07-16T07:11:14.054+0000] {logging_mixin.py:190} INFO - [2025-07-16T07:11:14.054+0000] {dag.py:3229} INFO - Sync 1 DAGs
[2025-07-16T07:11:14.070+0000] {logging_mixin.py:190} INFO - [2025-07-16T07:11:14.070+0000] {dag.py:4156} INFO - Setting next_dagrun for example_bash_decorator to None, run_after=None
[2025-07-16T07:11:14.094+0000] {processor.py:208} INFO - Processing /home/airflow/.local/lib/python3.12/site-packages/airflow/example_dags/example_bash_decorator.py took 0.097 seconds
[2025-07-16T07:11:44.463+0000] {processor.py:186} INFO - Started process (PID=221) to work on /home/airflow/.local/lib/python3.12/site-packages/airflow/example_dags/example_bash_decorator.py
[2025-07-16T07:11:44.464+0000] {processor.py:914} INFO - Processing file /home/airflow/.local/lib/python3.12/site-packages/airflow/example_dags/example_bash_decorator.py for tasks to queue
[2025-07-16T07:11:44.467+0000] {logging_mixin.py:190} INFO - [2025-07-16T07:11:44.467+0000] {dagbag.py:587} INFO - Filling up the DagBag from /home/airflow/.local/lib/python3.12/site-packages/airflow/example_dags/example_bash_decorator.py
[2025-07-16T07:11:44.486+0000] {processor.py:925} INFO - DAG(s) 'example_bash_decorator' retrieved from /home/airflow/.local/lib/python3.12/site-packages/airflow/example_dags/example_bash_decorator.py
[2025-07-16T07:11:44.516+0000] {logging_mixin.py:190} INFO - [2025-07-16T07:11:44.515+0000] {dag.py:3229} INFO - Sync 1 DAGs
[2025-07-16T07:11:44.532+0000] {logging_mixin.py:190} INFO - [2025-07-16T07:11:44.532+0000] {dag.py:4156} INFO - Setting next_dagrun for example_bash_decorator to None, run_after=None
[2025-07-16T07:11:44.566+0000] {processor.py:208} INFO - Processing /home/airflow/.local/lib/python3.12/site-packages/airflow/example_dags/example_bash_decorator.py took 0.110 seconds
[2025-07-16T07:12:15.008+0000] {processor.py:186} INFO - Started process (PID=278) to work on /home/airflow/.local/lib/python3.12/site-packages/airflow/example_dags/example_bash_decorator.py
[2025-07-16T07:12:15.010+0000] {processor.py:914} INFO - Processing file /home/airflow/.local/lib/python3.12/site-packages/airflow/example_dags/example_bash_decorator.py for tasks to queue
[2025-07-16T07:12:15.015+0000] {logging_mixin.py:190} INFO - [2025-07-16T07:12:15.014+0000] {dagbag.py:587} INFO - Filling up the DagBag from /home/airflow/.local/lib/python3.12/site-packages/airflow/example_dags/example_bash_decorator.py
[2025-07-16T07:12:15.044+0000] {processor.py:925} INFO - DAG(s) 'example_bash_decorator' retrieved from /home/airflow/.local/lib/python3.12/site-packages/airflow/example_dags/example_bash_decorator.py
[2025-07-16T07:12:15.085+0000] {logging_mixin.py:190} INFO - [2025-07-16T07:12:15.084+0000] {dag.py:3229} INFO - Sync 1 DAGs
[2025-07-16T07:12:15.105+0000] {logging_mixin.py:190} INFO - [2025-07-16T07:12:15.105+0000] {dag.py:4156} INFO - Setting next_dagrun for example_bash_decorator to None, run_after=None
[2025-07-16T07:12:15.127+0000] {processor.py:208} INFO - Processing /home/airflow/.local/lib/python3.12/site-packages/airflow/example_dags/example_bash_decorator.py took 0.135 seconds
[2025-07-16T07:12:45.848+0000] {processor.py:186} INFO - Started process (PID=335) to work on /home/airflow/.local/lib/python3.12/site-packages/airflow/example_dags/example_bash_decorator.py
[2025-07-16T07:12:45.849+0000] {processor.py:914} INFO - Processing file /home/airflow/.local/lib/python3.12/site-packages/airflow/example_dags/example_bash_decorator.py for tasks to queue
[2025-07-16T07:12:45.853+0000] {logging_mixin.py:190} INFO - [2025-07-16T07:12:45.852+0000] {dagbag.py:587} INFO - Filling up the DagBag from /home/airflow/.local/lib/python3.12/site-packages/airflow/example_dags/example_bash_decorator.py
[2025-07-16T07:12:45.870+0000] {processor.py:925} INFO - DAG(s) 'example_bash_decorator' retrieved from /home/airflow/.local/lib/python3.12/site-packages/airflow/example_dags/example_bash_decorator.py
[2025-07-16T07:12:45.900+0000] {logging_mixin.py:190} INFO - [2025-07-16T07:12:45.900+0000] {dag.py:3229} INFO - Sync 1 DAGs
[2025-07-16T07:12:45.917+0000] {logging_mixin.py:190} INFO - [2025-07-16T07:12:45.916+0000] {dag.py:4156} INFO - Setting next_dagrun for example_bash_decorator to None, run_after=None
[2025-07-16T07:12:45.943+0000] {processor.py:208} INFO - Processing /home/airflow/.local/lib/python3.12/site-packages/airflow/example_dags/example_bash_decorator.py took 0.103 seconds
[2025-07-16T07:13:16.021+0000] {processor.py:186} INFO - Started process (PID=392) to work on /home/airflow/.local/lib/python3.12/site-packages/airflow/example_dags/example_bash_decorator.py
[2025-07-16T07:13:16.022+0000] {processor.py:914} INFO - Processing file /home/airflow/.local/lib/python3.12/site-packages/airflow/example_dags/example_bash_decorator.py for tasks to queue
[2025-07-16T07:13:16.025+0000] {logging_mixin.py:190} INFO - [2025-07-16T07:13:16.024+0000] {dagbag.py:587} INFO - Filling up the DagBag from /home/airflow/.local/lib/python3.12/site-packages/airflow/example_dags/example_bash_decorator.py
[2025-07-16T07:13:16.042+0000] {processor.py:925} INFO - DAG(s) 'example_bash_decorator' retrieved from /home/airflow/.local/lib/python3.12/site-packages/airflow/example_dags/example_bash_decorator.py
[2025-07-16T07:13:16.071+0000] {logging_mixin.py:190} INFO - [2025-07-16T07:13:16.070+0000] {dag.py:3229} INFO - Sync 1 DAGs
[2025-07-16T07:13:16.090+0000] {logging_mixin.py:190} INFO - [2025-07-16T07:13:16.090+0000] {dag.py:4156} INFO - Setting next_dagrun for example_bash_decorator to None, run_after=None
[2025-07-16T07:13:16.117+0000] {processor.py:208} INFO - Processing /home/airflow/.local/lib/python3.12/site-packages/airflow/example_dags/example_bash_decorator.py took 0.102 seconds
[2025-07-16T07:13:46.453+0000] {processor.py:186} INFO - Started process (PID=449) to work on /home/airflow/.local/lib/python3.12/site-packages/airflow/example_dags/example_bash_decorator.py
[2025-07-16T07:13:46.454+0000] {processor.py:914} INFO - Processing file /home/airflow/.local/lib/python3.12/site-packages/airflow/example_dags/example_bash_decorator.py for tasks to queue
[2025-07-16T07:13:46.456+0000] {logging_mixin.py:190} INFO - [2025-07-16T07:13:46.456+0000] {dagbag.py:587} INFO - Filling up the DagBag from /home/airflow/.local/lib/python3.12/site-packages/airflow/example_dags/example_bash_decorator.py
[2025-07-16T07:13:46.474+0000] {processor.py:925} INFO - DAG(s) 'example_bash_decorator' retrieved from /home/airflow/.local/lib/python3.12/site-packages/airflow/example_dags/example_bash_decorator.py
[2025-07-16T07:13:46.500+0000] {logging_mixin.py:190} INFO - [2025-07-16T07:13:46.499+0000] {dag.py:3229} INFO - Sync 1 DAGs
[2025-07-16T07:13:46.514+0000] {logging_mixin.py:190} INFO - [2025-07-16T07:13:46.514+0000] {dag.py:4156} INFO - Setting next_dagrun for example_bash_decorator to None, run_after=None
[2025-07-16T07:13:46.536+0000] {processor.py:208} INFO - Processing /home/airflow/.local/lib/python3.12/site-packages/airflow/example_dags/example_bash_decorator.py took 0.090 seconds
[2025-07-16T07:14:16.728+0000] {processor.py:186} INFO - Started process (PID=506) to work on /home/airflow/.local/lib/python3.12/site-packages/airflow/example_dags/example_bash_decorator.py
[2025-07-16T07:14:16.729+0000] {processor.py:914} INFO - Processing file /home/airflow/.local/lib/python3.12/site-packages/airflow/example_dags/example_bash_decorator.py for tasks to queue
[2025-07-16T07:14:16.732+0000] {logging_mixin.py:190} INFO - [2025-07-16T07:14:16.732+0000] {dagbag.py:587} INFO - Filling up the DagBag from /home/airflow/.local/lib/python3.12/site-packages/airflow/example_dags/example_bash_decorator.py
[2025-07-16T07:14:16.747+0000] {processor.py:925} INFO - DAG(s) 'example_bash_decorator' retrieved from /home/airflow/.local/lib/python3.12/site-packages/airflow/example_dags/example_bash_decorator.py
[2025-07-16T07:14:16.772+0000] {logging_mixin.py:190} INFO - [2025-07-16T07:14:16.772+0000] {dag.py:3229} INFO - Sync 1 DAGs
[2025-07-16T07:14:16.788+0000] {logging_mixin.py:190} INFO - [2025-07-16T07:14:16.788+0000] {dag.py:4156} INFO - Setting next_dagrun for example_bash_decorator to None, run_after=None
[2025-07-16T07:14:16.812+0000] {processor.py:208} INFO - Processing /home/airflow/.local/lib/python3.12/site-packages/airflow/example_dags/example_bash_decorator.py took 0.091 seconds
[2025-07-16T07:14:47.250+0000] {processor.py:186} INFO - Started process (PID=563) to work on /home/airflow/.local/lib/python3.12/site-packages/airflow/example_dags/example_bash_decorator.py
[2025-07-16T07:14:47.252+0000] {processor.py:914} INFO - Processing file /home/airflow/.local/lib/python3.12/site-packages/airflow/example_dags/example_bash_decorator.py for tasks to queue
[2025-07-16T07:14:47.254+0000] {logging_mixin.py:190} INFO - [2025-07-16T07:14:47.254+0000] {dagbag.py:587} INFO - Filling up the DagBag from /home/airflow/.local/lib/python3.12/site-packages/airflow/example_dags/example_bash_decorator.py
[2025-07-16T07:14:47.271+0000] {processor.py:925} INFO - DAG(s) 'example_bash_decorator' retrieved from /home/airflow/.local/lib/python3.12/site-packages/airflow/example_dags/example_bash_decorator.py
[2025-07-16T07:14:47.298+0000] {logging_mixin.py:190} INFO - [2025-07-16T07:14:47.297+0000] {dag.py:3229} INFO - Sync 1 DAGs
[2025-07-16T07:14:47.313+0000] {logging_mixin.py:190} INFO - [2025-07-16T07:14:47.313+0000] {dag.py:4156} INFO - Setting next_dagrun for example_bash_decorator to None, run_after=None
[2025-07-16T07:14:47.335+0000] {processor.py:208} INFO - Processing /home/airflow/.local/lib/python3.12/site-packages/airflow/example_dags/example_bash_decorator.py took 0.091 seconds
[2025-07-16T07:15:18.169+0000] {processor.py:186} INFO - Started process (PID=620) to work on /home/airflow/.local/lib/python3.12/site-packages/airflow/example_dags/example_bash_decorator.py
[2025-07-16T07:15:18.170+0000] {processor.py:914} INFO - Processing file /home/airflow/.local/lib/python3.12/site-packages/airflow/example_dags/example_bash_decorator.py for tasks to queue
[2025-07-16T07:15:18.174+0000] {logging_mixin.py:190} INFO - [2025-07-16T07:15:18.173+0000] {dagbag.py:587} INFO - Filling up the DagBag from /home/airflow/.local/lib/python3.12/site-packages/airflow/example_dags/example_bash_decorator.py
[2025-07-16T07:15:18.190+0000] {processor.py:925} INFO - DAG(s) 'example_bash_decorator' retrieved from /home/airflow/.local/lib/python3.12/site-packages/airflow/example_dags/example_bash_decorator.py
[2025-07-16T07:15:18.215+0000] {logging_mixin.py:190} INFO - [2025-07-16T07:15:18.214+0000] {dag.py:3229} INFO - Sync 1 DAGs
[2025-07-16T07:15:18.230+0000] {logging_mixin.py:190} INFO - [2025-07-16T07:15:18.230+0000] {dag.py:4156} INFO - Setting next_dagrun for example_bash_decorator to None, run_after=None
[2025-07-16T07:15:18.253+0000] {processor.py:208} INFO - Processing /home/airflow/.local/lib/python3.12/site-packages/airflow/example_dags/example_bash_decorator.py took 0.091 seconds
[2025-07-16T07:15:48.577+0000] {processor.py:186} INFO - Started process (PID=677) to work on /home/airflow/.local/lib/python3.12/site-packages/airflow/example_dags/example_bash_decorator.py
[2025-07-16T07:15:48.579+0000] {processor.py:914} INFO - Processing file /home/airflow/.local/lib/python3.12/site-packages/airflow/example_dags/example_bash_decorator.py for tasks to queue
[2025-07-16T07:15:48.581+0000] {logging_mixin.py:190} INFO - [2025-07-16T07:15:48.581+0000] {dagbag.py:587} INFO - Filling up the DagBag from /home/airflow/.local/lib/python3.12/site-packages/airflow/example_dags/example_bash_decorator.py
[2025-07-16T07:15:48.596+0000] {processor.py:925} INFO - DAG(s) 'example_bash_decorator' retrieved from /home/airflow/.local/lib/python3.12/site-packages/airflow/example_dags/example_bash_decorator.py
[2025-07-16T07:15:48.621+0000] {logging_mixin.py:190} INFO - [2025-07-16T07:15:48.621+0000] {dag.py:3229} INFO - Sync 1 DAGs
[2025-07-16T07:15:48.636+0000] {logging_mixin.py:190} INFO - [2025-07-16T07:15:48.635+0000] {dag.py:4156} INFO - Setting next_dagrun for example_bash_decorator to None, run_after=None
[2025-07-16T07:15:48.658+0000] {processor.py:208} INFO - Processing /home/airflow/.local/lib/python3.12/site-packages/airflow/example_dags/example_bash_decorator.py took 0.087 seconds
[2025-07-16T07:16:19.228+0000] {processor.py:186} INFO - Started process (PID=734) to work on /home/airflow/.local/lib/python3.12/site-packages/airflow/example_dags/example_bash_decorator.py
[2025-07-16T07:16:19.230+0000] {processor.py:914} INFO - Processing file /home/airflow/.local/lib/python3.12/site-packages/airflow/example_dags/example_bash_decorator.py for tasks to queue
[2025-07-16T07:16:19.235+0000] {logging_mixin.py:190} INFO - [2025-07-16T07:16:19.234+0000] {dagbag.py:587} INFO - Filling up the DagBag from /home/airflow/.local/lib/python3.12/site-packages/airflow/example_dags/example_bash_decorator.py
[2025-07-16T07:16:19.275+0000] {processor.py:925} INFO - DAG(s) 'example_bash_decorator' retrieved from /home/airflow/.local/lib/python3.12/site-packages/airflow/example_dags/example_bash_decorator.py
[2025-07-16T07:16:19.326+0000] {logging_mixin.py:190} INFO - [2025-07-16T07:16:19.326+0000] {dag.py:3229} INFO - Sync 1 DAGs
[2025-07-16T07:16:19.361+0000] {logging_mixin.py:190} INFO - [2025-07-16T07:16:19.361+0000] {dag.py:4156} INFO - Setting next_dagrun for example_bash_decorator to None, run_after=None
[2025-07-16T07:16:19.389+0000] {processor.py:208} INFO - Processing /home/airflow/.local/lib/python3.12/site-packages/airflow/example_dags/example_bash_decorator.py took 0.175 seconds
[2025-07-16T07:16:49.702+0000] {processor.py:186} INFO - Started process (PID=791) to work on /home/airflow/.local/lib/python3.12/site-packages/airflow/example_dags/example_bash_decorator.py
[2025-07-16T07:16:49.703+0000] {processor.py:914} INFO - Processing file /home/airflow/.local/lib/python3.12/site-packages/airflow/example_dags/example_bash_decorator.py for tasks to queue
[2025-07-16T07:16:49.705+0000] {logging_mixin.py:190} INFO - [2025-07-16T07:16:49.705+0000] {dagbag.py:587} INFO - Filling up the DagBag from /home/airflow/.local/lib/python3.12/site-packages/airflow/example_dags/example_bash_decorator.py
[2025-07-16T07:16:49.724+0000] {processor.py:925} INFO - DAG(s) 'example_bash_decorator' retrieved from /home/airflow/.local/lib/python3.12/site-packages/airflow/example_dags/example_bash_decorator.py
[2025-07-16T07:16:49.750+0000] {logging_mixin.py:190} INFO - [2025-07-16T07:16:49.750+0000] {dag.py:3229} INFO - Sync 1 DAGs
[2025-07-16T07:16:49.765+0000] {logging_mixin.py:190} INFO - [2025-07-16T07:16:49.765+0000] {dag.py:4156} INFO - Setting next_dagrun for example_bash_decorator to None, run_after=None
[2025-07-16T07:16:49.788+0000] {processor.py:208} INFO - Processing /home/airflow/.local/lib/python3.12/site-packages/airflow/example_dags/example_bash_decorator.py took 0.093 seconds
[2025-07-16T07:17:20.470+0000] {processor.py:186} INFO - Started process (PID=848) to work on /home/airflow/.local/lib/python3.12/site-packages/airflow/example_dags/example_bash_decorator.py
[2025-07-16T07:17:20.471+0000] {processor.py:914} INFO - Processing file /home/airflow/.local/lib/python3.12/site-packages/airflow/example_dags/example_bash_decorator.py for tasks to queue
[2025-07-16T07:17:20.475+0000] {logging_mixin.py:190} INFO - [2025-07-16T07:17:20.474+0000] {dagbag.py:587} INFO - Filling up the DagBag from /home/airflow/.local/lib/python3.12/site-packages/airflow/example_dags/example_bash_decorator.py
[2025-07-16T07:17:20.494+0000] {processor.py:925} INFO - DAG(s) 'example_bash_decorator' retrieved from /home/airflow/.local/lib/python3.12/site-packages/airflow/example_dags/example_bash_decorator.py
[2025-07-16T07:17:20.521+0000] {logging_mixin.py:190} INFO - [2025-07-16T07:17:20.521+0000] {dag.py:3229} INFO - Sync 1 DAGs
[2025-07-16T07:17:20.540+0000] {logging_mixin.py:190} INFO - [2025-07-16T07:17:20.540+0000] {dag.py:4156} INFO - Setting next_dagrun for example_bash_decorator to None, run_after=None
[2025-07-16T07:17:20.562+0000] {processor.py:208} INFO - Processing /home/airflow/.local/lib/python3.12/site-packages/airflow/example_dags/example_bash_decorator.py took 0.101 seconds
[2025-07-16T07:17:50.937+0000] {processor.py:186} INFO - Started process (PID=905) to work on /home/airflow/.local/lib/python3.12/site-packages/airflow/example_dags/example_bash_decorator.py
[2025-07-16T07:17:50.938+0000] {processor.py:914} INFO - Processing file /home/airflow/.local/lib/python3.12/site-packages/airflow/example_dags/example_bash_decorator.py for tasks to queue
[2025-07-16T07:17:50.941+0000] {logging_mixin.py:190} INFO - [2025-07-16T07:17:50.940+0000] {dagbag.py:587} INFO - Filling up the DagBag from /home/airflow/.local/lib/python3.12/site-packages/airflow/example_dags/example_bash_decorator.py
[2025-07-16T07:17:50.958+0000] {processor.py:925} INFO - DAG(s) 'example_bash_decorator' retrieved from /home/airflow/.local/lib/python3.12/site-packages/airflow/example_dags/example_bash_decorator.py
[2025-07-16T07:17:50.986+0000] {logging_mixin.py:190} INFO - [2025-07-16T07:17:50.986+0000] {dag.py:3229} INFO - Sync 1 DAGs
[2025-07-16T07:17:51.003+0000] {logging_mixin.py:190} INFO - [2025-07-16T07:17:51.003+0000] {dag.py:4156} INFO - Setting next_dagrun for example_bash_decorator to None, run_after=None
[2025-07-16T07:17:51.023+0000] {processor.py:208} INFO - Processing /home/airflow/.local/lib/python3.12/site-packages/airflow/example_dags/example_bash_decorator.py took 0.093 seconds
[2025-07-16T07:18:21.711+0000] {processor.py:186} INFO - Started process (PID=962) to work on /home/airflow/.local/lib/python3.12/site-packages/airflow/example_dags/example_bash_decorator.py
[2025-07-16T07:18:21.712+0000] {processor.py:914} INFO - Processing file /home/airflow/.local/lib/python3.12/site-packages/airflow/example_dags/example_bash_decorator.py for tasks to queue
[2025-07-16T07:18:21.715+0000] {logging_mixin.py:190} INFO - [2025-07-16T07:18:21.714+0000] {dagbag.py:587} INFO - Filling up the DagBag from /home/airflow/.local/lib/python3.12/site-packages/airflow/example_dags/example_bash_decorator.py
[2025-07-16T07:18:21.738+0000] {processor.py:925} INFO - DAG(s) 'example_bash_decorator' retrieved from /home/airflow/.local/lib/python3.12/site-packages/airflow/example_dags/example_bash_decorator.py
[2025-07-16T07:18:21.781+0000] {logging_mixin.py:190} INFO - [2025-07-16T07:18:21.781+0000] {dag.py:3229} INFO - Sync 1 DAGs
[2025-07-16T07:18:21.813+0000] {logging_mixin.py:190} INFO - [2025-07-16T07:18:21.813+0000] {dag.py:4156} INFO - Setting next_dagrun for example_bash_decorator to None, run_after=None
[2025-07-16T07:18:21.854+0000] {processor.py:208} INFO - Processing /home/airflow/.local/lib/python3.12/site-packages/airflow/example_dags/example_bash_decorator.py took 0.152 seconds
[2025-07-16T07:18:52.547+0000] {processor.py:186} INFO - Started process (PID=1019) to work on /home/airflow/.local/lib/python3.12/site-packages/airflow/example_dags/example_bash_decorator.py
[2025-07-16T07:18:52.549+0000] {processor.py:914} INFO - Processing file /home/airflow/.local/lib/python3.12/site-packages/airflow/example_dags/example_bash_decorator.py for tasks to queue
[2025-07-16T07:18:52.552+0000] {logging_mixin.py:190} INFO - [2025-07-16T07:18:52.552+0000] {dagbag.py:587} INFO - Filling up the DagBag from /home/airflow/.local/lib/python3.12/site-packages/airflow/example_dags/example_bash_decorator.py
[2025-07-16T07:18:52.572+0000] {processor.py:925} INFO - DAG(s) 'example_bash_decorator' retrieved from /home/airflow/.local/lib/python3.12/site-packages/airflow/example_dags/example_bash_decorator.py
[2025-07-16T07:18:52.598+0000] {logging_mixin.py:190} INFO - [2025-07-16T07:18:52.597+0000] {dag.py:3229} INFO - Sync 1 DAGs
[2025-07-16T07:18:52.612+0000] {logging_mixin.py:190} INFO - [2025-07-16T07:18:52.612+0000] {dag.py:4156} INFO - Setting next_dagrun for example_bash_decorator to None, run_after=None
[2025-07-16T07:18:52.633+0000] {processor.py:208} INFO - Processing /home/airflow/.local/lib/python3.12/site-packages/airflow/example_dags/example_bash_decorator.py took 0.093 seconds
[2025-07-16T07:19:22.955+0000] {processor.py:186} INFO - Started process (PID=1076) to work on /home/airflow/.local/lib/python3.12/site-packages/airflow/example_dags/example_bash_decorator.py
[2025-07-16T07:19:22.956+0000] {processor.py:914} INFO - Processing file /home/airflow/.local/lib/python3.12/site-packages/airflow/example_dags/example_bash_decorator.py for tasks to queue
[2025-07-16T07:19:22.959+0000] {logging_mixin.py:190} INFO - [2025-07-16T07:19:22.958+0000] {dagbag.py:587} INFO - Filling up the DagBag from /home/airflow/.local/lib/python3.12/site-packages/airflow/example_dags/example_bash_decorator.py
[2025-07-16T07:19:22.976+0000] {processor.py:925} INFO - DAG(s) 'example_bash_decorator' retrieved from /home/airflow/.local/lib/python3.12/site-packages/airflow/example_dags/example_bash_decorator.py
[2025-07-16T07:19:23.004+0000] {logging_mixin.py:190} INFO - [2025-07-16T07:19:23.004+0000] {dag.py:3229} INFO - Sync 1 DAGs
[2025-07-16T07:19:23.020+0000] {logging_mixin.py:190} INFO - [2025-07-16T07:19:23.020+0000] {dag.py:4156} INFO - Setting next_dagrun for example_bash_decorator to None, run_after=None
[2025-07-16T07:19:23.043+0000] {processor.py:208} INFO - Processing /home/airflow/.local/lib/python3.12/site-packages/airflow/example_dags/example_bash_decorator.py took 0.095 seconds
[2025-07-16T07:19:53.401+0000] {processor.py:186} INFO - Started process (PID=1133) to work on /home/airflow/.local/lib/python3.12/site-packages/airflow/example_dags/example_bash_decorator.py
[2025-07-16T07:19:53.402+0000] {processor.py:914} INFO - Processing file /home/airflow/.local/lib/python3.12/site-packages/airflow/example_dags/example_bash_decorator.py for tasks to queue
[2025-07-16T07:19:53.405+0000] {logging_mixin.py:190} INFO - [2025-07-16T07:19:53.405+0000] {dagbag.py:587} INFO - Filling up the DagBag from /home/airflow/.local/lib/python3.12/site-packages/airflow/example_dags/example_bash_decorator.py
[2025-07-16T07:19:53.423+0000] {processor.py:925} INFO - DAG(s) 'example_bash_decorator' retrieved from /home/airflow/.local/lib/python3.12/site-packages/airflow/example_dags/example_bash_decorator.py
[2025-07-16T07:19:53.447+0000] {logging_mixin.py:190} INFO - [2025-07-16T07:19:53.447+0000] {dag.py:3229} INFO - Sync 1 DAGs
[2025-07-16T07:19:53.462+0000] {logging_mixin.py:190} INFO - [2025-07-16T07:19:53.461+0000] {dag.py:4156} INFO - Setting next_dagrun for example_bash_decorator to None, run_after=None
[2025-07-16T07:19:53.484+0000] {processor.py:208} INFO - Processing /home/airflow/.local/lib/python3.12/site-packages/airflow/example_dags/example_bash_decorator.py took 0.090 seconds
[2025-07-16T07:20:23.878+0000] {processor.py:186} INFO - Started process (PID=1190) to work on /home/airflow/.local/lib/python3.12/site-packages/airflow/example_dags/example_bash_decorator.py
[2025-07-16T07:20:23.880+0000] {processor.py:914} INFO - Processing file /home/airflow/.local/lib/python3.12/site-packages/airflow/example_dags/example_bash_decorator.py for tasks to queue
[2025-07-16T07:20:23.883+0000] {logging_mixin.py:190} INFO - [2025-07-16T07:20:23.882+0000] {dagbag.py:587} INFO - Filling up the DagBag from /home/airflow/.local/lib/python3.12/site-packages/airflow/example_dags/example_bash_decorator.py
[2025-07-16T07:20:23.901+0000] {processor.py:925} INFO - DAG(s) 'example_bash_decorator' retrieved from /home/airflow/.local/lib/python3.12/site-packages/airflow/example_dags/example_bash_decorator.py
[2025-07-16T07:20:23.937+0000] {logging_mixin.py:190} INFO - [2025-07-16T07:20:23.936+0000] {dag.py:3229} INFO - Sync 1 DAGs
[2025-07-16T07:20:23.960+0000] {logging_mixin.py:190} INFO - [2025-07-16T07:20:23.960+0000] {dag.py:4156} INFO - Setting next_dagrun for example_bash_decorator to None, run_after=None
[2025-07-16T07:20:23.993+0000] {processor.py:208} INFO - Processing /home/airflow/.local/lib/python3.12/site-packages/airflow/example_dags/example_bash_decorator.py took 0.121 seconds
[2025-07-16T07:20:54.667+0000] {processor.py:186} INFO - Started process (PID=1247) to work on /home/airflow/.local/lib/python3.12/site-packages/airflow/example_dags/example_bash_decorator.py
[2025-07-16T07:20:54.668+0000] {processor.py:914} INFO - Processing file /home/airflow/.local/lib/python3.12/site-packages/airflow/example_dags/example_bash_decorator.py for tasks to queue
[2025-07-16T07:20:54.671+0000] {logging_mixin.py:190} INFO - [2025-07-16T07:20:54.671+0000] {dagbag.py:587} INFO - Filling up the DagBag from /home/airflow/.local/lib/python3.12/site-packages/airflow/example_dags/example_bash_decorator.py
[2025-07-16T07:20:54.690+0000] {processor.py:925} INFO - DAG(s) 'example_bash_decorator' retrieved from /home/airflow/.local/lib/python3.12/site-packages/airflow/example_dags/example_bash_decorator.py
[2025-07-16T07:20:54.724+0000] {logging_mixin.py:190} INFO - [2025-07-16T07:20:54.723+0000] {dag.py:3229} INFO - Sync 1 DAGs
[2025-07-16T07:20:54.743+0000] {logging_mixin.py:190} INFO - [2025-07-16T07:20:54.743+0000] {dag.py:4156} INFO - Setting next_dagrun for example_bash_decorator to None, run_after=None
[2025-07-16T07:20:54.775+0000] {processor.py:208} INFO - Processing /home/airflow/.local/lib/python3.12/site-packages/airflow/example_dags/example_bash_decorator.py took 0.115 seconds
[2025-07-16T07:21:25.544+0000] {processor.py:186} INFO - Started process (PID=1304) to work on /home/airflow/.local/lib/python3.12/site-packages/airflow/example_dags/example_bash_decorator.py
[2025-07-16T07:21:25.545+0000] {processor.py:914} INFO - Processing file /home/airflow/.local/lib/python3.12/site-packages/airflow/example_dags/example_bash_decorator.py for tasks to queue
[2025-07-16T07:21:25.549+0000] {logging_mixin.py:190} INFO - [2025-07-16T07:21:25.548+0000] {dagbag.py:587} INFO - Filling up the DagBag from /home/airflow/.local/lib/python3.12/site-packages/airflow/example_dags/example_bash_decorator.py
[2025-07-16T07:21:25.573+0000] {processor.py:925} INFO - DAG(s) 'example_bash_decorator' retrieved from /home/airflow/.local/lib/python3.12/site-packages/airflow/example_dags/example_bash_decorator.py
[2025-07-16T07:21:25.621+0000] {logging_mixin.py:190} INFO - [2025-07-16T07:21:25.620+0000] {dag.py:3229} INFO - Sync 1 DAGs
[2025-07-16T07:21:25.649+0000] {logging_mixin.py:190} INFO - [2025-07-16T07:21:25.649+0000] {dag.py:4156} INFO - Setting next_dagrun for example_bash_decorator to None, run_after=None
[2025-07-16T07:21:25.680+0000] {processor.py:208} INFO - Processing /home/airflow/.local/lib/python3.12/site-packages/airflow/example_dags/example_bash_decorator.py took 0.150 seconds
[2025-07-16T07:21:56.286+0000] {processor.py:186} INFO - Started process (PID=1361) to work on /home/airflow/.local/lib/python3.12/site-packages/airflow/example_dags/example_bash_decorator.py
[2025-07-16T07:21:56.287+0000] {processor.py:914} INFO - Processing file /home/airflow/.local/lib/python3.12/site-packages/airflow/example_dags/example_bash_decorator.py for tasks to queue
[2025-07-16T07:21:56.290+0000] {logging_mixin.py:190} INFO - [2025-07-16T07:21:56.290+0000] {dagbag.py:587} INFO - Filling up the DagBag from /home/airflow/.local/lib/python3.12/site-packages/airflow/example_dags/example_bash_decorator.py
[2025-07-16T07:21:56.308+0000] {processor.py:925} INFO - DAG(s) 'example_bash_decorator' retrieved from /home/airflow/.local/lib/python3.12/site-packages/airflow/example_dags/example_bash_decorator.py
[2025-07-16T07:21:56.334+0000] {logging_mixin.py:190} INFO - [2025-07-16T07:21:56.334+0000] {dag.py:3229} INFO - Sync 1 DAGs
[2025-07-16T07:21:56.353+0000] {logging_mixin.py:190} INFO - [2025-07-16T07:21:56.352+0000] {dag.py:4156} INFO - Setting next_dagrun for example_bash_decorator to None, run_after=None
[2025-07-16T07:21:56.384+0000] {processor.py:208} INFO - Processing /home/airflow/.local/lib/python3.12/site-packages/airflow/example_dags/example_bash_decorator.py took 0.106 seconds
[2025-07-16T07:22:26.939+0000] {processor.py:186} INFO - Started process (PID=1418) to work on /home/airflow/.local/lib/python3.12/site-packages/airflow/example_dags/example_bash_decorator.py
[2025-07-16T07:22:26.940+0000] {processor.py:914} INFO - Processing file /home/airflow/.local/lib/python3.12/site-packages/airflow/example_dags/example_bash_decorator.py for tasks to queue
[2025-07-16T07:22:26.944+0000] {logging_mixin.py:190} INFO - [2025-07-16T07:22:26.943+0000] {dagbag.py:587} INFO - Filling up the DagBag from /home/airflow/.local/lib/python3.12/site-packages/airflow/example_dags/example_bash_decorator.py
[2025-07-16T07:22:26.964+0000] {processor.py:925} INFO - DAG(s) 'example_bash_decorator' retrieved from /home/airflow/.local/lib/python3.12/site-packages/airflow/example_dags/example_bash_decorator.py
[2025-07-16T07:22:26.999+0000] {logging_mixin.py:190} INFO - [2025-07-16T07:22:26.998+0000] {dag.py:3229} INFO - Sync 1 DAGs
[2025-07-16T07:22:27.015+0000] {logging_mixin.py:190} INFO - [2025-07-16T07:22:27.015+0000] {dag.py:4156} INFO - Setting next_dagrun for example_bash_decorator to None, run_after=None
[2025-07-16T07:22:27.038+0000] {processor.py:208} INFO - Processing /home/airflow/.local/lib/python3.12/site-packages/airflow/example_dags/example_bash_decorator.py took 0.106 seconds
[2025-07-16T07:22:57.095+0000] {processor.py:186} INFO - Started process (PID=1475) to work on /home/airflow/.local/lib/python3.12/site-packages/airflow/example_dags/example_bash_decorator.py
[2025-07-16T07:22:57.096+0000] {processor.py:914} INFO - Processing file /home/airflow/.local/lib/python3.12/site-packages/airflow/example_dags/example_bash_decorator.py for tasks to queue
[2025-07-16T07:22:57.099+0000] {logging_mixin.py:190} INFO - [2025-07-16T07:22:57.099+0000] {dagbag.py:587} INFO - Filling up the DagBag from /home/airflow/.local/lib/python3.12/site-packages/airflow/example_dags/example_bash_decorator.py
[2025-07-16T07:22:57.119+0000] {processor.py:925} INFO - DAG(s) 'example_bash_decorator' retrieved from /home/airflow/.local/lib/python3.12/site-packages/airflow/example_dags/example_bash_decorator.py
[2025-07-16T07:22:57.144+0000] {logging_mixin.py:190} INFO - [2025-07-16T07:22:57.144+0000] {dag.py:3229} INFO - Sync 1 DAGs
[2025-07-16T07:22:57.159+0000] {logging_mixin.py:190} INFO - [2025-07-16T07:22:57.159+0000] {dag.py:4156} INFO - Setting next_dagrun for example_bash_decorator to None, run_after=None
[2025-07-16T07:22:57.180+0000] {processor.py:208} INFO - Processing /home/airflow/.local/lib/python3.12/site-packages/airflow/example_dags/example_bash_decorator.py took 0.092 seconds
[2025-07-16T07:23:27.974+0000] {processor.py:186} INFO - Started process (PID=1532) to work on /home/airflow/.local/lib/python3.12/site-packages/airflow/example_dags/example_bash_decorator.py
[2025-07-16T07:23:27.975+0000] {processor.py:914} INFO - Processing file /home/airflow/.local/lib/python3.12/site-packages/airflow/example_dags/example_bash_decorator.py for tasks to queue
[2025-07-16T07:23:27.979+0000] {logging_mixin.py:190} INFO - [2025-07-16T07:23:27.978+0000] {dagbag.py:587} INFO - Filling up the DagBag from /home/airflow/.local/lib/python3.12/site-packages/airflow/example_dags/example_bash_decorator.py
[2025-07-16T07:23:27.996+0000] {processor.py:925} INFO - DAG(s) 'example_bash_decorator' retrieved from /home/airflow/.local/lib/python3.12/site-packages/airflow/example_dags/example_bash_decorator.py
[2025-07-16T07:23:28.022+0000] {logging_mixin.py:190} INFO - [2025-07-16T07:23:28.022+0000] {dag.py:3229} INFO - Sync 1 DAGs
[2025-07-16T07:23:28.037+0000] {logging_mixin.py:190} INFO - [2025-07-16T07:23:28.036+0000] {dag.py:4156} INFO - Setting next_dagrun for example_bash_decorator to None, run_after=None
[2025-07-16T07:23:28.065+0000] {processor.py:208} INFO - Processing /home/airflow/.local/lib/python3.12/site-packages/airflow/example_dags/example_bash_decorator.py took 0.097 seconds
[2025-07-16T07:23:58.396+0000] {processor.py:186} INFO - Started process (PID=1589) to work on /home/airflow/.local/lib/python3.12/site-packages/airflow/example_dags/example_bash_decorator.py
[2025-07-16T07:23:58.419+0000] {processor.py:914} INFO - Processing file /home/airflow/.local/lib/python3.12/site-packages/airflow/example_dags/example_bash_decorator.py for tasks to queue
[2025-07-16T07:23:58.443+0000] {logging_mixin.py:190} INFO - [2025-07-16T07:23:58.442+0000] {dagbag.py:587} INFO - Filling up the DagBag from /home/airflow/.local/lib/python3.12/site-packages/airflow/example_dags/example_bash_decorator.py
[2025-07-16T07:23:58.470+0000] {processor.py:925} INFO - DAG(s) 'example_bash_decorator' retrieved from /home/airflow/.local/lib/python3.12/site-packages/airflow/example_dags/example_bash_decorator.py
[2025-07-16T07:23:58.503+0000] {logging_mixin.py:190} INFO - [2025-07-16T07:23:58.502+0000] {dag.py:3229} INFO - Sync 1 DAGs
[2025-07-16T07:23:58.528+0000] {logging_mixin.py:190} INFO - [2025-07-16T07:23:58.528+0000] {dag.py:4156} INFO - Setting next_dagrun for example_bash_decorator to None, run_after=None
[2025-07-16T07:23:58.555+0000] {processor.py:208} INFO - Processing /home/airflow/.local/lib/python3.12/site-packages/airflow/example_dags/example_bash_decorator.py took 0.175 seconds
[2025-07-16T07:24:28.832+0000] {processor.py:186} INFO - Started process (PID=1646) to work on /home/airflow/.local/lib/python3.12/site-packages/airflow/example_dags/example_bash_decorator.py
[2025-07-16T07:24:28.833+0000] {processor.py:914} INFO - Processing file /home/airflow/.local/lib/python3.12/site-packages/airflow/example_dags/example_bash_decorator.py for tasks to queue
[2025-07-16T07:24:28.836+0000] {logging_mixin.py:190} INFO - [2025-07-16T07:24:28.835+0000] {dagbag.py:587} INFO - Filling up the DagBag from /home/airflow/.local/lib/python3.12/site-packages/airflow/example_dags/example_bash_decorator.py
[2025-07-16T07:24:28.854+0000] {processor.py:925} INFO - DAG(s) 'example_bash_decorator' retrieved from /home/airflow/.local/lib/python3.12/site-packages/airflow/example_dags/example_bash_decorator.py
[2025-07-16T07:24:28.880+0000] {logging_mixin.py:190} INFO - [2025-07-16T07:24:28.880+0000] {dag.py:3229} INFO - Sync 1 DAGs
[2025-07-16T07:24:28.897+0000] {logging_mixin.py:190} INFO - [2025-07-16T07:24:28.897+0000] {dag.py:4156} INFO - Setting next_dagrun for example_bash_decorator to None, run_after=None
[2025-07-16T07:24:28.927+0000] {processor.py:208} INFO - Processing /home/airflow/.local/lib/python3.12/site-packages/airflow/example_dags/example_bash_decorator.py took 0.103 seconds
[2025-07-16T07:24:59.594+0000] {processor.py:186} INFO - Started process (PID=1703) to work on /home/airflow/.local/lib/python3.12/site-packages/airflow/example_dags/example_bash_decorator.py
[2025-07-16T07:24:59.596+0000] {processor.py:914} INFO - Processing file /home/airflow/.local/lib/python3.12/site-packages/airflow/example_dags/example_bash_decorator.py for tasks to queue
[2025-07-16T07:24:59.598+0000] {logging_mixin.py:190} INFO - [2025-07-16T07:24:59.598+0000] {dagbag.py:587} INFO - Filling up the DagBag from /home/airflow/.local/lib/python3.12/site-packages/airflow/example_dags/example_bash_decorator.py
[2025-07-16T07:24:59.613+0000] {processor.py:925} INFO - DAG(s) 'example_bash_decorator' retrieved from /home/airflow/.local/lib/python3.12/site-packages/airflow/example_dags/example_bash_decorator.py
[2025-07-16T07:24:59.640+0000] {logging_mixin.py:190} INFO - [2025-07-16T07:24:59.640+0000] {dag.py:3229} INFO - Sync 1 DAGs
[2025-07-16T07:24:59.656+0000] {logging_mixin.py:190} INFO - [2025-07-16T07:24:59.656+0000] {dag.py:4156} INFO - Setting next_dagrun for example_bash_decorator to None, run_after=None
[2025-07-16T07:24:59.680+0000] {processor.py:208} INFO - Processing /home/airflow/.local/lib/python3.12/site-packages/airflow/example_dags/example_bash_decorator.py took 0.092 seconds
[2025-07-16T07:25:30.676+0000] {processor.py:186} INFO - Started process (PID=1760) to work on /home/airflow/.local/lib/python3.12/site-packages/airflow/example_dags/example_bash_decorator.py
[2025-07-16T07:25:30.677+0000] {processor.py:914} INFO - Processing file /home/airflow/.local/lib/python3.12/site-packages/airflow/example_dags/example_bash_decorator.py for tasks to queue
[2025-07-16T07:25:30.680+0000] {logging_mixin.py:190} INFO - [2025-07-16T07:25:30.679+0000] {dagbag.py:587} INFO - Filling up the DagBag from /home/airflow/.local/lib/python3.12/site-packages/airflow/example_dags/example_bash_decorator.py
[2025-07-16T07:25:30.696+0000] {processor.py:925} INFO - DAG(s) 'example_bash_decorator' retrieved from /home/airflow/.local/lib/python3.12/site-packages/airflow/example_dags/example_bash_decorator.py
[2025-07-16T07:25:30.724+0000] {logging_mixin.py:190} INFO - [2025-07-16T07:25:30.723+0000] {dag.py:3229} INFO - Sync 1 DAGs
[2025-07-16T07:25:30.738+0000] {logging_mixin.py:190} INFO - [2025-07-16T07:25:30.738+0000] {dag.py:4156} INFO - Setting next_dagrun for example_bash_decorator to None, run_after=None
[2025-07-16T07:25:30.765+0000] {processor.py:208} INFO - Processing /home/airflow/.local/lib/python3.12/site-packages/airflow/example_dags/example_bash_decorator.py took 0.099 seconds
[2025-07-16T07:26:01.392+0000] {processor.py:186} INFO - Started process (PID=1817) to work on /home/airflow/.local/lib/python3.12/site-packages/airflow/example_dags/example_bash_decorator.py
[2025-07-16T07:26:01.393+0000] {processor.py:914} INFO - Processing file /home/airflow/.local/lib/python3.12/site-packages/airflow/example_dags/example_bash_decorator.py for tasks to queue
[2025-07-16T07:26:01.396+0000] {logging_mixin.py:190} INFO - [2025-07-16T07:26:01.396+0000] {dagbag.py:587} INFO - Filling up the DagBag from /home/airflow/.local/lib/python3.12/site-packages/airflow/example_dags/example_bash_decorator.py
[2025-07-16T07:26:01.414+0000] {processor.py:925} INFO - DAG(s) 'example_bash_decorator' retrieved from /home/airflow/.local/lib/python3.12/site-packages/airflow/example_dags/example_bash_decorator.py
[2025-07-16T07:26:01.440+0000] {logging_mixin.py:190} INFO - [2025-07-16T07:26:01.440+0000] {dag.py:3229} INFO - Sync 1 DAGs
[2025-07-16T07:26:01.455+0000] {logging_mixin.py:190} INFO - [2025-07-16T07:26:01.455+0000] {dag.py:4156} INFO - Setting next_dagrun for example_bash_decorator to None, run_after=None
[2025-07-16T07:26:01.480+0000] {processor.py:208} INFO - Processing /home/airflow/.local/lib/python3.12/site-packages/airflow/example_dags/example_bash_decorator.py took 0.095 seconds
[2025-07-16T07:26:31.790+0000] {processor.py:186} INFO - Started process (PID=1874) to work on /home/airflow/.local/lib/python3.12/site-packages/airflow/example_dags/example_bash_decorator.py
[2025-07-16T07:26:31.791+0000] {processor.py:914} INFO - Processing file /home/airflow/.local/lib/python3.12/site-packages/airflow/example_dags/example_bash_decorator.py for tasks to queue
[2025-07-16T07:26:31.793+0000] {logging_mixin.py:190} INFO - [2025-07-16T07:26:31.793+0000] {dagbag.py:587} INFO - Filling up the DagBag from /home/airflow/.local/lib/python3.12/site-packages/airflow/example_dags/example_bash_decorator.py
[2025-07-16T07:26:31.809+0000] {processor.py:925} INFO - DAG(s) 'example_bash_decorator' retrieved from /home/airflow/.local/lib/python3.12/site-packages/airflow/example_dags/example_bash_decorator.py
[2025-07-16T07:26:31.838+0000] {logging_mixin.py:190} INFO - [2025-07-16T07:26:31.838+0000] {dag.py:3229} INFO - Sync 1 DAGs
[2025-07-16T07:26:31.853+0000] {logging_mixin.py:190} INFO - [2025-07-16T07:26:31.853+0000] {dag.py:4156} INFO - Setting next_dagrun for example_bash_decorator to None, run_after=None
[2025-07-16T07:26:31.875+0000] {processor.py:208} INFO - Processing /home/airflow/.local/lib/python3.12/site-packages/airflow/example_dags/example_bash_decorator.py took 0.092 seconds
[2025-07-16T07:27:02.769+0000] {processor.py:186} INFO - Started process (PID=1931) to work on /home/airflow/.local/lib/python3.12/site-packages/airflow/example_dags/example_bash_decorator.py
[2025-07-16T07:27:02.770+0000] {processor.py:914} INFO - Processing file /home/airflow/.local/lib/python3.12/site-packages/airflow/example_dags/example_bash_decorator.py for tasks to queue
[2025-07-16T07:27:02.774+0000] {logging_mixin.py:190} INFO - [2025-07-16T07:27:02.774+0000] {dagbag.py:587} INFO - Filling up the DagBag from /home/airflow/.local/lib/python3.12/site-packages/airflow/example_dags/example_bash_decorator.py
[2025-07-16T07:27:02.797+0000] {processor.py:925} INFO - DAG(s) 'example_bash_decorator' retrieved from /home/airflow/.local/lib/python3.12/site-packages/airflow/example_dags/example_bash_decorator.py
[2025-07-16T07:27:02.823+0000] {logging_mixin.py:190} INFO - [2025-07-16T07:27:02.823+0000] {dag.py:3229} INFO - Sync 1 DAGs
[2025-07-16T07:27:02.848+0000] {logging_mixin.py:190} INFO - [2025-07-16T07:27:02.848+0000] {dag.py:4156} INFO - Setting next_dagrun for example_bash_decorator to None, run_after=None
[2025-07-16T07:27:02.872+0000] {processor.py:208} INFO - Processing /home/airflow/.local/lib/python3.12/site-packages/airflow/example_dags/example_bash_decorator.py took 0.110 seconds
[2025-07-16T07:27:33.797+0000] {processor.py:186} INFO - Started process (PID=1988) to work on /home/airflow/.local/lib/python3.12/site-packages/airflow/example_dags/example_bash_decorator.py
[2025-07-16T07:27:33.798+0000] {processor.py:914} INFO - Processing file /home/airflow/.local/lib/python3.12/site-packages/airflow/example_dags/example_bash_decorator.py for tasks to queue
[2025-07-16T07:27:33.800+0000] {logging_mixin.py:190} INFO - [2025-07-16T07:27:33.800+0000] {dagbag.py:587} INFO - Filling up the DagBag from /home/airflow/.local/lib/python3.12/site-packages/airflow/example_dags/example_bash_decorator.py
[2025-07-16T07:27:33.815+0000] {processor.py:925} INFO - DAG(s) 'example_bash_decorator' retrieved from /home/airflow/.local/lib/python3.12/site-packages/airflow/example_dags/example_bash_decorator.py
[2025-07-16T07:27:33.838+0000] {logging_mixin.py:190} INFO - [2025-07-16T07:27:33.838+0000] {dag.py:3229} INFO - Sync 1 DAGs
[2025-07-16T07:27:33.855+0000] {logging_mixin.py:190} INFO - [2025-07-16T07:27:33.854+0000] {dag.py:4156} INFO - Setting next_dagrun for example_bash_decorator to None, run_after=None
[2025-07-16T07:27:33.878+0000] {processor.py:208} INFO - Processing /home/airflow/.local/lib/python3.12/site-packages/airflow/example_dags/example_bash_decorator.py took 0.089 seconds
[2025-07-16T07:28:05.383+0000] {processor.py:186} INFO - Started process (PID=2045) to work on /home/airflow/.local/lib/python3.12/site-packages/airflow/example_dags/example_bash_decorator.py
[2025-07-16T07:28:05.384+0000] {processor.py:914} INFO - Processing file /home/airflow/.local/lib/python3.12/site-packages/airflow/example_dags/example_bash_decorator.py for tasks to queue
[2025-07-16T07:28:05.387+0000] {logging_mixin.py:190} INFO - [2025-07-16T07:28:05.386+0000] {dagbag.py:587} INFO - Filling up the DagBag from /home/airflow/.local/lib/python3.12/site-packages/airflow/example_dags/example_bash_decorator.py
[2025-07-16T07:28:05.403+0000] {processor.py:925} INFO - DAG(s) 'example_bash_decorator' retrieved from /home/airflow/.local/lib/python3.12/site-packages/airflow/example_dags/example_bash_decorator.py
[2025-07-16T07:28:05.432+0000] {logging_mixin.py:190} INFO - [2025-07-16T07:28:05.432+0000] {dag.py:3229} INFO - Sync 1 DAGs
[2025-07-16T07:28:05.451+0000] {logging_mixin.py:190} INFO - [2025-07-16T07:28:05.451+0000] {dag.py:4156} INFO - Setting next_dagrun for example_bash_decorator to None, run_after=None
[2025-07-16T07:28:05.491+0000] {processor.py:208} INFO - Processing /home/airflow/.local/lib/python3.12/site-packages/airflow/example_dags/example_bash_decorator.py took 0.116 seconds
[2025-07-16T07:28:36.891+0000] {processor.py:186} INFO - Started process (PID=2102) to work on /home/airflow/.local/lib/python3.12/site-packages/airflow/example_dags/example_bash_decorator.py
[2025-07-16T07:28:36.893+0000] {processor.py:914} INFO - Processing file /home/airflow/.local/lib/python3.12/site-packages/airflow/example_dags/example_bash_decorator.py for tasks to queue
[2025-07-16T07:28:36.896+0000] {logging_mixin.py:190} INFO - [2025-07-16T07:28:36.895+0000] {dagbag.py:587} INFO - Filling up the DagBag from /home/airflow/.local/lib/python3.12/site-packages/airflow/example_dags/example_bash_decorator.py
[2025-07-16T07:28:36.919+0000] {processor.py:925} INFO - DAG(s) 'example_bash_decorator' retrieved from /home/airflow/.local/lib/python3.12/site-packages/airflow/example_dags/example_bash_decorator.py
[2025-07-16T07:28:36.946+0000] {logging_mixin.py:190} INFO - [2025-07-16T07:28:36.946+0000] {dag.py:3229} INFO - Sync 1 DAGs
[2025-07-16T07:28:36.965+0000] {logging_mixin.py:190} INFO - [2025-07-16T07:28:36.965+0000] {dag.py:4156} INFO - Setting next_dagrun for example_bash_decorator to None, run_after=None
[2025-07-16T07:28:36.996+0000] {processor.py:208} INFO - Processing /home/airflow/.local/lib/python3.12/site-packages/airflow/example_dags/example_bash_decorator.py took 0.115 seconds
[2025-07-16T07:29:07.845+0000] {processor.py:186} INFO - Started process (PID=2159) to work on /home/airflow/.local/lib/python3.12/site-packages/airflow/example_dags/example_bash_decorator.py
[2025-07-16T07:29:07.846+0000] {processor.py:914} INFO - Processing file /home/airflow/.local/lib/python3.12/site-packages/airflow/example_dags/example_bash_decorator.py for tasks to queue
[2025-07-16T07:29:07.848+0000] {logging_mixin.py:190} INFO - [2025-07-16T07:29:07.848+0000] {dagbag.py:587} INFO - Filling up the DagBag from /home/airflow/.local/lib/python3.12/site-packages/airflow/example_dags/example_bash_decorator.py
[2025-07-16T07:29:07.865+0000] {processor.py:925} INFO - DAG(s) 'example_bash_decorator' retrieved from /home/airflow/.local/lib/python3.12/site-packages/airflow/example_dags/example_bash_decorator.py
[2025-07-16T07:29:07.889+0000] {logging_mixin.py:190} INFO - [2025-07-16T07:29:07.889+0000] {dag.py:3229} INFO - Sync 1 DAGs
[2025-07-16T07:29:07.904+0000] {logging_mixin.py:190} INFO - [2025-07-16T07:29:07.904+0000] {dag.py:4156} INFO - Setting next_dagrun for example_bash_decorator to None, run_after=None
[2025-07-16T07:29:07.927+0000] {processor.py:208} INFO - Processing /home/airflow/.local/lib/python3.12/site-packages/airflow/example_dags/example_bash_decorator.py took 0.089 seconds
[2025-07-16T07:29:38.224+0000] {processor.py:186} INFO - Started process (PID=2216) to work on /home/airflow/.local/lib/python3.12/site-packages/airflow/example_dags/example_bash_decorator.py
[2025-07-16T07:29:38.225+0000] {processor.py:914} INFO - Processing file /home/airflow/.local/lib/python3.12/site-packages/airflow/example_dags/example_bash_decorator.py for tasks to queue
[2025-07-16T07:29:38.228+0000] {logging_mixin.py:190} INFO - [2025-07-16T07:29:38.228+0000] {dagbag.py:587} INFO - Filling up the DagBag from /home/airflow/.local/lib/python3.12/site-packages/airflow/example_dags/example_bash_decorator.py
[2025-07-16T07:29:38.244+0000] {processor.py:925} INFO - DAG(s) 'example_bash_decorator' retrieved from /home/airflow/.local/lib/python3.12/site-packages/airflow/example_dags/example_bash_decorator.py
[2025-07-16T07:29:38.274+0000] {logging_mixin.py:190} INFO - [2025-07-16T07:29:38.273+0000] {dag.py:3229} INFO - Sync 1 DAGs
[2025-07-16T07:29:38.290+0000] {logging_mixin.py:190} INFO - [2025-07-16T07:29:38.290+0000] {dag.py:4156} INFO - Setting next_dagrun for example_bash_decorator to None, run_after=None
[2025-07-16T07:29:38.320+0000] {processor.py:208} INFO - Processing /home/airflow/.local/lib/python3.12/site-packages/airflow/example_dags/example_bash_decorator.py took 0.102 seconds
[2025-07-16T07:30:08.710+0000] {processor.py:186} INFO - Started process (PID=2273) to work on /home/airflow/.local/lib/python3.12/site-packages/airflow/example_dags/example_bash_decorator.py
[2025-07-16T07:30:08.711+0000] {processor.py:914} INFO - Processing file /home/airflow/.local/lib/python3.12/site-packages/airflow/example_dags/example_bash_decorator.py for tasks to queue
[2025-07-16T07:30:08.714+0000] {logging_mixin.py:190} INFO - [2025-07-16T07:30:08.714+0000] {dagbag.py:587} INFO - Filling up the DagBag from /home/airflow/.local/lib/python3.12/site-packages/airflow/example_dags/example_bash_decorator.py
[2025-07-16T07:30:08.735+0000] {processor.py:925} INFO - DAG(s) 'example_bash_decorator' retrieved from /home/airflow/.local/lib/python3.12/site-packages/airflow/example_dags/example_bash_decorator.py
[2025-07-16T07:30:08.771+0000] {logging_mixin.py:190} INFO - [2025-07-16T07:30:08.770+0000] {dag.py:3229} INFO - Sync 1 DAGs
[2025-07-16T07:30:08.789+0000] {logging_mixin.py:190} INFO - [2025-07-16T07:30:08.789+0000] {dag.py:4156} INFO - Setting next_dagrun for example_bash_decorator to None, run_after=None
[2025-07-16T07:30:08.815+0000] {processor.py:208} INFO - Processing /home/airflow/.local/lib/python3.12/site-packages/airflow/example_dags/example_bash_decorator.py took 0.123 seconds
[2025-07-16T07:30:40.061+0000] {processor.py:186} INFO - Started process (PID=2330) to work on /home/airflow/.local/lib/python3.12/site-packages/airflow/example_dags/example_bash_decorator.py
[2025-07-16T07:30:40.062+0000] {processor.py:914} INFO - Processing file /home/airflow/.local/lib/python3.12/site-packages/airflow/example_dags/example_bash_decorator.py for tasks to queue
[2025-07-16T07:30:40.065+0000] {logging_mixin.py:190} INFO - [2025-07-16T07:30:40.064+0000] {dagbag.py:587} INFO - Filling up the DagBag from /home/airflow/.local/lib/python3.12/site-packages/airflow/example_dags/example_bash_decorator.py
[2025-07-16T07:30:40.085+0000] {processor.py:925} INFO - DAG(s) 'example_bash_decorator' retrieved from /home/airflow/.local/lib/python3.12/site-packages/airflow/example_dags/example_bash_decorator.py
[2025-07-16T07:30:40.111+0000] {logging_mixin.py:190} INFO - [2025-07-16T07:30:40.111+0000] {dag.py:3229} INFO - Sync 1 DAGs
[2025-07-16T07:30:40.128+0000] {logging_mixin.py:190} INFO - [2025-07-16T07:30:40.128+0000] {dag.py:4156} INFO - Setting next_dagrun for example_bash_decorator to None, run_after=None
[2025-07-16T07:30:40.152+0000] {processor.py:208} INFO - Processing /home/airflow/.local/lib/python3.12/site-packages/airflow/example_dags/example_bash_decorator.py took 0.099 seconds
[2025-07-16T07:31:10.863+0000] {processor.py:186} INFO - Started process (PID=2387) to work on /home/airflow/.local/lib/python3.12/site-packages/airflow/example_dags/example_bash_decorator.py
[2025-07-16T07:31:10.864+0000] {processor.py:914} INFO - Processing file /home/airflow/.local/lib/python3.12/site-packages/airflow/example_dags/example_bash_decorator.py for tasks to queue
[2025-07-16T07:31:10.868+0000] {logging_mixin.py:190} INFO - [2025-07-16T07:31:10.867+0000] {dagbag.py:587} INFO - Filling up the DagBag from /home/airflow/.local/lib/python3.12/site-packages/airflow/example_dags/example_bash_decorator.py
[2025-07-16T07:31:10.884+0000] {processor.py:925} INFO - DAG(s) 'example_bash_decorator' retrieved from /home/airflow/.local/lib/python3.12/site-packages/airflow/example_dags/example_bash_decorator.py
[2025-07-16T07:31:10.911+0000] {logging_mixin.py:190} INFO - [2025-07-16T07:31:10.911+0000] {dag.py:3229} INFO - Sync 1 DAGs
[2025-07-16T07:31:10.927+0000] {logging_mixin.py:190} INFO - [2025-07-16T07:31:10.927+0000] {dag.py:4156} INFO - Setting next_dagrun for example_bash_decorator to None, run_after=None
[2025-07-16T07:31:10.950+0000] {processor.py:208} INFO - Processing /home/airflow/.local/lib/python3.12/site-packages/airflow/example_dags/example_bash_decorator.py took 0.094 seconds
[2025-07-16T07:31:42.251+0000] {processor.py:186} INFO - Started process (PID=2444) to work on /home/airflow/.local/lib/python3.12/site-packages/airflow/example_dags/example_bash_decorator.py
[2025-07-16T07:31:42.252+0000] {processor.py:914} INFO - Processing file /home/airflow/.local/lib/python3.12/site-packages/airflow/example_dags/example_bash_decorator.py for tasks to queue
[2025-07-16T07:31:42.255+0000] {logging_mixin.py:190} INFO - [2025-07-16T07:31:42.254+0000] {dagbag.py:587} INFO - Filling up the DagBag from /home/airflow/.local/lib/python3.12/site-packages/airflow/example_dags/example_bash_decorator.py
[2025-07-16T07:31:42.272+0000] {processor.py:925} INFO - DAG(s) 'example_bash_decorator' retrieved from /home/airflow/.local/lib/python3.12/site-packages/airflow/example_dags/example_bash_decorator.py
[2025-07-16T07:31:42.299+0000] {logging_mixin.py:190} INFO - [2025-07-16T07:31:42.298+0000] {dag.py:3229} INFO - Sync 1 DAGs
[2025-07-16T07:31:42.315+0000] {logging_mixin.py:190} INFO - [2025-07-16T07:31:42.314+0000] {dag.py:4156} INFO - Setting next_dagrun for example_bash_decorator to None, run_after=None
[2025-07-16T07:31:42.336+0000] {processor.py:208} INFO - Processing /home/airflow/.local/lib/python3.12/site-packages/airflow/example_dags/example_bash_decorator.py took 0.093 seconds
[2025-07-16T07:33:01.745+0000] {processor.py:186} INFO - Started process (PID=51) to work on /home/airflow/.local/lib/python3.12/site-packages/airflow/example_dags/example_bash_decorator.py
[2025-07-16T07:33:01.746+0000] {processor.py:914} INFO - Processing file /home/airflow/.local/lib/python3.12/site-packages/airflow/example_dags/example_bash_decorator.py for tasks to queue
[2025-07-16T07:33:01.749+0000] {logging_mixin.py:190} INFO - [2025-07-16T07:33:01.748+0000] {dagbag.py:587} INFO - Filling up the DagBag from /home/airflow/.local/lib/python3.12/site-packages/airflow/example_dags/example_bash_decorator.py
[2025-07-16T07:33:01.767+0000] {processor.py:925} INFO - DAG(s) 'example_bash_decorator' retrieved from /home/airflow/.local/lib/python3.12/site-packages/airflow/example_dags/example_bash_decorator.py
[2025-07-16T07:33:01.921+0000] {logging_mixin.py:190} INFO - [2025-07-16T07:33:01.920+0000] {dag.py:3229} INFO - Sync 1 DAGs
[2025-07-16T07:33:01.942+0000] {logging_mixin.py:190} INFO - [2025-07-16T07:33:01.942+0000] {dag.py:4156} INFO - Setting next_dagrun for example_bash_decorator to None, run_after=None
[2025-07-16T07:33:01.970+0000] {processor.py:208} INFO - Processing /home/airflow/.local/lib/python3.12/site-packages/airflow/example_dags/example_bash_decorator.py took 0.231 seconds
[2025-07-16T07:33:32.443+0000] {processor.py:186} INFO - Started process (PID=108) to work on /home/airflow/.local/lib/python3.12/site-packages/airflow/example_dags/example_bash_decorator.py
[2025-07-16T07:33:32.444+0000] {processor.py:914} INFO - Processing file /home/airflow/.local/lib/python3.12/site-packages/airflow/example_dags/example_bash_decorator.py for tasks to queue
[2025-07-16T07:33:32.448+0000] {logging_mixin.py:190} INFO - [2025-07-16T07:33:32.447+0000] {dagbag.py:587} INFO - Filling up the DagBag from /home/airflow/.local/lib/python3.12/site-packages/airflow/example_dags/example_bash_decorator.py
[2025-07-16T07:33:32.467+0000] {processor.py:925} INFO - DAG(s) 'example_bash_decorator' retrieved from /home/airflow/.local/lib/python3.12/site-packages/airflow/example_dags/example_bash_decorator.py
[2025-07-16T07:33:32.496+0000] {logging_mixin.py:190} INFO - [2025-07-16T07:33:32.495+0000] {dag.py:3229} INFO - Sync 1 DAGs
[2025-07-16T07:33:32.514+0000] {logging_mixin.py:190} INFO - [2025-07-16T07:33:32.514+0000] {dag.py:4156} INFO - Setting next_dagrun for example_bash_decorator to None, run_after=None
[2025-07-16T07:33:32.538+0000] {processor.py:208} INFO - Processing /home/airflow/.local/lib/python3.12/site-packages/airflow/example_dags/example_bash_decorator.py took 0.101 seconds
[2025-07-16T07:34:03.484+0000] {processor.py:186} INFO - Started process (PID=165) to work on /home/airflow/.local/lib/python3.12/site-packages/airflow/example_dags/example_bash_decorator.py
[2025-07-16T07:34:03.485+0000] {processor.py:914} INFO - Processing file /home/airflow/.local/lib/python3.12/site-packages/airflow/example_dags/example_bash_decorator.py for tasks to queue
[2025-07-16T07:34:03.488+0000] {logging_mixin.py:190} INFO - [2025-07-16T07:34:03.487+0000] {dagbag.py:587} INFO - Filling up the DagBag from /home/airflow/.local/lib/python3.12/site-packages/airflow/example_dags/example_bash_decorator.py
[2025-07-16T07:34:03.504+0000] {processor.py:925} INFO - DAG(s) 'example_bash_decorator' retrieved from /home/airflow/.local/lib/python3.12/site-packages/airflow/example_dags/example_bash_decorator.py
[2025-07-16T07:34:03.532+0000] {logging_mixin.py:190} INFO - [2025-07-16T07:34:03.531+0000] {dag.py:3229} INFO - Sync 1 DAGs
[2025-07-16T07:34:03.546+0000] {logging_mixin.py:190} INFO - [2025-07-16T07:34:03.546+0000] {dag.py:4156} INFO - Setting next_dagrun for example_bash_decorator to None, run_after=None
[2025-07-16T07:34:03.569+0000] {processor.py:208} INFO - Processing /home/airflow/.local/lib/python3.12/site-packages/airflow/example_dags/example_bash_decorator.py took 0.092 seconds
[2025-07-16T07:34:34.238+0000] {processor.py:186} INFO - Started process (PID=222) to work on /home/airflow/.local/lib/python3.12/site-packages/airflow/example_dags/example_bash_decorator.py
[2025-07-16T07:34:34.239+0000] {processor.py:914} INFO - Processing file /home/airflow/.local/lib/python3.12/site-packages/airflow/example_dags/example_bash_decorator.py for tasks to queue
[2025-07-16T07:34:34.242+0000] {logging_mixin.py:190} INFO - [2025-07-16T07:34:34.241+0000] {dagbag.py:587} INFO - Filling up the DagBag from /home/airflow/.local/lib/python3.12/site-packages/airflow/example_dags/example_bash_decorator.py
[2025-07-16T07:34:34.258+0000] {processor.py:925} INFO - DAG(s) 'example_bash_decorator' retrieved from /home/airflow/.local/lib/python3.12/site-packages/airflow/example_dags/example_bash_decorator.py
[2025-07-16T07:34:34.285+0000] {logging_mixin.py:190} INFO - [2025-07-16T07:34:34.285+0000] {dag.py:3229} INFO - Sync 1 DAGs
[2025-07-16T07:34:34.301+0000] {logging_mixin.py:190} INFO - [2025-07-16T07:34:34.300+0000] {dag.py:4156} INFO - Setting next_dagrun for example_bash_decorator to None, run_after=None
[2025-07-16T07:34:34.320+0000] {processor.py:208} INFO - Processing /home/airflow/.local/lib/python3.12/site-packages/airflow/example_dags/example_bash_decorator.py took 0.089 seconds
[2025-07-16T07:35:05.286+0000] {processor.py:186} INFO - Started process (PID=279) to work on /home/airflow/.local/lib/python3.12/site-packages/airflow/example_dags/example_bash_decorator.py
[2025-07-16T07:35:05.287+0000] {processor.py:914} INFO - Processing file /home/airflow/.local/lib/python3.12/site-packages/airflow/example_dags/example_bash_decorator.py for tasks to queue
[2025-07-16T07:35:05.290+0000] {logging_mixin.py:190} INFO - [2025-07-16T07:35:05.289+0000] {dagbag.py:587} INFO - Filling up the DagBag from /home/airflow/.local/lib/python3.12/site-packages/airflow/example_dags/example_bash_decorator.py
[2025-07-16T07:35:05.309+0000] {processor.py:925} INFO - DAG(s) 'example_bash_decorator' retrieved from /home/airflow/.local/lib/python3.12/site-packages/airflow/example_dags/example_bash_decorator.py
[2025-07-16T07:35:05.337+0000] {logging_mixin.py:190} INFO - [2025-07-16T07:35:05.337+0000] {dag.py:3229} INFO - Sync 1 DAGs
[2025-07-16T07:35:05.355+0000] {logging_mixin.py:190} INFO - [2025-07-16T07:35:05.355+0000] {dag.py:4156} INFO - Setting next_dagrun for example_bash_decorator to None, run_after=None
[2025-07-16T07:35:05.381+0000] {processor.py:208} INFO - Processing /home/airflow/.local/lib/python3.12/site-packages/airflow/example_dags/example_bash_decorator.py took 0.102 seconds
[2025-07-16T07:35:35.654+0000] {processor.py:186} INFO - Started process (PID=336) to work on /home/airflow/.local/lib/python3.12/site-packages/airflow/example_dags/example_bash_decorator.py
[2025-07-16T07:35:35.655+0000] {processor.py:914} INFO - Processing file /home/airflow/.local/lib/python3.12/site-packages/airflow/example_dags/example_bash_decorator.py for tasks to queue
[2025-07-16T07:35:35.658+0000] {logging_mixin.py:190} INFO - [2025-07-16T07:35:35.657+0000] {dagbag.py:587} INFO - Filling up the DagBag from /home/airflow/.local/lib/python3.12/site-packages/airflow/example_dags/example_bash_decorator.py
[2025-07-16T07:35:35.676+0000] {processor.py:925} INFO - DAG(s) 'example_bash_decorator' retrieved from /home/airflow/.local/lib/python3.12/site-packages/airflow/example_dags/example_bash_decorator.py
[2025-07-16T07:35:35.706+0000] {logging_mixin.py:190} INFO - [2025-07-16T07:35:35.705+0000] {dag.py:3229} INFO - Sync 1 DAGs
[2025-07-16T07:35:35.725+0000] {logging_mixin.py:190} INFO - [2025-07-16T07:35:35.725+0000] {dag.py:4156} INFO - Setting next_dagrun for example_bash_decorator to None, run_after=None
[2025-07-16T07:35:35.748+0000] {processor.py:208} INFO - Processing /home/airflow/.local/lib/python3.12/site-packages/airflow/example_dags/example_bash_decorator.py took 0.103 seconds
[2025-07-16T07:36:05.923+0000] {processor.py:186} INFO - Started process (PID=393) to work on /home/airflow/.local/lib/python3.12/site-packages/airflow/example_dags/example_bash_decorator.py
[2025-07-16T07:36:05.924+0000] {processor.py:914} INFO - Processing file /home/airflow/.local/lib/python3.12/site-packages/airflow/example_dags/example_bash_decorator.py for tasks to queue
[2025-07-16T07:36:05.927+0000] {logging_mixin.py:190} INFO - [2025-07-16T07:36:05.926+0000] {dagbag.py:587} INFO - Filling up the DagBag from /home/airflow/.local/lib/python3.12/site-packages/airflow/example_dags/example_bash_decorator.py
[2025-07-16T07:36:05.942+0000] {processor.py:925} INFO - DAG(s) 'example_bash_decorator' retrieved from /home/airflow/.local/lib/python3.12/site-packages/airflow/example_dags/example_bash_decorator.py
[2025-07-16T07:36:05.969+0000] {logging_mixin.py:190} INFO - [2025-07-16T07:36:05.969+0000] {dag.py:3229} INFO - Sync 1 DAGs
[2025-07-16T07:36:05.986+0000] {logging_mixin.py:190} INFO - [2025-07-16T07:36:05.986+0000] {dag.py:4156} INFO - Setting next_dagrun for example_bash_decorator to None, run_after=None
[2025-07-16T07:36:06.012+0000] {processor.py:208} INFO - Processing /home/airflow/.local/lib/python3.12/site-packages/airflow/example_dags/example_bash_decorator.py took 0.095 seconds
[2025-07-16T07:36:37.563+0000] {processor.py:186} INFO - Started process (PID=450) to work on /home/airflow/.local/lib/python3.12/site-packages/airflow/example_dags/example_bash_decorator.py
[2025-07-16T07:36:37.564+0000] {processor.py:914} INFO - Processing file /home/airflow/.local/lib/python3.12/site-packages/airflow/example_dags/example_bash_decorator.py for tasks to queue
[2025-07-16T07:36:37.567+0000] {logging_mixin.py:190} INFO - [2025-07-16T07:36:37.567+0000] {dagbag.py:587} INFO - Filling up the DagBag from /home/airflow/.local/lib/python3.12/site-packages/airflow/example_dags/example_bash_decorator.py
[2025-07-16T07:36:37.588+0000] {processor.py:925} INFO - DAG(s) 'example_bash_decorator' retrieved from /home/airflow/.local/lib/python3.12/site-packages/airflow/example_dags/example_bash_decorator.py
[2025-07-16T07:36:37.615+0000] {logging_mixin.py:190} INFO - [2025-07-16T07:36:37.615+0000] {dag.py:3229} INFO - Sync 1 DAGs
[2025-07-16T07:36:37.631+0000] {logging_mixin.py:190} INFO - [2025-07-16T07:36:37.631+0000] {dag.py:4156} INFO - Setting next_dagrun for example_bash_decorator to None, run_after=None
[2025-07-16T07:36:37.876+0000] {processor.py:208} INFO - Processing /home/airflow/.local/lib/python3.12/site-packages/airflow/example_dags/example_bash_decorator.py took 0.320 seconds
[2025-07-16T07:37:08.271+0000] {processor.py:186} INFO - Started process (PID=507) to work on /home/airflow/.local/lib/python3.12/site-packages/airflow/example_dags/example_bash_decorator.py
[2025-07-16T07:37:08.273+0000] {processor.py:914} INFO - Processing file /home/airflow/.local/lib/python3.12/site-packages/airflow/example_dags/example_bash_decorator.py for tasks to queue
[2025-07-16T07:37:08.275+0000] {logging_mixin.py:190} INFO - [2025-07-16T07:37:08.275+0000] {dagbag.py:587} INFO - Filling up the DagBag from /home/airflow/.local/lib/python3.12/site-packages/airflow/example_dags/example_bash_decorator.py
[2025-07-16T07:37:08.292+0000] {processor.py:925} INFO - DAG(s) 'example_bash_decorator' retrieved from /home/airflow/.local/lib/python3.12/site-packages/airflow/example_dags/example_bash_decorator.py
[2025-07-16T07:37:08.322+0000] {logging_mixin.py:190} INFO - [2025-07-16T07:37:08.322+0000] {dag.py:3229} INFO - Sync 1 DAGs
[2025-07-16T07:37:08.338+0000] {logging_mixin.py:190} INFO - [2025-07-16T07:37:08.338+0000] {dag.py:4156} INFO - Setting next_dagrun for example_bash_decorator to None, run_after=None
[2025-07-16T07:37:08.368+0000] {processor.py:208} INFO - Processing /home/airflow/.local/lib/python3.12/site-packages/airflow/example_dags/example_bash_decorator.py took 0.103 seconds
[2025-07-16T07:37:38.957+0000] {processor.py:186} INFO - Started process (PID=564) to work on /home/airflow/.local/lib/python3.12/site-packages/airflow/example_dags/example_bash_decorator.py
[2025-07-16T07:37:38.958+0000] {processor.py:914} INFO - Processing file /home/airflow/.local/lib/python3.12/site-packages/airflow/example_dags/example_bash_decorator.py for tasks to queue
[2025-07-16T07:37:38.962+0000] {logging_mixin.py:190} INFO - [2025-07-16T07:37:38.961+0000] {dagbag.py:587} INFO - Filling up the DagBag from /home/airflow/.local/lib/python3.12/site-packages/airflow/example_dags/example_bash_decorator.py
[2025-07-16T07:37:38.984+0000] {processor.py:925} INFO - DAG(s) 'example_bash_decorator' retrieved from /home/airflow/.local/lib/python3.12/site-packages/airflow/example_dags/example_bash_decorator.py
[2025-07-16T07:37:39.015+0000] {logging_mixin.py:190} INFO - [2025-07-16T07:37:39.014+0000] {dag.py:3229} INFO - Sync 1 DAGs
[2025-07-16T07:37:39.032+0000] {logging_mixin.py:190} INFO - [2025-07-16T07:37:39.032+0000] {dag.py:4156} INFO - Setting next_dagrun for example_bash_decorator to None, run_after=None
[2025-07-16T07:37:39.055+0000] {processor.py:208} INFO - Processing /home/airflow/.local/lib/python3.12/site-packages/airflow/example_dags/example_bash_decorator.py took 0.105 seconds
[2025-07-16T07:38:09.283+0000] {processor.py:186} INFO - Started process (PID=621) to work on /home/airflow/.local/lib/python3.12/site-packages/airflow/example_dags/example_bash_decorator.py
[2025-07-16T07:38:09.284+0000] {processor.py:914} INFO - Processing file /home/airflow/.local/lib/python3.12/site-packages/airflow/example_dags/example_bash_decorator.py for tasks to queue
[2025-07-16T07:38:09.287+0000] {logging_mixin.py:190} INFO - [2025-07-16T07:38:09.287+0000] {dagbag.py:587} INFO - Filling up the DagBag from /home/airflow/.local/lib/python3.12/site-packages/airflow/example_dags/example_bash_decorator.py
[2025-07-16T07:38:09.303+0000] {processor.py:925} INFO - DAG(s) 'example_bash_decorator' retrieved from /home/airflow/.local/lib/python3.12/site-packages/airflow/example_dags/example_bash_decorator.py
[2025-07-16T07:38:09.330+0000] {logging_mixin.py:190} INFO - [2025-07-16T07:38:09.329+0000] {dag.py:3229} INFO - Sync 1 DAGs
[2025-07-16T07:38:09.344+0000] {logging_mixin.py:190} INFO - [2025-07-16T07:38:09.344+0000] {dag.py:4156} INFO - Setting next_dagrun for example_bash_decorator to None, run_after=None
[2025-07-16T07:38:09.369+0000] {processor.py:208} INFO - Processing /home/airflow/.local/lib/python3.12/site-packages/airflow/example_dags/example_bash_decorator.py took 0.092 seconds
[2025-07-16T07:38:40.226+0000] {processor.py:186} INFO - Started process (PID=678) to work on /home/airflow/.local/lib/python3.12/site-packages/airflow/example_dags/example_bash_decorator.py
[2025-07-16T07:38:40.227+0000] {processor.py:914} INFO - Processing file /home/airflow/.local/lib/python3.12/site-packages/airflow/example_dags/example_bash_decorator.py for tasks to queue
[2025-07-16T07:38:40.230+0000] {logging_mixin.py:190} INFO - [2025-07-16T07:38:40.230+0000] {dagbag.py:587} INFO - Filling up the DagBag from /home/airflow/.local/lib/python3.12/site-packages/airflow/example_dags/example_bash_decorator.py
[2025-07-16T07:38:40.246+0000] {processor.py:925} INFO - DAG(s) 'example_bash_decorator' retrieved from /home/airflow/.local/lib/python3.12/site-packages/airflow/example_dags/example_bash_decorator.py
[2025-07-16T07:38:40.272+0000] {logging_mixin.py:190} INFO - [2025-07-16T07:38:40.272+0000] {dag.py:3229} INFO - Sync 1 DAGs
[2025-07-16T07:38:40.287+0000] {logging_mixin.py:190} INFO - [2025-07-16T07:38:40.286+0000] {dag.py:4156} INFO - Setting next_dagrun for example_bash_decorator to None, run_after=None
[2025-07-16T07:38:40.317+0000] {processor.py:208} INFO - Processing /home/airflow/.local/lib/python3.12/site-packages/airflow/example_dags/example_bash_decorator.py took 0.097 seconds
[2025-07-16T07:39:10.754+0000] {processor.py:186} INFO - Started process (PID=735) to work on /home/airflow/.local/lib/python3.12/site-packages/airflow/example_dags/example_bash_decorator.py
[2025-07-16T07:39:10.755+0000] {processor.py:914} INFO - Processing file /home/airflow/.local/lib/python3.12/site-packages/airflow/example_dags/example_bash_decorator.py for tasks to queue
[2025-07-16T07:39:10.758+0000] {logging_mixin.py:190} INFO - [2025-07-16T07:39:10.757+0000] {dagbag.py:587} INFO - Filling up the DagBag from /home/airflow/.local/lib/python3.12/site-packages/airflow/example_dags/example_bash_decorator.py
[2025-07-16T07:39:10.773+0000] {processor.py:925} INFO - DAG(s) 'example_bash_decorator' retrieved from /home/airflow/.local/lib/python3.12/site-packages/airflow/example_dags/example_bash_decorator.py
[2025-07-16T07:39:10.799+0000] {logging_mixin.py:190} INFO - [2025-07-16T07:39:10.799+0000] {dag.py:3229} INFO - Sync 1 DAGs
[2025-07-16T07:39:10.815+0000] {logging_mixin.py:190} INFO - [2025-07-16T07:39:10.815+0000] {dag.py:4156} INFO - Setting next_dagrun for example_bash_decorator to None, run_after=None
[2025-07-16T07:39:10.841+0000] {processor.py:208} INFO - Processing /home/airflow/.local/lib/python3.12/site-packages/airflow/example_dags/example_bash_decorator.py took 0.093 seconds
[2025-07-16T07:39:41.319+0000] {processor.py:186} INFO - Started process (PID=792) to work on /home/airflow/.local/lib/python3.12/site-packages/airflow/example_dags/example_bash_decorator.py
[2025-07-16T07:39:41.320+0000] {processor.py:914} INFO - Processing file /home/airflow/.local/lib/python3.12/site-packages/airflow/example_dags/example_bash_decorator.py for tasks to queue
[2025-07-16T07:39:41.322+0000] {logging_mixin.py:190} INFO - [2025-07-16T07:39:41.322+0000] {dagbag.py:587} INFO - Filling up the DagBag from /home/airflow/.local/lib/python3.12/site-packages/airflow/example_dags/example_bash_decorator.py
[2025-07-16T07:39:41.338+0000] {processor.py:925} INFO - DAG(s) 'example_bash_decorator' retrieved from /home/airflow/.local/lib/python3.12/site-packages/airflow/example_dags/example_bash_decorator.py
[2025-07-16T07:39:41.365+0000] {logging_mixin.py:190} INFO - [2025-07-16T07:39:41.365+0000] {dag.py:3229} INFO - Sync 1 DAGs
[2025-07-16T07:39:41.379+0000] {logging_mixin.py:190} INFO - [2025-07-16T07:39:41.379+0000] {dag.py:4156} INFO - Setting next_dagrun for example_bash_decorator to None, run_after=None
[2025-07-16T07:39:41.403+0000] {processor.py:208} INFO - Processing /home/airflow/.local/lib/python3.12/site-packages/airflow/example_dags/example_bash_decorator.py took 0.091 seconds
[2025-07-16T07:40:11.882+0000] {processor.py:186} INFO - Started process (PID=848) to work on /home/airflow/.local/lib/python3.12/site-packages/airflow/example_dags/example_bash_decorator.py
[2025-07-16T07:40:11.883+0000] {processor.py:914} INFO - Processing file /home/airflow/.local/lib/python3.12/site-packages/airflow/example_dags/example_bash_decorator.py for tasks to queue
[2025-07-16T07:40:11.885+0000] {logging_mixin.py:190} INFO - [2025-07-16T07:40:11.885+0000] {dagbag.py:587} INFO - Filling up the DagBag from /home/airflow/.local/lib/python3.12/site-packages/airflow/example_dags/example_bash_decorator.py
[2025-07-16T07:40:11.900+0000] {processor.py:925} INFO - DAG(s) 'example_bash_decorator' retrieved from /home/airflow/.local/lib/python3.12/site-packages/airflow/example_dags/example_bash_decorator.py
[2025-07-16T07:40:11.924+0000] {logging_mixin.py:190} INFO - [2025-07-16T07:40:11.923+0000] {dag.py:3229} INFO - Sync 1 DAGs
[2025-07-16T07:40:11.938+0000] {logging_mixin.py:190} INFO - [2025-07-16T07:40:11.937+0000] {dag.py:4156} INFO - Setting next_dagrun for example_bash_decorator to None, run_after=None
[2025-07-16T07:40:11.959+0000] {processor.py:208} INFO - Processing /home/airflow/.local/lib/python3.12/site-packages/airflow/example_dags/example_bash_decorator.py took 0.084 seconds
[2025-07-16T07:40:42.667+0000] {processor.py:186} INFO - Started process (PID=906) to work on /home/airflow/.local/lib/python3.12/site-packages/airflow/example_dags/example_bash_decorator.py
[2025-07-16T07:40:42.668+0000] {processor.py:914} INFO - Processing file /home/airflow/.local/lib/python3.12/site-packages/airflow/example_dags/example_bash_decorator.py for tasks to queue
[2025-07-16T07:40:42.671+0000] {logging_mixin.py:190} INFO - [2025-07-16T07:40:42.671+0000] {dagbag.py:587} INFO - Filling up the DagBag from /home/airflow/.local/lib/python3.12/site-packages/airflow/example_dags/example_bash_decorator.py
[2025-07-16T07:40:42.689+0000] {processor.py:925} INFO - DAG(s) 'example_bash_decorator' retrieved from /home/airflow/.local/lib/python3.12/site-packages/airflow/example_dags/example_bash_decorator.py
[2025-07-16T07:40:42.716+0000] {logging_mixin.py:190} INFO - [2025-07-16T07:40:42.716+0000] {dag.py:3229} INFO - Sync 1 DAGs
[2025-07-16T07:40:42.732+0000] {logging_mixin.py:190} INFO - [2025-07-16T07:40:42.732+0000] {dag.py:4156} INFO - Setting next_dagrun for example_bash_decorator to None, run_after=None
[2025-07-16T07:40:42.756+0000] {processor.py:208} INFO - Processing /home/airflow/.local/lib/python3.12/site-packages/airflow/example_dags/example_bash_decorator.py took 0.096 seconds
