[2025-07-16T07:10:18.223+0000] {processor.py:186} INFO - Started process (PID=79) to work on /home/airflow/.local/lib/python3.12/site-packages/airflow/example_dags/example_python_operator.py
[2025-07-16T07:10:18.224+0000] {processor.py:914} INFO - Processing file /home/airflow/.local/lib/python3.12/site-packages/airflow/example_dags/example_python_operator.py for tasks to queue
[2025-07-16T07:10:18.227+0000] {logging_mixin.py:190} INFO - [2025-07-16T07:10:18.226+0000] {dagbag.py:587} INFO - Filling up the DagBag from /home/airflow/.local/lib/python3.12/site-packages/airflow/example_dags/example_python_operator.py
[2025-07-16T07:10:18.242+0000] {processor.py:925} INFO - DAG(s) 'example_python_operator' retrieved from /home/airflow/.local/lib/python3.12/site-packages/airflow/example_dags/example_python_operator.py
[2025-07-16T07:10:18.381+0000] {logging_mixin.py:190} INFO - [2025-07-16T07:10:18.381+0000] {dag.py:3229} INFO - Sync 1 DAGs
[2025-07-16T07:10:18.427+0000] {logging_mixin.py:190} INFO - [2025-07-16T07:10:18.426+0000] {dag.py:4156} INFO - Setting next_dagrun for example_python_operator to None, run_after=None
[2025-07-16T07:10:18.458+0000] {processor.py:208} INFO - Processing /home/airflow/.local/lib/python3.12/site-packages/airflow/example_dags/example_python_operator.py took 0.241 seconds
[2025-07-16T07:10:48.511+0000] {processor.py:186} INFO - Started process (PID=136) to work on /home/airflow/.local/lib/python3.12/site-packages/airflow/example_dags/example_python_operator.py
[2025-07-16T07:10:48.513+0000] {processor.py:914} INFO - Processing file /home/airflow/.local/lib/python3.12/site-packages/airflow/example_dags/example_python_operator.py for tasks to queue
[2025-07-16T07:10:48.515+0000] {logging_mixin.py:190} INFO - [2025-07-16T07:10:48.515+0000] {dagbag.py:587} INFO - Filling up the DagBag from /home/airflow/.local/lib/python3.12/site-packages/airflow/example_dags/example_python_operator.py
[2025-07-16T07:10:48.529+0000] {processor.py:925} INFO - DAG(s) 'example_python_operator' retrieved from /home/airflow/.local/lib/python3.12/site-packages/airflow/example_dags/example_python_operator.py
[2025-07-16T07:10:48.558+0000] {logging_mixin.py:190} INFO - [2025-07-16T07:10:48.558+0000] {dag.py:3229} INFO - Sync 1 DAGs
[2025-07-16T07:10:48.573+0000] {logging_mixin.py:190} INFO - [2025-07-16T07:10:48.573+0000] {dag.py:4156} INFO - Setting next_dagrun for example_python_operator to None, run_after=None
[2025-07-16T07:10:48.597+0000] {processor.py:208} INFO - Processing /home/airflow/.local/lib/python3.12/site-packages/airflow/example_dags/example_python_operator.py took 0.094 seconds
[2025-07-16T07:11:19.178+0000] {processor.py:186} INFO - Started process (PID=193) to work on /home/airflow/.local/lib/python3.12/site-packages/airflow/example_dags/example_python_operator.py
[2025-07-16T07:11:19.180+0000] {processor.py:914} INFO - Processing file /home/airflow/.local/lib/python3.12/site-packages/airflow/example_dags/example_python_operator.py for tasks to queue
[2025-07-16T07:11:19.185+0000] {logging_mixin.py:190} INFO - [2025-07-16T07:11:19.184+0000] {dagbag.py:587} INFO - Filling up the DagBag from /home/airflow/.local/lib/python3.12/site-packages/airflow/example_dags/example_python_operator.py
[2025-07-16T07:11:19.199+0000] {processor.py:925} INFO - DAG(s) 'example_python_operator' retrieved from /home/airflow/.local/lib/python3.12/site-packages/airflow/example_dags/example_python_operator.py
[2025-07-16T07:11:19.227+0000] {logging_mixin.py:190} INFO - [2025-07-16T07:11:19.227+0000] {dag.py:3229} INFO - Sync 1 DAGs
[2025-07-16T07:11:19.244+0000] {logging_mixin.py:190} INFO - [2025-07-16T07:11:19.244+0000] {dag.py:4156} INFO - Setting next_dagrun for example_python_operator to None, run_after=None
[2025-07-16T07:11:19.270+0000] {processor.py:208} INFO - Processing /home/airflow/.local/lib/python3.12/site-packages/airflow/example_dags/example_python_operator.py took 0.100 seconds
[2025-07-16T07:11:49.780+0000] {processor.py:186} INFO - Started process (PID=250) to work on /home/airflow/.local/lib/python3.12/site-packages/airflow/example_dags/example_python_operator.py
[2025-07-16T07:11:49.781+0000] {processor.py:914} INFO - Processing file /home/airflow/.local/lib/python3.12/site-packages/airflow/example_dags/example_python_operator.py for tasks to queue
[2025-07-16T07:11:49.784+0000] {logging_mixin.py:190} INFO - [2025-07-16T07:11:49.783+0000] {dagbag.py:587} INFO - Filling up the DagBag from /home/airflow/.local/lib/python3.12/site-packages/airflow/example_dags/example_python_operator.py
[2025-07-16T07:11:49.796+0000] {processor.py:925} INFO - DAG(s) 'example_python_operator' retrieved from /home/airflow/.local/lib/python3.12/site-packages/airflow/example_dags/example_python_operator.py
[2025-07-16T07:11:49.822+0000] {logging_mixin.py:190} INFO - [2025-07-16T07:11:49.822+0000] {dag.py:3229} INFO - Sync 1 DAGs
[2025-07-16T07:11:49.839+0000] {logging_mixin.py:190} INFO - [2025-07-16T07:11:49.838+0000] {dag.py:4156} INFO - Setting next_dagrun for example_python_operator to None, run_after=None
[2025-07-16T07:11:49.866+0000] {processor.py:208} INFO - Processing /home/airflow/.local/lib/python3.12/site-packages/airflow/example_dags/example_python_operator.py took 0.092 seconds
[2025-07-16T07:12:20.154+0000] {processor.py:186} INFO - Started process (PID=307) to work on /home/airflow/.local/lib/python3.12/site-packages/airflow/example_dags/example_python_operator.py
[2025-07-16T07:12:20.156+0000] {processor.py:914} INFO - Processing file /home/airflow/.local/lib/python3.12/site-packages/airflow/example_dags/example_python_operator.py for tasks to queue
[2025-07-16T07:12:20.158+0000] {logging_mixin.py:190} INFO - [2025-07-16T07:12:20.158+0000] {dagbag.py:587} INFO - Filling up the DagBag from /home/airflow/.local/lib/python3.12/site-packages/airflow/example_dags/example_python_operator.py
[2025-07-16T07:12:20.173+0000] {processor.py:925} INFO - DAG(s) 'example_python_operator' retrieved from /home/airflow/.local/lib/python3.12/site-packages/airflow/example_dags/example_python_operator.py
[2025-07-16T07:12:20.200+0000] {logging_mixin.py:190} INFO - [2025-07-16T07:12:20.200+0000] {dag.py:3229} INFO - Sync 1 DAGs
[2025-07-16T07:12:20.221+0000] {logging_mixin.py:190} INFO - [2025-07-16T07:12:20.221+0000] {dag.py:4156} INFO - Setting next_dagrun for example_python_operator to None, run_after=None
[2025-07-16T07:12:20.249+0000] {processor.py:208} INFO - Processing /home/airflow/.local/lib/python3.12/site-packages/airflow/example_dags/example_python_operator.py took 0.103 seconds
[2025-07-16T07:12:51.585+0000] {processor.py:186} INFO - Started process (PID=364) to work on /home/airflow/.local/lib/python3.12/site-packages/airflow/example_dags/example_python_operator.py
[2025-07-16T07:12:51.586+0000] {processor.py:914} INFO - Processing file /home/airflow/.local/lib/python3.12/site-packages/airflow/example_dags/example_python_operator.py for tasks to queue
[2025-07-16T07:12:51.589+0000] {logging_mixin.py:190} INFO - [2025-07-16T07:12:51.588+0000] {dagbag.py:587} INFO - Filling up the DagBag from /home/airflow/.local/lib/python3.12/site-packages/airflow/example_dags/example_python_operator.py
[2025-07-16T07:12:51.608+0000] {processor.py:925} INFO - DAG(s) 'example_python_operator' retrieved from /home/airflow/.local/lib/python3.12/site-packages/airflow/example_dags/example_python_operator.py
[2025-07-16T07:12:51.637+0000] {logging_mixin.py:190} INFO - [2025-07-16T07:12:51.636+0000] {dag.py:3229} INFO - Sync 1 DAGs
[2025-07-16T07:12:51.655+0000] {logging_mixin.py:190} INFO - [2025-07-16T07:12:51.654+0000] {dag.py:4156} INFO - Setting next_dagrun for example_python_operator to None, run_after=None
[2025-07-16T07:12:51.682+0000] {processor.py:208} INFO - Processing /home/airflow/.local/lib/python3.12/site-packages/airflow/example_dags/example_python_operator.py took 0.105 seconds
[2025-07-16T07:13:22.362+0000] {processor.py:186} INFO - Started process (PID=421) to work on /home/airflow/.local/lib/python3.12/site-packages/airflow/example_dags/example_python_operator.py
[2025-07-16T07:13:22.363+0000] {processor.py:914} INFO - Processing file /home/airflow/.local/lib/python3.12/site-packages/airflow/example_dags/example_python_operator.py for tasks to queue
[2025-07-16T07:13:22.366+0000] {logging_mixin.py:190} INFO - [2025-07-16T07:13:22.365+0000] {dagbag.py:587} INFO - Filling up the DagBag from /home/airflow/.local/lib/python3.12/site-packages/airflow/example_dags/example_python_operator.py
[2025-07-16T07:13:22.378+0000] {processor.py:925} INFO - DAG(s) 'example_python_operator' retrieved from /home/airflow/.local/lib/python3.12/site-packages/airflow/example_dags/example_python_operator.py
[2025-07-16T07:13:22.403+0000] {logging_mixin.py:190} INFO - [2025-07-16T07:13:22.403+0000] {dag.py:3229} INFO - Sync 1 DAGs
[2025-07-16T07:13:22.420+0000] {logging_mixin.py:190} INFO - [2025-07-16T07:13:22.420+0000] {dag.py:4156} INFO - Setting next_dagrun for example_python_operator to None, run_after=None
[2025-07-16T07:13:22.449+0000] {processor.py:208} INFO - Processing /home/airflow/.local/lib/python3.12/site-packages/airflow/example_dags/example_python_operator.py took 0.094 seconds
[2025-07-16T07:13:52.669+0000] {processor.py:186} INFO - Started process (PID=478) to work on /home/airflow/.local/lib/python3.12/site-packages/airflow/example_dags/example_python_operator.py
[2025-07-16T07:13:52.670+0000] {processor.py:914} INFO - Processing file /home/airflow/.local/lib/python3.12/site-packages/airflow/example_dags/example_python_operator.py for tasks to queue
[2025-07-16T07:13:52.673+0000] {logging_mixin.py:190} INFO - [2025-07-16T07:13:52.673+0000] {dagbag.py:587} INFO - Filling up the DagBag from /home/airflow/.local/lib/python3.12/site-packages/airflow/example_dags/example_python_operator.py
[2025-07-16T07:13:52.686+0000] {processor.py:925} INFO - DAG(s) 'example_python_operator' retrieved from /home/airflow/.local/lib/python3.12/site-packages/airflow/example_dags/example_python_operator.py
[2025-07-16T07:13:52.711+0000] {logging_mixin.py:190} INFO - [2025-07-16T07:13:52.711+0000] {dag.py:3229} INFO - Sync 1 DAGs
[2025-07-16T07:13:52.727+0000] {logging_mixin.py:190} INFO - [2025-07-16T07:13:52.727+0000] {dag.py:4156} INFO - Setting next_dagrun for example_python_operator to None, run_after=None
[2025-07-16T07:13:52.749+0000] {processor.py:208} INFO - Processing /home/airflow/.local/lib/python3.12/site-packages/airflow/example_dags/example_python_operator.py took 0.086 seconds
[2025-07-16T07:14:22.924+0000] {processor.py:186} INFO - Started process (PID=535) to work on /home/airflow/.local/lib/python3.12/site-packages/airflow/example_dags/example_python_operator.py
[2025-07-16T07:14:22.925+0000] {processor.py:914} INFO - Processing file /home/airflow/.local/lib/python3.12/site-packages/airflow/example_dags/example_python_operator.py for tasks to queue
[2025-07-16T07:14:22.927+0000] {logging_mixin.py:190} INFO - [2025-07-16T07:14:22.927+0000] {dagbag.py:587} INFO - Filling up the DagBag from /home/airflow/.local/lib/python3.12/site-packages/airflow/example_dags/example_python_operator.py
[2025-07-16T07:14:22.941+0000] {processor.py:925} INFO - DAG(s) 'example_python_operator' retrieved from /home/airflow/.local/lib/python3.12/site-packages/airflow/example_dags/example_python_operator.py
[2025-07-16T07:14:22.963+0000] {logging_mixin.py:190} INFO - [2025-07-16T07:14:22.962+0000] {dag.py:3229} INFO - Sync 1 DAGs
[2025-07-16T07:14:22.978+0000] {logging_mixin.py:190} INFO - [2025-07-16T07:14:22.978+0000] {dag.py:4156} INFO - Setting next_dagrun for example_python_operator to None, run_after=None
[2025-07-16T07:14:23.002+0000] {processor.py:208} INFO - Processing /home/airflow/.local/lib/python3.12/site-packages/airflow/example_dags/example_python_operator.py took 0.086 seconds
[2025-07-16T07:14:53.469+0000] {processor.py:186} INFO - Started process (PID=592) to work on /home/airflow/.local/lib/python3.12/site-packages/airflow/example_dags/example_python_operator.py
[2025-07-16T07:14:53.470+0000] {processor.py:914} INFO - Processing file /home/airflow/.local/lib/python3.12/site-packages/airflow/example_dags/example_python_operator.py for tasks to queue
[2025-07-16T07:14:53.472+0000] {logging_mixin.py:190} INFO - [2025-07-16T07:14:53.472+0000] {dagbag.py:587} INFO - Filling up the DagBag from /home/airflow/.local/lib/python3.12/site-packages/airflow/example_dags/example_python_operator.py
[2025-07-16T07:14:53.488+0000] {processor.py:925} INFO - DAG(s) 'example_python_operator' retrieved from /home/airflow/.local/lib/python3.12/site-packages/airflow/example_dags/example_python_operator.py
[2025-07-16T07:14:53.514+0000] {logging_mixin.py:190} INFO - [2025-07-16T07:14:53.514+0000] {dag.py:3229} INFO - Sync 1 DAGs
[2025-07-16T07:14:53.529+0000] {logging_mixin.py:190} INFO - [2025-07-16T07:14:53.529+0000] {dag.py:4156} INFO - Setting next_dagrun for example_python_operator to None, run_after=None
[2025-07-16T07:14:53.553+0000] {processor.py:208} INFO - Processing /home/airflow/.local/lib/python3.12/site-packages/airflow/example_dags/example_python_operator.py took 0.091 seconds
[2025-07-16T07:15:24.316+0000] {processor.py:186} INFO - Started process (PID=649) to work on /home/airflow/.local/lib/python3.12/site-packages/airflow/example_dags/example_python_operator.py
[2025-07-16T07:15:24.317+0000] {processor.py:914} INFO - Processing file /home/airflow/.local/lib/python3.12/site-packages/airflow/example_dags/example_python_operator.py for tasks to queue
[2025-07-16T07:15:24.320+0000] {logging_mixin.py:190} INFO - [2025-07-16T07:15:24.319+0000] {dagbag.py:587} INFO - Filling up the DagBag from /home/airflow/.local/lib/python3.12/site-packages/airflow/example_dags/example_python_operator.py
[2025-07-16T07:15:24.332+0000] {processor.py:925} INFO - DAG(s) 'example_python_operator' retrieved from /home/airflow/.local/lib/python3.12/site-packages/airflow/example_dags/example_python_operator.py
[2025-07-16T07:15:24.356+0000] {logging_mixin.py:190} INFO - [2025-07-16T07:15:24.356+0000] {dag.py:3229} INFO - Sync 1 DAGs
[2025-07-16T07:15:24.373+0000] {logging_mixin.py:190} INFO - [2025-07-16T07:15:24.373+0000] {dag.py:4156} INFO - Setting next_dagrun for example_python_operator to None, run_after=None
[2025-07-16T07:15:24.394+0000] {processor.py:208} INFO - Processing /home/airflow/.local/lib/python3.12/site-packages/airflow/example_dags/example_python_operator.py took 0.085 seconds
[2025-07-16T07:15:54.966+0000] {processor.py:186} INFO - Started process (PID=706) to work on /home/airflow/.local/lib/python3.12/site-packages/airflow/example_dags/example_python_operator.py
[2025-07-16T07:15:54.967+0000] {processor.py:914} INFO - Processing file /home/airflow/.local/lib/python3.12/site-packages/airflow/example_dags/example_python_operator.py for tasks to queue
[2025-07-16T07:15:54.970+0000] {logging_mixin.py:190} INFO - [2025-07-16T07:15:54.969+0000] {dagbag.py:587} INFO - Filling up the DagBag from /home/airflow/.local/lib/python3.12/site-packages/airflow/example_dags/example_python_operator.py
[2025-07-16T07:15:54.984+0000] {processor.py:925} INFO - DAG(s) 'example_python_operator' retrieved from /home/airflow/.local/lib/python3.12/site-packages/airflow/example_dags/example_python_operator.py
[2025-07-16T07:15:55.011+0000] {logging_mixin.py:190} INFO - [2025-07-16T07:15:55.011+0000] {dag.py:3229} INFO - Sync 1 DAGs
[2025-07-16T07:15:55.034+0000] {logging_mixin.py:190} INFO - [2025-07-16T07:15:55.034+0000] {dag.py:4156} INFO - Setting next_dagrun for example_python_operator to None, run_after=None
[2025-07-16T07:15:55.063+0000] {processor.py:208} INFO - Processing /home/airflow/.local/lib/python3.12/site-packages/airflow/example_dags/example_python_operator.py took 0.105 seconds
[2025-07-16T07:16:25.631+0000] {processor.py:186} INFO - Started process (PID=763) to work on /home/airflow/.local/lib/python3.12/site-packages/airflow/example_dags/example_python_operator.py
[2025-07-16T07:16:25.632+0000] {processor.py:914} INFO - Processing file /home/airflow/.local/lib/python3.12/site-packages/airflow/example_dags/example_python_operator.py for tasks to queue
[2025-07-16T07:16:25.635+0000] {logging_mixin.py:190} INFO - [2025-07-16T07:16:25.635+0000] {dagbag.py:587} INFO - Filling up the DagBag from /home/airflow/.local/lib/python3.12/site-packages/airflow/example_dags/example_python_operator.py
[2025-07-16T07:16:25.650+0000] {processor.py:925} INFO - DAG(s) 'example_python_operator' retrieved from /home/airflow/.local/lib/python3.12/site-packages/airflow/example_dags/example_python_operator.py
[2025-07-16T07:16:25.676+0000] {logging_mixin.py:190} INFO - [2025-07-16T07:16:25.676+0000] {dag.py:3229} INFO - Sync 1 DAGs
[2025-07-16T07:16:25.692+0000] {logging_mixin.py:190} INFO - [2025-07-16T07:16:25.692+0000] {dag.py:4156} INFO - Setting next_dagrun for example_python_operator to None, run_after=None
[2025-07-16T07:16:25.716+0000] {processor.py:208} INFO - Processing /home/airflow/.local/lib/python3.12/site-packages/airflow/example_dags/example_python_operator.py took 0.092 seconds
[2025-07-16T07:16:56.062+0000] {processor.py:186} INFO - Started process (PID=820) to work on /home/airflow/.local/lib/python3.12/site-packages/airflow/example_dags/example_python_operator.py
[2025-07-16T07:16:56.063+0000] {processor.py:914} INFO - Processing file /home/airflow/.local/lib/python3.12/site-packages/airflow/example_dags/example_python_operator.py for tasks to queue
[2025-07-16T07:16:56.066+0000] {logging_mixin.py:190} INFO - [2025-07-16T07:16:56.066+0000] {dagbag.py:587} INFO - Filling up the DagBag from /home/airflow/.local/lib/python3.12/site-packages/airflow/example_dags/example_python_operator.py
[2025-07-16T07:16:56.079+0000] {processor.py:925} INFO - DAG(s) 'example_python_operator' retrieved from /home/airflow/.local/lib/python3.12/site-packages/airflow/example_dags/example_python_operator.py
[2025-07-16T07:16:56.103+0000] {logging_mixin.py:190} INFO - [2025-07-16T07:16:56.103+0000] {dag.py:3229} INFO - Sync 1 DAGs
[2025-07-16T07:16:56.120+0000] {logging_mixin.py:190} INFO - [2025-07-16T07:16:56.120+0000] {dag.py:4156} INFO - Setting next_dagrun for example_python_operator to None, run_after=None
[2025-07-16T07:16:56.161+0000] {processor.py:208} INFO - Processing /home/airflow/.local/lib/python3.12/site-packages/airflow/example_dags/example_python_operator.py took 0.105 seconds
[2025-07-16T07:17:26.758+0000] {processor.py:186} INFO - Started process (PID=877) to work on /home/airflow/.local/lib/python3.12/site-packages/airflow/example_dags/example_python_operator.py
[2025-07-16T07:17:26.759+0000] {processor.py:914} INFO - Processing file /home/airflow/.local/lib/python3.12/site-packages/airflow/example_dags/example_python_operator.py for tasks to queue
[2025-07-16T07:17:26.762+0000] {logging_mixin.py:190} INFO - [2025-07-16T07:17:26.761+0000] {dagbag.py:587} INFO - Filling up the DagBag from /home/airflow/.local/lib/python3.12/site-packages/airflow/example_dags/example_python_operator.py
[2025-07-16T07:17:26.774+0000] {processor.py:925} INFO - DAG(s) 'example_python_operator' retrieved from /home/airflow/.local/lib/python3.12/site-packages/airflow/example_dags/example_python_operator.py
[2025-07-16T07:17:26.799+0000] {logging_mixin.py:190} INFO - [2025-07-16T07:17:26.799+0000] {dag.py:3229} INFO - Sync 1 DAGs
[2025-07-16T07:17:26.814+0000] {logging_mixin.py:190} INFO - [2025-07-16T07:17:26.814+0000] {dag.py:4156} INFO - Setting next_dagrun for example_python_operator to None, run_after=None
[2025-07-16T07:17:26.840+0000] {processor.py:208} INFO - Processing /home/airflow/.local/lib/python3.12/site-packages/airflow/example_dags/example_python_operator.py took 0.088 seconds
[2025-07-16T07:17:57.566+0000] {processor.py:186} INFO - Started process (PID=934) to work on /home/airflow/.local/lib/python3.12/site-packages/airflow/example_dags/example_python_operator.py
[2025-07-16T07:17:57.567+0000] {processor.py:914} INFO - Processing file /home/airflow/.local/lib/python3.12/site-packages/airflow/example_dags/example_python_operator.py for tasks to queue
[2025-07-16T07:17:57.570+0000] {logging_mixin.py:190} INFO - [2025-07-16T07:17:57.570+0000] {dagbag.py:587} INFO - Filling up the DagBag from /home/airflow/.local/lib/python3.12/site-packages/airflow/example_dags/example_python_operator.py
[2025-07-16T07:17:57.584+0000] {processor.py:925} INFO - DAG(s) 'example_python_operator' retrieved from /home/airflow/.local/lib/python3.12/site-packages/airflow/example_dags/example_python_operator.py
[2025-07-16T07:17:57.612+0000] {logging_mixin.py:190} INFO - [2025-07-16T07:17:57.612+0000] {dag.py:3229} INFO - Sync 1 DAGs
[2025-07-16T07:17:57.629+0000] {logging_mixin.py:190} INFO - [2025-07-16T07:17:57.629+0000] {dag.py:4156} INFO - Setting next_dagrun for example_python_operator to None, run_after=None
[2025-07-16T07:17:57.652+0000] {processor.py:208} INFO - Processing /home/airflow/.local/lib/python3.12/site-packages/airflow/example_dags/example_python_operator.py took 0.093 seconds
[2025-07-16T07:18:28.357+0000] {processor.py:186} INFO - Started process (PID=991) to work on /home/airflow/.local/lib/python3.12/site-packages/airflow/example_dags/example_python_operator.py
[2025-07-16T07:18:28.358+0000] {processor.py:914} INFO - Processing file /home/airflow/.local/lib/python3.12/site-packages/airflow/example_dags/example_python_operator.py for tasks to queue
[2025-07-16T07:18:28.361+0000] {logging_mixin.py:190} INFO - [2025-07-16T07:18:28.360+0000] {dagbag.py:587} INFO - Filling up the DagBag from /home/airflow/.local/lib/python3.12/site-packages/airflow/example_dags/example_python_operator.py
[2025-07-16T07:18:28.377+0000] {processor.py:925} INFO - DAG(s) 'example_python_operator' retrieved from /home/airflow/.local/lib/python3.12/site-packages/airflow/example_dags/example_python_operator.py
[2025-07-16T07:18:28.404+0000] {logging_mixin.py:190} INFO - [2025-07-16T07:18:28.404+0000] {dag.py:3229} INFO - Sync 1 DAGs
[2025-07-16T07:18:28.420+0000] {logging_mixin.py:190} INFO - [2025-07-16T07:18:28.419+0000] {dag.py:4156} INFO - Setting next_dagrun for example_python_operator to None, run_after=None
[2025-07-16T07:18:28.442+0000] {processor.py:208} INFO - Processing /home/airflow/.local/lib/python3.12/site-packages/airflow/example_dags/example_python_operator.py took 0.093 seconds
[2025-07-16T07:18:58.826+0000] {processor.py:186} INFO - Started process (PID=1048) to work on /home/airflow/.local/lib/python3.12/site-packages/airflow/example_dags/example_python_operator.py
[2025-07-16T07:18:58.827+0000] {processor.py:914} INFO - Processing file /home/airflow/.local/lib/python3.12/site-packages/airflow/example_dags/example_python_operator.py for tasks to queue
[2025-07-16T07:18:58.830+0000] {logging_mixin.py:190} INFO - [2025-07-16T07:18:58.830+0000] {dagbag.py:587} INFO - Filling up the DagBag from /home/airflow/.local/lib/python3.12/site-packages/airflow/example_dags/example_python_operator.py
[2025-07-16T07:18:58.848+0000] {processor.py:925} INFO - DAG(s) 'example_python_operator' retrieved from /home/airflow/.local/lib/python3.12/site-packages/airflow/example_dags/example_python_operator.py
[2025-07-16T07:18:58.881+0000] {logging_mixin.py:190} INFO - [2025-07-16T07:18:58.881+0000] {dag.py:3229} INFO - Sync 1 DAGs
[2025-07-16T07:18:58.900+0000] {logging_mixin.py:190} INFO - [2025-07-16T07:18:58.900+0000] {dag.py:4156} INFO - Setting next_dagrun for example_python_operator to None, run_after=None
[2025-07-16T07:18:58.925+0000] {processor.py:208} INFO - Processing /home/airflow/.local/lib/python3.12/site-packages/airflow/example_dags/example_python_operator.py took 0.107 seconds
[2025-07-16T07:19:29.398+0000] {processor.py:186} INFO - Started process (PID=1105) to work on /home/airflow/.local/lib/python3.12/site-packages/airflow/example_dags/example_python_operator.py
[2025-07-16T07:19:29.399+0000] {processor.py:914} INFO - Processing file /home/airflow/.local/lib/python3.12/site-packages/airflow/example_dags/example_python_operator.py for tasks to queue
[2025-07-16T07:19:29.402+0000] {logging_mixin.py:190} INFO - [2025-07-16T07:19:29.401+0000] {dagbag.py:587} INFO - Filling up the DagBag from /home/airflow/.local/lib/python3.12/site-packages/airflow/example_dags/example_python_operator.py
[2025-07-16T07:19:29.415+0000] {processor.py:925} INFO - DAG(s) 'example_python_operator' retrieved from /home/airflow/.local/lib/python3.12/site-packages/airflow/example_dags/example_python_operator.py
[2025-07-16T07:19:29.440+0000] {logging_mixin.py:190} INFO - [2025-07-16T07:19:29.440+0000] {dag.py:3229} INFO - Sync 1 DAGs
[2025-07-16T07:19:29.456+0000] {logging_mixin.py:190} INFO - [2025-07-16T07:19:29.456+0000] {dag.py:4156} INFO - Setting next_dagrun for example_python_operator to None, run_after=None
[2025-07-16T07:19:29.479+0000] {processor.py:208} INFO - Processing /home/airflow/.local/lib/python3.12/site-packages/airflow/example_dags/example_python_operator.py took 0.088 seconds
[2025-07-16T07:19:59.798+0000] {processor.py:186} INFO - Started process (PID=1162) to work on /home/airflow/.local/lib/python3.12/site-packages/airflow/example_dags/example_python_operator.py
[2025-07-16T07:19:59.799+0000] {processor.py:914} INFO - Processing file /home/airflow/.local/lib/python3.12/site-packages/airflow/example_dags/example_python_operator.py for tasks to queue
[2025-07-16T07:19:59.802+0000] {logging_mixin.py:190} INFO - [2025-07-16T07:19:59.802+0000] {dagbag.py:587} INFO - Filling up the DagBag from /home/airflow/.local/lib/python3.12/site-packages/airflow/example_dags/example_python_operator.py
[2025-07-16T07:19:59.821+0000] {processor.py:925} INFO - DAG(s) 'example_python_operator' retrieved from /home/airflow/.local/lib/python3.12/site-packages/airflow/example_dags/example_python_operator.py
[2025-07-16T07:19:59.856+0000] {logging_mixin.py:190} INFO - [2025-07-16T07:19:59.856+0000] {dag.py:3229} INFO - Sync 1 DAGs
[2025-07-16T07:19:59.871+0000] {logging_mixin.py:190} INFO - [2025-07-16T07:19:59.871+0000] {dag.py:4156} INFO - Setting next_dagrun for example_python_operator to None, run_after=None
[2025-07-16T07:19:59.893+0000] {processor.py:208} INFO - Processing /home/airflow/.local/lib/python3.12/site-packages/airflow/example_dags/example_python_operator.py took 0.103 seconds
[2025-07-16T07:20:30.194+0000] {processor.py:186} INFO - Started process (PID=1219) to work on /home/airflow/.local/lib/python3.12/site-packages/airflow/example_dags/example_python_operator.py
[2025-07-16T07:20:30.195+0000] {processor.py:914} INFO - Processing file /home/airflow/.local/lib/python3.12/site-packages/airflow/example_dags/example_python_operator.py for tasks to queue
[2025-07-16T07:20:30.198+0000] {logging_mixin.py:190} INFO - [2025-07-16T07:20:30.197+0000] {dagbag.py:587} INFO - Filling up the DagBag from /home/airflow/.local/lib/python3.12/site-packages/airflow/example_dags/example_python_operator.py
[2025-07-16T07:20:30.210+0000] {processor.py:925} INFO - DAG(s) 'example_python_operator' retrieved from /home/airflow/.local/lib/python3.12/site-packages/airflow/example_dags/example_python_operator.py
[2025-07-16T07:20:30.235+0000] {logging_mixin.py:190} INFO - [2025-07-16T07:20:30.235+0000] {dag.py:3229} INFO - Sync 1 DAGs
[2025-07-16T07:20:30.253+0000] {logging_mixin.py:190} INFO - [2025-07-16T07:20:30.252+0000] {dag.py:4156} INFO - Setting next_dagrun for example_python_operator to None, run_after=None
[2025-07-16T07:20:30.280+0000] {processor.py:208} INFO - Processing /home/airflow/.local/lib/python3.12/site-packages/airflow/example_dags/example_python_operator.py took 0.092 seconds
[2025-07-16T07:21:01.202+0000] {processor.py:186} INFO - Started process (PID=1276) to work on /home/airflow/.local/lib/python3.12/site-packages/airflow/example_dags/example_python_operator.py
[2025-07-16T07:21:01.204+0000] {processor.py:914} INFO - Processing file /home/airflow/.local/lib/python3.12/site-packages/airflow/example_dags/example_python_operator.py for tasks to queue
[2025-07-16T07:21:01.209+0000] {logging_mixin.py:190} INFO - [2025-07-16T07:21:01.208+0000] {dagbag.py:587} INFO - Filling up the DagBag from /home/airflow/.local/lib/python3.12/site-packages/airflow/example_dags/example_python_operator.py
[2025-07-16T07:21:01.231+0000] {processor.py:925} INFO - DAG(s) 'example_python_operator' retrieved from /home/airflow/.local/lib/python3.12/site-packages/airflow/example_dags/example_python_operator.py
[2025-07-16T07:21:01.257+0000] {logging_mixin.py:190} INFO - [2025-07-16T07:21:01.257+0000] {dag.py:3229} INFO - Sync 1 DAGs
[2025-07-16T07:21:01.276+0000] {logging_mixin.py:190} INFO - [2025-07-16T07:21:01.276+0000] {dag.py:4156} INFO - Setting next_dagrun for example_python_operator to None, run_after=None
[2025-07-16T07:21:01.301+0000] {processor.py:208} INFO - Processing /home/airflow/.local/lib/python3.12/site-packages/airflow/example_dags/example_python_operator.py took 0.114 seconds
[2025-07-16T07:21:31.918+0000] {processor.py:186} INFO - Started process (PID=1333) to work on /home/airflow/.local/lib/python3.12/site-packages/airflow/example_dags/example_python_operator.py
[2025-07-16T07:21:31.919+0000] {processor.py:914} INFO - Processing file /home/airflow/.local/lib/python3.12/site-packages/airflow/example_dags/example_python_operator.py for tasks to queue
[2025-07-16T07:21:31.921+0000] {logging_mixin.py:190} INFO - [2025-07-16T07:21:31.921+0000] {dagbag.py:587} INFO - Filling up the DagBag from /home/airflow/.local/lib/python3.12/site-packages/airflow/example_dags/example_python_operator.py
[2025-07-16T07:21:31.934+0000] {processor.py:925} INFO - DAG(s) 'example_python_operator' retrieved from /home/airflow/.local/lib/python3.12/site-packages/airflow/example_dags/example_python_operator.py
[2025-07-16T07:21:31.958+0000] {logging_mixin.py:190} INFO - [2025-07-16T07:21:31.958+0000] {dag.py:3229} INFO - Sync 1 DAGs
[2025-07-16T07:21:31.973+0000] {logging_mixin.py:190} INFO - [2025-07-16T07:21:31.972+0000] {dag.py:4156} INFO - Setting next_dagrun for example_python_operator to None, run_after=None
[2025-07-16T07:21:31.999+0000] {processor.py:208} INFO - Processing /home/airflow/.local/lib/python3.12/site-packages/airflow/example_dags/example_python_operator.py took 0.087 seconds
[2025-07-16T07:22:02.827+0000] {processor.py:186} INFO - Started process (PID=1390) to work on /home/airflow/.local/lib/python3.12/site-packages/airflow/example_dags/example_python_operator.py
[2025-07-16T07:22:02.828+0000] {processor.py:914} INFO - Processing file /home/airflow/.local/lib/python3.12/site-packages/airflow/example_dags/example_python_operator.py for tasks to queue
[2025-07-16T07:22:02.830+0000] {logging_mixin.py:190} INFO - [2025-07-16T07:22:02.830+0000] {dagbag.py:587} INFO - Filling up the DagBag from /home/airflow/.local/lib/python3.12/site-packages/airflow/example_dags/example_python_operator.py
[2025-07-16T07:22:02.844+0000] {processor.py:925} INFO - DAG(s) 'example_python_operator' retrieved from /home/airflow/.local/lib/python3.12/site-packages/airflow/example_dags/example_python_operator.py
[2025-07-16T07:22:02.868+0000] {logging_mixin.py:190} INFO - [2025-07-16T07:22:02.868+0000] {dag.py:3229} INFO - Sync 1 DAGs
[2025-07-16T07:22:02.883+0000] {logging_mixin.py:190} INFO - [2025-07-16T07:22:02.883+0000] {dag.py:4156} INFO - Setting next_dagrun for example_python_operator to None, run_after=None
[2025-07-16T07:22:02.906+0000] {processor.py:208} INFO - Processing /home/airflow/.local/lib/python3.12/site-packages/airflow/example_dags/example_python_operator.py took 0.086 seconds
[2025-07-16T07:22:33.616+0000] {processor.py:186} INFO - Started process (PID=1447) to work on /home/airflow/.local/lib/python3.12/site-packages/airflow/example_dags/example_python_operator.py
[2025-07-16T07:22:33.617+0000] {processor.py:914} INFO - Processing file /home/airflow/.local/lib/python3.12/site-packages/airflow/example_dags/example_python_operator.py for tasks to queue
[2025-07-16T07:22:33.621+0000] {logging_mixin.py:190} INFO - [2025-07-16T07:22:33.620+0000] {dagbag.py:587} INFO - Filling up the DagBag from /home/airflow/.local/lib/python3.12/site-packages/airflow/example_dags/example_python_operator.py
[2025-07-16T07:22:33.634+0000] {processor.py:925} INFO - DAG(s) 'example_python_operator' retrieved from /home/airflow/.local/lib/python3.12/site-packages/airflow/example_dags/example_python_operator.py
[2025-07-16T07:22:33.659+0000] {logging_mixin.py:190} INFO - [2025-07-16T07:22:33.659+0000] {dag.py:3229} INFO - Sync 1 DAGs
[2025-07-16T07:22:33.676+0000] {logging_mixin.py:190} INFO - [2025-07-16T07:22:33.676+0000] {dag.py:4156} INFO - Setting next_dagrun for example_python_operator to None, run_after=None
[2025-07-16T07:22:33.700+0000] {processor.py:208} INFO - Processing /home/airflow/.local/lib/python3.12/site-packages/airflow/example_dags/example_python_operator.py took 0.091 seconds
[2025-07-16T07:23:04.704+0000] {processor.py:186} INFO - Started process (PID=1504) to work on /home/airflow/.local/lib/python3.12/site-packages/airflow/example_dags/example_python_operator.py
[2025-07-16T07:23:04.705+0000] {processor.py:914} INFO - Processing file /home/airflow/.local/lib/python3.12/site-packages/airflow/example_dags/example_python_operator.py for tasks to queue
[2025-07-16T07:23:04.707+0000] {logging_mixin.py:190} INFO - [2025-07-16T07:23:04.707+0000] {dagbag.py:587} INFO - Filling up the DagBag from /home/airflow/.local/lib/python3.12/site-packages/airflow/example_dags/example_python_operator.py
[2025-07-16T07:23:04.719+0000] {processor.py:925} INFO - DAG(s) 'example_python_operator' retrieved from /home/airflow/.local/lib/python3.12/site-packages/airflow/example_dags/example_python_operator.py
[2025-07-16T07:23:04.742+0000] {logging_mixin.py:190} INFO - [2025-07-16T07:23:04.741+0000] {dag.py:3229} INFO - Sync 1 DAGs
[2025-07-16T07:23:04.756+0000] {logging_mixin.py:190} INFO - [2025-07-16T07:23:04.756+0000] {dag.py:4156} INFO - Setting next_dagrun for example_python_operator to None, run_after=None
[2025-07-16T07:23:04.780+0000] {processor.py:208} INFO - Processing /home/airflow/.local/lib/python3.12/site-packages/airflow/example_dags/example_python_operator.py took 0.082 seconds
[2025-07-16T07:23:35.818+0000] {processor.py:186} INFO - Started process (PID=1561) to work on /home/airflow/.local/lib/python3.12/site-packages/airflow/example_dags/example_python_operator.py
[2025-07-16T07:23:35.819+0000] {processor.py:914} INFO - Processing file /home/airflow/.local/lib/python3.12/site-packages/airflow/example_dags/example_python_operator.py for tasks to queue
[2025-07-16T07:23:35.823+0000] {logging_mixin.py:190} INFO - [2025-07-16T07:23:35.822+0000] {dagbag.py:587} INFO - Filling up the DagBag from /home/airflow/.local/lib/python3.12/site-packages/airflow/example_dags/example_python_operator.py
[2025-07-16T07:23:35.836+0000] {processor.py:925} INFO - DAG(s) 'example_python_operator' retrieved from /home/airflow/.local/lib/python3.12/site-packages/airflow/example_dags/example_python_operator.py
[2025-07-16T07:23:35.872+0000] {logging_mixin.py:190} INFO - [2025-07-16T07:23:35.871+0000] {dag.py:3229} INFO - Sync 1 DAGs
[2025-07-16T07:23:35.889+0000] {logging_mixin.py:190} INFO - [2025-07-16T07:23:35.888+0000] {dag.py:4156} INFO - Setting next_dagrun for example_python_operator to None, run_after=None
[2025-07-16T07:23:35.923+0000] {processor.py:208} INFO - Processing /home/airflow/.local/lib/python3.12/site-packages/airflow/example_dags/example_python_operator.py took 0.113 seconds
[2025-07-16T07:24:06.305+0000] {processor.py:186} INFO - Started process (PID=1618) to work on /home/airflow/.local/lib/python3.12/site-packages/airflow/example_dags/example_python_operator.py
[2025-07-16T07:24:06.306+0000] {processor.py:914} INFO - Processing file /home/airflow/.local/lib/python3.12/site-packages/airflow/example_dags/example_python_operator.py for tasks to queue
[2025-07-16T07:24:06.309+0000] {logging_mixin.py:190} INFO - [2025-07-16T07:24:06.308+0000] {dagbag.py:587} INFO - Filling up the DagBag from /home/airflow/.local/lib/python3.12/site-packages/airflow/example_dags/example_python_operator.py
[2025-07-16T07:24:06.322+0000] {processor.py:925} INFO - DAG(s) 'example_python_operator' retrieved from /home/airflow/.local/lib/python3.12/site-packages/airflow/example_dags/example_python_operator.py
[2025-07-16T07:24:06.350+0000] {logging_mixin.py:190} INFO - [2025-07-16T07:24:06.350+0000] {dag.py:3229} INFO - Sync 1 DAGs
[2025-07-16T07:24:06.369+0000] {logging_mixin.py:190} INFO - [2025-07-16T07:24:06.368+0000] {dag.py:4156} INFO - Setting next_dagrun for example_python_operator to None, run_after=None
[2025-07-16T07:24:06.397+0000] {processor.py:208} INFO - Processing /home/airflow/.local/lib/python3.12/site-packages/airflow/example_dags/example_python_operator.py took 0.100 seconds
[2025-07-16T07:24:37.261+0000] {processor.py:186} INFO - Started process (PID=1675) to work on /home/airflow/.local/lib/python3.12/site-packages/airflow/example_dags/example_python_operator.py
[2025-07-16T07:24:37.262+0000] {processor.py:914} INFO - Processing file /home/airflow/.local/lib/python3.12/site-packages/airflow/example_dags/example_python_operator.py for tasks to queue
[2025-07-16T07:24:37.264+0000] {logging_mixin.py:190} INFO - [2025-07-16T07:24:37.264+0000] {dagbag.py:587} INFO - Filling up the DagBag from /home/airflow/.local/lib/python3.12/site-packages/airflow/example_dags/example_python_operator.py
[2025-07-16T07:24:37.277+0000] {processor.py:925} INFO - DAG(s) 'example_python_operator' retrieved from /home/airflow/.local/lib/python3.12/site-packages/airflow/example_dags/example_python_operator.py
[2025-07-16T07:24:37.301+0000] {logging_mixin.py:190} INFO - [2025-07-16T07:24:37.301+0000] {dag.py:3229} INFO - Sync 1 DAGs
[2025-07-16T07:24:37.323+0000] {logging_mixin.py:190} INFO - [2025-07-16T07:24:37.323+0000] {dag.py:4156} INFO - Setting next_dagrun for example_python_operator to None, run_after=None
[2025-07-16T07:24:37.349+0000] {processor.py:208} INFO - Processing /home/airflow/.local/lib/python3.12/site-packages/airflow/example_dags/example_python_operator.py took 0.095 seconds
[2025-07-16T07:25:08.417+0000] {processor.py:186} INFO - Started process (PID=1732) to work on /home/airflow/.local/lib/python3.12/site-packages/airflow/example_dags/example_python_operator.py
[2025-07-16T07:25:08.419+0000] {processor.py:914} INFO - Processing file /home/airflow/.local/lib/python3.12/site-packages/airflow/example_dags/example_python_operator.py for tasks to queue
[2025-07-16T07:25:08.422+0000] {logging_mixin.py:190} INFO - [2025-07-16T07:25:08.422+0000] {dagbag.py:587} INFO - Filling up the DagBag from /home/airflow/.local/lib/python3.12/site-packages/airflow/example_dags/example_python_operator.py
[2025-07-16T07:25:08.435+0000] {processor.py:925} INFO - DAG(s) 'example_python_operator' retrieved from /home/airflow/.local/lib/python3.12/site-packages/airflow/example_dags/example_python_operator.py
[2025-07-16T07:25:08.459+0000] {logging_mixin.py:190} INFO - [2025-07-16T07:25:08.459+0000] {dag.py:3229} INFO - Sync 1 DAGs
[2025-07-16T07:25:08.476+0000] {logging_mixin.py:190} INFO - [2025-07-16T07:25:08.476+0000] {dag.py:4156} INFO - Setting next_dagrun for example_python_operator to None, run_after=None
[2025-07-16T07:25:08.498+0000] {processor.py:208} INFO - Processing /home/airflow/.local/lib/python3.12/site-packages/airflow/example_dags/example_python_operator.py took 0.089 seconds
[2025-07-16T07:25:39.390+0000] {processor.py:186} INFO - Started process (PID=1789) to work on /home/airflow/.local/lib/python3.12/site-packages/airflow/example_dags/example_python_operator.py
[2025-07-16T07:25:39.391+0000] {processor.py:914} INFO - Processing file /home/airflow/.local/lib/python3.12/site-packages/airflow/example_dags/example_python_operator.py for tasks to queue
[2025-07-16T07:25:39.394+0000] {logging_mixin.py:190} INFO - [2025-07-16T07:25:39.393+0000] {dagbag.py:587} INFO - Filling up the DagBag from /home/airflow/.local/lib/python3.12/site-packages/airflow/example_dags/example_python_operator.py
[2025-07-16T07:25:39.407+0000] {processor.py:925} INFO - DAG(s) 'example_python_operator' retrieved from /home/airflow/.local/lib/python3.12/site-packages/airflow/example_dags/example_python_operator.py
[2025-07-16T07:25:39.432+0000] {logging_mixin.py:190} INFO - [2025-07-16T07:25:39.432+0000] {dag.py:3229} INFO - Sync 1 DAGs
[2025-07-16T07:25:39.447+0000] {logging_mixin.py:190} INFO - [2025-07-16T07:25:39.447+0000] {dag.py:4156} INFO - Setting next_dagrun for example_python_operator to None, run_after=None
[2025-07-16T07:25:39.477+0000] {processor.py:208} INFO - Processing /home/airflow/.local/lib/python3.12/site-packages/airflow/example_dags/example_python_operator.py took 0.094 seconds
[2025-07-16T07:26:10.089+0000] {processor.py:186} INFO - Started process (PID=1846) to work on /home/airflow/.local/lib/python3.12/site-packages/airflow/example_dags/example_python_operator.py
[2025-07-16T07:26:10.091+0000] {processor.py:914} INFO - Processing file /home/airflow/.local/lib/python3.12/site-packages/airflow/example_dags/example_python_operator.py for tasks to queue
[2025-07-16T07:26:10.095+0000] {logging_mixin.py:190} INFO - [2025-07-16T07:26:10.094+0000] {dagbag.py:587} INFO - Filling up the DagBag from /home/airflow/.local/lib/python3.12/site-packages/airflow/example_dags/example_python_operator.py
[2025-07-16T07:26:10.114+0000] {processor.py:925} INFO - DAG(s) 'example_python_operator' retrieved from /home/airflow/.local/lib/python3.12/site-packages/airflow/example_dags/example_python_operator.py
[2025-07-16T07:26:10.183+0000] {logging_mixin.py:190} INFO - [2025-07-16T07:26:10.182+0000] {dag.py:3229} INFO - Sync 1 DAGs
[2025-07-16T07:26:10.215+0000] {logging_mixin.py:190} INFO - [2025-07-16T07:26:10.215+0000] {dag.py:4156} INFO - Setting next_dagrun for example_python_operator to None, run_after=None
[2025-07-16T07:26:10.244+0000] {processor.py:208} INFO - Processing /home/airflow/.local/lib/python3.12/site-packages/airflow/example_dags/example_python_operator.py took 0.165 seconds
[2025-07-16T07:26:41.153+0000] {processor.py:186} INFO - Started process (PID=1903) to work on /home/airflow/.local/lib/python3.12/site-packages/airflow/example_dags/example_python_operator.py
[2025-07-16T07:26:41.154+0000] {processor.py:914} INFO - Processing file /home/airflow/.local/lib/python3.12/site-packages/airflow/example_dags/example_python_operator.py for tasks to queue
[2025-07-16T07:26:41.157+0000] {logging_mixin.py:190} INFO - [2025-07-16T07:26:41.156+0000] {dagbag.py:587} INFO - Filling up the DagBag from /home/airflow/.local/lib/python3.12/site-packages/airflow/example_dags/example_python_operator.py
[2025-07-16T07:26:41.170+0000] {processor.py:925} INFO - DAG(s) 'example_python_operator' retrieved from /home/airflow/.local/lib/python3.12/site-packages/airflow/example_dags/example_python_operator.py
[2025-07-16T07:26:41.197+0000] {logging_mixin.py:190} INFO - [2025-07-16T07:26:41.197+0000] {dag.py:3229} INFO - Sync 1 DAGs
[2025-07-16T07:26:41.214+0000] {logging_mixin.py:190} INFO - [2025-07-16T07:26:41.214+0000] {dag.py:4156} INFO - Setting next_dagrun for example_python_operator to None, run_after=None
[2025-07-16T07:26:41.239+0000] {processor.py:208} INFO - Processing /home/airflow/.local/lib/python3.12/site-packages/airflow/example_dags/example_python_operator.py took 0.093 seconds
[2025-07-16T07:27:12.122+0000] {processor.py:186} INFO - Started process (PID=1960) to work on /home/airflow/.local/lib/python3.12/site-packages/airflow/example_dags/example_python_operator.py
[2025-07-16T07:27:12.123+0000] {processor.py:914} INFO - Processing file /home/airflow/.local/lib/python3.12/site-packages/airflow/example_dags/example_python_operator.py for tasks to queue
[2025-07-16T07:27:12.126+0000] {logging_mixin.py:190} INFO - [2025-07-16T07:27:12.126+0000] {dagbag.py:587} INFO - Filling up the DagBag from /home/airflow/.local/lib/python3.12/site-packages/airflow/example_dags/example_python_operator.py
[2025-07-16T07:27:12.138+0000] {processor.py:925} INFO - DAG(s) 'example_python_operator' retrieved from /home/airflow/.local/lib/python3.12/site-packages/airflow/example_dags/example_python_operator.py
[2025-07-16T07:27:12.162+0000] {logging_mixin.py:190} INFO - [2025-07-16T07:27:12.162+0000] {dag.py:3229} INFO - Sync 1 DAGs
[2025-07-16T07:27:12.177+0000] {logging_mixin.py:190} INFO - [2025-07-16T07:27:12.177+0000] {dag.py:4156} INFO - Setting next_dagrun for example_python_operator to None, run_after=None
[2025-07-16T07:27:12.200+0000] {processor.py:208} INFO - Processing /home/airflow/.local/lib/python3.12/site-packages/airflow/example_dags/example_python_operator.py took 0.084 seconds
[2025-07-16T07:27:42.733+0000] {processor.py:186} INFO - Started process (PID=2017) to work on /home/airflow/.local/lib/python3.12/site-packages/airflow/example_dags/example_python_operator.py
[2025-07-16T07:27:42.734+0000] {processor.py:914} INFO - Processing file /home/airflow/.local/lib/python3.12/site-packages/airflow/example_dags/example_python_operator.py for tasks to queue
[2025-07-16T07:27:42.737+0000] {logging_mixin.py:190} INFO - [2025-07-16T07:27:42.737+0000] {dagbag.py:587} INFO - Filling up the DagBag from /home/airflow/.local/lib/python3.12/site-packages/airflow/example_dags/example_python_operator.py
[2025-07-16T07:27:42.752+0000] {processor.py:925} INFO - DAG(s) 'example_python_operator' retrieved from /home/airflow/.local/lib/python3.12/site-packages/airflow/example_dags/example_python_operator.py
[2025-07-16T07:27:42.781+0000] {logging_mixin.py:190} INFO - [2025-07-16T07:27:42.781+0000] {dag.py:3229} INFO - Sync 1 DAGs
[2025-07-16T07:27:42.806+0000] {logging_mixin.py:190} INFO - [2025-07-16T07:27:42.805+0000] {dag.py:4156} INFO - Setting next_dagrun for example_python_operator to None, run_after=None
[2025-07-16T07:27:42.833+0000] {processor.py:208} INFO - Processing /home/airflow/.local/lib/python3.12/site-packages/airflow/example_dags/example_python_operator.py took 0.109 seconds
[2025-07-16T07:28:13.233+0000] {processor.py:186} INFO - Started process (PID=2074) to work on /home/airflow/.local/lib/python3.12/site-packages/airflow/example_dags/example_python_operator.py
[2025-07-16T07:28:13.235+0000] {processor.py:914} INFO - Processing file /home/airflow/.local/lib/python3.12/site-packages/airflow/example_dags/example_python_operator.py for tasks to queue
[2025-07-16T07:28:13.238+0000] {logging_mixin.py:190} INFO - [2025-07-16T07:28:13.238+0000] {dagbag.py:587} INFO - Filling up the DagBag from /home/airflow/.local/lib/python3.12/site-packages/airflow/example_dags/example_python_operator.py
[2025-07-16T07:28:13.252+0000] {processor.py:925} INFO - DAG(s) 'example_python_operator' retrieved from /home/airflow/.local/lib/python3.12/site-packages/airflow/example_dags/example_python_operator.py
[2025-07-16T07:28:13.274+0000] {logging_mixin.py:190} INFO - [2025-07-16T07:28:13.274+0000] {dag.py:3229} INFO - Sync 1 DAGs
[2025-07-16T07:28:13.289+0000] {logging_mixin.py:190} INFO - [2025-07-16T07:28:13.289+0000] {dag.py:4156} INFO - Setting next_dagrun for example_python_operator to None, run_after=None
[2025-07-16T07:28:13.310+0000] {processor.py:208} INFO - Processing /home/airflow/.local/lib/python3.12/site-packages/airflow/example_dags/example_python_operator.py took 0.083 seconds
[2025-07-16T07:28:43.708+0000] {processor.py:186} INFO - Started process (PID=2131) to work on /home/airflow/.local/lib/python3.12/site-packages/airflow/example_dags/example_python_operator.py
[2025-07-16T07:28:43.709+0000] {processor.py:914} INFO - Processing file /home/airflow/.local/lib/python3.12/site-packages/airflow/example_dags/example_python_operator.py for tasks to queue
[2025-07-16T07:28:43.712+0000] {logging_mixin.py:190} INFO - [2025-07-16T07:28:43.712+0000] {dagbag.py:587} INFO - Filling up the DagBag from /home/airflow/.local/lib/python3.12/site-packages/airflow/example_dags/example_python_operator.py
[2025-07-16T07:28:43.729+0000] {processor.py:925} INFO - DAG(s) 'example_python_operator' retrieved from /home/airflow/.local/lib/python3.12/site-packages/airflow/example_dags/example_python_operator.py
[2025-07-16T07:28:43.754+0000] {logging_mixin.py:190} INFO - [2025-07-16T07:28:43.754+0000] {dag.py:3229} INFO - Sync 1 DAGs
[2025-07-16T07:28:43.772+0000] {logging_mixin.py:190} INFO - [2025-07-16T07:28:43.772+0000] {dag.py:4156} INFO - Setting next_dagrun for example_python_operator to None, run_after=None
[2025-07-16T07:28:43.798+0000] {processor.py:208} INFO - Processing /home/airflow/.local/lib/python3.12/site-packages/airflow/example_dags/example_python_operator.py took 0.100 seconds
[2025-07-16T07:29:14.423+0000] {processor.py:186} INFO - Started process (PID=2188) to work on /home/airflow/.local/lib/python3.12/site-packages/airflow/example_dags/example_python_operator.py
[2025-07-16T07:29:14.425+0000] {processor.py:914} INFO - Processing file /home/airflow/.local/lib/python3.12/site-packages/airflow/example_dags/example_python_operator.py for tasks to queue
[2025-07-16T07:29:14.427+0000] {logging_mixin.py:190} INFO - [2025-07-16T07:29:14.427+0000] {dagbag.py:587} INFO - Filling up the DagBag from /home/airflow/.local/lib/python3.12/site-packages/airflow/example_dags/example_python_operator.py
[2025-07-16T07:29:14.440+0000] {processor.py:925} INFO - DAG(s) 'example_python_operator' retrieved from /home/airflow/.local/lib/python3.12/site-packages/airflow/example_dags/example_python_operator.py
[2025-07-16T07:29:14.464+0000] {logging_mixin.py:190} INFO - [2025-07-16T07:29:14.463+0000] {dag.py:3229} INFO - Sync 1 DAGs
[2025-07-16T07:29:14.479+0000] {logging_mixin.py:190} INFO - [2025-07-16T07:29:14.479+0000] {dag.py:4156} INFO - Setting next_dagrun for example_python_operator to None, run_after=None
[2025-07-16T07:29:14.501+0000] {processor.py:208} INFO - Processing /home/airflow/.local/lib/python3.12/site-packages/airflow/example_dags/example_python_operator.py took 0.085 seconds
[2025-07-16T07:29:45.096+0000] {processor.py:186} INFO - Started process (PID=2245) to work on /home/airflow/.local/lib/python3.12/site-packages/airflow/example_dags/example_python_operator.py
[2025-07-16T07:29:45.097+0000] {processor.py:914} INFO - Processing file /home/airflow/.local/lib/python3.12/site-packages/airflow/example_dags/example_python_operator.py for tasks to queue
[2025-07-16T07:29:45.100+0000] {logging_mixin.py:190} INFO - [2025-07-16T07:29:45.099+0000] {dagbag.py:587} INFO - Filling up the DagBag from /home/airflow/.local/lib/python3.12/site-packages/airflow/example_dags/example_python_operator.py
[2025-07-16T07:29:45.115+0000] {processor.py:925} INFO - DAG(s) 'example_python_operator' retrieved from /home/airflow/.local/lib/python3.12/site-packages/airflow/example_dags/example_python_operator.py
[2025-07-16T07:29:45.148+0000] {logging_mixin.py:190} INFO - [2025-07-16T07:29:45.148+0000] {dag.py:3229} INFO - Sync 1 DAGs
[2025-07-16T07:29:45.168+0000] {logging_mixin.py:190} INFO - [2025-07-16T07:29:45.168+0000] {dag.py:4156} INFO - Setting next_dagrun for example_python_operator to None, run_after=None
[2025-07-16T07:29:45.191+0000] {processor.py:208} INFO - Processing /home/airflow/.local/lib/python3.12/site-packages/airflow/example_dags/example_python_operator.py took 0.102 seconds
[2025-07-16T07:30:16.415+0000] {processor.py:186} INFO - Started process (PID=2302) to work on /home/airflow/.local/lib/python3.12/site-packages/airflow/example_dags/example_python_operator.py
[2025-07-16T07:30:16.416+0000] {processor.py:914} INFO - Processing file /home/airflow/.local/lib/python3.12/site-packages/airflow/example_dags/example_python_operator.py for tasks to queue
[2025-07-16T07:30:16.419+0000] {logging_mixin.py:190} INFO - [2025-07-16T07:30:16.419+0000] {dagbag.py:587} INFO - Filling up the DagBag from /home/airflow/.local/lib/python3.12/site-packages/airflow/example_dags/example_python_operator.py
[2025-07-16T07:30:16.434+0000] {processor.py:925} INFO - DAG(s) 'example_python_operator' retrieved from /home/airflow/.local/lib/python3.12/site-packages/airflow/example_dags/example_python_operator.py
[2025-07-16T07:30:16.460+0000] {logging_mixin.py:190} INFO - [2025-07-16T07:30:16.460+0000] {dag.py:3229} INFO - Sync 1 DAGs
[2025-07-16T07:30:16.477+0000] {logging_mixin.py:190} INFO - [2025-07-16T07:30:16.476+0000] {dag.py:4156} INFO - Setting next_dagrun for example_python_operator to None, run_after=None
[2025-07-16T07:30:16.504+0000] {processor.py:208} INFO - Processing /home/airflow/.local/lib/python3.12/site-packages/airflow/example_dags/example_python_operator.py took 0.095 seconds
[2025-07-16T07:30:47.953+0000] {processor.py:186} INFO - Started process (PID=2359) to work on /home/airflow/.local/lib/python3.12/site-packages/airflow/example_dags/example_python_operator.py
[2025-07-16T07:30:47.954+0000] {processor.py:914} INFO - Processing file /home/airflow/.local/lib/python3.12/site-packages/airflow/example_dags/example_python_operator.py for tasks to queue
[2025-07-16T07:30:47.957+0000] {logging_mixin.py:190} INFO - [2025-07-16T07:30:47.956+0000] {dagbag.py:587} INFO - Filling up the DagBag from /home/airflow/.local/lib/python3.12/site-packages/airflow/example_dags/example_python_operator.py
[2025-07-16T07:30:47.971+0000] {processor.py:925} INFO - DAG(s) 'example_python_operator' retrieved from /home/airflow/.local/lib/python3.12/site-packages/airflow/example_dags/example_python_operator.py
[2025-07-16T07:30:48.000+0000] {logging_mixin.py:190} INFO - [2025-07-16T07:30:48.000+0000] {dag.py:3229} INFO - Sync 1 DAGs
[2025-07-16T07:30:48.019+0000] {logging_mixin.py:190} INFO - [2025-07-16T07:30:48.019+0000] {dag.py:4156} INFO - Setting next_dagrun for example_python_operator to None, run_after=None
[2025-07-16T07:30:48.048+0000] {processor.py:208} INFO - Processing /home/airflow/.local/lib/python3.12/site-packages/airflow/example_dags/example_python_operator.py took 0.102 seconds
[2025-07-16T07:31:18.652+0000] {processor.py:186} INFO - Started process (PID=2416) to work on /home/airflow/.local/lib/python3.12/site-packages/airflow/example_dags/example_python_operator.py
[2025-07-16T07:31:18.658+0000] {processor.py:914} INFO - Processing file /home/airflow/.local/lib/python3.12/site-packages/airflow/example_dags/example_python_operator.py for tasks to queue
[2025-07-16T07:31:18.663+0000] {logging_mixin.py:190} INFO - [2025-07-16T07:31:18.662+0000] {dagbag.py:587} INFO - Filling up the DagBag from /home/airflow/.local/lib/python3.12/site-packages/airflow/example_dags/example_python_operator.py
[2025-07-16T07:31:18.689+0000] {processor.py:925} INFO - DAG(s) 'example_python_operator' retrieved from /home/airflow/.local/lib/python3.12/site-packages/airflow/example_dags/example_python_operator.py
[2025-07-16T07:31:18.724+0000] {logging_mixin.py:190} INFO - [2025-07-16T07:31:18.724+0000] {dag.py:3229} INFO - Sync 1 DAGs
[2025-07-16T07:31:18.746+0000] {logging_mixin.py:190} INFO - [2025-07-16T07:31:18.745+0000] {dag.py:4156} INFO - Setting next_dagrun for example_python_operator to None, run_after=None
[2025-07-16T07:31:18.773+0000] {processor.py:208} INFO - Processing /home/airflow/.local/lib/python3.12/site-packages/airflow/example_dags/example_python_operator.py took 0.131 seconds
[2025-07-16T07:33:04.597+0000] {processor.py:186} INFO - Started process (PID=80) to work on /home/airflow/.local/lib/python3.12/site-packages/airflow/example_dags/example_python_operator.py
[2025-07-16T07:33:04.599+0000] {processor.py:914} INFO - Processing file /home/airflow/.local/lib/python3.12/site-packages/airflow/example_dags/example_python_operator.py for tasks to queue
[2025-07-16T07:33:04.601+0000] {logging_mixin.py:190} INFO - [2025-07-16T07:33:04.601+0000] {dagbag.py:587} INFO - Filling up the DagBag from /home/airflow/.local/lib/python3.12/site-packages/airflow/example_dags/example_python_operator.py
[2025-07-16T07:33:04.617+0000] {processor.py:925} INFO - DAG(s) 'example_python_operator' retrieved from /home/airflow/.local/lib/python3.12/site-packages/airflow/example_dags/example_python_operator.py
[2025-07-16T07:33:04.788+0000] {logging_mixin.py:190} INFO - [2025-07-16T07:33:04.788+0000] {dag.py:3229} INFO - Sync 1 DAGs
[2025-07-16T07:33:04.805+0000] {logging_mixin.py:190} INFO - [2025-07-16T07:33:04.805+0000] {dag.py:4156} INFO - Setting next_dagrun for example_python_operator to None, run_after=None
[2025-07-16T07:33:04.830+0000] {processor.py:208} INFO - Processing /home/airflow/.local/lib/python3.12/site-packages/airflow/example_dags/example_python_operator.py took 0.240 seconds
[2025-07-16T07:33:35.185+0000] {processor.py:186} INFO - Started process (PID=137) to work on /home/airflow/.local/lib/python3.12/site-packages/airflow/example_dags/example_python_operator.py
[2025-07-16T07:33:35.187+0000] {processor.py:914} INFO - Processing file /home/airflow/.local/lib/python3.12/site-packages/airflow/example_dags/example_python_operator.py for tasks to queue
[2025-07-16T07:33:35.191+0000] {logging_mixin.py:190} INFO - [2025-07-16T07:33:35.191+0000] {dagbag.py:587} INFO - Filling up the DagBag from /home/airflow/.local/lib/python3.12/site-packages/airflow/example_dags/example_python_operator.py
[2025-07-16T07:33:35.213+0000] {processor.py:925} INFO - DAG(s) 'example_python_operator' retrieved from /home/airflow/.local/lib/python3.12/site-packages/airflow/example_dags/example_python_operator.py
[2025-07-16T07:33:35.247+0000] {logging_mixin.py:190} INFO - [2025-07-16T07:33:35.247+0000] {dag.py:3229} INFO - Sync 1 DAGs
[2025-07-16T07:33:35.263+0000] {logging_mixin.py:190} INFO - [2025-07-16T07:33:35.263+0000] {dag.py:4156} INFO - Setting next_dagrun for example_python_operator to None, run_after=None
[2025-07-16T07:33:35.299+0000] {processor.py:208} INFO - Processing /home/airflow/.local/lib/python3.12/site-packages/airflow/example_dags/example_python_operator.py took 0.124 seconds
[2025-07-16T07:34:06.074+0000] {processor.py:186} INFO - Started process (PID=194) to work on /home/airflow/.local/lib/python3.12/site-packages/airflow/example_dags/example_python_operator.py
[2025-07-16T07:34:06.075+0000] {processor.py:914} INFO - Processing file /home/airflow/.local/lib/python3.12/site-packages/airflow/example_dags/example_python_operator.py for tasks to queue
[2025-07-16T07:34:06.078+0000] {logging_mixin.py:190} INFO - [2025-07-16T07:34:06.078+0000] {dagbag.py:587} INFO - Filling up the DagBag from /home/airflow/.local/lib/python3.12/site-packages/airflow/example_dags/example_python_operator.py
[2025-07-16T07:34:06.100+0000] {processor.py:925} INFO - DAG(s) 'example_python_operator' retrieved from /home/airflow/.local/lib/python3.12/site-packages/airflow/example_dags/example_python_operator.py
[2025-07-16T07:34:06.132+0000] {logging_mixin.py:190} INFO - [2025-07-16T07:34:06.132+0000] {dag.py:3229} INFO - Sync 1 DAGs
[2025-07-16T07:34:06.150+0000] {logging_mixin.py:190} INFO - [2025-07-16T07:34:06.150+0000] {dag.py:4156} INFO - Setting next_dagrun for example_python_operator to None, run_after=None
[2025-07-16T07:34:06.171+0000] {processor.py:208} INFO - Processing /home/airflow/.local/lib/python3.12/site-packages/airflow/example_dags/example_python_operator.py took 0.108 seconds
[2025-07-16T07:34:36.867+0000] {processor.py:186} INFO - Started process (PID=251) to work on /home/airflow/.local/lib/python3.12/site-packages/airflow/example_dags/example_python_operator.py
[2025-07-16T07:34:36.868+0000] {processor.py:914} INFO - Processing file /home/airflow/.local/lib/python3.12/site-packages/airflow/example_dags/example_python_operator.py for tasks to queue
[2025-07-16T07:34:36.871+0000] {logging_mixin.py:190} INFO - [2025-07-16T07:34:36.871+0000] {dagbag.py:587} INFO - Filling up the DagBag from /home/airflow/.local/lib/python3.12/site-packages/airflow/example_dags/example_python_operator.py
[2025-07-16T07:34:36.883+0000] {processor.py:925} INFO - DAG(s) 'example_python_operator' retrieved from /home/airflow/.local/lib/python3.12/site-packages/airflow/example_dags/example_python_operator.py
[2025-07-16T07:34:36.908+0000] {logging_mixin.py:190} INFO - [2025-07-16T07:34:36.907+0000] {dag.py:3229} INFO - Sync 1 DAGs
[2025-07-16T07:34:36.922+0000] {logging_mixin.py:190} INFO - [2025-07-16T07:34:36.922+0000] {dag.py:4156} INFO - Setting next_dagrun for example_python_operator to None, run_after=None
[2025-07-16T07:34:36.944+0000] {processor.py:208} INFO - Processing /home/airflow/.local/lib/python3.12/site-packages/airflow/example_dags/example_python_operator.py took 0.084 seconds
[2025-07-16T07:35:07.413+0000] {processor.py:186} INFO - Started process (PID=308) to work on /home/airflow/.local/lib/python3.12/site-packages/airflow/example_dags/example_python_operator.py
[2025-07-16T07:35:07.414+0000] {processor.py:914} INFO - Processing file /home/airflow/.local/lib/python3.12/site-packages/airflow/example_dags/example_python_operator.py for tasks to queue
[2025-07-16T07:35:07.416+0000] {logging_mixin.py:190} INFO - [2025-07-16T07:35:07.416+0000] {dagbag.py:587} INFO - Filling up the DagBag from /home/airflow/.local/lib/python3.12/site-packages/airflow/example_dags/example_python_operator.py
[2025-07-16T07:35:07.429+0000] {processor.py:925} INFO - DAG(s) 'example_python_operator' retrieved from /home/airflow/.local/lib/python3.12/site-packages/airflow/example_dags/example_python_operator.py
[2025-07-16T07:35:07.454+0000] {logging_mixin.py:190} INFO - [2025-07-16T07:35:07.454+0000] {dag.py:3229} INFO - Sync 1 DAGs
[2025-07-16T07:35:07.471+0000] {logging_mixin.py:190} INFO - [2025-07-16T07:35:07.471+0000] {dag.py:4156} INFO - Setting next_dagrun for example_python_operator to None, run_after=None
[2025-07-16T07:35:07.493+0000] {processor.py:208} INFO - Processing /home/airflow/.local/lib/python3.12/site-packages/airflow/example_dags/example_python_operator.py took 0.087 seconds
[2025-07-16T07:35:37.877+0000] {processor.py:186} INFO - Started process (PID=365) to work on /home/airflow/.local/lib/python3.12/site-packages/airflow/example_dags/example_python_operator.py
[2025-07-16T07:35:37.878+0000] {processor.py:914} INFO - Processing file /home/airflow/.local/lib/python3.12/site-packages/airflow/example_dags/example_python_operator.py for tasks to queue
[2025-07-16T07:35:37.881+0000] {logging_mixin.py:190} INFO - [2025-07-16T07:35:37.880+0000] {dagbag.py:587} INFO - Filling up the DagBag from /home/airflow/.local/lib/python3.12/site-packages/airflow/example_dags/example_python_operator.py
[2025-07-16T07:35:37.894+0000] {processor.py:925} INFO - DAG(s) 'example_python_operator' retrieved from /home/airflow/.local/lib/python3.12/site-packages/airflow/example_dags/example_python_operator.py
[2025-07-16T07:35:37.921+0000] {logging_mixin.py:190} INFO - [2025-07-16T07:35:37.920+0000] {dag.py:3229} INFO - Sync 1 DAGs
[2025-07-16T07:35:37.940+0000] {logging_mixin.py:190} INFO - [2025-07-16T07:35:37.940+0000] {dag.py:4156} INFO - Setting next_dagrun for example_python_operator to None, run_after=None
[2025-07-16T07:35:37.966+0000] {processor.py:208} INFO - Processing /home/airflow/.local/lib/python3.12/site-packages/airflow/example_dags/example_python_operator.py took 0.097 seconds
[2025-07-16T07:36:08.282+0000] {processor.py:186} INFO - Started process (PID=422) to work on /home/airflow/.local/lib/python3.12/site-packages/airflow/example_dags/example_python_operator.py
[2025-07-16T07:36:08.284+0000] {processor.py:914} INFO - Processing file /home/airflow/.local/lib/python3.12/site-packages/airflow/example_dags/example_python_operator.py for tasks to queue
[2025-07-16T07:36:08.286+0000] {logging_mixin.py:190} INFO - [2025-07-16T07:36:08.286+0000] {dagbag.py:587} INFO - Filling up the DagBag from /home/airflow/.local/lib/python3.12/site-packages/airflow/example_dags/example_python_operator.py
[2025-07-16T07:36:08.302+0000] {processor.py:925} INFO - DAG(s) 'example_python_operator' retrieved from /home/airflow/.local/lib/python3.12/site-packages/airflow/example_dags/example_python_operator.py
[2025-07-16T07:36:08.329+0000] {logging_mixin.py:190} INFO - [2025-07-16T07:36:08.329+0000] {dag.py:3229} INFO - Sync 1 DAGs
[2025-07-16T07:36:08.349+0000] {logging_mixin.py:190} INFO - [2025-07-16T07:36:08.349+0000] {dag.py:4156} INFO - Setting next_dagrun for example_python_operator to None, run_after=None
[2025-07-16T07:36:08.375+0000] {processor.py:208} INFO - Processing /home/airflow/.local/lib/python3.12/site-packages/airflow/example_dags/example_python_operator.py took 0.100 seconds
[2025-07-16T07:36:40.049+0000] {processor.py:186} INFO - Started process (PID=479) to work on /home/airflow/.local/lib/python3.12/site-packages/airflow/example_dags/example_python_operator.py
[2025-07-16T07:36:40.050+0000] {processor.py:914} INFO - Processing file /home/airflow/.local/lib/python3.12/site-packages/airflow/example_dags/example_python_operator.py for tasks to queue
[2025-07-16T07:36:40.054+0000] {logging_mixin.py:190} INFO - [2025-07-16T07:36:40.053+0000] {dagbag.py:587} INFO - Filling up the DagBag from /home/airflow/.local/lib/python3.12/site-packages/airflow/example_dags/example_python_operator.py
[2025-07-16T07:36:40.078+0000] {processor.py:925} INFO - DAG(s) 'example_python_operator' retrieved from /home/airflow/.local/lib/python3.12/site-packages/airflow/example_dags/example_python_operator.py
[2025-07-16T07:36:40.111+0000] {logging_mixin.py:190} INFO - [2025-07-16T07:36:40.110+0000] {dag.py:3229} INFO - Sync 1 DAGs
[2025-07-16T07:36:40.138+0000] {logging_mixin.py:190} INFO - [2025-07-16T07:36:40.137+0000] {dag.py:4156} INFO - Setting next_dagrun for example_python_operator to None, run_after=None
[2025-07-16T07:36:40.168+0000] {processor.py:208} INFO - Processing /home/airflow/.local/lib/python3.12/site-packages/airflow/example_dags/example_python_operator.py took 0.129 seconds
[2025-07-16T07:37:10.677+0000] {processor.py:186} INFO - Started process (PID=536) to work on /home/airflow/.local/lib/python3.12/site-packages/airflow/example_dags/example_python_operator.py
[2025-07-16T07:37:10.678+0000] {processor.py:914} INFO - Processing file /home/airflow/.local/lib/python3.12/site-packages/airflow/example_dags/example_python_operator.py for tasks to queue
[2025-07-16T07:37:10.681+0000] {logging_mixin.py:190} INFO - [2025-07-16T07:37:10.680+0000] {dagbag.py:587} INFO - Filling up the DagBag from /home/airflow/.local/lib/python3.12/site-packages/airflow/example_dags/example_python_operator.py
[2025-07-16T07:37:10.694+0000] {processor.py:925} INFO - DAG(s) 'example_python_operator' retrieved from /home/airflow/.local/lib/python3.12/site-packages/airflow/example_dags/example_python_operator.py
[2025-07-16T07:37:10.722+0000] {logging_mixin.py:190} INFO - [2025-07-16T07:37:10.722+0000] {dag.py:3229} INFO - Sync 1 DAGs
[2025-07-16T07:37:10.739+0000] {logging_mixin.py:190} INFO - [2025-07-16T07:37:10.739+0000] {dag.py:4156} INFO - Setting next_dagrun for example_python_operator to None, run_after=None
[2025-07-16T07:37:10.765+0000] {processor.py:208} INFO - Processing /home/airflow/.local/lib/python3.12/site-packages/airflow/example_dags/example_python_operator.py took 0.094 seconds
[2025-07-16T07:37:41.577+0000] {processor.py:186} INFO - Started process (PID=593) to work on /home/airflow/.local/lib/python3.12/site-packages/airflow/example_dags/example_python_operator.py
[2025-07-16T07:37:41.579+0000] {processor.py:914} INFO - Processing file /home/airflow/.local/lib/python3.12/site-packages/airflow/example_dags/example_python_operator.py for tasks to queue
[2025-07-16T07:37:41.582+0000] {logging_mixin.py:190} INFO - [2025-07-16T07:37:41.581+0000] {dagbag.py:587} INFO - Filling up the DagBag from /home/airflow/.local/lib/python3.12/site-packages/airflow/example_dags/example_python_operator.py
[2025-07-16T07:37:41.597+0000] {processor.py:925} INFO - DAG(s) 'example_python_operator' retrieved from /home/airflow/.local/lib/python3.12/site-packages/airflow/example_dags/example_python_operator.py
[2025-07-16T07:37:41.629+0000] {logging_mixin.py:190} INFO - [2025-07-16T07:37:41.628+0000] {dag.py:3229} INFO - Sync 1 DAGs
[2025-07-16T07:37:41.673+0000] {logging_mixin.py:190} INFO - [2025-07-16T07:37:41.672+0000] {dag.py:4156} INFO - Setting next_dagrun for example_python_operator to None, run_after=None
[2025-07-16T07:37:41.706+0000] {processor.py:208} INFO - Processing /home/airflow/.local/lib/python3.12/site-packages/airflow/example_dags/example_python_operator.py took 0.138 seconds
[2025-07-16T07:38:12.762+0000] {processor.py:186} INFO - Started process (PID=650) to work on /home/airflow/.local/lib/python3.12/site-packages/airflow/example_dags/example_python_operator.py
[2025-07-16T07:38:12.763+0000] {processor.py:914} INFO - Processing file /home/airflow/.local/lib/python3.12/site-packages/airflow/example_dags/example_python_operator.py for tasks to queue
[2025-07-16T07:38:12.766+0000] {logging_mixin.py:190} INFO - [2025-07-16T07:38:12.765+0000] {dagbag.py:587} INFO - Filling up the DagBag from /home/airflow/.local/lib/python3.12/site-packages/airflow/example_dags/example_python_operator.py
[2025-07-16T07:38:12.783+0000] {processor.py:925} INFO - DAG(s) 'example_python_operator' retrieved from /home/airflow/.local/lib/python3.12/site-packages/airflow/example_dags/example_python_operator.py
[2025-07-16T07:38:12.808+0000] {logging_mixin.py:190} INFO - [2025-07-16T07:38:12.808+0000] {dag.py:3229} INFO - Sync 1 DAGs
[2025-07-16T07:38:12.823+0000] {logging_mixin.py:190} INFO - [2025-07-16T07:38:12.823+0000] {dag.py:4156} INFO - Setting next_dagrun for example_python_operator to None, run_after=None
[2025-07-16T07:38:12.848+0000] {processor.py:208} INFO - Processing /home/airflow/.local/lib/python3.12/site-packages/airflow/example_dags/example_python_operator.py took 0.093 seconds
[2025-07-16T07:38:43.382+0000] {processor.py:186} INFO - Started process (PID=707) to work on /home/airflow/.local/lib/python3.12/site-packages/airflow/example_dags/example_python_operator.py
[2025-07-16T07:38:43.383+0000] {processor.py:914} INFO - Processing file /home/airflow/.local/lib/python3.12/site-packages/airflow/example_dags/example_python_operator.py for tasks to queue
[2025-07-16T07:38:43.386+0000] {logging_mixin.py:190} INFO - [2025-07-16T07:38:43.385+0000] {dagbag.py:587} INFO - Filling up the DagBag from /home/airflow/.local/lib/python3.12/site-packages/airflow/example_dags/example_python_operator.py
[2025-07-16T07:38:43.399+0000] {processor.py:925} INFO - DAG(s) 'example_python_operator' retrieved from /home/airflow/.local/lib/python3.12/site-packages/airflow/example_dags/example_python_operator.py
[2025-07-16T07:38:43.425+0000] {logging_mixin.py:190} INFO - [2025-07-16T07:38:43.425+0000] {dag.py:3229} INFO - Sync 1 DAGs
[2025-07-16T07:38:43.441+0000] {logging_mixin.py:190} INFO - [2025-07-16T07:38:43.441+0000] {dag.py:4156} INFO - Setting next_dagrun for example_python_operator to None, run_after=None
[2025-07-16T07:38:43.464+0000] {processor.py:208} INFO - Processing /home/airflow/.local/lib/python3.12/site-packages/airflow/example_dags/example_python_operator.py took 0.089 seconds
[2025-07-16T07:39:14.134+0000] {processor.py:186} INFO - Started process (PID=764) to work on /home/airflow/.local/lib/python3.12/site-packages/airflow/example_dags/example_python_operator.py
[2025-07-16T07:39:14.135+0000] {processor.py:914} INFO - Processing file /home/airflow/.local/lib/python3.12/site-packages/airflow/example_dags/example_python_operator.py for tasks to queue
[2025-07-16T07:39:14.138+0000] {logging_mixin.py:190} INFO - [2025-07-16T07:39:14.138+0000] {dagbag.py:587} INFO - Filling up the DagBag from /home/airflow/.local/lib/python3.12/site-packages/airflow/example_dags/example_python_operator.py
[2025-07-16T07:39:14.154+0000] {processor.py:925} INFO - DAG(s) 'example_python_operator' retrieved from /home/airflow/.local/lib/python3.12/site-packages/airflow/example_dags/example_python_operator.py
[2025-07-16T07:39:14.181+0000] {logging_mixin.py:190} INFO - [2025-07-16T07:39:14.181+0000] {dag.py:3229} INFO - Sync 1 DAGs
[2025-07-16T07:39:14.201+0000] {logging_mixin.py:190} INFO - [2025-07-16T07:39:14.200+0000] {dag.py:4156} INFO - Setting next_dagrun for example_python_operator to None, run_after=None
[2025-07-16T07:39:14.229+0000] {processor.py:208} INFO - Processing /home/airflow/.local/lib/python3.12/site-packages/airflow/example_dags/example_python_operator.py took 0.103 seconds
[2025-07-16T07:39:44.594+0000] {processor.py:186} INFO - Started process (PID=821) to work on /home/airflow/.local/lib/python3.12/site-packages/airflow/example_dags/example_python_operator.py
[2025-07-16T07:39:44.595+0000] {processor.py:914} INFO - Processing file /home/airflow/.local/lib/python3.12/site-packages/airflow/example_dags/example_python_operator.py for tasks to queue
[2025-07-16T07:39:44.598+0000] {logging_mixin.py:190} INFO - [2025-07-16T07:39:44.597+0000] {dagbag.py:587} INFO - Filling up the DagBag from /home/airflow/.local/lib/python3.12/site-packages/airflow/example_dags/example_python_operator.py
[2025-07-16T07:39:44.611+0000] {processor.py:925} INFO - DAG(s) 'example_python_operator' retrieved from /home/airflow/.local/lib/python3.12/site-packages/airflow/example_dags/example_python_operator.py
[2025-07-16T07:39:44.637+0000] {logging_mixin.py:190} INFO - [2025-07-16T07:39:44.637+0000] {dag.py:3229} INFO - Sync 1 DAGs
[2025-07-16T07:39:44.652+0000] {logging_mixin.py:190} INFO - [2025-07-16T07:39:44.652+0000] {dag.py:4156} INFO - Setting next_dagrun for example_python_operator to None, run_after=None
[2025-07-16T07:39:44.675+0000] {processor.py:208} INFO - Processing /home/airflow/.local/lib/python3.12/site-packages/airflow/example_dags/example_python_operator.py took 0.088 seconds
[2025-07-16T07:40:15.324+0000] {processor.py:186} INFO - Started process (PID=878) to work on /home/airflow/.local/lib/python3.12/site-packages/airflow/example_dags/example_python_operator.py
[2025-07-16T07:40:15.325+0000] {processor.py:914} INFO - Processing file /home/airflow/.local/lib/python3.12/site-packages/airflow/example_dags/example_python_operator.py for tasks to queue
[2025-07-16T07:40:15.328+0000] {logging_mixin.py:190} INFO - [2025-07-16T07:40:15.328+0000] {dagbag.py:587} INFO - Filling up the DagBag from /home/airflow/.local/lib/python3.12/site-packages/airflow/example_dags/example_python_operator.py
[2025-07-16T07:40:15.342+0000] {processor.py:925} INFO - DAG(s) 'example_python_operator' retrieved from /home/airflow/.local/lib/python3.12/site-packages/airflow/example_dags/example_python_operator.py
[2025-07-16T07:40:15.368+0000] {logging_mixin.py:190} INFO - [2025-07-16T07:40:15.368+0000] {dag.py:3229} INFO - Sync 1 DAGs
[2025-07-16T07:40:15.386+0000] {logging_mixin.py:190} INFO - [2025-07-16T07:40:15.385+0000] {dag.py:4156} INFO - Setting next_dagrun for example_python_operator to None, run_after=None
[2025-07-16T07:40:15.411+0000] {processor.py:208} INFO - Processing /home/airflow/.local/lib/python3.12/site-packages/airflow/example_dags/example_python_operator.py took 0.095 seconds
[2025-07-16T07:40:46.089+0000] {processor.py:186} INFO - Started process (PID=935) to work on /home/airflow/.local/lib/python3.12/site-packages/airflow/example_dags/example_python_operator.py
[2025-07-16T07:40:46.090+0000] {processor.py:914} INFO - Processing file /home/airflow/.local/lib/python3.12/site-packages/airflow/example_dags/example_python_operator.py for tasks to queue
[2025-07-16T07:40:46.093+0000] {logging_mixin.py:190} INFO - [2025-07-16T07:40:46.093+0000] {dagbag.py:587} INFO - Filling up the DagBag from /home/airflow/.local/lib/python3.12/site-packages/airflow/example_dags/example_python_operator.py
[2025-07-16T07:40:46.112+0000] {processor.py:925} INFO - DAG(s) 'example_python_operator' retrieved from /home/airflow/.local/lib/python3.12/site-packages/airflow/example_dags/example_python_operator.py
[2025-07-16T07:40:46.141+0000] {logging_mixin.py:190} INFO - [2025-07-16T07:40:46.141+0000] {dag.py:3229} INFO - Sync 1 DAGs
[2025-07-16T07:40:46.156+0000] {logging_mixin.py:190} INFO - [2025-07-16T07:40:46.156+0000] {dag.py:4156} INFO - Setting next_dagrun for example_python_operator to None, run_after=None
[2025-07-16T07:40:46.178+0000] {processor.py:208} INFO - Processing /home/airflow/.local/lib/python3.12/site-packages/airflow/example_dags/example_python_operator.py took 0.098 seconds
