[2025-07-16T07:10:17.970+0000] {processor.py:186} INFO - Started process (PID=75) to work on /home/airflow/.local/lib/python3.12/site-packages/airflow/example_dags/example_task_group.py
[2025-07-16T07:10:17.971+0000] {processor.py:914} INFO - Processing file /home/airflow/.local/lib/python3.12/site-packages/airflow/example_dags/example_task_group.py for tasks to queue
[2025-07-16T07:10:17.973+0000] {logging_mixin.py:190} INFO - [2025-07-16T07:10:17.973+0000] {dagbag.py:587} INFO - Filling up the DagBag from /home/airflow/.local/lib/python3.12/site-packages/airflow/example_dags/example_task_group.py
[2025-07-16T07:10:17.983+0000] {processor.py:925} INFO - DAG(s) 'example_task_group' retrieved from /home/airflow/.local/lib/python3.12/site-packages/airflow/example_dags/example_task_group.py
[2025-07-16T07:10:18.007+0000] {logging_mixin.py:190} INFO - [2025-07-16T07:10:18.007+0000] {dag.py:3229} INFO - Sync 1 DAGs
[2025-07-16T07:10:18.022+0000] {logging_mixin.py:190} INFO - [2025-07-16T07:10:18.022+0000] {dag.py:4156} INFO - Setting next_dagrun for example_task_group to None, run_after=None
[2025-07-16T07:10:18.046+0000] {processor.py:208} INFO - Processing /home/airflow/.local/lib/python3.12/site-packages/airflow/example_dags/example_task_group.py took 0.083 seconds
[2025-07-16T07:10:48.175+0000] {processor.py:186} INFO - Started process (PID=132) to work on /home/airflow/.local/lib/python3.12/site-packages/airflow/example_dags/example_task_group.py
[2025-07-16T07:10:48.177+0000] {processor.py:914} INFO - Processing file /home/airflow/.local/lib/python3.12/site-packages/airflow/example_dags/example_task_group.py for tasks to queue
[2025-07-16T07:10:48.181+0000] {logging_mixin.py:190} INFO - [2025-07-16T07:10:48.180+0000] {dagbag.py:587} INFO - Filling up the DagBag from /home/airflow/.local/lib/python3.12/site-packages/airflow/example_dags/example_task_group.py
[2025-07-16T07:10:48.190+0000] {processor.py:925} INFO - DAG(s) 'example_task_group' retrieved from /home/airflow/.local/lib/python3.12/site-packages/airflow/example_dags/example_task_group.py
[2025-07-16T07:10:48.216+0000] {logging_mixin.py:190} INFO - [2025-07-16T07:10:48.215+0000] {dag.py:3229} INFO - Sync 1 DAGs
[2025-07-16T07:10:48.233+0000] {logging_mixin.py:190} INFO - [2025-07-16T07:10:48.233+0000] {dag.py:4156} INFO - Setting next_dagrun for example_task_group to None, run_after=None
[2025-07-16T07:10:48.256+0000] {processor.py:208} INFO - Processing /home/airflow/.local/lib/python3.12/site-packages/airflow/example_dags/example_task_group.py took 0.086 seconds
[2025-07-16T07:11:18.872+0000] {processor.py:186} INFO - Started process (PID=189) to work on /home/airflow/.local/lib/python3.12/site-packages/airflow/example_dags/example_task_group.py
[2025-07-16T07:11:18.874+0000] {processor.py:914} INFO - Processing file /home/airflow/.local/lib/python3.12/site-packages/airflow/example_dags/example_task_group.py for tasks to queue
[2025-07-16T07:11:18.878+0000] {logging_mixin.py:190} INFO - [2025-07-16T07:11:18.877+0000] {dagbag.py:587} INFO - Filling up the DagBag from /home/airflow/.local/lib/python3.12/site-packages/airflow/example_dags/example_task_group.py
[2025-07-16T07:11:18.887+0000] {processor.py:925} INFO - DAG(s) 'example_task_group' retrieved from /home/airflow/.local/lib/python3.12/site-packages/airflow/example_dags/example_task_group.py
[2025-07-16T07:11:18.911+0000] {logging_mixin.py:190} INFO - [2025-07-16T07:11:18.911+0000] {dag.py:3229} INFO - Sync 1 DAGs
[2025-07-16T07:11:18.930+0000] {logging_mixin.py:190} INFO - [2025-07-16T07:11:18.930+0000] {dag.py:4156} INFO - Setting next_dagrun for example_task_group to None, run_after=None
[2025-07-16T07:11:18.954+0000] {processor.py:208} INFO - Processing /home/airflow/.local/lib/python3.12/site-packages/airflow/example_dags/example_task_group.py took 0.088 seconds
[2025-07-16T07:11:49.535+0000] {processor.py:186} INFO - Started process (PID=246) to work on /home/airflow/.local/lib/python3.12/site-packages/airflow/example_dags/example_task_group.py
[2025-07-16T07:11:49.536+0000] {processor.py:914} INFO - Processing file /home/airflow/.local/lib/python3.12/site-packages/airflow/example_dags/example_task_group.py for tasks to queue
[2025-07-16T07:11:49.538+0000] {logging_mixin.py:190} INFO - [2025-07-16T07:11:49.538+0000] {dagbag.py:587} INFO - Filling up the DagBag from /home/airflow/.local/lib/python3.12/site-packages/airflow/example_dags/example_task_group.py
[2025-07-16T07:11:49.547+0000] {processor.py:925} INFO - DAG(s) 'example_task_group' retrieved from /home/airflow/.local/lib/python3.12/site-packages/airflow/example_dags/example_task_group.py
[2025-07-16T07:11:49.573+0000] {logging_mixin.py:190} INFO - [2025-07-16T07:11:49.572+0000] {dag.py:3229} INFO - Sync 1 DAGs
[2025-07-16T07:11:49.590+0000] {logging_mixin.py:190} INFO - [2025-07-16T07:11:49.590+0000] {dag.py:4156} INFO - Setting next_dagrun for example_task_group to None, run_after=None
[2025-07-16T07:11:49.615+0000] {processor.py:208} INFO - Processing /home/airflow/.local/lib/python3.12/site-packages/airflow/example_dags/example_task_group.py took 0.086 seconds
[2025-07-16T07:12:19.907+0000] {processor.py:186} INFO - Started process (PID=303) to work on /home/airflow/.local/lib/python3.12/site-packages/airflow/example_dags/example_task_group.py
[2025-07-16T07:12:19.908+0000] {processor.py:914} INFO - Processing file /home/airflow/.local/lib/python3.12/site-packages/airflow/example_dags/example_task_group.py for tasks to queue
[2025-07-16T07:12:19.911+0000] {logging_mixin.py:190} INFO - [2025-07-16T07:12:19.911+0000] {dagbag.py:587} INFO - Filling up the DagBag from /home/airflow/.local/lib/python3.12/site-packages/airflow/example_dags/example_task_group.py
[2025-07-16T07:12:19.920+0000] {processor.py:925} INFO - DAG(s) 'example_task_group' retrieved from /home/airflow/.local/lib/python3.12/site-packages/airflow/example_dags/example_task_group.py
[2025-07-16T07:12:19.944+0000] {logging_mixin.py:190} INFO - [2025-07-16T07:12:19.944+0000] {dag.py:3229} INFO - Sync 1 DAGs
[2025-07-16T07:12:19.961+0000] {logging_mixin.py:190} INFO - [2025-07-16T07:12:19.961+0000] {dag.py:4156} INFO - Setting next_dagrun for example_task_group to None, run_after=None
[2025-07-16T07:12:19.985+0000] {processor.py:208} INFO - Processing /home/airflow/.local/lib/python3.12/site-packages/airflow/example_dags/example_task_group.py took 0.085 seconds
[2025-07-16T07:12:51.301+0000] {processor.py:186} INFO - Started process (PID=360) to work on /home/airflow/.local/lib/python3.12/site-packages/airflow/example_dags/example_task_group.py
[2025-07-16T07:12:51.303+0000] {processor.py:914} INFO - Processing file /home/airflow/.local/lib/python3.12/site-packages/airflow/example_dags/example_task_group.py for tasks to queue
[2025-07-16T07:12:51.306+0000] {logging_mixin.py:190} INFO - [2025-07-16T07:12:51.306+0000] {dagbag.py:587} INFO - Filling up the DagBag from /home/airflow/.local/lib/python3.12/site-packages/airflow/example_dags/example_task_group.py
[2025-07-16T07:12:51.317+0000] {processor.py:925} INFO - DAG(s) 'example_task_group' retrieved from /home/airflow/.local/lib/python3.12/site-packages/airflow/example_dags/example_task_group.py
[2025-07-16T07:12:51.347+0000] {logging_mixin.py:190} INFO - [2025-07-16T07:12:51.346+0000] {dag.py:3229} INFO - Sync 1 DAGs
[2025-07-16T07:12:51.370+0000] {logging_mixin.py:190} INFO - [2025-07-16T07:12:51.370+0000] {dag.py:4156} INFO - Setting next_dagrun for example_task_group to None, run_after=None
[2025-07-16T07:12:51.402+0000] {processor.py:208} INFO - Processing /home/airflow/.local/lib/python3.12/site-packages/airflow/example_dags/example_task_group.py took 0.109 seconds
[2025-07-16T07:13:22.132+0000] {processor.py:186} INFO - Started process (PID=417) to work on /home/airflow/.local/lib/python3.12/site-packages/airflow/example_dags/example_task_group.py
[2025-07-16T07:13:22.134+0000] {processor.py:914} INFO - Processing file /home/airflow/.local/lib/python3.12/site-packages/airflow/example_dags/example_task_group.py for tasks to queue
[2025-07-16T07:13:22.136+0000] {logging_mixin.py:190} INFO - [2025-07-16T07:13:22.136+0000] {dagbag.py:587} INFO - Filling up the DagBag from /home/airflow/.local/lib/python3.12/site-packages/airflow/example_dags/example_task_group.py
[2025-07-16T07:13:22.145+0000] {processor.py:925} INFO - DAG(s) 'example_task_group' retrieved from /home/airflow/.local/lib/python3.12/site-packages/airflow/example_dags/example_task_group.py
[2025-07-16T07:13:22.167+0000] {logging_mixin.py:190} INFO - [2025-07-16T07:13:22.167+0000] {dag.py:3229} INFO - Sync 1 DAGs
[2025-07-16T07:13:22.182+0000] {logging_mixin.py:190} INFO - [2025-07-16T07:13:22.182+0000] {dag.py:4156} INFO - Setting next_dagrun for example_task_group to None, run_after=None
[2025-07-16T07:13:22.206+0000] {processor.py:208} INFO - Processing /home/airflow/.local/lib/python3.12/site-packages/airflow/example_dags/example_task_group.py took 0.080 seconds
[2025-07-16T07:13:52.429+0000] {processor.py:186} INFO - Started process (PID=474) to work on /home/airflow/.local/lib/python3.12/site-packages/airflow/example_dags/example_task_group.py
[2025-07-16T07:13:52.431+0000] {processor.py:914} INFO - Processing file /home/airflow/.local/lib/python3.12/site-packages/airflow/example_dags/example_task_group.py for tasks to queue
[2025-07-16T07:13:52.434+0000] {logging_mixin.py:190} INFO - [2025-07-16T07:13:52.433+0000] {dagbag.py:587} INFO - Filling up the DagBag from /home/airflow/.local/lib/python3.12/site-packages/airflow/example_dags/example_task_group.py
[2025-07-16T07:13:52.444+0000] {processor.py:925} INFO - DAG(s) 'example_task_group' retrieved from /home/airflow/.local/lib/python3.12/site-packages/airflow/example_dags/example_task_group.py
[2025-07-16T07:13:52.470+0000] {logging_mixin.py:190} INFO - [2025-07-16T07:13:52.469+0000] {dag.py:3229} INFO - Sync 1 DAGs
[2025-07-16T07:13:52.485+0000] {logging_mixin.py:190} INFO - [2025-07-16T07:13:52.485+0000] {dag.py:4156} INFO - Setting next_dagrun for example_task_group to None, run_after=None
[2025-07-16T07:13:52.510+0000] {processor.py:208} INFO - Processing /home/airflow/.local/lib/python3.12/site-packages/airflow/example_dags/example_task_group.py took 0.087 seconds
[2025-07-16T07:14:22.667+0000] {processor.py:186} INFO - Started process (PID=531) to work on /home/airflow/.local/lib/python3.12/site-packages/airflow/example_dags/example_task_group.py
[2025-07-16T07:14:22.668+0000] {processor.py:914} INFO - Processing file /home/airflow/.local/lib/python3.12/site-packages/airflow/example_dags/example_task_group.py for tasks to queue
[2025-07-16T07:14:22.671+0000] {logging_mixin.py:190} INFO - [2025-07-16T07:14:22.670+0000] {dagbag.py:587} INFO - Filling up the DagBag from /home/airflow/.local/lib/python3.12/site-packages/airflow/example_dags/example_task_group.py
[2025-07-16T07:14:22.679+0000] {processor.py:925} INFO - DAG(s) 'example_task_group' retrieved from /home/airflow/.local/lib/python3.12/site-packages/airflow/example_dags/example_task_group.py
[2025-07-16T07:14:22.702+0000] {logging_mixin.py:190} INFO - [2025-07-16T07:14:22.702+0000] {dag.py:3229} INFO - Sync 1 DAGs
[2025-07-16T07:14:22.717+0000] {logging_mixin.py:190} INFO - [2025-07-16T07:14:22.717+0000] {dag.py:4156} INFO - Setting next_dagrun for example_task_group to None, run_after=None
[2025-07-16T07:14:22.742+0000] {processor.py:208} INFO - Processing /home/airflow/.local/lib/python3.12/site-packages/airflow/example_dags/example_task_group.py took 0.082 seconds
[2025-07-16T07:14:53.206+0000] {processor.py:186} INFO - Started process (PID=588) to work on /home/airflow/.local/lib/python3.12/site-packages/airflow/example_dags/example_task_group.py
[2025-07-16T07:14:53.207+0000] {processor.py:914} INFO - Processing file /home/airflow/.local/lib/python3.12/site-packages/airflow/example_dags/example_task_group.py for tasks to queue
[2025-07-16T07:14:53.209+0000] {logging_mixin.py:190} INFO - [2025-07-16T07:14:53.209+0000] {dagbag.py:587} INFO - Filling up the DagBag from /home/airflow/.local/lib/python3.12/site-packages/airflow/example_dags/example_task_group.py
[2025-07-16T07:14:53.218+0000] {processor.py:925} INFO - DAG(s) 'example_task_group' retrieved from /home/airflow/.local/lib/python3.12/site-packages/airflow/example_dags/example_task_group.py
[2025-07-16T07:14:53.244+0000] {logging_mixin.py:190} INFO - [2025-07-16T07:14:53.243+0000] {dag.py:3229} INFO - Sync 1 DAGs
[2025-07-16T07:14:53.259+0000] {logging_mixin.py:190} INFO - [2025-07-16T07:14:53.259+0000] {dag.py:4156} INFO - Setting next_dagrun for example_task_group to None, run_after=None
[2025-07-16T07:14:53.281+0000] {processor.py:208} INFO - Processing /home/airflow/.local/lib/python3.12/site-packages/airflow/example_dags/example_task_group.py took 0.083 seconds
[2025-07-16T07:15:24.085+0000] {processor.py:186} INFO - Started process (PID=645) to work on /home/airflow/.local/lib/python3.12/site-packages/airflow/example_dags/example_task_group.py
[2025-07-16T07:15:24.086+0000] {processor.py:914} INFO - Processing file /home/airflow/.local/lib/python3.12/site-packages/airflow/example_dags/example_task_group.py for tasks to queue
[2025-07-16T07:15:24.089+0000] {logging_mixin.py:190} INFO - [2025-07-16T07:15:24.089+0000] {dagbag.py:587} INFO - Filling up the DagBag from /home/airflow/.local/lib/python3.12/site-packages/airflow/example_dags/example_task_group.py
[2025-07-16T07:15:24.098+0000] {processor.py:925} INFO - DAG(s) 'example_task_group' retrieved from /home/airflow/.local/lib/python3.12/site-packages/airflow/example_dags/example_task_group.py
[2025-07-16T07:15:24.124+0000] {logging_mixin.py:190} INFO - [2025-07-16T07:15:24.123+0000] {dag.py:3229} INFO - Sync 1 DAGs
[2025-07-16T07:15:24.140+0000] {logging_mixin.py:190} INFO - [2025-07-16T07:15:24.140+0000] {dag.py:4156} INFO - Setting next_dagrun for example_task_group to None, run_after=None
[2025-07-16T07:15:24.162+0000] {processor.py:208} INFO - Processing /home/airflow/.local/lib/python3.12/site-packages/airflow/example_dags/example_task_group.py took 0.084 seconds
[2025-07-16T07:15:54.716+0000] {processor.py:186} INFO - Started process (PID=702) to work on /home/airflow/.local/lib/python3.12/site-packages/airflow/example_dags/example_task_group.py
[2025-07-16T07:15:54.717+0000] {processor.py:914} INFO - Processing file /home/airflow/.local/lib/python3.12/site-packages/airflow/example_dags/example_task_group.py for tasks to queue
[2025-07-16T07:15:54.719+0000] {logging_mixin.py:190} INFO - [2025-07-16T07:15:54.719+0000] {dagbag.py:587} INFO - Filling up the DagBag from /home/airflow/.local/lib/python3.12/site-packages/airflow/example_dags/example_task_group.py
[2025-07-16T07:15:54.730+0000] {processor.py:925} INFO - DAG(s) 'example_task_group' retrieved from /home/airflow/.local/lib/python3.12/site-packages/airflow/example_dags/example_task_group.py
[2025-07-16T07:15:54.754+0000] {logging_mixin.py:190} INFO - [2025-07-16T07:15:54.753+0000] {dag.py:3229} INFO - Sync 1 DAGs
[2025-07-16T07:15:54.769+0000] {logging_mixin.py:190} INFO - [2025-07-16T07:15:54.769+0000] {dag.py:4156} INFO - Setting next_dagrun for example_task_group to None, run_after=None
[2025-07-16T07:15:54.796+0000] {processor.py:208} INFO - Processing /home/airflow/.local/lib/python3.12/site-packages/airflow/example_dags/example_task_group.py took 0.087 seconds
[2025-07-16T07:16:25.382+0000] {processor.py:186} INFO - Started process (PID=759) to work on /home/airflow/.local/lib/python3.12/site-packages/airflow/example_dags/example_task_group.py
[2025-07-16T07:16:25.383+0000] {processor.py:914} INFO - Processing file /home/airflow/.local/lib/python3.12/site-packages/airflow/example_dags/example_task_group.py for tasks to queue
[2025-07-16T07:16:25.386+0000] {logging_mixin.py:190} INFO - [2025-07-16T07:16:25.385+0000] {dagbag.py:587} INFO - Filling up the DagBag from /home/airflow/.local/lib/python3.12/site-packages/airflow/example_dags/example_task_group.py
[2025-07-16T07:16:25.397+0000] {processor.py:925} INFO - DAG(s) 'example_task_group' retrieved from /home/airflow/.local/lib/python3.12/site-packages/airflow/example_dags/example_task_group.py
[2025-07-16T07:16:25.420+0000] {logging_mixin.py:190} INFO - [2025-07-16T07:16:25.419+0000] {dag.py:3229} INFO - Sync 1 DAGs
[2025-07-16T07:16:25.436+0000] {logging_mixin.py:190} INFO - [2025-07-16T07:16:25.436+0000] {dag.py:4156} INFO - Setting next_dagrun for example_task_group to None, run_after=None
[2025-07-16T07:16:25.462+0000] {processor.py:208} INFO - Processing /home/airflow/.local/lib/python3.12/site-packages/airflow/example_dags/example_task_group.py took 0.087 seconds
[2025-07-16T07:16:55.825+0000] {processor.py:186} INFO - Started process (PID=816) to work on /home/airflow/.local/lib/python3.12/site-packages/airflow/example_dags/example_task_group.py
[2025-07-16T07:16:55.826+0000] {processor.py:914} INFO - Processing file /home/airflow/.local/lib/python3.12/site-packages/airflow/example_dags/example_task_group.py for tasks to queue
[2025-07-16T07:16:55.828+0000] {logging_mixin.py:190} INFO - [2025-07-16T07:16:55.828+0000] {dagbag.py:587} INFO - Filling up the DagBag from /home/airflow/.local/lib/python3.12/site-packages/airflow/example_dags/example_task_group.py
[2025-07-16T07:16:55.837+0000] {processor.py:925} INFO - DAG(s) 'example_task_group' retrieved from /home/airflow/.local/lib/python3.12/site-packages/airflow/example_dags/example_task_group.py
[2025-07-16T07:16:55.861+0000] {logging_mixin.py:190} INFO - [2025-07-16T07:16:55.861+0000] {dag.py:3229} INFO - Sync 1 DAGs
[2025-07-16T07:16:55.877+0000] {logging_mixin.py:190} INFO - [2025-07-16T07:16:55.877+0000] {dag.py:4156} INFO - Setting next_dagrun for example_task_group to None, run_after=None
[2025-07-16T07:16:55.898+0000] {processor.py:208} INFO - Processing /home/airflow/.local/lib/python3.12/site-packages/airflow/example_dags/example_task_group.py took 0.081 seconds
[2025-07-16T07:17:26.524+0000] {processor.py:186} INFO - Started process (PID=873) to work on /home/airflow/.local/lib/python3.12/site-packages/airflow/example_dags/example_task_group.py
[2025-07-16T07:17:26.525+0000] {processor.py:914} INFO - Processing file /home/airflow/.local/lib/python3.12/site-packages/airflow/example_dags/example_task_group.py for tasks to queue
[2025-07-16T07:17:26.527+0000] {logging_mixin.py:190} INFO - [2025-07-16T07:17:26.527+0000] {dagbag.py:587} INFO - Filling up the DagBag from /home/airflow/.local/lib/python3.12/site-packages/airflow/example_dags/example_task_group.py
[2025-07-16T07:17:26.537+0000] {processor.py:925} INFO - DAG(s) 'example_task_group' retrieved from /home/airflow/.local/lib/python3.12/site-packages/airflow/example_dags/example_task_group.py
[2025-07-16T07:17:26.561+0000] {logging_mixin.py:190} INFO - [2025-07-16T07:17:26.561+0000] {dag.py:3229} INFO - Sync 1 DAGs
[2025-07-16T07:17:26.578+0000] {logging_mixin.py:190} INFO - [2025-07-16T07:17:26.577+0000] {dag.py:4156} INFO - Setting next_dagrun for example_task_group to None, run_after=None
[2025-07-16T07:17:26.602+0000] {processor.py:208} INFO - Processing /home/airflow/.local/lib/python3.12/site-packages/airflow/example_dags/example_task_group.py took 0.086 seconds
[2025-07-16T07:17:57.306+0000] {processor.py:186} INFO - Started process (PID=930) to work on /home/airflow/.local/lib/python3.12/site-packages/airflow/example_dags/example_task_group.py
[2025-07-16T07:17:57.309+0000] {processor.py:914} INFO - Processing file /home/airflow/.local/lib/python3.12/site-packages/airflow/example_dags/example_task_group.py for tasks to queue
[2025-07-16T07:17:57.314+0000] {logging_mixin.py:190} INFO - [2025-07-16T07:17:57.314+0000] {dagbag.py:587} INFO - Filling up the DagBag from /home/airflow/.local/lib/python3.12/site-packages/airflow/example_dags/example_task_group.py
[2025-07-16T07:17:57.327+0000] {processor.py:925} INFO - DAG(s) 'example_task_group' retrieved from /home/airflow/.local/lib/python3.12/site-packages/airflow/example_dags/example_task_group.py
[2025-07-16T07:17:57.359+0000] {logging_mixin.py:190} INFO - [2025-07-16T07:17:57.359+0000] {dag.py:3229} INFO - Sync 1 DAGs
[2025-07-16T07:17:57.382+0000] {logging_mixin.py:190} INFO - [2025-07-16T07:17:57.382+0000] {dag.py:4156} INFO - Setting next_dagrun for example_task_group to None, run_after=None
[2025-07-16T07:17:57.407+0000] {processor.py:208} INFO - Processing /home/airflow/.local/lib/python3.12/site-packages/airflow/example_dags/example_task_group.py took 0.120 seconds
[2025-07-16T07:18:28.001+0000] {processor.py:186} INFO - Started process (PID=987) to work on /home/airflow/.local/lib/python3.12/site-packages/airflow/example_dags/example_task_group.py
[2025-07-16T07:18:28.002+0000] {processor.py:914} INFO - Processing file /home/airflow/.local/lib/python3.12/site-packages/airflow/example_dags/example_task_group.py for tasks to queue
[2025-07-16T07:18:28.006+0000] {logging_mixin.py:190} INFO - [2025-07-16T07:18:28.006+0000] {dagbag.py:587} INFO - Filling up the DagBag from /home/airflow/.local/lib/python3.12/site-packages/airflow/example_dags/example_task_group.py
[2025-07-16T07:18:28.018+0000] {processor.py:925} INFO - DAG(s) 'example_task_group' retrieved from /home/airflow/.local/lib/python3.12/site-packages/airflow/example_dags/example_task_group.py
[2025-07-16T07:18:28.048+0000] {logging_mixin.py:190} INFO - [2025-07-16T07:18:28.048+0000] {dag.py:3229} INFO - Sync 1 DAGs
[2025-07-16T07:18:28.083+0000] {logging_mixin.py:190} INFO - [2025-07-16T07:18:28.083+0000] {dag.py:4156} INFO - Setting next_dagrun for example_task_group to None, run_after=None
[2025-07-16T07:18:28.109+0000] {processor.py:208} INFO - Processing /home/airflow/.local/lib/python3.12/site-packages/airflow/example_dags/example_task_group.py took 0.117 seconds
[2025-07-16T07:18:58.576+0000] {processor.py:186} INFO - Started process (PID=1044) to work on /home/airflow/.local/lib/python3.12/site-packages/airflow/example_dags/example_task_group.py
[2025-07-16T07:18:58.577+0000] {processor.py:914} INFO - Processing file /home/airflow/.local/lib/python3.12/site-packages/airflow/example_dags/example_task_group.py for tasks to queue
[2025-07-16T07:18:58.580+0000] {logging_mixin.py:190} INFO - [2025-07-16T07:18:58.580+0000] {dagbag.py:587} INFO - Filling up the DagBag from /home/airflow/.local/lib/python3.12/site-packages/airflow/example_dags/example_task_group.py
[2025-07-16T07:18:58.590+0000] {processor.py:925} INFO - DAG(s) 'example_task_group' retrieved from /home/airflow/.local/lib/python3.12/site-packages/airflow/example_dags/example_task_group.py
[2025-07-16T07:18:58.613+0000] {logging_mixin.py:190} INFO - [2025-07-16T07:18:58.613+0000] {dag.py:3229} INFO - Sync 1 DAGs
[2025-07-16T07:18:58.629+0000] {logging_mixin.py:190} INFO - [2025-07-16T07:18:58.629+0000] {dag.py:4156} INFO - Setting next_dagrun for example_task_group to None, run_after=None
[2025-07-16T07:18:58.651+0000] {processor.py:208} INFO - Processing /home/airflow/.local/lib/python3.12/site-packages/airflow/example_dags/example_task_group.py took 0.083 seconds
[2025-07-16T07:19:29.150+0000] {processor.py:186} INFO - Started process (PID=1101) to work on /home/airflow/.local/lib/python3.12/site-packages/airflow/example_dags/example_task_group.py
[2025-07-16T07:19:29.151+0000] {processor.py:914} INFO - Processing file /home/airflow/.local/lib/python3.12/site-packages/airflow/example_dags/example_task_group.py for tasks to queue
[2025-07-16T07:19:29.155+0000] {logging_mixin.py:190} INFO - [2025-07-16T07:19:29.154+0000] {dagbag.py:587} INFO - Filling up the DagBag from /home/airflow/.local/lib/python3.12/site-packages/airflow/example_dags/example_task_group.py
[2025-07-16T07:19:29.164+0000] {processor.py:925} INFO - DAG(s) 'example_task_group' retrieved from /home/airflow/.local/lib/python3.12/site-packages/airflow/example_dags/example_task_group.py
[2025-07-16T07:19:29.187+0000] {logging_mixin.py:190} INFO - [2025-07-16T07:19:29.187+0000] {dag.py:3229} INFO - Sync 1 DAGs
[2025-07-16T07:19:29.202+0000] {logging_mixin.py:190} INFO - [2025-07-16T07:19:29.202+0000] {dag.py:4156} INFO - Setting next_dagrun for example_task_group to None, run_after=None
[2025-07-16T07:19:29.229+0000] {processor.py:208} INFO - Processing /home/airflow/.local/lib/python3.12/site-packages/airflow/example_dags/example_task_group.py took 0.086 seconds
[2025-07-16T07:19:59.537+0000] {processor.py:186} INFO - Started process (PID=1158) to work on /home/airflow/.local/lib/python3.12/site-packages/airflow/example_dags/example_task_group.py
[2025-07-16T07:19:59.539+0000] {processor.py:914} INFO - Processing file /home/airflow/.local/lib/python3.12/site-packages/airflow/example_dags/example_task_group.py for tasks to queue
[2025-07-16T07:19:59.542+0000] {logging_mixin.py:190} INFO - [2025-07-16T07:19:59.541+0000] {dagbag.py:587} INFO - Filling up the DagBag from /home/airflow/.local/lib/python3.12/site-packages/airflow/example_dags/example_task_group.py
[2025-07-16T07:19:59.553+0000] {processor.py:925} INFO - DAG(s) 'example_task_group' retrieved from /home/airflow/.local/lib/python3.12/site-packages/airflow/example_dags/example_task_group.py
[2025-07-16T07:19:59.580+0000] {logging_mixin.py:190} INFO - [2025-07-16T07:19:59.580+0000] {dag.py:3229} INFO - Sync 1 DAGs
[2025-07-16T07:19:59.599+0000] {logging_mixin.py:190} INFO - [2025-07-16T07:19:59.599+0000] {dag.py:4156} INFO - Setting next_dagrun for example_task_group to None, run_after=None
[2025-07-16T07:19:59.626+0000] {processor.py:208} INFO - Processing /home/airflow/.local/lib/python3.12/site-packages/airflow/example_dags/example_task_group.py took 0.097 seconds
[2025-07-16T07:20:29.927+0000] {processor.py:186} INFO - Started process (PID=1215) to work on /home/airflow/.local/lib/python3.12/site-packages/airflow/example_dags/example_task_group.py
[2025-07-16T07:20:29.928+0000] {processor.py:914} INFO - Processing file /home/airflow/.local/lib/python3.12/site-packages/airflow/example_dags/example_task_group.py for tasks to queue
[2025-07-16T07:20:29.930+0000] {logging_mixin.py:190} INFO - [2025-07-16T07:20:29.930+0000] {dagbag.py:587} INFO - Filling up the DagBag from /home/airflow/.local/lib/python3.12/site-packages/airflow/example_dags/example_task_group.py
[2025-07-16T07:20:29.942+0000] {processor.py:925} INFO - DAG(s) 'example_task_group' retrieved from /home/airflow/.local/lib/python3.12/site-packages/airflow/example_dags/example_task_group.py
[2025-07-16T07:20:29.969+0000] {logging_mixin.py:190} INFO - [2025-07-16T07:20:29.968+0000] {dag.py:3229} INFO - Sync 1 DAGs
[2025-07-16T07:20:29.985+0000] {logging_mixin.py:190} INFO - [2025-07-16T07:20:29.985+0000] {dag.py:4156} INFO - Setting next_dagrun for example_task_group to None, run_after=None
[2025-07-16T07:20:30.008+0000] {processor.py:208} INFO - Processing /home/airflow/.local/lib/python3.12/site-packages/airflow/example_dags/example_task_group.py took 0.088 seconds
[2025-07-16T07:21:00.898+0000] {processor.py:186} INFO - Started process (PID=1272) to work on /home/airflow/.local/lib/python3.12/site-packages/airflow/example_dags/example_task_group.py
[2025-07-16T07:21:00.899+0000] {processor.py:914} INFO - Processing file /home/airflow/.local/lib/python3.12/site-packages/airflow/example_dags/example_task_group.py for tasks to queue
[2025-07-16T07:21:00.902+0000] {logging_mixin.py:190} INFO - [2025-07-16T07:21:00.902+0000] {dagbag.py:587} INFO - Filling up the DagBag from /home/airflow/.local/lib/python3.12/site-packages/airflow/example_dags/example_task_group.py
[2025-07-16T07:21:00.913+0000] {processor.py:925} INFO - DAG(s) 'example_task_group' retrieved from /home/airflow/.local/lib/python3.12/site-packages/airflow/example_dags/example_task_group.py
[2025-07-16T07:21:00.939+0000] {logging_mixin.py:190} INFO - [2025-07-16T07:21:00.939+0000] {dag.py:3229} INFO - Sync 1 DAGs
[2025-07-16T07:21:00.956+0000] {logging_mixin.py:190} INFO - [2025-07-16T07:21:00.956+0000] {dag.py:4156} INFO - Setting next_dagrun for example_task_group to None, run_after=None
[2025-07-16T07:21:00.980+0000] {processor.py:208} INFO - Processing /home/airflow/.local/lib/python3.12/site-packages/airflow/example_dags/example_task_group.py took 0.091 seconds
[2025-07-16T07:21:31.671+0000] {processor.py:186} INFO - Started process (PID=1329) to work on /home/airflow/.local/lib/python3.12/site-packages/airflow/example_dags/example_task_group.py
[2025-07-16T07:21:31.672+0000] {processor.py:914} INFO - Processing file /home/airflow/.local/lib/python3.12/site-packages/airflow/example_dags/example_task_group.py for tasks to queue
[2025-07-16T07:21:31.675+0000] {logging_mixin.py:190} INFO - [2025-07-16T07:21:31.674+0000] {dagbag.py:587} INFO - Filling up the DagBag from /home/airflow/.local/lib/python3.12/site-packages/airflow/example_dags/example_task_group.py
[2025-07-16T07:21:31.685+0000] {processor.py:925} INFO - DAG(s) 'example_task_group' retrieved from /home/airflow/.local/lib/python3.12/site-packages/airflow/example_dags/example_task_group.py
[2025-07-16T07:21:31.709+0000] {logging_mixin.py:190} INFO - [2025-07-16T07:21:31.709+0000] {dag.py:3229} INFO - Sync 1 DAGs
[2025-07-16T07:21:31.724+0000] {logging_mixin.py:190} INFO - [2025-07-16T07:21:31.724+0000] {dag.py:4156} INFO - Setting next_dagrun for example_task_group to None, run_after=None
[2025-07-16T07:21:31.748+0000] {processor.py:208} INFO - Processing /home/airflow/.local/lib/python3.12/site-packages/airflow/example_dags/example_task_group.py took 0.084 seconds
[2025-07-16T07:22:02.574+0000] {processor.py:186} INFO - Started process (PID=1386) to work on /home/airflow/.local/lib/python3.12/site-packages/airflow/example_dags/example_task_group.py
[2025-07-16T07:22:02.575+0000] {processor.py:914} INFO - Processing file /home/airflow/.local/lib/python3.12/site-packages/airflow/example_dags/example_task_group.py for tasks to queue
[2025-07-16T07:22:02.578+0000] {logging_mixin.py:190} INFO - [2025-07-16T07:22:02.578+0000] {dagbag.py:587} INFO - Filling up the DagBag from /home/airflow/.local/lib/python3.12/site-packages/airflow/example_dags/example_task_group.py
[2025-07-16T07:22:02.588+0000] {processor.py:925} INFO - DAG(s) 'example_task_group' retrieved from /home/airflow/.local/lib/python3.12/site-packages/airflow/example_dags/example_task_group.py
[2025-07-16T07:22:02.618+0000] {logging_mixin.py:190} INFO - [2025-07-16T07:22:02.618+0000] {dag.py:3229} INFO - Sync 1 DAGs
[2025-07-16T07:22:02.638+0000] {logging_mixin.py:190} INFO - [2025-07-16T07:22:02.638+0000] {dag.py:4156} INFO - Setting next_dagrun for example_task_group to None, run_after=None
[2025-07-16T07:22:02.666+0000] {processor.py:208} INFO - Processing /home/airflow/.local/lib/python3.12/site-packages/airflow/example_dags/example_task_group.py took 0.099 seconds
[2025-07-16T07:22:33.367+0000] {processor.py:186} INFO - Started process (PID=1443) to work on /home/airflow/.local/lib/python3.12/site-packages/airflow/example_dags/example_task_group.py
[2025-07-16T07:22:33.368+0000] {processor.py:914} INFO - Processing file /home/airflow/.local/lib/python3.12/site-packages/airflow/example_dags/example_task_group.py for tasks to queue
[2025-07-16T07:22:33.371+0000] {logging_mixin.py:190} INFO - [2025-07-16T07:22:33.370+0000] {dagbag.py:587} INFO - Filling up the DagBag from /home/airflow/.local/lib/python3.12/site-packages/airflow/example_dags/example_task_group.py
[2025-07-16T07:22:33.380+0000] {processor.py:925} INFO - DAG(s) 'example_task_group' retrieved from /home/airflow/.local/lib/python3.12/site-packages/airflow/example_dags/example_task_group.py
[2025-07-16T07:22:33.403+0000] {logging_mixin.py:190} INFO - [2025-07-16T07:22:33.403+0000] {dag.py:3229} INFO - Sync 1 DAGs
[2025-07-16T07:22:33.421+0000] {logging_mixin.py:190} INFO - [2025-07-16T07:22:33.420+0000] {dag.py:4156} INFO - Setting next_dagrun for example_task_group to None, run_after=None
[2025-07-16T07:22:33.449+0000] {processor.py:208} INFO - Processing /home/airflow/.local/lib/python3.12/site-packages/airflow/example_dags/example_task_group.py took 0.089 seconds
[2025-07-16T07:23:04.347+0000] {processor.py:186} INFO - Started process (PID=1500) to work on /home/airflow/.local/lib/python3.12/site-packages/airflow/example_dags/example_task_group.py
[2025-07-16T07:23:04.348+0000] {processor.py:914} INFO - Processing file /home/airflow/.local/lib/python3.12/site-packages/airflow/example_dags/example_task_group.py for tasks to queue
[2025-07-16T07:23:04.350+0000] {logging_mixin.py:190} INFO - [2025-07-16T07:23:04.350+0000] {dagbag.py:587} INFO - Filling up the DagBag from /home/airflow/.local/lib/python3.12/site-packages/airflow/example_dags/example_task_group.py
[2025-07-16T07:23:04.359+0000] {processor.py:925} INFO - DAG(s) 'example_task_group' retrieved from /home/airflow/.local/lib/python3.12/site-packages/airflow/example_dags/example_task_group.py
[2025-07-16T07:23:04.384+0000] {logging_mixin.py:190} INFO - [2025-07-16T07:23:04.384+0000] {dag.py:3229} INFO - Sync 1 DAGs
[2025-07-16T07:23:04.399+0000] {logging_mixin.py:190} INFO - [2025-07-16T07:23:04.399+0000] {dag.py:4156} INFO - Setting next_dagrun for example_task_group to None, run_after=None
[2025-07-16T07:23:04.426+0000] {processor.py:208} INFO - Processing /home/airflow/.local/lib/python3.12/site-packages/airflow/example_dags/example_task_group.py took 0.085 seconds
[2025-07-16T07:23:35.479+0000] {processor.py:186} INFO - Started process (PID=1557) to work on /home/airflow/.local/lib/python3.12/site-packages/airflow/example_dags/example_task_group.py
[2025-07-16T07:23:35.480+0000] {processor.py:914} INFO - Processing file /home/airflow/.local/lib/python3.12/site-packages/airflow/example_dags/example_task_group.py for tasks to queue
[2025-07-16T07:23:35.484+0000] {logging_mixin.py:190} INFO - [2025-07-16T07:23:35.483+0000] {dagbag.py:587} INFO - Filling up the DagBag from /home/airflow/.local/lib/python3.12/site-packages/airflow/example_dags/example_task_group.py
[2025-07-16T07:23:35.499+0000] {processor.py:925} INFO - DAG(s) 'example_task_group' retrieved from /home/airflow/.local/lib/python3.12/site-packages/airflow/example_dags/example_task_group.py
[2025-07-16T07:23:35.536+0000] {logging_mixin.py:190} INFO - [2025-07-16T07:23:35.536+0000] {dag.py:3229} INFO - Sync 1 DAGs
[2025-07-16T07:23:35.565+0000] {logging_mixin.py:190} INFO - [2025-07-16T07:23:35.565+0000] {dag.py:4156} INFO - Setting next_dagrun for example_task_group to None, run_after=None
[2025-07-16T07:23:35.624+0000] {processor.py:208} INFO - Processing /home/airflow/.local/lib/python3.12/site-packages/airflow/example_dags/example_task_group.py took 0.154 seconds
[2025-07-16T07:24:06.038+0000] {processor.py:186} INFO - Started process (PID=1614) to work on /home/airflow/.local/lib/python3.12/site-packages/airflow/example_dags/example_task_group.py
[2025-07-16T07:24:06.039+0000] {processor.py:914} INFO - Processing file /home/airflow/.local/lib/python3.12/site-packages/airflow/example_dags/example_task_group.py for tasks to queue
[2025-07-16T07:24:06.042+0000] {logging_mixin.py:190} INFO - [2025-07-16T07:24:06.042+0000] {dagbag.py:587} INFO - Filling up the DagBag from /home/airflow/.local/lib/python3.12/site-packages/airflow/example_dags/example_task_group.py
[2025-07-16T07:24:06.056+0000] {processor.py:925} INFO - DAG(s) 'example_task_group' retrieved from /home/airflow/.local/lib/python3.12/site-packages/airflow/example_dags/example_task_group.py
[2025-07-16T07:24:06.088+0000] {logging_mixin.py:190} INFO - [2025-07-16T07:24:06.088+0000] {dag.py:3229} INFO - Sync 1 DAGs
[2025-07-16T07:24:06.111+0000] {logging_mixin.py:190} INFO - [2025-07-16T07:24:06.111+0000] {dag.py:4156} INFO - Setting next_dagrun for example_task_group to None, run_after=None
[2025-07-16T07:24:06.142+0000] {processor.py:208} INFO - Processing /home/airflow/.local/lib/python3.12/site-packages/airflow/example_dags/example_task_group.py took 0.114 seconds
[2025-07-16T07:24:37.031+0000] {processor.py:186} INFO - Started process (PID=1671) to work on /home/airflow/.local/lib/python3.12/site-packages/airflow/example_dags/example_task_group.py
[2025-07-16T07:24:37.032+0000] {processor.py:914} INFO - Processing file /home/airflow/.local/lib/python3.12/site-packages/airflow/example_dags/example_task_group.py for tasks to queue
[2025-07-16T07:24:37.035+0000] {logging_mixin.py:190} INFO - [2025-07-16T07:24:37.034+0000] {dagbag.py:587} INFO - Filling up the DagBag from /home/airflow/.local/lib/python3.12/site-packages/airflow/example_dags/example_task_group.py
[2025-07-16T07:24:37.043+0000] {processor.py:925} INFO - DAG(s) 'example_task_group' retrieved from /home/airflow/.local/lib/python3.12/site-packages/airflow/example_dags/example_task_group.py
[2025-07-16T07:24:37.065+0000] {logging_mixin.py:190} INFO - [2025-07-16T07:24:37.065+0000] {dag.py:3229} INFO - Sync 1 DAGs
[2025-07-16T07:24:37.080+0000] {logging_mixin.py:190} INFO - [2025-07-16T07:24:37.080+0000] {dag.py:4156} INFO - Setting next_dagrun for example_task_group to None, run_after=None
[2025-07-16T07:24:37.102+0000] {processor.py:208} INFO - Processing /home/airflow/.local/lib/python3.12/site-packages/airflow/example_dags/example_task_group.py took 0.078 seconds
[2025-07-16T07:25:08.100+0000] {processor.py:186} INFO - Started process (PID=1728) to work on /home/airflow/.local/lib/python3.12/site-packages/airflow/example_dags/example_task_group.py
[2025-07-16T07:25:08.101+0000] {processor.py:914} INFO - Processing file /home/airflow/.local/lib/python3.12/site-packages/airflow/example_dags/example_task_group.py for tasks to queue
[2025-07-16T07:25:08.104+0000] {logging_mixin.py:190} INFO - [2025-07-16T07:25:08.103+0000] {dagbag.py:587} INFO - Filling up the DagBag from /home/airflow/.local/lib/python3.12/site-packages/airflow/example_dags/example_task_group.py
[2025-07-16T07:25:08.113+0000] {processor.py:925} INFO - DAG(s) 'example_task_group' retrieved from /home/airflow/.local/lib/python3.12/site-packages/airflow/example_dags/example_task_group.py
[2025-07-16T07:25:08.140+0000] {logging_mixin.py:190} INFO - [2025-07-16T07:25:08.140+0000] {dag.py:3229} INFO - Sync 1 DAGs
[2025-07-16T07:25:08.158+0000] {logging_mixin.py:190} INFO - [2025-07-16T07:25:08.157+0000] {dag.py:4156} INFO - Setting next_dagrun for example_task_group to None, run_after=None
[2025-07-16T07:25:08.186+0000] {processor.py:208} INFO - Processing /home/airflow/.local/lib/python3.12/site-packages/airflow/example_dags/example_task_group.py took 0.093 seconds
[2025-07-16T07:25:38.642+0000] {processor.py:186} INFO - Started process (PID=1785) to work on /home/airflow/.local/lib/python3.12/site-packages/airflow/example_dags/example_task_group.py
[2025-07-16T07:25:38.643+0000] {processor.py:914} INFO - Processing file /home/airflow/.local/lib/python3.12/site-packages/airflow/example_dags/example_task_group.py for tasks to queue
[2025-07-16T07:25:38.646+0000] {logging_mixin.py:190} INFO - [2025-07-16T07:25:38.646+0000] {dagbag.py:587} INFO - Filling up the DagBag from /home/airflow/.local/lib/python3.12/site-packages/airflow/example_dags/example_task_group.py
[2025-07-16T07:25:38.656+0000] {processor.py:925} INFO - DAG(s) 'example_task_group' retrieved from /home/airflow/.local/lib/python3.12/site-packages/airflow/example_dags/example_task_group.py
[2025-07-16T07:25:38.680+0000] {logging_mixin.py:190} INFO - [2025-07-16T07:25:38.679+0000] {dag.py:3229} INFO - Sync 1 DAGs
[2025-07-16T07:25:38.699+0000] {logging_mixin.py:190} INFO - [2025-07-16T07:25:38.699+0000] {dag.py:4156} INFO - Setting next_dagrun for example_task_group to None, run_after=None
[2025-07-16T07:25:39.205+0000] {processor.py:208} INFO - Processing /home/airflow/.local/lib/python3.12/site-packages/airflow/example_dags/example_task_group.py took 0.569 seconds
[2025-07-16T07:26:09.758+0000] {processor.py:186} INFO - Started process (PID=1842) to work on /home/airflow/.local/lib/python3.12/site-packages/airflow/example_dags/example_task_group.py
[2025-07-16T07:26:09.759+0000] {processor.py:914} INFO - Processing file /home/airflow/.local/lib/python3.12/site-packages/airflow/example_dags/example_task_group.py for tasks to queue
[2025-07-16T07:26:09.762+0000] {logging_mixin.py:190} INFO - [2025-07-16T07:26:09.762+0000] {dagbag.py:587} INFO - Filling up the DagBag from /home/airflow/.local/lib/python3.12/site-packages/airflow/example_dags/example_task_group.py
[2025-07-16T07:26:09.773+0000] {processor.py:925} INFO - DAG(s) 'example_task_group' retrieved from /home/airflow/.local/lib/python3.12/site-packages/airflow/example_dags/example_task_group.py
[2025-07-16T07:26:09.807+0000] {logging_mixin.py:190} INFO - [2025-07-16T07:26:09.807+0000] {dag.py:3229} INFO - Sync 1 DAGs
[2025-07-16T07:26:09.825+0000] {logging_mixin.py:190} INFO - [2025-07-16T07:26:09.825+0000] {dag.py:4156} INFO - Setting next_dagrun for example_task_group to None, run_after=None
[2025-07-16T07:26:09.848+0000] {processor.py:208} INFO - Processing /home/airflow/.local/lib/python3.12/site-packages/airflow/example_dags/example_task_group.py took 0.097 seconds
[2025-07-16T07:26:39.987+0000] {processor.py:186} INFO - Started process (PID=1899) to work on /home/airflow/.local/lib/python3.12/site-packages/airflow/example_dags/example_task_group.py
[2025-07-16T07:26:39.989+0000] {processor.py:914} INFO - Processing file /home/airflow/.local/lib/python3.12/site-packages/airflow/example_dags/example_task_group.py for tasks to queue
[2025-07-16T07:26:39.991+0000] {logging_mixin.py:190} INFO - [2025-07-16T07:26:39.991+0000] {dagbag.py:587} INFO - Filling up the DagBag from /home/airflow/.local/lib/python3.12/site-packages/airflow/example_dags/example_task_group.py
[2025-07-16T07:26:40.001+0000] {processor.py:925} INFO - DAG(s) 'example_task_group' retrieved from /home/airflow/.local/lib/python3.12/site-packages/airflow/example_dags/example_task_group.py
[2025-07-16T07:26:40.024+0000] {logging_mixin.py:190} INFO - [2025-07-16T07:26:40.024+0000] {dag.py:3229} INFO - Sync 1 DAGs
[2025-07-16T07:26:40.039+0000] {logging_mixin.py:190} INFO - [2025-07-16T07:26:40.039+0000] {dag.py:4156} INFO - Setting next_dagrun for example_task_group to None, run_after=None
[2025-07-16T07:26:40.060+0000] {processor.py:208} INFO - Processing /home/airflow/.local/lib/python3.12/site-packages/airflow/example_dags/example_task_group.py took 0.082 seconds
[2025-07-16T07:27:10.964+0000] {processor.py:186} INFO - Started process (PID=1956) to work on /home/airflow/.local/lib/python3.12/site-packages/airflow/example_dags/example_task_group.py
[2025-07-16T07:27:10.966+0000] {processor.py:914} INFO - Processing file /home/airflow/.local/lib/python3.12/site-packages/airflow/example_dags/example_task_group.py for tasks to queue
[2025-07-16T07:27:10.969+0000] {logging_mixin.py:190} INFO - [2025-07-16T07:27:10.968+0000] {dagbag.py:587} INFO - Filling up the DagBag from /home/airflow/.local/lib/python3.12/site-packages/airflow/example_dags/example_task_group.py
[2025-07-16T07:27:10.980+0000] {processor.py:925} INFO - DAG(s) 'example_task_group' retrieved from /home/airflow/.local/lib/python3.12/site-packages/airflow/example_dags/example_task_group.py
[2025-07-16T07:27:11.008+0000] {logging_mixin.py:190} INFO - [2025-07-16T07:27:11.008+0000] {dag.py:3229} INFO - Sync 1 DAGs
[2025-07-16T07:27:11.025+0000] {logging_mixin.py:190} INFO - [2025-07-16T07:27:11.025+0000] {dag.py:4156} INFO - Setting next_dagrun for example_task_group to None, run_after=None
[2025-07-16T07:27:11.048+0000] {processor.py:208} INFO - Processing /home/airflow/.local/lib/python3.12/site-packages/airflow/example_dags/example_task_group.py took 0.090 seconds
[2025-07-16T07:27:42.430+0000] {processor.py:186} INFO - Started process (PID=2013) to work on /home/airflow/.local/lib/python3.12/site-packages/airflow/example_dags/example_task_group.py
[2025-07-16T07:27:42.432+0000] {processor.py:914} INFO - Processing file /home/airflow/.local/lib/python3.12/site-packages/airflow/example_dags/example_task_group.py for tasks to queue
[2025-07-16T07:27:42.436+0000] {logging_mixin.py:190} INFO - [2025-07-16T07:27:42.435+0000] {dagbag.py:587} INFO - Filling up the DagBag from /home/airflow/.local/lib/python3.12/site-packages/airflow/example_dags/example_task_group.py
[2025-07-16T07:27:42.445+0000] {processor.py:925} INFO - DAG(s) 'example_task_group' retrieved from /home/airflow/.local/lib/python3.12/site-packages/airflow/example_dags/example_task_group.py
[2025-07-16T07:27:42.469+0000] {logging_mixin.py:190} INFO - [2025-07-16T07:27:42.469+0000] {dag.py:3229} INFO - Sync 1 DAGs
[2025-07-16T07:27:42.487+0000] {logging_mixin.py:190} INFO - [2025-07-16T07:27:42.486+0000] {dag.py:4156} INFO - Setting next_dagrun for example_task_group to None, run_after=None
[2025-07-16T07:27:42.512+0000] {processor.py:208} INFO - Processing /home/airflow/.local/lib/python3.12/site-packages/airflow/example_dags/example_task_group.py took 0.088 seconds
[2025-07-16T07:28:12.984+0000] {processor.py:186} INFO - Started process (PID=2070) to work on /home/airflow/.local/lib/python3.12/site-packages/airflow/example_dags/example_task_group.py
[2025-07-16T07:28:12.985+0000] {processor.py:914} INFO - Processing file /home/airflow/.local/lib/python3.12/site-packages/airflow/example_dags/example_task_group.py for tasks to queue
[2025-07-16T07:28:12.987+0000] {logging_mixin.py:190} INFO - [2025-07-16T07:28:12.987+0000] {dagbag.py:587} INFO - Filling up the DagBag from /home/airflow/.local/lib/python3.12/site-packages/airflow/example_dags/example_task_group.py
[2025-07-16T07:28:12.997+0000] {processor.py:925} INFO - DAG(s) 'example_task_group' retrieved from /home/airflow/.local/lib/python3.12/site-packages/airflow/example_dags/example_task_group.py
[2025-07-16T07:28:13.021+0000] {logging_mixin.py:190} INFO - [2025-07-16T07:28:13.020+0000] {dag.py:3229} INFO - Sync 1 DAGs
[2025-07-16T07:28:13.037+0000] {logging_mixin.py:190} INFO - [2025-07-16T07:28:13.037+0000] {dag.py:4156} INFO - Setting next_dagrun for example_task_group to None, run_after=None
[2025-07-16T07:28:13.061+0000] {processor.py:208} INFO - Processing /home/airflow/.local/lib/python3.12/site-packages/airflow/example_dags/example_task_group.py took 0.084 seconds
[2025-07-16T07:28:43.426+0000] {processor.py:186} INFO - Started process (PID=2127) to work on /home/airflow/.local/lib/python3.12/site-packages/airflow/example_dags/example_task_group.py
[2025-07-16T07:28:43.427+0000] {processor.py:914} INFO - Processing file /home/airflow/.local/lib/python3.12/site-packages/airflow/example_dags/example_task_group.py for tasks to queue
[2025-07-16T07:28:43.430+0000] {logging_mixin.py:190} INFO - [2025-07-16T07:28:43.429+0000] {dagbag.py:587} INFO - Filling up the DagBag from /home/airflow/.local/lib/python3.12/site-packages/airflow/example_dags/example_task_group.py
[2025-07-16T07:28:43.442+0000] {processor.py:925} INFO - DAG(s) 'example_task_group' retrieved from /home/airflow/.local/lib/python3.12/site-packages/airflow/example_dags/example_task_group.py
[2025-07-16T07:28:43.469+0000] {logging_mixin.py:190} INFO - [2025-07-16T07:28:43.469+0000] {dag.py:3229} INFO - Sync 1 DAGs
[2025-07-16T07:28:43.493+0000] {logging_mixin.py:190} INFO - [2025-07-16T07:28:43.493+0000] {dag.py:4156} INFO - Setting next_dagrun for example_task_group to None, run_after=None
[2025-07-16T07:28:43.518+0000] {processor.py:208} INFO - Processing /home/airflow/.local/lib/python3.12/site-packages/airflow/example_dags/example_task_group.py took 0.099 seconds
[2025-07-16T07:29:14.174+0000] {processor.py:186} INFO - Started process (PID=2184) to work on /home/airflow/.local/lib/python3.12/site-packages/airflow/example_dags/example_task_group.py
[2025-07-16T07:29:14.175+0000] {processor.py:914} INFO - Processing file /home/airflow/.local/lib/python3.12/site-packages/airflow/example_dags/example_task_group.py for tasks to queue
[2025-07-16T07:29:14.178+0000] {logging_mixin.py:190} INFO - [2025-07-16T07:29:14.177+0000] {dagbag.py:587} INFO - Filling up the DagBag from /home/airflow/.local/lib/python3.12/site-packages/airflow/example_dags/example_task_group.py
[2025-07-16T07:29:14.189+0000] {processor.py:925} INFO - DAG(s) 'example_task_group' retrieved from /home/airflow/.local/lib/python3.12/site-packages/airflow/example_dags/example_task_group.py
[2025-07-16T07:29:14.214+0000] {logging_mixin.py:190} INFO - [2025-07-16T07:29:14.213+0000] {dag.py:3229} INFO - Sync 1 DAGs
[2025-07-16T07:29:14.230+0000] {logging_mixin.py:190} INFO - [2025-07-16T07:29:14.230+0000] {dag.py:4156} INFO - Setting next_dagrun for example_task_group to None, run_after=None
[2025-07-16T07:29:14.259+0000] {processor.py:208} INFO - Processing /home/airflow/.local/lib/python3.12/site-packages/airflow/example_dags/example_task_group.py took 0.093 seconds
[2025-07-16T07:29:44.856+0000] {processor.py:186} INFO - Started process (PID=2241) to work on /home/airflow/.local/lib/python3.12/site-packages/airflow/example_dags/example_task_group.py
[2025-07-16T07:29:44.857+0000] {processor.py:914} INFO - Processing file /home/airflow/.local/lib/python3.12/site-packages/airflow/example_dags/example_task_group.py for tasks to queue
[2025-07-16T07:29:44.860+0000] {logging_mixin.py:190} INFO - [2025-07-16T07:29:44.860+0000] {dagbag.py:587} INFO - Filling up the DagBag from /home/airflow/.local/lib/python3.12/site-packages/airflow/example_dags/example_task_group.py
[2025-07-16T07:29:44.870+0000] {processor.py:925} INFO - DAG(s) 'example_task_group' retrieved from /home/airflow/.local/lib/python3.12/site-packages/airflow/example_dags/example_task_group.py
[2025-07-16T07:29:44.895+0000] {logging_mixin.py:190} INFO - [2025-07-16T07:29:44.895+0000] {dag.py:3229} INFO - Sync 1 DAGs
[2025-07-16T07:29:44.911+0000] {logging_mixin.py:190} INFO - [2025-07-16T07:29:44.910+0000] {dag.py:4156} INFO - Setting next_dagrun for example_task_group to None, run_after=None
[2025-07-16T07:29:44.937+0000] {processor.py:208} INFO - Processing /home/airflow/.local/lib/python3.12/site-packages/airflow/example_dags/example_task_group.py took 0.088 seconds
[2025-07-16T07:30:16.151+0000] {processor.py:186} INFO - Started process (PID=2298) to work on /home/airflow/.local/lib/python3.12/site-packages/airflow/example_dags/example_task_group.py
[2025-07-16T07:30:16.153+0000] {processor.py:914} INFO - Processing file /home/airflow/.local/lib/python3.12/site-packages/airflow/example_dags/example_task_group.py for tasks to queue
[2025-07-16T07:30:16.156+0000] {logging_mixin.py:190} INFO - [2025-07-16T07:30:16.156+0000] {dagbag.py:587} INFO - Filling up the DagBag from /home/airflow/.local/lib/python3.12/site-packages/airflow/example_dags/example_task_group.py
[2025-07-16T07:30:16.167+0000] {processor.py:925} INFO - DAG(s) 'example_task_group' retrieved from /home/airflow/.local/lib/python3.12/site-packages/airflow/example_dags/example_task_group.py
[2025-07-16T07:30:16.196+0000] {logging_mixin.py:190} INFO - [2025-07-16T07:30:16.196+0000] {dag.py:3229} INFO - Sync 1 DAGs
[2025-07-16T07:30:16.225+0000] {logging_mixin.py:190} INFO - [2025-07-16T07:30:16.225+0000] {dag.py:4156} INFO - Setting next_dagrun for example_task_group to None, run_after=None
[2025-07-16T07:30:16.249+0000] {processor.py:208} INFO - Processing /home/airflow/.local/lib/python3.12/site-packages/airflow/example_dags/example_task_group.py took 0.106 seconds
[2025-07-16T07:30:47.676+0000] {processor.py:186} INFO - Started process (PID=2355) to work on /home/airflow/.local/lib/python3.12/site-packages/airflow/example_dags/example_task_group.py
[2025-07-16T07:30:47.678+0000] {processor.py:914} INFO - Processing file /home/airflow/.local/lib/python3.12/site-packages/airflow/example_dags/example_task_group.py for tasks to queue
[2025-07-16T07:30:47.680+0000] {logging_mixin.py:190} INFO - [2025-07-16T07:30:47.680+0000] {dagbag.py:587} INFO - Filling up the DagBag from /home/airflow/.local/lib/python3.12/site-packages/airflow/example_dags/example_task_group.py
[2025-07-16T07:30:47.690+0000] {processor.py:925} INFO - DAG(s) 'example_task_group' retrieved from /home/airflow/.local/lib/python3.12/site-packages/airflow/example_dags/example_task_group.py
[2025-07-16T07:30:47.715+0000] {logging_mixin.py:190} INFO - [2025-07-16T07:30:47.715+0000] {dag.py:3229} INFO - Sync 1 DAGs
[2025-07-16T07:30:47.734+0000] {logging_mixin.py:190} INFO - [2025-07-16T07:30:47.733+0000] {dag.py:4156} INFO - Setting next_dagrun for example_task_group to None, run_after=None
[2025-07-16T07:30:47.766+0000] {processor.py:208} INFO - Processing /home/airflow/.local/lib/python3.12/site-packages/airflow/example_dags/example_task_group.py took 0.095 seconds
[2025-07-16T07:31:18.226+0000] {processor.py:186} INFO - Started process (PID=2412) to work on /home/airflow/.local/lib/python3.12/site-packages/airflow/example_dags/example_task_group.py
[2025-07-16T07:31:18.227+0000] {processor.py:914} INFO - Processing file /home/airflow/.local/lib/python3.12/site-packages/airflow/example_dags/example_task_group.py for tasks to queue
[2025-07-16T07:31:18.230+0000] {logging_mixin.py:190} INFO - [2025-07-16T07:31:18.230+0000] {dagbag.py:587} INFO - Filling up the DagBag from /home/airflow/.local/lib/python3.12/site-packages/airflow/example_dags/example_task_group.py
[2025-07-16T07:31:18.239+0000] {processor.py:925} INFO - DAG(s) 'example_task_group' retrieved from /home/airflow/.local/lib/python3.12/site-packages/airflow/example_dags/example_task_group.py
[2025-07-16T07:31:18.263+0000] {logging_mixin.py:190} INFO - [2025-07-16T07:31:18.263+0000] {dag.py:3229} INFO - Sync 1 DAGs
[2025-07-16T07:31:18.280+0000] {logging_mixin.py:190} INFO - [2025-07-16T07:31:18.279+0000] {dag.py:4156} INFO - Setting next_dagrun for example_task_group to None, run_after=None
[2025-07-16T07:31:18.306+0000] {processor.py:208} INFO - Processing /home/airflow/.local/lib/python3.12/site-packages/airflow/example_dags/example_task_group.py took 0.086 seconds
[2025-07-16T07:33:04.326+0000] {processor.py:186} INFO - Started process (PID=76) to work on /home/airflow/.local/lib/python3.12/site-packages/airflow/example_dags/example_task_group.py
[2025-07-16T07:33:04.328+0000] {processor.py:914} INFO - Processing file /home/airflow/.local/lib/python3.12/site-packages/airflow/example_dags/example_task_group.py for tasks to queue
[2025-07-16T07:33:04.335+0000] {logging_mixin.py:190} INFO - [2025-07-16T07:33:04.334+0000] {dagbag.py:587} INFO - Filling up the DagBag from /home/airflow/.local/lib/python3.12/site-packages/airflow/example_dags/example_task_group.py
[2025-07-16T07:33:04.348+0000] {processor.py:925} INFO - DAG(s) 'example_task_group' retrieved from /home/airflow/.local/lib/python3.12/site-packages/airflow/example_dags/example_task_group.py
[2025-07-16T07:33:04.389+0000] {logging_mixin.py:190} INFO - [2025-07-16T07:33:04.389+0000] {dag.py:3229} INFO - Sync 1 DAGs
[2025-07-16T07:33:04.411+0000] {logging_mixin.py:190} INFO - [2025-07-16T07:33:04.410+0000] {dag.py:4156} INFO - Setting next_dagrun for example_task_group to None, run_after=None
[2025-07-16T07:33:04.437+0000] {processor.py:208} INFO - Processing /home/airflow/.local/lib/python3.12/site-packages/airflow/example_dags/example_task_group.py took 0.125 seconds
[2025-07-16T07:33:34.883+0000] {processor.py:186} INFO - Started process (PID=133) to work on /home/airflow/.local/lib/python3.12/site-packages/airflow/example_dags/example_task_group.py
[2025-07-16T07:33:34.887+0000] {processor.py:914} INFO - Processing file /home/airflow/.local/lib/python3.12/site-packages/airflow/example_dags/example_task_group.py for tasks to queue
[2025-07-16T07:33:34.890+0000] {logging_mixin.py:190} INFO - [2025-07-16T07:33:34.890+0000] {dagbag.py:587} INFO - Filling up the DagBag from /home/airflow/.local/lib/python3.12/site-packages/airflow/example_dags/example_task_group.py
[2025-07-16T07:33:34.900+0000] {processor.py:925} INFO - DAG(s) 'example_task_group' retrieved from /home/airflow/.local/lib/python3.12/site-packages/airflow/example_dags/example_task_group.py
[2025-07-16T07:33:34.927+0000] {logging_mixin.py:190} INFO - [2025-07-16T07:33:34.926+0000] {dag.py:3229} INFO - Sync 1 DAGs
[2025-07-16T07:33:34.947+0000] {logging_mixin.py:190} INFO - [2025-07-16T07:33:34.946+0000] {dag.py:4156} INFO - Setting next_dagrun for example_task_group to None, run_after=None
[2025-07-16T07:33:34.975+0000] {processor.py:208} INFO - Processing /home/airflow/.local/lib/python3.12/site-packages/airflow/example_dags/example_task_group.py took 0.101 seconds
[2025-07-16T07:34:05.825+0000] {processor.py:186} INFO - Started process (PID=190) to work on /home/airflow/.local/lib/python3.12/site-packages/airflow/example_dags/example_task_group.py
[2025-07-16T07:34:05.827+0000] {processor.py:914} INFO - Processing file /home/airflow/.local/lib/python3.12/site-packages/airflow/example_dags/example_task_group.py for tasks to queue
[2025-07-16T07:34:05.829+0000] {logging_mixin.py:190} INFO - [2025-07-16T07:34:05.829+0000] {dagbag.py:587} INFO - Filling up the DagBag from /home/airflow/.local/lib/python3.12/site-packages/airflow/example_dags/example_task_group.py
[2025-07-16T07:34:05.838+0000] {processor.py:925} INFO - DAG(s) 'example_task_group' retrieved from /home/airflow/.local/lib/python3.12/site-packages/airflow/example_dags/example_task_group.py
[2025-07-16T07:34:05.863+0000] {logging_mixin.py:190} INFO - [2025-07-16T07:34:05.863+0000] {dag.py:3229} INFO - Sync 1 DAGs
[2025-07-16T07:34:05.879+0000] {logging_mixin.py:190} INFO - [2025-07-16T07:34:05.878+0000] {dag.py:4156} INFO - Setting next_dagrun for example_task_group to None, run_after=None
[2025-07-16T07:34:05.899+0000] {processor.py:208} INFO - Processing /home/airflow/.local/lib/python3.12/site-packages/airflow/example_dags/example_task_group.py took 0.081 seconds
[2025-07-16T07:34:36.616+0000] {processor.py:186} INFO - Started process (PID=247) to work on /home/airflow/.local/lib/python3.12/site-packages/airflow/example_dags/example_task_group.py
[2025-07-16T07:34:36.617+0000] {processor.py:914} INFO - Processing file /home/airflow/.local/lib/python3.12/site-packages/airflow/example_dags/example_task_group.py for tasks to queue
[2025-07-16T07:34:36.620+0000] {logging_mixin.py:190} INFO - [2025-07-16T07:34:36.619+0000] {dagbag.py:587} INFO - Filling up the DagBag from /home/airflow/.local/lib/python3.12/site-packages/airflow/example_dags/example_task_group.py
[2025-07-16T07:34:36.631+0000] {processor.py:925} INFO - DAG(s) 'example_task_group' retrieved from /home/airflow/.local/lib/python3.12/site-packages/airflow/example_dags/example_task_group.py
[2025-07-16T07:34:36.656+0000] {logging_mixin.py:190} INFO - [2025-07-16T07:34:36.656+0000] {dag.py:3229} INFO - Sync 1 DAGs
[2025-07-16T07:34:36.672+0000] {logging_mixin.py:190} INFO - [2025-07-16T07:34:36.672+0000] {dag.py:4156} INFO - Setting next_dagrun for example_task_group to None, run_after=None
[2025-07-16T07:34:36.694+0000] {processor.py:208} INFO - Processing /home/airflow/.local/lib/python3.12/site-packages/airflow/example_dags/example_task_group.py took 0.086 seconds
[2025-07-16T07:35:07.181+0000] {processor.py:186} INFO - Started process (PID=304) to work on /home/airflow/.local/lib/python3.12/site-packages/airflow/example_dags/example_task_group.py
[2025-07-16T07:35:07.182+0000] {processor.py:914} INFO - Processing file /home/airflow/.local/lib/python3.12/site-packages/airflow/example_dags/example_task_group.py for tasks to queue
[2025-07-16T07:35:07.185+0000] {logging_mixin.py:190} INFO - [2025-07-16T07:35:07.184+0000] {dagbag.py:587} INFO - Filling up the DagBag from /home/airflow/.local/lib/python3.12/site-packages/airflow/example_dags/example_task_group.py
[2025-07-16T07:35:07.194+0000] {processor.py:925} INFO - DAG(s) 'example_task_group' retrieved from /home/airflow/.local/lib/python3.12/site-packages/airflow/example_dags/example_task_group.py
[2025-07-16T07:35:07.219+0000] {logging_mixin.py:190} INFO - [2025-07-16T07:35:07.218+0000] {dag.py:3229} INFO - Sync 1 DAGs
[2025-07-16T07:35:07.235+0000] {logging_mixin.py:190} INFO - [2025-07-16T07:35:07.235+0000] {dag.py:4156} INFO - Setting next_dagrun for example_task_group to None, run_after=None
[2025-07-16T07:35:07.259+0000] {processor.py:208} INFO - Processing /home/airflow/.local/lib/python3.12/site-packages/airflow/example_dags/example_task_group.py took 0.086 seconds
[2025-07-16T07:35:37.621+0000] {processor.py:186} INFO - Started process (PID=361) to work on /home/airflow/.local/lib/python3.12/site-packages/airflow/example_dags/example_task_group.py
[2025-07-16T07:35:37.622+0000] {processor.py:914} INFO - Processing file /home/airflow/.local/lib/python3.12/site-packages/airflow/example_dags/example_task_group.py for tasks to queue
[2025-07-16T07:35:37.625+0000] {logging_mixin.py:190} INFO - [2025-07-16T07:35:37.624+0000] {dagbag.py:587} INFO - Filling up the DagBag from /home/airflow/.local/lib/python3.12/site-packages/airflow/example_dags/example_task_group.py
[2025-07-16T07:35:37.634+0000] {processor.py:925} INFO - DAG(s) 'example_task_group' retrieved from /home/airflow/.local/lib/python3.12/site-packages/airflow/example_dags/example_task_group.py
[2025-07-16T07:35:37.661+0000] {logging_mixin.py:190} INFO - [2025-07-16T07:35:37.661+0000] {dag.py:3229} INFO - Sync 1 DAGs
[2025-07-16T07:35:37.679+0000] {logging_mixin.py:190} INFO - [2025-07-16T07:35:37.679+0000] {dag.py:4156} INFO - Setting next_dagrun for example_task_group to None, run_after=None
[2025-07-16T07:35:37.703+0000] {processor.py:208} INFO - Processing /home/airflow/.local/lib/python3.12/site-packages/airflow/example_dags/example_task_group.py took 0.089 seconds
[2025-07-16T07:36:08.035+0000] {processor.py:186} INFO - Started process (PID=418) to work on /home/airflow/.local/lib/python3.12/site-packages/airflow/example_dags/example_task_group.py
[2025-07-16T07:36:08.036+0000] {processor.py:914} INFO - Processing file /home/airflow/.local/lib/python3.12/site-packages/airflow/example_dags/example_task_group.py for tasks to queue
[2025-07-16T07:36:08.039+0000] {logging_mixin.py:190} INFO - [2025-07-16T07:36:08.038+0000] {dagbag.py:587} INFO - Filling up the DagBag from /home/airflow/.local/lib/python3.12/site-packages/airflow/example_dags/example_task_group.py
[2025-07-16T07:36:08.048+0000] {processor.py:925} INFO - DAG(s) 'example_task_group' retrieved from /home/airflow/.local/lib/python3.12/site-packages/airflow/example_dags/example_task_group.py
[2025-07-16T07:36:08.071+0000] {logging_mixin.py:190} INFO - [2025-07-16T07:36:08.071+0000] {dag.py:3229} INFO - Sync 1 DAGs
[2025-07-16T07:36:08.088+0000] {logging_mixin.py:190} INFO - [2025-07-16T07:36:08.088+0000] {dag.py:4156} INFO - Setting next_dagrun for example_task_group to None, run_after=None
[2025-07-16T07:36:08.113+0000] {processor.py:208} INFO - Processing /home/airflow/.local/lib/python3.12/site-packages/airflow/example_dags/example_task_group.py took 0.085 seconds
[2025-07-16T07:36:39.796+0000] {processor.py:186} INFO - Started process (PID=475) to work on /home/airflow/.local/lib/python3.12/site-packages/airflow/example_dags/example_task_group.py
[2025-07-16T07:36:39.797+0000] {processor.py:914} INFO - Processing file /home/airflow/.local/lib/python3.12/site-packages/airflow/example_dags/example_task_group.py for tasks to queue
[2025-07-16T07:36:39.800+0000] {logging_mixin.py:190} INFO - [2025-07-16T07:36:39.799+0000] {dagbag.py:587} INFO - Filling up the DagBag from /home/airflow/.local/lib/python3.12/site-packages/airflow/example_dags/example_task_group.py
[2025-07-16T07:36:39.810+0000] {processor.py:925} INFO - DAG(s) 'example_task_group' retrieved from /home/airflow/.local/lib/python3.12/site-packages/airflow/example_dags/example_task_group.py
[2025-07-16T07:36:39.837+0000] {logging_mixin.py:190} INFO - [2025-07-16T07:36:39.837+0000] {dag.py:3229} INFO - Sync 1 DAGs
[2025-07-16T07:36:39.855+0000] {logging_mixin.py:190} INFO - [2025-07-16T07:36:39.855+0000] {dag.py:4156} INFO - Setting next_dagrun for example_task_group to None, run_after=None
[2025-07-16T07:36:39.883+0000] {processor.py:208} INFO - Processing /home/airflow/.local/lib/python3.12/site-packages/airflow/example_dags/example_task_group.py took 0.093 seconds
[2025-07-16T07:37:10.416+0000] {processor.py:186} INFO - Started process (PID=532) to work on /home/airflow/.local/lib/python3.12/site-packages/airflow/example_dags/example_task_group.py
[2025-07-16T07:37:10.418+0000] {processor.py:914} INFO - Processing file /home/airflow/.local/lib/python3.12/site-packages/airflow/example_dags/example_task_group.py for tasks to queue
[2025-07-16T07:37:10.421+0000] {logging_mixin.py:190} INFO - [2025-07-16T07:37:10.421+0000] {dagbag.py:587} INFO - Filling up the DagBag from /home/airflow/.local/lib/python3.12/site-packages/airflow/example_dags/example_task_group.py
[2025-07-16T07:37:10.430+0000] {processor.py:925} INFO - DAG(s) 'example_task_group' retrieved from /home/airflow/.local/lib/python3.12/site-packages/airflow/example_dags/example_task_group.py
[2025-07-16T07:37:10.454+0000] {logging_mixin.py:190} INFO - [2025-07-16T07:37:10.453+0000] {dag.py:3229} INFO - Sync 1 DAGs
[2025-07-16T07:37:10.471+0000] {logging_mixin.py:190} INFO - [2025-07-16T07:37:10.470+0000] {dag.py:4156} INFO - Setting next_dagrun for example_task_group to None, run_after=None
[2025-07-16T07:37:10.496+0000] {processor.py:208} INFO - Processing /home/airflow/.local/lib/python3.12/site-packages/airflow/example_dags/example_task_group.py took 0.087 seconds
[2025-07-16T07:37:41.299+0000] {processor.py:186} INFO - Started process (PID=589) to work on /home/airflow/.local/lib/python3.12/site-packages/airflow/example_dags/example_task_group.py
[2025-07-16T07:37:41.300+0000] {processor.py:914} INFO - Processing file /home/airflow/.local/lib/python3.12/site-packages/airflow/example_dags/example_task_group.py for tasks to queue
[2025-07-16T07:37:41.303+0000] {logging_mixin.py:190} INFO - [2025-07-16T07:37:41.303+0000] {dagbag.py:587} INFO - Filling up the DagBag from /home/airflow/.local/lib/python3.12/site-packages/airflow/example_dags/example_task_group.py
[2025-07-16T07:37:41.315+0000] {processor.py:925} INFO - DAG(s) 'example_task_group' retrieved from /home/airflow/.local/lib/python3.12/site-packages/airflow/example_dags/example_task_group.py
[2025-07-16T07:37:41.340+0000] {logging_mixin.py:190} INFO - [2025-07-16T07:37:41.340+0000] {dag.py:3229} INFO - Sync 1 DAGs
[2025-07-16T07:37:41.355+0000] {logging_mixin.py:190} INFO - [2025-07-16T07:37:41.355+0000] {dag.py:4156} INFO - Setting next_dagrun for example_task_group to None, run_after=None
[2025-07-16T07:37:41.379+0000] {processor.py:208} INFO - Processing /home/airflow/.local/lib/python3.12/site-packages/airflow/example_dags/example_task_group.py took 0.087 seconds
[2025-07-16T07:38:12.527+0000] {processor.py:186} INFO - Started process (PID=646) to work on /home/airflow/.local/lib/python3.12/site-packages/airflow/example_dags/example_task_group.py
[2025-07-16T07:38:12.528+0000] {processor.py:914} INFO - Processing file /home/airflow/.local/lib/python3.12/site-packages/airflow/example_dags/example_task_group.py for tasks to queue
[2025-07-16T07:38:12.531+0000] {logging_mixin.py:190} INFO - [2025-07-16T07:38:12.531+0000] {dagbag.py:587} INFO - Filling up the DagBag from /home/airflow/.local/lib/python3.12/site-packages/airflow/example_dags/example_task_group.py
[2025-07-16T07:38:12.540+0000] {processor.py:925} INFO - DAG(s) 'example_task_group' retrieved from /home/airflow/.local/lib/python3.12/site-packages/airflow/example_dags/example_task_group.py
[2025-07-16T07:38:12.564+0000] {logging_mixin.py:190} INFO - [2025-07-16T07:38:12.563+0000] {dag.py:3229} INFO - Sync 1 DAGs
[2025-07-16T07:38:12.578+0000] {logging_mixin.py:190} INFO - [2025-07-16T07:38:12.578+0000] {dag.py:4156} INFO - Setting next_dagrun for example_task_group to None, run_after=None
[2025-07-16T07:38:12.608+0000] {processor.py:208} INFO - Processing /home/airflow/.local/lib/python3.12/site-packages/airflow/example_dags/example_task_group.py took 0.087 seconds
[2025-07-16T07:38:43.129+0000] {processor.py:186} INFO - Started process (PID=703) to work on /home/airflow/.local/lib/python3.12/site-packages/airflow/example_dags/example_task_group.py
[2025-07-16T07:38:43.131+0000] {processor.py:914} INFO - Processing file /home/airflow/.local/lib/python3.12/site-packages/airflow/example_dags/example_task_group.py for tasks to queue
[2025-07-16T07:38:43.134+0000] {logging_mixin.py:190} INFO - [2025-07-16T07:38:43.134+0000] {dagbag.py:587} INFO - Filling up the DagBag from /home/airflow/.local/lib/python3.12/site-packages/airflow/example_dags/example_task_group.py
[2025-07-16T07:38:43.144+0000] {processor.py:925} INFO - DAG(s) 'example_task_group' retrieved from /home/airflow/.local/lib/python3.12/site-packages/airflow/example_dags/example_task_group.py
[2025-07-16T07:38:43.171+0000] {logging_mixin.py:190} INFO - [2025-07-16T07:38:43.171+0000] {dag.py:3229} INFO - Sync 1 DAGs
[2025-07-16T07:38:43.190+0000] {logging_mixin.py:190} INFO - [2025-07-16T07:38:43.190+0000] {dag.py:4156} INFO - Setting next_dagrun for example_task_group to None, run_after=None
[2025-07-16T07:38:43.215+0000] {processor.py:208} INFO - Processing /home/airflow/.local/lib/python3.12/site-packages/airflow/example_dags/example_task_group.py took 0.092 seconds
[2025-07-16T07:39:13.895+0000] {processor.py:186} INFO - Started process (PID=760) to work on /home/airflow/.local/lib/python3.12/site-packages/airflow/example_dags/example_task_group.py
[2025-07-16T07:39:13.896+0000] {processor.py:914} INFO - Processing file /home/airflow/.local/lib/python3.12/site-packages/airflow/example_dags/example_task_group.py for tasks to queue
[2025-07-16T07:39:13.899+0000] {logging_mixin.py:190} INFO - [2025-07-16T07:39:13.899+0000] {dagbag.py:587} INFO - Filling up the DagBag from /home/airflow/.local/lib/python3.12/site-packages/airflow/example_dags/example_task_group.py
[2025-07-16T07:39:13.910+0000] {processor.py:925} INFO - DAG(s) 'example_task_group' retrieved from /home/airflow/.local/lib/python3.12/site-packages/airflow/example_dags/example_task_group.py
[2025-07-16T07:39:13.935+0000] {logging_mixin.py:190} INFO - [2025-07-16T07:39:13.935+0000] {dag.py:3229} INFO - Sync 1 DAGs
[2025-07-16T07:39:13.951+0000] {logging_mixin.py:190} INFO - [2025-07-16T07:39:13.950+0000] {dag.py:4156} INFO - Setting next_dagrun for example_task_group to None, run_after=None
[2025-07-16T07:39:13.976+0000] {processor.py:208} INFO - Processing /home/airflow/.local/lib/python3.12/site-packages/airflow/example_dags/example_task_group.py took 0.088 seconds
[2025-07-16T07:39:44.366+0000] {processor.py:186} INFO - Started process (PID=817) to work on /home/airflow/.local/lib/python3.12/site-packages/airflow/example_dags/example_task_group.py
[2025-07-16T07:39:44.367+0000] {processor.py:914} INFO - Processing file /home/airflow/.local/lib/python3.12/site-packages/airflow/example_dags/example_task_group.py for tasks to queue
[2025-07-16T07:39:44.370+0000] {logging_mixin.py:190} INFO - [2025-07-16T07:39:44.370+0000] {dagbag.py:587} INFO - Filling up the DagBag from /home/airflow/.local/lib/python3.12/site-packages/airflow/example_dags/example_task_group.py
[2025-07-16T07:39:44.381+0000] {processor.py:925} INFO - DAG(s) 'example_task_group' retrieved from /home/airflow/.local/lib/python3.12/site-packages/airflow/example_dags/example_task_group.py
[2025-07-16T07:39:44.405+0000] {logging_mixin.py:190} INFO - [2025-07-16T07:39:44.404+0000] {dag.py:3229} INFO - Sync 1 DAGs
[2025-07-16T07:39:44.421+0000] {logging_mixin.py:190} INFO - [2025-07-16T07:39:44.420+0000] {dag.py:4156} INFO - Setting next_dagrun for example_task_group to None, run_after=None
[2025-07-16T07:39:44.441+0000] {processor.py:208} INFO - Processing /home/airflow/.local/lib/python3.12/site-packages/airflow/example_dags/example_task_group.py took 0.082 seconds
[2025-07-16T07:40:14.993+0000] {processor.py:186} INFO - Started process (PID=874) to work on /home/airflow/.local/lib/python3.12/site-packages/airflow/example_dags/example_task_group.py
[2025-07-16T07:40:14.995+0000] {processor.py:914} INFO - Processing file /home/airflow/.local/lib/python3.12/site-packages/airflow/example_dags/example_task_group.py for tasks to queue
[2025-07-16T07:40:14.998+0000] {logging_mixin.py:190} INFO - [2025-07-16T07:40:14.997+0000] {dagbag.py:587} INFO - Filling up the DagBag from /home/airflow/.local/lib/python3.12/site-packages/airflow/example_dags/example_task_group.py
[2025-07-16T07:40:15.013+0000] {processor.py:925} INFO - DAG(s) 'example_task_group' retrieved from /home/airflow/.local/lib/python3.12/site-packages/airflow/example_dags/example_task_group.py
[2025-07-16T07:40:15.051+0000] {logging_mixin.py:190} INFO - [2025-07-16T07:40:15.050+0000] {dag.py:3229} INFO - Sync 1 DAGs
[2025-07-16T07:40:15.072+0000] {logging_mixin.py:190} INFO - [2025-07-16T07:40:15.071+0000] {dag.py:4156} INFO - Setting next_dagrun for example_task_group to None, run_after=None
[2025-07-16T07:40:15.096+0000] {processor.py:208} INFO - Processing /home/airflow/.local/lib/python3.12/site-packages/airflow/example_dags/example_task_group.py took 0.111 seconds
[2025-07-16T07:40:45.834+0000] {processor.py:186} INFO - Started process (PID=931) to work on /home/airflow/.local/lib/python3.12/site-packages/airflow/example_dags/example_task_group.py
[2025-07-16T07:40:45.835+0000] {processor.py:914} INFO - Processing file /home/airflow/.local/lib/python3.12/site-packages/airflow/example_dags/example_task_group.py for tasks to queue
[2025-07-16T07:40:45.838+0000] {logging_mixin.py:190} INFO - [2025-07-16T07:40:45.838+0000] {dagbag.py:587} INFO - Filling up the DagBag from /home/airflow/.local/lib/python3.12/site-packages/airflow/example_dags/example_task_group.py
[2025-07-16T07:40:45.847+0000] {processor.py:925} INFO - DAG(s) 'example_task_group' retrieved from /home/airflow/.local/lib/python3.12/site-packages/airflow/example_dags/example_task_group.py
[2025-07-16T07:40:45.870+0000] {logging_mixin.py:190} INFO - [2025-07-16T07:40:45.870+0000] {dag.py:3229} INFO - Sync 1 DAGs
[2025-07-16T07:40:45.887+0000] {logging_mixin.py:190} INFO - [2025-07-16T07:40:45.887+0000] {dag.py:4156} INFO - Setting next_dagrun for example_task_group to None, run_after=None
[2025-07-16T07:40:45.913+0000] {processor.py:208} INFO - Processing /home/airflow/.local/lib/python3.12/site-packages/airflow/example_dags/example_task_group.py took 0.085 seconds
