[2025-07-16T07:10:16.779+0000] {processor.py:186} INFO - Started process (PID=64) to work on /home/airflow/.local/lib/python3.12/site-packages/airflow/example_dags/tutorial.py
[2025-07-16T07:10:16.781+0000] {processor.py:914} INFO - Processing file /home/airflow/.local/lib/python3.12/site-packages/airflow/example_dags/tutorial.py for tasks to queue
[2025-07-16T07:10:16.785+0000] {logging_mixin.py:190} INFO - [2025-07-16T07:10:16.784+0000] {dagbag.py:587} INFO - Filling up the DagBag from /home/airflow/.local/lib/python3.12/site-packages/airflow/example_dags/tutorial.py
[2025-07-16T07:10:16.798+0000] {processor.py:925} INFO - DAG(s) 'tutorial' retrieved from /home/airflow/.local/lib/python3.12/site-packages/airflow/example_dags/tutorial.py
[2025-07-16T07:10:16.834+0000] {logging_mixin.py:190} INFO - [2025-07-16T07:10:16.834+0000] {dag.py:3229} INFO - Sync 1 DAGs
[2025-07-16T07:10:16.860+0000] {logging_mixin.py:190} INFO - [2025-07-16T07:10:16.860+0000] {dag.py:4156} INFO - Setting next_dagrun for tutorial to 2025-07-15 00:00:00+00:00, run_after=2025-07-16 00:00:00+00:00
[2025-07-16T07:10:16.883+0000] {processor.py:208} INFO - Processing /home/airflow/.local/lib/python3.12/site-packages/airflow/example_dags/tutorial.py took 0.115 seconds
[2025-07-16T07:10:47.360+0000] {processor.py:186} INFO - Started process (PID=121) to work on /home/airflow/.local/lib/python3.12/site-packages/airflow/example_dags/tutorial.py
[2025-07-16T07:10:47.362+0000] {processor.py:914} INFO - Processing file /home/airflow/.local/lib/python3.12/site-packages/airflow/example_dags/tutorial.py for tasks to queue
[2025-07-16T07:10:47.364+0000] {logging_mixin.py:190} INFO - [2025-07-16T07:10:47.364+0000] {dagbag.py:587} INFO - Filling up the DagBag from /home/airflow/.local/lib/python3.12/site-packages/airflow/example_dags/tutorial.py
[2025-07-16T07:10:47.373+0000] {processor.py:925} INFO - DAG(s) 'tutorial' retrieved from /home/airflow/.local/lib/python3.12/site-packages/airflow/example_dags/tutorial.py
[2025-07-16T07:10:47.394+0000] {logging_mixin.py:190} INFO - [2025-07-16T07:10:47.394+0000] {dag.py:3229} INFO - Sync 1 DAGs
[2025-07-16T07:10:47.419+0000] {logging_mixin.py:190} INFO - [2025-07-16T07:10:47.419+0000] {dag.py:4156} INFO - Setting next_dagrun for tutorial to 2025-07-15 00:00:00+00:00, run_after=2025-07-16 00:00:00+00:00
[2025-07-16T07:10:47.445+0000] {processor.py:208} INFO - Processing /home/airflow/.local/lib/python3.12/site-packages/airflow/example_dags/tutorial.py took 0.092 seconds
[2025-07-16T07:11:18.072+0000] {processor.py:186} INFO - Started process (PID=178) to work on /home/airflow/.local/lib/python3.12/site-packages/airflow/example_dags/tutorial.py
[2025-07-16T07:11:18.074+0000] {processor.py:914} INFO - Processing file /home/airflow/.local/lib/python3.12/site-packages/airflow/example_dags/tutorial.py for tasks to queue
[2025-07-16T07:11:18.078+0000] {logging_mixin.py:190} INFO - [2025-07-16T07:11:18.077+0000] {dagbag.py:587} INFO - Filling up the DagBag from /home/airflow/.local/lib/python3.12/site-packages/airflow/example_dags/tutorial.py
[2025-07-16T07:11:18.089+0000] {processor.py:925} INFO - DAG(s) 'tutorial' retrieved from /home/airflow/.local/lib/python3.12/site-packages/airflow/example_dags/tutorial.py
[2025-07-16T07:11:18.119+0000] {logging_mixin.py:190} INFO - [2025-07-16T07:11:18.119+0000] {dag.py:3229} INFO - Sync 1 DAGs
[2025-07-16T07:11:18.159+0000] {logging_mixin.py:190} INFO - [2025-07-16T07:11:18.158+0000] {dag.py:4156} INFO - Setting next_dagrun for tutorial to 2025-07-15 00:00:00+00:00, run_after=2025-07-16 00:00:00+00:00
[2025-07-16T07:11:18.190+0000] {processor.py:208} INFO - Processing /home/airflow/.local/lib/python3.12/site-packages/airflow/example_dags/tutorial.py took 0.131 seconds
[2025-07-16T07:11:48.807+0000] {processor.py:186} INFO - Started process (PID=235) to work on /home/airflow/.local/lib/python3.12/site-packages/airflow/example_dags/tutorial.py
[2025-07-16T07:11:48.808+0000] {processor.py:914} INFO - Processing file /home/airflow/.local/lib/python3.12/site-packages/airflow/example_dags/tutorial.py for tasks to queue
[2025-07-16T07:11:48.811+0000] {logging_mixin.py:190} INFO - [2025-07-16T07:11:48.810+0000] {dagbag.py:587} INFO - Filling up the DagBag from /home/airflow/.local/lib/python3.12/site-packages/airflow/example_dags/tutorial.py
[2025-07-16T07:11:48.823+0000] {processor.py:925} INFO - DAG(s) 'tutorial' retrieved from /home/airflow/.local/lib/python3.12/site-packages/airflow/example_dags/tutorial.py
[2025-07-16T07:11:48.850+0000] {logging_mixin.py:190} INFO - [2025-07-16T07:11:48.850+0000] {dag.py:3229} INFO - Sync 1 DAGs
[2025-07-16T07:11:48.879+0000] {logging_mixin.py:190} INFO - [2025-07-16T07:11:48.878+0000] {dag.py:4156} INFO - Setting next_dagrun for tutorial to 2025-07-15 00:00:00+00:00, run_after=2025-07-16 00:00:00+00:00
[2025-07-16T07:11:48.912+0000] {processor.py:208} INFO - Processing /home/airflow/.local/lib/python3.12/site-packages/airflow/example_dags/tutorial.py took 0.112 seconds
[2025-07-16T07:12:19.186+0000] {processor.py:186} INFO - Started process (PID=292) to work on /home/airflow/.local/lib/python3.12/site-packages/airflow/example_dags/tutorial.py
[2025-07-16T07:12:19.187+0000] {processor.py:914} INFO - Processing file /home/airflow/.local/lib/python3.12/site-packages/airflow/example_dags/tutorial.py for tasks to queue
[2025-07-16T07:12:19.190+0000] {logging_mixin.py:190} INFO - [2025-07-16T07:12:19.189+0000] {dagbag.py:587} INFO - Filling up the DagBag from /home/airflow/.local/lib/python3.12/site-packages/airflow/example_dags/tutorial.py
[2025-07-16T07:12:19.199+0000] {processor.py:925} INFO - DAG(s) 'tutorial' retrieved from /home/airflow/.local/lib/python3.12/site-packages/airflow/example_dags/tutorial.py
[2025-07-16T07:12:19.222+0000] {logging_mixin.py:190} INFO - [2025-07-16T07:12:19.222+0000] {dag.py:3229} INFO - Sync 1 DAGs
[2025-07-16T07:12:19.248+0000] {logging_mixin.py:190} INFO - [2025-07-16T07:12:19.248+0000] {dag.py:4156} INFO - Setting next_dagrun for tutorial to 2025-07-15 00:00:00+00:00, run_after=2025-07-16 00:00:00+00:00
[2025-07-16T07:12:19.271+0000] {processor.py:208} INFO - Processing /home/airflow/.local/lib/python3.12/site-packages/airflow/example_dags/tutorial.py took 0.092 seconds
[2025-07-16T07:12:50.374+0000] {processor.py:186} INFO - Started process (PID=349) to work on /home/airflow/.local/lib/python3.12/site-packages/airflow/example_dags/tutorial.py
[2025-07-16T07:12:50.375+0000] {processor.py:914} INFO - Processing file /home/airflow/.local/lib/python3.12/site-packages/airflow/example_dags/tutorial.py for tasks to queue
[2025-07-16T07:12:50.378+0000] {logging_mixin.py:190} INFO - [2025-07-16T07:12:50.378+0000] {dagbag.py:587} INFO - Filling up the DagBag from /home/airflow/.local/lib/python3.12/site-packages/airflow/example_dags/tutorial.py
[2025-07-16T07:12:50.388+0000] {processor.py:925} INFO - DAG(s) 'tutorial' retrieved from /home/airflow/.local/lib/python3.12/site-packages/airflow/example_dags/tutorial.py
[2025-07-16T07:12:50.412+0000] {logging_mixin.py:190} INFO - [2025-07-16T07:12:50.412+0000] {dag.py:3229} INFO - Sync 1 DAGs
[2025-07-16T07:12:50.450+0000] {logging_mixin.py:190} INFO - [2025-07-16T07:12:50.450+0000] {dag.py:4156} INFO - Setting next_dagrun for tutorial to 2025-07-15 00:00:00+00:00, run_after=2025-07-16 00:00:00+00:00
[2025-07-16T07:12:50.480+0000] {processor.py:208} INFO - Processing /home/airflow/.local/lib/python3.12/site-packages/airflow/example_dags/tutorial.py took 0.114 seconds
[2025-07-16T07:13:21.377+0000] {processor.py:186} INFO - Started process (PID=406) to work on /home/airflow/.local/lib/python3.12/site-packages/airflow/example_dags/tutorial.py
[2025-07-16T07:13:21.378+0000] {processor.py:914} INFO - Processing file /home/airflow/.local/lib/python3.12/site-packages/airflow/example_dags/tutorial.py for tasks to queue
[2025-07-16T07:13:21.380+0000] {logging_mixin.py:190} INFO - [2025-07-16T07:13:21.380+0000] {dagbag.py:587} INFO - Filling up the DagBag from /home/airflow/.local/lib/python3.12/site-packages/airflow/example_dags/tutorial.py
[2025-07-16T07:13:21.389+0000] {processor.py:925} INFO - DAG(s) 'tutorial' retrieved from /home/airflow/.local/lib/python3.12/site-packages/airflow/example_dags/tutorial.py
[2025-07-16T07:13:21.411+0000] {logging_mixin.py:190} INFO - [2025-07-16T07:13:21.411+0000] {dag.py:3229} INFO - Sync 1 DAGs
[2025-07-16T07:13:21.442+0000] {logging_mixin.py:190} INFO - [2025-07-16T07:13:21.442+0000] {dag.py:4156} INFO - Setting next_dagrun for tutorial to 2025-07-15 00:00:00+00:00, run_after=2025-07-16 00:00:00+00:00
[2025-07-16T07:13:21.467+0000] {processor.py:208} INFO - Processing /home/airflow/.local/lib/python3.12/site-packages/airflow/example_dags/tutorial.py took 0.097 seconds
[2025-07-16T07:13:51.688+0000] {processor.py:186} INFO - Started process (PID=463) to work on /home/airflow/.local/lib/python3.12/site-packages/airflow/example_dags/tutorial.py
[2025-07-16T07:13:51.690+0000] {processor.py:914} INFO - Processing file /home/airflow/.local/lib/python3.12/site-packages/airflow/example_dags/tutorial.py for tasks to queue
[2025-07-16T07:13:51.693+0000] {logging_mixin.py:190} INFO - [2025-07-16T07:13:51.692+0000] {dagbag.py:587} INFO - Filling up the DagBag from /home/airflow/.local/lib/python3.12/site-packages/airflow/example_dags/tutorial.py
[2025-07-16T07:13:51.703+0000] {processor.py:925} INFO - DAG(s) 'tutorial' retrieved from /home/airflow/.local/lib/python3.12/site-packages/airflow/example_dags/tutorial.py
[2025-07-16T07:13:51.726+0000] {logging_mixin.py:190} INFO - [2025-07-16T07:13:51.726+0000] {dag.py:3229} INFO - Sync 1 DAGs
[2025-07-16T07:13:51.757+0000] {logging_mixin.py:190} INFO - [2025-07-16T07:13:51.756+0000] {dag.py:4156} INFO - Setting next_dagrun for tutorial to 2025-07-15 00:00:00+00:00, run_after=2025-07-16 00:00:00+00:00
[2025-07-16T07:13:51.785+0000] {processor.py:208} INFO - Processing /home/airflow/.local/lib/python3.12/site-packages/airflow/example_dags/tutorial.py took 0.104 seconds
[2025-07-16T07:14:21.976+0000] {processor.py:186} INFO - Started process (PID=520) to work on /home/airflow/.local/lib/python3.12/site-packages/airflow/example_dags/tutorial.py
[2025-07-16T07:14:21.977+0000] {processor.py:914} INFO - Processing file /home/airflow/.local/lib/python3.12/site-packages/airflow/example_dags/tutorial.py for tasks to queue
[2025-07-16T07:14:21.979+0000] {logging_mixin.py:190} INFO - [2025-07-16T07:14:21.979+0000] {dagbag.py:587} INFO - Filling up the DagBag from /home/airflow/.local/lib/python3.12/site-packages/airflow/example_dags/tutorial.py
[2025-07-16T07:14:21.987+0000] {processor.py:925} INFO - DAG(s) 'tutorial' retrieved from /home/airflow/.local/lib/python3.12/site-packages/airflow/example_dags/tutorial.py
[2025-07-16T07:14:22.009+0000] {logging_mixin.py:190} INFO - [2025-07-16T07:14:22.009+0000] {dag.py:3229} INFO - Sync 1 DAGs
[2025-07-16T07:14:22.034+0000] {logging_mixin.py:190} INFO - [2025-07-16T07:14:22.033+0000] {dag.py:4156} INFO - Setting next_dagrun for tutorial to 2025-07-15 00:00:00+00:00, run_after=2025-07-16 00:00:00+00:00
[2025-07-16T07:14:22.058+0000] {processor.py:208} INFO - Processing /home/airflow/.local/lib/python3.12/site-packages/airflow/example_dags/tutorial.py took 0.088 seconds
[2025-07-16T07:14:52.499+0000] {processor.py:186} INFO - Started process (PID=577) to work on /home/airflow/.local/lib/python3.12/site-packages/airflow/example_dags/tutorial.py
[2025-07-16T07:14:52.501+0000] {processor.py:914} INFO - Processing file /home/airflow/.local/lib/python3.12/site-packages/airflow/example_dags/tutorial.py for tasks to queue
[2025-07-16T07:14:52.504+0000] {logging_mixin.py:190} INFO - [2025-07-16T07:14:52.503+0000] {dagbag.py:587} INFO - Filling up the DagBag from /home/airflow/.local/lib/python3.12/site-packages/airflow/example_dags/tutorial.py
[2025-07-16T07:14:52.516+0000] {processor.py:925} INFO - DAG(s) 'tutorial' retrieved from /home/airflow/.local/lib/python3.12/site-packages/airflow/example_dags/tutorial.py
[2025-07-16T07:14:52.538+0000] {logging_mixin.py:190} INFO - [2025-07-16T07:14:52.538+0000] {dag.py:3229} INFO - Sync 1 DAGs
[2025-07-16T07:14:52.563+0000] {logging_mixin.py:190} INFO - [2025-07-16T07:14:52.563+0000] {dag.py:4156} INFO - Setting next_dagrun for tutorial to 2025-07-15 00:00:00+00:00, run_after=2025-07-16 00:00:00+00:00
[2025-07-16T07:14:52.585+0000] {processor.py:208} INFO - Processing /home/airflow/.local/lib/python3.12/site-packages/airflow/example_dags/tutorial.py took 0.092 seconds
[2025-07-16T07:15:23.352+0000] {processor.py:186} INFO - Started process (PID=634) to work on /home/airflow/.local/lib/python3.12/site-packages/airflow/example_dags/tutorial.py
[2025-07-16T07:15:23.354+0000] {processor.py:914} INFO - Processing file /home/airflow/.local/lib/python3.12/site-packages/airflow/example_dags/tutorial.py for tasks to queue
[2025-07-16T07:15:23.356+0000] {logging_mixin.py:190} INFO - [2025-07-16T07:15:23.356+0000] {dagbag.py:587} INFO - Filling up the DagBag from /home/airflow/.local/lib/python3.12/site-packages/airflow/example_dags/tutorial.py
[2025-07-16T07:15:23.365+0000] {processor.py:925} INFO - DAG(s) 'tutorial' retrieved from /home/airflow/.local/lib/python3.12/site-packages/airflow/example_dags/tutorial.py
[2025-07-16T07:15:23.387+0000] {logging_mixin.py:190} INFO - [2025-07-16T07:15:23.387+0000] {dag.py:3229} INFO - Sync 1 DAGs
[2025-07-16T07:15:23.413+0000] {logging_mixin.py:190} INFO - [2025-07-16T07:15:23.413+0000] {dag.py:4156} INFO - Setting next_dagrun for tutorial to 2025-07-15 00:00:00+00:00, run_after=2025-07-16 00:00:00+00:00
[2025-07-16T07:15:23.446+0000] {processor.py:208} INFO - Processing /home/airflow/.local/lib/python3.12/site-packages/airflow/example_dags/tutorial.py took 0.100 seconds
[2025-07-16T07:15:53.939+0000] {processor.py:186} INFO - Started process (PID=691) to work on /home/airflow/.local/lib/python3.12/site-packages/airflow/example_dags/tutorial.py
[2025-07-16T07:15:53.940+0000] {processor.py:914} INFO - Processing file /home/airflow/.local/lib/python3.12/site-packages/airflow/example_dags/tutorial.py for tasks to queue
[2025-07-16T07:15:53.944+0000] {logging_mixin.py:190} INFO - [2025-07-16T07:15:53.944+0000] {dagbag.py:587} INFO - Filling up the DagBag from /home/airflow/.local/lib/python3.12/site-packages/airflow/example_dags/tutorial.py
[2025-07-16T07:15:53.954+0000] {processor.py:925} INFO - DAG(s) 'tutorial' retrieved from /home/airflow/.local/lib/python3.12/site-packages/airflow/example_dags/tutorial.py
[2025-07-16T07:15:53.978+0000] {logging_mixin.py:190} INFO - [2025-07-16T07:15:53.977+0000] {dag.py:3229} INFO - Sync 1 DAGs
[2025-07-16T07:15:54.006+0000] {logging_mixin.py:190} INFO - [2025-07-16T07:15:54.006+0000] {dag.py:4156} INFO - Setting next_dagrun for tutorial to 2025-07-15 00:00:00+00:00, run_after=2025-07-16 00:00:00+00:00
[2025-07-16T07:15:54.033+0000] {processor.py:208} INFO - Processing /home/airflow/.local/lib/python3.12/site-packages/airflow/example_dags/tutorial.py took 0.102 seconds
[2025-07-16T07:16:24.486+0000] {processor.py:186} INFO - Started process (PID=748) to work on /home/airflow/.local/lib/python3.12/site-packages/airflow/example_dags/tutorial.py
[2025-07-16T07:16:24.488+0000] {processor.py:914} INFO - Processing file /home/airflow/.local/lib/python3.12/site-packages/airflow/example_dags/tutorial.py for tasks to queue
[2025-07-16T07:16:24.490+0000] {logging_mixin.py:190} INFO - [2025-07-16T07:16:24.490+0000] {dagbag.py:587} INFO - Filling up the DagBag from /home/airflow/.local/lib/python3.12/site-packages/airflow/example_dags/tutorial.py
[2025-07-16T07:16:24.500+0000] {processor.py:925} INFO - DAG(s) 'tutorial' retrieved from /home/airflow/.local/lib/python3.12/site-packages/airflow/example_dags/tutorial.py
[2025-07-16T07:16:24.522+0000] {logging_mixin.py:190} INFO - [2025-07-16T07:16:24.521+0000] {dag.py:3229} INFO - Sync 1 DAGs
[2025-07-16T07:16:24.546+0000] {logging_mixin.py:190} INFO - [2025-07-16T07:16:24.546+0000] {dag.py:4156} INFO - Setting next_dagrun for tutorial to 2025-07-15 00:00:00+00:00, run_after=2025-07-16 00:00:00+00:00
[2025-07-16T07:16:24.573+0000] {processor.py:208} INFO - Processing /home/airflow/.local/lib/python3.12/site-packages/airflow/example_dags/tutorial.py took 0.095 seconds
[2025-07-16T07:16:54.920+0000] {processor.py:186} INFO - Started process (PID=805) to work on /home/airflow/.local/lib/python3.12/site-packages/airflow/example_dags/tutorial.py
[2025-07-16T07:16:54.921+0000] {processor.py:914} INFO - Processing file /home/airflow/.local/lib/python3.12/site-packages/airflow/example_dags/tutorial.py for tasks to queue
[2025-07-16T07:16:54.924+0000] {logging_mixin.py:190} INFO - [2025-07-16T07:16:54.924+0000] {dagbag.py:587} INFO - Filling up the DagBag from /home/airflow/.local/lib/python3.12/site-packages/airflow/example_dags/tutorial.py
[2025-07-16T07:16:54.932+0000] {processor.py:925} INFO - DAG(s) 'tutorial' retrieved from /home/airflow/.local/lib/python3.12/site-packages/airflow/example_dags/tutorial.py
[2025-07-16T07:16:54.953+0000] {logging_mixin.py:190} INFO - [2025-07-16T07:16:54.953+0000] {dag.py:3229} INFO - Sync 1 DAGs
[2025-07-16T07:16:54.979+0000] {logging_mixin.py:190} INFO - [2025-07-16T07:16:54.978+0000] {dag.py:4156} INFO - Setting next_dagrun for tutorial to 2025-07-15 00:00:00+00:00, run_after=2025-07-16 00:00:00+00:00
[2025-07-16T07:16:54.999+0000] {processor.py:208} INFO - Processing /home/airflow/.local/lib/python3.12/site-packages/airflow/example_dags/tutorial.py took 0.086 seconds
[2025-07-16T07:17:25.817+0000] {processor.py:186} INFO - Started process (PID=862) to work on /home/airflow/.local/lib/python3.12/site-packages/airflow/example_dags/tutorial.py
[2025-07-16T07:17:25.818+0000] {processor.py:914} INFO - Processing file /home/airflow/.local/lib/python3.12/site-packages/airflow/example_dags/tutorial.py for tasks to queue
[2025-07-16T07:17:25.821+0000] {logging_mixin.py:190} INFO - [2025-07-16T07:17:25.821+0000] {dagbag.py:587} INFO - Filling up the DagBag from /home/airflow/.local/lib/python3.12/site-packages/airflow/example_dags/tutorial.py
[2025-07-16T07:17:25.829+0000] {processor.py:925} INFO - DAG(s) 'tutorial' retrieved from /home/airflow/.local/lib/python3.12/site-packages/airflow/example_dags/tutorial.py
[2025-07-16T07:17:25.850+0000] {logging_mixin.py:190} INFO - [2025-07-16T07:17:25.849+0000] {dag.py:3229} INFO - Sync 1 DAGs
[2025-07-16T07:17:25.876+0000] {logging_mixin.py:190} INFO - [2025-07-16T07:17:25.876+0000] {dag.py:4156} INFO - Setting next_dagrun for tutorial to 2025-07-15 00:00:00+00:00, run_after=2025-07-16 00:00:00+00:00
[2025-07-16T07:17:25.900+0000] {processor.py:208} INFO - Processing /home/airflow/.local/lib/python3.12/site-packages/airflow/example_dags/tutorial.py took 0.089 seconds
[2025-07-16T07:17:56.315+0000] {processor.py:186} INFO - Started process (PID=919) to work on /home/airflow/.local/lib/python3.12/site-packages/airflow/example_dags/tutorial.py
[2025-07-16T07:17:56.317+0000] {processor.py:914} INFO - Processing file /home/airflow/.local/lib/python3.12/site-packages/airflow/example_dags/tutorial.py for tasks to queue
[2025-07-16T07:17:56.321+0000] {logging_mixin.py:190} INFO - [2025-07-16T07:17:56.320+0000] {dagbag.py:587} INFO - Filling up the DagBag from /home/airflow/.local/lib/python3.12/site-packages/airflow/example_dags/tutorial.py
[2025-07-16T07:17:56.330+0000] {processor.py:925} INFO - DAG(s) 'tutorial' retrieved from /home/airflow/.local/lib/python3.12/site-packages/airflow/example_dags/tutorial.py
[2025-07-16T07:17:56.353+0000] {logging_mixin.py:190} INFO - [2025-07-16T07:17:56.352+0000] {dag.py:3229} INFO - Sync 1 DAGs
[2025-07-16T07:17:56.381+0000] {logging_mixin.py:190} INFO - [2025-07-16T07:17:56.380+0000] {dag.py:4156} INFO - Setting next_dagrun for tutorial to 2025-07-15 00:00:00+00:00, run_after=2025-07-16 00:00:00+00:00
[2025-07-16T07:17:56.408+0000] {processor.py:208} INFO - Processing /home/airflow/.local/lib/python3.12/site-packages/airflow/example_dags/tutorial.py took 0.101 seconds
[2025-07-16T07:18:27.033+0000] {processor.py:186} INFO - Started process (PID=976) to work on /home/airflow/.local/lib/python3.12/site-packages/airflow/example_dags/tutorial.py
[2025-07-16T07:18:27.034+0000] {processor.py:914} INFO - Processing file /home/airflow/.local/lib/python3.12/site-packages/airflow/example_dags/tutorial.py for tasks to queue
[2025-07-16T07:18:27.038+0000] {logging_mixin.py:190} INFO - [2025-07-16T07:18:27.038+0000] {dagbag.py:587} INFO - Filling up the DagBag from /home/airflow/.local/lib/python3.12/site-packages/airflow/example_dags/tutorial.py
[2025-07-16T07:18:27.047+0000] {processor.py:925} INFO - DAG(s) 'tutorial' retrieved from /home/airflow/.local/lib/python3.12/site-packages/airflow/example_dags/tutorial.py
[2025-07-16T07:18:27.071+0000] {logging_mixin.py:190} INFO - [2025-07-16T07:18:27.070+0000] {dag.py:3229} INFO - Sync 1 DAGs
[2025-07-16T07:18:27.095+0000] {logging_mixin.py:190} INFO - [2025-07-16T07:18:27.095+0000] {dag.py:4156} INFO - Setting next_dagrun for tutorial to 2025-07-15 00:00:00+00:00, run_after=2025-07-16 00:00:00+00:00
[2025-07-16T07:18:27.120+0000] {processor.py:208} INFO - Processing /home/airflow/.local/lib/python3.12/site-packages/airflow/example_dags/tutorial.py took 0.097 seconds
[2025-07-16T07:18:57.789+0000] {processor.py:186} INFO - Started process (PID=1033) to work on /home/airflow/.local/lib/python3.12/site-packages/airflow/example_dags/tutorial.py
[2025-07-16T07:18:57.790+0000] {processor.py:914} INFO - Processing file /home/airflow/.local/lib/python3.12/site-packages/airflow/example_dags/tutorial.py for tasks to queue
[2025-07-16T07:18:57.794+0000] {logging_mixin.py:190} INFO - [2025-07-16T07:18:57.793+0000] {dagbag.py:587} INFO - Filling up the DagBag from /home/airflow/.local/lib/python3.12/site-packages/airflow/example_dags/tutorial.py
[2025-07-16T07:18:57.805+0000] {processor.py:925} INFO - DAG(s) 'tutorial' retrieved from /home/airflow/.local/lib/python3.12/site-packages/airflow/example_dags/tutorial.py
[2025-07-16T07:18:57.833+0000] {logging_mixin.py:190} INFO - [2025-07-16T07:18:57.833+0000] {dag.py:3229} INFO - Sync 1 DAGs
[2025-07-16T07:18:57.868+0000] {logging_mixin.py:190} INFO - [2025-07-16T07:18:57.867+0000] {dag.py:4156} INFO - Setting next_dagrun for tutorial to 2025-07-15 00:00:00+00:00, run_after=2025-07-16 00:00:00+00:00
[2025-07-16T07:18:57.890+0000] {processor.py:208} INFO - Processing /home/airflow/.local/lib/python3.12/site-packages/airflow/example_dags/tutorial.py took 0.110 seconds
[2025-07-16T07:19:28.270+0000] {processor.py:186} INFO - Started process (PID=1090) to work on /home/airflow/.local/lib/python3.12/site-packages/airflow/example_dags/tutorial.py
[2025-07-16T07:19:28.271+0000] {processor.py:914} INFO - Processing file /home/airflow/.local/lib/python3.12/site-packages/airflow/example_dags/tutorial.py for tasks to queue
[2025-07-16T07:19:28.274+0000] {logging_mixin.py:190} INFO - [2025-07-16T07:19:28.273+0000] {dagbag.py:587} INFO - Filling up the DagBag from /home/airflow/.local/lib/python3.12/site-packages/airflow/example_dags/tutorial.py
[2025-07-16T07:19:28.282+0000] {processor.py:925} INFO - DAG(s) 'tutorial' retrieved from /home/airflow/.local/lib/python3.12/site-packages/airflow/example_dags/tutorial.py
[2025-07-16T07:19:28.303+0000] {logging_mixin.py:190} INFO - [2025-07-16T07:19:28.302+0000] {dag.py:3229} INFO - Sync 1 DAGs
[2025-07-16T07:19:28.325+0000] {logging_mixin.py:190} INFO - [2025-07-16T07:19:28.325+0000] {dag.py:4156} INFO - Setting next_dagrun for tutorial to 2025-07-15 00:00:00+00:00, run_after=2025-07-16 00:00:00+00:00
[2025-07-16T07:19:28.349+0000] {processor.py:208} INFO - Processing /home/airflow/.local/lib/python3.12/site-packages/airflow/example_dags/tutorial.py took 0.085 seconds
[2025-07-16T07:19:58.657+0000] {processor.py:186} INFO - Started process (PID=1147) to work on /home/airflow/.local/lib/python3.12/site-packages/airflow/example_dags/tutorial.py
[2025-07-16T07:19:58.658+0000] {processor.py:914} INFO - Processing file /home/airflow/.local/lib/python3.12/site-packages/airflow/example_dags/tutorial.py for tasks to queue
[2025-07-16T07:19:58.661+0000] {logging_mixin.py:190} INFO - [2025-07-16T07:19:58.661+0000] {dagbag.py:587} INFO - Filling up the DagBag from /home/airflow/.local/lib/python3.12/site-packages/airflow/example_dags/tutorial.py
[2025-07-16T07:19:58.669+0000] {processor.py:925} INFO - DAG(s) 'tutorial' retrieved from /home/airflow/.local/lib/python3.12/site-packages/airflow/example_dags/tutorial.py
[2025-07-16T07:19:58.690+0000] {logging_mixin.py:190} INFO - [2025-07-16T07:19:58.690+0000] {dag.py:3229} INFO - Sync 1 DAGs
[2025-07-16T07:19:58.712+0000] {logging_mixin.py:190} INFO - [2025-07-16T07:19:58.712+0000] {dag.py:4156} INFO - Setting next_dagrun for tutorial to 2025-07-15 00:00:00+00:00, run_after=2025-07-16 00:00:00+00:00
[2025-07-16T07:19:58.734+0000] {processor.py:208} INFO - Processing /home/airflow/.local/lib/python3.12/site-packages/airflow/example_dags/tutorial.py took 0.084 seconds
[2025-07-16T07:20:29.216+0000] {processor.py:186} INFO - Started process (PID=1204) to work on /home/airflow/.local/lib/python3.12/site-packages/airflow/example_dags/tutorial.py
[2025-07-16T07:20:29.218+0000] {processor.py:914} INFO - Processing file /home/airflow/.local/lib/python3.12/site-packages/airflow/example_dags/tutorial.py for tasks to queue
[2025-07-16T07:20:29.221+0000] {logging_mixin.py:190} INFO - [2025-07-16T07:20:29.221+0000] {dagbag.py:587} INFO - Filling up the DagBag from /home/airflow/.local/lib/python3.12/site-packages/airflow/example_dags/tutorial.py
[2025-07-16T07:20:29.231+0000] {processor.py:925} INFO - DAG(s) 'tutorial' retrieved from /home/airflow/.local/lib/python3.12/site-packages/airflow/example_dags/tutorial.py
[2025-07-16T07:20:29.258+0000] {logging_mixin.py:190} INFO - [2025-07-16T07:20:29.258+0000] {dag.py:3229} INFO - Sync 1 DAGs
[2025-07-16T07:20:29.290+0000] {logging_mixin.py:190} INFO - [2025-07-16T07:20:29.290+0000] {dag.py:4156} INFO - Setting next_dagrun for tutorial to 2025-07-15 00:00:00+00:00, run_after=2025-07-16 00:00:00+00:00
[2025-07-16T07:20:29.320+0000] {processor.py:208} INFO - Processing /home/airflow/.local/lib/python3.12/site-packages/airflow/example_dags/tutorial.py took 0.111 seconds
[2025-07-16T07:20:59.901+0000] {processor.py:186} INFO - Started process (PID=1261) to work on /home/airflow/.local/lib/python3.12/site-packages/airflow/example_dags/tutorial.py
[2025-07-16T07:20:59.904+0000] {processor.py:914} INFO - Processing file /home/airflow/.local/lib/python3.12/site-packages/airflow/example_dags/tutorial.py for tasks to queue
[2025-07-16T07:20:59.909+0000] {logging_mixin.py:190} INFO - [2025-07-16T07:20:59.908+0000] {dagbag.py:587} INFO - Filling up the DagBag from /home/airflow/.local/lib/python3.12/site-packages/airflow/example_dags/tutorial.py
[2025-07-16T07:20:59.924+0000] {processor.py:925} INFO - DAG(s) 'tutorial' retrieved from /home/airflow/.local/lib/python3.12/site-packages/airflow/example_dags/tutorial.py
[2025-07-16T07:20:59.960+0000] {logging_mixin.py:190} INFO - [2025-07-16T07:20:59.959+0000] {dag.py:3229} INFO - Sync 1 DAGs
[2025-07-16T07:21:00.005+0000] {logging_mixin.py:190} INFO - [2025-07-16T07:21:00.005+0000] {dag.py:4156} INFO - Setting next_dagrun for tutorial to 2025-07-15 00:00:00+00:00, run_after=2025-07-16 00:00:00+00:00
[2025-07-16T07:21:00.050+0000] {processor.py:208} INFO - Processing /home/airflow/.local/lib/python3.12/site-packages/airflow/example_dags/tutorial.py took 0.159 seconds
[2025-07-16T07:21:30.787+0000] {processor.py:186} INFO - Started process (PID=1318) to work on /home/airflow/.local/lib/python3.12/site-packages/airflow/example_dags/tutorial.py
[2025-07-16T07:21:30.788+0000] {processor.py:914} INFO - Processing file /home/airflow/.local/lib/python3.12/site-packages/airflow/example_dags/tutorial.py for tasks to queue
[2025-07-16T07:21:30.791+0000] {logging_mixin.py:190} INFO - [2025-07-16T07:21:30.790+0000] {dagbag.py:587} INFO - Filling up the DagBag from /home/airflow/.local/lib/python3.12/site-packages/airflow/example_dags/tutorial.py
[2025-07-16T07:21:30.803+0000] {processor.py:925} INFO - DAG(s) 'tutorial' retrieved from /home/airflow/.local/lib/python3.12/site-packages/airflow/example_dags/tutorial.py
[2025-07-16T07:21:30.826+0000] {logging_mixin.py:190} INFO - [2025-07-16T07:21:30.826+0000] {dag.py:3229} INFO - Sync 1 DAGs
[2025-07-16T07:21:30.862+0000] {logging_mixin.py:190} INFO - [2025-07-16T07:21:30.862+0000] {dag.py:4156} INFO - Setting next_dagrun for tutorial to 2025-07-15 00:00:00+00:00, run_after=2025-07-16 00:00:00+00:00
[2025-07-16T07:21:30.890+0000] {processor.py:208} INFO - Processing /home/airflow/.local/lib/python3.12/site-packages/airflow/example_dags/tutorial.py took 0.109 seconds
[2025-07-16T07:22:01.613+0000] {processor.py:186} INFO - Started process (PID=1375) to work on /home/airflow/.local/lib/python3.12/site-packages/airflow/example_dags/tutorial.py
[2025-07-16T07:22:01.614+0000] {processor.py:914} INFO - Processing file /home/airflow/.local/lib/python3.12/site-packages/airflow/example_dags/tutorial.py for tasks to queue
[2025-07-16T07:22:01.617+0000] {logging_mixin.py:190} INFO - [2025-07-16T07:22:01.617+0000] {dagbag.py:587} INFO - Filling up the DagBag from /home/airflow/.local/lib/python3.12/site-packages/airflow/example_dags/tutorial.py
[2025-07-16T07:22:01.627+0000] {processor.py:925} INFO - DAG(s) 'tutorial' retrieved from /home/airflow/.local/lib/python3.12/site-packages/airflow/example_dags/tutorial.py
[2025-07-16T07:22:01.648+0000] {logging_mixin.py:190} INFO - [2025-07-16T07:22:01.647+0000] {dag.py:3229} INFO - Sync 1 DAGs
[2025-07-16T07:22:01.671+0000] {logging_mixin.py:190} INFO - [2025-07-16T07:22:01.671+0000] {dag.py:4156} INFO - Setting next_dagrun for tutorial to 2025-07-15 00:00:00+00:00, run_after=2025-07-16 00:00:00+00:00
[2025-07-16T07:22:01.693+0000] {processor.py:208} INFO - Processing /home/airflow/.local/lib/python3.12/site-packages/airflow/example_dags/tutorial.py took 0.086 seconds
[2025-07-16T07:22:32.601+0000] {processor.py:186} INFO - Started process (PID=1432) to work on /home/airflow/.local/lib/python3.12/site-packages/airflow/example_dags/tutorial.py
[2025-07-16T07:22:32.602+0000] {processor.py:914} INFO - Processing file /home/airflow/.local/lib/python3.12/site-packages/airflow/example_dags/tutorial.py for tasks to queue
[2025-07-16T07:22:32.604+0000] {logging_mixin.py:190} INFO - [2025-07-16T07:22:32.604+0000] {dagbag.py:587} INFO - Filling up the DagBag from /home/airflow/.local/lib/python3.12/site-packages/airflow/example_dags/tutorial.py
[2025-07-16T07:22:32.614+0000] {processor.py:925} INFO - DAG(s) 'tutorial' retrieved from /home/airflow/.local/lib/python3.12/site-packages/airflow/example_dags/tutorial.py
[2025-07-16T07:22:32.636+0000] {logging_mixin.py:190} INFO - [2025-07-16T07:22:32.635+0000] {dag.py:3229} INFO - Sync 1 DAGs
[2025-07-16T07:22:32.661+0000] {logging_mixin.py:190} INFO - [2025-07-16T07:22:32.661+0000] {dag.py:4156} INFO - Setting next_dagrun for tutorial to 2025-07-15 00:00:00+00:00, run_after=2025-07-16 00:00:00+00:00
[2025-07-16T07:22:32.686+0000] {processor.py:208} INFO - Processing /home/airflow/.local/lib/python3.12/site-packages/airflow/example_dags/tutorial.py took 0.092 seconds
[2025-07-16T07:23:03.415+0000] {processor.py:186} INFO - Started process (PID=1489) to work on /home/airflow/.local/lib/python3.12/site-packages/airflow/example_dags/tutorial.py
[2025-07-16T07:23:03.416+0000] {processor.py:914} INFO - Processing file /home/airflow/.local/lib/python3.12/site-packages/airflow/example_dags/tutorial.py for tasks to queue
[2025-07-16T07:23:03.418+0000] {logging_mixin.py:190} INFO - [2025-07-16T07:23:03.418+0000] {dagbag.py:587} INFO - Filling up the DagBag from /home/airflow/.local/lib/python3.12/site-packages/airflow/example_dags/tutorial.py
[2025-07-16T07:23:03.427+0000] {processor.py:925} INFO - DAG(s) 'tutorial' retrieved from /home/airflow/.local/lib/python3.12/site-packages/airflow/example_dags/tutorial.py
[2025-07-16T07:23:03.448+0000] {logging_mixin.py:190} INFO - [2025-07-16T07:23:03.448+0000] {dag.py:3229} INFO - Sync 1 DAGs
[2025-07-16T07:23:03.474+0000] {logging_mixin.py:190} INFO - [2025-07-16T07:23:03.474+0000] {dag.py:4156} INFO - Setting next_dagrun for tutorial to 2025-07-15 00:00:00+00:00, run_after=2025-07-16 00:00:00+00:00
[2025-07-16T07:23:03.498+0000] {processor.py:208} INFO - Processing /home/airflow/.local/lib/python3.12/site-packages/airflow/example_dags/tutorial.py took 0.090 seconds
[2025-07-16T07:23:34.646+0000] {processor.py:186} INFO - Started process (PID=1546) to work on /home/airflow/.local/lib/python3.12/site-packages/airflow/example_dags/tutorial.py
[2025-07-16T07:23:34.647+0000] {processor.py:914} INFO - Processing file /home/airflow/.local/lib/python3.12/site-packages/airflow/example_dags/tutorial.py for tasks to queue
[2025-07-16T07:23:34.650+0000] {logging_mixin.py:190} INFO - [2025-07-16T07:23:34.649+0000] {dagbag.py:587} INFO - Filling up the DagBag from /home/airflow/.local/lib/python3.12/site-packages/airflow/example_dags/tutorial.py
[2025-07-16T07:23:34.659+0000] {processor.py:925} INFO - DAG(s) 'tutorial' retrieved from /home/airflow/.local/lib/python3.12/site-packages/airflow/example_dags/tutorial.py
[2025-07-16T07:23:34.679+0000] {logging_mixin.py:190} INFO - [2025-07-16T07:23:34.679+0000] {dag.py:3229} INFO - Sync 1 DAGs
[2025-07-16T07:23:34.706+0000] {logging_mixin.py:190} INFO - [2025-07-16T07:23:34.705+0000] {dag.py:4156} INFO - Setting next_dagrun for tutorial to 2025-07-15 00:00:00+00:00, run_after=2025-07-16 00:00:00+00:00
[2025-07-16T07:23:34.732+0000] {processor.py:208} INFO - Processing /home/airflow/.local/lib/python3.12/site-packages/airflow/example_dags/tutorial.py took 0.094 seconds
[2025-07-16T07:24:05.137+0000] {processor.py:186} INFO - Started process (PID=1603) to work on /home/airflow/.local/lib/python3.12/site-packages/airflow/example_dags/tutorial.py
[2025-07-16T07:24:05.138+0000] {processor.py:914} INFO - Processing file /home/airflow/.local/lib/python3.12/site-packages/airflow/example_dags/tutorial.py for tasks to queue
[2025-07-16T07:24:05.140+0000] {logging_mixin.py:190} INFO - [2025-07-16T07:24:05.140+0000] {dagbag.py:587} INFO - Filling up the DagBag from /home/airflow/.local/lib/python3.12/site-packages/airflow/example_dags/tutorial.py
[2025-07-16T07:24:05.149+0000] {processor.py:925} INFO - DAG(s) 'tutorial' retrieved from /home/airflow/.local/lib/python3.12/site-packages/airflow/example_dags/tutorial.py
[2025-07-16T07:24:05.170+0000] {logging_mixin.py:190} INFO - [2025-07-16T07:24:05.170+0000] {dag.py:3229} INFO - Sync 1 DAGs
[2025-07-16T07:24:05.198+0000] {logging_mixin.py:190} INFO - [2025-07-16T07:24:05.198+0000] {dag.py:4156} INFO - Setting next_dagrun for tutorial to 2025-07-15 00:00:00+00:00, run_after=2025-07-16 00:00:00+00:00
[2025-07-16T07:24:05.225+0000] {processor.py:208} INFO - Processing /home/airflow/.local/lib/python3.12/site-packages/airflow/example_dags/tutorial.py took 0.095 seconds
[2025-07-16T07:24:36.078+0000] {processor.py:186} INFO - Started process (PID=1660) to work on /home/airflow/.local/lib/python3.12/site-packages/airflow/example_dags/tutorial.py
[2025-07-16T07:24:36.079+0000] {processor.py:914} INFO - Processing file /home/airflow/.local/lib/python3.12/site-packages/airflow/example_dags/tutorial.py for tasks to queue
[2025-07-16T07:24:36.082+0000] {logging_mixin.py:190} INFO - [2025-07-16T07:24:36.081+0000] {dagbag.py:587} INFO - Filling up the DagBag from /home/airflow/.local/lib/python3.12/site-packages/airflow/example_dags/tutorial.py
[2025-07-16T07:24:36.090+0000] {processor.py:925} INFO - DAG(s) 'tutorial' retrieved from /home/airflow/.local/lib/python3.12/site-packages/airflow/example_dags/tutorial.py
[2025-07-16T07:24:36.112+0000] {logging_mixin.py:190} INFO - [2025-07-16T07:24:36.111+0000] {dag.py:3229} INFO - Sync 1 DAGs
[2025-07-16T07:24:36.135+0000] {logging_mixin.py:190} INFO - [2025-07-16T07:24:36.135+0000] {dag.py:4156} INFO - Setting next_dagrun for tutorial to 2025-07-15 00:00:00+00:00, run_after=2025-07-16 00:00:00+00:00
[2025-07-16T07:24:36.163+0000] {processor.py:208} INFO - Processing /home/airflow/.local/lib/python3.12/site-packages/airflow/example_dags/tutorial.py took 0.092 seconds
[2025-07-16T07:25:07.163+0000] {processor.py:186} INFO - Started process (PID=1717) to work on /home/airflow/.local/lib/python3.12/site-packages/airflow/example_dags/tutorial.py
[2025-07-16T07:25:07.164+0000] {processor.py:914} INFO - Processing file /home/airflow/.local/lib/python3.12/site-packages/airflow/example_dags/tutorial.py for tasks to queue
[2025-07-16T07:25:07.167+0000] {logging_mixin.py:190} INFO - [2025-07-16T07:25:07.166+0000] {dagbag.py:587} INFO - Filling up the DagBag from /home/airflow/.local/lib/python3.12/site-packages/airflow/example_dags/tutorial.py
[2025-07-16T07:25:07.175+0000] {processor.py:925} INFO - DAG(s) 'tutorial' retrieved from /home/airflow/.local/lib/python3.12/site-packages/airflow/example_dags/tutorial.py
[2025-07-16T07:25:07.196+0000] {logging_mixin.py:190} INFO - [2025-07-16T07:25:07.195+0000] {dag.py:3229} INFO - Sync 1 DAGs
[2025-07-16T07:25:07.224+0000] {logging_mixin.py:190} INFO - [2025-07-16T07:25:07.223+0000] {dag.py:4156} INFO - Setting next_dagrun for tutorial to 2025-07-15 00:00:00+00:00, run_after=2025-07-16 00:00:00+00:00
[2025-07-16T07:25:07.250+0000] {processor.py:208} INFO - Processing /home/airflow/.local/lib/python3.12/site-packages/airflow/example_dags/tutorial.py took 0.093 seconds
[2025-07-16T07:25:37.351+0000] {processor.py:186} INFO - Started process (PID=1774) to work on /home/airflow/.local/lib/python3.12/site-packages/airflow/example_dags/tutorial.py
[2025-07-16T07:25:37.352+0000] {processor.py:914} INFO - Processing file /home/airflow/.local/lib/python3.12/site-packages/airflow/example_dags/tutorial.py for tasks to queue
[2025-07-16T07:25:37.356+0000] {logging_mixin.py:190} INFO - [2025-07-16T07:25:37.355+0000] {dagbag.py:587} INFO - Filling up the DagBag from /home/airflow/.local/lib/python3.12/site-packages/airflow/example_dags/tutorial.py
[2025-07-16T07:25:37.365+0000] {processor.py:925} INFO - DAG(s) 'tutorial' retrieved from /home/airflow/.local/lib/python3.12/site-packages/airflow/example_dags/tutorial.py
[2025-07-16T07:25:37.388+0000] {logging_mixin.py:190} INFO - [2025-07-16T07:25:37.388+0000] {dag.py:3229} INFO - Sync 1 DAGs
[2025-07-16T07:25:37.414+0000] {logging_mixin.py:190} INFO - [2025-07-16T07:25:37.414+0000] {dag.py:4156} INFO - Setting next_dagrun for tutorial to 2025-07-15 00:00:00+00:00, run_after=2025-07-16 00:00:00+00:00
[2025-07-16T07:25:37.439+0000] {processor.py:208} INFO - Processing /home/airflow/.local/lib/python3.12/site-packages/airflow/example_dags/tutorial.py took 0.095 seconds
[2025-07-16T07:26:07.673+0000] {processor.py:186} INFO - Started process (PID=1830) to work on /home/airflow/.local/lib/python3.12/site-packages/airflow/example_dags/tutorial.py
[2025-07-16T07:26:07.674+0000] {processor.py:914} INFO - Processing file /home/airflow/.local/lib/python3.12/site-packages/airflow/example_dags/tutorial.py for tasks to queue
[2025-07-16T07:26:07.676+0000] {logging_mixin.py:190} INFO - [2025-07-16T07:26:07.676+0000] {dagbag.py:587} INFO - Filling up the DagBag from /home/airflow/.local/lib/python3.12/site-packages/airflow/example_dags/tutorial.py
[2025-07-16T07:26:07.691+0000] {processor.py:925} INFO - DAG(s) 'tutorial' retrieved from /home/airflow/.local/lib/python3.12/site-packages/airflow/example_dags/tutorial.py
[2025-07-16T07:26:07.719+0000] {logging_mixin.py:190} INFO - [2025-07-16T07:26:07.719+0000] {dag.py:3229} INFO - Sync 1 DAGs
[2025-07-16T07:26:07.742+0000] {logging_mixin.py:190} INFO - [2025-07-16T07:26:07.742+0000] {dag.py:4156} INFO - Setting next_dagrun for tutorial to 2025-07-15 00:00:00+00:00, run_after=2025-07-16 00:00:00+00:00
[2025-07-16T07:26:07.763+0000] {processor.py:208} INFO - Processing /home/airflow/.local/lib/python3.12/site-packages/airflow/example_dags/tutorial.py took 0.098 seconds
[2025-07-16T07:26:38.984+0000] {processor.py:186} INFO - Started process (PID=1887) to work on /home/airflow/.local/lib/python3.12/site-packages/airflow/example_dags/tutorial.py
[2025-07-16T07:26:38.985+0000] {processor.py:914} INFO - Processing file /home/airflow/.local/lib/python3.12/site-packages/airflow/example_dags/tutorial.py for tasks to queue
[2025-07-16T07:26:38.988+0000] {logging_mixin.py:190} INFO - [2025-07-16T07:26:38.987+0000] {dagbag.py:587} INFO - Filling up the DagBag from /home/airflow/.local/lib/python3.12/site-packages/airflow/example_dags/tutorial.py
[2025-07-16T07:26:38.997+0000] {processor.py:925} INFO - DAG(s) 'tutorial' retrieved from /home/airflow/.local/lib/python3.12/site-packages/airflow/example_dags/tutorial.py
[2025-07-16T07:26:39.020+0000] {logging_mixin.py:190} INFO - [2025-07-16T07:26:39.020+0000] {dag.py:3229} INFO - Sync 1 DAGs
[2025-07-16T07:26:39.049+0000] {logging_mixin.py:190} INFO - [2025-07-16T07:26:39.048+0000] {dag.py:4156} INFO - Setting next_dagrun for tutorial to 2025-07-15 00:00:00+00:00, run_after=2025-07-16 00:00:00+00:00
[2025-07-16T07:26:39.073+0000] {processor.py:208} INFO - Processing /home/airflow/.local/lib/python3.12/site-packages/airflow/example_dags/tutorial.py took 0.096 seconds
[2025-07-16T07:27:09.954+0000] {processor.py:186} INFO - Started process (PID=1945) to work on /home/airflow/.local/lib/python3.12/site-packages/airflow/example_dags/tutorial.py
[2025-07-16T07:27:09.955+0000] {processor.py:914} INFO - Processing file /home/airflow/.local/lib/python3.12/site-packages/airflow/example_dags/tutorial.py for tasks to queue
[2025-07-16T07:27:09.958+0000] {logging_mixin.py:190} INFO - [2025-07-16T07:27:09.958+0000] {dagbag.py:587} INFO - Filling up the DagBag from /home/airflow/.local/lib/python3.12/site-packages/airflow/example_dags/tutorial.py
[2025-07-16T07:27:09.967+0000] {processor.py:925} INFO - DAG(s) 'tutorial' retrieved from /home/airflow/.local/lib/python3.12/site-packages/airflow/example_dags/tutorial.py
[2025-07-16T07:27:09.988+0000] {logging_mixin.py:190} INFO - [2025-07-16T07:27:09.987+0000] {dag.py:3229} INFO - Sync 1 DAGs
[2025-07-16T07:27:10.010+0000] {logging_mixin.py:190} INFO - [2025-07-16T07:27:10.010+0000] {dag.py:4156} INFO - Setting next_dagrun for tutorial to 2025-07-15 00:00:00+00:00, run_after=2025-07-16 00:00:00+00:00
[2025-07-16T07:27:10.034+0000] {processor.py:208} INFO - Processing /home/airflow/.local/lib/python3.12/site-packages/airflow/example_dags/tutorial.py took 0.086 seconds
[2025-07-16T07:27:41.066+0000] {processor.py:186} INFO - Started process (PID=2001) to work on /home/airflow/.local/lib/python3.12/site-packages/airflow/example_dags/tutorial.py
[2025-07-16T07:27:41.067+0000] {processor.py:914} INFO - Processing file /home/airflow/.local/lib/python3.12/site-packages/airflow/example_dags/tutorial.py for tasks to queue
[2025-07-16T07:27:41.070+0000] {logging_mixin.py:190} INFO - [2025-07-16T07:27:41.070+0000] {dagbag.py:587} INFO - Filling up the DagBag from /home/airflow/.local/lib/python3.12/site-packages/airflow/example_dags/tutorial.py
[2025-07-16T07:27:41.078+0000] {processor.py:925} INFO - DAG(s) 'tutorial' retrieved from /home/airflow/.local/lib/python3.12/site-packages/airflow/example_dags/tutorial.py
[2025-07-16T07:27:41.100+0000] {logging_mixin.py:190} INFO - [2025-07-16T07:27:41.100+0000] {dag.py:3229} INFO - Sync 1 DAGs
[2025-07-16T07:27:41.124+0000] {logging_mixin.py:190} INFO - [2025-07-16T07:27:41.124+0000] {dag.py:4156} INFO - Setting next_dagrun for tutorial to 2025-07-15 00:00:00+00:00, run_after=2025-07-16 00:00:00+00:00
[2025-07-16T07:27:41.149+0000] {processor.py:208} INFO - Processing /home/airflow/.local/lib/python3.12/site-packages/airflow/example_dags/tutorial.py took 0.089 seconds
[2025-07-16T07:28:11.681+0000] {processor.py:186} INFO - Started process (PID=2058) to work on /home/airflow/.local/lib/python3.12/site-packages/airflow/example_dags/tutorial.py
[2025-07-16T07:28:11.682+0000] {processor.py:914} INFO - Processing file /home/airflow/.local/lib/python3.12/site-packages/airflow/example_dags/tutorial.py for tasks to queue
[2025-07-16T07:28:11.685+0000] {logging_mixin.py:190} INFO - [2025-07-16T07:28:11.684+0000] {dagbag.py:587} INFO - Filling up the DagBag from /home/airflow/.local/lib/python3.12/site-packages/airflow/example_dags/tutorial.py
[2025-07-16T07:28:11.693+0000] {processor.py:925} INFO - DAG(s) 'tutorial' retrieved from /home/airflow/.local/lib/python3.12/site-packages/airflow/example_dags/tutorial.py
[2025-07-16T07:28:11.712+0000] {logging_mixin.py:190} INFO - [2025-07-16T07:28:11.712+0000] {dag.py:3229} INFO - Sync 1 DAGs
[2025-07-16T07:28:11.735+0000] {logging_mixin.py:190} INFO - [2025-07-16T07:28:11.735+0000] {dag.py:4156} INFO - Setting next_dagrun for tutorial to 2025-07-15 00:00:00+00:00, run_after=2025-07-16 00:00:00+00:00
[2025-07-16T07:28:11.764+0000] {processor.py:208} INFO - Processing /home/airflow/.local/lib/python3.12/site-packages/airflow/example_dags/tutorial.py took 0.089 seconds
[2025-07-16T07:28:42.304+0000] {processor.py:186} INFO - Started process (PID=2115) to work on /home/airflow/.local/lib/python3.12/site-packages/airflow/example_dags/tutorial.py
[2025-07-16T07:28:42.305+0000] {processor.py:914} INFO - Processing file /home/airflow/.local/lib/python3.12/site-packages/airflow/example_dags/tutorial.py for tasks to queue
[2025-07-16T07:28:42.309+0000] {logging_mixin.py:190} INFO - [2025-07-16T07:28:42.308+0000] {dagbag.py:587} INFO - Filling up the DagBag from /home/airflow/.local/lib/python3.12/site-packages/airflow/example_dags/tutorial.py
[2025-07-16T07:28:42.320+0000] {processor.py:925} INFO - DAG(s) 'tutorial' retrieved from /home/airflow/.local/lib/python3.12/site-packages/airflow/example_dags/tutorial.py
[2025-07-16T07:28:42.343+0000] {logging_mixin.py:190} INFO - [2025-07-16T07:28:42.343+0000] {dag.py:3229} INFO - Sync 1 DAGs
[2025-07-16T07:28:42.379+0000] {logging_mixin.py:190} INFO - [2025-07-16T07:28:42.378+0000] {dag.py:4156} INFO - Setting next_dagrun for tutorial to 2025-07-15 00:00:00+00:00, run_after=2025-07-16 00:00:00+00:00
[2025-07-16T07:28:42.411+0000] {processor.py:208} INFO - Processing /home/airflow/.local/lib/python3.12/site-packages/airflow/example_dags/tutorial.py took 0.116 seconds
[2025-07-16T07:29:13.146+0000] {processor.py:186} INFO - Started process (PID=2172) to work on /home/airflow/.local/lib/python3.12/site-packages/airflow/example_dags/tutorial.py
[2025-07-16T07:29:13.147+0000] {processor.py:914} INFO - Processing file /home/airflow/.local/lib/python3.12/site-packages/airflow/example_dags/tutorial.py for tasks to queue
[2025-07-16T07:29:13.149+0000] {logging_mixin.py:190} INFO - [2025-07-16T07:29:13.149+0000] {dagbag.py:587} INFO - Filling up the DagBag from /home/airflow/.local/lib/python3.12/site-packages/airflow/example_dags/tutorial.py
[2025-07-16T07:29:13.159+0000] {processor.py:925} INFO - DAG(s) 'tutorial' retrieved from /home/airflow/.local/lib/python3.12/site-packages/airflow/example_dags/tutorial.py
[2025-07-16T07:29:13.184+0000] {logging_mixin.py:190} INFO - [2025-07-16T07:29:13.183+0000] {dag.py:3229} INFO - Sync 1 DAGs
[2025-07-16T07:29:13.211+0000] {logging_mixin.py:190} INFO - [2025-07-16T07:29:13.211+0000] {dag.py:4156} INFO - Setting next_dagrun for tutorial to 2025-07-15 00:00:00+00:00, run_after=2025-07-16 00:00:00+00:00
[2025-07-16T07:29:13.235+0000] {processor.py:208} INFO - Processing /home/airflow/.local/lib/python3.12/site-packages/airflow/example_dags/tutorial.py took 0.096 seconds
[2025-07-16T07:29:43.692+0000] {processor.py:186} INFO - Started process (PID=2229) to work on /home/airflow/.local/lib/python3.12/site-packages/airflow/example_dags/tutorial.py
[2025-07-16T07:29:43.693+0000] {processor.py:914} INFO - Processing file /home/airflow/.local/lib/python3.12/site-packages/airflow/example_dags/tutorial.py for tasks to queue
[2025-07-16T07:29:43.695+0000] {logging_mixin.py:190} INFO - [2025-07-16T07:29:43.695+0000] {dagbag.py:587} INFO - Filling up the DagBag from /home/airflow/.local/lib/python3.12/site-packages/airflow/example_dags/tutorial.py
[2025-07-16T07:29:43.703+0000] {processor.py:925} INFO - DAG(s) 'tutorial' retrieved from /home/airflow/.local/lib/python3.12/site-packages/airflow/example_dags/tutorial.py
[2025-07-16T07:29:43.724+0000] {logging_mixin.py:190} INFO - [2025-07-16T07:29:43.723+0000] {dag.py:3229} INFO - Sync 1 DAGs
[2025-07-16T07:29:43.746+0000] {logging_mixin.py:190} INFO - [2025-07-16T07:29:43.746+0000] {dag.py:4156} INFO - Setting next_dagrun for tutorial to 2025-07-15 00:00:00+00:00, run_after=2025-07-16 00:00:00+00:00
[2025-07-16T07:29:43.770+0000] {processor.py:208} INFO - Processing /home/airflow/.local/lib/python3.12/site-packages/airflow/example_dags/tutorial.py took 0.084 seconds
[2025-07-16T07:30:15.001+0000] {processor.py:186} INFO - Started process (PID=2286) to work on /home/airflow/.local/lib/python3.12/site-packages/airflow/example_dags/tutorial.py
[2025-07-16T07:30:15.002+0000] {processor.py:914} INFO - Processing file /home/airflow/.local/lib/python3.12/site-packages/airflow/example_dags/tutorial.py for tasks to queue
[2025-07-16T07:30:15.005+0000] {logging_mixin.py:190} INFO - [2025-07-16T07:30:15.004+0000] {dagbag.py:587} INFO - Filling up the DagBag from /home/airflow/.local/lib/python3.12/site-packages/airflow/example_dags/tutorial.py
[2025-07-16T07:30:15.014+0000] {processor.py:925} INFO - DAG(s) 'tutorial' retrieved from /home/airflow/.local/lib/python3.12/site-packages/airflow/example_dags/tutorial.py
[2025-07-16T07:30:15.036+0000] {logging_mixin.py:190} INFO - [2025-07-16T07:30:15.035+0000] {dag.py:3229} INFO - Sync 1 DAGs
[2025-07-16T07:30:15.065+0000] {logging_mixin.py:190} INFO - [2025-07-16T07:30:15.065+0000] {dag.py:4156} INFO - Setting next_dagrun for tutorial to 2025-07-15 00:00:00+00:00, run_after=2025-07-16 00:00:00+00:00
[2025-07-16T07:30:15.092+0000] {processor.py:208} INFO - Processing /home/airflow/.local/lib/python3.12/site-packages/airflow/example_dags/tutorial.py took 0.098 seconds
[2025-07-16T07:30:46.528+0000] {processor.py:186} INFO - Started process (PID=2343) to work on /home/airflow/.local/lib/python3.12/site-packages/airflow/example_dags/tutorial.py
[2025-07-16T07:30:46.529+0000] {processor.py:914} INFO - Processing file /home/airflow/.local/lib/python3.12/site-packages/airflow/example_dags/tutorial.py for tasks to queue
[2025-07-16T07:30:46.532+0000] {logging_mixin.py:190} INFO - [2025-07-16T07:30:46.532+0000] {dagbag.py:587} INFO - Filling up the DagBag from /home/airflow/.local/lib/python3.12/site-packages/airflow/example_dags/tutorial.py
[2025-07-16T07:30:46.542+0000] {processor.py:925} INFO - DAG(s) 'tutorial' retrieved from /home/airflow/.local/lib/python3.12/site-packages/airflow/example_dags/tutorial.py
[2025-07-16T07:30:46.564+0000] {logging_mixin.py:190} INFO - [2025-07-16T07:30:46.563+0000] {dag.py:3229} INFO - Sync 1 DAGs
[2025-07-16T07:30:46.593+0000] {logging_mixin.py:190} INFO - [2025-07-16T07:30:46.592+0000] {dag.py:4156} INFO - Setting next_dagrun for tutorial to 2025-07-15 00:00:00+00:00, run_after=2025-07-16 00:00:00+00:00
[2025-07-16T07:30:46.618+0000] {processor.py:208} INFO - Processing /home/airflow/.local/lib/python3.12/site-packages/airflow/example_dags/tutorial.py took 0.097 seconds
[2025-07-16T07:31:17.119+0000] {processor.py:186} INFO - Started process (PID=2400) to work on /home/airflow/.local/lib/python3.12/site-packages/airflow/example_dags/tutorial.py
[2025-07-16T07:31:17.120+0000] {processor.py:914} INFO - Processing file /home/airflow/.local/lib/python3.12/site-packages/airflow/example_dags/tutorial.py for tasks to queue
[2025-07-16T07:31:17.122+0000] {logging_mixin.py:190} INFO - [2025-07-16T07:31:17.122+0000] {dagbag.py:587} INFO - Filling up the DagBag from /home/airflow/.local/lib/python3.12/site-packages/airflow/example_dags/tutorial.py
[2025-07-16T07:31:17.133+0000] {processor.py:925} INFO - DAG(s) 'tutorial' retrieved from /home/airflow/.local/lib/python3.12/site-packages/airflow/example_dags/tutorial.py
[2025-07-16T07:31:17.154+0000] {logging_mixin.py:190} INFO - [2025-07-16T07:31:17.154+0000] {dag.py:3229} INFO - Sync 1 DAGs
[2025-07-16T07:31:17.180+0000] {logging_mixin.py:190} INFO - [2025-07-16T07:31:17.180+0000] {dag.py:4156} INFO - Setting next_dagrun for tutorial to 2025-07-15 00:00:00+00:00, run_after=2025-07-16 00:00:00+00:00
[2025-07-16T07:31:17.206+0000] {processor.py:208} INFO - Processing /home/airflow/.local/lib/python3.12/site-packages/airflow/example_dags/tutorial.py took 0.095 seconds
[2025-07-16T07:33:03.309+0000] {processor.py:186} INFO - Started process (PID=65) to work on /home/airflow/.local/lib/python3.12/site-packages/airflow/example_dags/tutorial.py
[2025-07-16T07:33:03.310+0000] {processor.py:914} INFO - Processing file /home/airflow/.local/lib/python3.12/site-packages/airflow/example_dags/tutorial.py for tasks to queue
[2025-07-16T07:33:03.313+0000] {logging_mixin.py:190} INFO - [2025-07-16T07:33:03.312+0000] {dagbag.py:587} INFO - Filling up the DagBag from /home/airflow/.local/lib/python3.12/site-packages/airflow/example_dags/tutorial.py
[2025-07-16T07:33:03.322+0000] {processor.py:925} INFO - DAG(s) 'tutorial' retrieved from /home/airflow/.local/lib/python3.12/site-packages/airflow/example_dags/tutorial.py
[2025-07-16T07:33:03.345+0000] {logging_mixin.py:190} INFO - [2025-07-16T07:33:03.344+0000] {dag.py:3229} INFO - Sync 1 DAGs
[2025-07-16T07:33:03.370+0000] {logging_mixin.py:190} INFO - [2025-07-16T07:33:03.370+0000] {dag.py:4156} INFO - Setting next_dagrun for tutorial to 2025-07-15 00:00:00+00:00, run_after=2025-07-16 00:00:00+00:00
[2025-07-16T07:33:03.391+0000] {processor.py:208} INFO - Processing /home/airflow/.local/lib/python3.12/site-packages/airflow/example_dags/tutorial.py took 0.089 seconds
[2025-07-16T07:33:34.097+0000] {processor.py:186} INFO - Started process (PID=122) to work on /home/airflow/.local/lib/python3.12/site-packages/airflow/example_dags/tutorial.py
[2025-07-16T07:33:34.100+0000] {processor.py:914} INFO - Processing file /home/airflow/.local/lib/python3.12/site-packages/airflow/example_dags/tutorial.py for tasks to queue
[2025-07-16T07:33:34.103+0000] {logging_mixin.py:190} INFO - [2025-07-16T07:33:34.103+0000] {dagbag.py:587} INFO - Filling up the DagBag from /home/airflow/.local/lib/python3.12/site-packages/airflow/example_dags/tutorial.py
[2025-07-16T07:33:34.113+0000] {processor.py:925} INFO - DAG(s) 'tutorial' retrieved from /home/airflow/.local/lib/python3.12/site-packages/airflow/example_dags/tutorial.py
[2025-07-16T07:33:34.141+0000] {logging_mixin.py:190} INFO - [2025-07-16T07:33:34.141+0000] {dag.py:3229} INFO - Sync 1 DAGs
[2025-07-16T07:33:34.174+0000] {logging_mixin.py:190} INFO - [2025-07-16T07:33:34.173+0000] {dag.py:4156} INFO - Setting next_dagrun for tutorial to 2025-07-15 00:00:00+00:00, run_after=2025-07-16 00:00:00+00:00
[2025-07-16T07:33:34.196+0000] {processor.py:208} INFO - Processing /home/airflow/.local/lib/python3.12/site-packages/airflow/example_dags/tutorial.py took 0.107 seconds
[2025-07-16T07:34:04.921+0000] {processor.py:186} INFO - Started process (PID=179) to work on /home/airflow/.local/lib/python3.12/site-packages/airflow/example_dags/tutorial.py
[2025-07-16T07:34:04.922+0000] {processor.py:914} INFO - Processing file /home/airflow/.local/lib/python3.12/site-packages/airflow/example_dags/tutorial.py for tasks to queue
[2025-07-16T07:34:04.925+0000] {logging_mixin.py:190} INFO - [2025-07-16T07:34:04.924+0000] {dagbag.py:587} INFO - Filling up the DagBag from /home/airflow/.local/lib/python3.12/site-packages/airflow/example_dags/tutorial.py
[2025-07-16T07:34:04.933+0000] {processor.py:925} INFO - DAG(s) 'tutorial' retrieved from /home/airflow/.local/lib/python3.12/site-packages/airflow/example_dags/tutorial.py
[2025-07-16T07:34:04.955+0000] {logging_mixin.py:190} INFO - [2025-07-16T07:34:04.955+0000] {dag.py:3229} INFO - Sync 1 DAGs
[2025-07-16T07:34:04.979+0000] {logging_mixin.py:190} INFO - [2025-07-16T07:34:04.979+0000] {dag.py:4156} INFO - Setting next_dagrun for tutorial to 2025-07-15 00:00:00+00:00, run_after=2025-07-16 00:00:00+00:00
[2025-07-16T07:34:05.004+0000] {processor.py:208} INFO - Processing /home/airflow/.local/lib/python3.12/site-packages/airflow/example_dags/tutorial.py took 0.090 seconds
[2025-07-16T07:34:35.662+0000] {processor.py:186} INFO - Started process (PID=236) to work on /home/airflow/.local/lib/python3.12/site-packages/airflow/example_dags/tutorial.py
[2025-07-16T07:34:35.664+0000] {processor.py:914} INFO - Processing file /home/airflow/.local/lib/python3.12/site-packages/airflow/example_dags/tutorial.py for tasks to queue
[2025-07-16T07:34:35.666+0000] {logging_mixin.py:190} INFO - [2025-07-16T07:34:35.666+0000] {dagbag.py:587} INFO - Filling up the DagBag from /home/airflow/.local/lib/python3.12/site-packages/airflow/example_dags/tutorial.py
[2025-07-16T07:34:35.675+0000] {processor.py:925} INFO - DAG(s) 'tutorial' retrieved from /home/airflow/.local/lib/python3.12/site-packages/airflow/example_dags/tutorial.py
[2025-07-16T07:34:35.704+0000] {logging_mixin.py:190} INFO - [2025-07-16T07:34:35.704+0000] {dag.py:3229} INFO - Sync 1 DAGs
[2025-07-16T07:34:35.736+0000] {logging_mixin.py:190} INFO - [2025-07-16T07:34:35.736+0000] {dag.py:4156} INFO - Setting next_dagrun for tutorial to 2025-07-15 00:00:00+00:00, run_after=2025-07-16 00:00:00+00:00
[2025-07-16T07:34:35.766+0000] {processor.py:208} INFO - Processing /home/airflow/.local/lib/python3.12/site-packages/airflow/example_dags/tutorial.py took 0.111 seconds
[2025-07-16T07:35:06.464+0000] {processor.py:186} INFO - Started process (PID=293) to work on /home/airflow/.local/lib/python3.12/site-packages/airflow/example_dags/tutorial.py
[2025-07-16T07:35:06.466+0000] {processor.py:914} INFO - Processing file /home/airflow/.local/lib/python3.12/site-packages/airflow/example_dags/tutorial.py for tasks to queue
[2025-07-16T07:35:06.469+0000] {logging_mixin.py:190} INFO - [2025-07-16T07:35:06.469+0000] {dagbag.py:587} INFO - Filling up the DagBag from /home/airflow/.local/lib/python3.12/site-packages/airflow/example_dags/tutorial.py
[2025-07-16T07:35:06.477+0000] {processor.py:925} INFO - DAG(s) 'tutorial' retrieved from /home/airflow/.local/lib/python3.12/site-packages/airflow/example_dags/tutorial.py
[2025-07-16T07:35:06.497+0000] {logging_mixin.py:190} INFO - [2025-07-16T07:35:06.497+0000] {dag.py:3229} INFO - Sync 1 DAGs
[2025-07-16T07:35:06.521+0000] {logging_mixin.py:190} INFO - [2025-07-16T07:35:06.521+0000] {dag.py:4156} INFO - Setting next_dagrun for tutorial to 2025-07-15 00:00:00+00:00, run_after=2025-07-16 00:00:00+00:00
[2025-07-16T07:35:06.544+0000] {processor.py:208} INFO - Processing /home/airflow/.local/lib/python3.12/site-packages/airflow/example_dags/tutorial.py took 0.088 seconds
[2025-07-16T07:35:36.864+0000] {processor.py:186} INFO - Started process (PID=350) to work on /home/airflow/.local/lib/python3.12/site-packages/airflow/example_dags/tutorial.py
[2025-07-16T07:35:36.865+0000] {processor.py:914} INFO - Processing file /home/airflow/.local/lib/python3.12/site-packages/airflow/example_dags/tutorial.py for tasks to queue
[2025-07-16T07:35:36.868+0000] {logging_mixin.py:190} INFO - [2025-07-16T07:35:36.868+0000] {dagbag.py:587} INFO - Filling up the DagBag from /home/airflow/.local/lib/python3.12/site-packages/airflow/example_dags/tutorial.py
[2025-07-16T07:35:36.876+0000] {processor.py:925} INFO - DAG(s) 'tutorial' retrieved from /home/airflow/.local/lib/python3.12/site-packages/airflow/example_dags/tutorial.py
[2025-07-16T07:35:36.898+0000] {logging_mixin.py:190} INFO - [2025-07-16T07:35:36.898+0000] {dag.py:3229} INFO - Sync 1 DAGs
[2025-07-16T07:35:36.923+0000] {logging_mixin.py:190} INFO - [2025-07-16T07:35:36.922+0000] {dag.py:4156} INFO - Setting next_dagrun for tutorial to 2025-07-15 00:00:00+00:00, run_after=2025-07-16 00:00:00+00:00
[2025-07-16T07:35:36.947+0000] {processor.py:208} INFO - Processing /home/airflow/.local/lib/python3.12/site-packages/airflow/example_dags/tutorial.py took 0.090 seconds
[2025-07-16T07:36:07.285+0000] {processor.py:186} INFO - Started process (PID=407) to work on /home/airflow/.local/lib/python3.12/site-packages/airflow/example_dags/tutorial.py
[2025-07-16T07:36:07.286+0000] {processor.py:914} INFO - Processing file /home/airflow/.local/lib/python3.12/site-packages/airflow/example_dags/tutorial.py for tasks to queue
[2025-07-16T07:36:07.288+0000] {logging_mixin.py:190} INFO - [2025-07-16T07:36:07.288+0000] {dagbag.py:587} INFO - Filling up the DagBag from /home/airflow/.local/lib/python3.12/site-packages/airflow/example_dags/tutorial.py
[2025-07-16T07:36:07.296+0000] {processor.py:925} INFO - DAG(s) 'tutorial' retrieved from /home/airflow/.local/lib/python3.12/site-packages/airflow/example_dags/tutorial.py
[2025-07-16T07:36:07.320+0000] {logging_mixin.py:190} INFO - [2025-07-16T07:36:07.319+0000] {dag.py:3229} INFO - Sync 1 DAGs
[2025-07-16T07:36:07.343+0000] {logging_mixin.py:190} INFO - [2025-07-16T07:36:07.342+0000] {dag.py:4156} INFO - Setting next_dagrun for tutorial to 2025-07-15 00:00:00+00:00, run_after=2025-07-16 00:00:00+00:00
[2025-07-16T07:36:07.364+0000] {processor.py:208} INFO - Processing /home/airflow/.local/lib/python3.12/site-packages/airflow/example_dags/tutorial.py took 0.086 seconds
[2025-07-16T07:36:39.075+0000] {processor.py:186} INFO - Started process (PID=464) to work on /home/airflow/.local/lib/python3.12/site-packages/airflow/example_dags/tutorial.py
[2025-07-16T07:36:39.076+0000] {processor.py:914} INFO - Processing file /home/airflow/.local/lib/python3.12/site-packages/airflow/example_dags/tutorial.py for tasks to queue
[2025-07-16T07:36:39.078+0000] {logging_mixin.py:190} INFO - [2025-07-16T07:36:39.078+0000] {dagbag.py:587} INFO - Filling up the DagBag from /home/airflow/.local/lib/python3.12/site-packages/airflow/example_dags/tutorial.py
[2025-07-16T07:36:39.088+0000] {processor.py:925} INFO - DAG(s) 'tutorial' retrieved from /home/airflow/.local/lib/python3.12/site-packages/airflow/example_dags/tutorial.py
[2025-07-16T07:36:39.111+0000] {logging_mixin.py:190} INFO - [2025-07-16T07:36:39.110+0000] {dag.py:3229} INFO - Sync 1 DAGs
[2025-07-16T07:36:39.139+0000] {logging_mixin.py:190} INFO - [2025-07-16T07:36:39.139+0000] {dag.py:4156} INFO - Setting next_dagrun for tutorial to 2025-07-15 00:00:00+00:00, run_after=2025-07-16 00:00:00+00:00
[2025-07-16T07:36:39.165+0000] {processor.py:208} INFO - Processing /home/airflow/.local/lib/python3.12/site-packages/airflow/example_dags/tutorial.py took 0.102 seconds
[2025-07-16T07:37:09.717+0000] {processor.py:186} INFO - Started process (PID=521) to work on /home/airflow/.local/lib/python3.12/site-packages/airflow/example_dags/tutorial.py
[2025-07-16T07:37:09.718+0000] {processor.py:914} INFO - Processing file /home/airflow/.local/lib/python3.12/site-packages/airflow/example_dags/tutorial.py for tasks to queue
[2025-07-16T07:37:09.721+0000] {logging_mixin.py:190} INFO - [2025-07-16T07:37:09.720+0000] {dagbag.py:587} INFO - Filling up the DagBag from /home/airflow/.local/lib/python3.12/site-packages/airflow/example_dags/tutorial.py
[2025-07-16T07:37:09.729+0000] {processor.py:925} INFO - DAG(s) 'tutorial' retrieved from /home/airflow/.local/lib/python3.12/site-packages/airflow/example_dags/tutorial.py
[2025-07-16T07:37:09.750+0000] {logging_mixin.py:190} INFO - [2025-07-16T07:37:09.749+0000] {dag.py:3229} INFO - Sync 1 DAGs
[2025-07-16T07:37:09.774+0000] {logging_mixin.py:190} INFO - [2025-07-16T07:37:09.773+0000] {dag.py:4156} INFO - Setting next_dagrun for tutorial to 2025-07-15 00:00:00+00:00, run_after=2025-07-16 00:00:00+00:00
[2025-07-16T07:37:09.801+0000] {processor.py:208} INFO - Processing /home/airflow/.local/lib/python3.12/site-packages/airflow/example_dags/tutorial.py took 0.092 seconds
[2025-07-16T07:37:40.449+0000] {processor.py:186} INFO - Started process (PID=578) to work on /home/airflow/.local/lib/python3.12/site-packages/airflow/example_dags/tutorial.py
[2025-07-16T07:37:40.450+0000] {processor.py:914} INFO - Processing file /home/airflow/.local/lib/python3.12/site-packages/airflow/example_dags/tutorial.py for tasks to queue
[2025-07-16T07:37:40.454+0000] {logging_mixin.py:190} INFO - [2025-07-16T07:37:40.453+0000] {dagbag.py:587} INFO - Filling up the DagBag from /home/airflow/.local/lib/python3.12/site-packages/airflow/example_dags/tutorial.py
[2025-07-16T07:37:40.464+0000] {processor.py:925} INFO - DAG(s) 'tutorial' retrieved from /home/airflow/.local/lib/python3.12/site-packages/airflow/example_dags/tutorial.py
[2025-07-16T07:37:40.487+0000] {logging_mixin.py:190} INFO - [2025-07-16T07:37:40.487+0000] {dag.py:3229} INFO - Sync 1 DAGs
[2025-07-16T07:37:40.515+0000] {logging_mixin.py:190} INFO - [2025-07-16T07:37:40.515+0000] {dag.py:4156} INFO - Setting next_dagrun for tutorial to 2025-07-15 00:00:00+00:00, run_after=2025-07-16 00:00:00+00:00
[2025-07-16T07:37:40.538+0000] {processor.py:208} INFO - Processing /home/airflow/.local/lib/python3.12/site-packages/airflow/example_dags/tutorial.py took 0.096 seconds
[2025-07-16T07:38:11.769+0000] {processor.py:186} INFO - Started process (PID=635) to work on /home/airflow/.local/lib/python3.12/site-packages/airflow/example_dags/tutorial.py
[2025-07-16T07:38:11.770+0000] {processor.py:914} INFO - Processing file /home/airflow/.local/lib/python3.12/site-packages/airflow/example_dags/tutorial.py for tasks to queue
[2025-07-16T07:38:11.773+0000] {logging_mixin.py:190} INFO - [2025-07-16T07:38:11.773+0000] {dagbag.py:587} INFO - Filling up the DagBag from /home/airflow/.local/lib/python3.12/site-packages/airflow/example_dags/tutorial.py
[2025-07-16T07:38:11.781+0000] {processor.py:925} INFO - DAG(s) 'tutorial' retrieved from /home/airflow/.local/lib/python3.12/site-packages/airflow/example_dags/tutorial.py
[2025-07-16T07:38:11.807+0000] {logging_mixin.py:190} INFO - [2025-07-16T07:38:11.806+0000] {dag.py:3229} INFO - Sync 1 DAGs
[2025-07-16T07:38:11.833+0000] {logging_mixin.py:190} INFO - [2025-07-16T07:38:11.833+0000] {dag.py:4156} INFO - Setting next_dagrun for tutorial to 2025-07-15 00:00:00+00:00, run_after=2025-07-16 00:00:00+00:00
[2025-07-16T07:38:11.856+0000] {processor.py:208} INFO - Processing /home/airflow/.local/lib/python3.12/site-packages/airflow/example_dags/tutorial.py took 0.095 seconds
[2025-07-16T07:38:42.406+0000] {processor.py:186} INFO - Started process (PID=692) to work on /home/airflow/.local/lib/python3.12/site-packages/airflow/example_dags/tutorial.py
[2025-07-16T07:38:42.407+0000] {processor.py:914} INFO - Processing file /home/airflow/.local/lib/python3.12/site-packages/airflow/example_dags/tutorial.py for tasks to queue
[2025-07-16T07:38:42.410+0000] {logging_mixin.py:190} INFO - [2025-07-16T07:38:42.409+0000] {dagbag.py:587} INFO - Filling up the DagBag from /home/airflow/.local/lib/python3.12/site-packages/airflow/example_dags/tutorial.py
[2025-07-16T07:38:42.417+0000] {processor.py:925} INFO - DAG(s) 'tutorial' retrieved from /home/airflow/.local/lib/python3.12/site-packages/airflow/example_dags/tutorial.py
[2025-07-16T07:38:42.438+0000] {logging_mixin.py:190} INFO - [2025-07-16T07:38:42.438+0000] {dag.py:3229} INFO - Sync 1 DAGs
[2025-07-16T07:38:42.463+0000] {logging_mixin.py:190} INFO - [2025-07-16T07:38:42.463+0000] {dag.py:4156} INFO - Setting next_dagrun for tutorial to 2025-07-15 00:00:00+00:00, run_after=2025-07-16 00:00:00+00:00
[2025-07-16T07:38:42.489+0000] {processor.py:208} INFO - Processing /home/airflow/.local/lib/python3.12/site-packages/airflow/example_dags/tutorial.py took 0.090 seconds
[2025-07-16T07:39:13.088+0000] {processor.py:186} INFO - Started process (PID=749) to work on /home/airflow/.local/lib/python3.12/site-packages/airflow/example_dags/tutorial.py
[2025-07-16T07:39:13.090+0000] {processor.py:914} INFO - Processing file /home/airflow/.local/lib/python3.12/site-packages/airflow/example_dags/tutorial.py for tasks to queue
[2025-07-16T07:39:13.092+0000] {logging_mixin.py:190} INFO - [2025-07-16T07:39:13.092+0000] {dagbag.py:587} INFO - Filling up the DagBag from /home/airflow/.local/lib/python3.12/site-packages/airflow/example_dags/tutorial.py
[2025-07-16T07:39:13.101+0000] {processor.py:925} INFO - DAG(s) 'tutorial' retrieved from /home/airflow/.local/lib/python3.12/site-packages/airflow/example_dags/tutorial.py
[2025-07-16T07:39:13.123+0000] {logging_mixin.py:190} INFO - [2025-07-16T07:39:13.122+0000] {dag.py:3229} INFO - Sync 1 DAGs
[2025-07-16T07:39:13.148+0000] {logging_mixin.py:190} INFO - [2025-07-16T07:39:13.148+0000] {dag.py:4156} INFO - Setting next_dagrun for tutorial to 2025-07-15 00:00:00+00:00, run_after=2025-07-16 00:00:00+00:00
[2025-07-16T07:39:13.175+0000] {processor.py:208} INFO - Processing /home/airflow/.local/lib/python3.12/site-packages/airflow/example_dags/tutorial.py took 0.094 seconds
[2025-07-16T07:39:43.540+0000] {processor.py:186} INFO - Started process (PID=806) to work on /home/airflow/.local/lib/python3.12/site-packages/airflow/example_dags/tutorial.py
[2025-07-16T07:39:43.541+0000] {processor.py:914} INFO - Processing file /home/airflow/.local/lib/python3.12/site-packages/airflow/example_dags/tutorial.py for tasks to queue
[2025-07-16T07:39:43.544+0000] {logging_mixin.py:190} INFO - [2025-07-16T07:39:43.543+0000] {dagbag.py:587} INFO - Filling up the DagBag from /home/airflow/.local/lib/python3.12/site-packages/airflow/example_dags/tutorial.py
[2025-07-16T07:39:43.551+0000] {processor.py:925} INFO - DAG(s) 'tutorial' retrieved from /home/airflow/.local/lib/python3.12/site-packages/airflow/example_dags/tutorial.py
[2025-07-16T07:39:43.571+0000] {logging_mixin.py:190} INFO - [2025-07-16T07:39:43.571+0000] {dag.py:3229} INFO - Sync 1 DAGs
[2025-07-16T07:39:43.597+0000] {logging_mixin.py:190} INFO - [2025-07-16T07:39:43.596+0000] {dag.py:4156} INFO - Setting next_dagrun for tutorial to 2025-07-15 00:00:00+00:00, run_after=2025-07-16 00:00:00+00:00
[2025-07-16T07:39:43.620+0000] {processor.py:208} INFO - Processing /home/airflow/.local/lib/python3.12/site-packages/airflow/example_dags/tutorial.py took 0.087 seconds
[2025-07-16T07:40:14.082+0000] {processor.py:186} INFO - Started process (PID=863) to work on /home/airflow/.local/lib/python3.12/site-packages/airflow/example_dags/tutorial.py
[2025-07-16T07:40:14.083+0000] {processor.py:914} INFO - Processing file /home/airflow/.local/lib/python3.12/site-packages/airflow/example_dags/tutorial.py for tasks to queue
[2025-07-16T07:40:14.087+0000] {logging_mixin.py:190} INFO - [2025-07-16T07:40:14.086+0000] {dagbag.py:587} INFO - Filling up the DagBag from /home/airflow/.local/lib/python3.12/site-packages/airflow/example_dags/tutorial.py
[2025-07-16T07:40:14.094+0000] {processor.py:925} INFO - DAG(s) 'tutorial' retrieved from /home/airflow/.local/lib/python3.12/site-packages/airflow/example_dags/tutorial.py
[2025-07-16T07:40:14.114+0000] {logging_mixin.py:190} INFO - [2025-07-16T07:40:14.114+0000] {dag.py:3229} INFO - Sync 1 DAGs
[2025-07-16T07:40:14.140+0000] {logging_mixin.py:190} INFO - [2025-07-16T07:40:14.140+0000] {dag.py:4156} INFO - Setting next_dagrun for tutorial to 2025-07-15 00:00:00+00:00, run_after=2025-07-16 00:00:00+00:00
[2025-07-16T07:40:14.165+0000] {processor.py:208} INFO - Processing /home/airflow/.local/lib/python3.12/site-packages/airflow/example_dags/tutorial.py took 0.089 seconds
[2025-07-16T07:40:45.057+0000] {processor.py:186} INFO - Started process (PID=920) to work on /home/airflow/.local/lib/python3.12/site-packages/airflow/example_dags/tutorial.py
[2025-07-16T07:40:45.058+0000] {processor.py:914} INFO - Processing file /home/airflow/.local/lib/python3.12/site-packages/airflow/example_dags/tutorial.py for tasks to queue
[2025-07-16T07:40:45.060+0000] {logging_mixin.py:190} INFO - [2025-07-16T07:40:45.060+0000] {dagbag.py:587} INFO - Filling up the DagBag from /home/airflow/.local/lib/python3.12/site-packages/airflow/example_dags/tutorial.py
[2025-07-16T07:40:45.068+0000] {processor.py:925} INFO - DAG(s) 'tutorial' retrieved from /home/airflow/.local/lib/python3.12/site-packages/airflow/example_dags/tutorial.py
[2025-07-16T07:40:45.089+0000] {logging_mixin.py:190} INFO - [2025-07-16T07:40:45.089+0000] {dag.py:3229} INFO - Sync 1 DAGs
[2025-07-16T07:40:45.115+0000] {logging_mixin.py:190} INFO - [2025-07-16T07:40:45.114+0000] {dag.py:4156} INFO - Setting next_dagrun for tutorial to 2025-07-15 00:00:00+00:00, run_after=2025-07-16 00:00:00+00:00
[2025-07-16T07:40:45.140+0000] {processor.py:208} INFO - Processing /home/airflow/.local/lib/python3.12/site-packages/airflow/example_dags/tutorial.py took 0.090 seconds
