[2025-07-23T07:09:53.426+0000] {local_task_job_runner.py:123} INFO - ::group::Pre task execution logs
[2025-07-23T07:09:53.446+0000] {taskinstance.py:2612} INFO - Dependencies all met for dep_context=non-requeueable deps ti=<TaskInstance: 02_03_ktb_pipe_etl_ist_sinir_kapilari_giris_yapan_vatandas.run_main_02_03_ktb manual__2025-07-23T07:09:51.146918+00:00 [queued]>
[2025-07-23T07:09:53.453+0000] {taskinstance.py:2612} INFO - Dependencies all met for dep_context=requeueable deps ti=<TaskInstance: 02_03_ktb_pipe_etl_ist_sinir_kapilari_giris_yapan_vatandas.run_main_02_03_ktb manual__2025-07-23T07:09:51.146918+00:00 [queued]>
[2025-07-23T07:09:53.455+0000] {taskinstance.py:2865} INFO - Starting attempt 1 of 2
[2025-07-23T07:09:53.478+0000] {taskinstance.py:2888} INFO - Executing <Task(PythonOperator): run_main_02_03_ktb> on 2025-07-23 07:09:51.146918+00:00
[2025-07-23T07:09:53.485+0000] {warnings.py:112} WARNING - /home/***/.local/lib/python3.12/site-packages/***/task/task_runner/standard_task_runner.py:70: DeprecationWarning: This process (pid=55) is multi-threaded, use of fork() may lead to deadlocks in the child.
  pid = os.fork()

[2025-07-23T07:09:53.488+0000] {standard_task_runner.py:72} INFO - Started process 57 to run task
[2025-07-23T07:09:53.489+0000] {standard_task_runner.py:104} INFO - Running: ['***', 'tasks', 'run', '02_03_ktb_pipe_etl_ist_sinir_kapilari_giris_yapan_vatandas', 'run_main_02_03_ktb', 'manual__2025-07-23T07:09:51.146918+00:00', '--job-id', '3', '--raw', '--subdir', 'DAGS_FOLDER/02_03.py', '--cfg-path', '/tmp/tmp5fmpkpbl']
[2025-07-23T07:09:53.493+0000] {standard_task_runner.py:105} INFO - Job 3: Subtask run_main_02_03_ktb
[2025-07-23T07:09:53.515+0000] {warnings.py:112} WARNING - /home/***/.local/lib/python3.12/site-packages/***/settings.py:209: DeprecationWarning: The sql_alchemy_conn option in [core] has been moved to the sql_alchemy_conn option in [database] - the old setting has been used, but please update your config.
  SQL_ALCHEMY_CONN = conf.get("database", "SQL_ALCHEMY_CONN")

[2025-07-23T07:09:53.562+0000] {task_command.py:467} INFO - Running <TaskInstance: 02_03_ktb_pipe_etl_ist_sinir_kapilari_giris_yapan_vatandas.run_main_02_03_ktb manual__2025-07-23T07:09:51.146918+00:00 [running]> on host 613a492d8a3c
[2025-07-23T07:09:53.672+0000] {taskinstance.py:3131} INFO - Exporting env vars: AIRFLOW_CTX_DAG_OWNER='***' AIRFLOW_CTX_DAG_ID='02_03_ktb_pipe_etl_ist_sinir_kapilari_giris_yapan_vatandas' AIRFLOW_CTX_TASK_ID='run_main_02_03_ktb' AIRFLOW_CTX_EXECUTION_DATE='2025-07-23T07:09:51.146918+00:00' AIRFLOW_CTX_TRY_NUMBER='1' AIRFLOW_CTX_DAG_RUN_ID='manual__2025-07-23T07:09:51.146918+00:00'
[2025-07-23T07:09:53.674+0000] {taskinstance.py:731} INFO - ::endgroup::
[2025-07-23T07:09:53.847+0000] {main.py:51} INFO - Year URLs: ['https://yigm.ktb.gov.tr/TR-393711/2025.html', 'https://yigm.ktb.gov.tr/TR-366207/2024.html', 'https://yigm.ktb.gov.tr/TR-338403/2023.html', 'https://yigm.ktb.gov.tr/TR-310544/2022.html']
[2025-07-23T07:09:54.068+0000] {main.py:64} INFO - Found excel is: https://yigm.ktb.gov.tr/Eklenti/131009,ocak-2025-haber-bultenixls.xls?0
[2025-07-23T07:09:54.069+0000] {main.py:64} INFO - Found excel is: https://yigm.ktb.gov.tr/Eklenti/131772,subat-2025-haber-bultenixls.xls?0
[2025-07-23T07:09:54.070+0000] {main.py:64} INFO - Found excel is: https://yigm.ktb.gov.tr/Eklenti/132887,mart-2025-haber-bultenixls.xls?0
[2025-07-23T07:09:54.070+0000] {main.py:64} INFO - Found excel is: https://yigm.ktb.gov.tr/Eklenti/133686,nisan-2025-haber-bultenixls.xls?0
[2025-07-23T07:09:54.071+0000] {main.py:64} INFO - Found excel is: https://yigm.ktb.gov.tr/Eklenti/134714,mayis-2025-haber-bultenixls.xls?0
[2025-07-23T07:09:54.328+0000] {main.py:64} INFO - Found excel is: https://yigm.ktb.gov.tr/Eklenti/121008,ocak-2024-haber-bultenixls.xls?0
[2025-07-23T07:09:54.329+0000] {main.py:64} INFO - Found excel is: https://yigm.ktb.gov.tr/Eklenti/122576,subat-2024-haber-bultenixls.xls?0
[2025-07-23T07:09:54.329+0000] {main.py:64} INFO - Found excel is: https://yigm.ktb.gov.tr/Eklenti/122986,mart-2024-haber-bultenixls.xls?0
[2025-07-23T07:09:54.330+0000] {main.py:64} INFO - Found excel is: https://yigm.ktb.gov.tr/Eklenti/123496,nisan-2024-haber-bulteni-2xls.xls?0
[2025-07-23T07:09:54.330+0000] {main.py:64} INFO - Found excel is: https://yigm.ktb.gov.tr/Eklenti/124072,mayis-2024-haber-bultenixls.xls?0
[2025-07-23T07:09:54.331+0000] {main.py:64} INFO - Found excel is: https://yigm.ktb.gov.tr/Eklenti/124850,haziran-2024-sinir-bultenixls.xls?0
[2025-07-23T07:09:54.331+0000] {main.py:64} INFO - Found excel is: https://yigm.ktb.gov.tr/Eklenti/125265,temmuz-2024-sinir-bultenixls.xls?0
[2025-07-23T07:09:54.332+0000] {main.py:64} INFO - Found excel is: https://yigm.ktb.gov.tr/Eklenti/131243,kopya-agustos-2024-sinir-bultenixls.xls?0
[2025-07-23T07:09:54.333+0000] {main.py:64} INFO - Found excel is: https://yigm.ktb.gov.tr/Eklenti/131244,kopya-eylul-2024-sinir-bultenixls.xls?0
[2025-07-23T07:09:54.333+0000] {main.py:64} INFO - Found excel is: https://yigm.ktb.gov.tr/Eklenti/128472,ekim-2024-sinir-bultenixls.xls?0
[2025-07-23T07:09:54.334+0000] {main.py:64} INFO - Found excel is: https://yigm.ktb.gov.tr/Eklenti/129234,kasim-2024-sinir-bultenixls.xls?0
[2025-07-23T07:09:54.334+0000] {main.py:64} INFO - Found excel is: https://yigm.ktb.gov.tr/Eklenti/130611,aralik-2024-sinir-bultenixls.xls?0
[2025-07-23T07:09:54.633+0000] {main.py:64} INFO - Found excel is: https://yigm.ktb.gov.tr/Eklenti/111179,ocak-2023-haber-bultenixls.xls?0
[2025-07-23T07:09:54.634+0000] {main.py:64} INFO - Found excel is: https://yigm.ktb.gov.tr/Eklenti/112266,subat-2023-haber-bultenixls.xls?0
[2025-07-23T07:09:54.634+0000] {main.py:64} INFO - Found excel is: https://yigm.ktb.gov.tr/Eklenti/113569,mart-2023-haber-bultenixls.xls?0
[2025-07-23T07:09:54.635+0000] {main.py:64} INFO - Found excel is: https://yigm.ktb.gov.tr/Eklenti/114019,nisan-2023-haber-bultenixls.xls?0
[2025-07-23T07:09:54.635+0000] {main.py:64} INFO - Found excel is: https://yigm.ktb.gov.tr/Eklenti/115506,mayis-2023-haber-bultenixls.xls?0
[2025-07-23T07:09:54.636+0000] {main.py:64} INFO - Found excel is: https://yigm.ktb.gov.tr/Eklenti/117050,haziran-2023-haber-bultenixls.xls?0
[2025-07-23T07:09:54.637+0000] {main.py:64} INFO - Found excel is: https://yigm.ktb.gov.tr/Eklenti/117480,temmuz-2023-haber-bultenixls.xls?0
[2025-07-23T07:09:54.637+0000] {main.py:64} INFO - Found excel is: https://yigm.ktb.gov.tr/Eklenti/117843,agustos-2023-haber-bultenixls.xls?0
[2025-07-23T07:09:54.638+0000] {main.py:64} INFO - Found excel is: https://yigm.ktb.gov.tr/Eklenti/118474,eylul-2023-haber-bultenixls.xls?0
[2025-07-23T07:09:54.638+0000] {main.py:64} INFO - Found excel is: https://yigm.ktb.gov.tr/Eklenti/118965,ekim--2023-haber-bultenixls.xls?0
[2025-07-23T07:09:54.639+0000] {main.py:64} INFO - Found excel is: https://yigm.ktb.gov.tr/Eklenti/120413,2023-kasim-bultenixls.xls?0
[2025-07-23T07:09:54.639+0000] {main.py:64} INFO - Found excel is: https://yigm.ktb.gov.tr/Eklenti/120492,aralik-2023-haber-bultenixls.xls?0
[2025-07-23T07:09:54.926+0000] {main.py:64} INFO - Found excel is: https://yigm.ktb.gov.tr/Eklenti/93082,ocak-2022-haber-bultenixls.xls?0
[2025-07-23T07:09:54.927+0000] {main.py:64} INFO - Found excel is: https://yigm.ktb.gov.tr/Eklenti/94124,subat-2022-haber-bultenixls.xls?0
[2025-07-23T07:09:54.927+0000] {main.py:64} INFO - Found excel is: https://yigm.ktb.gov.tr/Eklenti/96893,mart-2022-sinir-bultenixls.xls?0
[2025-07-23T07:09:54.929+0000] {main.py:64} INFO - Found excel is: https://yigm.ktb.gov.tr/Eklenti/98231,nisan-2022-sinir-bultenixls.xls?0
[2025-07-23T07:09:54.930+0000] {main.py:64} INFO - Found excel is: https://yigm.ktb.gov.tr/Eklenti/99392,mayis-2022-sinir-bulteniv2xls.xls?0
[2025-07-23T07:09:54.930+0000] {main.py:64} INFO - Found excel is: https://yigm.ktb.gov.tr/Eklenti/100777,haziran-2022-sinir-bulteniv2280720222241xls.xls?0
[2025-07-23T07:09:54.931+0000] {main.py:64} INFO - Found excel is: https://yigm.ktb.gov.tr/Eklenti/111294,temmuz-2022-sinir-bultenixls.xls?0
[2025-07-23T07:09:54.931+0000] {main.py:64} INFO - Found excel is: https://yigm.ktb.gov.tr/Eklenti/111295,agustos-2022-sinir-bultenixls.xls?0
[2025-07-23T07:09:54.932+0000] {main.py:64} INFO - Found excel is: https://yigm.ktb.gov.tr/Eklenti/104782,eylul-2022-sinir-bultenixls.xls?0
[2025-07-23T07:09:54.932+0000] {main.py:64} INFO - Found excel is: https://yigm.ktb.gov.tr/Eklenti/105563,ekim-2022-sinir-bultenixls.xls?0
[2025-07-23T07:09:54.933+0000] {main.py:64} INFO - Found excel is: https://yigm.ktb.gov.tr/Eklenti/107466,kasim-2022-sinir-bulteni-xls.xls?0
[2025-07-23T07:09:54.933+0000] {main.py:64} INFO - Found excel is: https://yigm.ktb.gov.tr/Eklenti/110726,aralik-2022-sinir-bultenixls.xls?0
[2025-07-23T07:09:54.934+0000] {main.py:64} INFO - Found excel is: https://yigm.ktb.gov.tr/Eklenti/98781,mayis-2022-sinir-bulteni13062022xls.xls?0
[2025-07-23T07:09:54.934+0000] {main.py:67} INFO - Total Excel files found: 42
[2025-07-23T07:09:54.935+0000] {main.py:158} INFO - Processing file: https://yigm.ktb.gov.tr/Eklenti/131009,ocak-2025-haber-bultenixls.xls?0
[2025-07-23T07:09:55.004+0000] {warnings.py:112} WARNING - /home/***/.local/lib/python3.12/site-packages/urllib3/connectionpool.py:1099: InsecureRequestWarning: Unverified HTTPS request is being made to host 'yigm.ktb.gov.tr'. Adding certificate verification is strongly advised. See: https://urllib3.readthedocs.io/en/latest/advanced-usage.html#tls-warnings
  warnings.warn(

[2025-07-23T07:09:55.642+0000] {main.py:165} INFO - --- File name: 131009,ocak-2025-haber-bultenixls.xls
[2025-07-23T07:09:55.645+0000] {main.py:121} ERROR - Error loading Excel: Missing optional dependency 'xlrd'. Install xlrd >= 2.0.1 for xls Excel support Use pip or conda to install xlrd.
[2025-07-23T07:09:55.646+0000] {main.py:278} WARNING - No data extracted from: https://yigm.ktb.gov.tr/Eklenti/131009,ocak-2025-haber-bultenixls.xls?0
[2025-07-23T07:09:55.646+0000] {main.py:158} INFO - Processing file: https://yigm.ktb.gov.tr/Eklenti/131772,subat-2025-haber-bultenixls.xls?0
[2025-07-23T07:09:55.709+0000] {warnings.py:112} WARNING - /home/***/.local/lib/python3.12/site-packages/urllib3/connectionpool.py:1099: InsecureRequestWarning: Unverified HTTPS request is being made to host 'yigm.ktb.gov.tr'. Adding certificate verification is strongly advised. See: https://urllib3.readthedocs.io/en/latest/advanced-usage.html#tls-warnings
  warnings.warn(

[2025-07-23T07:09:57.553+0000] {main.py:165} INFO - --- File name: 131772,subat-2025-haber-bultenixls.xls
[2025-07-23T07:09:57.555+0000] {main.py:121} ERROR - Error loading Excel: Missing optional dependency 'xlrd'. Install xlrd >= 2.0.1 for xls Excel support Use pip or conda to install xlrd.
[2025-07-23T07:09:57.556+0000] {main.py:278} WARNING - No data extracted from: https://yigm.ktb.gov.tr/Eklenti/131772,subat-2025-haber-bultenixls.xls?0
[2025-07-23T07:09:57.556+0000] {main.py:158} INFO - Processing file: https://yigm.ktb.gov.tr/Eklenti/132887,mart-2025-haber-bultenixls.xls?0
[2025-07-23T07:09:57.618+0000] {warnings.py:112} WARNING - /home/***/.local/lib/python3.12/site-packages/urllib3/connectionpool.py:1099: InsecureRequestWarning: Unverified HTTPS request is being made to host 'yigm.ktb.gov.tr'. Adding certificate verification is strongly advised. See: https://urllib3.readthedocs.io/en/latest/advanced-usage.html#tls-warnings
  warnings.warn(

[2025-07-23T07:09:58.350+0000] {main.py:165} INFO - --- File name: 132887,mart-2025-haber-bultenixls.xls
[2025-07-23T07:09:58.352+0000] {main.py:121} ERROR - Error loading Excel: Missing optional dependency 'xlrd'. Install xlrd >= 2.0.1 for xls Excel support Use pip or conda to install xlrd.
[2025-07-23T07:09:58.353+0000] {main.py:278} WARNING - No data extracted from: https://yigm.ktb.gov.tr/Eklenti/132887,mart-2025-haber-bultenixls.xls?0
[2025-07-23T07:09:58.354+0000] {main.py:158} INFO - Processing file: https://yigm.ktb.gov.tr/Eklenti/133686,nisan-2025-haber-bultenixls.xls?0
[2025-07-23T07:09:58.421+0000] {warnings.py:112} WARNING - /home/***/.local/lib/python3.12/site-packages/urllib3/connectionpool.py:1099: InsecureRequestWarning: Unverified HTTPS request is being made to host 'yigm.ktb.gov.tr'. Adding certificate verification is strongly advised. See: https://urllib3.readthedocs.io/en/latest/advanced-usage.html#tls-warnings
  warnings.warn(

[2025-07-23T07:10:02.725+0000] {main.py:165} INFO - --- File name: 133686,nisan-2025-haber-bultenixls.xls
[2025-07-23T07:10:02.729+0000] {main.py:121} ERROR - Error loading Excel: Missing optional dependency 'xlrd'. Install xlrd >= 2.0.1 for xls Excel support Use pip or conda to install xlrd.
[2025-07-23T07:10:02.730+0000] {main.py:278} WARNING - No data extracted from: https://yigm.ktb.gov.tr/Eklenti/133686,nisan-2025-haber-bultenixls.xls?0
[2025-07-23T07:10:02.731+0000] {main.py:158} INFO - Processing file: https://yigm.ktb.gov.tr/Eklenti/134714,mayis-2025-haber-bultenixls.xls?0
[2025-07-23T07:10:02.805+0000] {warnings.py:112} WARNING - /home/***/.local/lib/python3.12/site-packages/urllib3/connectionpool.py:1099: InsecureRequestWarning: Unverified HTTPS request is being made to host 'yigm.ktb.gov.tr'. Adding certificate verification is strongly advised. See: https://urllib3.readthedocs.io/en/latest/advanced-usage.html#tls-warnings
  warnings.warn(

[2025-07-23T07:10:06.950+0000] {main.py:165} INFO - --- File name: 134714,mayis-2025-haber-bultenixls.xls
[2025-07-23T07:10:06.952+0000] {main.py:121} ERROR - Error loading Excel: Missing optional dependency 'xlrd'. Install xlrd >= 2.0.1 for xls Excel support Use pip or conda to install xlrd.
[2025-07-23T07:10:06.953+0000] {main.py:278} WARNING - No data extracted from: https://yigm.ktb.gov.tr/Eklenti/134714,mayis-2025-haber-bultenixls.xls?0
[2025-07-23T07:10:06.953+0000] {main.py:158} INFO - Processing file: https://yigm.ktb.gov.tr/Eklenti/121008,ocak-2024-haber-bultenixls.xls?0
[2025-07-23T07:10:07.025+0000] {warnings.py:112} WARNING - /home/***/.local/lib/python3.12/site-packages/urllib3/connectionpool.py:1099: InsecureRequestWarning: Unverified HTTPS request is being made to host 'yigm.ktb.gov.tr'. Adding certificate verification is strongly advised. See: https://urllib3.readthedocs.io/en/latest/advanced-usage.html#tls-warnings
  warnings.warn(

[2025-07-23T07:10:08.914+0000] {main.py:165} INFO - --- File name: 121008,ocak-2024-haber-bultenixls.xls
[2025-07-23T07:10:08.917+0000] {main.py:121} ERROR - Error loading Excel: Missing optional dependency 'xlrd'. Install xlrd >= 2.0.1 for xls Excel support Use pip or conda to install xlrd.
[2025-07-23T07:10:08.918+0000] {main.py:278} WARNING - No data extracted from: https://yigm.ktb.gov.tr/Eklenti/121008,ocak-2024-haber-bultenixls.xls?0
[2025-07-23T07:10:08.918+0000] {main.py:158} INFO - Processing file: https://yigm.ktb.gov.tr/Eklenti/122576,subat-2024-haber-bultenixls.xls?0
[2025-07-23T07:10:08.981+0000] {warnings.py:112} WARNING - /home/***/.local/lib/python3.12/site-packages/urllib3/connectionpool.py:1099: InsecureRequestWarning: Unverified HTTPS request is being made to host 'yigm.ktb.gov.tr'. Adding certificate verification is strongly advised. See: https://urllib3.readthedocs.io/en/latest/advanced-usage.html#tls-warnings
  warnings.warn(

[2025-07-23T07:10:12.031+0000] {main.py:165} INFO - --- File name: 122576,subat-2024-haber-bultenixls.xls
[2025-07-23T07:10:12.034+0000] {main.py:121} ERROR - Error loading Excel: Missing optional dependency 'xlrd'. Install xlrd >= 2.0.1 for xls Excel support Use pip or conda to install xlrd.
[2025-07-23T07:10:12.035+0000] {main.py:278} WARNING - No data extracted from: https://yigm.ktb.gov.tr/Eklenti/122576,subat-2024-haber-bultenixls.xls?0
[2025-07-23T07:10:12.035+0000] {main.py:158} INFO - Processing file: https://yigm.ktb.gov.tr/Eklenti/122986,mart-2024-haber-bultenixls.xls?0
[2025-07-23T07:10:12.100+0000] {warnings.py:112} WARNING - /home/***/.local/lib/python3.12/site-packages/urllib3/connectionpool.py:1099: InsecureRequestWarning: Unverified HTTPS request is being made to host 'yigm.ktb.gov.tr'. Adding certificate verification is strongly advised. See: https://urllib3.readthedocs.io/en/latest/advanced-usage.html#tls-warnings
  warnings.warn(

[2025-07-23T07:10:16.433+0000] {main.py:165} INFO - --- File name: 122986,mart-2024-haber-bultenixls.xls
[2025-07-23T07:10:16.435+0000] {main.py:121} ERROR - Error loading Excel: Missing optional dependency 'xlrd'. Install xlrd >= 2.0.1 for xls Excel support Use pip or conda to install xlrd.
[2025-07-23T07:10:16.435+0000] {main.py:278} WARNING - No data extracted from: https://yigm.ktb.gov.tr/Eklenti/122986,mart-2024-haber-bultenixls.xls?0
[2025-07-23T07:10:16.436+0000] {main.py:158} INFO - Processing file: https://yigm.ktb.gov.tr/Eklenti/123496,nisan-2024-haber-bulteni-2xls.xls?0
[2025-07-23T07:10:16.500+0000] {warnings.py:112} WARNING - /home/***/.local/lib/python3.12/site-packages/urllib3/connectionpool.py:1099: InsecureRequestWarning: Unverified HTTPS request is being made to host 'yigm.ktb.gov.tr'. Adding certificate verification is strongly advised. See: https://urllib3.readthedocs.io/en/latest/advanced-usage.html#tls-warnings
  warnings.warn(

[2025-07-23T07:10:17.318+0000] {main.py:165} INFO - --- File name: 123496,nisan-2024-haber-bulteni-2xls.xls
[2025-07-23T07:10:17.321+0000] {main.py:121} ERROR - Error loading Excel: Missing optional dependency 'xlrd'. Install xlrd >= 2.0.1 for xls Excel support Use pip or conda to install xlrd.
[2025-07-23T07:10:17.322+0000] {main.py:278} WARNING - No data extracted from: https://yigm.ktb.gov.tr/Eklenti/123496,nisan-2024-haber-bulteni-2xls.xls?0
[2025-07-23T07:10:17.322+0000] {main.py:158} INFO - Processing file: https://yigm.ktb.gov.tr/Eklenti/124072,mayis-2024-haber-bultenixls.xls?0
[2025-07-23T07:10:17.386+0000] {warnings.py:112} WARNING - /home/***/.local/lib/python3.12/site-packages/urllib3/connectionpool.py:1099: InsecureRequestWarning: Unverified HTTPS request is being made to host 'yigm.ktb.gov.tr'. Adding certificate verification is strongly advised. See: https://urllib3.readthedocs.io/en/latest/advanced-usage.html#tls-warnings
  warnings.warn(

[2025-07-23T07:10:19.389+0000] {main.py:165} INFO - --- File name: 124072,mayis-2024-haber-bultenixls.xls
[2025-07-23T07:10:19.391+0000] {main.py:121} ERROR - Error loading Excel: Missing optional dependency 'xlrd'. Install xlrd >= 2.0.1 for xls Excel support Use pip or conda to install xlrd.
[2025-07-23T07:10:19.393+0000] {main.py:278} WARNING - No data extracted from: https://yigm.ktb.gov.tr/Eklenti/124072,mayis-2024-haber-bultenixls.xls?0
[2025-07-23T07:10:19.393+0000] {main.py:158} INFO - Processing file: https://yigm.ktb.gov.tr/Eklenti/124850,haziran-2024-sinir-bultenixls.xls?0
[2025-07-23T07:10:19.465+0000] {warnings.py:112} WARNING - /home/***/.local/lib/python3.12/site-packages/urllib3/connectionpool.py:1099: InsecureRequestWarning: Unverified HTTPS request is being made to host 'yigm.ktb.gov.tr'. Adding certificate verification is strongly advised. See: https://urllib3.readthedocs.io/en/latest/advanced-usage.html#tls-warnings
  warnings.warn(

[2025-07-23T07:10:20.205+0000] {main.py:165} INFO - --- File name: 124850,haziran-2024-sinir-bultenixls.xls
[2025-07-23T07:10:20.207+0000] {main.py:121} ERROR - Error loading Excel: Missing optional dependency 'xlrd'. Install xlrd >= 2.0.1 for xls Excel support Use pip or conda to install xlrd.
[2025-07-23T07:10:20.208+0000] {main.py:278} WARNING - No data extracted from: https://yigm.ktb.gov.tr/Eklenti/124850,haziran-2024-sinir-bultenixls.xls?0
[2025-07-23T07:10:20.208+0000] {main.py:158} INFO - Processing file: https://yigm.ktb.gov.tr/Eklenti/125265,temmuz-2024-sinir-bultenixls.xls?0
[2025-07-23T07:10:21.341+0000] {warnings.py:112} WARNING - /home/***/.local/lib/python3.12/site-packages/urllib3/connectionpool.py:1099: InsecureRequestWarning: Unverified HTTPS request is being made to host 'yigm.ktb.gov.tr'. Adding certificate verification is strongly advised. See: https://urllib3.readthedocs.io/en/latest/advanced-usage.html#tls-warnings
  warnings.warn(

[2025-07-23T07:10:22.276+0000] {main.py:165} INFO - --- File name: 125265,temmuz-2024-sinir-bultenixls.xls
[2025-07-23T07:10:22.278+0000] {main.py:121} ERROR - Error loading Excel: Missing optional dependency 'xlrd'. Install xlrd >= 2.0.1 for xls Excel support Use pip or conda to install xlrd.
[2025-07-23T07:10:22.279+0000] {main.py:278} WARNING - No data extracted from: https://yigm.ktb.gov.tr/Eklenti/125265,temmuz-2024-sinir-bultenixls.xls?0
[2025-07-23T07:10:22.280+0000] {main.py:158} INFO - Processing file: https://yigm.ktb.gov.tr/Eklenti/131243,kopya-agustos-2024-sinir-bultenixls.xls?0
[2025-07-23T07:10:22.346+0000] {warnings.py:112} WARNING - /home/***/.local/lib/python3.12/site-packages/urllib3/connectionpool.py:1099: InsecureRequestWarning: Unverified HTTPS request is being made to host 'yigm.ktb.gov.tr'. Adding certificate verification is strongly advised. See: https://urllib3.readthedocs.io/en/latest/advanced-usage.html#tls-warnings
  warnings.warn(

[2025-07-23T07:10:25.486+0000] {main.py:165} INFO - --- File name: 131243,kopya-agustos-2024-sinir-bultenixls.xls
[2025-07-23T07:10:25.487+0000] {main.py:121} ERROR - Error loading Excel: Missing optional dependency 'xlrd'. Install xlrd >= 2.0.1 for xls Excel support Use pip or conda to install xlrd.
[2025-07-23T07:10:25.488+0000] {main.py:278} WARNING - No data extracted from: https://yigm.ktb.gov.tr/Eklenti/131243,kopya-agustos-2024-sinir-bultenixls.xls?0
[2025-07-23T07:10:25.489+0000] {main.py:158} INFO - Processing file: https://yigm.ktb.gov.tr/Eklenti/131244,kopya-eylul-2024-sinir-bultenixls.xls?0
[2025-07-23T07:10:25.557+0000] {warnings.py:112} WARNING - /home/***/.local/lib/python3.12/site-packages/urllib3/connectionpool.py:1099: InsecureRequestWarning: Unverified HTTPS request is being made to host 'yigm.ktb.gov.tr'. Adding certificate verification is strongly advised. See: https://urllib3.readthedocs.io/en/latest/advanced-usage.html#tls-warnings
  warnings.warn(

[2025-07-23T07:10:27.397+0000] {main.py:165} INFO - --- File name: 131244,kopya-eylul-2024-sinir-bultenixls.xls
[2025-07-23T07:10:27.400+0000] {main.py:121} ERROR - Error loading Excel: Missing optional dependency 'xlrd'. Install xlrd >= 2.0.1 for xls Excel support Use pip or conda to install xlrd.
[2025-07-23T07:10:27.401+0000] {main.py:278} WARNING - No data extracted from: https://yigm.ktb.gov.tr/Eklenti/131244,kopya-eylul-2024-sinir-bultenixls.xls?0
[2025-07-23T07:10:27.401+0000] {main.py:158} INFO - Processing file: https://yigm.ktb.gov.tr/Eklenti/128472,ekim-2024-sinir-bultenixls.xls?0
[2025-07-23T07:10:27.469+0000] {warnings.py:112} WARNING - /home/***/.local/lib/python3.12/site-packages/urllib3/connectionpool.py:1099: InsecureRequestWarning: Unverified HTTPS request is being made to host 'yigm.ktb.gov.tr'. Adding certificate verification is strongly advised. See: https://urllib3.readthedocs.io/en/latest/advanced-usage.html#tls-warnings
  warnings.warn(

[2025-07-23T07:10:31.759+0000] {main.py:165} INFO - --- File name: 128472,ekim-2024-sinir-bultenixls.xls
[2025-07-23T07:10:31.761+0000] {main.py:121} ERROR - Error loading Excel: Missing optional dependency 'xlrd'. Install xlrd >= 2.0.1 for xls Excel support Use pip or conda to install xlrd.
[2025-07-23T07:10:31.763+0000] {main.py:278} WARNING - No data extracted from: https://yigm.ktb.gov.tr/Eklenti/128472,ekim-2024-sinir-bultenixls.xls?0
[2025-07-23T07:10:31.763+0000] {main.py:158} INFO - Processing file: https://yigm.ktb.gov.tr/Eklenti/129234,kasim-2024-sinir-bultenixls.xls?0
[2025-07-23T07:10:31.861+0000] {warnings.py:112} WARNING - /home/***/.local/lib/python3.12/site-packages/urllib3/connectionpool.py:1099: InsecureRequestWarning: Unverified HTTPS request is being made to host 'yigm.ktb.gov.tr'. Adding certificate verification is strongly advised. See: https://urllib3.readthedocs.io/en/latest/advanced-usage.html#tls-warnings
  warnings.warn(

[2025-07-23T07:10:39.517+0000] {main.py:165} INFO - --- File name: 129234,kasim-2024-sinir-bultenixls.xls
[2025-07-23T07:10:39.519+0000] {main.py:121} ERROR - Error loading Excel: Missing optional dependency 'xlrd'. Install xlrd >= 2.0.1 for xls Excel support Use pip or conda to install xlrd.
[2025-07-23T07:10:39.520+0000] {main.py:278} WARNING - No data extracted from: https://yigm.ktb.gov.tr/Eklenti/129234,kasim-2024-sinir-bultenixls.xls?0
[2025-07-23T07:10:39.520+0000] {main.py:158} INFO - Processing file: https://yigm.ktb.gov.tr/Eklenti/130611,aralik-2024-sinir-bultenixls.xls?0
[2025-07-23T07:10:39.586+0000] {warnings.py:112} WARNING - /home/***/.local/lib/python3.12/site-packages/urllib3/connectionpool.py:1099: InsecureRequestWarning: Unverified HTTPS request is being made to host 'yigm.ktb.gov.tr'. Adding certificate verification is strongly advised. See: https://urllib3.readthedocs.io/en/latest/advanced-usage.html#tls-warnings
  warnings.warn(

[2025-07-23T07:10:42.688+0000] {main.py:165} INFO - --- File name: 130611,aralik-2024-sinir-bultenixls.xls
[2025-07-23T07:10:42.690+0000] {main.py:121} ERROR - Error loading Excel: Missing optional dependency 'xlrd'. Install xlrd >= 2.0.1 for xls Excel support Use pip or conda to install xlrd.
[2025-07-23T07:10:42.691+0000] {main.py:278} WARNING - No data extracted from: https://yigm.ktb.gov.tr/Eklenti/130611,aralik-2024-sinir-bultenixls.xls?0
[2025-07-23T07:10:42.691+0000] {main.py:158} INFO - Processing file: https://yigm.ktb.gov.tr/Eklenti/111179,ocak-2023-haber-bultenixls.xls?0
[2025-07-23T07:10:42.762+0000] {warnings.py:112} WARNING - /home/***/.local/lib/python3.12/site-packages/urllib3/connectionpool.py:1099: InsecureRequestWarning: Unverified HTTPS request is being made to host 'yigm.ktb.gov.tr'. Adding certificate verification is strongly advised. See: https://urllib3.readthedocs.io/en/latest/advanced-usage.html#tls-warnings
  warnings.warn(

[2025-07-23T07:10:47.040+0000] {main.py:165} INFO - --- File name: 111179,ocak-2023-haber-bultenixls.xls
[2025-07-23T07:10:47.042+0000] {main.py:121} ERROR - Error loading Excel: Missing optional dependency 'xlrd'. Install xlrd >= 2.0.1 for xls Excel support Use pip or conda to install xlrd.
[2025-07-23T07:10:47.042+0000] {main.py:278} WARNING - No data extracted from: https://yigm.ktb.gov.tr/Eklenti/111179,ocak-2023-haber-bultenixls.xls?0
[2025-07-23T07:10:47.043+0000] {main.py:158} INFO - Processing file: https://yigm.ktb.gov.tr/Eklenti/112266,subat-2023-haber-bultenixls.xls?0
[2025-07-23T07:10:47.110+0000] {warnings.py:112} WARNING - /home/***/.local/lib/python3.12/site-packages/urllib3/connectionpool.py:1099: InsecureRequestWarning: Unverified HTTPS request is being made to host 'yigm.ktb.gov.tr'. Adding certificate verification is strongly advised. See: https://urllib3.readthedocs.io/en/latest/advanced-usage.html#tls-warnings
  warnings.warn(

[2025-07-23T07:10:47.734+0000] {main.py:165} INFO - --- File name: 112266,subat-2023-haber-bultenixls.xls
[2025-07-23T07:10:47.739+0000] {main.py:121} ERROR - Error loading Excel: Missing optional dependency 'xlrd'. Install xlrd >= 2.0.1 for xls Excel support Use pip or conda to install xlrd.
[2025-07-23T07:10:47.740+0000] {main.py:278} WARNING - No data extracted from: https://yigm.ktb.gov.tr/Eklenti/112266,subat-2023-haber-bultenixls.xls?0
[2025-07-23T07:10:47.740+0000] {main.py:158} INFO - Processing file: https://yigm.ktb.gov.tr/Eklenti/113569,mart-2023-haber-bultenixls.xls?0
[2025-07-23T07:10:47.817+0000] {warnings.py:112} WARNING - /home/***/.local/lib/python3.12/site-packages/urllib3/connectionpool.py:1099: InsecureRequestWarning: Unverified HTTPS request is being made to host 'yigm.ktb.gov.tr'. Adding certificate verification is strongly advised. See: https://urllib3.readthedocs.io/en/latest/advanced-usage.html#tls-warnings
  warnings.warn(

[2025-07-23T07:10:48.464+0000] {main.py:165} INFO - --- File name: 113569,mart-2023-haber-bultenixls.xls
[2025-07-23T07:10:48.466+0000] {main.py:121} ERROR - Error loading Excel: Missing optional dependency 'xlrd'. Install xlrd >= 2.0.1 for xls Excel support Use pip or conda to install xlrd.
[2025-07-23T07:10:48.467+0000] {main.py:278} WARNING - No data extracted from: https://yigm.ktb.gov.tr/Eklenti/113569,mart-2023-haber-bultenixls.xls?0
[2025-07-23T07:10:48.467+0000] {main.py:158} INFO - Processing file: https://yigm.ktb.gov.tr/Eklenti/114019,nisan-2023-haber-bultenixls.xls?0
[2025-07-23T07:10:48.528+0000] {warnings.py:112} WARNING - /home/***/.local/lib/python3.12/site-packages/urllib3/connectionpool.py:1099: InsecureRequestWarning: Unverified HTTPS request is being made to host 'yigm.ktb.gov.tr'. Adding certificate verification is strongly advised. See: https://urllib3.readthedocs.io/en/latest/advanced-usage.html#tls-warnings
  warnings.warn(

[2025-07-23T07:10:49.170+0000] {main.py:165} INFO - --- File name: 114019,nisan-2023-haber-bultenixls.xls
[2025-07-23T07:10:49.173+0000] {main.py:121} ERROR - Error loading Excel: Missing optional dependency 'xlrd'. Install xlrd >= 2.0.1 for xls Excel support Use pip or conda to install xlrd.
[2025-07-23T07:10:49.174+0000] {main.py:278} WARNING - No data extracted from: https://yigm.ktb.gov.tr/Eklenti/114019,nisan-2023-haber-bultenixls.xls?0
[2025-07-23T07:10:49.175+0000] {main.py:158} INFO - Processing file: https://yigm.ktb.gov.tr/Eklenti/115506,mayis-2023-haber-bultenixls.xls?0
[2025-07-23T07:10:49.270+0000] {warnings.py:112} WARNING - /home/***/.local/lib/python3.12/site-packages/urllib3/connectionpool.py:1099: InsecureRequestWarning: Unverified HTTPS request is being made to host 'yigm.ktb.gov.tr'. Adding certificate verification is strongly advised. See: https://urllib3.readthedocs.io/en/latest/advanced-usage.html#tls-warnings
  warnings.warn(

[2025-07-23T07:10:49.917+0000] {main.py:165} INFO - --- File name: 115506,mayis-2023-haber-bultenixls.xls
[2025-07-23T07:10:49.919+0000] {main.py:121} ERROR - Error loading Excel: Missing optional dependency 'xlrd'. Install xlrd >= 2.0.1 for xls Excel support Use pip or conda to install xlrd.
[2025-07-23T07:10:49.920+0000] {main.py:278} WARNING - No data extracted from: https://yigm.ktb.gov.tr/Eklenti/115506,mayis-2023-haber-bultenixls.xls?0
[2025-07-23T07:10:49.920+0000] {main.py:158} INFO - Processing file: https://yigm.ktb.gov.tr/Eklenti/117050,haziran-2023-haber-bultenixls.xls?0
[2025-07-23T07:10:50.014+0000] {warnings.py:112} WARNING - /home/***/.local/lib/python3.12/site-packages/urllib3/connectionpool.py:1099: InsecureRequestWarning: Unverified HTTPS request is being made to host 'yigm.ktb.gov.tr'. Adding certificate verification is strongly advised. See: https://urllib3.readthedocs.io/en/latest/advanced-usage.html#tls-warnings
  warnings.warn(

[2025-07-23T07:10:50.660+0000] {main.py:165} INFO - --- File name: 117050,haziran-2023-haber-bultenixls.xls
[2025-07-23T07:10:50.665+0000] {main.py:121} ERROR - Error loading Excel: Missing optional dependency 'xlrd'. Install xlrd >= 2.0.1 for xls Excel support Use pip or conda to install xlrd.
[2025-07-23T07:10:50.666+0000] {main.py:278} WARNING - No data extracted from: https://yigm.ktb.gov.tr/Eklenti/117050,haziran-2023-haber-bultenixls.xls?0
[2025-07-23T07:10:50.666+0000] {main.py:158} INFO - Processing file: https://yigm.ktb.gov.tr/Eklenti/117480,temmuz-2023-haber-bultenixls.xls?0
[2025-07-23T07:10:50.751+0000] {warnings.py:112} WARNING - /home/***/.local/lib/python3.12/site-packages/urllib3/connectionpool.py:1099: InsecureRequestWarning: Unverified HTTPS request is being made to host 'yigm.ktb.gov.tr'. Adding certificate verification is strongly advised. See: https://urllib3.readthedocs.io/en/latest/advanced-usage.html#tls-warnings
  warnings.warn(

[2025-07-23T07:10:51.372+0000] {main.py:165} INFO - --- File name: 117480,temmuz-2023-haber-bultenixls.xls
[2025-07-23T07:10:51.376+0000] {main.py:121} ERROR - Error loading Excel: Missing optional dependency 'xlrd'. Install xlrd >= 2.0.1 for xls Excel support Use pip or conda to install xlrd.
[2025-07-23T07:10:51.378+0000] {main.py:278} WARNING - No data extracted from: https://yigm.ktb.gov.tr/Eklenti/117480,temmuz-2023-haber-bultenixls.xls?0
[2025-07-23T07:10:51.378+0000] {main.py:158} INFO - Processing file: https://yigm.ktb.gov.tr/Eklenti/117843,agustos-2023-haber-bultenixls.xls?0
[2025-07-23T07:10:51.461+0000] {warnings.py:112} WARNING - /home/***/.local/lib/python3.12/site-packages/urllib3/connectionpool.py:1099: InsecureRequestWarning: Unverified HTTPS request is being made to host 'yigm.ktb.gov.tr'. Adding certificate verification is strongly advised. See: https://urllib3.readthedocs.io/en/latest/advanced-usage.html#tls-warnings
  warnings.warn(

[2025-07-23T07:10:54.537+0000] {main.py:165} INFO - --- File name: 117843,agustos-2023-haber-bultenixls.xls
[2025-07-23T07:10:54.539+0000] {main.py:121} ERROR - Error loading Excel: Missing optional dependency 'xlrd'. Install xlrd >= 2.0.1 for xls Excel support Use pip or conda to install xlrd.
[2025-07-23T07:10:54.540+0000] {main.py:278} WARNING - No data extracted from: https://yigm.ktb.gov.tr/Eklenti/117843,agustos-2023-haber-bultenixls.xls?0
[2025-07-23T07:10:54.540+0000] {main.py:158} INFO - Processing file: https://yigm.ktb.gov.tr/Eklenti/118474,eylul-2023-haber-bultenixls.xls?0
[2025-07-23T07:10:54.609+0000] {warnings.py:112} WARNING - /home/***/.local/lib/python3.12/site-packages/urllib3/connectionpool.py:1099: InsecureRequestWarning: Unverified HTTPS request is being made to host 'yigm.ktb.gov.tr'. Adding certificate verification is strongly advised. See: https://urllib3.readthedocs.io/en/latest/advanced-usage.html#tls-warnings
  warnings.warn(

[2025-07-23T07:10:58.909+0000] {main.py:165} INFO - --- File name: 118474,eylul-2023-haber-bultenixls.xls
[2025-07-23T07:10:58.913+0000] {main.py:121} ERROR - Error loading Excel: Missing optional dependency 'xlrd'. Install xlrd >= 2.0.1 for xls Excel support Use pip or conda to install xlrd.
[2025-07-23T07:10:58.915+0000] {main.py:278} WARNING - No data extracted from: https://yigm.ktb.gov.tr/Eklenti/118474,eylul-2023-haber-bultenixls.xls?0
[2025-07-23T07:10:58.916+0000] {main.py:158} INFO - Processing file: https://yigm.ktb.gov.tr/Eklenti/118965,ekim--2023-haber-bultenixls.xls?0
[2025-07-23T07:10:59.054+0000] {warnings.py:112} WARNING - /home/***/.local/lib/python3.12/site-packages/urllib3/connectionpool.py:1099: InsecureRequestWarning: Unverified HTTPS request is being made to host 'yigm.ktb.gov.tr'. Adding certificate verification is strongly advised. See: https://urllib3.readthedocs.io/en/latest/advanced-usage.html#tls-warnings
  warnings.warn(

[2025-07-23T07:10:59.691+0000] {main.py:165} INFO - --- File name: 118965,ekim--2023-haber-bultenixls.xls
[2025-07-23T07:10:59.693+0000] {main.py:121} ERROR - Error loading Excel: Missing optional dependency 'xlrd'. Install xlrd >= 2.0.1 for xls Excel support Use pip or conda to install xlrd.
[2025-07-23T07:10:59.694+0000] {main.py:278} WARNING - No data extracted from: https://yigm.ktb.gov.tr/Eklenti/118965,ekim--2023-haber-bultenixls.xls?0
[2025-07-23T07:10:59.695+0000] {main.py:158} INFO - Processing file: https://yigm.ktb.gov.tr/Eklenti/120413,2023-kasim-bultenixls.xls?0
[2025-07-23T07:10:59.758+0000] {warnings.py:112} WARNING - /home/***/.local/lib/python3.12/site-packages/urllib3/connectionpool.py:1099: InsecureRequestWarning: Unverified HTTPS request is being made to host 'yigm.ktb.gov.tr'. Adding certificate verification is strongly advised. See: https://urllib3.readthedocs.io/en/latest/advanced-usage.html#tls-warnings
  warnings.warn(

[2025-07-23T07:11:03.862+0000] {main.py:165} INFO - --- File name: 120413,2023-kasim-bultenixls.xls
[2025-07-23T07:11:03.865+0000] {main.py:121} ERROR - Error loading Excel: Missing optional dependency 'xlrd'. Install xlrd >= 2.0.1 for xls Excel support Use pip or conda to install xlrd.
[2025-07-23T07:11:03.867+0000] {main.py:278} WARNING - No data extracted from: https://yigm.ktb.gov.tr/Eklenti/120413,2023-kasim-bultenixls.xls?0
[2025-07-23T07:11:03.867+0000] {main.py:158} INFO - Processing file: https://yigm.ktb.gov.tr/Eklenti/120492,aralik-2023-haber-bultenixls.xls?0
[2025-07-23T07:11:03.944+0000] {warnings.py:112} WARNING - /home/***/.local/lib/python3.12/site-packages/urllib3/connectionpool.py:1099: InsecureRequestWarning: Unverified HTTPS request is being made to host 'yigm.ktb.gov.tr'. Adding certificate verification is strongly advised. See: https://urllib3.readthedocs.io/en/latest/advanced-usage.html#tls-warnings
  warnings.warn(

[2025-07-23T07:11:06.942+0000] {main.py:165} INFO - --- File name: 120492,aralik-2023-haber-bultenixls.xls
[2025-07-23T07:11:06.945+0000] {main.py:121} ERROR - Error loading Excel: Missing optional dependency 'xlrd'. Install xlrd >= 2.0.1 for xls Excel support Use pip or conda to install xlrd.
[2025-07-23T07:11:06.945+0000] {main.py:278} WARNING - No data extracted from: https://yigm.ktb.gov.tr/Eklenti/120492,aralik-2023-haber-bultenixls.xls?0
[2025-07-23T07:11:06.946+0000] {main.py:158} INFO - Processing file: https://yigm.ktb.gov.tr/Eklenti/93082,ocak-2022-haber-bultenixls.xls?0
[2025-07-23T07:11:07.014+0000] {warnings.py:112} WARNING - /home/***/.local/lib/python3.12/site-packages/urllib3/connectionpool.py:1099: InsecureRequestWarning: Unverified HTTPS request is being made to host 'yigm.ktb.gov.tr'. Adding certificate verification is strongly advised. See: https://urllib3.readthedocs.io/en/latest/advanced-usage.html#tls-warnings
  warnings.warn(

[2025-07-23T07:11:08.836+0000] {main.py:165} INFO - --- File name: 93082,ocak-2022-haber-bultenixls.xls
[2025-07-23T07:11:08.838+0000] {main.py:121} ERROR - Error loading Excel: Missing optional dependency 'xlrd'. Install xlrd >= 2.0.1 for xls Excel support Use pip or conda to install xlrd.
[2025-07-23T07:11:08.839+0000] {main.py:278} WARNING - No data extracted from: https://yigm.ktb.gov.tr/Eklenti/93082,ocak-2022-haber-bultenixls.xls?0
[2025-07-23T07:11:08.839+0000] {main.py:158} INFO - Processing file: https://yigm.ktb.gov.tr/Eklenti/94124,subat-2022-haber-bultenixls.xls?0
[2025-07-23T07:11:08.921+0000] {warnings.py:112} WARNING - /home/***/.local/lib/python3.12/site-packages/urllib3/connectionpool.py:1099: InsecureRequestWarning: Unverified HTTPS request is being made to host 'yigm.ktb.gov.tr'. Adding certificate verification is strongly advised. See: https://urllib3.readthedocs.io/en/latest/advanced-usage.html#tls-warnings
  warnings.warn(

[2025-07-23T07:11:11.941+0000] {main.py:165} INFO - --- File name: 94124,subat-2022-haber-bultenixls.xls
[2025-07-23T07:11:11.945+0000] {main.py:121} ERROR - Error loading Excel: Missing optional dependency 'xlrd'. Install xlrd >= 2.0.1 for xls Excel support Use pip or conda to install xlrd.
[2025-07-23T07:11:11.946+0000] {main.py:278} WARNING - No data extracted from: https://yigm.ktb.gov.tr/Eklenti/94124,subat-2022-haber-bultenixls.xls?0
[2025-07-23T07:11:11.947+0000] {main.py:158} INFO - Processing file: https://yigm.ktb.gov.tr/Eklenti/96893,mart-2022-sinir-bultenixls.xls?0
[2025-07-23T07:11:12.051+0000] {warnings.py:112} WARNING - /home/***/.local/lib/python3.12/site-packages/urllib3/connectionpool.py:1099: InsecureRequestWarning: Unverified HTTPS request is being made to host 'yigm.ktb.gov.tr'. Adding certificate verification is strongly advised. See: https://urllib3.readthedocs.io/en/latest/advanced-usage.html#tls-warnings
  warnings.warn(

[2025-07-23T07:11:13.875+0000] {main.py:165} INFO - --- File name: 96893,mart-2022-sinir-bultenixls.xls
[2025-07-23T07:11:13.878+0000] {main.py:121} ERROR - Error loading Excel: Missing optional dependency 'xlrd'. Install xlrd >= 2.0.1 for xls Excel support Use pip or conda to install xlrd.
[2025-07-23T07:11:13.878+0000] {main.py:278} WARNING - No data extracted from: https://yigm.ktb.gov.tr/Eklenti/96893,mart-2022-sinir-bultenixls.xls?0
[2025-07-23T07:11:13.879+0000] {main.py:158} INFO - Processing file: https://yigm.ktb.gov.tr/Eklenti/98231,nisan-2022-sinir-bultenixls.xls?0
[2025-07-23T07:11:13.950+0000] {warnings.py:112} WARNING - /home/***/.local/lib/python3.12/site-packages/urllib3/connectionpool.py:1099: InsecureRequestWarning: Unverified HTTPS request is being made to host 'yigm.ktb.gov.tr'. Adding certificate verification is strongly advised. See: https://urllib3.readthedocs.io/en/latest/advanced-usage.html#tls-warnings
  warnings.warn(

[2025-07-23T07:11:18.162+0000] {main.py:165} INFO - --- File name: 98231,nisan-2022-sinir-bultenixls.xls
[2025-07-23T07:11:18.164+0000] {main.py:121} ERROR - Error loading Excel: Missing optional dependency 'xlrd'. Install xlrd >= 2.0.1 for xls Excel support Use pip or conda to install xlrd.
[2025-07-23T07:11:18.165+0000] {main.py:278} WARNING - No data extracted from: https://yigm.ktb.gov.tr/Eklenti/98231,nisan-2022-sinir-bultenixls.xls?0
[2025-07-23T07:11:18.166+0000] {main.py:158} INFO - Processing file: https://yigm.ktb.gov.tr/Eklenti/99392,mayis-2022-sinir-bulteniv2xls.xls?0
[2025-07-23T07:11:18.244+0000] {warnings.py:112} WARNING - /home/***/.local/lib/python3.12/site-packages/urllib3/connectionpool.py:1099: InsecureRequestWarning: Unverified HTTPS request is being made to host 'yigm.ktb.gov.tr'. Adding certificate verification is strongly advised. See: https://urllib3.readthedocs.io/en/latest/advanced-usage.html#tls-warnings
  warnings.warn(

[2025-07-23T07:11:21.235+0000] {main.py:165} INFO - --- File name: 99392,mayis-2022-sinir-bulteniv2xls.xls
[2025-07-23T07:11:21.238+0000] {main.py:121} ERROR - Error loading Excel: Missing optional dependency 'xlrd'. Install xlrd >= 2.0.1 for xls Excel support Use pip or conda to install xlrd.
[2025-07-23T07:11:21.239+0000] {main.py:278} WARNING - No data extracted from: https://yigm.ktb.gov.tr/Eklenti/99392,mayis-2022-sinir-bulteniv2xls.xls?0
[2025-07-23T07:11:21.239+0000] {main.py:158} INFO - Processing file: https://yigm.ktb.gov.tr/Eklenti/100777,haziran-2022-sinir-bulteniv2280720222241xls.xls?0
[2025-07-23T07:11:21.310+0000] {warnings.py:112} WARNING - /home/***/.local/lib/python3.12/site-packages/urllib3/connectionpool.py:1099: InsecureRequestWarning: Unverified HTTPS request is being made to host 'yigm.ktb.gov.tr'. Adding certificate verification is strongly advised. See: https://urllib3.readthedocs.io/en/latest/advanced-usage.html#tls-warnings
  warnings.warn(

[2025-07-23T07:11:21.968+0000] {main.py:165} INFO - --- File name: 100777,haziran-2022-sinir-bulteniv2280720222241xls.xls
[2025-07-23T07:11:21.970+0000] {main.py:121} ERROR - Error loading Excel: Missing optional dependency 'xlrd'. Install xlrd >= 2.0.1 for xls Excel support Use pip or conda to install xlrd.
[2025-07-23T07:11:21.972+0000] {main.py:278} WARNING - No data extracted from: https://yigm.ktb.gov.tr/Eklenti/100777,haziran-2022-sinir-bulteniv2280720222241xls.xls?0
[2025-07-23T07:11:21.972+0000] {main.py:158} INFO - Processing file: https://yigm.ktb.gov.tr/Eklenti/111294,temmuz-2022-sinir-bultenixls.xls?0
[2025-07-23T07:11:22.047+0000] {warnings.py:112} WARNING - /home/***/.local/lib/python3.12/site-packages/urllib3/connectionpool.py:1099: InsecureRequestWarning: Unverified HTTPS request is being made to host 'yigm.ktb.gov.tr'. Adding certificate verification is strongly advised. See: https://urllib3.readthedocs.io/en/latest/advanced-usage.html#tls-warnings
  warnings.warn(

[2025-07-23T07:11:27.332+0000] {main.py:165} INFO - --- File name: 111294,temmuz-2022-sinir-bultenixls.xls
[2025-07-23T07:11:27.334+0000] {main.py:121} ERROR - Error loading Excel: Missing optional dependency 'xlrd'. Install xlrd >= 2.0.1 for xls Excel support Use pip or conda to install xlrd.
[2025-07-23T07:11:27.335+0000] {main.py:278} WARNING - No data extracted from: https://yigm.ktb.gov.tr/Eklenti/111294,temmuz-2022-sinir-bultenixls.xls?0
[2025-07-23T07:11:27.336+0000] {main.py:158} INFO - Processing file: https://yigm.ktb.gov.tr/Eklenti/111295,agustos-2022-sinir-bultenixls.xls?0
[2025-07-23T07:11:27.400+0000] {warnings.py:112} WARNING - /home/***/.local/lib/python3.12/site-packages/urllib3/connectionpool.py:1099: InsecureRequestWarning: Unverified HTTPS request is being made to host 'yigm.ktb.gov.tr'. Adding certificate verification is strongly advised. See: https://urllib3.readthedocs.io/en/latest/advanced-usage.html#tls-warnings
  warnings.warn(

[2025-07-23T07:11:30.420+0000] {main.py:165} INFO - --- File name: 111295,agustos-2022-sinir-bultenixls.xls
[2025-07-23T07:11:30.423+0000] {main.py:121} ERROR - Error loading Excel: Missing optional dependency 'xlrd'. Install xlrd >= 2.0.1 for xls Excel support Use pip or conda to install xlrd.
[2025-07-23T07:11:30.424+0000] {main.py:278} WARNING - No data extracted from: https://yigm.ktb.gov.tr/Eklenti/111295,agustos-2022-sinir-bultenixls.xls?0
[2025-07-23T07:11:30.425+0000] {main.py:158} INFO - Processing file: https://yigm.ktb.gov.tr/Eklenti/104782,eylul-2022-sinir-bultenixls.xls?0
[2025-07-23T07:11:30.490+0000] {warnings.py:112} WARNING - /home/***/.local/lib/python3.12/site-packages/urllib3/connectionpool.py:1099: InsecureRequestWarning: Unverified HTTPS request is being made to host 'yigm.ktb.gov.tr'. Adding certificate verification is strongly advised. See: https://urllib3.readthedocs.io/en/latest/advanced-usage.html#tls-warnings
  warnings.warn(

[2025-07-23T07:11:32.326+0000] {main.py:165} INFO - --- File name: 104782,eylul-2022-sinir-bultenixls.xls
[2025-07-23T07:11:32.328+0000] {main.py:121} ERROR - Error loading Excel: Missing optional dependency 'xlrd'. Install xlrd >= 2.0.1 for xls Excel support Use pip or conda to install xlrd.
[2025-07-23T07:11:32.329+0000] {main.py:278} WARNING - No data extracted from: https://yigm.ktb.gov.tr/Eklenti/104782,eylul-2022-sinir-bultenixls.xls?0
[2025-07-23T07:11:32.329+0000] {main.py:158} INFO - Processing file: https://yigm.ktb.gov.tr/Eklenti/105563,ekim-2022-sinir-bultenixls.xls?0
[2025-07-23T07:11:32.389+0000] {warnings.py:112} WARNING - /home/***/.local/lib/python3.12/site-packages/urllib3/connectionpool.py:1099: InsecureRequestWarning: Unverified HTTPS request is being made to host 'yigm.ktb.gov.tr'. Adding certificate verification is strongly advised. See: https://urllib3.readthedocs.io/en/latest/advanced-usage.html#tls-warnings
  warnings.warn(

[2025-07-23T07:11:34.262+0000] {main.py:165} INFO - --- File name: 105563,ekim-2022-sinir-bultenixls.xls
[2025-07-23T07:11:34.269+0000] {main.py:121} ERROR - Error loading Excel: Missing optional dependency 'xlrd'. Install xlrd >= 2.0.1 for xls Excel support Use pip or conda to install xlrd.
[2025-07-23T07:11:34.270+0000] {main.py:278} WARNING - No data extracted from: https://yigm.ktb.gov.tr/Eklenti/105563,ekim-2022-sinir-bultenixls.xls?0
[2025-07-23T07:11:34.270+0000] {main.py:158} INFO - Processing file: https://yigm.ktb.gov.tr/Eklenti/107466,kasim-2022-sinir-bulteni-xls.xls?0
[2025-07-23T07:11:34.336+0000] {warnings.py:112} WARNING - /home/***/.local/lib/python3.12/site-packages/urllib3/connectionpool.py:1099: InsecureRequestWarning: Unverified HTTPS request is being made to host 'yigm.ktb.gov.tr'. Adding certificate verification is strongly advised. See: https://urllib3.readthedocs.io/en/latest/advanced-usage.html#tls-warnings
  warnings.warn(

[2025-07-23T07:11:34.954+0000] {main.py:165} INFO - --- File name: 107466,kasim-2022-sinir-bulteni-xls.xls
[2025-07-23T07:11:34.957+0000] {main.py:121} ERROR - Error loading Excel: Missing optional dependency 'xlrd'. Install xlrd >= 2.0.1 for xls Excel support Use pip or conda to install xlrd.
[2025-07-23T07:11:34.959+0000] {main.py:278} WARNING - No data extracted from: https://yigm.ktb.gov.tr/Eklenti/107466,kasim-2022-sinir-bulteni-xls.xls?0
[2025-07-23T07:11:34.959+0000] {main.py:158} INFO - Processing file: https://yigm.ktb.gov.tr/Eklenti/110726,aralik-2022-sinir-bultenixls.xls?0
[2025-07-23T07:11:35.041+0000] {warnings.py:112} WARNING - /home/***/.local/lib/python3.12/site-packages/urllib3/connectionpool.py:1099: InsecureRequestWarning: Unverified HTTPS request is being made to host 'yigm.ktb.gov.tr'. Adding certificate verification is strongly advised. See: https://urllib3.readthedocs.io/en/latest/advanced-usage.html#tls-warnings
  warnings.warn(

[2025-07-23T07:11:36.867+0000] {main.py:165} INFO - --- File name: 110726,aralik-2022-sinir-bultenixls.xls
[2025-07-23T07:11:36.869+0000] {main.py:121} ERROR - Error loading Excel: Missing optional dependency 'xlrd'. Install xlrd >= 2.0.1 for xls Excel support Use pip or conda to install xlrd.
[2025-07-23T07:11:36.870+0000] {main.py:278} WARNING - No data extracted from: https://yigm.ktb.gov.tr/Eklenti/110726,aralik-2022-sinir-bultenixls.xls?0
[2025-07-23T07:11:36.870+0000] {main.py:158} INFO - Processing file: https://yigm.ktb.gov.tr/Eklenti/98781,mayis-2022-sinir-bulteni13062022xls.xls?0
[2025-07-23T07:11:36.933+0000] {warnings.py:112} WARNING - /home/***/.local/lib/python3.12/site-packages/urllib3/connectionpool.py:1099: InsecureRequestWarning: Unverified HTTPS request is being made to host 'yigm.ktb.gov.tr'. Adding certificate verification is strongly advised. See: https://urllib3.readthedocs.io/en/latest/advanced-usage.html#tls-warnings
  warnings.warn(

[2025-07-23T07:11:39.886+0000] {main.py:165} INFO - --- File name: 98781,mayis-2022-sinir-bulteni13062022xls.xls
[2025-07-23T07:11:39.889+0000] {main.py:121} ERROR - Error loading Excel: Missing optional dependency 'xlrd'. Install xlrd >= 2.0.1 for xls Excel support Use pip or conda to install xlrd.
[2025-07-23T07:11:39.890+0000] {main.py:278} WARNING - No data extracted from: https://yigm.ktb.gov.tr/Eklenti/98781,mayis-2022-sinir-bulteni13062022xls.xls?0
[2025-07-23T07:11:39.891+0000] {main.py:280} INFO - ETL process completed successfully.
[2025-07-23T07:11:39.891+0000] {python.py:240} INFO - Done. Returned value was: None
[2025-07-23T07:11:39.905+0000] {taskinstance.py:340} INFO - ::group::Post task execution logs
[2025-07-23T07:11:39.906+0000] {taskinstance.py:352} INFO - Marking task as SUCCESS. dag_id=02_03_ktb_pipe_etl_ist_sinir_kapilari_giris_yapan_vatandas, task_id=run_main_02_03_ktb, run_id=manual__2025-07-23T07:09:51.146918+00:00, execution_date=20250723T070951, start_date=20250723T070953, end_date=20250723T071139
[2025-07-23T07:11:39.954+0000] {local_task_job_runner.py:266} INFO - Task exited with return code 0
[2025-07-23T07:11:39.973+0000] {taskinstance.py:3900} INFO - 0 downstream tasks scheduled from follow-on schedule check
[2025-07-23T07:11:39.980+0000] {local_task_job_runner.py:245} INFO - ::endgroup::
